[2024-05-23T19:29:45.570+0000] {processor.py:161} INFO - Started process (PID=177) to work on /home/airflow/.local/lib/python3.12/site-packages/airflow/example_dags/example_branch_operator.py
[2024-05-23T19:29:45.576+0000] {processor.py:830} INFO - Processing file /home/airflow/.local/lib/python3.12/site-packages/airflow/example_dags/example_branch_operator.py for tasks to queue
[2024-05-23T19:29:45.581+0000] {logging_mixin.py:188} INFO - [2024-05-23T19:29:45.581+0000] {dagbag.py:545} INFO - Filling up the DagBag from /home/airflow/.local/lib/python3.12/site-packages/airflow/example_dags/example_branch_operator.py
[2024-05-23T19:29:45.699+0000] {processor.py:840} INFO - DAG(s) 'example_branch_operator' retrieved from /home/airflow/.local/lib/python3.12/site-packages/airflow/example_dags/example_branch_operator.py
[2024-05-23T19:29:46.467+0000] {logging_mixin.py:188} INFO - [2024-05-23T19:29:46.467+0000] {dag.py:3096} INFO - Sync 1 DAGs
[2024-05-23T19:29:46.520+0000] {logging_mixin.py:188} INFO - [2024-05-23T19:29:46.520+0000] {dag.py:3954} INFO - Setting next_dagrun for example_branch_operator to 2024-05-22 00:00:00+00:00, run_after=2024-05-23 00:00:00+00:00
[2024-05-23T19:29:46.559+0000] {processor.py:183} INFO - Processing /home/airflow/.local/lib/python3.12/site-packages/airflow/example_dags/example_branch_operator.py took 1.007 seconds
[2024-05-23T19:30:17.422+0000] {processor.py:161} INFO - Started process (PID=439) to work on /home/airflow/.local/lib/python3.12/site-packages/airflow/example_dags/example_branch_operator.py
[2024-05-23T19:30:17.431+0000] {processor.py:830} INFO - Processing file /home/airflow/.local/lib/python3.12/site-packages/airflow/example_dags/example_branch_operator.py for tasks to queue
[2024-05-23T19:30:17.451+0000] {logging_mixin.py:188} INFO - [2024-05-23T19:30:17.450+0000] {dagbag.py:545} INFO - Filling up the DagBag from /home/airflow/.local/lib/python3.12/site-packages/airflow/example_dags/example_branch_operator.py
[2024-05-23T19:30:17.606+0000] {processor.py:840} INFO - DAG(s) 'example_branch_operator' retrieved from /home/airflow/.local/lib/python3.12/site-packages/airflow/example_dags/example_branch_operator.py
[2024-05-23T19:30:18.109+0000] {logging_mixin.py:188} INFO - [2024-05-23T19:30:18.104+0000] {dag.py:3096} INFO - Sync 1 DAGs
[2024-05-23T19:30:18.417+0000] {logging_mixin.py:188} INFO - [2024-05-23T19:30:18.416+0000] {dag.py:3954} INFO - Setting next_dagrun for example_branch_operator to 2024-05-22 00:00:00+00:00, run_after=2024-05-23 00:00:00+00:00
[2024-05-23T19:30:18.504+0000] {processor.py:183} INFO - Processing /home/airflow/.local/lib/python3.12/site-packages/airflow/example_dags/example_branch_operator.py took 1.113 seconds
[2024-05-23T19:30:48.927+0000] {processor.py:161} INFO - Started process (PID=701) to work on /home/airflow/.local/lib/python3.12/site-packages/airflow/example_dags/example_branch_operator.py
[2024-05-23T19:30:48.930+0000] {processor.py:830} INFO - Processing file /home/airflow/.local/lib/python3.12/site-packages/airflow/example_dags/example_branch_operator.py for tasks to queue
[2024-05-23T19:30:48.936+0000] {logging_mixin.py:188} INFO - [2024-05-23T19:30:48.936+0000] {dagbag.py:545} INFO - Filling up the DagBag from /home/airflow/.local/lib/python3.12/site-packages/airflow/example_dags/example_branch_operator.py
[2024-05-23T19:30:48.978+0000] {processor.py:840} INFO - DAG(s) 'example_branch_operator' retrieved from /home/airflow/.local/lib/python3.12/site-packages/airflow/example_dags/example_branch_operator.py
[2024-05-23T19:30:49.071+0000] {logging_mixin.py:188} INFO - [2024-05-23T19:30:49.070+0000] {dag.py:3096} INFO - Sync 1 DAGs
[2024-05-23T19:30:49.120+0000] {logging_mixin.py:188} INFO - [2024-05-23T19:30:49.119+0000] {dag.py:3954} INFO - Setting next_dagrun for example_branch_operator to 2024-05-22 00:00:00+00:00, run_after=2024-05-23 00:00:00+00:00
[2024-05-23T19:30:49.151+0000] {processor.py:183} INFO - Processing /home/airflow/.local/lib/python3.12/site-packages/airflow/example_dags/example_branch_operator.py took 0.240 seconds
[2024-05-23T19:31:19.247+0000] {processor.py:161} INFO - Started process (PID=963) to work on /home/airflow/.local/lib/python3.12/site-packages/airflow/example_dags/example_branch_operator.py
[2024-05-23T19:31:19.249+0000] {processor.py:830} INFO - Processing file /home/airflow/.local/lib/python3.12/site-packages/airflow/example_dags/example_branch_operator.py for tasks to queue
[2024-05-23T19:31:19.252+0000] {logging_mixin.py:188} INFO - [2024-05-23T19:31:19.251+0000] {dagbag.py:545} INFO - Filling up the DagBag from /home/airflow/.local/lib/python3.12/site-packages/airflow/example_dags/example_branch_operator.py
[2024-05-23T19:31:19.278+0000] {processor.py:840} INFO - DAG(s) 'example_branch_operator' retrieved from /home/airflow/.local/lib/python3.12/site-packages/airflow/example_dags/example_branch_operator.py
[2024-05-23T19:31:19.326+0000] {logging_mixin.py:188} INFO - [2024-05-23T19:31:19.326+0000] {dag.py:3096} INFO - Sync 1 DAGs
[2024-05-23T19:31:19.362+0000] {logging_mixin.py:188} INFO - [2024-05-23T19:31:19.361+0000] {dag.py:3954} INFO - Setting next_dagrun for example_branch_operator to 2024-05-22 00:00:00+00:00, run_after=2024-05-23 00:00:00+00:00
[2024-05-23T19:31:19.390+0000] {processor.py:183} INFO - Processing /home/airflow/.local/lib/python3.12/site-packages/airflow/example_dags/example_branch_operator.py took 0.152 seconds
[2024-05-23T19:31:49.564+0000] {processor.py:161} INFO - Started process (PID=1225) to work on /home/airflow/.local/lib/python3.12/site-packages/airflow/example_dags/example_branch_operator.py
[2024-05-23T19:31:49.565+0000] {processor.py:830} INFO - Processing file /home/airflow/.local/lib/python3.12/site-packages/airflow/example_dags/example_branch_operator.py for tasks to queue
[2024-05-23T19:31:49.568+0000] {logging_mixin.py:188} INFO - [2024-05-23T19:31:49.568+0000] {dagbag.py:545} INFO - Filling up the DagBag from /home/airflow/.local/lib/python3.12/site-packages/airflow/example_dags/example_branch_operator.py
[2024-05-23T19:31:49.594+0000] {processor.py:840} INFO - DAG(s) 'example_branch_operator' retrieved from /home/airflow/.local/lib/python3.12/site-packages/airflow/example_dags/example_branch_operator.py
[2024-05-23T19:31:49.644+0000] {logging_mixin.py:188} INFO - [2024-05-23T19:31:49.643+0000] {dag.py:3096} INFO - Sync 1 DAGs
[2024-05-23T19:31:49.680+0000] {logging_mixin.py:188} INFO - [2024-05-23T19:31:49.680+0000] {dag.py:3954} INFO - Setting next_dagrun for example_branch_operator to 2024-05-22 00:00:00+00:00, run_after=2024-05-23 00:00:00+00:00
[2024-05-23T19:31:49.709+0000] {processor.py:183} INFO - Processing /home/airflow/.local/lib/python3.12/site-packages/airflow/example_dags/example_branch_operator.py took 0.154 seconds
[2024-05-23T19:32:20.000+0000] {processor.py:161} INFO - Started process (PID=1487) to work on /home/airflow/.local/lib/python3.12/site-packages/airflow/example_dags/example_branch_operator.py
[2024-05-23T19:32:20.002+0000] {processor.py:830} INFO - Processing file /home/airflow/.local/lib/python3.12/site-packages/airflow/example_dags/example_branch_operator.py for tasks to queue
[2024-05-23T19:32:20.005+0000] {logging_mixin.py:188} INFO - [2024-05-23T19:32:20.004+0000] {dagbag.py:545} INFO - Filling up the DagBag from /home/airflow/.local/lib/python3.12/site-packages/airflow/example_dags/example_branch_operator.py
[2024-05-23T19:32:20.032+0000] {processor.py:840} INFO - DAG(s) 'example_branch_operator' retrieved from /home/airflow/.local/lib/python3.12/site-packages/airflow/example_dags/example_branch_operator.py
[2024-05-23T19:32:20.079+0000] {logging_mixin.py:188} INFO - [2024-05-23T19:32:20.079+0000] {dag.py:3096} INFO - Sync 1 DAGs
[2024-05-23T19:32:20.116+0000] {logging_mixin.py:188} INFO - [2024-05-23T19:32:20.116+0000] {dag.py:3954} INFO - Setting next_dagrun for example_branch_operator to 2024-05-22 00:00:00+00:00, run_after=2024-05-23 00:00:00+00:00
[2024-05-23T19:32:20.146+0000] {processor.py:183} INFO - Processing /home/airflow/.local/lib/python3.12/site-packages/airflow/example_dags/example_branch_operator.py took 0.154 seconds
[2024-05-23T19:32:50.234+0000] {processor.py:161} INFO - Started process (PID=1749) to work on /home/airflow/.local/lib/python3.12/site-packages/airflow/example_dags/example_branch_operator.py
[2024-05-23T19:32:50.236+0000] {processor.py:830} INFO - Processing file /home/airflow/.local/lib/python3.12/site-packages/airflow/example_dags/example_branch_operator.py for tasks to queue
[2024-05-23T19:32:50.239+0000] {logging_mixin.py:188} INFO - [2024-05-23T19:32:50.239+0000] {dagbag.py:545} INFO - Filling up the DagBag from /home/airflow/.local/lib/python3.12/site-packages/airflow/example_dags/example_branch_operator.py
[2024-05-23T19:32:50.268+0000] {processor.py:840} INFO - DAG(s) 'example_branch_operator' retrieved from /home/airflow/.local/lib/python3.12/site-packages/airflow/example_dags/example_branch_operator.py
[2024-05-23T19:32:50.317+0000] {logging_mixin.py:188} INFO - [2024-05-23T19:32:50.317+0000] {dag.py:3096} INFO - Sync 1 DAGs
[2024-05-23T19:32:50.356+0000] {logging_mixin.py:188} INFO - [2024-05-23T19:32:50.356+0000] {dag.py:3954} INFO - Setting next_dagrun for example_branch_operator to 2024-05-22 00:00:00+00:00, run_after=2024-05-23 00:00:00+00:00
[2024-05-23T19:32:50.387+0000] {processor.py:183} INFO - Processing /home/airflow/.local/lib/python3.12/site-packages/airflow/example_dags/example_branch_operator.py took 0.163 seconds
[2024-05-23T19:33:20.760+0000] {processor.py:161} INFO - Started process (PID=2011) to work on /home/airflow/.local/lib/python3.12/site-packages/airflow/example_dags/example_branch_operator.py
[2024-05-23T19:33:20.762+0000] {processor.py:830} INFO - Processing file /home/airflow/.local/lib/python3.12/site-packages/airflow/example_dags/example_branch_operator.py for tasks to queue
[2024-05-23T19:33:20.765+0000] {logging_mixin.py:188} INFO - [2024-05-23T19:33:20.764+0000] {dagbag.py:545} INFO - Filling up the DagBag from /home/airflow/.local/lib/python3.12/site-packages/airflow/example_dags/example_branch_operator.py
[2024-05-23T19:33:20.794+0000] {processor.py:840} INFO - DAG(s) 'example_branch_operator' retrieved from /home/airflow/.local/lib/python3.12/site-packages/airflow/example_dags/example_branch_operator.py
[2024-05-23T19:33:20.847+0000] {logging_mixin.py:188} INFO - [2024-05-23T19:33:20.847+0000] {dag.py:3096} INFO - Sync 1 DAGs
[2024-05-23T19:33:20.889+0000] {logging_mixin.py:188} INFO - [2024-05-23T19:33:20.889+0000] {dag.py:3954} INFO - Setting next_dagrun for example_branch_operator to 2024-05-22 00:00:00+00:00, run_after=2024-05-23 00:00:00+00:00
[2024-05-23T19:33:20.918+0000] {processor.py:183} INFO - Processing /home/airflow/.local/lib/python3.12/site-packages/airflow/example_dags/example_branch_operator.py took 0.168 seconds
[2024-05-23T19:33:51.062+0000] {processor.py:161} INFO - Started process (PID=2273) to work on /home/airflow/.local/lib/python3.12/site-packages/airflow/example_dags/example_branch_operator.py
[2024-05-23T19:33:51.064+0000] {processor.py:830} INFO - Processing file /home/airflow/.local/lib/python3.12/site-packages/airflow/example_dags/example_branch_operator.py for tasks to queue
[2024-05-23T19:33:51.068+0000] {logging_mixin.py:188} INFO - [2024-05-23T19:33:51.068+0000] {dagbag.py:545} INFO - Filling up the DagBag from /home/airflow/.local/lib/python3.12/site-packages/airflow/example_dags/example_branch_operator.py
[2024-05-23T19:33:51.097+0000] {processor.py:840} INFO - DAG(s) 'example_branch_operator' retrieved from /home/airflow/.local/lib/python3.12/site-packages/airflow/example_dags/example_branch_operator.py
[2024-05-23T19:33:51.151+0000] {logging_mixin.py:188} INFO - [2024-05-23T19:33:51.151+0000] {dag.py:3096} INFO - Sync 1 DAGs
[2024-05-23T19:33:51.192+0000] {logging_mixin.py:188} INFO - [2024-05-23T19:33:51.192+0000] {dag.py:3954} INFO - Setting next_dagrun for example_branch_operator to 2024-05-22 00:00:00+00:00, run_after=2024-05-23 00:00:00+00:00
[2024-05-23T19:33:51.224+0000] {processor.py:183} INFO - Processing /home/airflow/.local/lib/python3.12/site-packages/airflow/example_dags/example_branch_operator.py took 0.171 seconds
[2024-05-23T19:34:21.847+0000] {processor.py:161} INFO - Started process (PID=2534) to work on /home/airflow/.local/lib/python3.12/site-packages/airflow/example_dags/example_branch_operator.py
[2024-05-23T19:34:21.850+0000] {processor.py:830} INFO - Processing file /home/airflow/.local/lib/python3.12/site-packages/airflow/example_dags/example_branch_operator.py for tasks to queue
[2024-05-23T19:34:21.854+0000] {logging_mixin.py:188} INFO - [2024-05-23T19:34:21.854+0000] {dagbag.py:545} INFO - Filling up the DagBag from /home/airflow/.local/lib/python3.12/site-packages/airflow/example_dags/example_branch_operator.py
[2024-05-23T19:34:21.898+0000] {processor.py:840} INFO - DAG(s) 'example_branch_operator' retrieved from /home/airflow/.local/lib/python3.12/site-packages/airflow/example_dags/example_branch_operator.py
[2024-05-23T19:34:21.988+0000] {logging_mixin.py:188} INFO - [2024-05-23T19:34:21.987+0000] {dag.py:3096} INFO - Sync 1 DAGs
[2024-05-23T19:34:22.055+0000] {logging_mixin.py:188} INFO - [2024-05-23T19:34:22.055+0000] {dag.py:3954} INFO - Setting next_dagrun for example_branch_operator to 2024-05-22 00:00:00+00:00, run_after=2024-05-23 00:00:00+00:00
[2024-05-23T19:34:22.092+0000] {processor.py:183} INFO - Processing /home/airflow/.local/lib/python3.12/site-packages/airflow/example_dags/example_branch_operator.py took 0.261 seconds
[2024-05-23T19:34:52.260+0000] {processor.py:161} INFO - Started process (PID=2796) to work on /home/airflow/.local/lib/python3.12/site-packages/airflow/example_dags/example_branch_operator.py
[2024-05-23T19:34:52.261+0000] {processor.py:830} INFO - Processing file /home/airflow/.local/lib/python3.12/site-packages/airflow/example_dags/example_branch_operator.py for tasks to queue
[2024-05-23T19:34:52.264+0000] {logging_mixin.py:188} INFO - [2024-05-23T19:34:52.264+0000] {dagbag.py:545} INFO - Filling up the DagBag from /home/airflow/.local/lib/python3.12/site-packages/airflow/example_dags/example_branch_operator.py
[2024-05-23T19:34:52.292+0000] {processor.py:840} INFO - DAG(s) 'example_branch_operator' retrieved from /home/airflow/.local/lib/python3.12/site-packages/airflow/example_dags/example_branch_operator.py
[2024-05-23T19:34:52.351+0000] {logging_mixin.py:188} INFO - [2024-05-23T19:34:52.351+0000] {dag.py:3096} INFO - Sync 1 DAGs
[2024-05-23T19:34:52.396+0000] {logging_mixin.py:188} INFO - [2024-05-23T19:34:52.396+0000] {dag.py:3954} INFO - Setting next_dagrun for example_branch_operator to 2024-05-22 00:00:00+00:00, run_after=2024-05-23 00:00:00+00:00
[2024-05-23T19:34:52.428+0000] {processor.py:183} INFO - Processing /home/airflow/.local/lib/python3.12/site-packages/airflow/example_dags/example_branch_operator.py took 0.178 seconds
[2024-05-23T19:35:22.968+0000] {processor.py:161} INFO - Started process (PID=3083) to work on /home/airflow/.local/lib/python3.12/site-packages/airflow/example_dags/example_branch_operator.py
[2024-05-23T19:35:22.969+0000] {processor.py:830} INFO - Processing file /home/airflow/.local/lib/python3.12/site-packages/airflow/example_dags/example_branch_operator.py for tasks to queue
[2024-05-23T19:35:22.973+0000] {logging_mixin.py:188} INFO - [2024-05-23T19:35:22.972+0000] {dagbag.py:545} INFO - Filling up the DagBag from /home/airflow/.local/lib/python3.12/site-packages/airflow/example_dags/example_branch_operator.py
[2024-05-23T19:35:23.001+0000] {processor.py:840} INFO - DAG(s) 'example_branch_operator' retrieved from /home/airflow/.local/lib/python3.12/site-packages/airflow/example_dags/example_branch_operator.py
[2024-05-23T19:35:23.049+0000] {logging_mixin.py:188} INFO - [2024-05-23T19:35:23.048+0000] {dag.py:3096} INFO - Sync 1 DAGs
[2024-05-23T19:35:23.089+0000] {logging_mixin.py:188} INFO - [2024-05-23T19:35:23.089+0000] {dag.py:3954} INFO - Setting next_dagrun for example_branch_operator to 2024-05-22 00:00:00+00:00, run_after=2024-05-23 00:00:00+00:00
[2024-05-23T19:35:23.121+0000] {processor.py:183} INFO - Processing /home/airflow/.local/lib/python3.12/site-packages/airflow/example_dags/example_branch_operator.py took 0.170 seconds
[2024-05-23T19:35:53.243+0000] {processor.py:161} INFO - Started process (PID=3345) to work on /home/airflow/.local/lib/python3.12/site-packages/airflow/example_dags/example_branch_operator.py
[2024-05-23T19:35:53.245+0000] {processor.py:830} INFO - Processing file /home/airflow/.local/lib/python3.12/site-packages/airflow/example_dags/example_branch_operator.py for tasks to queue
[2024-05-23T19:35:53.248+0000] {logging_mixin.py:188} INFO - [2024-05-23T19:35:53.247+0000] {dagbag.py:545} INFO - Filling up the DagBag from /home/airflow/.local/lib/python3.12/site-packages/airflow/example_dags/example_branch_operator.py
[2024-05-23T19:35:53.274+0000] {processor.py:840} INFO - DAG(s) 'example_branch_operator' retrieved from /home/airflow/.local/lib/python3.12/site-packages/airflow/example_dags/example_branch_operator.py
[2024-05-23T19:35:53.322+0000] {logging_mixin.py:188} INFO - [2024-05-23T19:35:53.321+0000] {dag.py:3096} INFO - Sync 1 DAGs
[2024-05-23T19:35:53.358+0000] {logging_mixin.py:188} INFO - [2024-05-23T19:35:53.358+0000] {dag.py:3954} INFO - Setting next_dagrun for example_branch_operator to 2024-05-22 00:00:00+00:00, run_after=2024-05-23 00:00:00+00:00
[2024-05-23T19:35:53.396+0000] {processor.py:183} INFO - Processing /home/airflow/.local/lib/python3.12/site-packages/airflow/example_dags/example_branch_operator.py took 0.162 seconds
[2024-05-23T19:36:23.618+0000] {processor.py:161} INFO - Started process (PID=3607) to work on /home/airflow/.local/lib/python3.12/site-packages/airflow/example_dags/example_branch_operator.py
[2024-05-23T19:36:23.619+0000] {processor.py:830} INFO - Processing file /home/airflow/.local/lib/python3.12/site-packages/airflow/example_dags/example_branch_operator.py for tasks to queue
[2024-05-23T19:36:23.622+0000] {logging_mixin.py:188} INFO - [2024-05-23T19:36:23.621+0000] {dagbag.py:545} INFO - Filling up the DagBag from /home/airflow/.local/lib/python3.12/site-packages/airflow/example_dags/example_branch_operator.py
[2024-05-23T19:36:23.645+0000] {processor.py:840} INFO - DAG(s) 'example_branch_operator' retrieved from /home/airflow/.local/lib/python3.12/site-packages/airflow/example_dags/example_branch_operator.py
[2024-05-23T19:36:23.689+0000] {logging_mixin.py:188} INFO - [2024-05-23T19:36:23.689+0000] {dag.py:3096} INFO - Sync 1 DAGs
[2024-05-23T19:36:23.725+0000] {logging_mixin.py:188} INFO - [2024-05-23T19:36:23.725+0000] {dag.py:3954} INFO - Setting next_dagrun for example_branch_operator to 2024-05-22 00:00:00+00:00, run_after=2024-05-23 00:00:00+00:00
[2024-05-23T19:36:23.755+0000] {processor.py:183} INFO - Processing /home/airflow/.local/lib/python3.12/site-packages/airflow/example_dags/example_branch_operator.py took 0.144 seconds
[2024-05-23T19:36:53.897+0000] {processor.py:161} INFO - Started process (PID=3869) to work on /home/airflow/.local/lib/python3.12/site-packages/airflow/example_dags/example_branch_operator.py
[2024-05-23T19:36:53.899+0000] {processor.py:830} INFO - Processing file /home/airflow/.local/lib/python3.12/site-packages/airflow/example_dags/example_branch_operator.py for tasks to queue
[2024-05-23T19:36:53.902+0000] {logging_mixin.py:188} INFO - [2024-05-23T19:36:53.901+0000] {dagbag.py:545} INFO - Filling up the DagBag from /home/airflow/.local/lib/python3.12/site-packages/airflow/example_dags/example_branch_operator.py
[2024-05-23T19:36:53.931+0000] {processor.py:840} INFO - DAG(s) 'example_branch_operator' retrieved from /home/airflow/.local/lib/python3.12/site-packages/airflow/example_dags/example_branch_operator.py
[2024-05-23T19:36:53.979+0000] {logging_mixin.py:188} INFO - [2024-05-23T19:36:53.979+0000] {dag.py:3096} INFO - Sync 1 DAGs
[2024-05-23T19:36:54.015+0000] {logging_mixin.py:188} INFO - [2024-05-23T19:36:54.014+0000] {dag.py:3954} INFO - Setting next_dagrun for example_branch_operator to 2024-05-22 00:00:00+00:00, run_after=2024-05-23 00:00:00+00:00
[2024-05-23T19:36:54.044+0000] {processor.py:183} INFO - Processing /home/airflow/.local/lib/python3.12/site-packages/airflow/example_dags/example_branch_operator.py took 0.157 seconds
[2024-05-23T19:37:24.197+0000] {processor.py:161} INFO - Started process (PID=4131) to work on /home/airflow/.local/lib/python3.12/site-packages/airflow/example_dags/example_branch_operator.py
[2024-05-23T19:37:24.198+0000] {processor.py:830} INFO - Processing file /home/airflow/.local/lib/python3.12/site-packages/airflow/example_dags/example_branch_operator.py for tasks to queue
[2024-05-23T19:37:24.201+0000] {logging_mixin.py:188} INFO - [2024-05-23T19:37:24.201+0000] {dagbag.py:545} INFO - Filling up the DagBag from /home/airflow/.local/lib/python3.12/site-packages/airflow/example_dags/example_branch_operator.py
[2024-05-23T19:37:24.227+0000] {processor.py:840} INFO - DAG(s) 'example_branch_operator' retrieved from /home/airflow/.local/lib/python3.12/site-packages/airflow/example_dags/example_branch_operator.py
[2024-05-23T19:37:24.276+0000] {logging_mixin.py:188} INFO - [2024-05-23T19:37:24.275+0000] {dag.py:3096} INFO - Sync 1 DAGs
[2024-05-23T19:37:24.313+0000] {logging_mixin.py:188} INFO - [2024-05-23T19:37:24.313+0000] {dag.py:3954} INFO - Setting next_dagrun for example_branch_operator to 2024-05-22 00:00:00+00:00, run_after=2024-05-23 00:00:00+00:00
[2024-05-23T19:37:24.341+0000] {processor.py:183} INFO - Processing /home/airflow/.local/lib/python3.12/site-packages/airflow/example_dags/example_branch_operator.py took 0.154 seconds
[2024-05-23T19:37:54.537+0000] {processor.py:161} INFO - Started process (PID=4393) to work on /home/airflow/.local/lib/python3.12/site-packages/airflow/example_dags/example_branch_operator.py
[2024-05-23T19:37:54.539+0000] {processor.py:830} INFO - Processing file /home/airflow/.local/lib/python3.12/site-packages/airflow/example_dags/example_branch_operator.py for tasks to queue
[2024-05-23T19:37:54.542+0000] {logging_mixin.py:188} INFO - [2024-05-23T19:37:54.541+0000] {dagbag.py:545} INFO - Filling up the DagBag from /home/airflow/.local/lib/python3.12/site-packages/airflow/example_dags/example_branch_operator.py
[2024-05-23T19:37:54.569+0000] {processor.py:840} INFO - DAG(s) 'example_branch_operator' retrieved from /home/airflow/.local/lib/python3.12/site-packages/airflow/example_dags/example_branch_operator.py
[2024-05-23T19:37:54.616+0000] {logging_mixin.py:188} INFO - [2024-05-23T19:37:54.616+0000] {dag.py:3096} INFO - Sync 1 DAGs
[2024-05-23T19:37:54.651+0000] {logging_mixin.py:188} INFO - [2024-05-23T19:37:54.650+0000] {dag.py:3954} INFO - Setting next_dagrun for example_branch_operator to 2024-05-22 00:00:00+00:00, run_after=2024-05-23 00:00:00+00:00
[2024-05-23T19:37:54.679+0000] {processor.py:183} INFO - Processing /home/airflow/.local/lib/python3.12/site-packages/airflow/example_dags/example_branch_operator.py took 0.152 seconds
[2024-05-23T19:38:24.829+0000] {processor.py:161} INFO - Started process (PID=4655) to work on /home/airflow/.local/lib/python3.12/site-packages/airflow/example_dags/example_branch_operator.py
[2024-05-23T19:38:24.830+0000] {processor.py:830} INFO - Processing file /home/airflow/.local/lib/python3.12/site-packages/airflow/example_dags/example_branch_operator.py for tasks to queue
[2024-05-23T19:38:24.834+0000] {logging_mixin.py:188} INFO - [2024-05-23T19:38:24.833+0000] {dagbag.py:545} INFO - Filling up the DagBag from /home/airflow/.local/lib/python3.12/site-packages/airflow/example_dags/example_branch_operator.py
[2024-05-23T19:38:24.862+0000] {processor.py:840} INFO - DAG(s) 'example_branch_operator' retrieved from /home/airflow/.local/lib/python3.12/site-packages/airflow/example_dags/example_branch_operator.py
[2024-05-23T19:38:24.910+0000] {logging_mixin.py:188} INFO - [2024-05-23T19:38:24.910+0000] {dag.py:3096} INFO - Sync 1 DAGs
[2024-05-23T19:38:24.946+0000] {logging_mixin.py:188} INFO - [2024-05-23T19:38:24.946+0000] {dag.py:3954} INFO - Setting next_dagrun for example_branch_operator to 2024-05-22 00:00:00+00:00, run_after=2024-05-23 00:00:00+00:00
[2024-05-23T19:38:24.978+0000] {processor.py:183} INFO - Processing /home/airflow/.local/lib/python3.12/site-packages/airflow/example_dags/example_branch_operator.py took 0.159 seconds
[2024-05-23T19:38:55.369+0000] {processor.py:161} INFO - Started process (PID=4917) to work on /home/airflow/.local/lib/python3.12/site-packages/airflow/example_dags/example_branch_operator.py
[2024-05-23T19:38:55.371+0000] {processor.py:830} INFO - Processing file /home/airflow/.local/lib/python3.12/site-packages/airflow/example_dags/example_branch_operator.py for tasks to queue
[2024-05-23T19:38:55.374+0000] {logging_mixin.py:188} INFO - [2024-05-23T19:38:55.374+0000] {dagbag.py:545} INFO - Filling up the DagBag from /home/airflow/.local/lib/python3.12/site-packages/airflow/example_dags/example_branch_operator.py
[2024-05-23T19:38:55.400+0000] {processor.py:840} INFO - DAG(s) 'example_branch_operator' retrieved from /home/airflow/.local/lib/python3.12/site-packages/airflow/example_dags/example_branch_operator.py
[2024-05-23T19:38:55.445+0000] {logging_mixin.py:188} INFO - [2024-05-23T19:38:55.445+0000] {dag.py:3096} INFO - Sync 1 DAGs
[2024-05-23T19:38:55.482+0000] {logging_mixin.py:188} INFO - [2024-05-23T19:38:55.482+0000] {dag.py:3954} INFO - Setting next_dagrun for example_branch_operator to 2024-05-22 00:00:00+00:00, run_after=2024-05-23 00:00:00+00:00
[2024-05-23T19:38:55.512+0000] {processor.py:183} INFO - Processing /home/airflow/.local/lib/python3.12/site-packages/airflow/example_dags/example_branch_operator.py took 0.151 seconds
[2024-05-23T19:39:26.052+0000] {processor.py:161} INFO - Started process (PID=5179) to work on /home/airflow/.local/lib/python3.12/site-packages/airflow/example_dags/example_branch_operator.py
[2024-05-23T19:39:26.054+0000] {processor.py:830} INFO - Processing file /home/airflow/.local/lib/python3.12/site-packages/airflow/example_dags/example_branch_operator.py for tasks to queue
[2024-05-23T19:39:26.058+0000] {logging_mixin.py:188} INFO - [2024-05-23T19:39:26.057+0000] {dagbag.py:545} INFO - Filling up the DagBag from /home/airflow/.local/lib/python3.12/site-packages/airflow/example_dags/example_branch_operator.py
[2024-05-23T19:39:26.084+0000] {processor.py:840} INFO - DAG(s) 'example_branch_operator' retrieved from /home/airflow/.local/lib/python3.12/site-packages/airflow/example_dags/example_branch_operator.py
[2024-05-23T19:39:26.130+0000] {logging_mixin.py:188} INFO - [2024-05-23T19:39:26.129+0000] {dag.py:3096} INFO - Sync 1 DAGs
[2024-05-23T19:39:26.166+0000] {logging_mixin.py:188} INFO - [2024-05-23T19:39:26.166+0000] {dag.py:3954} INFO - Setting next_dagrun for example_branch_operator to 2024-05-22 00:00:00+00:00, run_after=2024-05-23 00:00:00+00:00
[2024-05-23T19:39:26.194+0000] {processor.py:183} INFO - Processing /home/airflow/.local/lib/python3.12/site-packages/airflow/example_dags/example_branch_operator.py took 0.151 seconds
[2024-05-23T19:39:56.581+0000] {processor.py:161} INFO - Started process (PID=5441) to work on /home/airflow/.local/lib/python3.12/site-packages/airflow/example_dags/example_branch_operator.py
[2024-05-23T19:39:56.583+0000] {processor.py:830} INFO - Processing file /home/airflow/.local/lib/python3.12/site-packages/airflow/example_dags/example_branch_operator.py for tasks to queue
[2024-05-23T19:39:56.586+0000] {logging_mixin.py:188} INFO - [2024-05-23T19:39:56.585+0000] {dagbag.py:545} INFO - Filling up the DagBag from /home/airflow/.local/lib/python3.12/site-packages/airflow/example_dags/example_branch_operator.py
[2024-05-23T19:39:56.613+0000] {processor.py:840} INFO - DAG(s) 'example_branch_operator' retrieved from /home/airflow/.local/lib/python3.12/site-packages/airflow/example_dags/example_branch_operator.py
[2024-05-23T19:39:56.665+0000] {logging_mixin.py:188} INFO - [2024-05-23T19:39:56.664+0000] {dag.py:3096} INFO - Sync 1 DAGs
[2024-05-23T19:39:56.701+0000] {logging_mixin.py:188} INFO - [2024-05-23T19:39:56.700+0000] {dag.py:3954} INFO - Setting next_dagrun for example_branch_operator to 2024-05-22 00:00:00+00:00, run_after=2024-05-23 00:00:00+00:00
[2024-05-23T19:39:56.729+0000] {processor.py:183} INFO - Processing /home/airflow/.local/lib/python3.12/site-packages/airflow/example_dags/example_branch_operator.py took 0.157 seconds
[2024-05-23T19:40:27.197+0000] {processor.py:161} INFO - Started process (PID=5703) to work on /home/airflow/.local/lib/python3.12/site-packages/airflow/example_dags/example_branch_operator.py
[2024-05-23T19:40:27.199+0000] {processor.py:830} INFO - Processing file /home/airflow/.local/lib/python3.12/site-packages/airflow/example_dags/example_branch_operator.py for tasks to queue
[2024-05-23T19:40:27.202+0000] {logging_mixin.py:188} INFO - [2024-05-23T19:40:27.201+0000] {dagbag.py:545} INFO - Filling up the DagBag from /home/airflow/.local/lib/python3.12/site-packages/airflow/example_dags/example_branch_operator.py
[2024-05-23T19:40:27.225+0000] {processor.py:840} INFO - DAG(s) 'example_branch_operator' retrieved from /home/airflow/.local/lib/python3.12/site-packages/airflow/example_dags/example_branch_operator.py
[2024-05-23T19:40:27.266+0000] {logging_mixin.py:188} INFO - [2024-05-23T19:40:27.266+0000] {dag.py:3096} INFO - Sync 1 DAGs
[2024-05-23T19:40:27.300+0000] {logging_mixin.py:188} INFO - [2024-05-23T19:40:27.300+0000] {dag.py:3954} INFO - Setting next_dagrun for example_branch_operator to 2024-05-22 00:00:00+00:00, run_after=2024-05-23 00:00:00+00:00
[2024-05-23T19:40:27.326+0000] {processor.py:183} INFO - Processing /home/airflow/.local/lib/python3.12/site-packages/airflow/example_dags/example_branch_operator.py took 0.136 seconds
[2024-05-23T19:40:57.473+0000] {processor.py:161} INFO - Started process (PID=5965) to work on /home/airflow/.local/lib/python3.12/site-packages/airflow/example_dags/example_branch_operator.py
[2024-05-23T19:40:57.474+0000] {processor.py:830} INFO - Processing file /home/airflow/.local/lib/python3.12/site-packages/airflow/example_dags/example_branch_operator.py for tasks to queue
[2024-05-23T19:40:57.479+0000] {logging_mixin.py:188} INFO - [2024-05-23T19:40:57.478+0000] {dagbag.py:545} INFO - Filling up the DagBag from /home/airflow/.local/lib/python3.12/site-packages/airflow/example_dags/example_branch_operator.py
[2024-05-23T19:40:57.506+0000] {processor.py:840} INFO - DAG(s) 'example_branch_operator' retrieved from /home/airflow/.local/lib/python3.12/site-packages/airflow/example_dags/example_branch_operator.py
[2024-05-23T19:40:57.550+0000] {logging_mixin.py:188} INFO - [2024-05-23T19:40:57.550+0000] {dag.py:3096} INFO - Sync 1 DAGs
[2024-05-23T19:40:57.589+0000] {logging_mixin.py:188} INFO - [2024-05-23T19:40:57.589+0000] {dag.py:3954} INFO - Setting next_dagrun for example_branch_operator to 2024-05-22 00:00:00+00:00, run_after=2024-05-23 00:00:00+00:00
[2024-05-23T19:40:57.617+0000] {processor.py:183} INFO - Processing /home/airflow/.local/lib/python3.12/site-packages/airflow/example_dags/example_branch_operator.py took 0.154 seconds
[2024-05-23T19:41:28.120+0000] {processor.py:161} INFO - Started process (PID=6227) to work on /home/airflow/.local/lib/python3.12/site-packages/airflow/example_dags/example_branch_operator.py
[2024-05-23T19:41:28.122+0000] {processor.py:830} INFO - Processing file /home/airflow/.local/lib/python3.12/site-packages/airflow/example_dags/example_branch_operator.py for tasks to queue
[2024-05-23T19:41:28.125+0000] {logging_mixin.py:188} INFO - [2024-05-23T19:41:28.124+0000] {dagbag.py:545} INFO - Filling up the DagBag from /home/airflow/.local/lib/python3.12/site-packages/airflow/example_dags/example_branch_operator.py
[2024-05-23T19:41:28.152+0000] {processor.py:840} INFO - DAG(s) 'example_branch_operator' retrieved from /home/airflow/.local/lib/python3.12/site-packages/airflow/example_dags/example_branch_operator.py
[2024-05-23T19:41:28.206+0000] {logging_mixin.py:188} INFO - [2024-05-23T19:41:28.205+0000] {dag.py:3096} INFO - Sync 1 DAGs
[2024-05-23T19:41:28.249+0000] {logging_mixin.py:188} INFO - [2024-05-23T19:41:28.249+0000] {dag.py:3954} INFO - Setting next_dagrun for example_branch_operator to 2024-05-22 00:00:00+00:00, run_after=2024-05-23 00:00:00+00:00
[2024-05-23T19:41:28.279+0000] {processor.py:183} INFO - Processing /home/airflow/.local/lib/python3.12/site-packages/airflow/example_dags/example_branch_operator.py took 0.169 seconds
[2024-05-23T19:41:58.398+0000] {processor.py:161} INFO - Started process (PID=6490) to work on /home/airflow/.local/lib/python3.12/site-packages/airflow/example_dags/example_branch_operator.py
[2024-05-23T19:41:58.400+0000] {processor.py:830} INFO - Processing file /home/airflow/.local/lib/python3.12/site-packages/airflow/example_dags/example_branch_operator.py for tasks to queue
[2024-05-23T19:41:58.403+0000] {logging_mixin.py:188} INFO - [2024-05-23T19:41:58.402+0000] {dagbag.py:545} INFO - Filling up the DagBag from /home/airflow/.local/lib/python3.12/site-packages/airflow/example_dags/example_branch_operator.py
[2024-05-23T19:41:58.429+0000] {processor.py:840} INFO - DAG(s) 'example_branch_operator' retrieved from /home/airflow/.local/lib/python3.12/site-packages/airflow/example_dags/example_branch_operator.py
[2024-05-23T19:41:58.479+0000] {logging_mixin.py:188} INFO - [2024-05-23T19:41:58.479+0000] {dag.py:3096} INFO - Sync 1 DAGs
[2024-05-23T19:41:58.517+0000] {logging_mixin.py:188} INFO - [2024-05-23T19:41:58.517+0000] {dag.py:3954} INFO - Setting next_dagrun for example_branch_operator to 2024-05-22 00:00:00+00:00, run_after=2024-05-23 00:00:00+00:00
[2024-05-23T19:41:58.556+0000] {processor.py:183} INFO - Processing /home/airflow/.local/lib/python3.12/site-packages/airflow/example_dags/example_branch_operator.py took 0.167 seconds
[2024-05-23T19:42:28.882+0000] {processor.py:161} INFO - Started process (PID=6750) to work on /home/airflow/.local/lib/python3.12/site-packages/airflow/example_dags/example_branch_operator.py
[2024-05-23T19:42:28.883+0000] {processor.py:830} INFO - Processing file /home/airflow/.local/lib/python3.12/site-packages/airflow/example_dags/example_branch_operator.py for tasks to queue
[2024-05-23T19:42:28.886+0000] {logging_mixin.py:188} INFO - [2024-05-23T19:42:28.886+0000] {dagbag.py:545} INFO - Filling up the DagBag from /home/airflow/.local/lib/python3.12/site-packages/airflow/example_dags/example_branch_operator.py
[2024-05-23T19:42:28.910+0000] {processor.py:840} INFO - DAG(s) 'example_branch_operator' retrieved from /home/airflow/.local/lib/python3.12/site-packages/airflow/example_dags/example_branch_operator.py
[2024-05-23T19:42:28.952+0000] {logging_mixin.py:188} INFO - [2024-05-23T19:42:28.952+0000] {dag.py:3096} INFO - Sync 1 DAGs
[2024-05-23T19:42:28.986+0000] {logging_mixin.py:188} INFO - [2024-05-23T19:42:28.985+0000] {dag.py:3954} INFO - Setting next_dagrun for example_branch_operator to 2024-05-22 00:00:00+00:00, run_after=2024-05-23 00:00:00+00:00
[2024-05-23T19:42:29.010+0000] {processor.py:183} INFO - Processing /home/airflow/.local/lib/python3.12/site-packages/airflow/example_dags/example_branch_operator.py took 0.137 seconds
[2024-05-23T19:42:59.183+0000] {processor.py:161} INFO - Started process (PID=7012) to work on /home/airflow/.local/lib/python3.12/site-packages/airflow/example_dags/example_branch_operator.py
[2024-05-23T19:42:59.184+0000] {processor.py:830} INFO - Processing file /home/airflow/.local/lib/python3.12/site-packages/airflow/example_dags/example_branch_operator.py for tasks to queue
[2024-05-23T19:42:59.187+0000] {logging_mixin.py:188} INFO - [2024-05-23T19:42:59.187+0000] {dagbag.py:545} INFO - Filling up the DagBag from /home/airflow/.local/lib/python3.12/site-packages/airflow/example_dags/example_branch_operator.py
[2024-05-23T19:42:59.215+0000] {processor.py:840} INFO - DAG(s) 'example_branch_operator' retrieved from /home/airflow/.local/lib/python3.12/site-packages/airflow/example_dags/example_branch_operator.py
[2024-05-23T19:42:59.266+0000] {logging_mixin.py:188} INFO - [2024-05-23T19:42:59.266+0000] {dag.py:3096} INFO - Sync 1 DAGs
[2024-05-23T19:42:59.301+0000] {logging_mixin.py:188} INFO - [2024-05-23T19:42:59.301+0000] {dag.py:3954} INFO - Setting next_dagrun for example_branch_operator to 2024-05-22 00:00:00+00:00, run_after=2024-05-23 00:00:00+00:00
[2024-05-23T19:42:59.329+0000] {processor.py:183} INFO - Processing /home/airflow/.local/lib/python3.12/site-packages/airflow/example_dags/example_branch_operator.py took 0.170 seconds
[2024-05-23T19:43:29.883+0000] {processor.py:161} INFO - Started process (PID=7268) to work on /home/airflow/.local/lib/python3.12/site-packages/airflow/example_dags/example_branch_operator.py
[2024-05-23T19:43:29.884+0000] {processor.py:830} INFO - Processing file /home/airflow/.local/lib/python3.12/site-packages/airflow/example_dags/example_branch_operator.py for tasks to queue
[2024-05-23T19:43:29.887+0000] {logging_mixin.py:188} INFO - [2024-05-23T19:43:29.887+0000] {dagbag.py:545} INFO - Filling up the DagBag from /home/airflow/.local/lib/python3.12/site-packages/airflow/example_dags/example_branch_operator.py
[2024-05-23T19:43:29.913+0000] {processor.py:840} INFO - DAG(s) 'example_branch_operator' retrieved from /home/airflow/.local/lib/python3.12/site-packages/airflow/example_dags/example_branch_operator.py
[2024-05-23T19:43:29.961+0000] {logging_mixin.py:188} INFO - [2024-05-23T19:43:29.960+0000] {dag.py:3096} INFO - Sync 1 DAGs
[2024-05-23T19:43:29.998+0000] {logging_mixin.py:188} INFO - [2024-05-23T19:43:29.998+0000] {dag.py:3954} INFO - Setting next_dagrun for example_branch_operator to 2024-05-22 00:00:00+00:00, run_after=2024-05-23 00:00:00+00:00
[2024-05-23T19:43:30.030+0000] {processor.py:183} INFO - Processing /home/airflow/.local/lib/python3.12/site-packages/airflow/example_dags/example_branch_operator.py took 0.156 seconds
[2024-05-23T19:44:00.501+0000] {processor.py:161} INFO - Started process (PID=7530) to work on /home/airflow/.local/lib/python3.12/site-packages/airflow/example_dags/example_branch_operator.py
[2024-05-23T19:44:00.502+0000] {processor.py:830} INFO - Processing file /home/airflow/.local/lib/python3.12/site-packages/airflow/example_dags/example_branch_operator.py for tasks to queue
[2024-05-23T19:44:00.505+0000] {logging_mixin.py:188} INFO - [2024-05-23T19:44:00.504+0000] {dagbag.py:545} INFO - Filling up the DagBag from /home/airflow/.local/lib/python3.12/site-packages/airflow/example_dags/example_branch_operator.py
[2024-05-23T19:44:00.529+0000] {processor.py:840} INFO - DAG(s) 'example_branch_operator' retrieved from /home/airflow/.local/lib/python3.12/site-packages/airflow/example_dags/example_branch_operator.py
[2024-05-23T19:44:00.578+0000] {logging_mixin.py:188} INFO - [2024-05-23T19:44:00.578+0000] {dag.py:3096} INFO - Sync 1 DAGs
[2024-05-23T19:44:00.614+0000] {logging_mixin.py:188} INFO - [2024-05-23T19:44:00.613+0000] {dag.py:3954} INFO - Setting next_dagrun for example_branch_operator to 2024-05-22 00:00:00+00:00, run_after=2024-05-23 00:00:00+00:00
[2024-05-23T19:44:00.643+0000] {processor.py:183} INFO - Processing /home/airflow/.local/lib/python3.12/site-packages/airflow/example_dags/example_branch_operator.py took 0.151 seconds
[2024-05-23T19:44:30.904+0000] {processor.py:161} INFO - Started process (PID=7792) to work on /home/airflow/.local/lib/python3.12/site-packages/airflow/example_dags/example_branch_operator.py
[2024-05-23T19:44:30.906+0000] {processor.py:830} INFO - Processing file /home/airflow/.local/lib/python3.12/site-packages/airflow/example_dags/example_branch_operator.py for tasks to queue
[2024-05-23T19:44:30.909+0000] {logging_mixin.py:188} INFO - [2024-05-23T19:44:30.908+0000] {dagbag.py:545} INFO - Filling up the DagBag from /home/airflow/.local/lib/python3.12/site-packages/airflow/example_dags/example_branch_operator.py
[2024-05-23T19:44:30.934+0000] {processor.py:840} INFO - DAG(s) 'example_branch_operator' retrieved from /home/airflow/.local/lib/python3.12/site-packages/airflow/example_dags/example_branch_operator.py
[2024-05-23T19:44:30.979+0000] {logging_mixin.py:188} INFO - [2024-05-23T19:44:30.979+0000] {dag.py:3096} INFO - Sync 1 DAGs
[2024-05-23T19:44:31.014+0000] {logging_mixin.py:188} INFO - [2024-05-23T19:44:31.013+0000] {dag.py:3954} INFO - Setting next_dagrun for example_branch_operator to 2024-05-22 00:00:00+00:00, run_after=2024-05-23 00:00:00+00:00
[2024-05-23T19:44:31.043+0000] {processor.py:183} INFO - Processing /home/airflow/.local/lib/python3.12/site-packages/airflow/example_dags/example_branch_operator.py took 0.147 seconds
[2024-05-23T19:45:01.392+0000] {processor.py:161} INFO - Started process (PID=8054) to work on /home/airflow/.local/lib/python3.12/site-packages/airflow/example_dags/example_branch_operator.py
[2024-05-23T19:45:01.394+0000] {processor.py:830} INFO - Processing file /home/airflow/.local/lib/python3.12/site-packages/airflow/example_dags/example_branch_operator.py for tasks to queue
[2024-05-23T19:45:01.397+0000] {logging_mixin.py:188} INFO - [2024-05-23T19:45:01.396+0000] {dagbag.py:545} INFO - Filling up the DagBag from /home/airflow/.local/lib/python3.12/site-packages/airflow/example_dags/example_branch_operator.py
[2024-05-23T19:45:01.422+0000] {processor.py:840} INFO - DAG(s) 'example_branch_operator' retrieved from /home/airflow/.local/lib/python3.12/site-packages/airflow/example_dags/example_branch_operator.py
[2024-05-23T19:45:01.462+0000] {logging_mixin.py:188} INFO - [2024-05-23T19:45:01.462+0000] {dag.py:3096} INFO - Sync 1 DAGs
[2024-05-23T19:45:01.495+0000] {logging_mixin.py:188} INFO - [2024-05-23T19:45:01.495+0000] {dag.py:3954} INFO - Setting next_dagrun for example_branch_operator to 2024-05-22 00:00:00+00:00, run_after=2024-05-23 00:00:00+00:00
[2024-05-23T19:45:01.520+0000] {processor.py:183} INFO - Processing /home/airflow/.local/lib/python3.12/site-packages/airflow/example_dags/example_branch_operator.py took 0.136 seconds
[2024-05-23T19:45:31.909+0000] {processor.py:161} INFO - Started process (PID=8316) to work on /home/airflow/.local/lib/python3.12/site-packages/airflow/example_dags/example_branch_operator.py
[2024-05-23T19:45:31.910+0000] {processor.py:830} INFO - Processing file /home/airflow/.local/lib/python3.12/site-packages/airflow/example_dags/example_branch_operator.py for tasks to queue
[2024-05-23T19:45:31.913+0000] {logging_mixin.py:188} INFO - [2024-05-23T19:45:31.913+0000] {dagbag.py:545} INFO - Filling up the DagBag from /home/airflow/.local/lib/python3.12/site-packages/airflow/example_dags/example_branch_operator.py
[2024-05-23T19:45:31.938+0000] {processor.py:840} INFO - DAG(s) 'example_branch_operator' retrieved from /home/airflow/.local/lib/python3.12/site-packages/airflow/example_dags/example_branch_operator.py
[2024-05-23T19:45:31.977+0000] {logging_mixin.py:188} INFO - [2024-05-23T19:45:31.976+0000] {dag.py:3096} INFO - Sync 1 DAGs
[2024-05-23T19:45:32.007+0000] {logging_mixin.py:188} INFO - [2024-05-23T19:45:32.007+0000] {dag.py:3954} INFO - Setting next_dagrun for example_branch_operator to 2024-05-22 00:00:00+00:00, run_after=2024-05-23 00:00:00+00:00
[2024-05-23T19:45:32.031+0000] {processor.py:183} INFO - Processing /home/airflow/.local/lib/python3.12/site-packages/airflow/example_dags/example_branch_operator.py took 0.131 seconds
[2024-05-23T19:46:02.129+0000] {processor.py:161} INFO - Started process (PID=8580) to work on /home/airflow/.local/lib/python3.12/site-packages/airflow/example_dags/example_branch_operator.py
[2024-05-23T19:46:02.130+0000] {processor.py:830} INFO - Processing file /home/airflow/.local/lib/python3.12/site-packages/airflow/example_dags/example_branch_operator.py for tasks to queue
[2024-05-23T19:46:02.132+0000] {logging_mixin.py:188} INFO - [2024-05-23T19:46:02.132+0000] {dagbag.py:545} INFO - Filling up the DagBag from /home/airflow/.local/lib/python3.12/site-packages/airflow/example_dags/example_branch_operator.py
[2024-05-23T19:46:02.155+0000] {processor.py:840} INFO - DAG(s) 'example_branch_operator' retrieved from /home/airflow/.local/lib/python3.12/site-packages/airflow/example_dags/example_branch_operator.py
[2024-05-23T19:46:02.193+0000] {logging_mixin.py:188} INFO - [2024-05-23T19:46:02.193+0000] {dag.py:3096} INFO - Sync 1 DAGs
[2024-05-23T19:46:02.222+0000] {logging_mixin.py:188} INFO - [2024-05-23T19:46:02.221+0000] {dag.py:3954} INFO - Setting next_dagrun for example_branch_operator to 2024-05-22 00:00:00+00:00, run_after=2024-05-23 00:00:00+00:00
[2024-05-23T19:46:02.239+0000] {processor.py:183} INFO - Processing /home/airflow/.local/lib/python3.12/site-packages/airflow/example_dags/example_branch_operator.py took 0.119 seconds
[2024-05-23T19:46:32.301+0000] {processor.py:161} INFO - Started process (PID=8840) to work on /home/airflow/.local/lib/python3.12/site-packages/airflow/example_dags/example_branch_operator.py
[2024-05-23T19:46:32.303+0000] {processor.py:830} INFO - Processing file /home/airflow/.local/lib/python3.12/site-packages/airflow/example_dags/example_branch_operator.py for tasks to queue
[2024-05-23T19:46:32.305+0000] {logging_mixin.py:188} INFO - [2024-05-23T19:46:32.305+0000] {dagbag.py:545} INFO - Filling up the DagBag from /home/airflow/.local/lib/python3.12/site-packages/airflow/example_dags/example_branch_operator.py
[2024-05-23T19:46:32.329+0000] {processor.py:840} INFO - DAG(s) 'example_branch_operator' retrieved from /home/airflow/.local/lib/python3.12/site-packages/airflow/example_dags/example_branch_operator.py
[2024-05-23T19:46:32.370+0000] {logging_mixin.py:188} INFO - [2024-05-23T19:46:32.370+0000] {dag.py:3096} INFO - Sync 1 DAGs
[2024-05-23T19:46:32.402+0000] {logging_mixin.py:188} INFO - [2024-05-23T19:46:32.402+0000] {dag.py:3954} INFO - Setting next_dagrun for example_branch_operator to 2024-05-22 00:00:00+00:00, run_after=2024-05-23 00:00:00+00:00
[2024-05-23T19:46:32.426+0000] {processor.py:183} INFO - Processing /home/airflow/.local/lib/python3.12/site-packages/airflow/example_dags/example_branch_operator.py took 0.133 seconds
[2024-05-23T19:47:02.660+0000] {processor.py:161} INFO - Started process (PID=9102) to work on /home/airflow/.local/lib/python3.12/site-packages/airflow/example_dags/example_branch_operator.py
[2024-05-23T19:47:02.662+0000] {processor.py:830} INFO - Processing file /home/airflow/.local/lib/python3.12/site-packages/airflow/example_dags/example_branch_operator.py for tasks to queue
[2024-05-23T19:47:02.665+0000] {logging_mixin.py:188} INFO - [2024-05-23T19:47:02.664+0000] {dagbag.py:545} INFO - Filling up the DagBag from /home/airflow/.local/lib/python3.12/site-packages/airflow/example_dags/example_branch_operator.py
[2024-05-23T19:47:02.689+0000] {processor.py:840} INFO - DAG(s) 'example_branch_operator' retrieved from /home/airflow/.local/lib/python3.12/site-packages/airflow/example_dags/example_branch_operator.py
[2024-05-23T19:47:02.730+0000] {logging_mixin.py:188} INFO - [2024-05-23T19:47:02.730+0000] {dag.py:3096} INFO - Sync 1 DAGs
[2024-05-23T19:47:02.763+0000] {logging_mixin.py:188} INFO - [2024-05-23T19:47:02.763+0000] {dag.py:3954} INFO - Setting next_dagrun for example_branch_operator to 2024-05-22 00:00:00+00:00, run_after=2024-05-23 00:00:00+00:00
[2024-05-23T19:47:02.788+0000] {processor.py:183} INFO - Processing /home/airflow/.local/lib/python3.12/site-packages/airflow/example_dags/example_branch_operator.py took 0.136 seconds
[2024-05-23T19:47:32.913+0000] {processor.py:161} INFO - Started process (PID=9366) to work on /home/airflow/.local/lib/python3.12/site-packages/airflow/example_dags/example_branch_operator.py
[2024-05-23T19:47:32.915+0000] {processor.py:830} INFO - Processing file /home/airflow/.local/lib/python3.12/site-packages/airflow/example_dags/example_branch_operator.py for tasks to queue
[2024-05-23T19:47:32.918+0000] {logging_mixin.py:188} INFO - [2024-05-23T19:47:32.917+0000] {dagbag.py:545} INFO - Filling up the DagBag from /home/airflow/.local/lib/python3.12/site-packages/airflow/example_dags/example_branch_operator.py
[2024-05-23T19:47:32.942+0000] {processor.py:840} INFO - DAG(s) 'example_branch_operator' retrieved from /home/airflow/.local/lib/python3.12/site-packages/airflow/example_dags/example_branch_operator.py
[2024-05-23T19:47:32.982+0000] {logging_mixin.py:188} INFO - [2024-05-23T19:47:32.982+0000] {dag.py:3096} INFO - Sync 1 DAGs
[2024-05-23T19:47:33.013+0000] {logging_mixin.py:188} INFO - [2024-05-23T19:47:33.013+0000] {dag.py:3954} INFO - Setting next_dagrun for example_branch_operator to 2024-05-22 00:00:00+00:00, run_after=2024-05-23 00:00:00+00:00
[2024-05-23T19:47:33.039+0000] {processor.py:183} INFO - Processing /home/airflow/.local/lib/python3.12/site-packages/airflow/example_dags/example_branch_operator.py took 0.133 seconds
[2024-05-23T19:48:03.072+0000] {processor.py:161} INFO - Started process (PID=9628) to work on /home/airflow/.local/lib/python3.12/site-packages/airflow/example_dags/example_branch_operator.py
[2024-05-23T19:48:03.074+0000] {processor.py:830} INFO - Processing file /home/airflow/.local/lib/python3.12/site-packages/airflow/example_dags/example_branch_operator.py for tasks to queue
[2024-05-23T19:48:03.076+0000] {logging_mixin.py:188} INFO - [2024-05-23T19:48:03.076+0000] {dagbag.py:545} INFO - Filling up the DagBag from /home/airflow/.local/lib/python3.12/site-packages/airflow/example_dags/example_branch_operator.py
[2024-05-23T19:48:03.099+0000] {processor.py:840} INFO - DAG(s) 'example_branch_operator' retrieved from /home/airflow/.local/lib/python3.12/site-packages/airflow/example_dags/example_branch_operator.py
[2024-05-23T19:48:03.139+0000] {logging_mixin.py:188} INFO - [2024-05-23T19:48:03.139+0000] {dag.py:3096} INFO - Sync 1 DAGs
[2024-05-23T19:48:03.170+0000] {logging_mixin.py:188} INFO - [2024-05-23T19:48:03.170+0000] {dag.py:3954} INFO - Setting next_dagrun for example_branch_operator to 2024-05-22 00:00:00+00:00, run_after=2024-05-23 00:00:00+00:00
[2024-05-23T19:48:03.338+0000] {processor.py:183} INFO - Processing /home/airflow/.local/lib/python3.12/site-packages/airflow/example_dags/example_branch_operator.py took 0.274 seconds
[2024-05-23T19:48:33.481+0000] {processor.py:161} INFO - Started process (PID=9888) to work on /home/airflow/.local/lib/python3.12/site-packages/airflow/example_dags/example_branch_operator.py
[2024-05-23T19:48:33.482+0000] {processor.py:830} INFO - Processing file /home/airflow/.local/lib/python3.12/site-packages/airflow/example_dags/example_branch_operator.py for tasks to queue
[2024-05-23T19:48:33.485+0000] {logging_mixin.py:188} INFO - [2024-05-23T19:48:33.484+0000] {dagbag.py:545} INFO - Filling up the DagBag from /home/airflow/.local/lib/python3.12/site-packages/airflow/example_dags/example_branch_operator.py
[2024-05-23T19:48:33.510+0000] {processor.py:840} INFO - DAG(s) 'example_branch_operator' retrieved from /home/airflow/.local/lib/python3.12/site-packages/airflow/example_dags/example_branch_operator.py
[2024-05-23T19:48:33.555+0000] {logging_mixin.py:188} INFO - [2024-05-23T19:48:33.555+0000] {dag.py:3096} INFO - Sync 1 DAGs
[2024-05-23T19:48:33.591+0000] {logging_mixin.py:188} INFO - [2024-05-23T19:48:33.590+0000] {dag.py:3954} INFO - Setting next_dagrun for example_branch_operator to 2024-05-22 00:00:00+00:00, run_after=2024-05-23 00:00:00+00:00
[2024-05-23T19:48:33.620+0000] {processor.py:183} INFO - Processing /home/airflow/.local/lib/python3.12/site-packages/airflow/example_dags/example_branch_operator.py took 0.147 seconds
[2024-05-23T19:49:03.937+0000] {processor.py:161} INFO - Started process (PID=10150) to work on /home/airflow/.local/lib/python3.12/site-packages/airflow/example_dags/example_branch_operator.py
[2024-05-23T19:49:03.939+0000] {processor.py:830} INFO - Processing file /home/airflow/.local/lib/python3.12/site-packages/airflow/example_dags/example_branch_operator.py for tasks to queue
[2024-05-23T19:49:03.942+0000] {logging_mixin.py:188} INFO - [2024-05-23T19:49:03.941+0000] {dagbag.py:545} INFO - Filling up the DagBag from /home/airflow/.local/lib/python3.12/site-packages/airflow/example_dags/example_branch_operator.py
[2024-05-23T19:49:03.967+0000] {processor.py:840} INFO - DAG(s) 'example_branch_operator' retrieved from /home/airflow/.local/lib/python3.12/site-packages/airflow/example_dags/example_branch_operator.py
[2024-05-23T19:49:04.010+0000] {logging_mixin.py:188} INFO - [2024-05-23T19:49:04.010+0000] {dag.py:3096} INFO - Sync 1 DAGs
[2024-05-23T19:49:04.045+0000] {logging_mixin.py:188} INFO - [2024-05-23T19:49:04.045+0000] {dag.py:3954} INFO - Setting next_dagrun for example_branch_operator to 2024-05-22 00:00:00+00:00, run_after=2024-05-23 00:00:00+00:00
[2024-05-23T19:49:04.075+0000] {processor.py:183} INFO - Processing /home/airflow/.local/lib/python3.12/site-packages/airflow/example_dags/example_branch_operator.py took 0.147 seconds
[2024-05-23T19:49:34.257+0000] {processor.py:161} INFO - Started process (PID=10412) to work on /home/airflow/.local/lib/python3.12/site-packages/airflow/example_dags/example_branch_operator.py
[2024-05-23T19:49:34.259+0000] {processor.py:830} INFO - Processing file /home/airflow/.local/lib/python3.12/site-packages/airflow/example_dags/example_branch_operator.py for tasks to queue
[2024-05-23T19:49:34.261+0000] {logging_mixin.py:188} INFO - [2024-05-23T19:49:34.261+0000] {dagbag.py:545} INFO - Filling up the DagBag from /home/airflow/.local/lib/python3.12/site-packages/airflow/example_dags/example_branch_operator.py
[2024-05-23T19:49:34.286+0000] {processor.py:840} INFO - DAG(s) 'example_branch_operator' retrieved from /home/airflow/.local/lib/python3.12/site-packages/airflow/example_dags/example_branch_operator.py
[2024-05-23T19:49:34.329+0000] {logging_mixin.py:188} INFO - [2024-05-23T19:49:34.329+0000] {dag.py:3096} INFO - Sync 1 DAGs
[2024-05-23T19:49:34.364+0000] {logging_mixin.py:188} INFO - [2024-05-23T19:49:34.364+0000] {dag.py:3954} INFO - Setting next_dagrun for example_branch_operator to 2024-05-22 00:00:00+00:00, run_after=2024-05-23 00:00:00+00:00
[2024-05-23T19:49:34.392+0000] {processor.py:183} INFO - Processing /home/airflow/.local/lib/python3.12/site-packages/airflow/example_dags/example_branch_operator.py took 0.144 seconds
[2024-05-23T19:50:04.745+0000] {processor.py:161} INFO - Started process (PID=10674) to work on /home/airflow/.local/lib/python3.12/site-packages/airflow/example_dags/example_branch_operator.py
[2024-05-23T19:50:04.746+0000] {processor.py:830} INFO - Processing file /home/airflow/.local/lib/python3.12/site-packages/airflow/example_dags/example_branch_operator.py for tasks to queue
[2024-05-23T19:50:04.749+0000] {logging_mixin.py:188} INFO - [2024-05-23T19:50:04.749+0000] {dagbag.py:545} INFO - Filling up the DagBag from /home/airflow/.local/lib/python3.12/site-packages/airflow/example_dags/example_branch_operator.py
[2024-05-23T19:50:04.776+0000] {processor.py:840} INFO - DAG(s) 'example_branch_operator' retrieved from /home/airflow/.local/lib/python3.12/site-packages/airflow/example_dags/example_branch_operator.py
[2024-05-23T19:50:04.819+0000] {logging_mixin.py:188} INFO - [2024-05-23T19:50:04.819+0000] {dag.py:3096} INFO - Sync 1 DAGs
[2024-05-23T19:50:04.854+0000] {logging_mixin.py:188} INFO - [2024-05-23T19:50:04.854+0000] {dag.py:3954} INFO - Setting next_dagrun for example_branch_operator to 2024-05-22 00:00:00+00:00, run_after=2024-05-23 00:00:00+00:00
[2024-05-23T19:50:04.880+0000] {processor.py:183} INFO - Processing /home/airflow/.local/lib/python3.12/site-packages/airflow/example_dags/example_branch_operator.py took 0.144 seconds
[2024-05-23T19:50:35.150+0000] {processor.py:161} INFO - Started process (PID=10938) to work on /home/airflow/.local/lib/python3.12/site-packages/airflow/example_dags/example_branch_operator.py
[2024-05-23T19:50:35.152+0000] {processor.py:830} INFO - Processing file /home/airflow/.local/lib/python3.12/site-packages/airflow/example_dags/example_branch_operator.py for tasks to queue
[2024-05-23T19:50:35.154+0000] {logging_mixin.py:188} INFO - [2024-05-23T19:50:35.154+0000] {dagbag.py:545} INFO - Filling up the DagBag from /home/airflow/.local/lib/python3.12/site-packages/airflow/example_dags/example_branch_operator.py
[2024-05-23T19:50:35.181+0000] {processor.py:840} INFO - DAG(s) 'example_branch_operator' retrieved from /home/airflow/.local/lib/python3.12/site-packages/airflow/example_dags/example_branch_operator.py
[2024-05-23T19:50:35.388+0000] {logging_mixin.py:188} INFO - [2024-05-23T19:50:35.387+0000] {dag.py:3096} INFO - Sync 1 DAGs
[2024-05-23T19:50:35.426+0000] {logging_mixin.py:188} INFO - [2024-05-23T19:50:35.426+0000] {dag.py:3954} INFO - Setting next_dagrun for example_branch_operator to 2024-05-22 00:00:00+00:00, run_after=2024-05-23 00:00:00+00:00
[2024-05-23T19:50:35.457+0000] {processor.py:183} INFO - Processing /home/airflow/.local/lib/python3.12/site-packages/airflow/example_dags/example_branch_operator.py took 0.316 seconds
[2024-05-23T19:51:06.333+0000] {processor.py:161} INFO - Started process (PID=11200) to work on /home/airflow/.local/lib/python3.12/site-packages/airflow/example_dags/example_branch_operator.py
[2024-05-23T19:51:06.335+0000] {processor.py:830} INFO - Processing file /home/airflow/.local/lib/python3.12/site-packages/airflow/example_dags/example_branch_operator.py for tasks to queue
[2024-05-23T19:51:06.337+0000] {logging_mixin.py:188} INFO - [2024-05-23T19:51:06.337+0000] {dagbag.py:545} INFO - Filling up the DagBag from /home/airflow/.local/lib/python3.12/site-packages/airflow/example_dags/example_branch_operator.py
[2024-05-23T19:51:06.364+0000] {processor.py:840} INFO - DAG(s) 'example_branch_operator' retrieved from /home/airflow/.local/lib/python3.12/site-packages/airflow/example_dags/example_branch_operator.py
[2024-05-23T19:51:06.412+0000] {logging_mixin.py:188} INFO - [2024-05-23T19:51:06.412+0000] {dag.py:3096} INFO - Sync 1 DAGs
[2024-05-23T19:51:06.449+0000] {logging_mixin.py:188} INFO - [2024-05-23T19:51:06.449+0000] {dag.py:3954} INFO - Setting next_dagrun for example_branch_operator to 2024-05-22 00:00:00+00:00, run_after=2024-05-23 00:00:00+00:00
[2024-05-23T19:51:06.479+0000] {processor.py:183} INFO - Processing /home/airflow/.local/lib/python3.12/site-packages/airflow/example_dags/example_branch_operator.py took 0.155 seconds
[2024-05-23T19:51:37.186+0000] {processor.py:161} INFO - Started process (PID=11462) to work on /home/airflow/.local/lib/python3.12/site-packages/airflow/example_dags/example_branch_operator.py
[2024-05-23T19:51:37.188+0000] {processor.py:830} INFO - Processing file /home/airflow/.local/lib/python3.12/site-packages/airflow/example_dags/example_branch_operator.py for tasks to queue
[2024-05-23T19:51:37.191+0000] {logging_mixin.py:188} INFO - [2024-05-23T19:51:37.190+0000] {dagbag.py:545} INFO - Filling up the DagBag from /home/airflow/.local/lib/python3.12/site-packages/airflow/example_dags/example_branch_operator.py
[2024-05-23T19:51:37.218+0000] {processor.py:840} INFO - DAG(s) 'example_branch_operator' retrieved from /home/airflow/.local/lib/python3.12/site-packages/airflow/example_dags/example_branch_operator.py
[2024-05-23T19:51:37.263+0000] {logging_mixin.py:188} INFO - [2024-05-23T19:51:37.263+0000] {dag.py:3096} INFO - Sync 1 DAGs
[2024-05-23T19:51:37.298+0000] {logging_mixin.py:188} INFO - [2024-05-23T19:51:37.298+0000] {dag.py:3954} INFO - Setting next_dagrun for example_branch_operator to 2024-05-22 00:00:00+00:00, run_after=2024-05-23 00:00:00+00:00
[2024-05-23T19:51:37.327+0000] {processor.py:183} INFO - Processing /home/airflow/.local/lib/python3.12/site-packages/airflow/example_dags/example_branch_operator.py took 0.149 seconds
[2024-05-23T19:52:07.577+0000] {processor.py:161} INFO - Started process (PID=11724) to work on /home/airflow/.local/lib/python3.12/site-packages/airflow/example_dags/example_branch_operator.py
[2024-05-23T19:52:07.579+0000] {processor.py:830} INFO - Processing file /home/airflow/.local/lib/python3.12/site-packages/airflow/example_dags/example_branch_operator.py for tasks to queue
[2024-05-23T19:52:07.582+0000] {logging_mixin.py:188} INFO - [2024-05-23T19:52:07.581+0000] {dagbag.py:545} INFO - Filling up the DagBag from /home/airflow/.local/lib/python3.12/site-packages/airflow/example_dags/example_branch_operator.py
[2024-05-23T19:52:07.608+0000] {processor.py:840} INFO - DAG(s) 'example_branch_operator' retrieved from /home/airflow/.local/lib/python3.12/site-packages/airflow/example_dags/example_branch_operator.py
[2024-05-23T19:52:07.652+0000] {logging_mixin.py:188} INFO - [2024-05-23T19:52:07.652+0000] {dag.py:3096} INFO - Sync 1 DAGs
[2024-05-23T19:52:07.688+0000] {logging_mixin.py:188} INFO - [2024-05-23T19:52:07.688+0000] {dag.py:3954} INFO - Setting next_dagrun for example_branch_operator to 2024-05-22 00:00:00+00:00, run_after=2024-05-23 00:00:00+00:00
[2024-05-23T19:52:07.717+0000] {processor.py:183} INFO - Processing /home/airflow/.local/lib/python3.12/site-packages/airflow/example_dags/example_branch_operator.py took 0.148 seconds
[2024-05-23T19:52:37.925+0000] {processor.py:161} INFO - Started process (PID=11986) to work on /home/airflow/.local/lib/python3.12/site-packages/airflow/example_dags/example_branch_operator.py
[2024-05-23T19:52:37.927+0000] {processor.py:830} INFO - Processing file /home/airflow/.local/lib/python3.12/site-packages/airflow/example_dags/example_branch_operator.py for tasks to queue
[2024-05-23T19:52:37.931+0000] {logging_mixin.py:188} INFO - [2024-05-23T19:52:37.931+0000] {dagbag.py:545} INFO - Filling up the DagBag from /home/airflow/.local/lib/python3.12/site-packages/airflow/example_dags/example_branch_operator.py
[2024-05-23T19:52:37.958+0000] {processor.py:840} INFO - DAG(s) 'example_branch_operator' retrieved from /home/airflow/.local/lib/python3.12/site-packages/airflow/example_dags/example_branch_operator.py
[2024-05-23T19:52:38.004+0000] {logging_mixin.py:188} INFO - [2024-05-23T19:52:38.004+0000] {dag.py:3096} INFO - Sync 1 DAGs
[2024-05-23T19:52:38.045+0000] {logging_mixin.py:188} INFO - [2024-05-23T19:52:38.045+0000] {dag.py:3954} INFO - Setting next_dagrun for example_branch_operator to 2024-05-22 00:00:00+00:00, run_after=2024-05-23 00:00:00+00:00
[2024-05-23T19:52:38.076+0000] {processor.py:183} INFO - Processing /home/airflow/.local/lib/python3.12/site-packages/airflow/example_dags/example_branch_operator.py took 0.161 seconds
[2024-05-23T19:53:08.330+0000] {processor.py:161} INFO - Started process (PID=12248) to work on /home/airflow/.local/lib/python3.12/site-packages/airflow/example_dags/example_branch_operator.py
[2024-05-23T19:53:08.332+0000] {processor.py:830} INFO - Processing file /home/airflow/.local/lib/python3.12/site-packages/airflow/example_dags/example_branch_operator.py for tasks to queue
[2024-05-23T19:53:08.335+0000] {logging_mixin.py:188} INFO - [2024-05-23T19:53:08.334+0000] {dagbag.py:545} INFO - Filling up the DagBag from /home/airflow/.local/lib/python3.12/site-packages/airflow/example_dags/example_branch_operator.py
[2024-05-23T19:53:08.363+0000] {processor.py:840} INFO - DAG(s) 'example_branch_operator' retrieved from /home/airflow/.local/lib/python3.12/site-packages/airflow/example_dags/example_branch_operator.py
[2024-05-23T19:53:08.442+0000] {logging_mixin.py:188} INFO - [2024-05-23T19:53:08.441+0000] {dag.py:3096} INFO - Sync 1 DAGs
[2024-05-23T19:53:08.477+0000] {logging_mixin.py:188} INFO - [2024-05-23T19:53:08.477+0000] {dag.py:3954} INFO - Setting next_dagrun for example_branch_operator to 2024-05-22 00:00:00+00:00, run_after=2024-05-23 00:00:00+00:00
[2024-05-23T19:53:08.505+0000] {processor.py:183} INFO - Processing /home/airflow/.local/lib/python3.12/site-packages/airflow/example_dags/example_branch_operator.py took 0.185 seconds
[2024-05-23T19:53:38.622+0000] {processor.py:161} INFO - Started process (PID=12510) to work on /home/airflow/.local/lib/python3.12/site-packages/airflow/example_dags/example_branch_operator.py
[2024-05-23T19:53:38.624+0000] {processor.py:830} INFO - Processing file /home/airflow/.local/lib/python3.12/site-packages/airflow/example_dags/example_branch_operator.py for tasks to queue
[2024-05-23T19:53:38.627+0000] {logging_mixin.py:188} INFO - [2024-05-23T19:53:38.627+0000] {dagbag.py:545} INFO - Filling up the DagBag from /home/airflow/.local/lib/python3.12/site-packages/airflow/example_dags/example_branch_operator.py
[2024-05-23T19:53:38.654+0000] {processor.py:840} INFO - DAG(s) 'example_branch_operator' retrieved from /home/airflow/.local/lib/python3.12/site-packages/airflow/example_dags/example_branch_operator.py
[2024-05-23T19:53:38.699+0000] {logging_mixin.py:188} INFO - [2024-05-23T19:53:38.698+0000] {dag.py:3096} INFO - Sync 1 DAGs
[2024-05-23T19:53:38.736+0000] {logging_mixin.py:188} INFO - [2024-05-23T19:53:38.736+0000] {dag.py:3954} INFO - Setting next_dagrun for example_branch_operator to 2024-05-22 00:00:00+00:00, run_after=2024-05-23 00:00:00+00:00
[2024-05-23T19:53:38.764+0000] {processor.py:183} INFO - Processing /home/airflow/.local/lib/python3.12/site-packages/airflow/example_dags/example_branch_operator.py took 0.151 seconds
[2024-05-23T19:54:09.213+0000] {processor.py:161} INFO - Started process (PID=12772) to work on /home/airflow/.local/lib/python3.12/site-packages/airflow/example_dags/example_branch_operator.py
[2024-05-23T19:54:09.214+0000] {processor.py:830} INFO - Processing file /home/airflow/.local/lib/python3.12/site-packages/airflow/example_dags/example_branch_operator.py for tasks to queue
[2024-05-23T19:54:09.217+0000] {logging_mixin.py:188} INFO - [2024-05-23T19:54:09.217+0000] {dagbag.py:545} INFO - Filling up the DagBag from /home/airflow/.local/lib/python3.12/site-packages/airflow/example_dags/example_branch_operator.py
[2024-05-23T19:54:09.246+0000] {processor.py:840} INFO - DAG(s) 'example_branch_operator' retrieved from /home/airflow/.local/lib/python3.12/site-packages/airflow/example_dags/example_branch_operator.py
[2024-05-23T19:54:09.294+0000] {logging_mixin.py:188} INFO - [2024-05-23T19:54:09.293+0000] {dag.py:3096} INFO - Sync 1 DAGs
[2024-05-23T19:54:09.344+0000] {logging_mixin.py:188} INFO - [2024-05-23T19:54:09.344+0000] {dag.py:3954} INFO - Setting next_dagrun for example_branch_operator to 2024-05-22 00:00:00+00:00, run_after=2024-05-23 00:00:00+00:00
[2024-05-23T19:54:09.373+0000] {processor.py:183} INFO - Processing /home/airflow/.local/lib/python3.12/site-packages/airflow/example_dags/example_branch_operator.py took 0.170 seconds
[2024-05-23T19:54:40.136+0000] {processor.py:161} INFO - Started process (PID=13034) to work on /home/airflow/.local/lib/python3.12/site-packages/airflow/example_dags/example_branch_operator.py
[2024-05-23T19:54:40.137+0000] {processor.py:830} INFO - Processing file /home/airflow/.local/lib/python3.12/site-packages/airflow/example_dags/example_branch_operator.py for tasks to queue
[2024-05-23T19:54:40.140+0000] {logging_mixin.py:188} INFO - [2024-05-23T19:54:40.139+0000] {dagbag.py:545} INFO - Filling up the DagBag from /home/airflow/.local/lib/python3.12/site-packages/airflow/example_dags/example_branch_operator.py
[2024-05-23T19:54:40.163+0000] {processor.py:840} INFO - DAG(s) 'example_branch_operator' retrieved from /home/airflow/.local/lib/python3.12/site-packages/airflow/example_dags/example_branch_operator.py
[2024-05-23T19:54:40.202+0000] {logging_mixin.py:188} INFO - [2024-05-23T19:54:40.202+0000] {dag.py:3096} INFO - Sync 1 DAGs
[2024-05-23T19:54:40.232+0000] {logging_mixin.py:188} INFO - [2024-05-23T19:54:40.232+0000] {dag.py:3954} INFO - Setting next_dagrun for example_branch_operator to 2024-05-22 00:00:00+00:00, run_after=2024-05-23 00:00:00+00:00
[2024-05-23T19:54:40.258+0000] {processor.py:183} INFO - Processing /home/airflow/.local/lib/python3.12/site-packages/airflow/example_dags/example_branch_operator.py took 0.129 seconds
[2024-05-23T19:55:10.752+0000] {processor.py:161} INFO - Started process (PID=13296) to work on /home/airflow/.local/lib/python3.12/site-packages/airflow/example_dags/example_branch_operator.py
[2024-05-23T19:55:10.753+0000] {processor.py:830} INFO - Processing file /home/airflow/.local/lib/python3.12/site-packages/airflow/example_dags/example_branch_operator.py for tasks to queue
[2024-05-23T19:55:10.756+0000] {logging_mixin.py:188} INFO - [2024-05-23T19:55:10.756+0000] {dagbag.py:545} INFO - Filling up the DagBag from /home/airflow/.local/lib/python3.12/site-packages/airflow/example_dags/example_branch_operator.py
[2024-05-23T19:55:10.782+0000] {processor.py:840} INFO - DAG(s) 'example_branch_operator' retrieved from /home/airflow/.local/lib/python3.12/site-packages/airflow/example_dags/example_branch_operator.py
[2024-05-23T19:55:10.829+0000] {logging_mixin.py:188} INFO - [2024-05-23T19:55:10.829+0000] {dag.py:3096} INFO - Sync 1 DAGs
[2024-05-23T19:55:10.864+0000] {logging_mixin.py:188} INFO - [2024-05-23T19:55:10.864+0000] {dag.py:3954} INFO - Setting next_dagrun for example_branch_operator to 2024-05-22 00:00:00+00:00, run_after=2024-05-23 00:00:00+00:00
[2024-05-23T19:55:10.901+0000] {processor.py:183} INFO - Processing /home/airflow/.local/lib/python3.12/site-packages/airflow/example_dags/example_branch_operator.py took 0.158 seconds
[2024-05-23T19:55:41.356+0000] {processor.py:161} INFO - Started process (PID=13558) to work on /home/airflow/.local/lib/python3.12/site-packages/airflow/example_dags/example_branch_operator.py
[2024-05-23T19:55:41.358+0000] {processor.py:830} INFO - Processing file /home/airflow/.local/lib/python3.12/site-packages/airflow/example_dags/example_branch_operator.py for tasks to queue
[2024-05-23T19:55:41.362+0000] {logging_mixin.py:188} INFO - [2024-05-23T19:55:41.361+0000] {dagbag.py:545} INFO - Filling up the DagBag from /home/airflow/.local/lib/python3.12/site-packages/airflow/example_dags/example_branch_operator.py
[2024-05-23T19:55:41.388+0000] {processor.py:840} INFO - DAG(s) 'example_branch_operator' retrieved from /home/airflow/.local/lib/python3.12/site-packages/airflow/example_dags/example_branch_operator.py
[2024-05-23T19:55:41.431+0000] {logging_mixin.py:188} INFO - [2024-05-23T19:55:41.431+0000] {dag.py:3096} INFO - Sync 1 DAGs
[2024-05-23T19:55:41.466+0000] {logging_mixin.py:188} INFO - [2024-05-23T19:55:41.465+0000] {dag.py:3954} INFO - Setting next_dagrun for example_branch_operator to 2024-05-22 00:00:00+00:00, run_after=2024-05-23 00:00:00+00:00
[2024-05-23T19:55:41.497+0000] {processor.py:183} INFO - Processing /home/airflow/.local/lib/python3.12/site-packages/airflow/example_dags/example_branch_operator.py took 0.150 seconds
[2024-05-23T19:56:11.829+0000] {processor.py:161} INFO - Started process (PID=13820) to work on /home/airflow/.local/lib/python3.12/site-packages/airflow/example_dags/example_branch_operator.py
[2024-05-23T19:56:11.830+0000] {processor.py:830} INFO - Processing file /home/airflow/.local/lib/python3.12/site-packages/airflow/example_dags/example_branch_operator.py for tasks to queue
[2024-05-23T19:56:11.833+0000] {logging_mixin.py:188} INFO - [2024-05-23T19:56:11.832+0000] {dagbag.py:545} INFO - Filling up the DagBag from /home/airflow/.local/lib/python3.12/site-packages/airflow/example_dags/example_branch_operator.py
[2024-05-23T19:56:11.858+0000] {processor.py:840} INFO - DAG(s) 'example_branch_operator' retrieved from /home/airflow/.local/lib/python3.12/site-packages/airflow/example_dags/example_branch_operator.py
[2024-05-23T19:56:11.901+0000] {logging_mixin.py:188} INFO - [2024-05-23T19:56:11.900+0000] {dag.py:3096} INFO - Sync 1 DAGs
[2024-05-23T19:56:11.932+0000] {logging_mixin.py:188} INFO - [2024-05-23T19:56:11.932+0000] {dag.py:3954} INFO - Setting next_dagrun for example_branch_operator to 2024-05-22 00:00:00+00:00, run_after=2024-05-23 00:00:00+00:00
[2024-05-23T19:56:11.957+0000] {processor.py:183} INFO - Processing /home/airflow/.local/lib/python3.12/site-packages/airflow/example_dags/example_branch_operator.py took 0.136 seconds
[2024-05-23T19:56:42.646+0000] {processor.py:161} INFO - Started process (PID=14082) to work on /home/airflow/.local/lib/python3.12/site-packages/airflow/example_dags/example_branch_operator.py
[2024-05-23T19:56:42.648+0000] {processor.py:830} INFO - Processing file /home/airflow/.local/lib/python3.12/site-packages/airflow/example_dags/example_branch_operator.py for tasks to queue
[2024-05-23T19:56:42.650+0000] {logging_mixin.py:188} INFO - [2024-05-23T19:56:42.650+0000] {dagbag.py:545} INFO - Filling up the DagBag from /home/airflow/.local/lib/python3.12/site-packages/airflow/example_dags/example_branch_operator.py
[2024-05-23T19:56:42.673+0000] {processor.py:840} INFO - DAG(s) 'example_branch_operator' retrieved from /home/airflow/.local/lib/python3.12/site-packages/airflow/example_dags/example_branch_operator.py
[2024-05-23T19:56:42.713+0000] {logging_mixin.py:188} INFO - [2024-05-23T19:56:42.713+0000] {dag.py:3096} INFO - Sync 1 DAGs
[2024-05-23T19:56:42.744+0000] {logging_mixin.py:188} INFO - [2024-05-23T19:56:42.744+0000] {dag.py:3954} INFO - Setting next_dagrun for example_branch_operator to 2024-05-22 00:00:00+00:00, run_after=2024-05-23 00:00:00+00:00
[2024-05-23T19:56:42.768+0000] {processor.py:183} INFO - Processing /home/airflow/.local/lib/python3.12/site-packages/airflow/example_dags/example_branch_operator.py took 0.130 seconds
[2024-05-23T19:57:13.185+0000] {processor.py:161} INFO - Started process (PID=14344) to work on /home/airflow/.local/lib/python3.12/site-packages/airflow/example_dags/example_branch_operator.py
[2024-05-23T19:57:13.187+0000] {processor.py:830} INFO - Processing file /home/airflow/.local/lib/python3.12/site-packages/airflow/example_dags/example_branch_operator.py for tasks to queue
[2024-05-23T19:57:13.191+0000] {logging_mixin.py:188} INFO - [2024-05-23T19:57:13.190+0000] {dagbag.py:545} INFO - Filling up the DagBag from /home/airflow/.local/lib/python3.12/site-packages/airflow/example_dags/example_branch_operator.py
[2024-05-23T19:57:13.215+0000] {processor.py:840} INFO - DAG(s) 'example_branch_operator' retrieved from /home/airflow/.local/lib/python3.12/site-packages/airflow/example_dags/example_branch_operator.py
[2024-05-23T19:57:13.258+0000] {logging_mixin.py:188} INFO - [2024-05-23T19:57:13.258+0000] {dag.py:3096} INFO - Sync 1 DAGs
[2024-05-23T19:57:13.289+0000] {logging_mixin.py:188} INFO - [2024-05-23T19:57:13.289+0000] {dag.py:3954} INFO - Setting next_dagrun for example_branch_operator to 2024-05-22 00:00:00+00:00, run_after=2024-05-23 00:00:00+00:00
[2024-05-23T19:57:13.315+0000] {processor.py:183} INFO - Processing /home/airflow/.local/lib/python3.12/site-packages/airflow/example_dags/example_branch_operator.py took 0.137 seconds
[2024-05-23T19:57:43.896+0000] {processor.py:161} INFO - Started process (PID=14606) to work on /home/airflow/.local/lib/python3.12/site-packages/airflow/example_dags/example_branch_operator.py
[2024-05-23T19:57:43.898+0000] {processor.py:830} INFO - Processing file /home/airflow/.local/lib/python3.12/site-packages/airflow/example_dags/example_branch_operator.py for tasks to queue
[2024-05-23T19:57:43.900+0000] {logging_mixin.py:188} INFO - [2024-05-23T19:57:43.900+0000] {dagbag.py:545} INFO - Filling up the DagBag from /home/airflow/.local/lib/python3.12/site-packages/airflow/example_dags/example_branch_operator.py
[2024-05-23T19:57:43.923+0000] {processor.py:840} INFO - DAG(s) 'example_branch_operator' retrieved from /home/airflow/.local/lib/python3.12/site-packages/airflow/example_dags/example_branch_operator.py
[2024-05-23T19:57:43.965+0000] {logging_mixin.py:188} INFO - [2024-05-23T19:57:43.964+0000] {dag.py:3096} INFO - Sync 1 DAGs
[2024-05-23T19:57:43.998+0000] {logging_mixin.py:188} INFO - [2024-05-23T19:57:43.998+0000] {dag.py:3954} INFO - Setting next_dagrun for example_branch_operator to 2024-05-22 00:00:00+00:00, run_after=2024-05-23 00:00:00+00:00
[2024-05-23T19:57:44.022+0000] {processor.py:183} INFO - Processing /home/airflow/.local/lib/python3.12/site-packages/airflow/example_dags/example_branch_operator.py took 0.137 seconds
[2024-05-23T19:58:14.461+0000] {processor.py:161} INFO - Started process (PID=14868) to work on /home/airflow/.local/lib/python3.12/site-packages/airflow/example_dags/example_branch_operator.py
[2024-05-23T19:58:14.463+0000] {processor.py:830} INFO - Processing file /home/airflow/.local/lib/python3.12/site-packages/airflow/example_dags/example_branch_operator.py for tasks to queue
[2024-05-23T19:58:14.466+0000] {logging_mixin.py:188} INFO - [2024-05-23T19:58:14.465+0000] {dagbag.py:545} INFO - Filling up the DagBag from /home/airflow/.local/lib/python3.12/site-packages/airflow/example_dags/example_branch_operator.py
[2024-05-23T19:58:14.489+0000] {processor.py:840} INFO - DAG(s) 'example_branch_operator' retrieved from /home/airflow/.local/lib/python3.12/site-packages/airflow/example_dags/example_branch_operator.py
[2024-05-23T19:58:14.530+0000] {logging_mixin.py:188} INFO - [2024-05-23T19:58:14.529+0000] {dag.py:3096} INFO - Sync 1 DAGs
[2024-05-23T19:58:14.560+0000] {logging_mixin.py:188} INFO - [2024-05-23T19:58:14.560+0000] {dag.py:3954} INFO - Setting next_dagrun for example_branch_operator to 2024-05-22 00:00:00+00:00, run_after=2024-05-23 00:00:00+00:00
[2024-05-23T19:58:14.585+0000] {processor.py:183} INFO - Processing /home/airflow/.local/lib/python3.12/site-packages/airflow/example_dags/example_branch_operator.py took 0.131 seconds
[2024-05-23T20:03:40.702+0000] {processor.py:161} INFO - Started process (PID=14943) to work on /home/airflow/.local/lib/python3.12/site-packages/airflow/example_dags/example_branch_operator.py
[2024-05-23T20:03:40.704+0000] {processor.py:830} INFO - Processing file /home/airflow/.local/lib/python3.12/site-packages/airflow/example_dags/example_branch_operator.py for tasks to queue
[2024-05-23T20:03:40.706+0000] {logging_mixin.py:188} INFO - [2024-05-23T20:03:40.705+0000] {dagbag.py:545} INFO - Filling up the DagBag from /home/airflow/.local/lib/python3.12/site-packages/airflow/example_dags/example_branch_operator.py
[2024-05-23T20:03:40.737+0000] {processor.py:840} INFO - DAG(s) 'example_branch_operator' retrieved from /home/airflow/.local/lib/python3.12/site-packages/airflow/example_dags/example_branch_operator.py
[2024-05-23T20:03:40.792+0000] {logging_mixin.py:188} INFO - [2024-05-23T20:03:40.791+0000] {dag.py:3096} INFO - Sync 1 DAGs
[2024-05-23T20:03:40.826+0000] {logging_mixin.py:188} INFO - [2024-05-23T20:03:40.825+0000] {dag.py:3954} INFO - Setting next_dagrun for example_branch_operator to 2024-05-22 00:00:00+00:00, run_after=2024-05-23 00:00:00+00:00
[2024-05-23T20:03:40.852+0000] {processor.py:183} INFO - Processing /home/airflow/.local/lib/python3.12/site-packages/airflow/example_dags/example_branch_operator.py took 0.159 seconds
[2024-05-23T20:04:11.635+0000] {processor.py:161} INFO - Started process (PID=15205) to work on /home/airflow/.local/lib/python3.12/site-packages/airflow/example_dags/example_branch_operator.py
[2024-05-23T20:04:11.641+0000] {processor.py:830} INFO - Processing file /home/airflow/.local/lib/python3.12/site-packages/airflow/example_dags/example_branch_operator.py for tasks to queue
[2024-05-23T20:04:11.647+0000] {logging_mixin.py:188} INFO - [2024-05-23T20:04:11.645+0000] {dagbag.py:545} INFO - Filling up the DagBag from /home/airflow/.local/lib/python3.12/site-packages/airflow/example_dags/example_branch_operator.py
[2024-05-23T20:04:11.739+0000] {processor.py:840} INFO - DAG(s) 'example_branch_operator' retrieved from /home/airflow/.local/lib/python3.12/site-packages/airflow/example_dags/example_branch_operator.py
[2024-05-23T20:04:11.942+0000] {logging_mixin.py:188} INFO - [2024-05-23T20:04:11.940+0000] {dag.py:3096} INFO - Sync 1 DAGs
[2024-05-23T20:04:12.065+0000] {logging_mixin.py:188} INFO - [2024-05-23T20:04:12.063+0000] {dag.py:3954} INFO - Setting next_dagrun for example_branch_operator to 2024-05-22 00:00:00+00:00, run_after=2024-05-23 00:00:00+00:00
[2024-05-23T20:04:12.153+0000] {processor.py:183} INFO - Processing /home/airflow/.local/lib/python3.12/site-packages/airflow/example_dags/example_branch_operator.py took 0.551 seconds
[2024-05-23T20:08:10.748+0000] {processor.py:161} INFO - Started process (PID=15460) to work on /home/airflow/.local/lib/python3.12/site-packages/airflow/example_dags/example_branch_operator.py
[2024-05-23T20:08:10.770+0000] {processor.py:830} INFO - Processing file /home/airflow/.local/lib/python3.12/site-packages/airflow/example_dags/example_branch_operator.py for tasks to queue
[2024-05-23T20:08:10.775+0000] {logging_mixin.py:188} INFO - [2024-05-23T20:08:10.775+0000] {dagbag.py:545} INFO - Filling up the DagBag from /home/airflow/.local/lib/python3.12/site-packages/airflow/example_dags/example_branch_operator.py
[2024-05-23T20:08:10.999+0000] {processor.py:840} INFO - DAG(s) 'example_branch_operator' retrieved from /home/airflow/.local/lib/python3.12/site-packages/airflow/example_dags/example_branch_operator.py
[2024-05-23T20:08:11.221+0000] {logging_mixin.py:188} INFO - [2024-05-23T20:08:11.220+0000] {dag.py:3096} INFO - Sync 1 DAGs
[2024-05-23T20:08:11.279+0000] {logging_mixin.py:188} INFO - [2024-05-23T20:08:11.278+0000] {dag.py:3954} INFO - Setting next_dagrun for example_branch_operator to 2024-05-22 00:00:00+00:00, run_after=2024-05-23 00:00:00+00:00
[2024-05-23T20:08:11.322+0000] {processor.py:183} INFO - Processing /home/airflow/.local/lib/python3.12/site-packages/airflow/example_dags/example_branch_operator.py took 0.678 seconds
[2024-05-23T20:08:41.609+0000] {processor.py:161} INFO - Started process (PID=15732) to work on /home/airflow/.local/lib/python3.12/site-packages/airflow/example_dags/example_branch_operator.py
[2024-05-23T20:08:41.617+0000] {processor.py:830} INFO - Processing file /home/airflow/.local/lib/python3.12/site-packages/airflow/example_dags/example_branch_operator.py for tasks to queue
[2024-05-23T20:08:41.625+0000] {logging_mixin.py:188} INFO - [2024-05-23T20:08:41.623+0000] {dagbag.py:545} INFO - Filling up the DagBag from /home/airflow/.local/lib/python3.12/site-packages/airflow/example_dags/example_branch_operator.py
[2024-05-23T20:08:41.721+0000] {processor.py:840} INFO - DAG(s) 'example_branch_operator' retrieved from /home/airflow/.local/lib/python3.12/site-packages/airflow/example_dags/example_branch_operator.py
[2024-05-23T20:08:41.817+0000] {logging_mixin.py:188} INFO - [2024-05-23T20:08:41.816+0000] {dag.py:3096} INFO - Sync 1 DAGs
[2024-05-23T20:08:41.893+0000] {logging_mixin.py:188} INFO - [2024-05-23T20:08:41.893+0000] {dag.py:3954} INFO - Setting next_dagrun for example_branch_operator to 2024-05-22 00:00:00+00:00, run_after=2024-05-23 00:00:00+00:00
[2024-05-23T20:08:41.938+0000] {processor.py:183} INFO - Processing /home/airflow/.local/lib/python3.12/site-packages/airflow/example_dags/example_branch_operator.py took 0.366 seconds
[2024-05-23T20:09:12.118+0000] {processor.py:161} INFO - Started process (PID=15992) to work on /home/airflow/.local/lib/python3.12/site-packages/airflow/example_dags/example_branch_operator.py
[2024-05-23T20:09:12.120+0000] {processor.py:830} INFO - Processing file /home/airflow/.local/lib/python3.12/site-packages/airflow/example_dags/example_branch_operator.py for tasks to queue
[2024-05-23T20:09:12.124+0000] {logging_mixin.py:188} INFO - [2024-05-23T20:09:12.124+0000] {dagbag.py:545} INFO - Filling up the DagBag from /home/airflow/.local/lib/python3.12/site-packages/airflow/example_dags/example_branch_operator.py
[2024-05-23T20:09:12.150+0000] {processor.py:840} INFO - DAG(s) 'example_branch_operator' retrieved from /home/airflow/.local/lib/python3.12/site-packages/airflow/example_dags/example_branch_operator.py
[2024-05-23T20:09:12.194+0000] {logging_mixin.py:188} INFO - [2024-05-23T20:09:12.194+0000] {dag.py:3096} INFO - Sync 1 DAGs
[2024-05-23T20:09:12.224+0000] {logging_mixin.py:188} INFO - [2024-05-23T20:09:12.224+0000] {dag.py:3954} INFO - Setting next_dagrun for example_branch_operator to 2024-05-22 00:00:00+00:00, run_after=2024-05-23 00:00:00+00:00
[2024-05-23T20:09:12.250+0000] {processor.py:183} INFO - Processing /home/airflow/.local/lib/python3.12/site-packages/airflow/example_dags/example_branch_operator.py took 0.141 seconds
[2024-05-23T20:09:42.616+0000] {processor.py:161} INFO - Started process (PID=16254) to work on /home/airflow/.local/lib/python3.12/site-packages/airflow/example_dags/example_branch_operator.py
[2024-05-23T20:09:42.618+0000] {processor.py:830} INFO - Processing file /home/airflow/.local/lib/python3.12/site-packages/airflow/example_dags/example_branch_operator.py for tasks to queue
[2024-05-23T20:09:42.620+0000] {logging_mixin.py:188} INFO - [2024-05-23T20:09:42.619+0000] {dagbag.py:545} INFO - Filling up the DagBag from /home/airflow/.local/lib/python3.12/site-packages/airflow/example_dags/example_branch_operator.py
[2024-05-23T20:09:42.645+0000] {processor.py:840} INFO - DAG(s) 'example_branch_operator' retrieved from /home/airflow/.local/lib/python3.12/site-packages/airflow/example_dags/example_branch_operator.py
[2024-05-23T20:09:42.688+0000] {logging_mixin.py:188} INFO - [2024-05-23T20:09:42.688+0000] {dag.py:3096} INFO - Sync 1 DAGs
[2024-05-23T20:09:42.720+0000] {logging_mixin.py:188} INFO - [2024-05-23T20:09:42.720+0000] {dag.py:3954} INFO - Setting next_dagrun for example_branch_operator to 2024-05-22 00:00:00+00:00, run_after=2024-05-23 00:00:00+00:00
[2024-05-23T20:09:42.744+0000] {processor.py:183} INFO - Processing /home/airflow/.local/lib/python3.12/site-packages/airflow/example_dags/example_branch_operator.py took 0.137 seconds
[2024-05-23T20:10:13.086+0000] {processor.py:161} INFO - Started process (PID=16516) to work on /home/airflow/.local/lib/python3.12/site-packages/airflow/example_dags/example_branch_operator.py
[2024-05-23T20:10:13.088+0000] {processor.py:830} INFO - Processing file /home/airflow/.local/lib/python3.12/site-packages/airflow/example_dags/example_branch_operator.py for tasks to queue
[2024-05-23T20:10:13.089+0000] {logging_mixin.py:188} INFO - [2024-05-23T20:10:13.089+0000] {dagbag.py:545} INFO - Filling up the DagBag from /home/airflow/.local/lib/python3.12/site-packages/airflow/example_dags/example_branch_operator.py
[2024-05-23T20:10:13.114+0000] {processor.py:840} INFO - DAG(s) 'example_branch_operator' retrieved from /home/airflow/.local/lib/python3.12/site-packages/airflow/example_dags/example_branch_operator.py
[2024-05-23T20:10:13.157+0000] {logging_mixin.py:188} INFO - [2024-05-23T20:10:13.157+0000] {dag.py:3096} INFO - Sync 1 DAGs
[2024-05-23T20:10:13.189+0000] {logging_mixin.py:188} INFO - [2024-05-23T20:10:13.189+0000] {dag.py:3954} INFO - Setting next_dagrun for example_branch_operator to 2024-05-22 00:00:00+00:00, run_after=2024-05-23 00:00:00+00:00
[2024-05-23T20:10:13.216+0000] {processor.py:183} INFO - Processing /home/airflow/.local/lib/python3.12/site-packages/airflow/example_dags/example_branch_operator.py took 0.140 seconds
[2024-05-23T20:10:43.345+0000] {processor.py:161} INFO - Started process (PID=16780) to work on /home/airflow/.local/lib/python3.12/site-packages/airflow/example_dags/example_branch_operator.py
[2024-05-23T20:10:43.347+0000] {processor.py:830} INFO - Processing file /home/airflow/.local/lib/python3.12/site-packages/airflow/example_dags/example_branch_operator.py for tasks to queue
[2024-05-23T20:10:43.348+0000] {logging_mixin.py:188} INFO - [2024-05-23T20:10:43.348+0000] {dagbag.py:545} INFO - Filling up the DagBag from /home/airflow/.local/lib/python3.12/site-packages/airflow/example_dags/example_branch_operator.py
[2024-05-23T20:10:43.372+0000] {processor.py:840} INFO - DAG(s) 'example_branch_operator' retrieved from /home/airflow/.local/lib/python3.12/site-packages/airflow/example_dags/example_branch_operator.py
[2024-05-23T20:10:43.414+0000] {logging_mixin.py:188} INFO - [2024-05-23T20:10:43.414+0000] {dag.py:3096} INFO - Sync 1 DAGs
[2024-05-23T20:10:43.444+0000] {logging_mixin.py:188} INFO - [2024-05-23T20:10:43.444+0000] {dag.py:3954} INFO - Setting next_dagrun for example_branch_operator to 2024-05-22 00:00:00+00:00, run_after=2024-05-23 00:00:00+00:00
[2024-05-23T20:10:43.471+0000] {processor.py:183} INFO - Processing /home/airflow/.local/lib/python3.12/site-packages/airflow/example_dags/example_branch_operator.py took 0.135 seconds
[2024-05-23T20:11:13.559+0000] {processor.py:161} INFO - Started process (PID=17039) to work on /home/airflow/.local/lib/python3.12/site-packages/airflow/example_dags/example_branch_operator.py
[2024-05-23T20:11:13.560+0000] {processor.py:830} INFO - Processing file /home/airflow/.local/lib/python3.12/site-packages/airflow/example_dags/example_branch_operator.py for tasks to queue
[2024-05-23T20:11:13.561+0000] {logging_mixin.py:188} INFO - [2024-05-23T20:11:13.561+0000] {dagbag.py:545} INFO - Filling up the DagBag from /home/airflow/.local/lib/python3.12/site-packages/airflow/example_dags/example_branch_operator.py
[2024-05-23T20:11:13.583+0000] {processor.py:840} INFO - DAG(s) 'example_branch_operator' retrieved from /home/airflow/.local/lib/python3.12/site-packages/airflow/example_dags/example_branch_operator.py
[2024-05-23T20:11:13.624+0000] {logging_mixin.py:188} INFO - [2024-05-23T20:11:13.624+0000] {dag.py:3096} INFO - Sync 1 DAGs
[2024-05-23T20:11:13.652+0000] {logging_mixin.py:188} INFO - [2024-05-23T20:11:13.652+0000] {dag.py:3954} INFO - Setting next_dagrun for example_branch_operator to 2024-05-22 00:00:00+00:00, run_after=2024-05-23 00:00:00+00:00
[2024-05-23T20:11:13.675+0000] {processor.py:183} INFO - Processing /home/airflow/.local/lib/python3.12/site-packages/airflow/example_dags/example_branch_operator.py took 0.125 seconds
[2024-05-23T20:11:44.126+0000] {processor.py:161} INFO - Started process (PID=17301) to work on /home/airflow/.local/lib/python3.12/site-packages/airflow/example_dags/example_branch_operator.py
[2024-05-23T20:11:44.128+0000] {processor.py:830} INFO - Processing file /home/airflow/.local/lib/python3.12/site-packages/airflow/example_dags/example_branch_operator.py for tasks to queue
[2024-05-23T20:11:44.130+0000] {logging_mixin.py:188} INFO - [2024-05-23T20:11:44.129+0000] {dagbag.py:545} INFO - Filling up the DagBag from /home/airflow/.local/lib/python3.12/site-packages/airflow/example_dags/example_branch_operator.py
[2024-05-23T20:11:44.155+0000] {processor.py:840} INFO - DAG(s) 'example_branch_operator' retrieved from /home/airflow/.local/lib/python3.12/site-packages/airflow/example_dags/example_branch_operator.py
[2024-05-23T20:11:44.203+0000] {logging_mixin.py:188} INFO - [2024-05-23T20:11:44.203+0000] {dag.py:3096} INFO - Sync 1 DAGs
[2024-05-23T20:11:44.233+0000] {logging_mixin.py:188} INFO - [2024-05-23T20:11:44.233+0000] {dag.py:3954} INFO - Setting next_dagrun for example_branch_operator to 2024-05-22 00:00:00+00:00, run_after=2024-05-23 00:00:00+00:00
[2024-05-23T20:11:44.261+0000] {processor.py:183} INFO - Processing /home/airflow/.local/lib/python3.12/site-packages/airflow/example_dags/example_branch_operator.py took 0.145 seconds
[2024-05-23T20:12:14.375+0000] {processor.py:161} INFO - Started process (PID=17563) to work on /home/airflow/.local/lib/python3.12/site-packages/airflow/example_dags/example_branch_operator.py
[2024-05-23T20:12:14.377+0000] {processor.py:830} INFO - Processing file /home/airflow/.local/lib/python3.12/site-packages/airflow/example_dags/example_branch_operator.py for tasks to queue
[2024-05-23T20:12:14.379+0000] {logging_mixin.py:188} INFO - [2024-05-23T20:12:14.378+0000] {dagbag.py:545} INFO - Filling up the DagBag from /home/airflow/.local/lib/python3.12/site-packages/airflow/example_dags/example_branch_operator.py
[2024-05-23T20:12:14.432+0000] {processor.py:840} INFO - DAG(s) 'example_branch_operator' retrieved from /home/airflow/.local/lib/python3.12/site-packages/airflow/example_dags/example_branch_operator.py
[2024-05-23T20:12:14.537+0000] {logging_mixin.py:188} INFO - [2024-05-23T20:12:14.536+0000] {dag.py:3096} INFO - Sync 1 DAGs
[2024-05-23T20:12:14.584+0000] {logging_mixin.py:188} INFO - [2024-05-23T20:12:14.583+0000] {dag.py:3954} INFO - Setting next_dagrun for example_branch_operator to 2024-05-22 00:00:00+00:00, run_after=2024-05-23 00:00:00+00:00
[2024-05-23T20:12:14.613+0000] {processor.py:183} INFO - Processing /home/airflow/.local/lib/python3.12/site-packages/airflow/example_dags/example_branch_operator.py took 0.248 seconds
[2024-05-23T20:12:44.869+0000] {processor.py:161} INFO - Started process (PID=17825) to work on /home/airflow/.local/lib/python3.12/site-packages/airflow/example_dags/example_branch_operator.py
[2024-05-23T20:12:44.870+0000] {processor.py:830} INFO - Processing file /home/airflow/.local/lib/python3.12/site-packages/airflow/example_dags/example_branch_operator.py for tasks to queue
[2024-05-23T20:12:44.871+0000] {logging_mixin.py:188} INFO - [2024-05-23T20:12:44.871+0000] {dagbag.py:545} INFO - Filling up the DagBag from /home/airflow/.local/lib/python3.12/site-packages/airflow/example_dags/example_branch_operator.py
[2024-05-23T20:12:44.898+0000] {processor.py:840} INFO - DAG(s) 'example_branch_operator' retrieved from /home/airflow/.local/lib/python3.12/site-packages/airflow/example_dags/example_branch_operator.py
[2024-05-23T20:12:44.953+0000] {logging_mixin.py:188} INFO - [2024-05-23T20:12:44.953+0000] {dag.py:3096} INFO - Sync 1 DAGs
[2024-05-23T20:12:44.988+0000] {logging_mixin.py:188} INFO - [2024-05-23T20:12:44.987+0000] {dag.py:3954} INFO - Setting next_dagrun for example_branch_operator to 2024-05-22 00:00:00+00:00, run_after=2024-05-23 00:00:00+00:00
[2024-05-23T20:12:45.018+0000] {processor.py:183} INFO - Processing /home/airflow/.local/lib/python3.12/site-packages/airflow/example_dags/example_branch_operator.py took 0.159 seconds
[2024-05-23T20:13:15.204+0000] {processor.py:161} INFO - Started process (PID=18087) to work on /home/airflow/.local/lib/python3.12/site-packages/airflow/example_dags/example_branch_operator.py
[2024-05-23T20:13:15.205+0000] {processor.py:830} INFO - Processing file /home/airflow/.local/lib/python3.12/site-packages/airflow/example_dags/example_branch_operator.py for tasks to queue
[2024-05-23T20:13:15.207+0000] {logging_mixin.py:188} INFO - [2024-05-23T20:13:15.207+0000] {dagbag.py:545} INFO - Filling up the DagBag from /home/airflow/.local/lib/python3.12/site-packages/airflow/example_dags/example_branch_operator.py
[2024-05-23T20:13:15.231+0000] {processor.py:840} INFO - DAG(s) 'example_branch_operator' retrieved from /home/airflow/.local/lib/python3.12/site-packages/airflow/example_dags/example_branch_operator.py
[2024-05-23T20:13:15.277+0000] {logging_mixin.py:188} INFO - [2024-05-23T20:13:15.277+0000] {dag.py:3096} INFO - Sync 1 DAGs
[2024-05-23T20:13:15.315+0000] {logging_mixin.py:188} INFO - [2024-05-23T20:13:15.314+0000] {dag.py:3954} INFO - Setting next_dagrun for example_branch_operator to 2024-05-22 00:00:00+00:00, run_after=2024-05-23 00:00:00+00:00
[2024-05-23T20:13:15.382+0000] {processor.py:183} INFO - Processing /home/airflow/.local/lib/python3.12/site-packages/airflow/example_dags/example_branch_operator.py took 0.186 seconds
