[2024-05-23T19:29:49.074+0000] {processor.py:161} INFO - Started process (PID=237) to work on /home/airflow/.local/lib/python3.12/site-packages/airflow/example_dags/example_task_group.py
[2024-05-23T19:29:49.076+0000] {processor.py:830} INFO - Processing file /home/airflow/.local/lib/python3.12/site-packages/airflow/example_dags/example_task_group.py for tasks to queue
[2024-05-23T19:29:49.080+0000] {logging_mixin.py:188} INFO - [2024-05-23T19:29:49.079+0000] {dagbag.py:545} INFO - Filling up the DagBag from /home/airflow/.local/lib/python3.12/site-packages/airflow/example_dags/example_task_group.py
[2024-05-23T19:29:49.097+0000] {processor.py:840} INFO - DAG(s) 'example_task_group' retrieved from /home/airflow/.local/lib/python3.12/site-packages/airflow/example_dags/example_task_group.py
[2024-05-23T19:29:49.337+0000] {logging_mixin.py:188} INFO - [2024-05-23T19:29:49.337+0000] {dag.py:3096} INFO - Sync 1 DAGs
[2024-05-23T19:29:49.482+0000] {logging_mixin.py:188} INFO - [2024-05-23T19:29:49.481+0000] {dag.py:3954} INFO - Setting next_dagrun for example_task_group to 2024-05-22 00:00:00+00:00, run_after=2024-05-23 00:00:00+00:00
[2024-05-23T19:29:49.525+0000] {processor.py:183} INFO - Processing /home/airflow/.local/lib/python3.12/site-packages/airflow/example_dags/example_task_group.py took 0.464 seconds
[2024-05-23T19:30:20.564+0000] {processor.py:161} INFO - Started process (PID=499) to work on /home/airflow/.local/lib/python3.12/site-packages/airflow/example_dags/example_task_group.py
[2024-05-23T19:30:20.579+0000] {processor.py:830} INFO - Processing file /home/airflow/.local/lib/python3.12/site-packages/airflow/example_dags/example_task_group.py for tasks to queue
[2024-05-23T19:30:20.599+0000] {logging_mixin.py:188} INFO - [2024-05-23T19:30:20.598+0000] {dagbag.py:545} INFO - Filling up the DagBag from /home/airflow/.local/lib/python3.12/site-packages/airflow/example_dags/example_task_group.py
[2024-05-23T19:30:20.634+0000] {processor.py:840} INFO - DAG(s) 'example_task_group' retrieved from /home/airflow/.local/lib/python3.12/site-packages/airflow/example_dags/example_task_group.py
[2024-05-23T19:30:20.691+0000] {logging_mixin.py:188} INFO - [2024-05-23T19:30:20.690+0000] {dag.py:3096} INFO - Sync 1 DAGs
[2024-05-23T19:30:20.758+0000] {logging_mixin.py:188} INFO - [2024-05-23T19:30:20.758+0000] {dag.py:3954} INFO - Setting next_dagrun for example_task_group to 2024-05-22 00:00:00+00:00, run_after=2024-05-23 00:00:00+00:00
[2024-05-23T19:30:20.805+0000] {processor.py:183} INFO - Processing /home/airflow/.local/lib/python3.12/site-packages/airflow/example_dags/example_task_group.py took 0.255 seconds
[2024-05-23T19:30:51.059+0000] {processor.py:161} INFO - Started process (PID=761) to work on /home/airflow/.local/lib/python3.12/site-packages/airflow/example_dags/example_task_group.py
[2024-05-23T19:30:51.061+0000] {processor.py:830} INFO - Processing file /home/airflow/.local/lib/python3.12/site-packages/airflow/example_dags/example_task_group.py for tasks to queue
[2024-05-23T19:30:51.064+0000] {logging_mixin.py:188} INFO - [2024-05-23T19:30:51.064+0000] {dagbag.py:545} INFO - Filling up the DagBag from /home/airflow/.local/lib/python3.12/site-packages/airflow/example_dags/example_task_group.py
[2024-05-23T19:30:51.077+0000] {processor.py:840} INFO - DAG(s) 'example_task_group' retrieved from /home/airflow/.local/lib/python3.12/site-packages/airflow/example_dags/example_task_group.py
[2024-05-23T19:30:51.117+0000] {logging_mixin.py:188} INFO - [2024-05-23T19:30:51.116+0000] {dag.py:3096} INFO - Sync 1 DAGs
[2024-05-23T19:30:51.172+0000] {logging_mixin.py:188} INFO - [2024-05-23T19:30:51.171+0000] {dag.py:3954} INFO - Setting next_dagrun for example_task_group to 2024-05-22 00:00:00+00:00, run_after=2024-05-23 00:00:00+00:00
[2024-05-23T19:30:51.206+0000] {processor.py:183} INFO - Processing /home/airflow/.local/lib/python3.12/site-packages/airflow/example_dags/example_task_group.py took 0.157 seconds
[2024-05-23T19:31:21.342+0000] {processor.py:161} INFO - Started process (PID=1025) to work on /home/airflow/.local/lib/python3.12/site-packages/airflow/example_dags/example_task_group.py
[2024-05-23T19:31:21.344+0000] {processor.py:830} INFO - Processing file /home/airflow/.local/lib/python3.12/site-packages/airflow/example_dags/example_task_group.py for tasks to queue
[2024-05-23T19:31:21.346+0000] {logging_mixin.py:188} INFO - [2024-05-23T19:31:21.346+0000] {dagbag.py:545} INFO - Filling up the DagBag from /home/airflow/.local/lib/python3.12/site-packages/airflow/example_dags/example_task_group.py
[2024-05-23T19:31:21.357+0000] {processor.py:840} INFO - DAG(s) 'example_task_group' retrieved from /home/airflow/.local/lib/python3.12/site-packages/airflow/example_dags/example_task_group.py
[2024-05-23T19:31:21.391+0000] {logging_mixin.py:188} INFO - [2024-05-23T19:31:21.391+0000] {dag.py:3096} INFO - Sync 1 DAGs
[2024-05-23T19:31:21.424+0000] {logging_mixin.py:188} INFO - [2024-05-23T19:31:21.424+0000] {dag.py:3954} INFO - Setting next_dagrun for example_task_group to 2024-05-22 00:00:00+00:00, run_after=2024-05-23 00:00:00+00:00
[2024-05-23T19:31:21.452+0000] {processor.py:183} INFO - Processing /home/airflow/.local/lib/python3.12/site-packages/airflow/example_dags/example_task_group.py took 0.119 seconds
[2024-05-23T19:31:51.602+0000] {processor.py:161} INFO - Started process (PID=1287) to work on /home/airflow/.local/lib/python3.12/site-packages/airflow/example_dags/example_task_group.py
[2024-05-23T19:31:51.603+0000] {processor.py:830} INFO - Processing file /home/airflow/.local/lib/python3.12/site-packages/airflow/example_dags/example_task_group.py for tasks to queue
[2024-05-23T19:31:51.606+0000] {logging_mixin.py:188} INFO - [2024-05-23T19:31:51.605+0000] {dagbag.py:545} INFO - Filling up the DagBag from /home/airflow/.local/lib/python3.12/site-packages/airflow/example_dags/example_task_group.py
[2024-05-23T19:31:51.618+0000] {processor.py:840} INFO - DAG(s) 'example_task_group' retrieved from /home/airflow/.local/lib/python3.12/site-packages/airflow/example_dags/example_task_group.py
[2024-05-23T19:31:51.651+0000] {logging_mixin.py:188} INFO - [2024-05-23T19:31:51.651+0000] {dag.py:3096} INFO - Sync 1 DAGs
[2024-05-23T19:31:51.687+0000] {logging_mixin.py:188} INFO - [2024-05-23T19:31:51.686+0000] {dag.py:3954} INFO - Setting next_dagrun for example_task_group to 2024-05-22 00:00:00+00:00, run_after=2024-05-23 00:00:00+00:00
[2024-05-23T19:31:51.713+0000] {processor.py:183} INFO - Processing /home/airflow/.local/lib/python3.12/site-packages/airflow/example_dags/example_task_group.py took 0.120 seconds
[2024-05-23T19:32:22.094+0000] {processor.py:161} INFO - Started process (PID=1547) to work on /home/airflow/.local/lib/python3.12/site-packages/airflow/example_dags/example_task_group.py
[2024-05-23T19:32:22.096+0000] {processor.py:830} INFO - Processing file /home/airflow/.local/lib/python3.12/site-packages/airflow/example_dags/example_task_group.py for tasks to queue
[2024-05-23T19:32:22.100+0000] {logging_mixin.py:188} INFO - [2024-05-23T19:32:22.100+0000] {dagbag.py:545} INFO - Filling up the DagBag from /home/airflow/.local/lib/python3.12/site-packages/airflow/example_dags/example_task_group.py
[2024-05-23T19:32:22.113+0000] {processor.py:840} INFO - DAG(s) 'example_task_group' retrieved from /home/airflow/.local/lib/python3.12/site-packages/airflow/example_dags/example_task_group.py
[2024-05-23T19:32:22.152+0000] {logging_mixin.py:188} INFO - [2024-05-23T19:32:22.151+0000] {dag.py:3096} INFO - Sync 1 DAGs
[2024-05-23T19:32:22.189+0000] {logging_mixin.py:188} INFO - [2024-05-23T19:32:22.189+0000] {dag.py:3954} INFO - Setting next_dagrun for example_task_group to 2024-05-22 00:00:00+00:00, run_after=2024-05-23 00:00:00+00:00
[2024-05-23T19:32:22.221+0000] {processor.py:183} INFO - Processing /home/airflow/.local/lib/python3.12/site-packages/airflow/example_dags/example_task_group.py took 0.137 seconds
[2024-05-23T19:32:52.269+0000] {processor.py:161} INFO - Started process (PID=1809) to work on /home/airflow/.local/lib/python3.12/site-packages/airflow/example_dags/example_task_group.py
[2024-05-23T19:32:52.271+0000] {processor.py:830} INFO - Processing file /home/airflow/.local/lib/python3.12/site-packages/airflow/example_dags/example_task_group.py for tasks to queue
[2024-05-23T19:32:52.274+0000] {logging_mixin.py:188} INFO - [2024-05-23T19:32:52.273+0000] {dagbag.py:545} INFO - Filling up the DagBag from /home/airflow/.local/lib/python3.12/site-packages/airflow/example_dags/example_task_group.py
[2024-05-23T19:32:52.285+0000] {processor.py:840} INFO - DAG(s) 'example_task_group' retrieved from /home/airflow/.local/lib/python3.12/site-packages/airflow/example_dags/example_task_group.py
[2024-05-23T19:32:52.319+0000] {logging_mixin.py:188} INFO - [2024-05-23T19:32:52.319+0000] {dag.py:3096} INFO - Sync 1 DAGs
[2024-05-23T19:32:52.354+0000] {logging_mixin.py:188} INFO - [2024-05-23T19:32:52.354+0000] {dag.py:3954} INFO - Setting next_dagrun for example_task_group to 2024-05-22 00:00:00+00:00, run_after=2024-05-23 00:00:00+00:00
[2024-05-23T19:32:52.383+0000] {processor.py:183} INFO - Processing /home/airflow/.local/lib/python3.12/site-packages/airflow/example_dags/example_task_group.py took 0.123 seconds
[2024-05-23T19:33:22.823+0000] {processor.py:161} INFO - Started process (PID=2071) to work on /home/airflow/.local/lib/python3.12/site-packages/airflow/example_dags/example_task_group.py
[2024-05-23T19:33:22.825+0000] {processor.py:830} INFO - Processing file /home/airflow/.local/lib/python3.12/site-packages/airflow/example_dags/example_task_group.py for tasks to queue
[2024-05-23T19:33:22.828+0000] {logging_mixin.py:188} INFO - [2024-05-23T19:33:22.828+0000] {dagbag.py:545} INFO - Filling up the DagBag from /home/airflow/.local/lib/python3.12/site-packages/airflow/example_dags/example_task_group.py
[2024-05-23T19:33:22.839+0000] {processor.py:840} INFO - DAG(s) 'example_task_group' retrieved from /home/airflow/.local/lib/python3.12/site-packages/airflow/example_dags/example_task_group.py
[2024-05-23T19:33:22.873+0000] {logging_mixin.py:188} INFO - [2024-05-23T19:33:22.873+0000] {dag.py:3096} INFO - Sync 1 DAGs
[2024-05-23T19:33:22.908+0000] {logging_mixin.py:188} INFO - [2024-05-23T19:33:22.908+0000] {dag.py:3954} INFO - Setting next_dagrun for example_task_group to 2024-05-22 00:00:00+00:00, run_after=2024-05-23 00:00:00+00:00
[2024-05-23T19:33:22.935+0000] {processor.py:183} INFO - Processing /home/airflow/.local/lib/python3.12/site-packages/airflow/example_dags/example_task_group.py took 0.120 seconds
[2024-05-23T19:33:53.210+0000] {processor.py:161} INFO - Started process (PID=2333) to work on /home/airflow/.local/lib/python3.12/site-packages/airflow/example_dags/example_task_group.py
[2024-05-23T19:33:53.212+0000] {processor.py:830} INFO - Processing file /home/airflow/.local/lib/python3.12/site-packages/airflow/example_dags/example_task_group.py for tasks to queue
[2024-05-23T19:33:53.215+0000] {logging_mixin.py:188} INFO - [2024-05-23T19:33:53.214+0000] {dagbag.py:545} INFO - Filling up the DagBag from /home/airflow/.local/lib/python3.12/site-packages/airflow/example_dags/example_task_group.py
[2024-05-23T19:33:53.228+0000] {processor.py:840} INFO - DAG(s) 'example_task_group' retrieved from /home/airflow/.local/lib/python3.12/site-packages/airflow/example_dags/example_task_group.py
[2024-05-23T19:33:53.267+0000] {logging_mixin.py:188} INFO - [2024-05-23T19:33:53.267+0000] {dag.py:3096} INFO - Sync 1 DAGs
[2024-05-23T19:33:53.306+0000] {logging_mixin.py:188} INFO - [2024-05-23T19:33:53.306+0000] {dag.py:3954} INFO - Setting next_dagrun for example_task_group to 2024-05-22 00:00:00+00:00, run_after=2024-05-23 00:00:00+00:00
[2024-05-23T19:33:53.338+0000] {processor.py:183} INFO - Processing /home/airflow/.local/lib/python3.12/site-packages/airflow/example_dags/example_task_group.py took 0.138 seconds
[2024-05-23T19:34:24.022+0000] {processor.py:161} INFO - Started process (PID=2594) to work on /home/airflow/.local/lib/python3.12/site-packages/airflow/example_dags/example_task_group.py
[2024-05-23T19:34:24.024+0000] {processor.py:830} INFO - Processing file /home/airflow/.local/lib/python3.12/site-packages/airflow/example_dags/example_task_group.py for tasks to queue
[2024-05-23T19:34:24.027+0000] {logging_mixin.py:188} INFO - [2024-05-23T19:34:24.027+0000] {dagbag.py:545} INFO - Filling up the DagBag from /home/airflow/.local/lib/python3.12/site-packages/airflow/example_dags/example_task_group.py
[2024-05-23T19:34:24.039+0000] {processor.py:840} INFO - DAG(s) 'example_task_group' retrieved from /home/airflow/.local/lib/python3.12/site-packages/airflow/example_dags/example_task_group.py
[2024-05-23T19:34:24.074+0000] {logging_mixin.py:188} INFO - [2024-05-23T19:34:24.074+0000] {dag.py:3096} INFO - Sync 1 DAGs
[2024-05-23T19:34:24.116+0000] {logging_mixin.py:188} INFO - [2024-05-23T19:34:24.116+0000] {dag.py:3954} INFO - Setting next_dagrun for example_task_group to 2024-05-22 00:00:00+00:00, run_after=2024-05-23 00:00:00+00:00
[2024-05-23T19:34:24.156+0000] {processor.py:183} INFO - Processing /home/airflow/.local/lib/python3.12/site-packages/airflow/example_dags/example_task_group.py took 0.145 seconds
[2024-05-23T19:34:54.523+0000] {processor.py:161} INFO - Started process (PID=2866) to work on /home/airflow/.local/lib/python3.12/site-packages/airflow/example_dags/example_task_group.py
[2024-05-23T19:34:54.525+0000] {processor.py:830} INFO - Processing file /home/airflow/.local/lib/python3.12/site-packages/airflow/example_dags/example_task_group.py for tasks to queue
[2024-05-23T19:34:54.528+0000] {logging_mixin.py:188} INFO - [2024-05-23T19:34:54.527+0000] {dagbag.py:545} INFO - Filling up the DagBag from /home/airflow/.local/lib/python3.12/site-packages/airflow/example_dags/example_task_group.py
[2024-05-23T19:34:54.555+0000] {processor.py:840} INFO - DAG(s) 'example_task_group' retrieved from /home/airflow/.local/lib/python3.12/site-packages/airflow/example_dags/example_task_group.py
[2024-05-23T19:34:54.622+0000] {logging_mixin.py:188} INFO - [2024-05-23T19:34:54.622+0000] {dag.py:3096} INFO - Sync 1 DAGs
[2024-05-23T19:34:54.673+0000] {logging_mixin.py:188} INFO - [2024-05-23T19:34:54.673+0000] {dag.py:3954} INFO - Setting next_dagrun for example_task_group to 2024-05-22 00:00:00+00:00, run_after=2024-05-23 00:00:00+00:00
[2024-05-23T19:34:54.716+0000] {processor.py:183} INFO - Processing /home/airflow/.local/lib/python3.12/site-packages/airflow/example_dags/example_task_group.py took 0.204 seconds
[2024-05-23T19:35:25.031+0000] {processor.py:161} INFO - Started process (PID=3143) to work on /home/airflow/.local/lib/python3.12/site-packages/airflow/example_dags/example_task_group.py
[2024-05-23T19:35:25.032+0000] {processor.py:830} INFO - Processing file /home/airflow/.local/lib/python3.12/site-packages/airflow/example_dags/example_task_group.py for tasks to queue
[2024-05-23T19:35:25.036+0000] {logging_mixin.py:188} INFO - [2024-05-23T19:35:25.035+0000] {dagbag.py:545} INFO - Filling up the DagBag from /home/airflow/.local/lib/python3.12/site-packages/airflow/example_dags/example_task_group.py
[2024-05-23T19:35:25.048+0000] {processor.py:840} INFO - DAG(s) 'example_task_group' retrieved from /home/airflow/.local/lib/python3.12/site-packages/airflow/example_dags/example_task_group.py
[2024-05-23T19:35:25.085+0000] {logging_mixin.py:188} INFO - [2024-05-23T19:35:25.085+0000] {dag.py:3096} INFO - Sync 1 DAGs
[2024-05-23T19:35:25.122+0000] {logging_mixin.py:188} INFO - [2024-05-23T19:35:25.121+0000] {dag.py:3954} INFO - Setting next_dagrun for example_task_group to 2024-05-22 00:00:00+00:00, run_after=2024-05-23 00:00:00+00:00
[2024-05-23T19:35:25.154+0000] {processor.py:183} INFO - Processing /home/airflow/.local/lib/python3.12/site-packages/airflow/example_dags/example_task_group.py took 0.135 seconds
[2024-05-23T19:35:55.241+0000] {processor.py:161} INFO - Started process (PID=3405) to work on /home/airflow/.local/lib/python3.12/site-packages/airflow/example_dags/example_task_group.py
[2024-05-23T19:35:55.243+0000] {processor.py:830} INFO - Processing file /home/airflow/.local/lib/python3.12/site-packages/airflow/example_dags/example_task_group.py for tasks to queue
[2024-05-23T19:35:55.246+0000] {logging_mixin.py:188} INFO - [2024-05-23T19:35:55.246+0000] {dagbag.py:545} INFO - Filling up the DagBag from /home/airflow/.local/lib/python3.12/site-packages/airflow/example_dags/example_task_group.py
[2024-05-23T19:35:55.258+0000] {processor.py:840} INFO - DAG(s) 'example_task_group' retrieved from /home/airflow/.local/lib/python3.12/site-packages/airflow/example_dags/example_task_group.py
[2024-05-23T19:35:55.292+0000] {logging_mixin.py:188} INFO - [2024-05-23T19:35:55.292+0000] {dag.py:3096} INFO - Sync 1 DAGs
[2024-05-23T19:35:55.326+0000] {logging_mixin.py:188} INFO - [2024-05-23T19:35:55.326+0000] {dag.py:3954} INFO - Setting next_dagrun for example_task_group to 2024-05-22 00:00:00+00:00, run_after=2024-05-23 00:00:00+00:00
[2024-05-23T19:35:55.354+0000] {processor.py:183} INFO - Processing /home/airflow/.local/lib/python3.12/site-packages/airflow/example_dags/example_task_group.py took 0.122 seconds
[2024-05-23T19:36:25.631+0000] {processor.py:161} INFO - Started process (PID=3667) to work on /home/airflow/.local/lib/python3.12/site-packages/airflow/example_dags/example_task_group.py
[2024-05-23T19:36:25.632+0000] {processor.py:830} INFO - Processing file /home/airflow/.local/lib/python3.12/site-packages/airflow/example_dags/example_task_group.py for tasks to queue
[2024-05-23T19:36:25.635+0000] {logging_mixin.py:188} INFO - [2024-05-23T19:36:25.635+0000] {dagbag.py:545} INFO - Filling up the DagBag from /home/airflow/.local/lib/python3.12/site-packages/airflow/example_dags/example_task_group.py
[2024-05-23T19:36:25.648+0000] {processor.py:840} INFO - DAG(s) 'example_task_group' retrieved from /home/airflow/.local/lib/python3.12/site-packages/airflow/example_dags/example_task_group.py
[2024-05-23T19:36:25.681+0000] {logging_mixin.py:188} INFO - [2024-05-23T19:36:25.681+0000] {dag.py:3096} INFO - Sync 1 DAGs
[2024-05-23T19:36:25.734+0000] {logging_mixin.py:188} INFO - [2024-05-23T19:36:25.733+0000] {dag.py:3954} INFO - Setting next_dagrun for example_task_group to 2024-05-22 00:00:00+00:00, run_after=2024-05-23 00:00:00+00:00
[2024-05-23T19:36:25.769+0000] {processor.py:183} INFO - Processing /home/airflow/.local/lib/python3.12/site-packages/airflow/example_dags/example_task_group.py took 0.148 seconds
[2024-05-23T19:36:55.888+0000] {processor.py:161} INFO - Started process (PID=3929) to work on /home/airflow/.local/lib/python3.12/site-packages/airflow/example_dags/example_task_group.py
[2024-05-23T19:36:55.890+0000] {processor.py:830} INFO - Processing file /home/airflow/.local/lib/python3.12/site-packages/airflow/example_dags/example_task_group.py for tasks to queue
[2024-05-23T19:36:55.895+0000] {logging_mixin.py:188} INFO - [2024-05-23T19:36:55.894+0000] {dagbag.py:545} INFO - Filling up the DagBag from /home/airflow/.local/lib/python3.12/site-packages/airflow/example_dags/example_task_group.py
[2024-05-23T19:36:55.907+0000] {processor.py:840} INFO - DAG(s) 'example_task_group' retrieved from /home/airflow/.local/lib/python3.12/site-packages/airflow/example_dags/example_task_group.py
[2024-05-23T19:36:55.944+0000] {logging_mixin.py:188} INFO - [2024-05-23T19:36:55.944+0000] {dag.py:3096} INFO - Sync 1 DAGs
[2024-05-23T19:36:55.980+0000] {logging_mixin.py:188} INFO - [2024-05-23T19:36:55.979+0000] {dag.py:3954} INFO - Setting next_dagrun for example_task_group to 2024-05-22 00:00:00+00:00, run_after=2024-05-23 00:00:00+00:00
[2024-05-23T19:36:56.012+0000] {processor.py:183} INFO - Processing /home/airflow/.local/lib/python3.12/site-packages/airflow/example_dags/example_task_group.py took 0.133 seconds
[2024-05-23T19:37:26.163+0000] {processor.py:161} INFO - Started process (PID=4191) to work on /home/airflow/.local/lib/python3.12/site-packages/airflow/example_dags/example_task_group.py
[2024-05-23T19:37:26.164+0000] {processor.py:830} INFO - Processing file /home/airflow/.local/lib/python3.12/site-packages/airflow/example_dags/example_task_group.py for tasks to queue
[2024-05-23T19:37:26.167+0000] {logging_mixin.py:188} INFO - [2024-05-23T19:37:26.167+0000] {dagbag.py:545} INFO - Filling up the DagBag from /home/airflow/.local/lib/python3.12/site-packages/airflow/example_dags/example_task_group.py
[2024-05-23T19:37:26.180+0000] {processor.py:840} INFO - DAG(s) 'example_task_group' retrieved from /home/airflow/.local/lib/python3.12/site-packages/airflow/example_dags/example_task_group.py
[2024-05-23T19:37:26.215+0000] {logging_mixin.py:188} INFO - [2024-05-23T19:37:26.214+0000] {dag.py:3096} INFO - Sync 1 DAGs
[2024-05-23T19:37:26.250+0000] {logging_mixin.py:188} INFO - [2024-05-23T19:37:26.250+0000] {dag.py:3954} INFO - Setting next_dagrun for example_task_group to 2024-05-22 00:00:00+00:00, run_after=2024-05-23 00:00:00+00:00
[2024-05-23T19:37:26.282+0000] {processor.py:183} INFO - Processing /home/airflow/.local/lib/python3.12/site-packages/airflow/example_dags/example_task_group.py took 0.128 seconds
[2024-05-23T19:37:56.479+0000] {processor.py:161} INFO - Started process (PID=4453) to work on /home/airflow/.local/lib/python3.12/site-packages/airflow/example_dags/example_task_group.py
[2024-05-23T19:37:56.481+0000] {processor.py:830} INFO - Processing file /home/airflow/.local/lib/python3.12/site-packages/airflow/example_dags/example_task_group.py for tasks to queue
[2024-05-23T19:37:56.484+0000] {logging_mixin.py:188} INFO - [2024-05-23T19:37:56.483+0000] {dagbag.py:545} INFO - Filling up the DagBag from /home/airflow/.local/lib/python3.12/site-packages/airflow/example_dags/example_task_group.py
[2024-05-23T19:37:56.496+0000] {processor.py:840} INFO - DAG(s) 'example_task_group' retrieved from /home/airflow/.local/lib/python3.12/site-packages/airflow/example_dags/example_task_group.py
[2024-05-23T19:37:56.529+0000] {logging_mixin.py:188} INFO - [2024-05-23T19:37:56.529+0000] {dag.py:3096} INFO - Sync 1 DAGs
[2024-05-23T19:37:56.564+0000] {logging_mixin.py:188} INFO - [2024-05-23T19:37:56.563+0000] {dag.py:3954} INFO - Setting next_dagrun for example_task_group to 2024-05-22 00:00:00+00:00, run_after=2024-05-23 00:00:00+00:00
[2024-05-23T19:37:56.597+0000] {processor.py:183} INFO - Processing /home/airflow/.local/lib/python3.12/site-packages/airflow/example_dags/example_task_group.py took 0.127 seconds
[2024-05-23T19:38:26.864+0000] {processor.py:161} INFO - Started process (PID=4715) to work on /home/airflow/.local/lib/python3.12/site-packages/airflow/example_dags/example_task_group.py
[2024-05-23T19:38:26.866+0000] {processor.py:830} INFO - Processing file /home/airflow/.local/lib/python3.12/site-packages/airflow/example_dags/example_task_group.py for tasks to queue
[2024-05-23T19:38:26.869+0000] {logging_mixin.py:188} INFO - [2024-05-23T19:38:26.869+0000] {dagbag.py:545} INFO - Filling up the DagBag from /home/airflow/.local/lib/python3.12/site-packages/airflow/example_dags/example_task_group.py
[2024-05-23T19:38:26.880+0000] {processor.py:840} INFO - DAG(s) 'example_task_group' retrieved from /home/airflow/.local/lib/python3.12/site-packages/airflow/example_dags/example_task_group.py
[2024-05-23T19:38:26.913+0000] {logging_mixin.py:188} INFO - [2024-05-23T19:38:26.913+0000] {dag.py:3096} INFO - Sync 1 DAGs
[2024-05-23T19:38:26.946+0000] {logging_mixin.py:188} INFO - [2024-05-23T19:38:26.946+0000] {dag.py:3954} INFO - Setting next_dagrun for example_task_group to 2024-05-22 00:00:00+00:00, run_after=2024-05-23 00:00:00+00:00
[2024-05-23T19:38:26.973+0000] {processor.py:183} INFO - Processing /home/airflow/.local/lib/python3.12/site-packages/airflow/example_dags/example_task_group.py took 0.118 seconds
[2024-05-23T19:38:57.313+0000] {processor.py:161} INFO - Started process (PID=4977) to work on /home/airflow/.local/lib/python3.12/site-packages/airflow/example_dags/example_task_group.py
[2024-05-23T19:38:57.314+0000] {processor.py:830} INFO - Processing file /home/airflow/.local/lib/python3.12/site-packages/airflow/example_dags/example_task_group.py for tasks to queue
[2024-05-23T19:38:57.317+0000] {logging_mixin.py:188} INFO - [2024-05-23T19:38:57.317+0000] {dagbag.py:545} INFO - Filling up the DagBag from /home/airflow/.local/lib/python3.12/site-packages/airflow/example_dags/example_task_group.py
[2024-05-23T19:38:57.329+0000] {processor.py:840} INFO - DAG(s) 'example_task_group' retrieved from /home/airflow/.local/lib/python3.12/site-packages/airflow/example_dags/example_task_group.py
[2024-05-23T19:38:57.363+0000] {logging_mixin.py:188} INFO - [2024-05-23T19:38:57.363+0000] {dag.py:3096} INFO - Sync 1 DAGs
[2024-05-23T19:38:57.398+0000] {logging_mixin.py:188} INFO - [2024-05-23T19:38:57.397+0000] {dag.py:3954} INFO - Setting next_dagrun for example_task_group to 2024-05-22 00:00:00+00:00, run_after=2024-05-23 00:00:00+00:00
[2024-05-23T19:38:57.429+0000] {processor.py:183} INFO - Processing /home/airflow/.local/lib/python3.12/site-packages/airflow/example_dags/example_task_group.py took 0.126 seconds
[2024-05-23T19:39:28.022+0000] {processor.py:161} INFO - Started process (PID=5239) to work on /home/airflow/.local/lib/python3.12/site-packages/airflow/example_dags/example_task_group.py
[2024-05-23T19:39:28.025+0000] {processor.py:830} INFO - Processing file /home/airflow/.local/lib/python3.12/site-packages/airflow/example_dags/example_task_group.py for tasks to queue
[2024-05-23T19:39:28.027+0000] {logging_mixin.py:188} INFO - [2024-05-23T19:39:28.027+0000] {dagbag.py:545} INFO - Filling up the DagBag from /home/airflow/.local/lib/python3.12/site-packages/airflow/example_dags/example_task_group.py
[2024-05-23T19:39:28.038+0000] {processor.py:840} INFO - DAG(s) 'example_task_group' retrieved from /home/airflow/.local/lib/python3.12/site-packages/airflow/example_dags/example_task_group.py
[2024-05-23T19:39:28.071+0000] {logging_mixin.py:188} INFO - [2024-05-23T19:39:28.071+0000] {dag.py:3096} INFO - Sync 1 DAGs
[2024-05-23T19:39:28.104+0000] {logging_mixin.py:188} INFO - [2024-05-23T19:39:28.103+0000] {dag.py:3954} INFO - Setting next_dagrun for example_task_group to 2024-05-22 00:00:00+00:00, run_after=2024-05-23 00:00:00+00:00
[2024-05-23T19:39:28.129+0000] {processor.py:183} INFO - Processing /home/airflow/.local/lib/python3.12/site-packages/airflow/example_dags/example_task_group.py took 0.116 seconds
[2024-05-23T19:39:58.561+0000] {processor.py:161} INFO - Started process (PID=5501) to work on /home/airflow/.local/lib/python3.12/site-packages/airflow/example_dags/example_task_group.py
[2024-05-23T19:39:58.562+0000] {processor.py:830} INFO - Processing file /home/airflow/.local/lib/python3.12/site-packages/airflow/example_dags/example_task_group.py for tasks to queue
[2024-05-23T19:39:58.565+0000] {logging_mixin.py:188} INFO - [2024-05-23T19:39:58.565+0000] {dagbag.py:545} INFO - Filling up the DagBag from /home/airflow/.local/lib/python3.12/site-packages/airflow/example_dags/example_task_group.py
[2024-05-23T19:39:58.576+0000] {processor.py:840} INFO - DAG(s) 'example_task_group' retrieved from /home/airflow/.local/lib/python3.12/site-packages/airflow/example_dags/example_task_group.py
[2024-05-23T19:39:58.613+0000] {logging_mixin.py:188} INFO - [2024-05-23T19:39:58.613+0000] {dag.py:3096} INFO - Sync 1 DAGs
[2024-05-23T19:39:58.650+0000] {logging_mixin.py:188} INFO - [2024-05-23T19:39:58.650+0000] {dag.py:3954} INFO - Setting next_dagrun for example_task_group to 2024-05-22 00:00:00+00:00, run_after=2024-05-23 00:00:00+00:00
[2024-05-23T19:39:58.678+0000] {processor.py:183} INFO - Processing /home/airflow/.local/lib/python3.12/site-packages/airflow/example_dags/example_task_group.py took 0.127 seconds
[2024-05-23T19:40:29.062+0000] {processor.py:161} INFO - Started process (PID=5763) to work on /home/airflow/.local/lib/python3.12/site-packages/airflow/example_dags/example_task_group.py
[2024-05-23T19:40:29.064+0000] {processor.py:830} INFO - Processing file /home/airflow/.local/lib/python3.12/site-packages/airflow/example_dags/example_task_group.py for tasks to queue
[2024-05-23T19:40:29.068+0000] {logging_mixin.py:188} INFO - [2024-05-23T19:40:29.067+0000] {dagbag.py:545} INFO - Filling up the DagBag from /home/airflow/.local/lib/python3.12/site-packages/airflow/example_dags/example_task_group.py
[2024-05-23T19:40:29.080+0000] {processor.py:840} INFO - DAG(s) 'example_task_group' retrieved from /home/airflow/.local/lib/python3.12/site-packages/airflow/example_dags/example_task_group.py
[2024-05-23T19:40:29.120+0000] {logging_mixin.py:188} INFO - [2024-05-23T19:40:29.120+0000] {dag.py:3096} INFO - Sync 1 DAGs
[2024-05-23T19:40:29.171+0000] {logging_mixin.py:188} INFO - [2024-05-23T19:40:29.171+0000] {dag.py:3954} INFO - Setting next_dagrun for example_task_group to 2024-05-22 00:00:00+00:00, run_after=2024-05-23 00:00:00+00:00
[2024-05-23T19:40:29.206+0000] {processor.py:183} INFO - Processing /home/airflow/.local/lib/python3.12/site-packages/airflow/example_dags/example_task_group.py took 0.155 seconds
[2024-05-23T19:40:59.455+0000] {processor.py:161} INFO - Started process (PID=6025) to work on /home/airflow/.local/lib/python3.12/site-packages/airflow/example_dags/example_task_group.py
[2024-05-23T19:40:59.456+0000] {processor.py:830} INFO - Processing file /home/airflow/.local/lib/python3.12/site-packages/airflow/example_dags/example_task_group.py for tasks to queue
[2024-05-23T19:40:59.459+0000] {logging_mixin.py:188} INFO - [2024-05-23T19:40:59.459+0000] {dagbag.py:545} INFO - Filling up the DagBag from /home/airflow/.local/lib/python3.12/site-packages/airflow/example_dags/example_task_group.py
[2024-05-23T19:40:59.470+0000] {processor.py:840} INFO - DAG(s) 'example_task_group' retrieved from /home/airflow/.local/lib/python3.12/site-packages/airflow/example_dags/example_task_group.py
[2024-05-23T19:40:59.504+0000] {logging_mixin.py:188} INFO - [2024-05-23T19:40:59.504+0000] {dag.py:3096} INFO - Sync 1 DAGs
[2024-05-23T19:40:59.539+0000] {logging_mixin.py:188} INFO - [2024-05-23T19:40:59.539+0000] {dag.py:3954} INFO - Setting next_dagrun for example_task_group to 2024-05-22 00:00:00+00:00, run_after=2024-05-23 00:00:00+00:00
[2024-05-23T19:40:59.566+0000] {processor.py:183} INFO - Processing /home/airflow/.local/lib/python3.12/site-packages/airflow/example_dags/example_task_group.py took 0.120 seconds
[2024-05-23T19:41:30.091+0000] {processor.py:161} INFO - Started process (PID=6287) to work on /home/airflow/.local/lib/python3.12/site-packages/airflow/example_dags/example_task_group.py
[2024-05-23T19:41:30.093+0000] {processor.py:830} INFO - Processing file /home/airflow/.local/lib/python3.12/site-packages/airflow/example_dags/example_task_group.py for tasks to queue
[2024-05-23T19:41:30.095+0000] {logging_mixin.py:188} INFO - [2024-05-23T19:41:30.095+0000] {dagbag.py:545} INFO - Filling up the DagBag from /home/airflow/.local/lib/python3.12/site-packages/airflow/example_dags/example_task_group.py
[2024-05-23T19:41:30.105+0000] {processor.py:840} INFO - DAG(s) 'example_task_group' retrieved from /home/airflow/.local/lib/python3.12/site-packages/airflow/example_dags/example_task_group.py
[2024-05-23T19:41:30.138+0000] {logging_mixin.py:188} INFO - [2024-05-23T19:41:30.138+0000] {dag.py:3096} INFO - Sync 1 DAGs
[2024-05-23T19:41:30.171+0000] {logging_mixin.py:188} INFO - [2024-05-23T19:41:30.171+0000] {dag.py:3954} INFO - Setting next_dagrun for example_task_group to 2024-05-22 00:00:00+00:00, run_after=2024-05-23 00:00:00+00:00
[2024-05-23T19:41:30.198+0000] {processor.py:183} INFO - Processing /home/airflow/.local/lib/python3.12/site-packages/airflow/example_dags/example_task_group.py took 0.116 seconds
[2024-05-23T19:42:00.532+0000] {processor.py:161} INFO - Started process (PID=6548) to work on /home/airflow/.local/lib/python3.12/site-packages/airflow/example_dags/example_task_group.py
[2024-05-23T19:42:00.534+0000] {processor.py:830} INFO - Processing file /home/airflow/.local/lib/python3.12/site-packages/airflow/example_dags/example_task_group.py for tasks to queue
[2024-05-23T19:42:00.537+0000] {logging_mixin.py:188} INFO - [2024-05-23T19:42:00.537+0000] {dagbag.py:545} INFO - Filling up the DagBag from /home/airflow/.local/lib/python3.12/site-packages/airflow/example_dags/example_task_group.py
[2024-05-23T19:42:00.553+0000] {processor.py:840} INFO - DAG(s) 'example_task_group' retrieved from /home/airflow/.local/lib/python3.12/site-packages/airflow/example_dags/example_task_group.py
[2024-05-23T19:42:00.589+0000] {logging_mixin.py:188} INFO - [2024-05-23T19:42:00.589+0000] {dag.py:3096} INFO - Sync 1 DAGs
[2024-05-23T19:42:00.633+0000] {logging_mixin.py:188} INFO - [2024-05-23T19:42:00.633+0000] {dag.py:3954} INFO - Setting next_dagrun for example_task_group to 2024-05-22 00:00:00+00:00, run_after=2024-05-23 00:00:00+00:00
[2024-05-23T19:42:00.667+0000] {processor.py:183} INFO - Processing /home/airflow/.local/lib/python3.12/site-packages/airflow/example_dags/example_task_group.py took 0.145 seconds
[2024-05-23T19:42:30.735+0000] {processor.py:161} INFO - Started process (PID=6810) to work on /home/airflow/.local/lib/python3.12/site-packages/airflow/example_dags/example_task_group.py
[2024-05-23T19:42:30.737+0000] {processor.py:830} INFO - Processing file /home/airflow/.local/lib/python3.12/site-packages/airflow/example_dags/example_task_group.py for tasks to queue
[2024-05-23T19:42:30.740+0000] {logging_mixin.py:188} INFO - [2024-05-23T19:42:30.739+0000] {dagbag.py:545} INFO - Filling up the DagBag from /home/airflow/.local/lib/python3.12/site-packages/airflow/example_dags/example_task_group.py
[2024-05-23T19:42:30.750+0000] {processor.py:840} INFO - DAG(s) 'example_task_group' retrieved from /home/airflow/.local/lib/python3.12/site-packages/airflow/example_dags/example_task_group.py
[2024-05-23T19:42:30.780+0000] {logging_mixin.py:188} INFO - [2024-05-23T19:42:30.779+0000] {dag.py:3096} INFO - Sync 1 DAGs
[2024-05-23T19:42:30.809+0000] {logging_mixin.py:188} INFO - [2024-05-23T19:42:30.809+0000] {dag.py:3954} INFO - Setting next_dagrun for example_task_group to 2024-05-22 00:00:00+00:00, run_after=2024-05-23 00:00:00+00:00
[2024-05-23T19:42:30.834+0000] {processor.py:183} INFO - Processing /home/airflow/.local/lib/python3.12/site-packages/airflow/example_dags/example_task_group.py took 0.106 seconds
[2024-05-23T19:43:01.204+0000] {processor.py:161} INFO - Started process (PID=7074) to work on /home/airflow/.local/lib/python3.12/site-packages/airflow/example_dags/example_task_group.py
[2024-05-23T19:43:01.206+0000] {processor.py:830} INFO - Processing file /home/airflow/.local/lib/python3.12/site-packages/airflow/example_dags/example_task_group.py for tasks to queue
[2024-05-23T19:43:01.208+0000] {logging_mixin.py:188} INFO - [2024-05-23T19:43:01.208+0000] {dagbag.py:545} INFO - Filling up the DagBag from /home/airflow/.local/lib/python3.12/site-packages/airflow/example_dags/example_task_group.py
[2024-05-23T19:43:01.218+0000] {processor.py:840} INFO - DAG(s) 'example_task_group' retrieved from /home/airflow/.local/lib/python3.12/site-packages/airflow/example_dags/example_task_group.py
[2024-05-23T19:43:01.250+0000] {logging_mixin.py:188} INFO - [2024-05-23T19:43:01.249+0000] {dag.py:3096} INFO - Sync 1 DAGs
[2024-05-23T19:43:01.282+0000] {logging_mixin.py:188} INFO - [2024-05-23T19:43:01.281+0000] {dag.py:3954} INFO - Setting next_dagrun for example_task_group to 2024-05-22 00:00:00+00:00, run_after=2024-05-23 00:00:00+00:00
[2024-05-23T19:43:01.314+0000] {processor.py:183} INFO - Processing /home/airflow/.local/lib/python3.12/site-packages/airflow/example_dags/example_task_group.py took 0.117 seconds
[2024-05-23T19:43:31.416+0000] {processor.py:161} INFO - Started process (PID=7334) to work on /home/airflow/.local/lib/python3.12/site-packages/airflow/example_dags/example_task_group.py
[2024-05-23T19:43:31.418+0000] {processor.py:830} INFO - Processing file /home/airflow/.local/lib/python3.12/site-packages/airflow/example_dags/example_task_group.py for tasks to queue
[2024-05-23T19:43:31.420+0000] {logging_mixin.py:188} INFO - [2024-05-23T19:43:31.420+0000] {dagbag.py:545} INFO - Filling up the DagBag from /home/airflow/.local/lib/python3.12/site-packages/airflow/example_dags/example_task_group.py
[2024-05-23T19:43:31.432+0000] {processor.py:840} INFO - DAG(s) 'example_task_group' retrieved from /home/airflow/.local/lib/python3.12/site-packages/airflow/example_dags/example_task_group.py
[2024-05-23T19:43:31.466+0000] {logging_mixin.py:188} INFO - [2024-05-23T19:43:31.466+0000] {dag.py:3096} INFO - Sync 1 DAGs
[2024-05-23T19:43:31.501+0000] {logging_mixin.py:188} INFO - [2024-05-23T19:43:31.501+0000] {dag.py:3954} INFO - Setting next_dagrun for example_task_group to 2024-05-22 00:00:00+00:00, run_after=2024-05-23 00:00:00+00:00
[2024-05-23T19:43:31.528+0000] {processor.py:183} INFO - Processing /home/airflow/.local/lib/python3.12/site-packages/airflow/example_dags/example_task_group.py took 0.120 seconds
[2024-05-23T19:44:02.090+0000] {processor.py:161} INFO - Started process (PID=7596) to work on /home/airflow/.local/lib/python3.12/site-packages/airflow/example_dags/example_task_group.py
[2024-05-23T19:44:02.091+0000] {processor.py:830} INFO - Processing file /home/airflow/.local/lib/python3.12/site-packages/airflow/example_dags/example_task_group.py for tasks to queue
[2024-05-23T19:44:02.094+0000] {logging_mixin.py:188} INFO - [2024-05-23T19:44:02.094+0000] {dagbag.py:545} INFO - Filling up the DagBag from /home/airflow/.local/lib/python3.12/site-packages/airflow/example_dags/example_task_group.py
[2024-05-23T19:44:02.105+0000] {processor.py:840} INFO - DAG(s) 'example_task_group' retrieved from /home/airflow/.local/lib/python3.12/site-packages/airflow/example_dags/example_task_group.py
[2024-05-23T19:44:02.138+0000] {logging_mixin.py:188} INFO - [2024-05-23T19:44:02.138+0000] {dag.py:3096} INFO - Sync 1 DAGs
[2024-05-23T19:44:02.171+0000] {logging_mixin.py:188} INFO - [2024-05-23T19:44:02.171+0000] {dag.py:3954} INFO - Setting next_dagrun for example_task_group to 2024-05-22 00:00:00+00:00, run_after=2024-05-23 00:00:00+00:00
[2024-05-23T19:44:02.200+0000] {processor.py:183} INFO - Processing /home/airflow/.local/lib/python3.12/site-packages/airflow/example_dags/example_task_group.py took 0.119 seconds
[2024-05-23T19:44:32.813+0000] {processor.py:161} INFO - Started process (PID=7852) to work on /home/airflow/.local/lib/python3.12/site-packages/airflow/example_dags/example_task_group.py
[2024-05-23T19:44:32.816+0000] {processor.py:830} INFO - Processing file /home/airflow/.local/lib/python3.12/site-packages/airflow/example_dags/example_task_group.py for tasks to queue
[2024-05-23T19:44:32.819+0000] {logging_mixin.py:188} INFO - [2024-05-23T19:44:32.818+0000] {dagbag.py:545} INFO - Filling up the DagBag from /home/airflow/.local/lib/python3.12/site-packages/airflow/example_dags/example_task_group.py
[2024-05-23T19:44:32.829+0000] {processor.py:840} INFO - DAG(s) 'example_task_group' retrieved from /home/airflow/.local/lib/python3.12/site-packages/airflow/example_dags/example_task_group.py
[2024-05-23T19:44:32.861+0000] {logging_mixin.py:188} INFO - [2024-05-23T19:44:32.860+0000] {dag.py:3096} INFO - Sync 1 DAGs
[2024-05-23T19:44:32.892+0000] {logging_mixin.py:188} INFO - [2024-05-23T19:44:32.892+0000] {dag.py:3954} INFO - Setting next_dagrun for example_task_group to 2024-05-22 00:00:00+00:00, run_after=2024-05-23 00:00:00+00:00
[2024-05-23T19:44:32.920+0000] {processor.py:183} INFO - Processing /home/airflow/.local/lib/python3.12/site-packages/airflow/example_dags/example_task_group.py took 0.115 seconds
[2024-05-23T19:45:03.257+0000] {processor.py:161} INFO - Started process (PID=8114) to work on /home/airflow/.local/lib/python3.12/site-packages/airflow/example_dags/example_task_group.py
[2024-05-23T19:45:03.259+0000] {processor.py:830} INFO - Processing file /home/airflow/.local/lib/python3.12/site-packages/airflow/example_dags/example_task_group.py for tasks to queue
[2024-05-23T19:45:03.261+0000] {logging_mixin.py:188} INFO - [2024-05-23T19:45:03.261+0000] {dagbag.py:545} INFO - Filling up the DagBag from /home/airflow/.local/lib/python3.12/site-packages/airflow/example_dags/example_task_group.py
[2024-05-23T19:45:03.273+0000] {processor.py:840} INFO - DAG(s) 'example_task_group' retrieved from /home/airflow/.local/lib/python3.12/site-packages/airflow/example_dags/example_task_group.py
[2024-05-23T19:45:03.303+0000] {logging_mixin.py:188} INFO - [2024-05-23T19:45:03.303+0000] {dag.py:3096} INFO - Sync 1 DAGs
[2024-05-23T19:45:03.333+0000] {logging_mixin.py:188} INFO - [2024-05-23T19:45:03.332+0000] {dag.py:3954} INFO - Setting next_dagrun for example_task_group to 2024-05-22 00:00:00+00:00, run_after=2024-05-23 00:00:00+00:00
[2024-05-23T19:45:03.359+0000] {processor.py:183} INFO - Processing /home/airflow/.local/lib/python3.12/site-packages/airflow/example_dags/example_task_group.py took 0.110 seconds
[2024-05-23T19:45:33.708+0000] {processor.py:161} INFO - Started process (PID=8376) to work on /home/airflow/.local/lib/python3.12/site-packages/airflow/example_dags/example_task_group.py
[2024-05-23T19:45:33.710+0000] {processor.py:830} INFO - Processing file /home/airflow/.local/lib/python3.12/site-packages/airflow/example_dags/example_task_group.py for tasks to queue
[2024-05-23T19:45:33.713+0000] {logging_mixin.py:188} INFO - [2024-05-23T19:45:33.712+0000] {dagbag.py:545} INFO - Filling up the DagBag from /home/airflow/.local/lib/python3.12/site-packages/airflow/example_dags/example_task_group.py
[2024-05-23T19:45:33.723+0000] {processor.py:840} INFO - DAG(s) 'example_task_group' retrieved from /home/airflow/.local/lib/python3.12/site-packages/airflow/example_dags/example_task_group.py
[2024-05-23T19:45:33.753+0000] {logging_mixin.py:188} INFO - [2024-05-23T19:45:33.753+0000] {dag.py:3096} INFO - Sync 1 DAGs
[2024-05-23T19:45:33.784+0000] {logging_mixin.py:188} INFO - [2024-05-23T19:45:33.783+0000] {dag.py:3954} INFO - Setting next_dagrun for example_task_group to 2024-05-22 00:00:00+00:00, run_after=2024-05-23 00:00:00+00:00
[2024-05-23T19:45:33.808+0000] {processor.py:183} INFO - Processing /home/airflow/.local/lib/python3.12/site-packages/airflow/example_dags/example_task_group.py took 0.108 seconds
[2024-05-23T19:46:03.959+0000] {processor.py:161} INFO - Started process (PID=8638) to work on /home/airflow/.local/lib/python3.12/site-packages/airflow/example_dags/example_task_group.py
[2024-05-23T19:46:03.961+0000] {processor.py:830} INFO - Processing file /home/airflow/.local/lib/python3.12/site-packages/airflow/example_dags/example_task_group.py for tasks to queue
[2024-05-23T19:46:03.963+0000] {logging_mixin.py:188} INFO - [2024-05-23T19:46:03.963+0000] {dagbag.py:545} INFO - Filling up the DagBag from /home/airflow/.local/lib/python3.12/site-packages/airflow/example_dags/example_task_group.py
[2024-05-23T19:46:03.973+0000] {processor.py:840} INFO - DAG(s) 'example_task_group' retrieved from /home/airflow/.local/lib/python3.12/site-packages/airflow/example_dags/example_task_group.py
[2024-05-23T19:46:04.003+0000] {logging_mixin.py:188} INFO - [2024-05-23T19:46:04.002+0000] {dag.py:3096} INFO - Sync 1 DAGs
[2024-05-23T19:46:04.032+0000] {logging_mixin.py:188} INFO - [2024-05-23T19:46:04.032+0000] {dag.py:3954} INFO - Setting next_dagrun for example_task_group to 2024-05-22 00:00:00+00:00, run_after=2024-05-23 00:00:00+00:00
[2024-05-23T19:46:04.055+0000] {processor.py:183} INFO - Processing /home/airflow/.local/lib/python3.12/site-packages/airflow/example_dags/example_task_group.py took 0.103 seconds
[2024-05-23T19:46:34.220+0000] {processor.py:161} INFO - Started process (PID=8900) to work on /home/airflow/.local/lib/python3.12/site-packages/airflow/example_dags/example_task_group.py
[2024-05-23T19:46:34.221+0000] {processor.py:830} INFO - Processing file /home/airflow/.local/lib/python3.12/site-packages/airflow/example_dags/example_task_group.py for tasks to queue
[2024-05-23T19:46:34.223+0000] {logging_mixin.py:188} INFO - [2024-05-23T19:46:34.223+0000] {dagbag.py:545} INFO - Filling up the DagBag from /home/airflow/.local/lib/python3.12/site-packages/airflow/example_dags/example_task_group.py
[2024-05-23T19:46:34.233+0000] {processor.py:840} INFO - DAG(s) 'example_task_group' retrieved from /home/airflow/.local/lib/python3.12/site-packages/airflow/example_dags/example_task_group.py
[2024-05-23T19:46:34.263+0000] {logging_mixin.py:188} INFO - [2024-05-23T19:46:34.262+0000] {dag.py:3096} INFO - Sync 1 DAGs
[2024-05-23T19:46:34.292+0000] {logging_mixin.py:188} INFO - [2024-05-23T19:46:34.292+0000] {dag.py:3954} INFO - Setting next_dagrun for example_task_group to 2024-05-22 00:00:00+00:00, run_after=2024-05-23 00:00:00+00:00
[2024-05-23T19:46:34.316+0000] {processor.py:183} INFO - Processing /home/airflow/.local/lib/python3.12/site-packages/airflow/example_dags/example_task_group.py took 0.105 seconds
[2024-05-23T19:47:04.490+0000] {processor.py:161} INFO - Started process (PID=9162) to work on /home/airflow/.local/lib/python3.12/site-packages/airflow/example_dags/example_task_group.py
[2024-05-23T19:47:04.492+0000] {processor.py:830} INFO - Processing file /home/airflow/.local/lib/python3.12/site-packages/airflow/example_dags/example_task_group.py for tasks to queue
[2024-05-23T19:47:04.494+0000] {logging_mixin.py:188} INFO - [2024-05-23T19:47:04.494+0000] {dagbag.py:545} INFO - Filling up the DagBag from /home/airflow/.local/lib/python3.12/site-packages/airflow/example_dags/example_task_group.py
[2024-05-23T19:47:04.504+0000] {processor.py:840} INFO - DAG(s) 'example_task_group' retrieved from /home/airflow/.local/lib/python3.12/site-packages/airflow/example_dags/example_task_group.py
[2024-05-23T19:47:04.533+0000] {logging_mixin.py:188} INFO - [2024-05-23T19:47:04.533+0000] {dag.py:3096} INFO - Sync 1 DAGs
[2024-05-23T19:47:04.563+0000] {logging_mixin.py:188} INFO - [2024-05-23T19:47:04.562+0000] {dag.py:3954} INFO - Setting next_dagrun for example_task_group to 2024-05-22 00:00:00+00:00, run_after=2024-05-23 00:00:00+00:00
[2024-05-23T19:47:04.586+0000] {processor.py:183} INFO - Processing /home/airflow/.local/lib/python3.12/site-packages/airflow/example_dags/example_task_group.py took 0.104 seconds
[2024-05-23T19:47:34.646+0000] {processor.py:161} INFO - Started process (PID=9424) to work on /home/airflow/.local/lib/python3.12/site-packages/airflow/example_dags/example_task_group.py
[2024-05-23T19:47:34.648+0000] {processor.py:830} INFO - Processing file /home/airflow/.local/lib/python3.12/site-packages/airflow/example_dags/example_task_group.py for tasks to queue
[2024-05-23T19:47:34.650+0000] {logging_mixin.py:188} INFO - [2024-05-23T19:47:34.650+0000] {dagbag.py:545} INFO - Filling up the DagBag from /home/airflow/.local/lib/python3.12/site-packages/airflow/example_dags/example_task_group.py
[2024-05-23T19:47:34.660+0000] {processor.py:840} INFO - DAG(s) 'example_task_group' retrieved from /home/airflow/.local/lib/python3.12/site-packages/airflow/example_dags/example_task_group.py
[2024-05-23T19:47:34.689+0000] {logging_mixin.py:188} INFO - [2024-05-23T19:47:34.689+0000] {dag.py:3096} INFO - Sync 1 DAGs
[2024-05-23T19:47:34.719+0000] {logging_mixin.py:188} INFO - [2024-05-23T19:47:34.719+0000] {dag.py:3954} INFO - Setting next_dagrun for example_task_group to 2024-05-22 00:00:00+00:00, run_after=2024-05-23 00:00:00+00:00
[2024-05-23T19:47:34.743+0000] {processor.py:183} INFO - Processing /home/airflow/.local/lib/python3.12/site-packages/airflow/example_dags/example_task_group.py took 0.104 seconds
[2024-05-23T19:48:05.775+0000] {processor.py:161} INFO - Started process (PID=9688) to work on /home/airflow/.local/lib/python3.12/site-packages/airflow/example_dags/example_task_group.py
[2024-05-23T19:48:05.777+0000] {processor.py:830} INFO - Processing file /home/airflow/.local/lib/python3.12/site-packages/airflow/example_dags/example_task_group.py for tasks to queue
[2024-05-23T19:48:05.779+0000] {logging_mixin.py:188} INFO - [2024-05-23T19:48:05.779+0000] {dagbag.py:545} INFO - Filling up the DagBag from /home/airflow/.local/lib/python3.12/site-packages/airflow/example_dags/example_task_group.py
[2024-05-23T19:48:05.789+0000] {processor.py:840} INFO - DAG(s) 'example_task_group' retrieved from /home/airflow/.local/lib/python3.12/site-packages/airflow/example_dags/example_task_group.py
[2024-05-23T19:48:05.818+0000] {logging_mixin.py:188} INFO - [2024-05-23T19:48:05.818+0000] {dag.py:3096} INFO - Sync 1 DAGs
[2024-05-23T19:48:05.847+0000] {logging_mixin.py:188} INFO - [2024-05-23T19:48:05.847+0000] {dag.py:3954} INFO - Setting next_dagrun for example_task_group to 2024-05-22 00:00:00+00:00, run_after=2024-05-23 00:00:00+00:00
[2024-05-23T19:48:06.007+0000] {processor.py:183} INFO - Processing /home/airflow/.local/lib/python3.12/site-packages/airflow/example_dags/example_task_group.py took 0.239 seconds
[2024-05-23T19:48:36.597+0000] {processor.py:161} INFO - Started process (PID=9948) to work on /home/airflow/.local/lib/python3.12/site-packages/airflow/example_dags/example_task_group.py
[2024-05-23T19:48:36.599+0000] {processor.py:830} INFO - Processing file /home/airflow/.local/lib/python3.12/site-packages/airflow/example_dags/example_task_group.py for tasks to queue
[2024-05-23T19:48:36.603+0000] {logging_mixin.py:188} INFO - [2024-05-23T19:48:36.602+0000] {dagbag.py:545} INFO - Filling up the DagBag from /home/airflow/.local/lib/python3.12/site-packages/airflow/example_dags/example_task_group.py
[2024-05-23T19:48:36.613+0000] {processor.py:840} INFO - DAG(s) 'example_task_group' retrieved from /home/airflow/.local/lib/python3.12/site-packages/airflow/example_dags/example_task_group.py
[2024-05-23T19:48:36.645+0000] {logging_mixin.py:188} INFO - [2024-05-23T19:48:36.644+0000] {dag.py:3096} INFO - Sync 1 DAGs
[2024-05-23T19:48:36.679+0000] {logging_mixin.py:188} INFO - [2024-05-23T19:48:36.679+0000] {dag.py:3954} INFO - Setting next_dagrun for example_task_group to 2024-05-22 00:00:00+00:00, run_after=2024-05-23 00:00:00+00:00
[2024-05-23T19:48:36.708+0000] {processor.py:183} INFO - Processing /home/airflow/.local/lib/python3.12/site-packages/airflow/example_dags/example_task_group.py took 0.122 seconds
[2024-05-23T19:49:06.842+0000] {processor.py:161} INFO - Started process (PID=10210) to work on /home/airflow/.local/lib/python3.12/site-packages/airflow/example_dags/example_task_group.py
[2024-05-23T19:49:06.844+0000] {processor.py:830} INFO - Processing file /home/airflow/.local/lib/python3.12/site-packages/airflow/example_dags/example_task_group.py for tasks to queue
[2024-05-23T19:49:06.847+0000] {logging_mixin.py:188} INFO - [2024-05-23T19:49:06.846+0000] {dagbag.py:545} INFO - Filling up the DagBag from /home/airflow/.local/lib/python3.12/site-packages/airflow/example_dags/example_task_group.py
[2024-05-23T19:49:06.859+0000] {processor.py:840} INFO - DAG(s) 'example_task_group' retrieved from /home/airflow/.local/lib/python3.12/site-packages/airflow/example_dags/example_task_group.py
[2024-05-23T19:49:06.891+0000] {logging_mixin.py:188} INFO - [2024-05-23T19:49:06.891+0000] {dag.py:3096} INFO - Sync 1 DAGs
[2024-05-23T19:49:06.924+0000] {logging_mixin.py:188} INFO - [2024-05-23T19:49:06.924+0000] {dag.py:3954} INFO - Setting next_dagrun for example_task_group to 2024-05-22 00:00:00+00:00, run_after=2024-05-23 00:00:00+00:00
[2024-05-23T19:49:06.950+0000] {processor.py:183} INFO - Processing /home/airflow/.local/lib/python3.12/site-packages/airflow/example_dags/example_task_group.py took 0.118 seconds
[2024-05-23T19:49:37.156+0000] {processor.py:161} INFO - Started process (PID=10472) to work on /home/airflow/.local/lib/python3.12/site-packages/airflow/example_dags/example_task_group.py
[2024-05-23T19:49:37.158+0000] {processor.py:830} INFO - Processing file /home/airflow/.local/lib/python3.12/site-packages/airflow/example_dags/example_task_group.py for tasks to queue
[2024-05-23T19:49:37.160+0000] {logging_mixin.py:188} INFO - [2024-05-23T19:49:37.160+0000] {dagbag.py:545} INFO - Filling up the DagBag from /home/airflow/.local/lib/python3.12/site-packages/airflow/example_dags/example_task_group.py
[2024-05-23T19:49:37.172+0000] {processor.py:840} INFO - DAG(s) 'example_task_group' retrieved from /home/airflow/.local/lib/python3.12/site-packages/airflow/example_dags/example_task_group.py
[2024-05-23T19:49:37.208+0000] {logging_mixin.py:188} INFO - [2024-05-23T19:49:37.208+0000] {dag.py:3096} INFO - Sync 1 DAGs
[2024-05-23T19:49:37.242+0000] {logging_mixin.py:188} INFO - [2024-05-23T19:49:37.241+0000] {dag.py:3954} INFO - Setting next_dagrun for example_task_group to 2024-05-22 00:00:00+00:00, run_after=2024-05-23 00:00:00+00:00
[2024-05-23T19:49:37.272+0000] {processor.py:183} INFO - Processing /home/airflow/.local/lib/python3.12/site-packages/airflow/example_dags/example_task_group.py took 0.126 seconds
[2024-05-23T19:50:07.646+0000] {processor.py:161} INFO - Started process (PID=10734) to work on /home/airflow/.local/lib/python3.12/site-packages/airflow/example_dags/example_task_group.py
[2024-05-23T19:50:07.648+0000] {processor.py:830} INFO - Processing file /home/airflow/.local/lib/python3.12/site-packages/airflow/example_dags/example_task_group.py for tasks to queue
[2024-05-23T19:50:07.651+0000] {logging_mixin.py:188} INFO - [2024-05-23T19:50:07.651+0000] {dagbag.py:545} INFO - Filling up the DagBag from /home/airflow/.local/lib/python3.12/site-packages/airflow/example_dags/example_task_group.py
[2024-05-23T19:50:07.661+0000] {processor.py:840} INFO - DAG(s) 'example_task_group' retrieved from /home/airflow/.local/lib/python3.12/site-packages/airflow/example_dags/example_task_group.py
[2024-05-23T19:50:07.694+0000] {logging_mixin.py:188} INFO - [2024-05-23T19:50:07.694+0000] {dag.py:3096} INFO - Sync 1 DAGs
[2024-05-23T19:50:07.727+0000] {logging_mixin.py:188} INFO - [2024-05-23T19:50:07.727+0000] {dag.py:3954} INFO - Setting next_dagrun for example_task_group to 2024-05-22 00:00:00+00:00, run_after=2024-05-23 00:00:00+00:00
[2024-05-23T19:50:07.758+0000] {processor.py:183} INFO - Processing /home/airflow/.local/lib/python3.12/site-packages/airflow/example_dags/example_task_group.py took 0.121 seconds
[2024-05-23T19:50:38.836+0000] {processor.py:161} INFO - Started process (PID=10996) to work on /home/airflow/.local/lib/python3.12/site-packages/airflow/example_dags/example_task_group.py
[2024-05-23T19:50:38.838+0000] {processor.py:830} INFO - Processing file /home/airflow/.local/lib/python3.12/site-packages/airflow/example_dags/example_task_group.py for tasks to queue
[2024-05-23T19:50:38.841+0000] {logging_mixin.py:188} INFO - [2024-05-23T19:50:38.841+0000] {dagbag.py:545} INFO - Filling up the DagBag from /home/airflow/.local/lib/python3.12/site-packages/airflow/example_dags/example_task_group.py
[2024-05-23T19:50:38.853+0000] {processor.py:840} INFO - DAG(s) 'example_task_group' retrieved from /home/airflow/.local/lib/python3.12/site-packages/airflow/example_dags/example_task_group.py
[2024-05-23T19:50:39.061+0000] {logging_mixin.py:188} INFO - [2024-05-23T19:50:39.061+0000] {dag.py:3096} INFO - Sync 1 DAGs
[2024-05-23T19:50:39.092+0000] {logging_mixin.py:188} INFO - [2024-05-23T19:50:39.091+0000] {dag.py:3954} INFO - Setting next_dagrun for example_task_group to 2024-05-22 00:00:00+00:00, run_after=2024-05-23 00:00:00+00:00
[2024-05-23T19:50:39.120+0000] {processor.py:183} INFO - Processing /home/airflow/.local/lib/python3.12/site-packages/airflow/example_dags/example_task_group.py took 0.295 seconds
[2024-05-23T19:51:10.066+0000] {processor.py:161} INFO - Started process (PID=11258) to work on /home/airflow/.local/lib/python3.12/site-packages/airflow/example_dags/example_task_group.py
[2024-05-23T19:51:10.067+0000] {processor.py:830} INFO - Processing file /home/airflow/.local/lib/python3.12/site-packages/airflow/example_dags/example_task_group.py for tasks to queue
[2024-05-23T19:51:10.070+0000] {logging_mixin.py:188} INFO - [2024-05-23T19:51:10.069+0000] {dagbag.py:545} INFO - Filling up the DagBag from /home/airflow/.local/lib/python3.12/site-packages/airflow/example_dags/example_task_group.py
[2024-05-23T19:51:10.081+0000] {processor.py:840} INFO - DAG(s) 'example_task_group' retrieved from /home/airflow/.local/lib/python3.12/site-packages/airflow/example_dags/example_task_group.py
[2024-05-23T19:51:10.114+0000] {logging_mixin.py:188} INFO - [2024-05-23T19:51:10.114+0000] {dag.py:3096} INFO - Sync 1 DAGs
[2024-05-23T19:51:10.147+0000] {logging_mixin.py:188} INFO - [2024-05-23T19:51:10.147+0000] {dag.py:3954} INFO - Setting next_dagrun for example_task_group to 2024-05-22 00:00:00+00:00, run_after=2024-05-23 00:00:00+00:00
[2024-05-23T19:51:10.173+0000] {processor.py:183} INFO - Processing /home/airflow/.local/lib/python3.12/site-packages/airflow/example_dags/example_task_group.py took 0.116 seconds
[2024-05-23T19:51:41.030+0000] {processor.py:161} INFO - Started process (PID=11520) to work on /home/airflow/.local/lib/python3.12/site-packages/airflow/example_dags/example_task_group.py
[2024-05-23T19:51:41.032+0000] {processor.py:830} INFO - Processing file /home/airflow/.local/lib/python3.12/site-packages/airflow/example_dags/example_task_group.py for tasks to queue
[2024-05-23T19:51:41.035+0000] {logging_mixin.py:188} INFO - [2024-05-23T19:51:41.035+0000] {dagbag.py:545} INFO - Filling up the DagBag from /home/airflow/.local/lib/python3.12/site-packages/airflow/example_dags/example_task_group.py
[2024-05-23T19:51:41.046+0000] {processor.py:840} INFO - DAG(s) 'example_task_group' retrieved from /home/airflow/.local/lib/python3.12/site-packages/airflow/example_dags/example_task_group.py
[2024-05-23T19:51:41.086+0000] {logging_mixin.py:188} INFO - [2024-05-23T19:51:41.086+0000] {dag.py:3096} INFO - Sync 1 DAGs
[2024-05-23T19:51:41.137+0000] {logging_mixin.py:188} INFO - [2024-05-23T19:51:41.137+0000] {dag.py:3954} INFO - Setting next_dagrun for example_task_group to 2024-05-22 00:00:00+00:00, run_after=2024-05-23 00:00:00+00:00
[2024-05-23T19:51:41.170+0000] {processor.py:183} INFO - Processing /home/airflow/.local/lib/python3.12/site-packages/airflow/example_dags/example_task_group.py took 0.151 seconds
[2024-05-23T19:52:11.417+0000] {processor.py:161} INFO - Started process (PID=11782) to work on /home/airflow/.local/lib/python3.12/site-packages/airflow/example_dags/example_task_group.py
[2024-05-23T19:52:11.418+0000] {processor.py:830} INFO - Processing file /home/airflow/.local/lib/python3.12/site-packages/airflow/example_dags/example_task_group.py for tasks to queue
[2024-05-23T19:52:11.421+0000] {logging_mixin.py:188} INFO - [2024-05-23T19:52:11.421+0000] {dagbag.py:545} INFO - Filling up the DagBag from /home/airflow/.local/lib/python3.12/site-packages/airflow/example_dags/example_task_group.py
[2024-05-23T19:52:11.432+0000] {processor.py:840} INFO - DAG(s) 'example_task_group' retrieved from /home/airflow/.local/lib/python3.12/site-packages/airflow/example_dags/example_task_group.py
[2024-05-23T19:52:11.467+0000] {logging_mixin.py:188} INFO - [2024-05-23T19:52:11.467+0000] {dag.py:3096} INFO - Sync 1 DAGs
[2024-05-23T19:52:11.500+0000] {logging_mixin.py:188} INFO - [2024-05-23T19:52:11.500+0000] {dag.py:3954} INFO - Setting next_dagrun for example_task_group to 2024-05-22 00:00:00+00:00, run_after=2024-05-23 00:00:00+00:00
[2024-05-23T19:52:11.527+0000] {processor.py:183} INFO - Processing /home/airflow/.local/lib/python3.12/site-packages/airflow/example_dags/example_task_group.py took 0.119 seconds
[2024-05-23T19:52:41.820+0000] {processor.py:161} INFO - Started process (PID=12044) to work on /home/airflow/.local/lib/python3.12/site-packages/airflow/example_dags/example_task_group.py
[2024-05-23T19:52:41.822+0000] {processor.py:830} INFO - Processing file /home/airflow/.local/lib/python3.12/site-packages/airflow/example_dags/example_task_group.py for tasks to queue
[2024-05-23T19:52:41.825+0000] {logging_mixin.py:188} INFO - [2024-05-23T19:52:41.824+0000] {dagbag.py:545} INFO - Filling up the DagBag from /home/airflow/.local/lib/python3.12/site-packages/airflow/example_dags/example_task_group.py
[2024-05-23T19:52:41.835+0000] {processor.py:840} INFO - DAG(s) 'example_task_group' retrieved from /home/airflow/.local/lib/python3.12/site-packages/airflow/example_dags/example_task_group.py
[2024-05-23T19:52:41.872+0000] {logging_mixin.py:188} INFO - [2024-05-23T19:52:41.871+0000] {dag.py:3096} INFO - Sync 1 DAGs
[2024-05-23T19:52:41.908+0000] {logging_mixin.py:188} INFO - [2024-05-23T19:52:41.908+0000] {dag.py:3954} INFO - Setting next_dagrun for example_task_group to 2024-05-22 00:00:00+00:00, run_after=2024-05-23 00:00:00+00:00
[2024-05-23T19:52:41.935+0000] {processor.py:183} INFO - Processing /home/airflow/.local/lib/python3.12/site-packages/airflow/example_dags/example_task_group.py took 0.124 seconds
[2024-05-23T19:53:12.176+0000] {processor.py:161} INFO - Started process (PID=12306) to work on /home/airflow/.local/lib/python3.12/site-packages/airflow/example_dags/example_task_group.py
[2024-05-23T19:53:12.178+0000] {processor.py:830} INFO - Processing file /home/airflow/.local/lib/python3.12/site-packages/airflow/example_dags/example_task_group.py for tasks to queue
[2024-05-23T19:53:12.181+0000] {logging_mixin.py:188} INFO - [2024-05-23T19:53:12.180+0000] {dagbag.py:545} INFO - Filling up the DagBag from /home/airflow/.local/lib/python3.12/site-packages/airflow/example_dags/example_task_group.py
[2024-05-23T19:53:12.191+0000] {processor.py:840} INFO - DAG(s) 'example_task_group' retrieved from /home/airflow/.local/lib/python3.12/site-packages/airflow/example_dags/example_task_group.py
[2024-05-23T19:53:12.223+0000] {logging_mixin.py:188} INFO - [2024-05-23T19:53:12.223+0000] {dag.py:3096} INFO - Sync 1 DAGs
[2024-05-23T19:53:12.256+0000] {logging_mixin.py:188} INFO - [2024-05-23T19:53:12.256+0000] {dag.py:3954} INFO - Setting next_dagrun for example_task_group to 2024-05-22 00:00:00+00:00, run_after=2024-05-23 00:00:00+00:00
[2024-05-23T19:53:12.282+0000] {processor.py:183} INFO - Processing /home/airflow/.local/lib/python3.12/site-packages/airflow/example_dags/example_task_group.py took 0.115 seconds
[2024-05-23T19:53:42.438+0000] {processor.py:161} INFO - Started process (PID=12568) to work on /home/airflow/.local/lib/python3.12/site-packages/airflow/example_dags/example_task_group.py
[2024-05-23T19:53:42.440+0000] {processor.py:830} INFO - Processing file /home/airflow/.local/lib/python3.12/site-packages/airflow/example_dags/example_task_group.py for tasks to queue
[2024-05-23T19:53:42.443+0000] {logging_mixin.py:188} INFO - [2024-05-23T19:53:42.442+0000] {dagbag.py:545} INFO - Filling up the DagBag from /home/airflow/.local/lib/python3.12/site-packages/airflow/example_dags/example_task_group.py
[2024-05-23T19:53:42.453+0000] {processor.py:840} INFO - DAG(s) 'example_task_group' retrieved from /home/airflow/.local/lib/python3.12/site-packages/airflow/example_dags/example_task_group.py
[2024-05-23T19:53:42.487+0000] {logging_mixin.py:188} INFO - [2024-05-23T19:53:42.487+0000] {dag.py:3096} INFO - Sync 1 DAGs
[2024-05-23T19:53:42.520+0000] {logging_mixin.py:188} INFO - [2024-05-23T19:53:42.519+0000] {dag.py:3954} INFO - Setting next_dagrun for example_task_group to 2024-05-22 00:00:00+00:00, run_after=2024-05-23 00:00:00+00:00
[2024-05-23T19:53:42.547+0000] {processor.py:183} INFO - Processing /home/airflow/.local/lib/python3.12/site-packages/airflow/example_dags/example_task_group.py took 0.117 seconds
[2024-05-23T19:54:13.028+0000] {processor.py:161} INFO - Started process (PID=12830) to work on /home/airflow/.local/lib/python3.12/site-packages/airflow/example_dags/example_task_group.py
[2024-05-23T19:54:13.029+0000] {processor.py:830} INFO - Processing file /home/airflow/.local/lib/python3.12/site-packages/airflow/example_dags/example_task_group.py for tasks to queue
[2024-05-23T19:54:13.032+0000] {logging_mixin.py:188} INFO - [2024-05-23T19:54:13.031+0000] {dagbag.py:545} INFO - Filling up the DagBag from /home/airflow/.local/lib/python3.12/site-packages/airflow/example_dags/example_task_group.py
[2024-05-23T19:54:13.043+0000] {processor.py:840} INFO - DAG(s) 'example_task_group' retrieved from /home/airflow/.local/lib/python3.12/site-packages/airflow/example_dags/example_task_group.py
[2024-05-23T19:54:13.076+0000] {logging_mixin.py:188} INFO - [2024-05-23T19:54:13.076+0000] {dag.py:3096} INFO - Sync 1 DAGs
[2024-05-23T19:54:13.111+0000] {logging_mixin.py:188} INFO - [2024-05-23T19:54:13.110+0000] {dag.py:3954} INFO - Setting next_dagrun for example_task_group to 2024-05-22 00:00:00+00:00, run_after=2024-05-23 00:00:00+00:00
[2024-05-23T19:54:13.137+0000] {processor.py:183} INFO - Processing /home/airflow/.local/lib/python3.12/site-packages/airflow/example_dags/example_task_group.py took 0.118 seconds
[2024-05-23T19:54:43.927+0000] {processor.py:161} INFO - Started process (PID=13092) to work on /home/airflow/.local/lib/python3.12/site-packages/airflow/example_dags/example_task_group.py
[2024-05-23T19:54:43.928+0000] {processor.py:830} INFO - Processing file /home/airflow/.local/lib/python3.12/site-packages/airflow/example_dags/example_task_group.py for tasks to queue
[2024-05-23T19:54:43.931+0000] {logging_mixin.py:188} INFO - [2024-05-23T19:54:43.930+0000] {dagbag.py:545} INFO - Filling up the DagBag from /home/airflow/.local/lib/python3.12/site-packages/airflow/example_dags/example_task_group.py
[2024-05-23T19:54:43.941+0000] {processor.py:840} INFO - DAG(s) 'example_task_group' retrieved from /home/airflow/.local/lib/python3.12/site-packages/airflow/example_dags/example_task_group.py
[2024-05-23T19:54:43.972+0000] {logging_mixin.py:188} INFO - [2024-05-23T19:54:43.972+0000] {dag.py:3096} INFO - Sync 1 DAGs
[2024-05-23T19:54:44.003+0000] {logging_mixin.py:188} INFO - [2024-05-23T19:54:44.002+0000] {dag.py:3954} INFO - Setting next_dagrun for example_task_group to 2024-05-22 00:00:00+00:00, run_after=2024-05-23 00:00:00+00:00
[2024-05-23T19:54:44.026+0000] {processor.py:183} INFO - Processing /home/airflow/.local/lib/python3.12/site-packages/airflow/example_dags/example_task_group.py took 0.108 seconds
[2024-05-23T19:55:14.607+0000] {processor.py:161} INFO - Started process (PID=13354) to work on /home/airflow/.local/lib/python3.12/site-packages/airflow/example_dags/example_task_group.py
[2024-05-23T19:55:14.608+0000] {processor.py:830} INFO - Processing file /home/airflow/.local/lib/python3.12/site-packages/airflow/example_dags/example_task_group.py for tasks to queue
[2024-05-23T19:55:14.612+0000] {logging_mixin.py:188} INFO - [2024-05-23T19:55:14.611+0000] {dagbag.py:545} INFO - Filling up the DagBag from /home/airflow/.local/lib/python3.12/site-packages/airflow/example_dags/example_task_group.py
[2024-05-23T19:55:14.622+0000] {processor.py:840} INFO - DAG(s) 'example_task_group' retrieved from /home/airflow/.local/lib/python3.12/site-packages/airflow/example_dags/example_task_group.py
[2024-05-23T19:55:14.655+0000] {logging_mixin.py:188} INFO - [2024-05-23T19:55:14.655+0000] {dag.py:3096} INFO - Sync 1 DAGs
[2024-05-23T19:55:14.690+0000] {logging_mixin.py:188} INFO - [2024-05-23T19:55:14.690+0000] {dag.py:3954} INFO - Setting next_dagrun for example_task_group to 2024-05-22 00:00:00+00:00, run_after=2024-05-23 00:00:00+00:00
[2024-05-23T19:55:14.717+0000] {processor.py:183} INFO - Processing /home/airflow/.local/lib/python3.12/site-packages/airflow/example_dags/example_task_group.py took 0.118 seconds
[2024-05-23T19:55:45.212+0000] {processor.py:161} INFO - Started process (PID=13616) to work on /home/airflow/.local/lib/python3.12/site-packages/airflow/example_dags/example_task_group.py
[2024-05-23T19:55:45.213+0000] {processor.py:830} INFO - Processing file /home/airflow/.local/lib/python3.12/site-packages/airflow/example_dags/example_task_group.py for tasks to queue
[2024-05-23T19:55:45.216+0000] {logging_mixin.py:188} INFO - [2024-05-23T19:55:45.215+0000] {dagbag.py:545} INFO - Filling up the DagBag from /home/airflow/.local/lib/python3.12/site-packages/airflow/example_dags/example_task_group.py
[2024-05-23T19:55:45.227+0000] {processor.py:840} INFO - DAG(s) 'example_task_group' retrieved from /home/airflow/.local/lib/python3.12/site-packages/airflow/example_dags/example_task_group.py
[2024-05-23T19:55:45.258+0000] {logging_mixin.py:188} INFO - [2024-05-23T19:55:45.258+0000] {dag.py:3096} INFO - Sync 1 DAGs
[2024-05-23T19:55:45.308+0000] {logging_mixin.py:188} INFO - [2024-05-23T19:55:45.308+0000] {dag.py:3954} INFO - Setting next_dagrun for example_task_group to 2024-05-22 00:00:00+00:00, run_after=2024-05-23 00:00:00+00:00
[2024-05-23T19:55:45.339+0000] {processor.py:183} INFO - Processing /home/airflow/.local/lib/python3.12/site-packages/airflow/example_dags/example_task_group.py took 0.137 seconds
[2024-05-23T19:56:15.595+0000] {processor.py:161} INFO - Started process (PID=13878) to work on /home/airflow/.local/lib/python3.12/site-packages/airflow/example_dags/example_task_group.py
[2024-05-23T19:56:15.596+0000] {processor.py:830} INFO - Processing file /home/airflow/.local/lib/python3.12/site-packages/airflow/example_dags/example_task_group.py for tasks to queue
[2024-05-23T19:56:15.598+0000] {logging_mixin.py:188} INFO - [2024-05-23T19:56:15.598+0000] {dagbag.py:545} INFO - Filling up the DagBag from /home/airflow/.local/lib/python3.12/site-packages/airflow/example_dags/example_task_group.py
[2024-05-23T19:56:15.608+0000] {processor.py:840} INFO - DAG(s) 'example_task_group' retrieved from /home/airflow/.local/lib/python3.12/site-packages/airflow/example_dags/example_task_group.py
[2024-05-23T19:56:15.637+0000] {logging_mixin.py:188} INFO - [2024-05-23T19:56:15.637+0000] {dag.py:3096} INFO - Sync 1 DAGs
[2024-05-23T19:56:15.667+0000] {logging_mixin.py:188} INFO - [2024-05-23T19:56:15.666+0000] {dag.py:3954} INFO - Setting next_dagrun for example_task_group to 2024-05-22 00:00:00+00:00, run_after=2024-05-23 00:00:00+00:00
[2024-05-23T19:56:15.690+0000] {processor.py:183} INFO - Processing /home/airflow/.local/lib/python3.12/site-packages/airflow/example_dags/example_task_group.py took 0.103 seconds
[2024-05-23T19:56:46.382+0000] {processor.py:161} INFO - Started process (PID=14146) to work on /home/airflow/.local/lib/python3.12/site-packages/airflow/example_dags/example_task_group.py
[2024-05-23T19:56:46.383+0000] {processor.py:830} INFO - Processing file /home/airflow/.local/lib/python3.12/site-packages/airflow/example_dags/example_task_group.py for tasks to queue
[2024-05-23T19:56:46.386+0000] {logging_mixin.py:188} INFO - [2024-05-23T19:56:46.386+0000] {dagbag.py:545} INFO - Filling up the DagBag from /home/airflow/.local/lib/python3.12/site-packages/airflow/example_dags/example_task_group.py
[2024-05-23T19:56:46.397+0000] {processor.py:840} INFO - DAG(s) 'example_task_group' retrieved from /home/airflow/.local/lib/python3.12/site-packages/airflow/example_dags/example_task_group.py
[2024-05-23T19:56:46.432+0000] {logging_mixin.py:188} INFO - [2024-05-23T19:56:46.431+0000] {dag.py:3096} INFO - Sync 1 DAGs
[2024-05-23T19:56:46.468+0000] {logging_mixin.py:188} INFO - [2024-05-23T19:56:46.468+0000] {dag.py:3954} INFO - Setting next_dagrun for example_task_group to 2024-05-22 00:00:00+00:00, run_after=2024-05-23 00:00:00+00:00
[2024-05-23T19:56:46.493+0000] {processor.py:183} INFO - Processing /home/airflow/.local/lib/python3.12/site-packages/airflow/example_dags/example_task_group.py took 0.119 seconds
[2024-05-23T19:57:16.951+0000] {processor.py:161} INFO - Started process (PID=14408) to work on /home/airflow/.local/lib/python3.12/site-packages/airflow/example_dags/example_task_group.py
[2024-05-23T19:57:16.952+0000] {processor.py:830} INFO - Processing file /home/airflow/.local/lib/python3.12/site-packages/airflow/example_dags/example_task_group.py for tasks to queue
[2024-05-23T19:57:16.955+0000] {logging_mixin.py:188} INFO - [2024-05-23T19:57:16.955+0000] {dagbag.py:545} INFO - Filling up the DagBag from /home/airflow/.local/lib/python3.12/site-packages/airflow/example_dags/example_task_group.py
[2024-05-23T19:57:16.964+0000] {processor.py:840} INFO - DAG(s) 'example_task_group' retrieved from /home/airflow/.local/lib/python3.12/site-packages/airflow/example_dags/example_task_group.py
[2024-05-23T19:57:16.996+0000] {logging_mixin.py:188} INFO - [2024-05-23T19:57:16.995+0000] {dag.py:3096} INFO - Sync 1 DAGs
[2024-05-23T19:57:17.025+0000] {logging_mixin.py:188} INFO - [2024-05-23T19:57:17.025+0000] {dag.py:3954} INFO - Setting next_dagrun for example_task_group to 2024-05-22 00:00:00+00:00, run_after=2024-05-23 00:00:00+00:00
[2024-05-23T19:57:17.051+0000] {processor.py:183} INFO - Processing /home/airflow/.local/lib/python3.12/site-packages/airflow/example_dags/example_task_group.py took 0.109 seconds
[2024-05-23T19:58:09.726+0000] {processor.py:161} INFO - Started process (PID=14670) to work on /home/airflow/.local/lib/python3.12/site-packages/airflow/example_dags/example_task_group.py
[2024-05-23T19:58:09.728+0000] {processor.py:830} INFO - Processing file /home/airflow/.local/lib/python3.12/site-packages/airflow/example_dags/example_task_group.py for tasks to queue
[2024-05-23T19:58:09.733+0000] {logging_mixin.py:188} INFO - [2024-05-23T19:58:09.733+0000] {dagbag.py:545} INFO - Filling up the DagBag from /home/airflow/.local/lib/python3.12/site-packages/airflow/example_dags/example_task_group.py
[2024-05-23T19:58:09.750+0000] {processor.py:840} INFO - DAG(s) 'example_task_group' retrieved from /home/airflow/.local/lib/python3.12/site-packages/airflow/example_dags/example_task_group.py
[2024-05-23T19:58:09.792+0000] {logging_mixin.py:188} INFO - [2024-05-23T19:58:09.792+0000] {dag.py:3096} INFO - Sync 1 DAGs
[2024-05-23T19:58:09.826+0000] {logging_mixin.py:188} INFO - [2024-05-23T19:58:09.825+0000] {dag.py:3954} INFO - Setting next_dagrun for example_task_group to 2024-05-22 00:00:00+00:00, run_after=2024-05-23 00:00:00+00:00
[2024-05-23T19:58:09.998+0000] {processor.py:183} INFO - Processing /home/airflow/.local/lib/python3.12/site-packages/airflow/example_dags/example_task_group.py took 0.292 seconds
[2024-05-23T20:03:42.346+0000] {processor.py:161} INFO - Started process (PID=15003) to work on /home/airflow/.local/lib/python3.12/site-packages/airflow/example_dags/example_task_group.py
[2024-05-23T20:03:42.348+0000] {processor.py:830} INFO - Processing file /home/airflow/.local/lib/python3.12/site-packages/airflow/example_dags/example_task_group.py for tasks to queue
[2024-05-23T20:03:42.349+0000] {logging_mixin.py:188} INFO - [2024-05-23T20:03:42.349+0000] {dagbag.py:545} INFO - Filling up the DagBag from /home/airflow/.local/lib/python3.12/site-packages/airflow/example_dags/example_task_group.py
[2024-05-23T20:03:42.358+0000] {processor.py:840} INFO - DAG(s) 'example_task_group' retrieved from /home/airflow/.local/lib/python3.12/site-packages/airflow/example_dags/example_task_group.py
[2024-05-23T20:03:42.400+0000] {logging_mixin.py:188} INFO - [2024-05-23T20:03:42.399+0000] {dag.py:3096} INFO - Sync 1 DAGs
[2024-05-23T20:03:42.429+0000] {logging_mixin.py:188} INFO - [2024-05-23T20:03:42.429+0000] {dag.py:3954} INFO - Setting next_dagrun for example_task_group to 2024-05-22 00:00:00+00:00, run_after=2024-05-23 00:00:00+00:00
[2024-05-23T20:03:42.457+0000] {processor.py:183} INFO - Processing /home/airflow/.local/lib/python3.12/site-packages/airflow/example_dags/example_task_group.py took 0.119 seconds
[2024-05-23T20:04:15.462+0000] {processor.py:161} INFO - Started process (PID=15265) to work on /home/airflow/.local/lib/python3.12/site-packages/airflow/example_dags/example_task_group.py
[2024-05-23T20:04:15.468+0000] {processor.py:830} INFO - Processing file /home/airflow/.local/lib/python3.12/site-packages/airflow/example_dags/example_task_group.py for tasks to queue
[2024-05-23T20:04:15.474+0000] {logging_mixin.py:188} INFO - [2024-05-23T20:04:15.473+0000] {dagbag.py:545} INFO - Filling up the DagBag from /home/airflow/.local/lib/python3.12/site-packages/airflow/example_dags/example_task_group.py
[2024-05-23T20:04:15.513+0000] {processor.py:840} INFO - DAG(s) 'example_task_group' retrieved from /home/airflow/.local/lib/python3.12/site-packages/airflow/example_dags/example_task_group.py
[2024-05-23T20:04:15.645+0000] {logging_mixin.py:188} INFO - [2024-05-23T20:04:15.644+0000] {dag.py:3096} INFO - Sync 1 DAGs
[2024-05-23T20:04:15.761+0000] {logging_mixin.py:188} INFO - [2024-05-23T20:04:15.760+0000] {dag.py:3954} INFO - Setting next_dagrun for example_task_group to 2024-05-22 00:00:00+00:00, run_after=2024-05-23 00:00:00+00:00
[2024-05-23T20:04:15.864+0000] {processor.py:183} INFO - Processing /home/airflow/.local/lib/python3.12/site-packages/airflow/example_dags/example_task_group.py took 0.436 seconds
[2024-05-23T20:08:12.514+0000] {processor.py:161} INFO - Started process (PID=15528) to work on /home/airflow/.local/lib/python3.12/site-packages/airflow/example_dags/example_task_group.py
[2024-05-23T20:08:12.516+0000] {processor.py:830} INFO - Processing file /home/airflow/.local/lib/python3.12/site-packages/airflow/example_dags/example_task_group.py for tasks to queue
[2024-05-23T20:08:12.518+0000] {logging_mixin.py:188} INFO - [2024-05-23T20:08:12.517+0000] {dagbag.py:545} INFO - Filling up the DagBag from /home/airflow/.local/lib/python3.12/site-packages/airflow/example_dags/example_task_group.py
[2024-05-23T20:08:12.528+0000] {processor.py:840} INFO - DAG(s) 'example_task_group' retrieved from /home/airflow/.local/lib/python3.12/site-packages/airflow/example_dags/example_task_group.py
[2024-05-23T20:08:12.563+0000] {logging_mixin.py:188} INFO - [2024-05-23T20:08:12.562+0000] {dag.py:3096} INFO - Sync 1 DAGs
[2024-05-23T20:08:12.590+0000] {logging_mixin.py:188} INFO - [2024-05-23T20:08:12.589+0000] {dag.py:3954} INFO - Setting next_dagrun for example_task_group to 2024-05-22 00:00:00+00:00, run_after=2024-05-23 00:00:00+00:00
[2024-05-23T20:08:12.614+0000] {processor.py:183} INFO - Processing /home/airflow/.local/lib/python3.12/site-packages/airflow/example_dags/example_task_group.py took 0.109 seconds
[2024-05-23T20:08:42.734+0000] {processor.py:161} INFO - Started process (PID=15790) to work on /home/airflow/.local/lib/python3.12/site-packages/airflow/example_dags/example_task_group.py
[2024-05-23T20:08:42.735+0000] {processor.py:830} INFO - Processing file /home/airflow/.local/lib/python3.12/site-packages/airflow/example_dags/example_task_group.py for tasks to queue
[2024-05-23T20:08:42.737+0000] {logging_mixin.py:188} INFO - [2024-05-23T20:08:42.736+0000] {dagbag.py:545} INFO - Filling up the DagBag from /home/airflow/.local/lib/python3.12/site-packages/airflow/example_dags/example_task_group.py
[2024-05-23T20:08:42.746+0000] {processor.py:840} INFO - DAG(s) 'example_task_group' retrieved from /home/airflow/.local/lib/python3.12/site-packages/airflow/example_dags/example_task_group.py
[2024-05-23T20:08:42.778+0000] {logging_mixin.py:188} INFO - [2024-05-23T20:08:42.777+0000] {dag.py:3096} INFO - Sync 1 DAGs
[2024-05-23T20:08:42.807+0000] {logging_mixin.py:188} INFO - [2024-05-23T20:08:42.806+0000] {dag.py:3954} INFO - Setting next_dagrun for example_task_group to 2024-05-22 00:00:00+00:00, run_after=2024-05-23 00:00:00+00:00
[2024-05-23T20:08:42.833+0000] {processor.py:183} INFO - Processing /home/airflow/.local/lib/python3.12/site-packages/airflow/example_dags/example_task_group.py took 0.109 seconds
[2024-05-23T20:09:13.263+0000] {processor.py:161} INFO - Started process (PID=16054) to work on /home/airflow/.local/lib/python3.12/site-packages/airflow/example_dags/example_task_group.py
[2024-05-23T20:09:13.265+0000] {processor.py:830} INFO - Processing file /home/airflow/.local/lib/python3.12/site-packages/airflow/example_dags/example_task_group.py for tasks to queue
[2024-05-23T20:09:13.267+0000] {logging_mixin.py:188} INFO - [2024-05-23T20:09:13.266+0000] {dagbag.py:545} INFO - Filling up the DagBag from /home/airflow/.local/lib/python3.12/site-packages/airflow/example_dags/example_task_group.py
[2024-05-23T20:09:13.276+0000] {processor.py:840} INFO - DAG(s) 'example_task_group' retrieved from /home/airflow/.local/lib/python3.12/site-packages/airflow/example_dags/example_task_group.py
[2024-05-23T20:09:13.307+0000] {logging_mixin.py:188} INFO - [2024-05-23T20:09:13.306+0000] {dag.py:3096} INFO - Sync 1 DAGs
[2024-05-23T20:09:13.335+0000] {logging_mixin.py:188} INFO - [2024-05-23T20:09:13.335+0000] {dag.py:3954} INFO - Setting next_dagrun for example_task_group to 2024-05-22 00:00:00+00:00, run_after=2024-05-23 00:00:00+00:00
[2024-05-23T20:09:13.358+0000] {processor.py:183} INFO - Processing /home/airflow/.local/lib/python3.12/site-packages/airflow/example_dags/example_task_group.py took 0.103 seconds
[2024-05-23T20:09:43.657+0000] {processor.py:161} INFO - Started process (PID=16314) to work on /home/airflow/.local/lib/python3.12/site-packages/airflow/example_dags/example_task_group.py
[2024-05-23T20:09:43.659+0000] {processor.py:830} INFO - Processing file /home/airflow/.local/lib/python3.12/site-packages/airflow/example_dags/example_task_group.py for tasks to queue
[2024-05-23T20:09:43.661+0000] {logging_mixin.py:188} INFO - [2024-05-23T20:09:43.660+0000] {dagbag.py:545} INFO - Filling up the DagBag from /home/airflow/.local/lib/python3.12/site-packages/airflow/example_dags/example_task_group.py
[2024-05-23T20:09:43.671+0000] {processor.py:840} INFO - DAG(s) 'example_task_group' retrieved from /home/airflow/.local/lib/python3.12/site-packages/airflow/example_dags/example_task_group.py
[2024-05-23T20:09:43.703+0000] {logging_mixin.py:188} INFO - [2024-05-23T20:09:43.702+0000] {dag.py:3096} INFO - Sync 1 DAGs
[2024-05-23T20:09:43.731+0000] {logging_mixin.py:188} INFO - [2024-05-23T20:09:43.730+0000] {dag.py:3954} INFO - Setting next_dagrun for example_task_group to 2024-05-22 00:00:00+00:00, run_after=2024-05-23 00:00:00+00:00
[2024-05-23T20:09:43.755+0000] {processor.py:183} INFO - Processing /home/airflow/.local/lib/python3.12/site-packages/airflow/example_dags/example_task_group.py took 0.107 seconds
[2024-05-23T20:10:13.966+0000] {processor.py:161} INFO - Started process (PID=16576) to work on /home/airflow/.local/lib/python3.12/site-packages/airflow/example_dags/example_task_group.py
[2024-05-23T20:10:13.969+0000] {processor.py:830} INFO - Processing file /home/airflow/.local/lib/python3.12/site-packages/airflow/example_dags/example_task_group.py for tasks to queue
[2024-05-23T20:10:13.970+0000] {logging_mixin.py:188} INFO - [2024-05-23T20:10:13.970+0000] {dagbag.py:545} INFO - Filling up the DagBag from /home/airflow/.local/lib/python3.12/site-packages/airflow/example_dags/example_task_group.py
[2024-05-23T20:10:13.980+0000] {processor.py:840} INFO - DAG(s) 'example_task_group' retrieved from /home/airflow/.local/lib/python3.12/site-packages/airflow/example_dags/example_task_group.py
[2024-05-23T20:10:14.013+0000] {logging_mixin.py:188} INFO - [2024-05-23T20:10:14.012+0000] {dag.py:3096} INFO - Sync 1 DAGs
[2024-05-23T20:10:14.041+0000] {logging_mixin.py:188} INFO - [2024-05-23T20:10:14.041+0000] {dag.py:3954} INFO - Setting next_dagrun for example_task_group to 2024-05-22 00:00:00+00:00, run_after=2024-05-23 00:00:00+00:00
[2024-05-23T20:10:14.069+0000] {processor.py:183} INFO - Processing /home/airflow/.local/lib/python3.12/site-packages/airflow/example_dags/example_task_group.py took 0.113 seconds
[2024-05-23T20:10:44.223+0000] {processor.py:161} INFO - Started process (PID=16838) to work on /home/airflow/.local/lib/python3.12/site-packages/airflow/example_dags/example_task_group.py
[2024-05-23T20:10:44.225+0000] {processor.py:830} INFO - Processing file /home/airflow/.local/lib/python3.12/site-packages/airflow/example_dags/example_task_group.py for tasks to queue
[2024-05-23T20:10:44.226+0000] {logging_mixin.py:188} INFO - [2024-05-23T20:10:44.226+0000] {dagbag.py:545} INFO - Filling up the DagBag from /home/airflow/.local/lib/python3.12/site-packages/airflow/example_dags/example_task_group.py
[2024-05-23T20:10:44.236+0000] {processor.py:840} INFO - DAG(s) 'example_task_group' retrieved from /home/airflow/.local/lib/python3.12/site-packages/airflow/example_dags/example_task_group.py
[2024-05-23T20:10:44.267+0000] {logging_mixin.py:188} INFO - [2024-05-23T20:10:44.267+0000] {dag.py:3096} INFO - Sync 1 DAGs
[2024-05-23T20:10:44.295+0000] {logging_mixin.py:188} INFO - [2024-05-23T20:10:44.295+0000] {dag.py:3954} INFO - Setting next_dagrun for example_task_group to 2024-05-22 00:00:00+00:00, run_after=2024-05-23 00:00:00+00:00
[2024-05-23T20:10:44.321+0000] {processor.py:183} INFO - Processing /home/airflow/.local/lib/python3.12/site-packages/airflow/example_dags/example_task_group.py took 0.107 seconds
[2024-05-23T20:11:14.401+0000] {processor.py:161} INFO - Started process (PID=17099) to work on /home/airflow/.local/lib/python3.12/site-packages/airflow/example_dags/example_task_group.py
[2024-05-23T20:11:14.403+0000] {processor.py:830} INFO - Processing file /home/airflow/.local/lib/python3.12/site-packages/airflow/example_dags/example_task_group.py for tasks to queue
[2024-05-23T20:11:14.404+0000] {logging_mixin.py:188} INFO - [2024-05-23T20:11:14.403+0000] {dagbag.py:545} INFO - Filling up the DagBag from /home/airflow/.local/lib/python3.12/site-packages/airflow/example_dags/example_task_group.py
[2024-05-23T20:11:14.413+0000] {processor.py:840} INFO - DAG(s) 'example_task_group' retrieved from /home/airflow/.local/lib/python3.12/site-packages/airflow/example_dags/example_task_group.py
[2024-05-23T20:11:14.443+0000] {logging_mixin.py:188} INFO - [2024-05-23T20:11:14.443+0000] {dag.py:3096} INFO - Sync 1 DAGs
[2024-05-23T20:11:14.470+0000] {logging_mixin.py:188} INFO - [2024-05-23T20:11:14.469+0000] {dag.py:3954} INFO - Setting next_dagrun for example_task_group to 2024-05-22 00:00:00+00:00, run_after=2024-05-23 00:00:00+00:00
[2024-05-23T20:11:14.492+0000] {processor.py:183} INFO - Processing /home/airflow/.local/lib/python3.12/site-packages/airflow/example_dags/example_task_group.py took 0.100 seconds
[2024-05-23T20:11:44.906+0000] {processor.py:161} INFO - Started process (PID=17361) to work on /home/airflow/.local/lib/python3.12/site-packages/airflow/example_dags/example_task_group.py
[2024-05-23T20:11:44.908+0000] {processor.py:830} INFO - Processing file /home/airflow/.local/lib/python3.12/site-packages/airflow/example_dags/example_task_group.py for tasks to queue
[2024-05-23T20:11:44.910+0000] {logging_mixin.py:188} INFO - [2024-05-23T20:11:44.909+0000] {dagbag.py:545} INFO - Filling up the DagBag from /home/airflow/.local/lib/python3.12/site-packages/airflow/example_dags/example_task_group.py
[2024-05-23T20:11:44.919+0000] {processor.py:840} INFO - DAG(s) 'example_task_group' retrieved from /home/airflow/.local/lib/python3.12/site-packages/airflow/example_dags/example_task_group.py
[2024-05-23T20:11:44.948+0000] {logging_mixin.py:188} INFO - [2024-05-23T20:11:44.948+0000] {dag.py:3096} INFO - Sync 1 DAGs
[2024-05-23T20:11:44.974+0000] {logging_mixin.py:188} INFO - [2024-05-23T20:11:44.973+0000] {dag.py:3954} INFO - Setting next_dagrun for example_task_group to 2024-05-22 00:00:00+00:00, run_after=2024-05-23 00:00:00+00:00
[2024-05-23T20:11:44.997+0000] {processor.py:183} INFO - Processing /home/airflow/.local/lib/python3.12/site-packages/airflow/example_dags/example_task_group.py took 0.098 seconds
[2024-05-23T20:12:15.527+0000] {processor.py:161} INFO - Started process (PID=17623) to work on /home/airflow/.local/lib/python3.12/site-packages/airflow/example_dags/example_task_group.py
[2024-05-23T20:12:15.529+0000] {processor.py:830} INFO - Processing file /home/airflow/.local/lib/python3.12/site-packages/airflow/example_dags/example_task_group.py for tasks to queue
[2024-05-23T20:12:15.531+0000] {logging_mixin.py:188} INFO - [2024-05-23T20:12:15.530+0000] {dagbag.py:545} INFO - Filling up the DagBag from /home/airflow/.local/lib/python3.12/site-packages/airflow/example_dags/example_task_group.py
[2024-05-23T20:12:15.543+0000] {processor.py:840} INFO - DAG(s) 'example_task_group' retrieved from /home/airflow/.local/lib/python3.12/site-packages/airflow/example_dags/example_task_group.py
[2024-05-23T20:12:15.579+0000] {logging_mixin.py:188} INFO - [2024-05-23T20:12:15.579+0000] {dag.py:3096} INFO - Sync 1 DAGs
[2024-05-23T20:12:15.609+0000] {logging_mixin.py:188} INFO - [2024-05-23T20:12:15.609+0000] {dag.py:3954} INFO - Setting next_dagrun for example_task_group to 2024-05-22 00:00:00+00:00, run_after=2024-05-23 00:00:00+00:00
[2024-05-23T20:12:15.636+0000] {processor.py:183} INFO - Processing /home/airflow/.local/lib/python3.12/site-packages/airflow/example_dags/example_task_group.py took 0.120 seconds
[2024-05-23T20:12:45.924+0000] {processor.py:161} INFO - Started process (PID=17885) to work on /home/airflow/.local/lib/python3.12/site-packages/airflow/example_dags/example_task_group.py
[2024-05-23T20:12:45.926+0000] {processor.py:830} INFO - Processing file /home/airflow/.local/lib/python3.12/site-packages/airflow/example_dags/example_task_group.py for tasks to queue
[2024-05-23T20:12:45.927+0000] {logging_mixin.py:188} INFO - [2024-05-23T20:12:45.927+0000] {dagbag.py:545} INFO - Filling up the DagBag from /home/airflow/.local/lib/python3.12/site-packages/airflow/example_dags/example_task_group.py
[2024-05-23T20:12:45.937+0000] {processor.py:840} INFO - DAG(s) 'example_task_group' retrieved from /home/airflow/.local/lib/python3.12/site-packages/airflow/example_dags/example_task_group.py
[2024-05-23T20:12:45.968+0000] {logging_mixin.py:188} INFO - [2024-05-23T20:12:45.968+0000] {dag.py:3096} INFO - Sync 1 DAGs
[2024-05-23T20:12:45.998+0000] {logging_mixin.py:188} INFO - [2024-05-23T20:12:45.997+0000] {dag.py:3954} INFO - Setting next_dagrun for example_task_group to 2024-05-22 00:00:00+00:00, run_after=2024-05-23 00:00:00+00:00
[2024-05-23T20:12:46.026+0000] {processor.py:183} INFO - Processing /home/airflow/.local/lib/python3.12/site-packages/airflow/example_dags/example_task_group.py took 0.112 seconds
[2024-05-23T20:13:16.164+0000] {processor.py:161} INFO - Started process (PID=18147) to work on /home/airflow/.local/lib/python3.12/site-packages/airflow/example_dags/example_task_group.py
[2024-05-23T20:13:16.165+0000] {processor.py:830} INFO - Processing file /home/airflow/.local/lib/python3.12/site-packages/airflow/example_dags/example_task_group.py for tasks to queue
[2024-05-23T20:13:16.167+0000] {logging_mixin.py:188} INFO - [2024-05-23T20:13:16.167+0000] {dagbag.py:545} INFO - Filling up the DagBag from /home/airflow/.local/lib/python3.12/site-packages/airflow/example_dags/example_task_group.py
[2024-05-23T20:13:16.178+0000] {processor.py:840} INFO - DAG(s) 'example_task_group' retrieved from /home/airflow/.local/lib/python3.12/site-packages/airflow/example_dags/example_task_group.py
[2024-05-23T20:13:16.212+0000] {logging_mixin.py:188} INFO - [2024-05-23T20:13:16.212+0000] {dag.py:3096} INFO - Sync 1 DAGs
[2024-05-23T20:13:16.241+0000] {logging_mixin.py:188} INFO - [2024-05-23T20:13:16.241+0000] {dag.py:3954} INFO - Setting next_dagrun for example_task_group to 2024-05-22 00:00:00+00:00, run_after=2024-05-23 00:00:00+00:00
[2024-05-23T20:13:16.269+0000] {processor.py:183} INFO - Processing /home/airflow/.local/lib/python3.12/site-packages/airflow/example_dags/example_task_group.py took 0.115 seconds
