[2024-05-23T19:29:54.783+0000] {processor.py:161} INFO - Started process (PID=332) to work on /home/airflow/.local/lib/python3.12/site-packages/airflow/example_dags/example_complex.py
[2024-05-23T19:29:54.787+0000] {processor.py:830} INFO - Processing file /home/airflow/.local/lib/python3.12/site-packages/airflow/example_dags/example_complex.py for tasks to queue
[2024-05-23T19:29:54.790+0000] {logging_mixin.py:188} INFO - [2024-05-23T19:29:54.790+0000] {dagbag.py:545} INFO - Filling up the DagBag from /home/airflow/.local/lib/python3.12/site-packages/airflow/example_dags/example_complex.py
[2024-05-23T19:29:54.813+0000] {processor.py:840} INFO - DAG(s) 'example_complex' retrieved from /home/airflow/.local/lib/python3.12/site-packages/airflow/example_dags/example_complex.py
[2024-05-23T19:29:55.045+0000] {logging_mixin.py:188} INFO - [2024-05-23T19:29:55.044+0000] {dag.py:3096} INFO - Sync 1 DAGs
[2024-05-23T19:29:55.064+0000] {logging_mixin.py:188} INFO - [2024-05-23T19:29:55.064+0000] {dag.py:3954} INFO - Setting next_dagrun for example_complex to None, run_after=None
[2024-05-23T19:29:55.099+0000] {processor.py:183} INFO - Processing /home/airflow/.local/lib/python3.12/site-packages/airflow/example_dags/example_complex.py took 0.327 seconds
[2024-05-23T19:30:25.534+0000] {processor.py:161} INFO - Started process (PID=596) to work on /home/airflow/.local/lib/python3.12/site-packages/airflow/example_dags/example_complex.py
[2024-05-23T19:30:25.536+0000] {processor.py:830} INFO - Processing file /home/airflow/.local/lib/python3.12/site-packages/airflow/example_dags/example_complex.py for tasks to queue
[2024-05-23T19:30:25.540+0000] {logging_mixin.py:188} INFO - [2024-05-23T19:30:25.539+0000] {dagbag.py:545} INFO - Filling up the DagBag from /home/airflow/.local/lib/python3.12/site-packages/airflow/example_dags/example_complex.py
[2024-05-23T19:30:25.562+0000] {processor.py:840} INFO - DAG(s) 'example_complex' retrieved from /home/airflow/.local/lib/python3.12/site-packages/airflow/example_dags/example_complex.py
[2024-05-23T19:30:25.619+0000] {logging_mixin.py:188} INFO - [2024-05-23T19:30:25.619+0000] {dag.py:3096} INFO - Sync 1 DAGs
[2024-05-23T19:30:25.689+0000] {logging_mixin.py:188} INFO - [2024-05-23T19:30:25.677+0000] {dag.py:3954} INFO - Setting next_dagrun for example_complex to None, run_after=None
[2024-05-23T19:30:25.762+0000] {processor.py:183} INFO - Processing /home/airflow/.local/lib/python3.12/site-packages/airflow/example_dags/example_complex.py took 0.237 seconds
[2024-05-23T19:30:55.884+0000] {processor.py:161} INFO - Started process (PID=858) to work on /home/airflow/.local/lib/python3.12/site-packages/airflow/example_dags/example_complex.py
[2024-05-23T19:30:55.888+0000] {processor.py:830} INFO - Processing file /home/airflow/.local/lib/python3.12/site-packages/airflow/example_dags/example_complex.py for tasks to queue
[2024-05-23T19:30:55.891+0000] {logging_mixin.py:188} INFO - [2024-05-23T19:30:55.891+0000] {dagbag.py:545} INFO - Filling up the DagBag from /home/airflow/.local/lib/python3.12/site-packages/airflow/example_dags/example_complex.py
[2024-05-23T19:30:55.909+0000] {processor.py:840} INFO - DAG(s) 'example_complex' retrieved from /home/airflow/.local/lib/python3.12/site-packages/airflow/example_dags/example_complex.py
[2024-05-23T19:30:55.966+0000] {logging_mixin.py:188} INFO - [2024-05-23T19:30:55.966+0000] {dag.py:3096} INFO - Sync 1 DAGs
[2024-05-23T19:30:55.987+0000] {logging_mixin.py:188} INFO - [2024-05-23T19:30:55.987+0000] {dag.py:3954} INFO - Setting next_dagrun for example_complex to None, run_after=None
[2024-05-23T19:30:56.018+0000] {processor.py:183} INFO - Processing /home/airflow/.local/lib/python3.12/site-packages/airflow/example_dags/example_complex.py took 0.143 seconds
[2024-05-23T19:31:26.061+0000] {processor.py:161} INFO - Started process (PID=1120) to work on /home/airflow/.local/lib/python3.12/site-packages/airflow/example_dags/example_complex.py
[2024-05-23T19:31:26.063+0000] {processor.py:830} INFO - Processing file /home/airflow/.local/lib/python3.12/site-packages/airflow/example_dags/example_complex.py for tasks to queue
[2024-05-23T19:31:26.066+0000] {logging_mixin.py:188} INFO - [2024-05-23T19:31:26.065+0000] {dagbag.py:545} INFO - Filling up the DagBag from /home/airflow/.local/lib/python3.12/site-packages/airflow/example_dags/example_complex.py
[2024-05-23T19:31:26.083+0000] {processor.py:840} INFO - DAG(s) 'example_complex' retrieved from /home/airflow/.local/lib/python3.12/site-packages/airflow/example_dags/example_complex.py
[2024-05-23T19:31:26.136+0000] {logging_mixin.py:188} INFO - [2024-05-23T19:31:26.135+0000] {dag.py:3096} INFO - Sync 1 DAGs
[2024-05-23T19:31:26.156+0000] {logging_mixin.py:188} INFO - [2024-05-23T19:31:26.156+0000] {dag.py:3954} INFO - Setting next_dagrun for example_complex to None, run_after=None
[2024-05-23T19:31:26.185+0000] {processor.py:183} INFO - Processing /home/airflow/.local/lib/python3.12/site-packages/airflow/example_dags/example_complex.py took 0.133 seconds
[2024-05-23T19:31:56.370+0000] {processor.py:161} INFO - Started process (PID=1382) to work on /home/airflow/.local/lib/python3.12/site-packages/airflow/example_dags/example_complex.py
[2024-05-23T19:31:56.372+0000] {processor.py:830} INFO - Processing file /home/airflow/.local/lib/python3.12/site-packages/airflow/example_dags/example_complex.py for tasks to queue
[2024-05-23T19:31:56.375+0000] {logging_mixin.py:188} INFO - [2024-05-23T19:31:56.374+0000] {dagbag.py:545} INFO - Filling up the DagBag from /home/airflow/.local/lib/python3.12/site-packages/airflow/example_dags/example_complex.py
[2024-05-23T19:31:56.397+0000] {processor.py:840} INFO - DAG(s) 'example_complex' retrieved from /home/airflow/.local/lib/python3.12/site-packages/airflow/example_dags/example_complex.py
[2024-05-23T19:31:56.452+0000] {logging_mixin.py:188} INFO - [2024-05-23T19:31:56.451+0000] {dag.py:3096} INFO - Sync 1 DAGs
[2024-05-23T19:31:56.472+0000] {logging_mixin.py:188} INFO - [2024-05-23T19:31:56.472+0000] {dag.py:3954} INFO - Setting next_dagrun for example_complex to None, run_after=None
[2024-05-23T19:31:56.501+0000] {processor.py:183} INFO - Processing /home/airflow/.local/lib/python3.12/site-packages/airflow/example_dags/example_complex.py took 0.141 seconds
[2024-05-23T19:32:26.927+0000] {processor.py:161} INFO - Started process (PID=1644) to work on /home/airflow/.local/lib/python3.12/site-packages/airflow/example_dags/example_complex.py
[2024-05-23T19:32:26.928+0000] {processor.py:830} INFO - Processing file /home/airflow/.local/lib/python3.12/site-packages/airflow/example_dags/example_complex.py for tasks to queue
[2024-05-23T19:32:26.931+0000] {logging_mixin.py:188} INFO - [2024-05-23T19:32:26.931+0000] {dagbag.py:545} INFO - Filling up the DagBag from /home/airflow/.local/lib/python3.12/site-packages/airflow/example_dags/example_complex.py
[2024-05-23T19:32:26.951+0000] {processor.py:840} INFO - DAG(s) 'example_complex' retrieved from /home/airflow/.local/lib/python3.12/site-packages/airflow/example_dags/example_complex.py
[2024-05-23T19:32:27.010+0000] {logging_mixin.py:188} INFO - [2024-05-23T19:32:27.010+0000] {dag.py:3096} INFO - Sync 1 DAGs
[2024-05-23T19:32:27.034+0000] {logging_mixin.py:188} INFO - [2024-05-23T19:32:27.033+0000] {dag.py:3954} INFO - Setting next_dagrun for example_complex to None, run_after=None
[2024-05-23T19:32:27.065+0000] {processor.py:183} INFO - Processing /home/airflow/.local/lib/python3.12/site-packages/airflow/example_dags/example_complex.py took 0.149 seconds
[2024-05-23T19:32:57.254+0000] {processor.py:161} INFO - Started process (PID=1906) to work on /home/airflow/.local/lib/python3.12/site-packages/airflow/example_dags/example_complex.py
[2024-05-23T19:32:57.255+0000] {processor.py:830} INFO - Processing file /home/airflow/.local/lib/python3.12/site-packages/airflow/example_dags/example_complex.py for tasks to queue
[2024-05-23T19:32:57.258+0000] {logging_mixin.py:188} INFO - [2024-05-23T19:32:57.258+0000] {dagbag.py:545} INFO - Filling up the DagBag from /home/airflow/.local/lib/python3.12/site-packages/airflow/example_dags/example_complex.py
[2024-05-23T19:32:57.276+0000] {processor.py:840} INFO - DAG(s) 'example_complex' retrieved from /home/airflow/.local/lib/python3.12/site-packages/airflow/example_dags/example_complex.py
[2024-05-23T19:32:57.331+0000] {logging_mixin.py:188} INFO - [2024-05-23T19:32:57.330+0000] {dag.py:3096} INFO - Sync 1 DAGs
[2024-05-23T19:32:57.352+0000] {logging_mixin.py:188} INFO - [2024-05-23T19:32:57.352+0000] {dag.py:3954} INFO - Setting next_dagrun for example_complex to None, run_after=None
[2024-05-23T19:32:57.386+0000] {processor.py:183} INFO - Processing /home/airflow/.local/lib/python3.12/site-packages/airflow/example_dags/example_complex.py took 0.142 seconds
[2024-05-23T19:33:27.606+0000] {processor.py:161} INFO - Started process (PID=2166) to work on /home/airflow/.local/lib/python3.12/site-packages/airflow/example_dags/example_complex.py
[2024-05-23T19:33:27.608+0000] {processor.py:830} INFO - Processing file /home/airflow/.local/lib/python3.12/site-packages/airflow/example_dags/example_complex.py for tasks to queue
[2024-05-23T19:33:27.611+0000] {logging_mixin.py:188} INFO - [2024-05-23T19:33:27.610+0000] {dagbag.py:545} INFO - Filling up the DagBag from /home/airflow/.local/lib/python3.12/site-packages/airflow/example_dags/example_complex.py
[2024-05-23T19:33:27.629+0000] {processor.py:840} INFO - DAG(s) 'example_complex' retrieved from /home/airflow/.local/lib/python3.12/site-packages/airflow/example_dags/example_complex.py
[2024-05-23T19:33:27.685+0000] {logging_mixin.py:188} INFO - [2024-05-23T19:33:27.685+0000] {dag.py:3096} INFO - Sync 1 DAGs
[2024-05-23T19:33:27.710+0000] {logging_mixin.py:188} INFO - [2024-05-23T19:33:27.710+0000] {dag.py:3954} INFO - Setting next_dagrun for example_complex to None, run_after=None
[2024-05-23T19:33:27.742+0000] {processor.py:183} INFO - Processing /home/airflow/.local/lib/python3.12/site-packages/airflow/example_dags/example_complex.py took 0.147 seconds
[2024-05-23T19:33:58.409+0000] {processor.py:161} INFO - Started process (PID=2430) to work on /home/airflow/.local/lib/python3.12/site-packages/airflow/example_dags/example_complex.py
[2024-05-23T19:33:58.411+0000] {processor.py:830} INFO - Processing file /home/airflow/.local/lib/python3.12/site-packages/airflow/example_dags/example_complex.py for tasks to queue
[2024-05-23T19:33:58.414+0000] {logging_mixin.py:188} INFO - [2024-05-23T19:33:58.414+0000] {dagbag.py:545} INFO - Filling up the DagBag from /home/airflow/.local/lib/python3.12/site-packages/airflow/example_dags/example_complex.py
[2024-05-23T19:33:58.434+0000] {processor.py:840} INFO - DAG(s) 'example_complex' retrieved from /home/airflow/.local/lib/python3.12/site-packages/airflow/example_dags/example_complex.py
[2024-05-23T19:33:58.502+0000] {logging_mixin.py:188} INFO - [2024-05-23T19:33:58.501+0000] {dag.py:3096} INFO - Sync 1 DAGs
[2024-05-23T19:33:58.526+0000] {logging_mixin.py:188} INFO - [2024-05-23T19:33:58.525+0000] {dag.py:3954} INFO - Setting next_dagrun for example_complex to None, run_after=None
[2024-05-23T19:33:58.558+0000] {processor.py:183} INFO - Processing /home/airflow/.local/lib/python3.12/site-packages/airflow/example_dags/example_complex.py took 0.160 seconds
[2024-05-23T19:34:28.764+0000] {processor.py:161} INFO - Started process (PID=2691) to work on /home/airflow/.local/lib/python3.12/site-packages/airflow/example_dags/example_complex.py
[2024-05-23T19:34:28.766+0000] {processor.py:830} INFO - Processing file /home/airflow/.local/lib/python3.12/site-packages/airflow/example_dags/example_complex.py for tasks to queue
[2024-05-23T19:34:28.769+0000] {logging_mixin.py:188} INFO - [2024-05-23T19:34:28.769+0000] {dagbag.py:545} INFO - Filling up the DagBag from /home/airflow/.local/lib/python3.12/site-packages/airflow/example_dags/example_complex.py
[2024-05-23T19:34:28.788+0000] {processor.py:840} INFO - DAG(s) 'example_complex' retrieved from /home/airflow/.local/lib/python3.12/site-packages/airflow/example_dags/example_complex.py
[2024-05-23T19:34:28.846+0000] {logging_mixin.py:188} INFO - [2024-05-23T19:34:28.846+0000] {dag.py:3096} INFO - Sync 1 DAGs
[2024-05-23T19:34:28.870+0000] {logging_mixin.py:188} INFO - [2024-05-23T19:34:28.869+0000] {dag.py:3954} INFO - Setting next_dagrun for example_complex to None, run_after=None
[2024-05-23T19:34:28.904+0000] {processor.py:183} INFO - Processing /home/airflow/.local/lib/python3.12/site-packages/airflow/example_dags/example_complex.py took 0.150 seconds
[2024-05-23T19:34:59.524+0000] {processor.py:161} INFO - Started process (PID=2976) to work on /home/airflow/.local/lib/python3.12/site-packages/airflow/example_dags/example_complex.py
[2024-05-23T19:34:59.526+0000] {processor.py:830} INFO - Processing file /home/airflow/.local/lib/python3.12/site-packages/airflow/example_dags/example_complex.py for tasks to queue
[2024-05-23T19:34:59.530+0000] {logging_mixin.py:188} INFO - [2024-05-23T19:34:59.530+0000] {dagbag.py:545} INFO - Filling up the DagBag from /home/airflow/.local/lib/python3.12/site-packages/airflow/example_dags/example_complex.py
[2024-05-23T19:34:59.553+0000] {processor.py:840} INFO - DAG(s) 'example_complex' retrieved from /home/airflow/.local/lib/python3.12/site-packages/airflow/example_dags/example_complex.py
[2024-05-23T19:34:59.613+0000] {logging_mixin.py:188} INFO - [2024-05-23T19:34:59.612+0000] {dag.py:3096} INFO - Sync 1 DAGs
[2024-05-23T19:34:59.638+0000] {logging_mixin.py:188} INFO - [2024-05-23T19:34:59.637+0000] {dag.py:3954} INFO - Setting next_dagrun for example_complex to None, run_after=None
[2024-05-23T19:34:59.672+0000] {processor.py:183} INFO - Processing /home/airflow/.local/lib/python3.12/site-packages/airflow/example_dags/example_complex.py took 0.161 seconds
[2024-05-23T19:35:29.904+0000] {processor.py:161} INFO - Started process (PID=3240) to work on /home/airflow/.local/lib/python3.12/site-packages/airflow/example_dags/example_complex.py
[2024-05-23T19:35:29.906+0000] {processor.py:830} INFO - Processing file /home/airflow/.local/lib/python3.12/site-packages/airflow/example_dags/example_complex.py for tasks to queue
[2024-05-23T19:35:29.911+0000] {logging_mixin.py:188} INFO - [2024-05-23T19:35:29.910+0000] {dagbag.py:545} INFO - Filling up the DagBag from /home/airflow/.local/lib/python3.12/site-packages/airflow/example_dags/example_complex.py
[2024-05-23T19:35:29.945+0000] {processor.py:840} INFO - DAG(s) 'example_complex' retrieved from /home/airflow/.local/lib/python3.12/site-packages/airflow/example_dags/example_complex.py
[2024-05-23T19:35:30.018+0000] {logging_mixin.py:188} INFO - [2024-05-23T19:35:30.018+0000] {dag.py:3096} INFO - Sync 1 DAGs
[2024-05-23T19:35:30.045+0000] {logging_mixin.py:188} INFO - [2024-05-23T19:35:30.045+0000] {dag.py:3954} INFO - Setting next_dagrun for example_complex to None, run_after=None
[2024-05-23T19:35:30.081+0000] {processor.py:183} INFO - Processing /home/airflow/.local/lib/python3.12/site-packages/airflow/example_dags/example_complex.py took 0.189 seconds
[2024-05-23T19:36:00.225+0000] {processor.py:161} INFO - Started process (PID=3500) to work on /home/airflow/.local/lib/python3.12/site-packages/airflow/example_dags/example_complex.py
[2024-05-23T19:36:00.226+0000] {processor.py:830} INFO - Processing file /home/airflow/.local/lib/python3.12/site-packages/airflow/example_dags/example_complex.py for tasks to queue
[2024-05-23T19:36:00.229+0000] {logging_mixin.py:188} INFO - [2024-05-23T19:36:00.229+0000] {dagbag.py:545} INFO - Filling up the DagBag from /home/airflow/.local/lib/python3.12/site-packages/airflow/example_dags/example_complex.py
[2024-05-23T19:36:00.249+0000] {processor.py:840} INFO - DAG(s) 'example_complex' retrieved from /home/airflow/.local/lib/python3.12/site-packages/airflow/example_dags/example_complex.py
[2024-05-23T19:36:00.304+0000] {logging_mixin.py:188} INFO - [2024-05-23T19:36:00.304+0000] {dag.py:3096} INFO - Sync 1 DAGs
[2024-05-23T19:36:00.326+0000] {logging_mixin.py:188} INFO - [2024-05-23T19:36:00.325+0000] {dag.py:3954} INFO - Setting next_dagrun for example_complex to None, run_after=None
[2024-05-23T19:36:00.356+0000] {processor.py:183} INFO - Processing /home/airflow/.local/lib/python3.12/site-packages/airflow/example_dags/example_complex.py took 0.141 seconds
[2024-05-23T19:36:30.565+0000] {processor.py:161} INFO - Started process (PID=3762) to work on /home/airflow/.local/lib/python3.12/site-packages/airflow/example_dags/example_complex.py
[2024-05-23T19:36:30.566+0000] {processor.py:830} INFO - Processing file /home/airflow/.local/lib/python3.12/site-packages/airflow/example_dags/example_complex.py for tasks to queue
[2024-05-23T19:36:30.570+0000] {logging_mixin.py:188} INFO - [2024-05-23T19:36:30.569+0000] {dagbag.py:545} INFO - Filling up the DagBag from /home/airflow/.local/lib/python3.12/site-packages/airflow/example_dags/example_complex.py
[2024-05-23T19:36:30.585+0000] {processor.py:840} INFO - DAG(s) 'example_complex' retrieved from /home/airflow/.local/lib/python3.12/site-packages/airflow/example_dags/example_complex.py
[2024-05-23T19:36:30.633+0000] {logging_mixin.py:188} INFO - [2024-05-23T19:36:30.633+0000] {dag.py:3096} INFO - Sync 1 DAGs
[2024-05-23T19:36:30.651+0000] {logging_mixin.py:188} INFO - [2024-05-23T19:36:30.651+0000] {dag.py:3954} INFO - Setting next_dagrun for example_complex to None, run_after=None
[2024-05-23T19:36:30.673+0000] {processor.py:183} INFO - Processing /home/airflow/.local/lib/python3.12/site-packages/airflow/example_dags/example_complex.py took 0.117 seconds
[2024-05-23T19:37:01.061+0000] {processor.py:161} INFO - Started process (PID=4024) to work on /home/airflow/.local/lib/python3.12/site-packages/airflow/example_dags/example_complex.py
[2024-05-23T19:37:01.063+0000] {processor.py:830} INFO - Processing file /home/airflow/.local/lib/python3.12/site-packages/airflow/example_dags/example_complex.py for tasks to queue
[2024-05-23T19:37:01.065+0000] {logging_mixin.py:188} INFO - [2024-05-23T19:37:01.065+0000] {dagbag.py:545} INFO - Filling up the DagBag from /home/airflow/.local/lib/python3.12/site-packages/airflow/example_dags/example_complex.py
[2024-05-23T19:37:01.084+0000] {processor.py:840} INFO - DAG(s) 'example_complex' retrieved from /home/airflow/.local/lib/python3.12/site-packages/airflow/example_dags/example_complex.py
[2024-05-23T19:37:01.146+0000] {logging_mixin.py:188} INFO - [2024-05-23T19:37:01.146+0000] {dag.py:3096} INFO - Sync 1 DAGs
[2024-05-23T19:37:01.169+0000] {logging_mixin.py:188} INFO - [2024-05-23T19:37:01.168+0000] {dag.py:3954} INFO - Setting next_dagrun for example_complex to None, run_after=None
[2024-05-23T19:37:01.208+0000] {processor.py:183} INFO - Processing /home/airflow/.local/lib/python3.12/site-packages/airflow/example_dags/example_complex.py took 0.157 seconds
[2024-05-23T19:37:32.104+0000] {processor.py:161} INFO - Started process (PID=4286) to work on /home/airflow/.local/lib/python3.12/site-packages/airflow/example_dags/example_complex.py
[2024-05-23T19:37:32.106+0000] {processor.py:830} INFO - Processing file /home/airflow/.local/lib/python3.12/site-packages/airflow/example_dags/example_complex.py for tasks to queue
[2024-05-23T19:37:32.108+0000] {logging_mixin.py:188} INFO - [2024-05-23T19:37:32.108+0000] {dagbag.py:545} INFO - Filling up the DagBag from /home/airflow/.local/lib/python3.12/site-packages/airflow/example_dags/example_complex.py
[2024-05-23T19:37:32.126+0000] {processor.py:840} INFO - DAG(s) 'example_complex' retrieved from /home/airflow/.local/lib/python3.12/site-packages/airflow/example_dags/example_complex.py
[2024-05-23T19:37:32.181+0000] {logging_mixin.py:188} INFO - [2024-05-23T19:37:32.180+0000] {dag.py:3096} INFO - Sync 1 DAGs
[2024-05-23T19:37:32.201+0000] {logging_mixin.py:188} INFO - [2024-05-23T19:37:32.200+0000] {dag.py:3954} INFO - Setting next_dagrun for example_complex to None, run_after=None
[2024-05-23T19:37:32.230+0000] {processor.py:183} INFO - Processing /home/airflow/.local/lib/python3.12/site-packages/airflow/example_dags/example_complex.py took 0.135 seconds
[2024-05-23T19:38:02.923+0000] {processor.py:161} INFO - Started process (PID=4548) to work on /home/airflow/.local/lib/python3.12/site-packages/airflow/example_dags/example_complex.py
[2024-05-23T19:38:02.924+0000] {processor.py:830} INFO - Processing file /home/airflow/.local/lib/python3.12/site-packages/airflow/example_dags/example_complex.py for tasks to queue
[2024-05-23T19:38:02.927+0000] {logging_mixin.py:188} INFO - [2024-05-23T19:38:02.926+0000] {dagbag.py:545} INFO - Filling up the DagBag from /home/airflow/.local/lib/python3.12/site-packages/airflow/example_dags/example_complex.py
[2024-05-23T19:38:02.941+0000] {processor.py:840} INFO - DAG(s) 'example_complex' retrieved from /home/airflow/.local/lib/python3.12/site-packages/airflow/example_dags/example_complex.py
[2024-05-23T19:38:02.986+0000] {logging_mixin.py:188} INFO - [2024-05-23T19:38:02.986+0000] {dag.py:3096} INFO - Sync 1 DAGs
[2024-05-23T19:38:03.004+0000] {logging_mixin.py:188} INFO - [2024-05-23T19:38:03.004+0000] {dag.py:3954} INFO - Setting next_dagrun for example_complex to None, run_after=None
[2024-05-23T19:38:03.026+0000] {processor.py:183} INFO - Processing /home/airflow/.local/lib/python3.12/site-packages/airflow/example_dags/example_complex.py took 0.110 seconds
[2024-05-23T19:38:33.363+0000] {processor.py:161} INFO - Started process (PID=4810) to work on /home/airflow/.local/lib/python3.12/site-packages/airflow/example_dags/example_complex.py
[2024-05-23T19:38:33.364+0000] {processor.py:830} INFO - Processing file /home/airflow/.local/lib/python3.12/site-packages/airflow/example_dags/example_complex.py for tasks to queue
[2024-05-23T19:38:33.367+0000] {logging_mixin.py:188} INFO - [2024-05-23T19:38:33.366+0000] {dagbag.py:545} INFO - Filling up the DagBag from /home/airflow/.local/lib/python3.12/site-packages/airflow/example_dags/example_complex.py
[2024-05-23T19:38:33.383+0000] {processor.py:840} INFO - DAG(s) 'example_complex' retrieved from /home/airflow/.local/lib/python3.12/site-packages/airflow/example_dags/example_complex.py
[2024-05-23T19:38:33.436+0000] {logging_mixin.py:188} INFO - [2024-05-23T19:38:33.435+0000] {dag.py:3096} INFO - Sync 1 DAGs
[2024-05-23T19:38:33.455+0000] {logging_mixin.py:188} INFO - [2024-05-23T19:38:33.455+0000] {dag.py:3954} INFO - Setting next_dagrun for example_complex to None, run_after=None
[2024-05-23T19:38:33.482+0000] {processor.py:183} INFO - Processing /home/airflow/.local/lib/python3.12/site-packages/airflow/example_dags/example_complex.py took 0.128 seconds
[2024-05-23T19:39:03.959+0000] {processor.py:161} INFO - Started process (PID=5072) to work on /home/airflow/.local/lib/python3.12/site-packages/airflow/example_dags/example_complex.py
[2024-05-23T19:39:03.961+0000] {processor.py:830} INFO - Processing file /home/airflow/.local/lib/python3.12/site-packages/airflow/example_dags/example_complex.py for tasks to queue
[2024-05-23T19:39:03.964+0000] {logging_mixin.py:188} INFO - [2024-05-23T19:39:03.963+0000] {dagbag.py:545} INFO - Filling up the DagBag from /home/airflow/.local/lib/python3.12/site-packages/airflow/example_dags/example_complex.py
[2024-05-23T19:39:03.981+0000] {processor.py:840} INFO - DAG(s) 'example_complex' retrieved from /home/airflow/.local/lib/python3.12/site-packages/airflow/example_dags/example_complex.py
[2024-05-23T19:39:04.035+0000] {logging_mixin.py:188} INFO - [2024-05-23T19:39:04.035+0000] {dag.py:3096} INFO - Sync 1 DAGs
[2024-05-23T19:39:04.056+0000] {logging_mixin.py:188} INFO - [2024-05-23T19:39:04.055+0000] {dag.py:3954} INFO - Setting next_dagrun for example_complex to None, run_after=None
[2024-05-23T19:39:04.083+0000] {processor.py:183} INFO - Processing /home/airflow/.local/lib/python3.12/site-packages/airflow/example_dags/example_complex.py took 0.133 seconds
[2024-05-23T19:39:34.582+0000] {processor.py:161} INFO - Started process (PID=5334) to work on /home/airflow/.local/lib/python3.12/site-packages/airflow/example_dags/example_complex.py
[2024-05-23T19:39:34.583+0000] {processor.py:830} INFO - Processing file /home/airflow/.local/lib/python3.12/site-packages/airflow/example_dags/example_complex.py for tasks to queue
[2024-05-23T19:39:34.586+0000] {logging_mixin.py:188} INFO - [2024-05-23T19:39:34.586+0000] {dagbag.py:545} INFO - Filling up the DagBag from /home/airflow/.local/lib/python3.12/site-packages/airflow/example_dags/example_complex.py
[2024-05-23T19:39:34.602+0000] {processor.py:840} INFO - DAG(s) 'example_complex' retrieved from /home/airflow/.local/lib/python3.12/site-packages/airflow/example_dags/example_complex.py
[2024-05-23T19:39:34.654+0000] {logging_mixin.py:188} INFO - [2024-05-23T19:39:34.654+0000] {dag.py:3096} INFO - Sync 1 DAGs
[2024-05-23T19:39:34.675+0000] {logging_mixin.py:188} INFO - [2024-05-23T19:39:34.675+0000] {dag.py:3954} INFO - Setting next_dagrun for example_complex to None, run_after=None
[2024-05-23T19:39:34.702+0000] {processor.py:183} INFO - Processing /home/airflow/.local/lib/python3.12/site-packages/airflow/example_dags/example_complex.py took 0.130 seconds
[2024-05-23T19:40:05.275+0000] {processor.py:161} INFO - Started process (PID=5596) to work on /home/airflow/.local/lib/python3.12/site-packages/airflow/example_dags/example_complex.py
[2024-05-23T19:40:05.276+0000] {processor.py:830} INFO - Processing file /home/airflow/.local/lib/python3.12/site-packages/airflow/example_dags/example_complex.py for tasks to queue
[2024-05-23T19:40:05.279+0000] {logging_mixin.py:188} INFO - [2024-05-23T19:40:05.278+0000] {dagbag.py:545} INFO - Filling up the DagBag from /home/airflow/.local/lib/python3.12/site-packages/airflow/example_dags/example_complex.py
[2024-05-23T19:40:05.296+0000] {processor.py:840} INFO - DAG(s) 'example_complex' retrieved from /home/airflow/.local/lib/python3.12/site-packages/airflow/example_dags/example_complex.py
[2024-05-23T19:40:05.352+0000] {logging_mixin.py:188} INFO - [2024-05-23T19:40:05.351+0000] {dag.py:3096} INFO - Sync 1 DAGs
[2024-05-23T19:40:05.371+0000] {logging_mixin.py:188} INFO - [2024-05-23T19:40:05.371+0000] {dag.py:3954} INFO - Setting next_dagrun for example_complex to None, run_after=None
[2024-05-23T19:40:05.401+0000] {processor.py:183} INFO - Processing /home/airflow/.local/lib/python3.12/site-packages/airflow/example_dags/example_complex.py took 0.135 seconds
[2024-05-23T19:40:35.957+0000] {processor.py:161} INFO - Started process (PID=5858) to work on /home/airflow/.local/lib/python3.12/site-packages/airflow/example_dags/example_complex.py
[2024-05-23T19:40:35.960+0000] {processor.py:830} INFO - Processing file /home/airflow/.local/lib/python3.12/site-packages/airflow/example_dags/example_complex.py for tasks to queue
[2024-05-23T19:40:35.964+0000] {logging_mixin.py:188} INFO - [2024-05-23T19:40:35.963+0000] {dagbag.py:545} INFO - Filling up the DagBag from /home/airflow/.local/lib/python3.12/site-packages/airflow/example_dags/example_complex.py
[2024-05-23T19:40:35.982+0000] {processor.py:840} INFO - DAG(s) 'example_complex' retrieved from /home/airflow/.local/lib/python3.12/site-packages/airflow/example_dags/example_complex.py
[2024-05-23T19:40:36.039+0000] {logging_mixin.py:188} INFO - [2024-05-23T19:40:36.039+0000] {dag.py:3096} INFO - Sync 1 DAGs
[2024-05-23T19:40:36.061+0000] {logging_mixin.py:188} INFO - [2024-05-23T19:40:36.061+0000] {dag.py:3954} INFO - Setting next_dagrun for example_complex to None, run_after=None
[2024-05-23T19:40:36.090+0000] {processor.py:183} INFO - Processing /home/airflow/.local/lib/python3.12/site-packages/airflow/example_dags/example_complex.py took 0.143 seconds
[2024-05-23T19:41:06.674+0000] {processor.py:161} INFO - Started process (PID=6122) to work on /home/airflow/.local/lib/python3.12/site-packages/airflow/example_dags/example_complex.py
[2024-05-23T19:41:06.676+0000] {processor.py:830} INFO - Processing file /home/airflow/.local/lib/python3.12/site-packages/airflow/example_dags/example_complex.py for tasks to queue
[2024-05-23T19:41:06.679+0000] {logging_mixin.py:188} INFO - [2024-05-23T19:41:06.679+0000] {dagbag.py:545} INFO - Filling up the DagBag from /home/airflow/.local/lib/python3.12/site-packages/airflow/example_dags/example_complex.py
[2024-05-23T19:41:06.696+0000] {processor.py:840} INFO - DAG(s) 'example_complex' retrieved from /home/airflow/.local/lib/python3.12/site-packages/airflow/example_dags/example_complex.py
[2024-05-23T19:41:06.747+0000] {logging_mixin.py:188} INFO - [2024-05-23T19:41:06.746+0000] {dag.py:3096} INFO - Sync 1 DAGs
[2024-05-23T19:41:06.767+0000] {logging_mixin.py:188} INFO - [2024-05-23T19:41:06.767+0000] {dag.py:3954} INFO - Setting next_dagrun for example_complex to None, run_after=None
[2024-05-23T19:41:06.796+0000] {processor.py:183} INFO - Processing /home/airflow/.local/lib/python3.12/site-packages/airflow/example_dags/example_complex.py took 0.131 seconds
[2024-05-23T19:41:37.307+0000] {processor.py:161} INFO - Started process (PID=6382) to work on /home/airflow/.local/lib/python3.12/site-packages/airflow/example_dags/example_complex.py
[2024-05-23T19:41:37.309+0000] {processor.py:830} INFO - Processing file /home/airflow/.local/lib/python3.12/site-packages/airflow/example_dags/example_complex.py for tasks to queue
[2024-05-23T19:41:37.312+0000] {logging_mixin.py:188} INFO - [2024-05-23T19:41:37.311+0000] {dagbag.py:545} INFO - Filling up the DagBag from /home/airflow/.local/lib/python3.12/site-packages/airflow/example_dags/example_complex.py
[2024-05-23T19:41:37.334+0000] {processor.py:840} INFO - DAG(s) 'example_complex' retrieved from /home/airflow/.local/lib/python3.12/site-packages/airflow/example_dags/example_complex.py
[2024-05-23T19:41:37.405+0000] {logging_mixin.py:188} INFO - [2024-05-23T19:41:37.404+0000] {dag.py:3096} INFO - Sync 1 DAGs
[2024-05-23T19:41:37.430+0000] {logging_mixin.py:188} INFO - [2024-05-23T19:41:37.430+0000] {dag.py:3954} INFO - Setting next_dagrun for example_complex to None, run_after=None
[2024-05-23T19:41:37.469+0000] {processor.py:183} INFO - Processing /home/airflow/.local/lib/python3.12/site-packages/airflow/example_dags/example_complex.py took 0.171 seconds
[2024-05-23T19:42:07.572+0000] {processor.py:161} INFO - Started process (PID=6640) to work on /home/airflow/.local/lib/python3.12/site-packages/airflow/example_dags/example_complex.py
[2024-05-23T19:42:07.573+0000] {processor.py:830} INFO - Processing file /home/airflow/.local/lib/python3.12/site-packages/airflow/example_dags/example_complex.py for tasks to queue
[2024-05-23T19:42:07.577+0000] {logging_mixin.py:188} INFO - [2024-05-23T19:42:07.576+0000] {dagbag.py:545} INFO - Filling up the DagBag from /home/airflow/.local/lib/python3.12/site-packages/airflow/example_dags/example_complex.py
[2024-05-23T19:42:07.594+0000] {processor.py:840} INFO - DAG(s) 'example_complex' retrieved from /home/airflow/.local/lib/python3.12/site-packages/airflow/example_dags/example_complex.py
[2024-05-23T19:42:07.652+0000] {logging_mixin.py:188} INFO - [2024-05-23T19:42:07.652+0000] {dag.py:3096} INFO - Sync 1 DAGs
[2024-05-23T19:42:07.672+0000] {logging_mixin.py:188} INFO - [2024-05-23T19:42:07.672+0000] {dag.py:3954} INFO - Setting next_dagrun for example_complex to None, run_after=None
[2024-05-23T19:42:07.700+0000] {processor.py:183} INFO - Processing /home/airflow/.local/lib/python3.12/site-packages/airflow/example_dags/example_complex.py took 0.137 seconds
[2024-05-23T19:42:38.104+0000] {processor.py:161} INFO - Started process (PID=6900) to work on /home/airflow/.local/lib/python3.12/site-packages/airflow/example_dags/example_complex.py
[2024-05-23T19:42:38.105+0000] {processor.py:830} INFO - Processing file /home/airflow/.local/lib/python3.12/site-packages/airflow/example_dags/example_complex.py for tasks to queue
[2024-05-23T19:42:38.108+0000] {logging_mixin.py:188} INFO - [2024-05-23T19:42:38.107+0000] {dagbag.py:545} INFO - Filling up the DagBag from /home/airflow/.local/lib/python3.12/site-packages/airflow/example_dags/example_complex.py
[2024-05-23T19:42:38.122+0000] {processor.py:840} INFO - DAG(s) 'example_complex' retrieved from /home/airflow/.local/lib/python3.12/site-packages/airflow/example_dags/example_complex.py
[2024-05-23T19:42:38.169+0000] {logging_mixin.py:188} INFO - [2024-05-23T19:42:38.169+0000] {dag.py:3096} INFO - Sync 1 DAGs
[2024-05-23T19:42:38.188+0000] {logging_mixin.py:188} INFO - [2024-05-23T19:42:38.188+0000] {dag.py:3954} INFO - Setting next_dagrun for example_complex to None, run_after=None
[2024-05-23T19:42:38.213+0000] {processor.py:183} INFO - Processing /home/airflow/.local/lib/python3.12/site-packages/airflow/example_dags/example_complex.py took 0.118 seconds
[2024-05-23T19:43:08.465+0000] {processor.py:161} INFO - Started process (PID=7162) to work on /home/airflow/.local/lib/python3.12/site-packages/airflow/example_dags/example_complex.py
[2024-05-23T19:43:08.467+0000] {processor.py:830} INFO - Processing file /home/airflow/.local/lib/python3.12/site-packages/airflow/example_dags/example_complex.py for tasks to queue
[2024-05-23T19:43:08.469+0000] {logging_mixin.py:188} INFO - [2024-05-23T19:43:08.469+0000] {dagbag.py:545} INFO - Filling up the DagBag from /home/airflow/.local/lib/python3.12/site-packages/airflow/example_dags/example_complex.py
[2024-05-23T19:43:08.484+0000] {processor.py:840} INFO - DAG(s) 'example_complex' retrieved from /home/airflow/.local/lib/python3.12/site-packages/airflow/example_dags/example_complex.py
[2024-05-23T19:43:08.535+0000] {logging_mixin.py:188} INFO - [2024-05-23T19:43:08.534+0000] {dag.py:3096} INFO - Sync 1 DAGs
[2024-05-23T19:43:08.560+0000] {logging_mixin.py:188} INFO - [2024-05-23T19:43:08.559+0000] {dag.py:3954} INFO - Setting next_dagrun for example_complex to None, run_after=None
[2024-05-23T19:43:08.588+0000] {processor.py:183} INFO - Processing /home/airflow/.local/lib/python3.12/site-packages/airflow/example_dags/example_complex.py took 0.132 seconds
[2024-05-23T19:43:38.984+0000] {processor.py:161} INFO - Started process (PID=7424) to work on /home/airflow/.local/lib/python3.12/site-packages/airflow/example_dags/example_complex.py
[2024-05-23T19:43:38.986+0000] {processor.py:830} INFO - Processing file /home/airflow/.local/lib/python3.12/site-packages/airflow/example_dags/example_complex.py for tasks to queue
[2024-05-23T19:43:38.989+0000] {logging_mixin.py:188} INFO - [2024-05-23T19:43:38.989+0000] {dagbag.py:545} INFO - Filling up the DagBag from /home/airflow/.local/lib/python3.12/site-packages/airflow/example_dags/example_complex.py
[2024-05-23T19:43:39.008+0000] {processor.py:840} INFO - DAG(s) 'example_complex' retrieved from /home/airflow/.local/lib/python3.12/site-packages/airflow/example_dags/example_complex.py
[2024-05-23T19:43:39.059+0000] {logging_mixin.py:188} INFO - [2024-05-23T19:43:39.058+0000] {dag.py:3096} INFO - Sync 1 DAGs
[2024-05-23T19:43:39.082+0000] {logging_mixin.py:188} INFO - [2024-05-23T19:43:39.082+0000] {dag.py:3954} INFO - Setting next_dagrun for example_complex to None, run_after=None
[2024-05-23T19:43:39.116+0000] {processor.py:183} INFO - Processing /home/airflow/.local/lib/python3.12/site-packages/airflow/example_dags/example_complex.py took 0.141 seconds
[2024-05-23T19:44:09.481+0000] {processor.py:161} INFO - Started process (PID=7686) to work on /home/airflow/.local/lib/python3.12/site-packages/airflow/example_dags/example_complex.py
[2024-05-23T19:44:09.483+0000] {processor.py:830} INFO - Processing file /home/airflow/.local/lib/python3.12/site-packages/airflow/example_dags/example_complex.py for tasks to queue
[2024-05-23T19:44:09.486+0000] {logging_mixin.py:188} INFO - [2024-05-23T19:44:09.485+0000] {dagbag.py:545} INFO - Filling up the DagBag from /home/airflow/.local/lib/python3.12/site-packages/airflow/example_dags/example_complex.py
[2024-05-23T19:44:09.502+0000] {processor.py:840} INFO - DAG(s) 'example_complex' retrieved from /home/airflow/.local/lib/python3.12/site-packages/airflow/example_dags/example_complex.py
[2024-05-23T19:44:09.553+0000] {logging_mixin.py:188} INFO - [2024-05-23T19:44:09.553+0000] {dag.py:3096} INFO - Sync 1 DAGs
[2024-05-23T19:44:09.573+0000] {logging_mixin.py:188} INFO - [2024-05-23T19:44:09.573+0000] {dag.py:3954} INFO - Setting next_dagrun for example_complex to None, run_after=None
[2024-05-23T19:44:09.601+0000] {processor.py:183} INFO - Processing /home/airflow/.local/lib/python3.12/site-packages/airflow/example_dags/example_complex.py took 0.129 seconds
[2024-05-23T19:44:39.952+0000] {processor.py:161} INFO - Started process (PID=7948) to work on /home/airflow/.local/lib/python3.12/site-packages/airflow/example_dags/example_complex.py
[2024-05-23T19:44:39.954+0000] {processor.py:830} INFO - Processing file /home/airflow/.local/lib/python3.12/site-packages/airflow/example_dags/example_complex.py for tasks to queue
[2024-05-23T19:44:39.957+0000] {logging_mixin.py:188} INFO - [2024-05-23T19:44:39.956+0000] {dagbag.py:545} INFO - Filling up the DagBag from /home/airflow/.local/lib/python3.12/site-packages/airflow/example_dags/example_complex.py
[2024-05-23T19:44:39.972+0000] {processor.py:840} INFO - DAG(s) 'example_complex' retrieved from /home/airflow/.local/lib/python3.12/site-packages/airflow/example_dags/example_complex.py
[2024-05-23T19:44:40.022+0000] {logging_mixin.py:188} INFO - [2024-05-23T19:44:40.022+0000] {dag.py:3096} INFO - Sync 1 DAGs
[2024-05-23T19:44:40.041+0000] {logging_mixin.py:188} INFO - [2024-05-23T19:44:40.041+0000] {dag.py:3954} INFO - Setting next_dagrun for example_complex to None, run_after=None
[2024-05-23T19:44:40.067+0000] {processor.py:183} INFO - Processing /home/airflow/.local/lib/python3.12/site-packages/airflow/example_dags/example_complex.py took 0.123 seconds
[2024-05-23T19:45:10.148+0000] {processor.py:161} INFO - Started process (PID=8210) to work on /home/airflow/.local/lib/python3.12/site-packages/airflow/example_dags/example_complex.py
[2024-05-23T19:45:10.150+0000] {processor.py:830} INFO - Processing file /home/airflow/.local/lib/python3.12/site-packages/airflow/example_dags/example_complex.py for tasks to queue
[2024-05-23T19:45:10.153+0000] {logging_mixin.py:188} INFO - [2024-05-23T19:45:10.153+0000] {dagbag.py:545} INFO - Filling up the DagBag from /home/airflow/.local/lib/python3.12/site-packages/airflow/example_dags/example_complex.py
[2024-05-23T19:45:10.169+0000] {processor.py:840} INFO - DAG(s) 'example_complex' retrieved from /home/airflow/.local/lib/python3.12/site-packages/airflow/example_dags/example_complex.py
[2024-05-23T19:45:10.219+0000] {logging_mixin.py:188} INFO - [2024-05-23T19:45:10.218+0000] {dag.py:3096} INFO - Sync 1 DAGs
[2024-05-23T19:45:10.238+0000] {logging_mixin.py:188} INFO - [2024-05-23T19:45:10.238+0000] {dag.py:3954} INFO - Setting next_dagrun for example_complex to None, run_after=None
[2024-05-23T19:45:10.264+0000] {processor.py:183} INFO - Processing /home/airflow/.local/lib/python3.12/site-packages/airflow/example_dags/example_complex.py took 0.124 seconds
[2024-05-23T19:45:40.479+0000] {processor.py:161} INFO - Started process (PID=8472) to work on /home/airflow/.local/lib/python3.12/site-packages/airflow/example_dags/example_complex.py
[2024-05-23T19:45:40.480+0000] {processor.py:830} INFO - Processing file /home/airflow/.local/lib/python3.12/site-packages/airflow/example_dags/example_complex.py for tasks to queue
[2024-05-23T19:45:40.483+0000] {logging_mixin.py:188} INFO - [2024-05-23T19:45:40.482+0000] {dagbag.py:545} INFO - Filling up the DagBag from /home/airflow/.local/lib/python3.12/site-packages/airflow/example_dags/example_complex.py
[2024-05-23T19:45:40.497+0000] {processor.py:840} INFO - DAG(s) 'example_complex' retrieved from /home/airflow/.local/lib/python3.12/site-packages/airflow/example_dags/example_complex.py
[2024-05-23T19:45:40.542+0000] {logging_mixin.py:188} INFO - [2024-05-23T19:45:40.541+0000] {dag.py:3096} INFO - Sync 1 DAGs
[2024-05-23T19:45:40.559+0000] {logging_mixin.py:188} INFO - [2024-05-23T19:45:40.559+0000] {dag.py:3954} INFO - Setting next_dagrun for example_complex to None, run_after=None
[2024-05-23T19:45:40.584+0000] {processor.py:183} INFO - Processing /home/airflow/.local/lib/python3.12/site-packages/airflow/example_dags/example_complex.py took 0.113 seconds
[2024-05-23T19:46:10.665+0000] {processor.py:161} INFO - Started process (PID=8734) to work on /home/airflow/.local/lib/python3.12/site-packages/airflow/example_dags/example_complex.py
[2024-05-23T19:46:10.666+0000] {processor.py:830} INFO - Processing file /home/airflow/.local/lib/python3.12/site-packages/airflow/example_dags/example_complex.py for tasks to queue
[2024-05-23T19:46:10.669+0000] {logging_mixin.py:188} INFO - [2024-05-23T19:46:10.668+0000] {dagbag.py:545} INFO - Filling up the DagBag from /home/airflow/.local/lib/python3.12/site-packages/airflow/example_dags/example_complex.py
[2024-05-23T19:46:10.684+0000] {processor.py:840} INFO - DAG(s) 'example_complex' retrieved from /home/airflow/.local/lib/python3.12/site-packages/airflow/example_dags/example_complex.py
[2024-05-23T19:46:10.730+0000] {logging_mixin.py:188} INFO - [2024-05-23T19:46:10.729+0000] {dag.py:3096} INFO - Sync 1 DAGs
[2024-05-23T19:46:10.748+0000] {logging_mixin.py:188} INFO - [2024-05-23T19:46:10.748+0000] {dag.py:3954} INFO - Setting next_dagrun for example_complex to None, run_after=None
[2024-05-23T19:46:10.772+0000] {processor.py:183} INFO - Processing /home/airflow/.local/lib/python3.12/site-packages/airflow/example_dags/example_complex.py took 0.115 seconds
[2024-05-23T19:46:40.845+0000] {processor.py:161} INFO - Started process (PID=8996) to work on /home/airflow/.local/lib/python3.12/site-packages/airflow/example_dags/example_complex.py
[2024-05-23T19:46:40.847+0000] {processor.py:830} INFO - Processing file /home/airflow/.local/lib/python3.12/site-packages/airflow/example_dags/example_complex.py for tasks to queue
[2024-05-23T19:46:40.849+0000] {logging_mixin.py:188} INFO - [2024-05-23T19:46:40.849+0000] {dagbag.py:545} INFO - Filling up the DagBag from /home/airflow/.local/lib/python3.12/site-packages/airflow/example_dags/example_complex.py
[2024-05-23T19:46:40.864+0000] {processor.py:840} INFO - DAG(s) 'example_complex' retrieved from /home/airflow/.local/lib/python3.12/site-packages/airflow/example_dags/example_complex.py
[2024-05-23T19:46:40.910+0000] {logging_mixin.py:188} INFO - [2024-05-23T19:46:40.910+0000] {dag.py:3096} INFO - Sync 1 DAGs
[2024-05-23T19:46:40.928+0000] {logging_mixin.py:188} INFO - [2024-05-23T19:46:40.927+0000] {dag.py:3954} INFO - Setting next_dagrun for example_complex to None, run_after=None
[2024-05-23T19:46:40.952+0000] {processor.py:183} INFO - Processing /home/airflow/.local/lib/python3.12/site-packages/airflow/example_dags/example_complex.py took 0.115 seconds
[2024-05-23T19:47:11.172+0000] {processor.py:161} INFO - Started process (PID=9258) to work on /home/airflow/.local/lib/python3.12/site-packages/airflow/example_dags/example_complex.py
[2024-05-23T19:47:11.173+0000] {processor.py:830} INFO - Processing file /home/airflow/.local/lib/python3.12/site-packages/airflow/example_dags/example_complex.py for tasks to queue
[2024-05-23T19:47:11.176+0000] {logging_mixin.py:188} INFO - [2024-05-23T19:47:11.176+0000] {dagbag.py:545} INFO - Filling up the DagBag from /home/airflow/.local/lib/python3.12/site-packages/airflow/example_dags/example_complex.py
[2024-05-23T19:47:11.191+0000] {processor.py:840} INFO - DAG(s) 'example_complex' retrieved from /home/airflow/.local/lib/python3.12/site-packages/airflow/example_dags/example_complex.py
[2024-05-23T19:47:11.238+0000] {logging_mixin.py:188} INFO - [2024-05-23T19:47:11.238+0000] {dag.py:3096} INFO - Sync 1 DAGs
[2024-05-23T19:47:11.257+0000] {logging_mixin.py:188} INFO - [2024-05-23T19:47:11.256+0000] {dag.py:3954} INFO - Setting next_dagrun for example_complex to None, run_after=None
[2024-05-23T19:47:11.282+0000] {processor.py:183} INFO - Processing /home/airflow/.local/lib/python3.12/site-packages/airflow/example_dags/example_complex.py took 0.118 seconds
[2024-05-23T19:47:41.927+0000] {processor.py:161} INFO - Started process (PID=9514) to work on /home/airflow/.local/lib/python3.12/site-packages/airflow/example_dags/example_complex.py
[2024-05-23T19:47:41.928+0000] {processor.py:830} INFO - Processing file /home/airflow/.local/lib/python3.12/site-packages/airflow/example_dags/example_complex.py for tasks to queue
[2024-05-23T19:47:41.931+0000] {logging_mixin.py:188} INFO - [2024-05-23T19:47:41.930+0000] {dagbag.py:545} INFO - Filling up the DagBag from /home/airflow/.local/lib/python3.12/site-packages/airflow/example_dags/example_complex.py
[2024-05-23T19:47:41.951+0000] {processor.py:840} INFO - DAG(s) 'example_complex' retrieved from /home/airflow/.local/lib/python3.12/site-packages/airflow/example_dags/example_complex.py
[2024-05-23T19:47:42.001+0000] {logging_mixin.py:188} INFO - [2024-05-23T19:47:42.000+0000] {dag.py:3096} INFO - Sync 1 DAGs
[2024-05-23T19:47:42.020+0000] {logging_mixin.py:188} INFO - [2024-05-23T19:47:42.020+0000] {dag.py:3954} INFO - Setting next_dagrun for example_complex to None, run_after=None
[2024-05-23T19:47:42.050+0000] {processor.py:183} INFO - Processing /home/airflow/.local/lib/python3.12/site-packages/airflow/example_dags/example_complex.py took 0.131 seconds
[2024-05-23T19:48:12.689+0000] {processor.py:161} INFO - Started process (PID=9776) to work on /home/airflow/.local/lib/python3.12/site-packages/airflow/example_dags/example_complex.py
[2024-05-23T19:48:12.691+0000] {processor.py:830} INFO - Processing file /home/airflow/.local/lib/python3.12/site-packages/airflow/example_dags/example_complex.py for tasks to queue
[2024-05-23T19:48:12.693+0000] {logging_mixin.py:188} INFO - [2024-05-23T19:48:12.693+0000] {dagbag.py:545} INFO - Filling up the DagBag from /home/airflow/.local/lib/python3.12/site-packages/airflow/example_dags/example_complex.py
[2024-05-23T19:48:12.710+0000] {processor.py:840} INFO - DAG(s) 'example_complex' retrieved from /home/airflow/.local/lib/python3.12/site-packages/airflow/example_dags/example_complex.py
[2024-05-23T19:48:12.764+0000] {logging_mixin.py:188} INFO - [2024-05-23T19:48:12.764+0000] {dag.py:3096} INFO - Sync 1 DAGs
[2024-05-23T19:48:12.785+0000] {logging_mixin.py:188} INFO - [2024-05-23T19:48:12.784+0000] {dag.py:3954} INFO - Setting next_dagrun for example_complex to None, run_after=None
[2024-05-23T19:48:12.814+0000] {processor.py:183} INFO - Processing /home/airflow/.local/lib/python3.12/site-packages/airflow/example_dags/example_complex.py took 0.134 seconds
[2024-05-23T19:48:43.557+0000] {processor.py:161} INFO - Started process (PID=10038) to work on /home/airflow/.local/lib/python3.12/site-packages/airflow/example_dags/example_complex.py
[2024-05-23T19:48:43.559+0000] {processor.py:830} INFO - Processing file /home/airflow/.local/lib/python3.12/site-packages/airflow/example_dags/example_complex.py for tasks to queue
[2024-05-23T19:48:43.561+0000] {logging_mixin.py:188} INFO - [2024-05-23T19:48:43.561+0000] {dagbag.py:545} INFO - Filling up the DagBag from /home/airflow/.local/lib/python3.12/site-packages/airflow/example_dags/example_complex.py
[2024-05-23T19:48:43.577+0000] {processor.py:840} INFO - DAG(s) 'example_complex' retrieved from /home/airflow/.local/lib/python3.12/site-packages/airflow/example_dags/example_complex.py
[2024-05-23T19:48:43.627+0000] {logging_mixin.py:188} INFO - [2024-05-23T19:48:43.627+0000] {dag.py:3096} INFO - Sync 1 DAGs
[2024-05-23T19:48:43.807+0000] {logging_mixin.py:188} INFO - [2024-05-23T19:48:43.806+0000] {dag.py:3954} INFO - Setting next_dagrun for example_complex to None, run_after=None
[2024-05-23T19:48:43.833+0000] {processor.py:183} INFO - Processing /home/airflow/.local/lib/python3.12/site-packages/airflow/example_dags/example_complex.py took 0.285 seconds
[2024-05-23T19:49:14.227+0000] {processor.py:161} INFO - Started process (PID=10300) to work on /home/airflow/.local/lib/python3.12/site-packages/airflow/example_dags/example_complex.py
[2024-05-23T19:49:14.228+0000] {processor.py:830} INFO - Processing file /home/airflow/.local/lib/python3.12/site-packages/airflow/example_dags/example_complex.py for tasks to queue
[2024-05-23T19:49:14.231+0000] {logging_mixin.py:188} INFO - [2024-05-23T19:49:14.231+0000] {dagbag.py:545} INFO - Filling up the DagBag from /home/airflow/.local/lib/python3.12/site-packages/airflow/example_dags/example_complex.py
[2024-05-23T19:49:14.249+0000] {processor.py:840} INFO - DAG(s) 'example_complex' retrieved from /home/airflow/.local/lib/python3.12/site-packages/airflow/example_dags/example_complex.py
[2024-05-23T19:49:14.300+0000] {logging_mixin.py:188} INFO - [2024-05-23T19:49:14.299+0000] {dag.py:3096} INFO - Sync 1 DAGs
[2024-05-23T19:49:14.319+0000] {logging_mixin.py:188} INFO - [2024-05-23T19:49:14.319+0000] {dag.py:3954} INFO - Setting next_dagrun for example_complex to None, run_after=None
[2024-05-23T19:49:14.497+0000] {processor.py:183} INFO - Processing /home/airflow/.local/lib/python3.12/site-packages/airflow/example_dags/example_complex.py took 0.279 seconds
[2024-05-23T19:49:44.574+0000] {processor.py:161} INFO - Started process (PID=10562) to work on /home/airflow/.local/lib/python3.12/site-packages/airflow/example_dags/example_complex.py
[2024-05-23T19:49:44.575+0000] {processor.py:830} INFO - Processing file /home/airflow/.local/lib/python3.12/site-packages/airflow/example_dags/example_complex.py for tasks to queue
[2024-05-23T19:49:44.578+0000] {logging_mixin.py:188} INFO - [2024-05-23T19:49:44.578+0000] {dagbag.py:545} INFO - Filling up the DagBag from /home/airflow/.local/lib/python3.12/site-packages/airflow/example_dags/example_complex.py
[2024-05-23T19:49:44.595+0000] {processor.py:840} INFO - DAG(s) 'example_complex' retrieved from /home/airflow/.local/lib/python3.12/site-packages/airflow/example_dags/example_complex.py
[2024-05-23T19:49:44.645+0000] {logging_mixin.py:188} INFO - [2024-05-23T19:49:44.645+0000] {dag.py:3096} INFO - Sync 1 DAGs
[2024-05-23T19:49:44.664+0000] {logging_mixin.py:188} INFO - [2024-05-23T19:49:44.664+0000] {dag.py:3954} INFO - Setting next_dagrun for example_complex to None, run_after=None
[2024-05-23T19:49:44.693+0000] {processor.py:183} INFO - Processing /home/airflow/.local/lib/python3.12/site-packages/airflow/example_dags/example_complex.py took 0.128 seconds
[2024-05-23T19:50:15.059+0000] {processor.py:161} INFO - Started process (PID=10824) to work on /home/airflow/.local/lib/python3.12/site-packages/airflow/example_dags/example_complex.py
[2024-05-23T19:50:15.061+0000] {processor.py:830} INFO - Processing file /home/airflow/.local/lib/python3.12/site-packages/airflow/example_dags/example_complex.py for tasks to queue
[2024-05-23T19:50:15.064+0000] {logging_mixin.py:188} INFO - [2024-05-23T19:50:15.063+0000] {dagbag.py:545} INFO - Filling up the DagBag from /home/airflow/.local/lib/python3.12/site-packages/airflow/example_dags/example_complex.py
[2024-05-23T19:50:15.082+0000] {processor.py:840} INFO - DAG(s) 'example_complex' retrieved from /home/airflow/.local/lib/python3.12/site-packages/airflow/example_dags/example_complex.py
[2024-05-23T19:50:15.145+0000] {logging_mixin.py:188} INFO - [2024-05-23T19:50:15.144+0000] {dag.py:3096} INFO - Sync 1 DAGs
[2024-05-23T19:50:15.166+0000] {logging_mixin.py:188} INFO - [2024-05-23T19:50:15.166+0000] {dag.py:3954} INFO - Setting next_dagrun for example_complex to None, run_after=None
[2024-05-23T19:50:15.194+0000] {processor.py:183} INFO - Processing /home/airflow/.local/lib/python3.12/site-packages/airflow/example_dags/example_complex.py took 0.143 seconds
[2024-05-23T19:50:45.941+0000] {processor.py:161} INFO - Started process (PID=11094) to work on /home/airflow/.local/lib/python3.12/site-packages/airflow/example_dags/example_complex.py
[2024-05-23T19:50:45.942+0000] {processor.py:830} INFO - Processing file /home/airflow/.local/lib/python3.12/site-packages/airflow/example_dags/example_complex.py for tasks to queue
[2024-05-23T19:50:45.945+0000] {logging_mixin.py:188} INFO - [2024-05-23T19:50:45.944+0000] {dagbag.py:545} INFO - Filling up the DagBag from /home/airflow/.local/lib/python3.12/site-packages/airflow/example_dags/example_complex.py
[2024-05-23T19:50:45.961+0000] {processor.py:840} INFO - DAG(s) 'example_complex' retrieved from /home/airflow/.local/lib/python3.12/site-packages/airflow/example_dags/example_complex.py
[2024-05-23T19:50:46.012+0000] {logging_mixin.py:188} INFO - [2024-05-23T19:50:46.012+0000] {dag.py:3096} INFO - Sync 1 DAGs
[2024-05-23T19:50:46.032+0000] {logging_mixin.py:188} INFO - [2024-05-23T19:50:46.032+0000] {dag.py:3954} INFO - Setting next_dagrun for example_complex to None, run_after=None
[2024-05-23T19:50:46.059+0000] {processor.py:183} INFO - Processing /home/airflow/.local/lib/python3.12/site-packages/airflow/example_dags/example_complex.py took 0.127 seconds
[2024-05-23T19:51:16.495+0000] {processor.py:161} INFO - Started process (PID=11354) to work on /home/airflow/.local/lib/python3.12/site-packages/airflow/example_dags/example_complex.py
[2024-05-23T19:51:16.497+0000] {processor.py:830} INFO - Processing file /home/airflow/.local/lib/python3.12/site-packages/airflow/example_dags/example_complex.py for tasks to queue
[2024-05-23T19:51:16.499+0000] {logging_mixin.py:188} INFO - [2024-05-23T19:51:16.499+0000] {dagbag.py:545} INFO - Filling up the DagBag from /home/airflow/.local/lib/python3.12/site-packages/airflow/example_dags/example_complex.py
[2024-05-23T19:51:16.516+0000] {processor.py:840} INFO - DAG(s) 'example_complex' retrieved from /home/airflow/.local/lib/python3.12/site-packages/airflow/example_dags/example_complex.py
[2024-05-23T19:51:16.566+0000] {logging_mixin.py:188} INFO - [2024-05-23T19:51:16.566+0000] {dag.py:3096} INFO - Sync 1 DAGs
[2024-05-23T19:51:16.586+0000] {logging_mixin.py:188} INFO - [2024-05-23T19:51:16.586+0000] {dag.py:3954} INFO - Setting next_dagrun for example_complex to None, run_after=None
[2024-05-23T19:51:16.617+0000] {processor.py:183} INFO - Processing /home/airflow/.local/lib/python3.12/site-packages/airflow/example_dags/example_complex.py took 0.132 seconds
[2024-05-23T19:51:46.696+0000] {processor.py:161} INFO - Started process (PID=11616) to work on /home/airflow/.local/lib/python3.12/site-packages/airflow/example_dags/example_complex.py
[2024-05-23T19:51:46.697+0000] {processor.py:830} INFO - Processing file /home/airflow/.local/lib/python3.12/site-packages/airflow/example_dags/example_complex.py for tasks to queue
[2024-05-23T19:51:46.701+0000] {logging_mixin.py:188} INFO - [2024-05-23T19:51:46.700+0000] {dagbag.py:545} INFO - Filling up the DagBag from /home/airflow/.local/lib/python3.12/site-packages/airflow/example_dags/example_complex.py
[2024-05-23T19:51:46.717+0000] {processor.py:840} INFO - DAG(s) 'example_complex' retrieved from /home/airflow/.local/lib/python3.12/site-packages/airflow/example_dags/example_complex.py
[2024-05-23T19:51:46.768+0000] {logging_mixin.py:188} INFO - [2024-05-23T19:51:46.767+0000] {dag.py:3096} INFO - Sync 1 DAGs
[2024-05-23T19:51:46.792+0000] {logging_mixin.py:188} INFO - [2024-05-23T19:51:46.792+0000] {dag.py:3954} INFO - Setting next_dagrun for example_complex to None, run_after=None
[2024-05-23T19:51:46.825+0000] {processor.py:183} INFO - Processing /home/airflow/.local/lib/python3.12/site-packages/airflow/example_dags/example_complex.py took 0.138 seconds
[2024-05-23T19:52:16.955+0000] {processor.py:161} INFO - Started process (PID=11878) to work on /home/airflow/.local/lib/python3.12/site-packages/airflow/example_dags/example_complex.py
[2024-05-23T19:52:16.957+0000] {processor.py:830} INFO - Processing file /home/airflow/.local/lib/python3.12/site-packages/airflow/example_dags/example_complex.py for tasks to queue
[2024-05-23T19:52:16.960+0000] {logging_mixin.py:188} INFO - [2024-05-23T19:52:16.960+0000] {dagbag.py:545} INFO - Filling up the DagBag from /home/airflow/.local/lib/python3.12/site-packages/airflow/example_dags/example_complex.py
[2024-05-23T19:52:16.977+0000] {processor.py:840} INFO - DAG(s) 'example_complex' retrieved from /home/airflow/.local/lib/python3.12/site-packages/airflow/example_dags/example_complex.py
[2024-05-23T19:52:17.028+0000] {logging_mixin.py:188} INFO - [2024-05-23T19:52:17.028+0000] {dag.py:3096} INFO - Sync 1 DAGs
[2024-05-23T19:52:17.048+0000] {logging_mixin.py:188} INFO - [2024-05-23T19:52:17.048+0000] {dag.py:3954} INFO - Setting next_dagrun for example_complex to None, run_after=None
[2024-05-23T19:52:17.078+0000] {processor.py:183} INFO - Processing /home/airflow/.local/lib/python3.12/site-packages/airflow/example_dags/example_complex.py took 0.132 seconds
[2024-05-23T19:52:47.312+0000] {processor.py:161} INFO - Started process (PID=12140) to work on /home/airflow/.local/lib/python3.12/site-packages/airflow/example_dags/example_complex.py
[2024-05-23T19:52:47.313+0000] {processor.py:830} INFO - Processing file /home/airflow/.local/lib/python3.12/site-packages/airflow/example_dags/example_complex.py for tasks to queue
[2024-05-23T19:52:47.316+0000] {logging_mixin.py:188} INFO - [2024-05-23T19:52:47.316+0000] {dagbag.py:545} INFO - Filling up the DagBag from /home/airflow/.local/lib/python3.12/site-packages/airflow/example_dags/example_complex.py
[2024-05-23T19:52:47.333+0000] {processor.py:840} INFO - DAG(s) 'example_complex' retrieved from /home/airflow/.local/lib/python3.12/site-packages/airflow/example_dags/example_complex.py
[2024-05-23T19:52:47.386+0000] {logging_mixin.py:188} INFO - [2024-05-23T19:52:47.385+0000] {dag.py:3096} INFO - Sync 1 DAGs
[2024-05-23T19:52:47.406+0000] {logging_mixin.py:188} INFO - [2024-05-23T19:52:47.405+0000] {dag.py:3954} INFO - Setting next_dagrun for example_complex to None, run_after=None
[2024-05-23T19:52:47.434+0000] {processor.py:183} INFO - Processing /home/airflow/.local/lib/python3.12/site-packages/airflow/example_dags/example_complex.py took 0.131 seconds
[2024-05-23T19:53:17.641+0000] {processor.py:161} INFO - Started process (PID=12402) to work on /home/airflow/.local/lib/python3.12/site-packages/airflow/example_dags/example_complex.py
[2024-05-23T19:53:17.643+0000] {processor.py:830} INFO - Processing file /home/airflow/.local/lib/python3.12/site-packages/airflow/example_dags/example_complex.py for tasks to queue
[2024-05-23T19:53:17.646+0000] {logging_mixin.py:188} INFO - [2024-05-23T19:53:17.646+0000] {dagbag.py:545} INFO - Filling up the DagBag from /home/airflow/.local/lib/python3.12/site-packages/airflow/example_dags/example_complex.py
[2024-05-23T19:53:17.664+0000] {processor.py:840} INFO - DAG(s) 'example_complex' retrieved from /home/airflow/.local/lib/python3.12/site-packages/airflow/example_dags/example_complex.py
[2024-05-23T19:53:17.728+0000] {logging_mixin.py:188} INFO - [2024-05-23T19:53:17.727+0000] {dag.py:3096} INFO - Sync 1 DAGs
[2024-05-23T19:53:17.748+0000] {logging_mixin.py:188} INFO - [2024-05-23T19:53:17.747+0000] {dag.py:3954} INFO - Setting next_dagrun for example_complex to None, run_after=None
[2024-05-23T19:53:17.777+0000] {processor.py:183} INFO - Processing /home/airflow/.local/lib/python3.12/site-packages/airflow/example_dags/example_complex.py took 0.144 seconds
[2024-05-23T19:53:47.879+0000] {processor.py:161} INFO - Started process (PID=12664) to work on /home/airflow/.local/lib/python3.12/site-packages/airflow/example_dags/example_complex.py
[2024-05-23T19:53:47.881+0000] {processor.py:830} INFO - Processing file /home/airflow/.local/lib/python3.12/site-packages/airflow/example_dags/example_complex.py for tasks to queue
[2024-05-23T19:53:47.883+0000] {logging_mixin.py:188} INFO - [2024-05-23T19:53:47.883+0000] {dagbag.py:545} INFO - Filling up the DagBag from /home/airflow/.local/lib/python3.12/site-packages/airflow/example_dags/example_complex.py
[2024-05-23T19:53:47.900+0000] {processor.py:840} INFO - DAG(s) 'example_complex' retrieved from /home/airflow/.local/lib/python3.12/site-packages/airflow/example_dags/example_complex.py
[2024-05-23T19:53:47.949+0000] {logging_mixin.py:188} INFO - [2024-05-23T19:53:47.949+0000] {dag.py:3096} INFO - Sync 1 DAGs
[2024-05-23T19:53:47.969+0000] {logging_mixin.py:188} INFO - [2024-05-23T19:53:47.968+0000] {dag.py:3954} INFO - Setting next_dagrun for example_complex to None, run_after=None
[2024-05-23T19:53:47.996+0000] {processor.py:183} INFO - Processing /home/airflow/.local/lib/python3.12/site-packages/airflow/example_dags/example_complex.py took 0.125 seconds
[2024-05-23T19:54:18.482+0000] {processor.py:161} INFO - Started process (PID=12926) to work on /home/airflow/.local/lib/python3.12/site-packages/airflow/example_dags/example_complex.py
[2024-05-23T19:54:18.483+0000] {processor.py:830} INFO - Processing file /home/airflow/.local/lib/python3.12/site-packages/airflow/example_dags/example_complex.py for tasks to queue
[2024-05-23T19:54:18.486+0000] {logging_mixin.py:188} INFO - [2024-05-23T19:54:18.485+0000] {dagbag.py:545} INFO - Filling up the DagBag from /home/airflow/.local/lib/python3.12/site-packages/airflow/example_dags/example_complex.py
[2024-05-23T19:54:18.505+0000] {processor.py:840} INFO - DAG(s) 'example_complex' retrieved from /home/airflow/.local/lib/python3.12/site-packages/airflow/example_dags/example_complex.py
[2024-05-23T19:54:18.555+0000] {logging_mixin.py:188} INFO - [2024-05-23T19:54:18.554+0000] {dag.py:3096} INFO - Sync 1 DAGs
[2024-05-23T19:54:18.575+0000] {logging_mixin.py:188} INFO - [2024-05-23T19:54:18.575+0000] {dag.py:3954} INFO - Setting next_dagrun for example_complex to None, run_after=None
[2024-05-23T19:54:18.605+0000] {processor.py:183} INFO - Processing /home/airflow/.local/lib/python3.12/site-packages/airflow/example_dags/example_complex.py took 0.132 seconds
[2024-05-23T19:54:49.372+0000] {processor.py:161} INFO - Started process (PID=13188) to work on /home/airflow/.local/lib/python3.12/site-packages/airflow/example_dags/example_complex.py
[2024-05-23T19:54:49.373+0000] {processor.py:830} INFO - Processing file /home/airflow/.local/lib/python3.12/site-packages/airflow/example_dags/example_complex.py for tasks to queue
[2024-05-23T19:54:49.376+0000] {logging_mixin.py:188} INFO - [2024-05-23T19:54:49.376+0000] {dagbag.py:545} INFO - Filling up the DagBag from /home/airflow/.local/lib/python3.12/site-packages/airflow/example_dags/example_complex.py
[2024-05-23T19:54:49.391+0000] {processor.py:840} INFO - DAG(s) 'example_complex' retrieved from /home/airflow/.local/lib/python3.12/site-packages/airflow/example_dags/example_complex.py
[2024-05-23T19:54:49.438+0000] {logging_mixin.py:188} INFO - [2024-05-23T19:54:49.438+0000] {dag.py:3096} INFO - Sync 1 DAGs
[2024-05-23T19:54:49.456+0000] {logging_mixin.py:188} INFO - [2024-05-23T19:54:49.456+0000] {dag.py:3954} INFO - Setting next_dagrun for example_complex to None, run_after=None
[2024-05-23T19:54:49.482+0000] {processor.py:183} INFO - Processing /home/airflow/.local/lib/python3.12/site-packages/airflow/example_dags/example_complex.py took 0.118 seconds
[2024-05-23T19:55:20.117+0000] {processor.py:161} INFO - Started process (PID=13450) to work on /home/airflow/.local/lib/python3.12/site-packages/airflow/example_dags/example_complex.py
[2024-05-23T19:55:20.119+0000] {processor.py:830} INFO - Processing file /home/airflow/.local/lib/python3.12/site-packages/airflow/example_dags/example_complex.py for tasks to queue
[2024-05-23T19:55:20.122+0000] {logging_mixin.py:188} INFO - [2024-05-23T19:55:20.121+0000] {dagbag.py:545} INFO - Filling up the DagBag from /home/airflow/.local/lib/python3.12/site-packages/airflow/example_dags/example_complex.py
[2024-05-23T19:55:20.139+0000] {processor.py:840} INFO - DAG(s) 'example_complex' retrieved from /home/airflow/.local/lib/python3.12/site-packages/airflow/example_dags/example_complex.py
[2024-05-23T19:55:20.190+0000] {logging_mixin.py:188} INFO - [2024-05-23T19:55:20.190+0000] {dag.py:3096} INFO - Sync 1 DAGs
[2024-05-23T19:55:20.212+0000] {logging_mixin.py:188} INFO - [2024-05-23T19:55:20.211+0000] {dag.py:3954} INFO - Setting next_dagrun for example_complex to None, run_after=None
[2024-05-23T19:55:20.262+0000] {processor.py:183} INFO - Processing /home/airflow/.local/lib/python3.12/site-packages/airflow/example_dags/example_complex.py took 0.154 seconds
[2024-05-23T19:55:50.734+0000] {processor.py:161} INFO - Started process (PID=13712) to work on /home/airflow/.local/lib/python3.12/site-packages/airflow/example_dags/example_complex.py
[2024-05-23T19:55:50.735+0000] {processor.py:830} INFO - Processing file /home/airflow/.local/lib/python3.12/site-packages/airflow/example_dags/example_complex.py for tasks to queue
[2024-05-23T19:55:50.738+0000] {logging_mixin.py:188} INFO - [2024-05-23T19:55:50.738+0000] {dagbag.py:545} INFO - Filling up the DagBag from /home/airflow/.local/lib/python3.12/site-packages/airflow/example_dags/example_complex.py
[2024-05-23T19:55:50.759+0000] {processor.py:840} INFO - DAG(s) 'example_complex' retrieved from /home/airflow/.local/lib/python3.12/site-packages/airflow/example_dags/example_complex.py
[2024-05-23T19:55:50.816+0000] {logging_mixin.py:188} INFO - [2024-05-23T19:55:50.816+0000] {dag.py:3096} INFO - Sync 1 DAGs
[2024-05-23T19:55:50.837+0000] {logging_mixin.py:188} INFO - [2024-05-23T19:55:50.836+0000] {dag.py:3954} INFO - Setting next_dagrun for example_complex to None, run_after=None
[2024-05-23T19:55:50.866+0000] {processor.py:183} INFO - Processing /home/airflow/.local/lib/python3.12/site-packages/airflow/example_dags/example_complex.py took 0.142 seconds
[2024-05-23T19:56:21.003+0000] {processor.py:161} INFO - Started process (PID=13976) to work on /home/airflow/.local/lib/python3.12/site-packages/airflow/example_dags/example_complex.py
[2024-05-23T19:56:21.004+0000] {processor.py:830} INFO - Processing file /home/airflow/.local/lib/python3.12/site-packages/airflow/example_dags/example_complex.py for tasks to queue
[2024-05-23T19:56:21.006+0000] {logging_mixin.py:188} INFO - [2024-05-23T19:56:21.006+0000] {dagbag.py:545} INFO - Filling up the DagBag from /home/airflow/.local/lib/python3.12/site-packages/airflow/example_dags/example_complex.py
[2024-05-23T19:56:21.018+0000] {processor.py:840} INFO - DAG(s) 'example_complex' retrieved from /home/airflow/.local/lib/python3.12/site-packages/airflow/example_dags/example_complex.py
[2024-05-23T19:56:21.057+0000] {logging_mixin.py:188} INFO - [2024-05-23T19:56:21.057+0000] {dag.py:3096} INFO - Sync 1 DAGs
[2024-05-23T19:56:21.071+0000] {logging_mixin.py:188} INFO - [2024-05-23T19:56:21.070+0000] {dag.py:3954} INFO - Setting next_dagrun for example_complex to None, run_after=None
[2024-05-23T19:56:21.091+0000] {processor.py:183} INFO - Processing /home/airflow/.local/lib/python3.12/site-packages/airflow/example_dags/example_complex.py took 0.096 seconds
[2024-05-23T19:56:51.751+0000] {processor.py:161} INFO - Started process (PID=14236) to work on /home/airflow/.local/lib/python3.12/site-packages/airflow/example_dags/example_complex.py
[2024-05-23T19:56:51.752+0000] {processor.py:830} INFO - Processing file /home/airflow/.local/lib/python3.12/site-packages/airflow/example_dags/example_complex.py for tasks to queue
[2024-05-23T19:56:51.756+0000] {logging_mixin.py:188} INFO - [2024-05-23T19:56:51.755+0000] {dagbag.py:545} INFO - Filling up the DagBag from /home/airflow/.local/lib/python3.12/site-packages/airflow/example_dags/example_complex.py
[2024-05-23T19:56:51.771+0000] {processor.py:840} INFO - DAG(s) 'example_complex' retrieved from /home/airflow/.local/lib/python3.12/site-packages/airflow/example_dags/example_complex.py
[2024-05-23T19:56:51.824+0000] {logging_mixin.py:188} INFO - [2024-05-23T19:56:51.824+0000] {dag.py:3096} INFO - Sync 1 DAGs
[2024-05-23T19:56:51.846+0000] {logging_mixin.py:188} INFO - [2024-05-23T19:56:51.846+0000] {dag.py:3954} INFO - Setting next_dagrun for example_complex to None, run_after=None
[2024-05-23T19:56:51.874+0000] {processor.py:183} INFO - Processing /home/airflow/.local/lib/python3.12/site-packages/airflow/example_dags/example_complex.py took 0.133 seconds
[2024-05-23T19:57:22.315+0000] {processor.py:161} INFO - Started process (PID=14498) to work on /home/airflow/.local/lib/python3.12/site-packages/airflow/example_dags/example_complex.py
[2024-05-23T19:57:22.316+0000] {processor.py:830} INFO - Processing file /home/airflow/.local/lib/python3.12/site-packages/airflow/example_dags/example_complex.py for tasks to queue
[2024-05-23T19:57:22.319+0000] {logging_mixin.py:188} INFO - [2024-05-23T19:57:22.318+0000] {dagbag.py:545} INFO - Filling up the DagBag from /home/airflow/.local/lib/python3.12/site-packages/airflow/example_dags/example_complex.py
[2024-05-23T19:57:22.335+0000] {processor.py:840} INFO - DAG(s) 'example_complex' retrieved from /home/airflow/.local/lib/python3.12/site-packages/airflow/example_dags/example_complex.py
[2024-05-23T19:57:22.383+0000] {logging_mixin.py:188} INFO - [2024-05-23T19:57:22.382+0000] {dag.py:3096} INFO - Sync 1 DAGs
[2024-05-23T19:57:22.405+0000] {logging_mixin.py:188} INFO - [2024-05-23T19:57:22.405+0000] {dag.py:3954} INFO - Setting next_dagrun for example_complex to None, run_after=None
[2024-05-23T19:57:22.431+0000] {processor.py:183} INFO - Processing /home/airflow/.local/lib/python3.12/site-packages/airflow/example_dags/example_complex.py took 0.124 seconds
[2024-05-23T19:58:11.686+0000] {processor.py:161} INFO - Started process (PID=14765) to work on /home/airflow/.local/lib/python3.12/site-packages/airflow/example_dags/example_complex.py
[2024-05-23T19:58:11.705+0000] {processor.py:830} INFO - Processing file /home/airflow/.local/lib/python3.12/site-packages/airflow/example_dags/example_complex.py for tasks to queue
[2024-05-23T19:58:11.709+0000] {logging_mixin.py:188} INFO - [2024-05-23T19:58:11.709+0000] {dagbag.py:545} INFO - Filling up the DagBag from /home/airflow/.local/lib/python3.12/site-packages/airflow/example_dags/example_complex.py
[2024-05-23T19:58:11.739+0000] {processor.py:840} INFO - DAG(s) 'example_complex' retrieved from /home/airflow/.local/lib/python3.12/site-packages/airflow/example_dags/example_complex.py
[2024-05-23T19:58:11.801+0000] {logging_mixin.py:188} INFO - [2024-05-23T19:58:11.801+0000] {dag.py:3096} INFO - Sync 1 DAGs
[2024-05-23T19:58:11.824+0000] {logging_mixin.py:188} INFO - [2024-05-23T19:58:11.824+0000] {dag.py:3954} INFO - Setting next_dagrun for example_complex to None, run_after=None
[2024-05-23T19:58:11.868+0000] {processor.py:183} INFO - Processing /home/airflow/.local/lib/python3.12/site-packages/airflow/example_dags/example_complex.py took 0.200 seconds
[2024-05-23T20:03:43.846+0000] {processor.py:161} INFO - Started process (PID=15098) to work on /home/airflow/.local/lib/python3.12/site-packages/airflow/example_dags/example_complex.py
[2024-05-23T20:03:43.848+0000] {processor.py:830} INFO - Processing file /home/airflow/.local/lib/python3.12/site-packages/airflow/example_dags/example_complex.py for tasks to queue
[2024-05-23T20:03:43.850+0000] {logging_mixin.py:188} INFO - [2024-05-23T20:03:43.849+0000] {dagbag.py:545} INFO - Filling up the DagBag from /home/airflow/.local/lib/python3.12/site-packages/airflow/example_dags/example_complex.py
[2024-05-23T20:03:43.864+0000] {processor.py:840} INFO - DAG(s) 'example_complex' retrieved from /home/airflow/.local/lib/python3.12/site-packages/airflow/example_dags/example_complex.py
[2024-05-23T20:03:43.913+0000] {logging_mixin.py:188} INFO - [2024-05-23T20:03:43.913+0000] {dag.py:3096} INFO - Sync 1 DAGs
[2024-05-23T20:03:43.934+0000] {logging_mixin.py:188} INFO - [2024-05-23T20:03:43.933+0000] {dag.py:3954} INFO - Setting next_dagrun for example_complex to None, run_after=None
[2024-05-23T20:03:43.964+0000] {processor.py:183} INFO - Processing /home/airflow/.local/lib/python3.12/site-packages/airflow/example_dags/example_complex.py took 0.126 seconds
[2024-05-23T20:04:22.157+0000] {processor.py:161} INFO - Started process (PID=15360) to work on /home/airflow/.local/lib/python3.12/site-packages/airflow/example_dags/example_complex.py
[2024-05-23T20:04:22.165+0000] {processor.py:830} INFO - Processing file /home/airflow/.local/lib/python3.12/site-packages/airflow/example_dags/example_complex.py for tasks to queue
[2024-05-23T20:04:22.181+0000] {logging_mixin.py:188} INFO - [2024-05-23T20:04:22.177+0000] {dagbag.py:545} INFO - Filling up the DagBag from /home/airflow/.local/lib/python3.12/site-packages/airflow/example_dags/example_complex.py
[2024-05-23T20:04:22.277+0000] {processor.py:840} INFO - DAG(s) 'example_complex' retrieved from /home/airflow/.local/lib/python3.12/site-packages/airflow/example_dags/example_complex.py
[2024-05-23T20:04:22.552+0000] {logging_mixin.py:188} INFO - [2024-05-23T20:04:22.551+0000] {dag.py:3096} INFO - Sync 1 DAGs
[2024-05-23T20:04:22.624+0000] {logging_mixin.py:188} INFO - [2024-05-23T20:04:22.623+0000] {dag.py:3954} INFO - Setting next_dagrun for example_complex to None, run_after=None
[2024-05-23T20:04:22.741+0000] {processor.py:183} INFO - Processing /home/airflow/.local/lib/python3.12/site-packages/airflow/example_dags/example_complex.py took 0.649 seconds
[2024-05-23T20:08:15.067+0000] {processor.py:161} INFO - Started process (PID=15623) to work on /home/airflow/.local/lib/python3.12/site-packages/airflow/example_dags/example_complex.py
[2024-05-23T20:08:15.068+0000] {processor.py:830} INFO - Processing file /home/airflow/.local/lib/python3.12/site-packages/airflow/example_dags/example_complex.py for tasks to queue
[2024-05-23T20:08:15.070+0000] {logging_mixin.py:188} INFO - [2024-05-23T20:08:15.070+0000] {dagbag.py:545} INFO - Filling up the DagBag from /home/airflow/.local/lib/python3.12/site-packages/airflow/example_dags/example_complex.py
[2024-05-23T20:08:15.094+0000] {processor.py:840} INFO - DAG(s) 'example_complex' retrieved from /home/airflow/.local/lib/python3.12/site-packages/airflow/example_dags/example_complex.py
[2024-05-23T20:08:15.147+0000] {logging_mixin.py:188} INFO - [2024-05-23T20:08:15.147+0000] {dag.py:3096} INFO - Sync 1 DAGs
[2024-05-23T20:08:15.165+0000] {logging_mixin.py:188} INFO - [2024-05-23T20:08:15.164+0000] {dag.py:3954} INFO - Setting next_dagrun for example_complex to None, run_after=None
[2024-05-23T20:08:15.189+0000] {processor.py:183} INFO - Processing /home/airflow/.local/lib/python3.12/site-packages/airflow/example_dags/example_complex.py took 0.134 seconds
[2024-05-23T20:08:45.495+0000] {processor.py:161} INFO - Started process (PID=15887) to work on /home/airflow/.local/lib/python3.12/site-packages/airflow/example_dags/example_complex.py
[2024-05-23T20:08:45.499+0000] {processor.py:830} INFO - Processing file /home/airflow/.local/lib/python3.12/site-packages/airflow/example_dags/example_complex.py for tasks to queue
[2024-05-23T20:08:45.500+0000] {logging_mixin.py:188} INFO - [2024-05-23T20:08:45.500+0000] {dagbag.py:545} INFO - Filling up the DagBag from /home/airflow/.local/lib/python3.12/site-packages/airflow/example_dags/example_complex.py
[2024-05-23T20:08:45.517+0000] {processor.py:840} INFO - DAG(s) 'example_complex' retrieved from /home/airflow/.local/lib/python3.12/site-packages/airflow/example_dags/example_complex.py
[2024-05-23T20:08:45.566+0000] {logging_mixin.py:188} INFO - [2024-05-23T20:08:45.566+0000] {dag.py:3096} INFO - Sync 1 DAGs
[2024-05-23T20:08:45.584+0000] {logging_mixin.py:188} INFO - [2024-05-23T20:08:45.584+0000] {dag.py:3954} INFO - Setting next_dagrun for example_complex to None, run_after=None
[2024-05-23T20:08:45.609+0000] {processor.py:183} INFO - Processing /home/airflow/.local/lib/python3.12/site-packages/airflow/example_dags/example_complex.py took 0.123 seconds
[2024-05-23T20:09:15.793+0000] {processor.py:161} INFO - Started process (PID=16147) to work on /home/airflow/.local/lib/python3.12/site-packages/airflow/example_dags/example_complex.py
[2024-05-23T20:09:15.795+0000] {processor.py:830} INFO - Processing file /home/airflow/.local/lib/python3.12/site-packages/airflow/example_dags/example_complex.py for tasks to queue
[2024-05-23T20:09:15.796+0000] {logging_mixin.py:188} INFO - [2024-05-23T20:09:15.796+0000] {dagbag.py:545} INFO - Filling up the DagBag from /home/airflow/.local/lib/python3.12/site-packages/airflow/example_dags/example_complex.py
[2024-05-23T20:09:15.813+0000] {processor.py:840} INFO - DAG(s) 'example_complex' retrieved from /home/airflow/.local/lib/python3.12/site-packages/airflow/example_dags/example_complex.py
[2024-05-23T20:09:15.862+0000] {logging_mixin.py:188} INFO - [2024-05-23T20:09:15.862+0000] {dag.py:3096} INFO - Sync 1 DAGs
[2024-05-23T20:09:15.880+0000] {logging_mixin.py:188} INFO - [2024-05-23T20:09:15.880+0000] {dag.py:3954} INFO - Setting next_dagrun for example_complex to None, run_after=None
[2024-05-23T20:09:15.904+0000] {processor.py:183} INFO - Processing /home/airflow/.local/lib/python3.12/site-packages/airflow/example_dags/example_complex.py took 0.119 seconds
[2024-05-23T20:09:46.113+0000] {processor.py:161} INFO - Started process (PID=16409) to work on /home/airflow/.local/lib/python3.12/site-packages/airflow/example_dags/example_complex.py
[2024-05-23T20:09:46.114+0000] {processor.py:830} INFO - Processing file /home/airflow/.local/lib/python3.12/site-packages/airflow/example_dags/example_complex.py for tasks to queue
[2024-05-23T20:09:46.115+0000] {logging_mixin.py:188} INFO - [2024-05-23T20:09:46.115+0000] {dagbag.py:545} INFO - Filling up the DagBag from /home/airflow/.local/lib/python3.12/site-packages/airflow/example_dags/example_complex.py
[2024-05-23T20:09:46.132+0000] {processor.py:840} INFO - DAG(s) 'example_complex' retrieved from /home/airflow/.local/lib/python3.12/site-packages/airflow/example_dags/example_complex.py
[2024-05-23T20:09:46.183+0000] {logging_mixin.py:188} INFO - [2024-05-23T20:09:46.182+0000] {dag.py:3096} INFO - Sync 1 DAGs
[2024-05-23T20:09:46.204+0000] {logging_mixin.py:188} INFO - [2024-05-23T20:09:46.203+0000] {dag.py:3954} INFO - Setting next_dagrun for example_complex to None, run_after=None
[2024-05-23T20:09:46.228+0000] {processor.py:183} INFO - Processing /home/airflow/.local/lib/python3.12/site-packages/airflow/example_dags/example_complex.py took 0.124 seconds
[2024-05-23T20:10:16.587+0000] {processor.py:161} INFO - Started process (PID=16671) to work on /home/airflow/.local/lib/python3.12/site-packages/airflow/example_dags/example_complex.py
[2024-05-23T20:10:16.589+0000] {processor.py:830} INFO - Processing file /home/airflow/.local/lib/python3.12/site-packages/airflow/example_dags/example_complex.py for tasks to queue
[2024-05-23T20:10:16.590+0000] {logging_mixin.py:188} INFO - [2024-05-23T20:10:16.590+0000] {dagbag.py:545} INFO - Filling up the DagBag from /home/airflow/.local/lib/python3.12/site-packages/airflow/example_dags/example_complex.py
[2024-05-23T20:10:16.608+0000] {processor.py:840} INFO - DAG(s) 'example_complex' retrieved from /home/airflow/.local/lib/python3.12/site-packages/airflow/example_dags/example_complex.py
[2024-05-23T20:10:16.659+0000] {logging_mixin.py:188} INFO - [2024-05-23T20:10:16.658+0000] {dag.py:3096} INFO - Sync 1 DAGs
[2024-05-23T20:10:16.677+0000] {logging_mixin.py:188} INFO - [2024-05-23T20:10:16.676+0000] {dag.py:3954} INFO - Setting next_dagrun for example_complex to None, run_after=None
[2024-05-23T20:10:16.701+0000] {processor.py:183} INFO - Processing /home/airflow/.local/lib/python3.12/site-packages/airflow/example_dags/example_complex.py took 0.124 seconds
[2024-05-23T20:10:46.816+0000] {processor.py:161} INFO - Started process (PID=16933) to work on /home/airflow/.local/lib/python3.12/site-packages/airflow/example_dags/example_complex.py
[2024-05-23T20:10:46.818+0000] {processor.py:830} INFO - Processing file /home/airflow/.local/lib/python3.12/site-packages/airflow/example_dags/example_complex.py for tasks to queue
[2024-05-23T20:10:46.819+0000] {logging_mixin.py:188} INFO - [2024-05-23T20:10:46.819+0000] {dagbag.py:545} INFO - Filling up the DagBag from /home/airflow/.local/lib/python3.12/site-packages/airflow/example_dags/example_complex.py
[2024-05-23T20:10:46.834+0000] {processor.py:840} INFO - DAG(s) 'example_complex' retrieved from /home/airflow/.local/lib/python3.12/site-packages/airflow/example_dags/example_complex.py
[2024-05-23T20:10:46.885+0000] {logging_mixin.py:188} INFO - [2024-05-23T20:10:46.885+0000] {dag.py:3096} INFO - Sync 1 DAGs
[2024-05-23T20:10:46.903+0000] {logging_mixin.py:188} INFO - [2024-05-23T20:10:46.903+0000] {dag.py:3954} INFO - Setting next_dagrun for example_complex to None, run_after=None
[2024-05-23T20:10:46.928+0000] {processor.py:183} INFO - Processing /home/airflow/.local/lib/python3.12/site-packages/airflow/example_dags/example_complex.py took 0.120 seconds
[2024-05-23T20:11:17.939+0000] {processor.py:161} INFO - Started process (PID=17196) to work on /home/airflow/.local/lib/python3.12/site-packages/airflow/example_dags/example_complex.py
[2024-05-23T20:11:17.940+0000] {processor.py:830} INFO - Processing file /home/airflow/.local/lib/python3.12/site-packages/airflow/example_dags/example_complex.py for tasks to queue
[2024-05-23T20:11:17.941+0000] {logging_mixin.py:188} INFO - [2024-05-23T20:11:17.941+0000] {dagbag.py:545} INFO - Filling up the DagBag from /home/airflow/.local/lib/python3.12/site-packages/airflow/example_dags/example_complex.py
[2024-05-23T20:11:17.955+0000] {processor.py:840} INFO - DAG(s) 'example_complex' retrieved from /home/airflow/.local/lib/python3.12/site-packages/airflow/example_dags/example_complex.py
[2024-05-23T20:11:18.000+0000] {logging_mixin.py:188} INFO - [2024-05-23T20:11:18.000+0000] {dag.py:3096} INFO - Sync 1 DAGs
[2024-05-23T20:11:18.016+0000] {logging_mixin.py:188} INFO - [2024-05-23T20:11:18.016+0000] {dag.py:3954} INFO - Setting next_dagrun for example_complex to None, run_after=None
[2024-05-23T20:11:18.039+0000] {processor.py:183} INFO - Processing /home/airflow/.local/lib/python3.12/site-packages/airflow/example_dags/example_complex.py took 0.108 seconds
[2024-05-23T20:11:49.053+0000] {processor.py:161} INFO - Started process (PID=17458) to work on /home/airflow/.local/lib/python3.12/site-packages/airflow/example_dags/example_complex.py
[2024-05-23T20:11:49.054+0000] {processor.py:830} INFO - Processing file /home/airflow/.local/lib/python3.12/site-packages/airflow/example_dags/example_complex.py for tasks to queue
[2024-05-23T20:11:49.055+0000] {logging_mixin.py:188} INFO - [2024-05-23T20:11:49.055+0000] {dagbag.py:545} INFO - Filling up the DagBag from /home/airflow/.local/lib/python3.12/site-packages/airflow/example_dags/example_complex.py
[2024-05-23T20:11:49.070+0000] {processor.py:840} INFO - DAG(s) 'example_complex' retrieved from /home/airflow/.local/lib/python3.12/site-packages/airflow/example_dags/example_complex.py
[2024-05-23T20:11:49.105+0000] {logging_mixin.py:188} INFO - [2024-05-23T20:11:49.105+0000] {dag.py:3096} INFO - Sync 1 DAGs
[2024-05-23T20:11:49.122+0000] {logging_mixin.py:188} INFO - [2024-05-23T20:11:49.121+0000] {dag.py:3954} INFO - Setting next_dagrun for example_complex to None, run_after=None
[2024-05-23T20:11:49.142+0000] {processor.py:183} INFO - Processing /home/airflow/.local/lib/python3.12/site-packages/airflow/example_dags/example_complex.py took 0.097 seconds
[2024-05-23T20:12:20.110+0000] {processor.py:161} INFO - Started process (PID=17720) to work on /home/airflow/.local/lib/python3.12/site-packages/airflow/example_dags/example_complex.py
[2024-05-23T20:12:20.111+0000] {processor.py:830} INFO - Processing file /home/airflow/.local/lib/python3.12/site-packages/airflow/example_dags/example_complex.py for tasks to queue
[2024-05-23T20:12:20.112+0000] {logging_mixin.py:188} INFO - [2024-05-23T20:12:20.112+0000] {dagbag.py:545} INFO - Filling up the DagBag from /home/airflow/.local/lib/python3.12/site-packages/airflow/example_dags/example_complex.py
[2024-05-23T20:12:20.126+0000] {processor.py:840} INFO - DAG(s) 'example_complex' retrieved from /home/airflow/.local/lib/python3.12/site-packages/airflow/example_dags/example_complex.py
[2024-05-23T20:12:20.167+0000] {logging_mixin.py:188} INFO - [2024-05-23T20:12:20.166+0000] {dag.py:3096} INFO - Sync 1 DAGs
[2024-05-23T20:12:20.181+0000] {logging_mixin.py:188} INFO - [2024-05-23T20:12:20.181+0000] {dag.py:3954} INFO - Setting next_dagrun for example_complex to None, run_after=None
[2024-05-23T20:12:20.202+0000] {processor.py:183} INFO - Processing /home/airflow/.local/lib/python3.12/site-packages/airflow/example_dags/example_complex.py took 0.099 seconds
[2024-05-23T20:12:50.530+0000] {processor.py:161} INFO - Started process (PID=17982) to work on /home/airflow/.local/lib/python3.12/site-packages/airflow/example_dags/example_complex.py
[2024-05-23T20:12:50.531+0000] {processor.py:830} INFO - Processing file /home/airflow/.local/lib/python3.12/site-packages/airflow/example_dags/example_complex.py for tasks to queue
[2024-05-23T20:12:50.533+0000] {logging_mixin.py:188} INFO - [2024-05-23T20:12:50.532+0000] {dagbag.py:545} INFO - Filling up the DagBag from /home/airflow/.local/lib/python3.12/site-packages/airflow/example_dags/example_complex.py
[2024-05-23T20:12:50.547+0000] {processor.py:840} INFO - DAG(s) 'example_complex' retrieved from /home/airflow/.local/lib/python3.12/site-packages/airflow/example_dags/example_complex.py
[2024-05-23T20:12:50.599+0000] {logging_mixin.py:188} INFO - [2024-05-23T20:12:50.599+0000] {dag.py:3096} INFO - Sync 1 DAGs
[2024-05-23T20:12:50.620+0000] {logging_mixin.py:188} INFO - [2024-05-23T20:12:50.620+0000] {dag.py:3954} INFO - Setting next_dagrun for example_complex to None, run_after=None
[2024-05-23T20:12:50.648+0000] {processor.py:183} INFO - Processing /home/airflow/.local/lib/python3.12/site-packages/airflow/example_dags/example_complex.py took 0.127 seconds
[2024-05-23T20:13:20.950+0000] {processor.py:161} INFO - Started process (PID=18244) to work on /home/airflow/.local/lib/python3.12/site-packages/airflow/example_dags/example_complex.py
[2024-05-23T20:13:20.952+0000] {processor.py:830} INFO - Processing file /home/airflow/.local/lib/python3.12/site-packages/airflow/example_dags/example_complex.py for tasks to queue
[2024-05-23T20:13:20.953+0000] {logging_mixin.py:188} INFO - [2024-05-23T20:13:20.953+0000] {dagbag.py:545} INFO - Filling up the DagBag from /home/airflow/.local/lib/python3.12/site-packages/airflow/example_dags/example_complex.py
[2024-05-23T20:13:20.976+0000] {processor.py:840} INFO - DAG(s) 'example_complex' retrieved from /home/airflow/.local/lib/python3.12/site-packages/airflow/example_dags/example_complex.py
[2024-05-23T20:13:21.031+0000] {logging_mixin.py:188} INFO - [2024-05-23T20:13:21.031+0000] {dag.py:3096} INFO - Sync 1 DAGs
[2024-05-23T20:13:21.049+0000] {logging_mixin.py:188} INFO - [2024-05-23T20:13:21.049+0000] {dag.py:3954} INFO - Setting next_dagrun for example_complex to None, run_after=None
[2024-05-23T20:13:21.076+0000] {processor.py:183} INFO - Processing /home/airflow/.local/lib/python3.12/site-packages/airflow/example_dags/example_complex.py took 0.137 seconds
