[2024-05-23T19:29:57.137+0000] {processor.py:161} INFO - Started process (PID=382) to work on /home/airflow/.local/lib/python3.12/site-packages/airflow/example_dags/example_short_circuit_decorator.py
[2024-05-23T19:29:57.140+0000] {processor.py:830} INFO - Processing file /home/airflow/.local/lib/python3.12/site-packages/airflow/example_dags/example_short_circuit_decorator.py for tasks to queue
[2024-05-23T19:29:57.143+0000] {logging_mixin.py:188} INFO - [2024-05-23T19:29:57.143+0000] {dagbag.py:545} INFO - Filling up the DagBag from /home/airflow/.local/lib/python3.12/site-packages/airflow/example_dags/example_short_circuit_decorator.py
[2024-05-23T19:29:57.162+0000] {processor.py:840} INFO - DAG(s) 'example_short_circuit_decorator' retrieved from /home/airflow/.local/lib/python3.12/site-packages/airflow/example_dags/example_short_circuit_decorator.py
[2024-05-23T19:29:57.424+0000] {logging_mixin.py:188} INFO - [2024-05-23T19:29:57.424+0000] {dag.py:3096} INFO - Sync 1 DAGs
[2024-05-23T19:29:57.482+0000] {logging_mixin.py:188} INFO - [2024-05-23T19:29:57.482+0000] {dag.py:3954} INFO - Setting next_dagrun for example_short_circuit_decorator to 2024-05-22 00:00:00+00:00, run_after=2024-05-23 00:00:00+00:00
[2024-05-23T19:29:57.522+0000] {processor.py:183} INFO - Processing /home/airflow/.local/lib/python3.12/site-packages/airflow/example_dags/example_short_circuit_decorator.py took 0.395 seconds
[2024-05-23T19:30:28.336+0000] {processor.py:161} INFO - Started process (PID=646) to work on /home/airflow/.local/lib/python3.12/site-packages/airflow/example_dags/example_short_circuit_decorator.py
[2024-05-23T19:30:28.338+0000] {processor.py:830} INFO - Processing file /home/airflow/.local/lib/python3.12/site-packages/airflow/example_dags/example_short_circuit_decorator.py for tasks to queue
[2024-05-23T19:30:28.342+0000] {logging_mixin.py:188} INFO - [2024-05-23T19:30:28.341+0000] {dagbag.py:545} INFO - Filling up the DagBag from /home/airflow/.local/lib/python3.12/site-packages/airflow/example_dags/example_short_circuit_decorator.py
[2024-05-23T19:30:28.359+0000] {processor.py:840} INFO - DAG(s) 'example_short_circuit_decorator' retrieved from /home/airflow/.local/lib/python3.12/site-packages/airflow/example_dags/example_short_circuit_decorator.py
[2024-05-23T19:30:28.402+0000] {logging_mixin.py:188} INFO - [2024-05-23T19:30:28.401+0000] {dag.py:3096} INFO - Sync 1 DAGs
[2024-05-23T19:30:28.441+0000] {logging_mixin.py:188} INFO - [2024-05-23T19:30:28.441+0000] {dag.py:3954} INFO - Setting next_dagrun for example_short_circuit_decorator to 2024-05-22 00:00:00+00:00, run_after=2024-05-23 00:00:00+00:00
[2024-05-23T19:30:28.471+0000] {processor.py:183} INFO - Processing /home/airflow/.local/lib/python3.12/site-packages/airflow/example_dags/example_short_circuit_decorator.py took 0.146 seconds
[2024-05-23T19:30:58.950+0000] {processor.py:161} INFO - Started process (PID=908) to work on /home/airflow/.local/lib/python3.12/site-packages/airflow/example_dags/example_short_circuit_decorator.py
[2024-05-23T19:30:58.953+0000] {processor.py:830} INFO - Processing file /home/airflow/.local/lib/python3.12/site-packages/airflow/example_dags/example_short_circuit_decorator.py for tasks to queue
[2024-05-23T19:30:58.957+0000] {logging_mixin.py:188} INFO - [2024-05-23T19:30:58.957+0000] {dagbag.py:545} INFO - Filling up the DagBag from /home/airflow/.local/lib/python3.12/site-packages/airflow/example_dags/example_short_circuit_decorator.py
[2024-05-23T19:30:58.980+0000] {processor.py:840} INFO - DAG(s) 'example_short_circuit_decorator' retrieved from /home/airflow/.local/lib/python3.12/site-packages/airflow/example_dags/example_short_circuit_decorator.py
[2024-05-23T19:30:59.053+0000] {logging_mixin.py:188} INFO - [2024-05-23T19:30:59.053+0000] {dag.py:3096} INFO - Sync 1 DAGs
[2024-05-23T19:30:59.098+0000] {logging_mixin.py:188} INFO - [2024-05-23T19:30:59.098+0000] {dag.py:3954} INFO - Setting next_dagrun for example_short_circuit_decorator to 2024-05-22 00:00:00+00:00, run_after=2024-05-23 00:00:00+00:00
[2024-05-23T19:30:59.145+0000] {processor.py:183} INFO - Processing /home/airflow/.local/lib/python3.12/site-packages/airflow/example_dags/example_short_circuit_decorator.py took 0.204 seconds
[2024-05-23T19:31:29.947+0000] {processor.py:161} INFO - Started process (PID=1170) to work on /home/airflow/.local/lib/python3.12/site-packages/airflow/example_dags/example_short_circuit_decorator.py
[2024-05-23T19:31:29.949+0000] {processor.py:830} INFO - Processing file /home/airflow/.local/lib/python3.12/site-packages/airflow/example_dags/example_short_circuit_decorator.py for tasks to queue
[2024-05-23T19:31:29.952+0000] {logging_mixin.py:188} INFO - [2024-05-23T19:31:29.952+0000] {dagbag.py:545} INFO - Filling up the DagBag from /home/airflow/.local/lib/python3.12/site-packages/airflow/example_dags/example_short_circuit_decorator.py
[2024-05-23T19:31:29.966+0000] {processor.py:840} INFO - DAG(s) 'example_short_circuit_decorator' retrieved from /home/airflow/.local/lib/python3.12/site-packages/airflow/example_dags/example_short_circuit_decorator.py
[2024-05-23T19:31:30.005+0000] {logging_mixin.py:188} INFO - [2024-05-23T19:31:30.004+0000] {dag.py:3096} INFO - Sync 1 DAGs
[2024-05-23T19:31:30.048+0000] {logging_mixin.py:188} INFO - [2024-05-23T19:31:30.048+0000] {dag.py:3954} INFO - Setting next_dagrun for example_short_circuit_decorator to 2024-05-22 00:00:00+00:00, run_after=2024-05-23 00:00:00+00:00
[2024-05-23T19:31:30.081+0000] {processor.py:183} INFO - Processing /home/airflow/.local/lib/python3.12/site-packages/airflow/example_dags/example_short_circuit_decorator.py took 0.142 seconds
[2024-05-23T19:32:00.281+0000] {processor.py:161} INFO - Started process (PID=1432) to work on /home/airflow/.local/lib/python3.12/site-packages/airflow/example_dags/example_short_circuit_decorator.py
[2024-05-23T19:32:00.283+0000] {processor.py:830} INFO - Processing file /home/airflow/.local/lib/python3.12/site-packages/airflow/example_dags/example_short_circuit_decorator.py for tasks to queue
[2024-05-23T19:32:00.285+0000] {logging_mixin.py:188} INFO - [2024-05-23T19:32:00.285+0000] {dagbag.py:545} INFO - Filling up the DagBag from /home/airflow/.local/lib/python3.12/site-packages/airflow/example_dags/example_short_circuit_decorator.py
[2024-05-23T19:32:00.299+0000] {processor.py:840} INFO - DAG(s) 'example_short_circuit_decorator' retrieved from /home/airflow/.local/lib/python3.12/site-packages/airflow/example_dags/example_short_circuit_decorator.py
[2024-05-23T19:32:00.341+0000] {logging_mixin.py:188} INFO - [2024-05-23T19:32:00.340+0000] {dag.py:3096} INFO - Sync 1 DAGs
[2024-05-23T19:32:00.377+0000] {logging_mixin.py:188} INFO - [2024-05-23T19:32:00.376+0000] {dag.py:3954} INFO - Setting next_dagrun for example_short_circuit_decorator to 2024-05-22 00:00:00+00:00, run_after=2024-05-23 00:00:00+00:00
[2024-05-23T19:32:00.407+0000] {processor.py:183} INFO - Processing /home/airflow/.local/lib/python3.12/site-packages/airflow/example_dags/example_short_circuit_decorator.py took 0.136 seconds
[2024-05-23T19:32:30.906+0000] {processor.py:161} INFO - Started process (PID=1694) to work on /home/airflow/.local/lib/python3.12/site-packages/airflow/example_dags/example_short_circuit_decorator.py
[2024-05-23T19:32:30.908+0000] {processor.py:830} INFO - Processing file /home/airflow/.local/lib/python3.12/site-packages/airflow/example_dags/example_short_circuit_decorator.py for tasks to queue
[2024-05-23T19:32:30.911+0000] {logging_mixin.py:188} INFO - [2024-05-23T19:32:30.910+0000] {dagbag.py:545} INFO - Filling up the DagBag from /home/airflow/.local/lib/python3.12/site-packages/airflow/example_dags/example_short_circuit_decorator.py
[2024-05-23T19:32:30.926+0000] {processor.py:840} INFO - DAG(s) 'example_short_circuit_decorator' retrieved from /home/airflow/.local/lib/python3.12/site-packages/airflow/example_dags/example_short_circuit_decorator.py
[2024-05-23T19:32:30.966+0000] {logging_mixin.py:188} INFO - [2024-05-23T19:32:30.966+0000] {dag.py:3096} INFO - Sync 1 DAGs
[2024-05-23T19:32:31.004+0000] {logging_mixin.py:188} INFO - [2024-05-23T19:32:31.003+0000] {dag.py:3954} INFO - Setting next_dagrun for example_short_circuit_decorator to 2024-05-22 00:00:00+00:00, run_after=2024-05-23 00:00:00+00:00
[2024-05-23T19:32:31.034+0000] {processor.py:183} INFO - Processing /home/airflow/.local/lib/python3.12/site-packages/airflow/example_dags/example_short_circuit_decorator.py took 0.138 seconds
[2024-05-23T19:33:01.138+0000] {processor.py:161} INFO - Started process (PID=1956) to work on /home/airflow/.local/lib/python3.12/site-packages/airflow/example_dags/example_short_circuit_decorator.py
[2024-05-23T19:33:01.140+0000] {processor.py:830} INFO - Processing file /home/airflow/.local/lib/python3.12/site-packages/airflow/example_dags/example_short_circuit_decorator.py for tasks to queue
[2024-05-23T19:33:01.142+0000] {logging_mixin.py:188} INFO - [2024-05-23T19:33:01.142+0000] {dagbag.py:545} INFO - Filling up the DagBag from /home/airflow/.local/lib/python3.12/site-packages/airflow/example_dags/example_short_circuit_decorator.py
[2024-05-23T19:33:01.158+0000] {processor.py:840} INFO - DAG(s) 'example_short_circuit_decorator' retrieved from /home/airflow/.local/lib/python3.12/site-packages/airflow/example_dags/example_short_circuit_decorator.py
[2024-05-23T19:33:01.198+0000] {logging_mixin.py:188} INFO - [2024-05-23T19:33:01.197+0000] {dag.py:3096} INFO - Sync 1 DAGs
[2024-05-23T19:33:01.231+0000] {logging_mixin.py:188} INFO - [2024-05-23T19:33:01.231+0000] {dag.py:3954} INFO - Setting next_dagrun for example_short_circuit_decorator to 2024-05-22 00:00:00+00:00, run_after=2024-05-23 00:00:00+00:00
[2024-05-23T19:33:01.259+0000] {processor.py:183} INFO - Processing /home/airflow/.local/lib/python3.12/site-packages/airflow/example_dags/example_short_circuit_decorator.py took 0.130 seconds
[2024-05-23T19:33:31.675+0000] {processor.py:161} INFO - Started process (PID=2218) to work on /home/airflow/.local/lib/python3.12/site-packages/airflow/example_dags/example_short_circuit_decorator.py
[2024-05-23T19:33:31.676+0000] {processor.py:830} INFO - Processing file /home/airflow/.local/lib/python3.12/site-packages/airflow/example_dags/example_short_circuit_decorator.py for tasks to queue
[2024-05-23T19:33:31.679+0000] {logging_mixin.py:188} INFO - [2024-05-23T19:33:31.679+0000] {dagbag.py:545} INFO - Filling up the DagBag from /home/airflow/.local/lib/python3.12/site-packages/airflow/example_dags/example_short_circuit_decorator.py
[2024-05-23T19:33:31.693+0000] {processor.py:840} INFO - DAG(s) 'example_short_circuit_decorator' retrieved from /home/airflow/.local/lib/python3.12/site-packages/airflow/example_dags/example_short_circuit_decorator.py
[2024-05-23T19:33:31.731+0000] {logging_mixin.py:188} INFO - [2024-05-23T19:33:31.730+0000] {dag.py:3096} INFO - Sync 1 DAGs
[2024-05-23T19:33:31.765+0000] {logging_mixin.py:188} INFO - [2024-05-23T19:33:31.765+0000] {dag.py:3954} INFO - Setting next_dagrun for example_short_circuit_decorator to 2024-05-22 00:00:00+00:00, run_after=2024-05-23 00:00:00+00:00
[2024-05-23T19:33:31.793+0000] {processor.py:183} INFO - Processing /home/airflow/.local/lib/python3.12/site-packages/airflow/example_dags/example_short_circuit_decorator.py took 0.127 seconds
[2024-05-23T19:34:02.342+0000] {processor.py:161} INFO - Started process (PID=2480) to work on /home/airflow/.local/lib/python3.12/site-packages/airflow/example_dags/example_short_circuit_decorator.py
[2024-05-23T19:34:02.343+0000] {processor.py:830} INFO - Processing file /home/airflow/.local/lib/python3.12/site-packages/airflow/example_dags/example_short_circuit_decorator.py for tasks to queue
[2024-05-23T19:34:02.346+0000] {logging_mixin.py:188} INFO - [2024-05-23T19:34:02.346+0000] {dagbag.py:545} INFO - Filling up the DagBag from /home/airflow/.local/lib/python3.12/site-packages/airflow/example_dags/example_short_circuit_decorator.py
[2024-05-23T19:34:02.364+0000] {processor.py:840} INFO - DAG(s) 'example_short_circuit_decorator' retrieved from /home/airflow/.local/lib/python3.12/site-packages/airflow/example_dags/example_short_circuit_decorator.py
[2024-05-23T19:34:02.408+0000] {logging_mixin.py:188} INFO - [2024-05-23T19:34:02.408+0000] {dag.py:3096} INFO - Sync 1 DAGs
[2024-05-23T19:34:02.446+0000] {logging_mixin.py:188} INFO - [2024-05-23T19:34:02.446+0000] {dag.py:3954} INFO - Setting next_dagrun for example_short_circuit_decorator to 2024-05-22 00:00:00+00:00, run_after=2024-05-23 00:00:00+00:00
[2024-05-23T19:34:02.481+0000] {processor.py:183} INFO - Processing /home/airflow/.local/lib/python3.12/site-packages/airflow/example_dags/example_short_circuit_decorator.py took 0.152 seconds
[2024-05-23T19:34:32.634+0000] {processor.py:161} INFO - Started process (PID=2741) to work on /home/airflow/.local/lib/python3.12/site-packages/airflow/example_dags/example_short_circuit_decorator.py
[2024-05-23T19:34:32.635+0000] {processor.py:830} INFO - Processing file /home/airflow/.local/lib/python3.12/site-packages/airflow/example_dags/example_short_circuit_decorator.py for tasks to queue
[2024-05-23T19:34:32.638+0000] {logging_mixin.py:188} INFO - [2024-05-23T19:34:32.638+0000] {dagbag.py:545} INFO - Filling up the DagBag from /home/airflow/.local/lib/python3.12/site-packages/airflow/example_dags/example_short_circuit_decorator.py
[2024-05-23T19:34:32.652+0000] {processor.py:840} INFO - DAG(s) 'example_short_circuit_decorator' retrieved from /home/airflow/.local/lib/python3.12/site-packages/airflow/example_dags/example_short_circuit_decorator.py
[2024-05-23T19:34:32.689+0000] {logging_mixin.py:188} INFO - [2024-05-23T19:34:32.689+0000] {dag.py:3096} INFO - Sync 1 DAGs
[2024-05-23T19:34:32.725+0000] {logging_mixin.py:188} INFO - [2024-05-23T19:34:32.724+0000] {dag.py:3954} INFO - Setting next_dagrun for example_short_circuit_decorator to 2024-05-22 00:00:00+00:00, run_after=2024-05-23 00:00:00+00:00
[2024-05-23T19:34:32.754+0000] {processor.py:183} INFO - Processing /home/airflow/.local/lib/python3.12/site-packages/airflow/example_dags/example_short_circuit_decorator.py took 0.129 seconds
[2024-05-23T19:35:03.339+0000] {processor.py:161} INFO - Started process (PID=3028) to work on /home/airflow/.local/lib/python3.12/site-packages/airflow/example_dags/example_short_circuit_decorator.py
[2024-05-23T19:35:03.341+0000] {processor.py:830} INFO - Processing file /home/airflow/.local/lib/python3.12/site-packages/airflow/example_dags/example_short_circuit_decorator.py for tasks to queue
[2024-05-23T19:35:03.343+0000] {logging_mixin.py:188} INFO - [2024-05-23T19:35:03.343+0000] {dagbag.py:545} INFO - Filling up the DagBag from /home/airflow/.local/lib/python3.12/site-packages/airflow/example_dags/example_short_circuit_decorator.py
[2024-05-23T19:35:03.358+0000] {processor.py:840} INFO - DAG(s) 'example_short_circuit_decorator' retrieved from /home/airflow/.local/lib/python3.12/site-packages/airflow/example_dags/example_short_circuit_decorator.py
[2024-05-23T19:35:03.395+0000] {logging_mixin.py:188} INFO - [2024-05-23T19:35:03.395+0000] {dag.py:3096} INFO - Sync 1 DAGs
[2024-05-23T19:35:03.430+0000] {logging_mixin.py:188} INFO - [2024-05-23T19:35:03.430+0000] {dag.py:3954} INFO - Setting next_dagrun for example_short_circuit_decorator to 2024-05-22 00:00:00+00:00, run_after=2024-05-23 00:00:00+00:00
[2024-05-23T19:35:03.460+0000] {processor.py:183} INFO - Processing /home/airflow/.local/lib/python3.12/site-packages/airflow/example_dags/example_short_circuit_decorator.py took 0.130 seconds
[2024-05-23T19:35:33.779+0000] {processor.py:161} INFO - Started process (PID=3290) to work on /home/airflow/.local/lib/python3.12/site-packages/airflow/example_dags/example_short_circuit_decorator.py
[2024-05-23T19:35:33.780+0000] {processor.py:830} INFO - Processing file /home/airflow/.local/lib/python3.12/site-packages/airflow/example_dags/example_short_circuit_decorator.py for tasks to queue
[2024-05-23T19:35:33.784+0000] {logging_mixin.py:188} INFO - [2024-05-23T19:35:33.783+0000] {dagbag.py:545} INFO - Filling up the DagBag from /home/airflow/.local/lib/python3.12/site-packages/airflow/example_dags/example_short_circuit_decorator.py
[2024-05-23T19:35:33.800+0000] {processor.py:840} INFO - DAG(s) 'example_short_circuit_decorator' retrieved from /home/airflow/.local/lib/python3.12/site-packages/airflow/example_dags/example_short_circuit_decorator.py
[2024-05-23T19:35:33.845+0000] {logging_mixin.py:188} INFO - [2024-05-23T19:35:33.844+0000] {dag.py:3096} INFO - Sync 1 DAGs
[2024-05-23T19:35:33.884+0000] {logging_mixin.py:188} INFO - [2024-05-23T19:35:33.884+0000] {dag.py:3954} INFO - Setting next_dagrun for example_short_circuit_decorator to 2024-05-22 00:00:00+00:00, run_after=2024-05-23 00:00:00+00:00
[2024-05-23T19:35:33.921+0000] {processor.py:183} INFO - Processing /home/airflow/.local/lib/python3.12/site-packages/airflow/example_dags/example_short_circuit_decorator.py took 0.153 seconds
[2024-05-23T19:36:04.065+0000] {processor.py:161} INFO - Started process (PID=3552) to work on /home/airflow/.local/lib/python3.12/site-packages/airflow/example_dags/example_short_circuit_decorator.py
[2024-05-23T19:36:04.067+0000] {processor.py:830} INFO - Processing file /home/airflow/.local/lib/python3.12/site-packages/airflow/example_dags/example_short_circuit_decorator.py for tasks to queue
[2024-05-23T19:36:04.070+0000] {logging_mixin.py:188} INFO - [2024-05-23T19:36:04.069+0000] {dagbag.py:545} INFO - Filling up the DagBag from /home/airflow/.local/lib/python3.12/site-packages/airflow/example_dags/example_short_circuit_decorator.py
[2024-05-23T19:36:04.082+0000] {processor.py:840} INFO - DAG(s) 'example_short_circuit_decorator' retrieved from /home/airflow/.local/lib/python3.12/site-packages/airflow/example_dags/example_short_circuit_decorator.py
[2024-05-23T19:36:04.116+0000] {logging_mixin.py:188} INFO - [2024-05-23T19:36:04.116+0000] {dag.py:3096} INFO - Sync 1 DAGs
[2024-05-23T19:36:04.149+0000] {logging_mixin.py:188} INFO - [2024-05-23T19:36:04.148+0000] {dag.py:3954} INFO - Setting next_dagrun for example_short_circuit_decorator to 2024-05-22 00:00:00+00:00, run_after=2024-05-23 00:00:00+00:00
[2024-05-23T19:36:04.176+0000] {processor.py:183} INFO - Processing /home/airflow/.local/lib/python3.12/site-packages/airflow/example_dags/example_short_circuit_decorator.py took 0.118 seconds
[2024-05-23T19:36:34.380+0000] {processor.py:161} INFO - Started process (PID=3814) to work on /home/airflow/.local/lib/python3.12/site-packages/airflow/example_dags/example_short_circuit_decorator.py
[2024-05-23T19:36:34.381+0000] {processor.py:830} INFO - Processing file /home/airflow/.local/lib/python3.12/site-packages/airflow/example_dags/example_short_circuit_decorator.py for tasks to queue
[2024-05-23T19:36:34.384+0000] {logging_mixin.py:188} INFO - [2024-05-23T19:36:34.383+0000] {dagbag.py:545} INFO - Filling up the DagBag from /home/airflow/.local/lib/python3.12/site-packages/airflow/example_dags/example_short_circuit_decorator.py
[2024-05-23T19:36:34.396+0000] {processor.py:840} INFO - DAG(s) 'example_short_circuit_decorator' retrieved from /home/airflow/.local/lib/python3.12/site-packages/airflow/example_dags/example_short_circuit_decorator.py
[2024-05-23T19:36:34.425+0000] {logging_mixin.py:188} INFO - [2024-05-23T19:36:34.425+0000] {dag.py:3096} INFO - Sync 1 DAGs
[2024-05-23T19:36:34.457+0000] {logging_mixin.py:188} INFO - [2024-05-23T19:36:34.456+0000] {dag.py:3954} INFO - Setting next_dagrun for example_short_circuit_decorator to 2024-05-22 00:00:00+00:00, run_after=2024-05-23 00:00:00+00:00
[2024-05-23T19:36:34.479+0000] {processor.py:183} INFO - Processing /home/airflow/.local/lib/python3.12/site-packages/airflow/example_dags/example_short_circuit_decorator.py took 0.105 seconds
[2024-05-23T19:37:04.983+0000] {processor.py:161} INFO - Started process (PID=4076) to work on /home/airflow/.local/lib/python3.12/site-packages/airflow/example_dags/example_short_circuit_decorator.py
[2024-05-23T19:37:04.984+0000] {processor.py:830} INFO - Processing file /home/airflow/.local/lib/python3.12/site-packages/airflow/example_dags/example_short_circuit_decorator.py for tasks to queue
[2024-05-23T19:37:04.986+0000] {logging_mixin.py:188} INFO - [2024-05-23T19:37:04.986+0000] {dagbag.py:545} INFO - Filling up the DagBag from /home/airflow/.local/lib/python3.12/site-packages/airflow/example_dags/example_short_circuit_decorator.py
[2024-05-23T19:37:05.001+0000] {processor.py:840} INFO - DAG(s) 'example_short_circuit_decorator' retrieved from /home/airflow/.local/lib/python3.12/site-packages/airflow/example_dags/example_short_circuit_decorator.py
[2024-05-23T19:37:05.033+0000] {logging_mixin.py:188} INFO - [2024-05-23T19:37:05.032+0000] {dag.py:3096} INFO - Sync 1 DAGs
[2024-05-23T19:37:05.065+0000] {logging_mixin.py:188} INFO - [2024-05-23T19:37:05.065+0000] {dag.py:3954} INFO - Setting next_dagrun for example_short_circuit_decorator to 2024-05-22 00:00:00+00:00, run_after=2024-05-23 00:00:00+00:00
[2024-05-23T19:37:05.099+0000] {processor.py:183} INFO - Processing /home/airflow/.local/lib/python3.12/site-packages/airflow/example_dags/example_short_circuit_decorator.py took 0.124 seconds
[2024-05-23T19:37:35.914+0000] {processor.py:161} INFO - Started process (PID=4338) to work on /home/airflow/.local/lib/python3.12/site-packages/airflow/example_dags/example_short_circuit_decorator.py
[2024-05-23T19:37:35.916+0000] {processor.py:830} INFO - Processing file /home/airflow/.local/lib/python3.12/site-packages/airflow/example_dags/example_short_circuit_decorator.py for tasks to queue
[2024-05-23T19:37:35.918+0000] {logging_mixin.py:188} INFO - [2024-05-23T19:37:35.918+0000] {dagbag.py:545} INFO - Filling up the DagBag from /home/airflow/.local/lib/python3.12/site-packages/airflow/example_dags/example_short_circuit_decorator.py
[2024-05-23T19:37:35.932+0000] {processor.py:840} INFO - DAG(s) 'example_short_circuit_decorator' retrieved from /home/airflow/.local/lib/python3.12/site-packages/airflow/example_dags/example_short_circuit_decorator.py
[2024-05-23T19:37:35.970+0000] {logging_mixin.py:188} INFO - [2024-05-23T19:37:35.970+0000] {dag.py:3096} INFO - Sync 1 DAGs
[2024-05-23T19:37:36.020+0000] {logging_mixin.py:188} INFO - [2024-05-23T19:37:36.019+0000] {dag.py:3954} INFO - Setting next_dagrun for example_short_circuit_decorator to 2024-05-22 00:00:00+00:00, run_after=2024-05-23 00:00:00+00:00
[2024-05-23T19:37:36.048+0000] {processor.py:183} INFO - Processing /home/airflow/.local/lib/python3.12/site-packages/airflow/example_dags/example_short_circuit_decorator.py took 0.143 seconds
[2024-05-23T19:38:06.702+0000] {processor.py:161} INFO - Started process (PID=4600) to work on /home/airflow/.local/lib/python3.12/site-packages/airflow/example_dags/example_short_circuit_decorator.py
[2024-05-23T19:38:06.704+0000] {processor.py:830} INFO - Processing file /home/airflow/.local/lib/python3.12/site-packages/airflow/example_dags/example_short_circuit_decorator.py for tasks to queue
[2024-05-23T19:38:06.706+0000] {logging_mixin.py:188} INFO - [2024-05-23T19:38:06.706+0000] {dagbag.py:545} INFO - Filling up the DagBag from /home/airflow/.local/lib/python3.12/site-packages/airflow/example_dags/example_short_circuit_decorator.py
[2024-05-23T19:38:06.720+0000] {processor.py:840} INFO - DAG(s) 'example_short_circuit_decorator' retrieved from /home/airflow/.local/lib/python3.12/site-packages/airflow/example_dags/example_short_circuit_decorator.py
[2024-05-23T19:38:06.756+0000] {logging_mixin.py:188} INFO - [2024-05-23T19:38:06.756+0000] {dag.py:3096} INFO - Sync 1 DAGs
[2024-05-23T19:38:06.788+0000] {logging_mixin.py:188} INFO - [2024-05-23T19:38:06.788+0000] {dag.py:3954} INFO - Setting next_dagrun for example_short_circuit_decorator to 2024-05-22 00:00:00+00:00, run_after=2024-05-23 00:00:00+00:00
[2024-05-23T19:38:06.824+0000] {processor.py:183} INFO - Processing /home/airflow/.local/lib/python3.12/site-packages/airflow/example_dags/example_short_circuit_decorator.py took 0.132 seconds
[2024-05-23T19:38:37.134+0000] {processor.py:161} INFO - Started process (PID=4862) to work on /home/airflow/.local/lib/python3.12/site-packages/airflow/example_dags/example_short_circuit_decorator.py
[2024-05-23T19:38:37.135+0000] {processor.py:830} INFO - Processing file /home/airflow/.local/lib/python3.12/site-packages/airflow/example_dags/example_short_circuit_decorator.py for tasks to queue
[2024-05-23T19:38:37.138+0000] {logging_mixin.py:188} INFO - [2024-05-23T19:38:37.138+0000] {dagbag.py:545} INFO - Filling up the DagBag from /home/airflow/.local/lib/python3.12/site-packages/airflow/example_dags/example_short_circuit_decorator.py
[2024-05-23T19:38:37.152+0000] {processor.py:840} INFO - DAG(s) 'example_short_circuit_decorator' retrieved from /home/airflow/.local/lib/python3.12/site-packages/airflow/example_dags/example_short_circuit_decorator.py
[2024-05-23T19:38:37.190+0000] {logging_mixin.py:188} INFO - [2024-05-23T19:38:37.190+0000] {dag.py:3096} INFO - Sync 1 DAGs
[2024-05-23T19:38:37.222+0000] {logging_mixin.py:188} INFO - [2024-05-23T19:38:37.222+0000] {dag.py:3954} INFO - Setting next_dagrun for example_short_circuit_decorator to 2024-05-22 00:00:00+00:00, run_after=2024-05-23 00:00:00+00:00
[2024-05-23T19:38:37.252+0000] {processor.py:183} INFO - Processing /home/airflow/.local/lib/python3.12/site-packages/airflow/example_dags/example_short_circuit_decorator.py took 0.127 seconds
[2024-05-23T19:39:07.802+0000] {processor.py:161} INFO - Started process (PID=5124) to work on /home/airflow/.local/lib/python3.12/site-packages/airflow/example_dags/example_short_circuit_decorator.py
[2024-05-23T19:39:07.804+0000] {processor.py:830} INFO - Processing file /home/airflow/.local/lib/python3.12/site-packages/airflow/example_dags/example_short_circuit_decorator.py for tasks to queue
[2024-05-23T19:39:07.809+0000] {logging_mixin.py:188} INFO - [2024-05-23T19:39:07.809+0000] {dagbag.py:545} INFO - Filling up the DagBag from /home/airflow/.local/lib/python3.12/site-packages/airflow/example_dags/example_short_circuit_decorator.py
[2024-05-23T19:39:07.825+0000] {processor.py:840} INFO - DAG(s) 'example_short_circuit_decorator' retrieved from /home/airflow/.local/lib/python3.12/site-packages/airflow/example_dags/example_short_circuit_decorator.py
[2024-05-23T19:39:07.862+0000] {logging_mixin.py:188} INFO - [2024-05-23T19:39:07.862+0000] {dag.py:3096} INFO - Sync 1 DAGs
[2024-05-23T19:39:07.899+0000] {logging_mixin.py:188} INFO - [2024-05-23T19:39:07.899+0000] {dag.py:3954} INFO - Setting next_dagrun for example_short_circuit_decorator to 2024-05-22 00:00:00+00:00, run_after=2024-05-23 00:00:00+00:00
[2024-05-23T19:39:07.928+0000] {processor.py:183} INFO - Processing /home/airflow/.local/lib/python3.12/site-packages/airflow/example_dags/example_short_circuit_decorator.py took 0.135 seconds
[2024-05-23T19:39:38.363+0000] {processor.py:161} INFO - Started process (PID=5386) to work on /home/airflow/.local/lib/python3.12/site-packages/airflow/example_dags/example_short_circuit_decorator.py
[2024-05-23T19:39:38.364+0000] {processor.py:830} INFO - Processing file /home/airflow/.local/lib/python3.12/site-packages/airflow/example_dags/example_short_circuit_decorator.py for tasks to queue
[2024-05-23T19:39:38.367+0000] {logging_mixin.py:188} INFO - [2024-05-23T19:39:38.367+0000] {dagbag.py:545} INFO - Filling up the DagBag from /home/airflow/.local/lib/python3.12/site-packages/airflow/example_dags/example_short_circuit_decorator.py
[2024-05-23T19:39:38.381+0000] {processor.py:840} INFO - DAG(s) 'example_short_circuit_decorator' retrieved from /home/airflow/.local/lib/python3.12/site-packages/airflow/example_dags/example_short_circuit_decorator.py
[2024-05-23T19:39:38.414+0000] {logging_mixin.py:188} INFO - [2024-05-23T19:39:38.414+0000] {dag.py:3096} INFO - Sync 1 DAGs
[2024-05-23T19:39:38.447+0000] {logging_mixin.py:188} INFO - [2024-05-23T19:39:38.447+0000] {dag.py:3954} INFO - Setting next_dagrun for example_short_circuit_decorator to 2024-05-22 00:00:00+00:00, run_after=2024-05-23 00:00:00+00:00
[2024-05-23T19:39:38.481+0000] {processor.py:183} INFO - Processing /home/airflow/.local/lib/python3.12/site-packages/airflow/example_dags/example_short_circuit_decorator.py took 0.127 seconds
[2024-05-23T19:40:09.060+0000] {processor.py:161} INFO - Started process (PID=5648) to work on /home/airflow/.local/lib/python3.12/site-packages/airflow/example_dags/example_short_circuit_decorator.py
[2024-05-23T19:40:09.061+0000] {processor.py:830} INFO - Processing file /home/airflow/.local/lib/python3.12/site-packages/airflow/example_dags/example_short_circuit_decorator.py for tasks to queue
[2024-05-23T19:40:09.064+0000] {logging_mixin.py:188} INFO - [2024-05-23T19:40:09.063+0000] {dagbag.py:545} INFO - Filling up the DagBag from /home/airflow/.local/lib/python3.12/site-packages/airflow/example_dags/example_short_circuit_decorator.py
[2024-05-23T19:40:09.079+0000] {processor.py:840} INFO - DAG(s) 'example_short_circuit_decorator' retrieved from /home/airflow/.local/lib/python3.12/site-packages/airflow/example_dags/example_short_circuit_decorator.py
[2024-05-23T19:40:09.132+0000] {logging_mixin.py:188} INFO - [2024-05-23T19:40:09.132+0000] {dag.py:3096} INFO - Sync 1 DAGs
[2024-05-23T19:40:09.170+0000] {logging_mixin.py:188} INFO - [2024-05-23T19:40:09.170+0000] {dag.py:3954} INFO - Setting next_dagrun for example_short_circuit_decorator to 2024-05-22 00:00:00+00:00, run_after=2024-05-23 00:00:00+00:00
[2024-05-23T19:40:09.199+0000] {processor.py:183} INFO - Processing /home/airflow/.local/lib/python3.12/site-packages/airflow/example_dags/example_short_circuit_decorator.py took 0.150 seconds
[2024-05-23T19:40:39.802+0000] {processor.py:161} INFO - Started process (PID=5910) to work on /home/airflow/.local/lib/python3.12/site-packages/airflow/example_dags/example_short_circuit_decorator.py
[2024-05-23T19:40:39.804+0000] {processor.py:830} INFO - Processing file /home/airflow/.local/lib/python3.12/site-packages/airflow/example_dags/example_short_circuit_decorator.py for tasks to queue
[2024-05-23T19:40:39.807+0000] {logging_mixin.py:188} INFO - [2024-05-23T19:40:39.807+0000] {dagbag.py:545} INFO - Filling up the DagBag from /home/airflow/.local/lib/python3.12/site-packages/airflow/example_dags/example_short_circuit_decorator.py
[2024-05-23T19:40:39.823+0000] {processor.py:840} INFO - DAG(s) 'example_short_circuit_decorator' retrieved from /home/airflow/.local/lib/python3.12/site-packages/airflow/example_dags/example_short_circuit_decorator.py
[2024-05-23T19:40:39.863+0000] {logging_mixin.py:188} INFO - [2024-05-23T19:40:39.863+0000] {dag.py:3096} INFO - Sync 1 DAGs
[2024-05-23T19:40:39.898+0000] {logging_mixin.py:188} INFO - [2024-05-23T19:40:39.898+0000] {dag.py:3954} INFO - Setting next_dagrun for example_short_circuit_decorator to 2024-05-22 00:00:00+00:00, run_after=2024-05-23 00:00:00+00:00
[2024-05-23T19:40:39.928+0000] {processor.py:183} INFO - Processing /home/airflow/.local/lib/python3.12/site-packages/airflow/example_dags/example_short_circuit_decorator.py took 0.136 seconds
[2024-05-23T19:41:10.441+0000] {processor.py:161} INFO - Started process (PID=6172) to work on /home/airflow/.local/lib/python3.12/site-packages/airflow/example_dags/example_short_circuit_decorator.py
[2024-05-23T19:41:10.444+0000] {processor.py:830} INFO - Processing file /home/airflow/.local/lib/python3.12/site-packages/airflow/example_dags/example_short_circuit_decorator.py for tasks to queue
[2024-05-23T19:41:10.447+0000] {logging_mixin.py:188} INFO - [2024-05-23T19:41:10.446+0000] {dagbag.py:545} INFO - Filling up the DagBag from /home/airflow/.local/lib/python3.12/site-packages/airflow/example_dags/example_short_circuit_decorator.py
[2024-05-23T19:41:10.462+0000] {processor.py:840} INFO - DAG(s) 'example_short_circuit_decorator' retrieved from /home/airflow/.local/lib/python3.12/site-packages/airflow/example_dags/example_short_circuit_decorator.py
[2024-05-23T19:41:10.505+0000] {logging_mixin.py:188} INFO - [2024-05-23T19:41:10.504+0000] {dag.py:3096} INFO - Sync 1 DAGs
[2024-05-23T19:41:10.541+0000] {logging_mixin.py:188} INFO - [2024-05-23T19:41:10.541+0000] {dag.py:3954} INFO - Setting next_dagrun for example_short_circuit_decorator to 2024-05-22 00:00:00+00:00, run_after=2024-05-23 00:00:00+00:00
[2024-05-23T19:41:10.573+0000] {processor.py:183} INFO - Processing /home/airflow/.local/lib/python3.12/site-packages/airflow/example_dags/example_short_circuit_decorator.py took 0.141 seconds
[2024-05-23T19:41:41.328+0000] {processor.py:161} INFO - Started process (PID=6434) to work on /home/airflow/.local/lib/python3.12/site-packages/airflow/example_dags/example_short_circuit_decorator.py
[2024-05-23T19:41:41.330+0000] {processor.py:830} INFO - Processing file /home/airflow/.local/lib/python3.12/site-packages/airflow/example_dags/example_short_circuit_decorator.py for tasks to queue
[2024-05-23T19:41:41.333+0000] {logging_mixin.py:188} INFO - [2024-05-23T19:41:41.333+0000] {dagbag.py:545} INFO - Filling up the DagBag from /home/airflow/.local/lib/python3.12/site-packages/airflow/example_dags/example_short_circuit_decorator.py
[2024-05-23T19:41:41.352+0000] {processor.py:840} INFO - DAG(s) 'example_short_circuit_decorator' retrieved from /home/airflow/.local/lib/python3.12/site-packages/airflow/example_dags/example_short_circuit_decorator.py
[2024-05-23T19:41:41.405+0000] {logging_mixin.py:188} INFO - [2024-05-23T19:41:41.405+0000] {dag.py:3096} INFO - Sync 1 DAGs
[2024-05-23T19:41:41.461+0000] {logging_mixin.py:188} INFO - [2024-05-23T19:41:41.461+0000] {dag.py:3954} INFO - Setting next_dagrun for example_short_circuit_decorator to 2024-05-22 00:00:00+00:00, run_after=2024-05-23 00:00:00+00:00
[2024-05-23T19:41:41.507+0000] {processor.py:183} INFO - Processing /home/airflow/.local/lib/python3.12/site-packages/airflow/example_dags/example_short_circuit_decorator.py took 0.190 seconds
[2024-05-23T19:42:11.764+0000] {processor.py:161} INFO - Started process (PID=6695) to work on /home/airflow/.local/lib/python3.12/site-packages/airflow/example_dags/example_short_circuit_decorator.py
[2024-05-23T19:42:11.765+0000] {processor.py:830} INFO - Processing file /home/airflow/.local/lib/python3.12/site-packages/airflow/example_dags/example_short_circuit_decorator.py for tasks to queue
[2024-05-23T19:42:11.768+0000] {logging_mixin.py:188} INFO - [2024-05-23T19:42:11.768+0000] {dagbag.py:545} INFO - Filling up the DagBag from /home/airflow/.local/lib/python3.12/site-packages/airflow/example_dags/example_short_circuit_decorator.py
[2024-05-23T19:42:11.782+0000] {processor.py:840} INFO - DAG(s) 'example_short_circuit_decorator' retrieved from /home/airflow/.local/lib/python3.12/site-packages/airflow/example_dags/example_short_circuit_decorator.py
[2024-05-23T19:42:11.819+0000] {logging_mixin.py:188} INFO - [2024-05-23T19:42:11.818+0000] {dag.py:3096} INFO - Sync 1 DAGs
[2024-05-23T19:42:11.856+0000] {logging_mixin.py:188} INFO - [2024-05-23T19:42:11.855+0000] {dag.py:3954} INFO - Setting next_dagrun for example_short_circuit_decorator to 2024-05-22 00:00:00+00:00, run_after=2024-05-23 00:00:00+00:00
[2024-05-23T19:42:11.886+0000] {processor.py:183} INFO - Processing /home/airflow/.local/lib/python3.12/site-packages/airflow/example_dags/example_short_circuit_decorator.py took 0.131 seconds
[2024-05-23T19:42:41.996+0000] {processor.py:161} INFO - Started process (PID=6960) to work on /home/airflow/.local/lib/python3.12/site-packages/airflow/example_dags/example_short_circuit_decorator.py
[2024-05-23T19:42:41.997+0000] {processor.py:830} INFO - Processing file /home/airflow/.local/lib/python3.12/site-packages/airflow/example_dags/example_short_circuit_decorator.py for tasks to queue
[2024-05-23T19:42:42.000+0000] {logging_mixin.py:188} INFO - [2024-05-23T19:42:42.000+0000] {dagbag.py:545} INFO - Filling up the DagBag from /home/airflow/.local/lib/python3.12/site-packages/airflow/example_dags/example_short_circuit_decorator.py
[2024-05-23T19:42:42.012+0000] {processor.py:840} INFO - DAG(s) 'example_short_circuit_decorator' retrieved from /home/airflow/.local/lib/python3.12/site-packages/airflow/example_dags/example_short_circuit_decorator.py
[2024-05-23T19:42:42.047+0000] {logging_mixin.py:188} INFO - [2024-05-23T19:42:42.047+0000] {dag.py:3096} INFO - Sync 1 DAGs
[2024-05-23T19:42:42.077+0000] {logging_mixin.py:188} INFO - [2024-05-23T19:42:42.077+0000] {dag.py:3954} INFO - Setting next_dagrun for example_short_circuit_decorator to 2024-05-22 00:00:00+00:00, run_after=2024-05-23 00:00:00+00:00
[2024-05-23T19:42:42.103+0000] {processor.py:183} INFO - Processing /home/airflow/.local/lib/python3.12/site-packages/airflow/example_dags/example_short_circuit_decorator.py took 0.116 seconds
[2024-05-23T19:43:12.331+0000] {processor.py:161} INFO - Started process (PID=7219) to work on /home/airflow/.local/lib/python3.12/site-packages/airflow/example_dags/example_short_circuit_decorator.py
[2024-05-23T19:43:12.333+0000] {processor.py:830} INFO - Processing file /home/airflow/.local/lib/python3.12/site-packages/airflow/example_dags/example_short_circuit_decorator.py for tasks to queue
[2024-05-23T19:43:12.336+0000] {logging_mixin.py:188} INFO - [2024-05-23T19:43:12.335+0000] {dagbag.py:545} INFO - Filling up the DagBag from /home/airflow/.local/lib/python3.12/site-packages/airflow/example_dags/example_short_circuit_decorator.py
[2024-05-23T19:43:12.349+0000] {processor.py:840} INFO - DAG(s) 'example_short_circuit_decorator' retrieved from /home/airflow/.local/lib/python3.12/site-packages/airflow/example_dags/example_short_circuit_decorator.py
[2024-05-23T19:43:12.383+0000] {logging_mixin.py:188} INFO - [2024-05-23T19:43:12.383+0000] {dag.py:3096} INFO - Sync 1 DAGs
[2024-05-23T19:43:12.416+0000] {logging_mixin.py:188} INFO - [2024-05-23T19:43:12.415+0000] {dag.py:3954} INFO - Setting next_dagrun for example_short_circuit_decorator to 2024-05-22 00:00:00+00:00, run_after=2024-05-23 00:00:00+00:00
[2024-05-23T19:43:12.442+0000] {processor.py:183} INFO - Processing /home/airflow/.local/lib/python3.12/site-packages/airflow/example_dags/example_short_circuit_decorator.py took 0.120 seconds
[2024-05-23T19:43:42.892+0000] {processor.py:161} INFO - Started process (PID=7481) to work on /home/airflow/.local/lib/python3.12/site-packages/airflow/example_dags/example_short_circuit_decorator.py
[2024-05-23T19:43:42.894+0000] {processor.py:830} INFO - Processing file /home/airflow/.local/lib/python3.12/site-packages/airflow/example_dags/example_short_circuit_decorator.py for tasks to queue
[2024-05-23T19:43:42.898+0000] {logging_mixin.py:188} INFO - [2024-05-23T19:43:42.897+0000] {dagbag.py:545} INFO - Filling up the DagBag from /home/airflow/.local/lib/python3.12/site-packages/airflow/example_dags/example_short_circuit_decorator.py
[2024-05-23T19:43:42.911+0000] {processor.py:840} INFO - DAG(s) 'example_short_circuit_decorator' retrieved from /home/airflow/.local/lib/python3.12/site-packages/airflow/example_dags/example_short_circuit_decorator.py
[2024-05-23T19:43:42.947+0000] {logging_mixin.py:188} INFO - [2024-05-23T19:43:42.946+0000] {dag.py:3096} INFO - Sync 1 DAGs
[2024-05-23T19:43:42.982+0000] {logging_mixin.py:188} INFO - [2024-05-23T19:43:42.982+0000] {dag.py:3954} INFO - Setting next_dagrun for example_short_circuit_decorator to 2024-05-22 00:00:00+00:00, run_after=2024-05-23 00:00:00+00:00
[2024-05-23T19:43:43.011+0000] {processor.py:183} INFO - Processing /home/airflow/.local/lib/python3.12/site-packages/airflow/example_dags/example_short_circuit_decorator.py took 0.129 seconds
[2024-05-23T19:44:13.336+0000] {processor.py:161} INFO - Started process (PID=7743) to work on /home/airflow/.local/lib/python3.12/site-packages/airflow/example_dags/example_short_circuit_decorator.py
[2024-05-23T19:44:13.337+0000] {processor.py:830} INFO - Processing file /home/airflow/.local/lib/python3.12/site-packages/airflow/example_dags/example_short_circuit_decorator.py for tasks to queue
[2024-05-23T19:44:13.340+0000] {logging_mixin.py:188} INFO - [2024-05-23T19:44:13.339+0000] {dagbag.py:545} INFO - Filling up the DagBag from /home/airflow/.local/lib/python3.12/site-packages/airflow/example_dags/example_short_circuit_decorator.py
[2024-05-23T19:44:13.353+0000] {processor.py:840} INFO - DAG(s) 'example_short_circuit_decorator' retrieved from /home/airflow/.local/lib/python3.12/site-packages/airflow/example_dags/example_short_circuit_decorator.py
[2024-05-23T19:44:13.388+0000] {logging_mixin.py:188} INFO - [2024-05-23T19:44:13.387+0000] {dag.py:3096} INFO - Sync 1 DAGs
[2024-05-23T19:44:13.420+0000] {logging_mixin.py:188} INFO - [2024-05-23T19:44:13.419+0000] {dag.py:3954} INFO - Setting next_dagrun for example_short_circuit_decorator to 2024-05-22 00:00:00+00:00, run_after=2024-05-23 00:00:00+00:00
[2024-05-23T19:44:13.446+0000] {processor.py:183} INFO - Processing /home/airflow/.local/lib/python3.12/site-packages/airflow/example_dags/example_short_circuit_decorator.py took 0.119 seconds
[2024-05-23T19:44:43.813+0000] {processor.py:161} INFO - Started process (PID=8005) to work on /home/airflow/.local/lib/python3.12/site-packages/airflow/example_dags/example_short_circuit_decorator.py
[2024-05-23T19:44:43.815+0000] {processor.py:830} INFO - Processing file /home/airflow/.local/lib/python3.12/site-packages/airflow/example_dags/example_short_circuit_decorator.py for tasks to queue
[2024-05-23T19:44:43.817+0000] {logging_mixin.py:188} INFO - [2024-05-23T19:44:43.817+0000] {dagbag.py:545} INFO - Filling up the DagBag from /home/airflow/.local/lib/python3.12/site-packages/airflow/example_dags/example_short_circuit_decorator.py
[2024-05-23T19:44:43.830+0000] {processor.py:840} INFO - DAG(s) 'example_short_circuit_decorator' retrieved from /home/airflow/.local/lib/python3.12/site-packages/airflow/example_dags/example_short_circuit_decorator.py
[2024-05-23T19:44:43.862+0000] {logging_mixin.py:188} INFO - [2024-05-23T19:44:43.862+0000] {dag.py:3096} INFO - Sync 1 DAGs
[2024-05-23T19:44:43.896+0000] {logging_mixin.py:188} INFO - [2024-05-23T19:44:43.896+0000] {dag.py:3954} INFO - Setting next_dagrun for example_short_circuit_decorator to 2024-05-22 00:00:00+00:00, run_after=2024-05-23 00:00:00+00:00
[2024-05-23T19:44:43.921+0000] {processor.py:183} INFO - Processing /home/airflow/.local/lib/python3.12/site-packages/airflow/example_dags/example_short_circuit_decorator.py took 0.117 seconds
[2024-05-23T19:45:14.342+0000] {processor.py:161} INFO - Started process (PID=8267) to work on /home/airflow/.local/lib/python3.12/site-packages/airflow/example_dags/example_short_circuit_decorator.py
[2024-05-23T19:45:14.344+0000] {processor.py:830} INFO - Processing file /home/airflow/.local/lib/python3.12/site-packages/airflow/example_dags/example_short_circuit_decorator.py for tasks to queue
[2024-05-23T19:45:14.347+0000] {logging_mixin.py:188} INFO - [2024-05-23T19:45:14.347+0000] {dagbag.py:545} INFO - Filling up the DagBag from /home/airflow/.local/lib/python3.12/site-packages/airflow/example_dags/example_short_circuit_decorator.py
[2024-05-23T19:45:14.361+0000] {processor.py:840} INFO - DAG(s) 'example_short_circuit_decorator' retrieved from /home/airflow/.local/lib/python3.12/site-packages/airflow/example_dags/example_short_circuit_decorator.py
[2024-05-23T19:45:14.397+0000] {logging_mixin.py:188} INFO - [2024-05-23T19:45:14.397+0000] {dag.py:3096} INFO - Sync 1 DAGs
[2024-05-23T19:45:14.429+0000] {logging_mixin.py:188} INFO - [2024-05-23T19:45:14.429+0000] {dag.py:3954} INFO - Setting next_dagrun for example_short_circuit_decorator to 2024-05-22 00:00:00+00:00, run_after=2024-05-23 00:00:00+00:00
[2024-05-23T19:45:14.461+0000] {processor.py:183} INFO - Processing /home/airflow/.local/lib/python3.12/site-packages/airflow/example_dags/example_short_circuit_decorator.py took 0.127 seconds
[2024-05-23T19:45:44.503+0000] {processor.py:161} INFO - Started process (PID=8529) to work on /home/airflow/.local/lib/python3.12/site-packages/airflow/example_dags/example_short_circuit_decorator.py
[2024-05-23T19:45:44.505+0000] {processor.py:830} INFO - Processing file /home/airflow/.local/lib/python3.12/site-packages/airflow/example_dags/example_short_circuit_decorator.py for tasks to queue
[2024-05-23T19:45:44.509+0000] {logging_mixin.py:188} INFO - [2024-05-23T19:45:44.508+0000] {dagbag.py:545} INFO - Filling up the DagBag from /home/airflow/.local/lib/python3.12/site-packages/airflow/example_dags/example_short_circuit_decorator.py
[2024-05-23T19:45:44.522+0000] {processor.py:840} INFO - DAG(s) 'example_short_circuit_decorator' retrieved from /home/airflow/.local/lib/python3.12/site-packages/airflow/example_dags/example_short_circuit_decorator.py
[2024-05-23T19:45:44.553+0000] {logging_mixin.py:188} INFO - [2024-05-23T19:45:44.553+0000] {dag.py:3096} INFO - Sync 1 DAGs
[2024-05-23T19:45:44.585+0000] {logging_mixin.py:188} INFO - [2024-05-23T19:45:44.585+0000] {dag.py:3954} INFO - Setting next_dagrun for example_short_circuit_decorator to 2024-05-22 00:00:00+00:00, run_after=2024-05-23 00:00:00+00:00
[2024-05-23T19:45:44.610+0000] {processor.py:183} INFO - Processing /home/airflow/.local/lib/python3.12/site-packages/airflow/example_dags/example_short_circuit_decorator.py took 0.118 seconds
[2024-05-23T19:46:15.661+0000] {processor.py:161} INFO - Started process (PID=8795) to work on /home/airflow/.local/lib/python3.12/site-packages/airflow/example_dags/example_short_circuit_decorator.py
[2024-05-23T19:46:15.663+0000] {processor.py:830} INFO - Processing file /home/airflow/.local/lib/python3.12/site-packages/airflow/example_dags/example_short_circuit_decorator.py for tasks to queue
[2024-05-23T19:46:15.666+0000] {logging_mixin.py:188} INFO - [2024-05-23T19:46:15.666+0000] {dagbag.py:545} INFO - Filling up the DagBag from /home/airflow/.local/lib/python3.12/site-packages/airflow/example_dags/example_short_circuit_decorator.py
[2024-05-23T19:46:15.681+0000] {processor.py:840} INFO - DAG(s) 'example_short_circuit_decorator' retrieved from /home/airflow/.local/lib/python3.12/site-packages/airflow/example_dags/example_short_circuit_decorator.py
[2024-05-23T19:46:15.716+0000] {logging_mixin.py:188} INFO - [2024-05-23T19:46:15.715+0000] {dag.py:3096} INFO - Sync 1 DAGs
[2024-05-23T19:46:15.748+0000] {logging_mixin.py:188} INFO - [2024-05-23T19:46:15.748+0000] {dag.py:3954} INFO - Setting next_dagrun for example_short_circuit_decorator to 2024-05-22 00:00:00+00:00, run_after=2024-05-23 00:00:00+00:00
[2024-05-23T19:46:15.777+0000] {processor.py:183} INFO - Processing /home/airflow/.local/lib/python3.12/site-packages/airflow/example_dags/example_short_circuit_decorator.py took 0.123 seconds
[2024-05-23T19:46:46.069+0000] {processor.py:161} INFO - Started process (PID=9057) to work on /home/airflow/.local/lib/python3.12/site-packages/airflow/example_dags/example_short_circuit_decorator.py
[2024-05-23T19:46:46.071+0000] {processor.py:830} INFO - Processing file /home/airflow/.local/lib/python3.12/site-packages/airflow/example_dags/example_short_circuit_decorator.py for tasks to queue
[2024-05-23T19:46:46.073+0000] {logging_mixin.py:188} INFO - [2024-05-23T19:46:46.073+0000] {dagbag.py:545} INFO - Filling up the DagBag from /home/airflow/.local/lib/python3.12/site-packages/airflow/example_dags/example_short_circuit_decorator.py
[2024-05-23T19:46:46.086+0000] {processor.py:840} INFO - DAG(s) 'example_short_circuit_decorator' retrieved from /home/airflow/.local/lib/python3.12/site-packages/airflow/example_dags/example_short_circuit_decorator.py
[2024-05-23T19:46:46.118+0000] {logging_mixin.py:188} INFO - [2024-05-23T19:46:46.118+0000] {dag.py:3096} INFO - Sync 1 DAGs
[2024-05-23T19:46:46.150+0000] {logging_mixin.py:188} INFO - [2024-05-23T19:46:46.150+0000] {dag.py:3954} INFO - Setting next_dagrun for example_short_circuit_decorator to 2024-05-22 00:00:00+00:00, run_after=2024-05-23 00:00:00+00:00
[2024-05-23T19:46:46.175+0000] {processor.py:183} INFO - Processing /home/airflow/.local/lib/python3.12/site-packages/airflow/example_dags/example_short_circuit_decorator.py took 0.114 seconds
[2024-05-23T19:47:17.238+0000] {processor.py:161} INFO - Started process (PID=9319) to work on /home/airflow/.local/lib/python3.12/site-packages/airflow/example_dags/example_short_circuit_decorator.py
[2024-05-23T19:47:17.239+0000] {processor.py:830} INFO - Processing file /home/airflow/.local/lib/python3.12/site-packages/airflow/example_dags/example_short_circuit_decorator.py for tasks to queue
[2024-05-23T19:47:17.242+0000] {logging_mixin.py:188} INFO - [2024-05-23T19:47:17.241+0000] {dagbag.py:545} INFO - Filling up the DagBag from /home/airflow/.local/lib/python3.12/site-packages/airflow/example_dags/example_short_circuit_decorator.py
[2024-05-23T19:47:17.254+0000] {processor.py:840} INFO - DAG(s) 'example_short_circuit_decorator' retrieved from /home/airflow/.local/lib/python3.12/site-packages/airflow/example_dags/example_short_circuit_decorator.py
[2024-05-23T19:47:17.285+0000] {logging_mixin.py:188} INFO - [2024-05-23T19:47:17.285+0000] {dag.py:3096} INFO - Sync 1 DAGs
[2024-05-23T19:47:17.315+0000] {logging_mixin.py:188} INFO - [2024-05-23T19:47:17.314+0000] {dag.py:3954} INFO - Setting next_dagrun for example_short_circuit_decorator to 2024-05-22 00:00:00+00:00, run_after=2024-05-23 00:00:00+00:00
[2024-05-23T19:47:17.339+0000] {processor.py:183} INFO - Processing /home/airflow/.local/lib/python3.12/site-packages/airflow/example_dags/example_short_circuit_decorator.py took 0.110 seconds
[2024-05-23T19:47:48.419+0000] {processor.py:161} INFO - Started process (PID=9581) to work on /home/airflow/.local/lib/python3.12/site-packages/airflow/example_dags/example_short_circuit_decorator.py
[2024-05-23T19:47:48.420+0000] {processor.py:830} INFO - Processing file /home/airflow/.local/lib/python3.12/site-packages/airflow/example_dags/example_short_circuit_decorator.py for tasks to queue
[2024-05-23T19:47:48.423+0000] {logging_mixin.py:188} INFO - [2024-05-23T19:47:48.422+0000] {dagbag.py:545} INFO - Filling up the DagBag from /home/airflow/.local/lib/python3.12/site-packages/airflow/example_dags/example_short_circuit_decorator.py
[2024-05-23T19:47:48.435+0000] {processor.py:840} INFO - DAG(s) 'example_short_circuit_decorator' retrieved from /home/airflow/.local/lib/python3.12/site-packages/airflow/example_dags/example_short_circuit_decorator.py
[2024-05-23T19:47:48.468+0000] {logging_mixin.py:188} INFO - [2024-05-23T19:47:48.468+0000] {dag.py:3096} INFO - Sync 1 DAGs
[2024-05-23T19:47:48.499+0000] {logging_mixin.py:188} INFO - [2024-05-23T19:47:48.499+0000] {dag.py:3954} INFO - Setting next_dagrun for example_short_circuit_decorator to 2024-05-22 00:00:00+00:00, run_after=2024-05-23 00:00:00+00:00
[2024-05-23T19:47:48.525+0000] {processor.py:183} INFO - Processing /home/airflow/.local/lib/python3.12/site-packages/airflow/example_dags/example_short_circuit_decorator.py took 0.114 seconds
[2024-05-23T19:48:18.842+0000] {processor.py:161} INFO - Started process (PID=9843) to work on /home/airflow/.local/lib/python3.12/site-packages/airflow/example_dags/example_short_circuit_decorator.py
[2024-05-23T19:48:18.843+0000] {processor.py:830} INFO - Processing file /home/airflow/.local/lib/python3.12/site-packages/airflow/example_dags/example_short_circuit_decorator.py for tasks to queue
[2024-05-23T19:48:18.846+0000] {logging_mixin.py:188} INFO - [2024-05-23T19:48:18.845+0000] {dagbag.py:545} INFO - Filling up the DagBag from /home/airflow/.local/lib/python3.12/site-packages/airflow/example_dags/example_short_circuit_decorator.py
[2024-05-23T19:48:18.860+0000] {processor.py:840} INFO - DAG(s) 'example_short_circuit_decorator' retrieved from /home/airflow/.local/lib/python3.12/site-packages/airflow/example_dags/example_short_circuit_decorator.py
[2024-05-23T19:48:18.896+0000] {logging_mixin.py:188} INFO - [2024-05-23T19:48:18.895+0000] {dag.py:3096} INFO - Sync 1 DAGs
[2024-05-23T19:48:18.929+0000] {logging_mixin.py:188} INFO - [2024-05-23T19:48:18.929+0000] {dag.py:3954} INFO - Setting next_dagrun for example_short_circuit_decorator to 2024-05-22 00:00:00+00:00, run_after=2024-05-23 00:00:00+00:00
[2024-05-23T19:48:18.958+0000] {processor.py:183} INFO - Processing /home/airflow/.local/lib/python3.12/site-packages/airflow/example_dags/example_short_circuit_decorator.py took 0.125 seconds
[2024-05-23T19:48:49.359+0000] {processor.py:161} INFO - Started process (PID=10105) to work on /home/airflow/.local/lib/python3.12/site-packages/airflow/example_dags/example_short_circuit_decorator.py
[2024-05-23T19:48:49.361+0000] {processor.py:830} INFO - Processing file /home/airflow/.local/lib/python3.12/site-packages/airflow/example_dags/example_short_circuit_decorator.py for tasks to queue
[2024-05-23T19:48:49.364+0000] {logging_mixin.py:188} INFO - [2024-05-23T19:48:49.363+0000] {dagbag.py:545} INFO - Filling up the DagBag from /home/airflow/.local/lib/python3.12/site-packages/airflow/example_dags/example_short_circuit_decorator.py
[2024-05-23T19:48:49.376+0000] {processor.py:840} INFO - DAG(s) 'example_short_circuit_decorator' retrieved from /home/airflow/.local/lib/python3.12/site-packages/airflow/example_dags/example_short_circuit_decorator.py
[2024-05-23T19:48:49.413+0000] {logging_mixin.py:188} INFO - [2024-05-23T19:48:49.413+0000] {dag.py:3096} INFO - Sync 1 DAGs
[2024-05-23T19:48:49.446+0000] {logging_mixin.py:188} INFO - [2024-05-23T19:48:49.445+0000] {dag.py:3954} INFO - Setting next_dagrun for example_short_circuit_decorator to 2024-05-22 00:00:00+00:00, run_after=2024-05-23 00:00:00+00:00
[2024-05-23T19:48:49.473+0000] {processor.py:183} INFO - Processing /home/airflow/.local/lib/python3.12/site-packages/airflow/example_dags/example_short_circuit_decorator.py took 0.123 seconds
[2024-05-23T19:49:20.310+0000] {processor.py:161} INFO - Started process (PID=10367) to work on /home/airflow/.local/lib/python3.12/site-packages/airflow/example_dags/example_short_circuit_decorator.py
[2024-05-23T19:49:20.312+0000] {processor.py:830} INFO - Processing file /home/airflow/.local/lib/python3.12/site-packages/airflow/example_dags/example_short_circuit_decorator.py for tasks to queue
[2024-05-23T19:49:20.315+0000] {logging_mixin.py:188} INFO - [2024-05-23T19:49:20.314+0000] {dagbag.py:545} INFO - Filling up the DagBag from /home/airflow/.local/lib/python3.12/site-packages/airflow/example_dags/example_short_circuit_decorator.py
[2024-05-23T19:49:20.335+0000] {processor.py:840} INFO - DAG(s) 'example_short_circuit_decorator' retrieved from /home/airflow/.local/lib/python3.12/site-packages/airflow/example_dags/example_short_circuit_decorator.py
[2024-05-23T19:49:20.374+0000] {logging_mixin.py:188} INFO - [2024-05-23T19:49:20.374+0000] {dag.py:3096} INFO - Sync 1 DAGs
[2024-05-23T19:49:20.550+0000] {logging_mixin.py:188} INFO - [2024-05-23T19:49:20.550+0000] {dag.py:3954} INFO - Setting next_dagrun for example_short_circuit_decorator to 2024-05-22 00:00:00+00:00, run_after=2024-05-23 00:00:00+00:00
[2024-05-23T19:49:20.577+0000] {processor.py:183} INFO - Processing /home/airflow/.local/lib/python3.12/site-packages/airflow/example_dags/example_short_circuit_decorator.py took 0.278 seconds
[2024-05-23T19:49:50.625+0000] {processor.py:161} INFO - Started process (PID=10629) to work on /home/airflow/.local/lib/python3.12/site-packages/airflow/example_dags/example_short_circuit_decorator.py
[2024-05-23T19:49:50.626+0000] {processor.py:830} INFO - Processing file /home/airflow/.local/lib/python3.12/site-packages/airflow/example_dags/example_short_circuit_decorator.py for tasks to queue
[2024-05-23T19:49:50.629+0000] {logging_mixin.py:188} INFO - [2024-05-23T19:49:50.628+0000] {dagbag.py:545} INFO - Filling up the DagBag from /home/airflow/.local/lib/python3.12/site-packages/airflow/example_dags/example_short_circuit_decorator.py
[2024-05-23T19:49:50.643+0000] {processor.py:840} INFO - DAG(s) 'example_short_circuit_decorator' retrieved from /home/airflow/.local/lib/python3.12/site-packages/airflow/example_dags/example_short_circuit_decorator.py
[2024-05-23T19:49:50.678+0000] {logging_mixin.py:188} INFO - [2024-05-23T19:49:50.678+0000] {dag.py:3096} INFO - Sync 1 DAGs
[2024-05-23T19:49:50.864+0000] {logging_mixin.py:188} INFO - [2024-05-23T19:49:50.864+0000] {dag.py:3954} INFO - Setting next_dagrun for example_short_circuit_decorator to 2024-05-22 00:00:00+00:00, run_after=2024-05-23 00:00:00+00:00
[2024-05-23T19:49:50.894+0000] {processor.py:183} INFO - Processing /home/airflow/.local/lib/python3.12/site-packages/airflow/example_dags/example_short_circuit_decorator.py took 0.278 seconds
[2024-05-23T19:50:21.846+0000] {processor.py:161} INFO - Started process (PID=10891) to work on /home/airflow/.local/lib/python3.12/site-packages/airflow/example_dags/example_short_circuit_decorator.py
[2024-05-23T19:50:21.848+0000] {processor.py:830} INFO - Processing file /home/airflow/.local/lib/python3.12/site-packages/airflow/example_dags/example_short_circuit_decorator.py for tasks to queue
[2024-05-23T19:50:21.851+0000] {logging_mixin.py:188} INFO - [2024-05-23T19:50:21.851+0000] {dagbag.py:545} INFO - Filling up the DagBag from /home/airflow/.local/lib/python3.12/site-packages/airflow/example_dags/example_short_circuit_decorator.py
[2024-05-23T19:50:21.865+0000] {processor.py:840} INFO - DAG(s) 'example_short_circuit_decorator' retrieved from /home/airflow/.local/lib/python3.12/site-packages/airflow/example_dags/example_short_circuit_decorator.py
[2024-05-23T19:50:21.901+0000] {logging_mixin.py:188} INFO - [2024-05-23T19:50:21.901+0000] {dag.py:3096} INFO - Sync 1 DAGs
[2024-05-23T19:50:21.934+0000] {logging_mixin.py:188} INFO - [2024-05-23T19:50:21.934+0000] {dag.py:3954} INFO - Setting next_dagrun for example_short_circuit_decorator to 2024-05-22 00:00:00+00:00, run_after=2024-05-23 00:00:00+00:00
[2024-05-23T19:50:22.127+0000] {processor.py:183} INFO - Processing /home/airflow/.local/lib/python3.12/site-packages/airflow/example_dags/example_short_circuit_decorator.py took 0.290 seconds
[2024-05-23T19:50:52.225+0000] {processor.py:161} INFO - Started process (PID=11150) to work on /home/airflow/.local/lib/python3.12/site-packages/airflow/example_dags/example_short_circuit_decorator.py
[2024-05-23T19:50:52.226+0000] {processor.py:830} INFO - Processing file /home/airflow/.local/lib/python3.12/site-packages/airflow/example_dags/example_short_circuit_decorator.py for tasks to queue
[2024-05-23T19:50:52.229+0000] {logging_mixin.py:188} INFO - [2024-05-23T19:50:52.228+0000] {dagbag.py:545} INFO - Filling up the DagBag from /home/airflow/.local/lib/python3.12/site-packages/airflow/example_dags/example_short_circuit_decorator.py
[2024-05-23T19:50:52.244+0000] {processor.py:840} INFO - DAG(s) 'example_short_circuit_decorator' retrieved from /home/airflow/.local/lib/python3.12/site-packages/airflow/example_dags/example_short_circuit_decorator.py
[2024-05-23T19:50:52.285+0000] {logging_mixin.py:188} INFO - [2024-05-23T19:50:52.285+0000] {dag.py:3096} INFO - Sync 1 DAGs
[2024-05-23T19:50:52.326+0000] {logging_mixin.py:188} INFO - [2024-05-23T19:50:52.325+0000] {dag.py:3954} INFO - Setting next_dagrun for example_short_circuit_decorator to 2024-05-22 00:00:00+00:00, run_after=2024-05-23 00:00:00+00:00
[2024-05-23T19:50:52.354+0000] {processor.py:183} INFO - Processing /home/airflow/.local/lib/python3.12/site-packages/airflow/example_dags/example_short_circuit_decorator.py took 0.140 seconds
[2024-05-23T19:51:22.427+0000] {processor.py:161} INFO - Started process (PID=11412) to work on /home/airflow/.local/lib/python3.12/site-packages/airflow/example_dags/example_short_circuit_decorator.py
[2024-05-23T19:51:22.429+0000] {processor.py:830} INFO - Processing file /home/airflow/.local/lib/python3.12/site-packages/airflow/example_dags/example_short_circuit_decorator.py for tasks to queue
[2024-05-23T19:51:22.432+0000] {logging_mixin.py:188} INFO - [2024-05-23T19:51:22.431+0000] {dagbag.py:545} INFO - Filling up the DagBag from /home/airflow/.local/lib/python3.12/site-packages/airflow/example_dags/example_short_circuit_decorator.py
[2024-05-23T19:51:22.446+0000] {processor.py:840} INFO - DAG(s) 'example_short_circuit_decorator' retrieved from /home/airflow/.local/lib/python3.12/site-packages/airflow/example_dags/example_short_circuit_decorator.py
[2024-05-23T19:51:22.480+0000] {logging_mixin.py:188} INFO - [2024-05-23T19:51:22.480+0000] {dag.py:3096} INFO - Sync 1 DAGs
[2024-05-23T19:51:22.513+0000] {logging_mixin.py:188} INFO - [2024-05-23T19:51:22.513+0000] {dag.py:3954} INFO - Setting next_dagrun for example_short_circuit_decorator to 2024-05-22 00:00:00+00:00, run_after=2024-05-23 00:00:00+00:00
[2024-05-23T19:51:22.539+0000] {processor.py:183} INFO - Processing /home/airflow/.local/lib/python3.12/site-packages/airflow/example_dags/example_short_circuit_decorator.py took 0.121 seconds
[2024-05-23T19:51:52.710+0000] {processor.py:161} INFO - Started process (PID=11674) to work on /home/airflow/.local/lib/python3.12/site-packages/airflow/example_dags/example_short_circuit_decorator.py
[2024-05-23T19:51:52.712+0000] {processor.py:830} INFO - Processing file /home/airflow/.local/lib/python3.12/site-packages/airflow/example_dags/example_short_circuit_decorator.py for tasks to queue
[2024-05-23T19:51:52.715+0000] {logging_mixin.py:188} INFO - [2024-05-23T19:51:52.714+0000] {dagbag.py:545} INFO - Filling up the DagBag from /home/airflow/.local/lib/python3.12/site-packages/airflow/example_dags/example_short_circuit_decorator.py
[2024-05-23T19:51:52.729+0000] {processor.py:840} INFO - DAG(s) 'example_short_circuit_decorator' retrieved from /home/airflow/.local/lib/python3.12/site-packages/airflow/example_dags/example_short_circuit_decorator.py
[2024-05-23T19:51:52.765+0000] {logging_mixin.py:188} INFO - [2024-05-23T19:51:52.764+0000] {dag.py:3096} INFO - Sync 1 DAGs
[2024-05-23T19:51:52.803+0000] {logging_mixin.py:188} INFO - [2024-05-23T19:51:52.802+0000] {dag.py:3954} INFO - Setting next_dagrun for example_short_circuit_decorator to 2024-05-22 00:00:00+00:00, run_after=2024-05-23 00:00:00+00:00
[2024-05-23T19:51:52.833+0000] {processor.py:183} INFO - Processing /home/airflow/.local/lib/python3.12/site-packages/airflow/example_dags/example_short_circuit_decorator.py took 0.132 seconds
[2024-05-23T19:52:22.980+0000] {processor.py:161} INFO - Started process (PID=11936) to work on /home/airflow/.local/lib/python3.12/site-packages/airflow/example_dags/example_short_circuit_decorator.py
[2024-05-23T19:52:22.981+0000] {processor.py:830} INFO - Processing file /home/airflow/.local/lib/python3.12/site-packages/airflow/example_dags/example_short_circuit_decorator.py for tasks to queue
[2024-05-23T19:52:22.984+0000] {logging_mixin.py:188} INFO - [2024-05-23T19:52:22.983+0000] {dagbag.py:545} INFO - Filling up the DagBag from /home/airflow/.local/lib/python3.12/site-packages/airflow/example_dags/example_short_circuit_decorator.py
[2024-05-23T19:52:22.997+0000] {processor.py:840} INFO - DAG(s) 'example_short_circuit_decorator' retrieved from /home/airflow/.local/lib/python3.12/site-packages/airflow/example_dags/example_short_circuit_decorator.py
[2024-05-23T19:52:23.034+0000] {logging_mixin.py:188} INFO - [2024-05-23T19:52:23.034+0000] {dag.py:3096} INFO - Sync 1 DAGs
[2024-05-23T19:52:23.069+0000] {logging_mixin.py:188} INFO - [2024-05-23T19:52:23.068+0000] {dag.py:3954} INFO - Setting next_dagrun for example_short_circuit_decorator to 2024-05-22 00:00:00+00:00, run_after=2024-05-23 00:00:00+00:00
[2024-05-23T19:52:23.096+0000] {processor.py:183} INFO - Processing /home/airflow/.local/lib/python3.12/site-packages/airflow/example_dags/example_short_circuit_decorator.py took 0.125 seconds
[2024-05-23T19:52:53.404+0000] {processor.py:161} INFO - Started process (PID=12198) to work on /home/airflow/.local/lib/python3.12/site-packages/airflow/example_dags/example_short_circuit_decorator.py
[2024-05-23T19:52:53.405+0000] {processor.py:830} INFO - Processing file /home/airflow/.local/lib/python3.12/site-packages/airflow/example_dags/example_short_circuit_decorator.py for tasks to queue
[2024-05-23T19:52:53.409+0000] {logging_mixin.py:188} INFO - [2024-05-23T19:52:53.408+0000] {dagbag.py:545} INFO - Filling up the DagBag from /home/airflow/.local/lib/python3.12/site-packages/airflow/example_dags/example_short_circuit_decorator.py
[2024-05-23T19:52:53.422+0000] {processor.py:840} INFO - DAG(s) 'example_short_circuit_decorator' retrieved from /home/airflow/.local/lib/python3.12/site-packages/airflow/example_dags/example_short_circuit_decorator.py
[2024-05-23T19:52:53.465+0000] {logging_mixin.py:188} INFO - [2024-05-23T19:52:53.464+0000] {dag.py:3096} INFO - Sync 1 DAGs
[2024-05-23T19:52:53.504+0000] {logging_mixin.py:188} INFO - [2024-05-23T19:52:53.503+0000] {dag.py:3954} INFO - Setting next_dagrun for example_short_circuit_decorator to 2024-05-22 00:00:00+00:00, run_after=2024-05-23 00:00:00+00:00
[2024-05-23T19:52:53.559+0000] {processor.py:183} INFO - Processing /home/airflow/.local/lib/python3.12/site-packages/airflow/example_dags/example_short_circuit_decorator.py took 0.164 seconds
[2024-05-23T19:53:23.910+0000] {processor.py:161} INFO - Started process (PID=12460) to work on /home/airflow/.local/lib/python3.12/site-packages/airflow/example_dags/example_short_circuit_decorator.py
[2024-05-23T19:53:23.912+0000] {processor.py:830} INFO - Processing file /home/airflow/.local/lib/python3.12/site-packages/airflow/example_dags/example_short_circuit_decorator.py for tasks to queue
[2024-05-23T19:53:23.917+0000] {logging_mixin.py:188} INFO - [2024-05-23T19:53:23.916+0000] {dagbag.py:545} INFO - Filling up the DagBag from /home/airflow/.local/lib/python3.12/site-packages/airflow/example_dags/example_short_circuit_decorator.py
[2024-05-23T19:53:23.948+0000] {processor.py:840} INFO - DAG(s) 'example_short_circuit_decorator' retrieved from /home/airflow/.local/lib/python3.12/site-packages/airflow/example_dags/example_short_circuit_decorator.py
[2024-05-23T19:53:24.013+0000] {logging_mixin.py:188} INFO - [2024-05-23T19:53:24.013+0000] {dag.py:3096} INFO - Sync 1 DAGs
[2024-05-23T19:53:24.088+0000] {logging_mixin.py:188} INFO - [2024-05-23T19:53:24.087+0000] {dag.py:3954} INFO - Setting next_dagrun for example_short_circuit_decorator to 2024-05-22 00:00:00+00:00, run_after=2024-05-23 00:00:00+00:00
[2024-05-23T19:53:24.153+0000] {processor.py:183} INFO - Processing /home/airflow/.local/lib/python3.12/site-packages/airflow/example_dags/example_short_circuit_decorator.py took 0.256 seconds
[2024-05-23T19:53:54.650+0000] {processor.py:161} INFO - Started process (PID=12722) to work on /home/airflow/.local/lib/python3.12/site-packages/airflow/example_dags/example_short_circuit_decorator.py
[2024-05-23T19:53:54.651+0000] {processor.py:830} INFO - Processing file /home/airflow/.local/lib/python3.12/site-packages/airflow/example_dags/example_short_circuit_decorator.py for tasks to queue
[2024-05-23T19:53:54.654+0000] {logging_mixin.py:188} INFO - [2024-05-23T19:53:54.654+0000] {dagbag.py:545} INFO - Filling up the DagBag from /home/airflow/.local/lib/python3.12/site-packages/airflow/example_dags/example_short_circuit_decorator.py
[2024-05-23T19:53:54.668+0000] {processor.py:840} INFO - DAG(s) 'example_short_circuit_decorator' retrieved from /home/airflow/.local/lib/python3.12/site-packages/airflow/example_dags/example_short_circuit_decorator.py
[2024-05-23T19:53:54.703+0000] {logging_mixin.py:188} INFO - [2024-05-23T19:53:54.703+0000] {dag.py:3096} INFO - Sync 1 DAGs
[2024-05-23T19:53:54.735+0000] {logging_mixin.py:188} INFO - [2024-05-23T19:53:54.735+0000] {dag.py:3954} INFO - Setting next_dagrun for example_short_circuit_decorator to 2024-05-22 00:00:00+00:00, run_after=2024-05-23 00:00:00+00:00
[2024-05-23T19:53:54.763+0000] {processor.py:183} INFO - Processing /home/airflow/.local/lib/python3.12/site-packages/airflow/example_dags/example_short_circuit_decorator.py took 0.123 seconds
[2024-05-23T19:54:25.339+0000] {processor.py:161} INFO - Started process (PID=12984) to work on /home/airflow/.local/lib/python3.12/site-packages/airflow/example_dags/example_short_circuit_decorator.py
[2024-05-23T19:54:25.340+0000] {processor.py:830} INFO - Processing file /home/airflow/.local/lib/python3.12/site-packages/airflow/example_dags/example_short_circuit_decorator.py for tasks to queue
[2024-05-23T19:54:25.343+0000] {logging_mixin.py:188} INFO - [2024-05-23T19:54:25.342+0000] {dagbag.py:545} INFO - Filling up the DagBag from /home/airflow/.local/lib/python3.12/site-packages/airflow/example_dags/example_short_circuit_decorator.py
[2024-05-23T19:54:25.357+0000] {processor.py:840} INFO - DAG(s) 'example_short_circuit_decorator' retrieved from /home/airflow/.local/lib/python3.12/site-packages/airflow/example_dags/example_short_circuit_decorator.py
[2024-05-23T19:54:25.392+0000] {logging_mixin.py:188} INFO - [2024-05-23T19:54:25.392+0000] {dag.py:3096} INFO - Sync 1 DAGs
[2024-05-23T19:54:25.424+0000] {logging_mixin.py:188} INFO - [2024-05-23T19:54:25.424+0000] {dag.py:3954} INFO - Setting next_dagrun for example_short_circuit_decorator to 2024-05-22 00:00:00+00:00, run_after=2024-05-23 00:00:00+00:00
[2024-05-23T19:54:25.454+0000] {processor.py:183} INFO - Processing /home/airflow/.local/lib/python3.12/site-packages/airflow/example_dags/example_short_circuit_decorator.py took 0.123 seconds
[2024-05-23T19:54:56.090+0000] {processor.py:161} INFO - Started process (PID=13246) to work on /home/airflow/.local/lib/python3.12/site-packages/airflow/example_dags/example_short_circuit_decorator.py
[2024-05-23T19:54:56.092+0000] {processor.py:830} INFO - Processing file /home/airflow/.local/lib/python3.12/site-packages/airflow/example_dags/example_short_circuit_decorator.py for tasks to queue
[2024-05-23T19:54:56.094+0000] {logging_mixin.py:188} INFO - [2024-05-23T19:54:56.094+0000] {dagbag.py:545} INFO - Filling up the DagBag from /home/airflow/.local/lib/python3.12/site-packages/airflow/example_dags/example_short_circuit_decorator.py
[2024-05-23T19:54:56.107+0000] {processor.py:840} INFO - DAG(s) 'example_short_circuit_decorator' retrieved from /home/airflow/.local/lib/python3.12/site-packages/airflow/example_dags/example_short_circuit_decorator.py
[2024-05-23T19:54:56.137+0000] {logging_mixin.py:188} INFO - [2024-05-23T19:54:56.137+0000] {dag.py:3096} INFO - Sync 1 DAGs
[2024-05-23T19:54:56.166+0000] {logging_mixin.py:188} INFO - [2024-05-23T19:54:56.166+0000] {dag.py:3954} INFO - Setting next_dagrun for example_short_circuit_decorator to 2024-05-22 00:00:00+00:00, run_after=2024-05-23 00:00:00+00:00
[2024-05-23T19:54:56.191+0000] {processor.py:183} INFO - Processing /home/airflow/.local/lib/python3.12/site-packages/airflow/example_dags/example_short_circuit_decorator.py took 0.109 seconds
[2024-05-23T19:55:26.458+0000] {processor.py:161} INFO - Started process (PID=13508) to work on /home/airflow/.local/lib/python3.12/site-packages/airflow/example_dags/example_short_circuit_decorator.py
[2024-05-23T19:55:26.460+0000] {processor.py:830} INFO - Processing file /home/airflow/.local/lib/python3.12/site-packages/airflow/example_dags/example_short_circuit_decorator.py for tasks to queue
[2024-05-23T19:55:26.463+0000] {logging_mixin.py:188} INFO - [2024-05-23T19:55:26.462+0000] {dagbag.py:545} INFO - Filling up the DagBag from /home/airflow/.local/lib/python3.12/site-packages/airflow/example_dags/example_short_circuit_decorator.py
[2024-05-23T19:55:26.475+0000] {processor.py:840} INFO - DAG(s) 'example_short_circuit_decorator' retrieved from /home/airflow/.local/lib/python3.12/site-packages/airflow/example_dags/example_short_circuit_decorator.py
[2024-05-23T19:55:26.509+0000] {logging_mixin.py:188} INFO - [2024-05-23T19:55:26.509+0000] {dag.py:3096} INFO - Sync 1 DAGs
[2024-05-23T19:55:26.541+0000] {logging_mixin.py:188} INFO - [2024-05-23T19:55:26.541+0000] {dag.py:3954} INFO - Setting next_dagrun for example_short_circuit_decorator to 2024-05-22 00:00:00+00:00, run_after=2024-05-23 00:00:00+00:00
[2024-05-23T19:55:26.568+0000] {processor.py:183} INFO - Processing /home/airflow/.local/lib/python3.12/site-packages/airflow/example_dags/example_short_circuit_decorator.py took 0.118 seconds
[2024-05-23T19:55:56.807+0000] {processor.py:161} INFO - Started process (PID=13770) to work on /home/airflow/.local/lib/python3.12/site-packages/airflow/example_dags/example_short_circuit_decorator.py
[2024-05-23T19:55:56.808+0000] {processor.py:830} INFO - Processing file /home/airflow/.local/lib/python3.12/site-packages/airflow/example_dags/example_short_circuit_decorator.py for tasks to queue
[2024-05-23T19:55:56.811+0000] {logging_mixin.py:188} INFO - [2024-05-23T19:55:56.811+0000] {dagbag.py:545} INFO - Filling up the DagBag from /home/airflow/.local/lib/python3.12/site-packages/airflow/example_dags/example_short_circuit_decorator.py
[2024-05-23T19:55:56.824+0000] {processor.py:840} INFO - DAG(s) 'example_short_circuit_decorator' retrieved from /home/airflow/.local/lib/python3.12/site-packages/airflow/example_dags/example_short_circuit_decorator.py
[2024-05-23T19:55:56.860+0000] {logging_mixin.py:188} INFO - [2024-05-23T19:55:56.860+0000] {dag.py:3096} INFO - Sync 1 DAGs
[2024-05-23T19:55:56.890+0000] {logging_mixin.py:188} INFO - [2024-05-23T19:55:56.890+0000] {dag.py:3954} INFO - Setting next_dagrun for example_short_circuit_decorator to 2024-05-22 00:00:00+00:00, run_after=2024-05-23 00:00:00+00:00
[2024-05-23T19:55:56.914+0000] {processor.py:183} INFO - Processing /home/airflow/.local/lib/python3.12/site-packages/airflow/example_dags/example_short_circuit_decorator.py took 0.115 seconds
[2024-05-23T19:56:27.657+0000] {processor.py:161} INFO - Started process (PID=14026) to work on /home/airflow/.local/lib/python3.12/site-packages/airflow/example_dags/example_short_circuit_decorator.py
[2024-05-23T19:56:27.658+0000] {processor.py:830} INFO - Processing file /home/airflow/.local/lib/python3.12/site-packages/airflow/example_dags/example_short_circuit_decorator.py for tasks to queue
[2024-05-23T19:56:27.661+0000] {logging_mixin.py:188} INFO - [2024-05-23T19:56:27.660+0000] {dagbag.py:545} INFO - Filling up the DagBag from /home/airflow/.local/lib/python3.12/site-packages/airflow/example_dags/example_short_circuit_decorator.py
[2024-05-23T19:56:27.673+0000] {processor.py:840} INFO - DAG(s) 'example_short_circuit_decorator' retrieved from /home/airflow/.local/lib/python3.12/site-packages/airflow/example_dags/example_short_circuit_decorator.py
[2024-05-23T19:56:27.704+0000] {logging_mixin.py:188} INFO - [2024-05-23T19:56:27.703+0000] {dag.py:3096} INFO - Sync 1 DAGs
[2024-05-23T19:56:27.733+0000] {logging_mixin.py:188} INFO - [2024-05-23T19:56:27.732+0000] {dag.py:3954} INFO - Setting next_dagrun for example_short_circuit_decorator to 2024-05-22 00:00:00+00:00, run_after=2024-05-23 00:00:00+00:00
[2024-05-23T19:56:27.758+0000] {processor.py:183} INFO - Processing /home/airflow/.local/lib/python3.12/site-packages/airflow/example_dags/example_short_circuit_decorator.py took 0.110 seconds
[2024-05-23T19:56:58.412+0000] {processor.py:161} INFO - Started process (PID=14288) to work on /home/airflow/.local/lib/python3.12/site-packages/airflow/example_dags/example_short_circuit_decorator.py
[2024-05-23T19:56:58.413+0000] {processor.py:830} INFO - Processing file /home/airflow/.local/lib/python3.12/site-packages/airflow/example_dags/example_short_circuit_decorator.py for tasks to queue
[2024-05-23T19:56:58.416+0000] {logging_mixin.py:188} INFO - [2024-05-23T19:56:58.416+0000] {dagbag.py:545} INFO - Filling up the DagBag from /home/airflow/.local/lib/python3.12/site-packages/airflow/example_dags/example_short_circuit_decorator.py
[2024-05-23T19:56:58.428+0000] {processor.py:840} INFO - DAG(s) 'example_short_circuit_decorator' retrieved from /home/airflow/.local/lib/python3.12/site-packages/airflow/example_dags/example_short_circuit_decorator.py
[2024-05-23T19:56:58.462+0000] {logging_mixin.py:188} INFO - [2024-05-23T19:56:58.462+0000] {dag.py:3096} INFO - Sync 1 DAGs
[2024-05-23T19:56:58.493+0000] {logging_mixin.py:188} INFO - [2024-05-23T19:56:58.492+0000] {dag.py:3954} INFO - Setting next_dagrun for example_short_circuit_decorator to 2024-05-22 00:00:00+00:00, run_after=2024-05-23 00:00:00+00:00
[2024-05-23T19:56:58.517+0000] {processor.py:183} INFO - Processing /home/airflow/.local/lib/python3.12/site-packages/airflow/example_dags/example_short_circuit_decorator.py took 0.113 seconds
[2024-05-23T19:57:28.953+0000] {processor.py:161} INFO - Started process (PID=14550) to work on /home/airflow/.local/lib/python3.12/site-packages/airflow/example_dags/example_short_circuit_decorator.py
[2024-05-23T19:57:28.955+0000] {processor.py:830} INFO - Processing file /home/airflow/.local/lib/python3.12/site-packages/airflow/example_dags/example_short_circuit_decorator.py for tasks to queue
[2024-05-23T19:57:28.957+0000] {logging_mixin.py:188} INFO - [2024-05-23T19:57:28.957+0000] {dagbag.py:545} INFO - Filling up the DagBag from /home/airflow/.local/lib/python3.12/site-packages/airflow/example_dags/example_short_circuit_decorator.py
[2024-05-23T19:57:28.969+0000] {processor.py:840} INFO - DAG(s) 'example_short_circuit_decorator' retrieved from /home/airflow/.local/lib/python3.12/site-packages/airflow/example_dags/example_short_circuit_decorator.py
[2024-05-23T19:57:29.003+0000] {logging_mixin.py:188} INFO - [2024-05-23T19:57:29.002+0000] {dag.py:3096} INFO - Sync 1 DAGs
[2024-05-23T19:57:29.032+0000] {logging_mixin.py:188} INFO - [2024-05-23T19:57:29.032+0000] {dag.py:3954} INFO - Setting next_dagrun for example_short_circuit_decorator to 2024-05-22 00:00:00+00:00, run_after=2024-05-23 00:00:00+00:00
[2024-05-23T19:57:29.057+0000] {processor.py:183} INFO - Processing /home/airflow/.local/lib/python3.12/site-packages/airflow/example_dags/example_short_circuit_decorator.py took 0.112 seconds
[2024-05-23T19:58:12.636+0000] {processor.py:161} INFO - Started process (PID=14815) to work on /home/airflow/.local/lib/python3.12/site-packages/airflow/example_dags/example_short_circuit_decorator.py
[2024-05-23T19:58:12.637+0000] {processor.py:830} INFO - Processing file /home/airflow/.local/lib/python3.12/site-packages/airflow/example_dags/example_short_circuit_decorator.py for tasks to queue
[2024-05-23T19:58:12.640+0000] {logging_mixin.py:188} INFO - [2024-05-23T19:58:12.640+0000] {dagbag.py:545} INFO - Filling up the DagBag from /home/airflow/.local/lib/python3.12/site-packages/airflow/example_dags/example_short_circuit_decorator.py
[2024-05-23T19:58:12.656+0000] {processor.py:840} INFO - DAG(s) 'example_short_circuit_decorator' retrieved from /home/airflow/.local/lib/python3.12/site-packages/airflow/example_dags/example_short_circuit_decorator.py
[2024-05-23T19:58:12.689+0000] {logging_mixin.py:188} INFO - [2024-05-23T19:58:12.688+0000] {dag.py:3096} INFO - Sync 1 DAGs
[2024-05-23T19:58:12.723+0000] {logging_mixin.py:188} INFO - [2024-05-23T19:58:12.723+0000] {dag.py:3954} INFO - Setting next_dagrun for example_short_circuit_decorator to 2024-05-22 00:00:00+00:00, run_after=2024-05-23 00:00:00+00:00
[2024-05-23T19:58:12.747+0000] {processor.py:183} INFO - Processing /home/airflow/.local/lib/python3.12/site-packages/airflow/example_dags/example_short_circuit_decorator.py took 0.120 seconds
[2024-05-23T20:03:44.625+0000] {processor.py:161} INFO - Started process (PID=15148) to work on /home/airflow/.local/lib/python3.12/site-packages/airflow/example_dags/example_short_circuit_decorator.py
[2024-05-23T20:03:44.627+0000] {processor.py:830} INFO - Processing file /home/airflow/.local/lib/python3.12/site-packages/airflow/example_dags/example_short_circuit_decorator.py for tasks to queue
[2024-05-23T20:03:44.628+0000] {logging_mixin.py:188} INFO - [2024-05-23T20:03:44.628+0000] {dagbag.py:545} INFO - Filling up the DagBag from /home/airflow/.local/lib/python3.12/site-packages/airflow/example_dags/example_short_circuit_decorator.py
[2024-05-23T20:03:44.641+0000] {processor.py:840} INFO - DAG(s) 'example_short_circuit_decorator' retrieved from /home/airflow/.local/lib/python3.12/site-packages/airflow/example_dags/example_short_circuit_decorator.py
[2024-05-23T20:03:44.672+0000] {logging_mixin.py:188} INFO - [2024-05-23T20:03:44.671+0000] {dag.py:3096} INFO - Sync 1 DAGs
[2024-05-23T20:03:44.697+0000] {logging_mixin.py:188} INFO - [2024-05-23T20:03:44.697+0000] {dag.py:3954} INFO - Setting next_dagrun for example_short_circuit_decorator to 2024-05-22 00:00:00+00:00, run_after=2024-05-23 00:00:00+00:00
[2024-05-23T20:03:44.719+0000] {processor.py:183} INFO - Processing /home/airflow/.local/lib/python3.12/site-packages/airflow/example_dags/example_short_circuit_decorator.py took 0.102 seconds
[2024-05-23T20:04:25.276+0000] {processor.py:161} INFO - Started process (PID=15410) to work on /home/airflow/.local/lib/python3.12/site-packages/airflow/example_dags/example_short_circuit_decorator.py
[2024-05-23T20:04:25.282+0000] {processor.py:830} INFO - Processing file /home/airflow/.local/lib/python3.12/site-packages/airflow/example_dags/example_short_circuit_decorator.py for tasks to queue
[2024-05-23T20:04:25.288+0000] {logging_mixin.py:188} INFO - [2024-05-23T20:04:25.286+0000] {dagbag.py:545} INFO - Filling up the DagBag from /home/airflow/.local/lib/python3.12/site-packages/airflow/example_dags/example_short_circuit_decorator.py
[2024-05-23T20:04:25.344+0000] {processor.py:840} INFO - DAG(s) 'example_short_circuit_decorator' retrieved from /home/airflow/.local/lib/python3.12/site-packages/airflow/example_dags/example_short_circuit_decorator.py
[2024-05-23T20:04:25.480+0000] {logging_mixin.py:188} INFO - [2024-05-23T20:04:25.479+0000] {dag.py:3096} INFO - Sync 1 DAGs
[2024-05-23T20:04:25.590+0000] {logging_mixin.py:188} INFO - [2024-05-23T20:04:25.589+0000] {dag.py:3954} INFO - Setting next_dagrun for example_short_circuit_decorator to 2024-05-22 00:00:00+00:00, run_after=2024-05-23 00:00:00+00:00
[2024-05-23T20:04:25.680+0000] {processor.py:183} INFO - Processing /home/airflow/.local/lib/python3.12/site-packages/airflow/example_dags/example_short_circuit_decorator.py took 0.441 seconds
[2024-05-23T20:08:15.853+0000] {processor.py:161} INFO - Started process (PID=15673) to work on /home/airflow/.local/lib/python3.12/site-packages/airflow/example_dags/example_short_circuit_decorator.py
[2024-05-23T20:08:15.855+0000] {processor.py:830} INFO - Processing file /home/airflow/.local/lib/python3.12/site-packages/airflow/example_dags/example_short_circuit_decorator.py for tasks to queue
[2024-05-23T20:08:15.856+0000] {logging_mixin.py:188} INFO - [2024-05-23T20:08:15.856+0000] {dagbag.py:545} INFO - Filling up the DagBag from /home/airflow/.local/lib/python3.12/site-packages/airflow/example_dags/example_short_circuit_decorator.py
[2024-05-23T20:08:15.868+0000] {processor.py:840} INFO - DAG(s) 'example_short_circuit_decorator' retrieved from /home/airflow/.local/lib/python3.12/site-packages/airflow/example_dags/example_short_circuit_decorator.py
[2024-05-23T20:08:15.903+0000] {logging_mixin.py:188} INFO - [2024-05-23T20:08:15.903+0000] {dag.py:3096} INFO - Sync 1 DAGs
[2024-05-23T20:08:15.934+0000] {logging_mixin.py:188} INFO - [2024-05-23T20:08:15.933+0000] {dag.py:3954} INFO - Setting next_dagrun for example_short_circuit_decorator to 2024-05-22 00:00:00+00:00, run_after=2024-05-23 00:00:00+00:00
[2024-05-23T20:08:15.960+0000] {processor.py:183} INFO - Processing /home/airflow/.local/lib/python3.12/site-packages/airflow/example_dags/example_short_circuit_decorator.py took 0.117 seconds
[2024-05-23T20:08:46.236+0000] {processor.py:161} INFO - Started process (PID=15935) to work on /home/airflow/.local/lib/python3.12/site-packages/airflow/example_dags/example_short_circuit_decorator.py
[2024-05-23T20:08:46.237+0000] {processor.py:830} INFO - Processing file /home/airflow/.local/lib/python3.12/site-packages/airflow/example_dags/example_short_circuit_decorator.py for tasks to queue
[2024-05-23T20:08:46.239+0000] {logging_mixin.py:188} INFO - [2024-05-23T20:08:46.239+0000] {dagbag.py:545} INFO - Filling up the DagBag from /home/airflow/.local/lib/python3.12/site-packages/airflow/example_dags/example_short_circuit_decorator.py
[2024-05-23T20:08:46.252+0000] {processor.py:840} INFO - DAG(s) 'example_short_circuit_decorator' retrieved from /home/airflow/.local/lib/python3.12/site-packages/airflow/example_dags/example_short_circuit_decorator.py
[2024-05-23T20:08:46.287+0000] {logging_mixin.py:188} INFO - [2024-05-23T20:08:46.287+0000] {dag.py:3096} INFO - Sync 1 DAGs
[2024-05-23T20:08:46.317+0000] {logging_mixin.py:188} INFO - [2024-05-23T20:08:46.317+0000] {dag.py:3954} INFO - Setting next_dagrun for example_short_circuit_decorator to 2024-05-22 00:00:00+00:00, run_after=2024-05-23 00:00:00+00:00
[2024-05-23T20:08:46.343+0000] {processor.py:183} INFO - Processing /home/airflow/.local/lib/python3.12/site-packages/airflow/example_dags/example_short_circuit_decorator.py took 0.115 seconds
[2024-05-23T20:09:16.542+0000] {processor.py:161} INFO - Started process (PID=16197) to work on /home/airflow/.local/lib/python3.12/site-packages/airflow/example_dags/example_short_circuit_decorator.py
[2024-05-23T20:09:16.544+0000] {processor.py:830} INFO - Processing file /home/airflow/.local/lib/python3.12/site-packages/airflow/example_dags/example_short_circuit_decorator.py for tasks to queue
[2024-05-23T20:09:16.545+0000] {logging_mixin.py:188} INFO - [2024-05-23T20:09:16.545+0000] {dagbag.py:545} INFO - Filling up the DagBag from /home/airflow/.local/lib/python3.12/site-packages/airflow/example_dags/example_short_circuit_decorator.py
[2024-05-23T20:09:16.559+0000] {processor.py:840} INFO - DAG(s) 'example_short_circuit_decorator' retrieved from /home/airflow/.local/lib/python3.12/site-packages/airflow/example_dags/example_short_circuit_decorator.py
[2024-05-23T20:09:16.594+0000] {logging_mixin.py:188} INFO - [2024-05-23T20:09:16.594+0000] {dag.py:3096} INFO - Sync 1 DAGs
[2024-05-23T20:09:16.624+0000] {logging_mixin.py:188} INFO - [2024-05-23T20:09:16.624+0000] {dag.py:3954} INFO - Setting next_dagrun for example_short_circuit_decorator to 2024-05-22 00:00:00+00:00, run_after=2024-05-23 00:00:00+00:00
[2024-05-23T20:09:16.648+0000] {processor.py:183} INFO - Processing /home/airflow/.local/lib/python3.12/site-packages/airflow/example_dags/example_short_circuit_decorator.py took 0.115 seconds
[2024-05-23T20:09:46.991+0000] {processor.py:161} INFO - Started process (PID=16459) to work on /home/airflow/.local/lib/python3.12/site-packages/airflow/example_dags/example_short_circuit_decorator.py
[2024-05-23T20:09:46.993+0000] {processor.py:830} INFO - Processing file /home/airflow/.local/lib/python3.12/site-packages/airflow/example_dags/example_short_circuit_decorator.py for tasks to queue
[2024-05-23T20:09:46.994+0000] {logging_mixin.py:188} INFO - [2024-05-23T20:09:46.994+0000] {dagbag.py:545} INFO - Filling up the DagBag from /home/airflow/.local/lib/python3.12/site-packages/airflow/example_dags/example_short_circuit_decorator.py
[2024-05-23T20:09:47.008+0000] {processor.py:840} INFO - DAG(s) 'example_short_circuit_decorator' retrieved from /home/airflow/.local/lib/python3.12/site-packages/airflow/example_dags/example_short_circuit_decorator.py
[2024-05-23T20:09:47.041+0000] {logging_mixin.py:188} INFO - [2024-05-23T20:09:47.041+0000] {dag.py:3096} INFO - Sync 1 DAGs
[2024-05-23T20:09:47.070+0000] {logging_mixin.py:188} INFO - [2024-05-23T20:09:47.070+0000] {dag.py:3954} INFO - Setting next_dagrun for example_short_circuit_decorator to 2024-05-22 00:00:00+00:00, run_after=2024-05-23 00:00:00+00:00
[2024-05-23T20:09:47.095+0000] {processor.py:183} INFO - Processing /home/airflow/.local/lib/python3.12/site-packages/airflow/example_dags/example_short_circuit_decorator.py took 0.113 seconds
[2024-05-23T20:10:17.397+0000] {processor.py:161} INFO - Started process (PID=16721) to work on /home/airflow/.local/lib/python3.12/site-packages/airflow/example_dags/example_short_circuit_decorator.py
[2024-05-23T20:10:17.403+0000] {processor.py:830} INFO - Processing file /home/airflow/.local/lib/python3.12/site-packages/airflow/example_dags/example_short_circuit_decorator.py for tasks to queue
[2024-05-23T20:10:17.409+0000] {logging_mixin.py:188} INFO - [2024-05-23T20:10:17.408+0000] {dagbag.py:545} INFO - Filling up the DagBag from /home/airflow/.local/lib/python3.12/site-packages/airflow/example_dags/example_short_circuit_decorator.py
[2024-05-23T20:10:17.491+0000] {processor.py:840} INFO - DAG(s) 'example_short_circuit_decorator' retrieved from /home/airflow/.local/lib/python3.12/site-packages/airflow/example_dags/example_short_circuit_decorator.py
[2024-05-23T20:10:17.599+0000] {logging_mixin.py:188} INFO - [2024-05-23T20:10:17.581+0000] {dag.py:3096} INFO - Sync 1 DAGs
[2024-05-23T20:10:17.689+0000] {logging_mixin.py:188} INFO - [2024-05-23T20:10:17.689+0000] {dag.py:3954} INFO - Setting next_dagrun for example_short_circuit_decorator to 2024-05-22 00:00:00+00:00, run_after=2024-05-23 00:00:00+00:00
[2024-05-23T20:10:17.723+0000] {processor.py:183} INFO - Processing /home/airflow/.local/lib/python3.12/site-packages/airflow/example_dags/example_short_circuit_decorator.py took 0.344 seconds
[2024-05-23T20:10:48.534+0000] {processor.py:161} INFO - Started process (PID=16983) to work on /home/airflow/.local/lib/python3.12/site-packages/airflow/example_dags/example_short_circuit_decorator.py
[2024-05-23T20:10:48.536+0000] {processor.py:830} INFO - Processing file /home/airflow/.local/lib/python3.12/site-packages/airflow/example_dags/example_short_circuit_decorator.py for tasks to queue
[2024-05-23T20:10:48.537+0000] {logging_mixin.py:188} INFO - [2024-05-23T20:10:48.537+0000] {dagbag.py:545} INFO - Filling up the DagBag from /home/airflow/.local/lib/python3.12/site-packages/airflow/example_dags/example_short_circuit_decorator.py
[2024-05-23T20:10:48.549+0000] {processor.py:840} INFO - DAG(s) 'example_short_circuit_decorator' retrieved from /home/airflow/.local/lib/python3.12/site-packages/airflow/example_dags/example_short_circuit_decorator.py
[2024-05-23T20:10:48.581+0000] {logging_mixin.py:188} INFO - [2024-05-23T20:10:48.581+0000] {dag.py:3096} INFO - Sync 1 DAGs
[2024-05-23T20:10:48.609+0000] {logging_mixin.py:188} INFO - [2024-05-23T20:10:48.609+0000] {dag.py:3954} INFO - Setting next_dagrun for example_short_circuit_decorator to 2024-05-22 00:00:00+00:00, run_after=2024-05-23 00:00:00+00:00
[2024-05-23T20:10:48.636+0000] {processor.py:183} INFO - Processing /home/airflow/.local/lib/python3.12/site-packages/airflow/example_dags/example_short_circuit_decorator.py took 0.110 seconds
[2024-05-23T20:11:19.540+0000] {processor.py:161} INFO - Started process (PID=17244) to work on /home/airflow/.local/lib/python3.12/site-packages/airflow/example_dags/example_short_circuit_decorator.py
[2024-05-23T20:11:19.542+0000] {processor.py:830} INFO - Processing file /home/airflow/.local/lib/python3.12/site-packages/airflow/example_dags/example_short_circuit_decorator.py for tasks to queue
[2024-05-23T20:11:19.547+0000] {logging_mixin.py:188} INFO - [2024-05-23T20:11:19.546+0000] {dagbag.py:545} INFO - Filling up the DagBag from /home/airflow/.local/lib/python3.12/site-packages/airflow/example_dags/example_short_circuit_decorator.py
[2024-05-23T20:11:19.558+0000] {processor.py:840} INFO - DAG(s) 'example_short_circuit_decorator' retrieved from /home/airflow/.local/lib/python3.12/site-packages/airflow/example_dags/example_short_circuit_decorator.py
[2024-05-23T20:11:19.589+0000] {logging_mixin.py:188} INFO - [2024-05-23T20:11:19.589+0000] {dag.py:3096} INFO - Sync 1 DAGs
[2024-05-23T20:11:19.616+0000] {logging_mixin.py:188} INFO - [2024-05-23T20:11:19.616+0000] {dag.py:3954} INFO - Setting next_dagrun for example_short_circuit_decorator to 2024-05-22 00:00:00+00:00, run_after=2024-05-23 00:00:00+00:00
[2024-05-23T20:11:19.639+0000] {processor.py:183} INFO - Processing /home/airflow/.local/lib/python3.12/site-packages/airflow/example_dags/example_short_circuit_decorator.py took 0.107 seconds
[2024-05-23T20:11:49.771+0000] {processor.py:161} INFO - Started process (PID=17506) to work on /home/airflow/.local/lib/python3.12/site-packages/airflow/example_dags/example_short_circuit_decorator.py
[2024-05-23T20:11:49.772+0000] {processor.py:830} INFO - Processing file /home/airflow/.local/lib/python3.12/site-packages/airflow/example_dags/example_short_circuit_decorator.py for tasks to queue
[2024-05-23T20:11:49.773+0000] {logging_mixin.py:188} INFO - [2024-05-23T20:11:49.773+0000] {dagbag.py:545} INFO - Filling up the DagBag from /home/airflow/.local/lib/python3.12/site-packages/airflow/example_dags/example_short_circuit_decorator.py
[2024-05-23T20:11:49.785+0000] {processor.py:840} INFO - DAG(s) 'example_short_circuit_decorator' retrieved from /home/airflow/.local/lib/python3.12/site-packages/airflow/example_dags/example_short_circuit_decorator.py
[2024-05-23T20:11:49.817+0000] {logging_mixin.py:188} INFO - [2024-05-23T20:11:49.816+0000] {dag.py:3096} INFO - Sync 1 DAGs
[2024-05-23T20:11:49.846+0000] {logging_mixin.py:188} INFO - [2024-05-23T20:11:49.846+0000] {dag.py:3954} INFO - Setting next_dagrun for example_short_circuit_decorator to 2024-05-22 00:00:00+00:00, run_after=2024-05-23 00:00:00+00:00
[2024-05-23T20:11:49.873+0000] {processor.py:183} INFO - Processing /home/airflow/.local/lib/python3.12/site-packages/airflow/example_dags/example_short_circuit_decorator.py took 0.111 seconds
[2024-05-23T20:12:21.141+0000] {processor.py:161} INFO - Started process (PID=17768) to work on /home/airflow/.local/lib/python3.12/site-packages/airflow/example_dags/example_short_circuit_decorator.py
[2024-05-23T20:12:21.143+0000] {processor.py:830} INFO - Processing file /home/airflow/.local/lib/python3.12/site-packages/airflow/example_dags/example_short_circuit_decorator.py for tasks to queue
[2024-05-23T20:12:21.144+0000] {logging_mixin.py:188} INFO - [2024-05-23T20:12:21.143+0000] {dagbag.py:545} INFO - Filling up the DagBag from /home/airflow/.local/lib/python3.12/site-packages/airflow/example_dags/example_short_circuit_decorator.py
[2024-05-23T20:12:21.157+0000] {processor.py:840} INFO - DAG(s) 'example_short_circuit_decorator' retrieved from /home/airflow/.local/lib/python3.12/site-packages/airflow/example_dags/example_short_circuit_decorator.py
[2024-05-23T20:12:21.193+0000] {logging_mixin.py:188} INFO - [2024-05-23T20:12:21.192+0000] {dag.py:3096} INFO - Sync 1 DAGs
[2024-05-23T20:12:21.223+0000] {logging_mixin.py:188} INFO - [2024-05-23T20:12:21.223+0000] {dag.py:3954} INFO - Setting next_dagrun for example_short_circuit_decorator to 2024-05-22 00:00:00+00:00, run_after=2024-05-23 00:00:00+00:00
[2024-05-23T20:12:21.249+0000] {processor.py:183} INFO - Processing /home/airflow/.local/lib/python3.12/site-packages/airflow/example_dags/example_short_circuit_decorator.py took 0.118 seconds
[2024-05-23T20:12:51.511+0000] {processor.py:161} INFO - Started process (PID=18030) to work on /home/airflow/.local/lib/python3.12/site-packages/airflow/example_dags/example_short_circuit_decorator.py
[2024-05-23T20:12:51.513+0000] {processor.py:830} INFO - Processing file /home/airflow/.local/lib/python3.12/site-packages/airflow/example_dags/example_short_circuit_decorator.py for tasks to queue
[2024-05-23T20:12:51.514+0000] {logging_mixin.py:188} INFO - [2024-05-23T20:12:51.514+0000] {dagbag.py:545} INFO - Filling up the DagBag from /home/airflow/.local/lib/python3.12/site-packages/airflow/example_dags/example_short_circuit_decorator.py
[2024-05-23T20:12:51.530+0000] {processor.py:840} INFO - DAG(s) 'example_short_circuit_decorator' retrieved from /home/airflow/.local/lib/python3.12/site-packages/airflow/example_dags/example_short_circuit_decorator.py
[2024-05-23T20:12:51.568+0000] {logging_mixin.py:188} INFO - [2024-05-23T20:12:51.567+0000] {dag.py:3096} INFO - Sync 1 DAGs
[2024-05-23T20:12:51.601+0000] {logging_mixin.py:188} INFO - [2024-05-23T20:12:51.601+0000] {dag.py:3954} INFO - Setting next_dagrun for example_short_circuit_decorator to 2024-05-22 00:00:00+00:00, run_after=2024-05-23 00:00:00+00:00
[2024-05-23T20:12:51.629+0000] {processor.py:183} INFO - Processing /home/airflow/.local/lib/python3.12/site-packages/airflow/example_dags/example_short_circuit_decorator.py took 0.128 seconds
[2024-05-23T20:13:21.827+0000] {processor.py:161} INFO - Started process (PID=18292) to work on /home/airflow/.local/lib/python3.12/site-packages/airflow/example_dags/example_short_circuit_decorator.py
[2024-05-23T20:13:21.828+0000] {processor.py:830} INFO - Processing file /home/airflow/.local/lib/python3.12/site-packages/airflow/example_dags/example_short_circuit_decorator.py for tasks to queue
[2024-05-23T20:13:21.830+0000] {logging_mixin.py:188} INFO - [2024-05-23T20:13:21.829+0000] {dagbag.py:545} INFO - Filling up the DagBag from /home/airflow/.local/lib/python3.12/site-packages/airflow/example_dags/example_short_circuit_decorator.py
[2024-05-23T20:13:21.841+0000] {processor.py:840} INFO - DAG(s) 'example_short_circuit_decorator' retrieved from /home/airflow/.local/lib/python3.12/site-packages/airflow/example_dags/example_short_circuit_decorator.py
[2024-05-23T20:13:21.874+0000] {logging_mixin.py:188} INFO - [2024-05-23T20:13:21.873+0000] {dag.py:3096} INFO - Sync 1 DAGs
[2024-05-23T20:13:21.900+0000] {logging_mixin.py:188} INFO - [2024-05-23T20:13:21.900+0000] {dag.py:3954} INFO - Setting next_dagrun for example_short_circuit_decorator to 2024-05-22 00:00:00+00:00, run_after=2024-05-23 00:00:00+00:00
[2024-05-23T20:13:21.923+0000] {processor.py:183} INFO - Processing /home/airflow/.local/lib/python3.12/site-packages/airflow/example_dags/example_short_circuit_decorator.py took 0.104 seconds
