[2024-05-23T19:29:56.797+0000] {processor.py:161} INFO - Started process (PID=377) to work on /home/airflow/.local/lib/python3.12/site-packages/airflow/example_dags/example_trigger_target_dag.py
[2024-05-23T19:29:56.799+0000] {processor.py:830} INFO - Processing file /home/airflow/.local/lib/python3.12/site-packages/airflow/example_dags/example_trigger_target_dag.py for tasks to queue
[2024-05-23T19:29:56.804+0000] {logging_mixin.py:188} INFO - [2024-05-23T19:29:56.803+0000] {dagbag.py:545} INFO - Filling up the DagBag from /home/airflow/.local/lib/python3.12/site-packages/airflow/example_dags/example_trigger_target_dag.py
[2024-05-23T19:29:56.815+0000] {processor.py:840} INFO - DAG(s) 'example_trigger_target_dag' retrieved from /home/airflow/.local/lib/python3.12/site-packages/airflow/example_dags/example_trigger_target_dag.py
[2024-05-23T19:29:57.037+0000] {logging_mixin.py:188} INFO - [2024-05-23T19:29:57.036+0000] {dag.py:3096} INFO - Sync 1 DAGs
[2024-05-23T19:29:57.116+0000] {logging_mixin.py:188} INFO - [2024-05-23T19:29:57.115+0000] {dag.py:3954} INFO - Setting next_dagrun for example_trigger_target_dag to None, run_after=None
[2024-05-23T19:29:57.162+0000] {processor.py:183} INFO - Processing /home/airflow/.local/lib/python3.12/site-packages/airflow/example_dags/example_trigger_target_dag.py took 0.377 seconds
[2024-05-23T19:30:27.321+0000] {processor.py:161} INFO - Started process (PID=641) to work on /home/airflow/.local/lib/python3.12/site-packages/airflow/example_dags/example_trigger_target_dag.py
[2024-05-23T19:30:27.323+0000] {processor.py:830} INFO - Processing file /home/airflow/.local/lib/python3.12/site-packages/airflow/example_dags/example_trigger_target_dag.py for tasks to queue
[2024-05-23T19:30:27.326+0000] {logging_mixin.py:188} INFO - [2024-05-23T19:30:27.326+0000] {dagbag.py:545} INFO - Filling up the DagBag from /home/airflow/.local/lib/python3.12/site-packages/airflow/example_dags/example_trigger_target_dag.py
[2024-05-23T19:30:27.335+0000] {processor.py:840} INFO - DAG(s) 'example_trigger_target_dag' retrieved from /home/airflow/.local/lib/python3.12/site-packages/airflow/example_dags/example_trigger_target_dag.py
[2024-05-23T19:30:27.369+0000] {logging_mixin.py:188} INFO - [2024-05-23T19:30:27.368+0000] {dag.py:3096} INFO - Sync 1 DAGs
[2024-05-23T19:30:27.390+0000] {logging_mixin.py:188} INFO - [2024-05-23T19:30:27.390+0000] {dag.py:3954} INFO - Setting next_dagrun for example_trigger_target_dag to None, run_after=None
[2024-05-23T19:30:27.419+0000] {processor.py:183} INFO - Processing /home/airflow/.local/lib/python3.12/site-packages/airflow/example_dags/example_trigger_target_dag.py took 0.108 seconds
[2024-05-23T19:30:57.870+0000] {processor.py:161} INFO - Started process (PID=901) to work on /home/airflow/.local/lib/python3.12/site-packages/airflow/example_dags/example_trigger_target_dag.py
[2024-05-23T19:30:57.873+0000] {processor.py:830} INFO - Processing file /home/airflow/.local/lib/python3.12/site-packages/airflow/example_dags/example_trigger_target_dag.py for tasks to queue
[2024-05-23T19:30:57.877+0000] {logging_mixin.py:188} INFO - [2024-05-23T19:30:57.876+0000] {dagbag.py:545} INFO - Filling up the DagBag from /home/airflow/.local/lib/python3.12/site-packages/airflow/example_dags/example_trigger_target_dag.py
[2024-05-23T19:30:57.890+0000] {processor.py:840} INFO - DAG(s) 'example_trigger_target_dag' retrieved from /home/airflow/.local/lib/python3.12/site-packages/airflow/example_dags/example_trigger_target_dag.py
[2024-05-23T19:30:57.932+0000] {logging_mixin.py:188} INFO - [2024-05-23T19:30:57.932+0000] {dag.py:3096} INFO - Sync 1 DAGs
[2024-05-23T19:30:57.960+0000] {logging_mixin.py:188} INFO - [2024-05-23T19:30:57.960+0000] {dag.py:3954} INFO - Setting next_dagrun for example_trigger_target_dag to None, run_after=None
[2024-05-23T19:30:57.999+0000] {processor.py:183} INFO - Processing /home/airflow/.local/lib/python3.12/site-packages/airflow/example_dags/example_trigger_target_dag.py took 0.143 seconds
[2024-05-23T19:31:28.891+0000] {processor.py:161} INFO - Started process (PID=1163) to work on /home/airflow/.local/lib/python3.12/site-packages/airflow/example_dags/example_trigger_target_dag.py
[2024-05-23T19:31:28.893+0000] {processor.py:830} INFO - Processing file /home/airflow/.local/lib/python3.12/site-packages/airflow/example_dags/example_trigger_target_dag.py for tasks to queue
[2024-05-23T19:31:28.896+0000] {logging_mixin.py:188} INFO - [2024-05-23T19:31:28.895+0000] {dagbag.py:545} INFO - Filling up the DagBag from /home/airflow/.local/lib/python3.12/site-packages/airflow/example_dags/example_trigger_target_dag.py
[2024-05-23T19:31:28.905+0000] {processor.py:840} INFO - DAG(s) 'example_trigger_target_dag' retrieved from /home/airflow/.local/lib/python3.12/site-packages/airflow/example_dags/example_trigger_target_dag.py
[2024-05-23T19:31:28.937+0000] {logging_mixin.py:188} INFO - [2024-05-23T19:31:28.937+0000] {dag.py:3096} INFO - Sync 1 DAGs
[2024-05-23T19:31:28.957+0000] {logging_mixin.py:188} INFO - [2024-05-23T19:31:28.957+0000] {dag.py:3954} INFO - Setting next_dagrun for example_trigger_target_dag to None, run_after=None
[2024-05-23T19:31:28.987+0000] {processor.py:183} INFO - Processing /home/airflow/.local/lib/python3.12/site-packages/airflow/example_dags/example_trigger_target_dag.py took 0.105 seconds
[2024-05-23T19:31:59.219+0000] {processor.py:161} INFO - Started process (PID=1425) to work on /home/airflow/.local/lib/python3.12/site-packages/airflow/example_dags/example_trigger_target_dag.py
[2024-05-23T19:31:59.221+0000] {processor.py:830} INFO - Processing file /home/airflow/.local/lib/python3.12/site-packages/airflow/example_dags/example_trigger_target_dag.py for tasks to queue
[2024-05-23T19:31:59.224+0000] {logging_mixin.py:188} INFO - [2024-05-23T19:31:59.223+0000] {dagbag.py:545} INFO - Filling up the DagBag from /home/airflow/.local/lib/python3.12/site-packages/airflow/example_dags/example_trigger_target_dag.py
[2024-05-23T19:31:59.233+0000] {processor.py:840} INFO - DAG(s) 'example_trigger_target_dag' retrieved from /home/airflow/.local/lib/python3.12/site-packages/airflow/example_dags/example_trigger_target_dag.py
[2024-05-23T19:31:59.262+0000] {logging_mixin.py:188} INFO - [2024-05-23T19:31:59.262+0000] {dag.py:3096} INFO - Sync 1 DAGs
[2024-05-23T19:31:59.282+0000] {logging_mixin.py:188} INFO - [2024-05-23T19:31:59.282+0000] {dag.py:3954} INFO - Setting next_dagrun for example_trigger_target_dag to None, run_after=None
[2024-05-23T19:31:59.310+0000] {processor.py:183} INFO - Processing /home/airflow/.local/lib/python3.12/site-packages/airflow/example_dags/example_trigger_target_dag.py took 0.100 seconds
[2024-05-23T19:32:29.842+0000] {processor.py:161} INFO - Started process (PID=1687) to work on /home/airflow/.local/lib/python3.12/site-packages/airflow/example_dags/example_trigger_target_dag.py
[2024-05-23T19:32:29.844+0000] {processor.py:830} INFO - Processing file /home/airflow/.local/lib/python3.12/site-packages/airflow/example_dags/example_trigger_target_dag.py for tasks to queue
[2024-05-23T19:32:29.847+0000] {logging_mixin.py:188} INFO - [2024-05-23T19:32:29.846+0000] {dagbag.py:545} INFO - Filling up the DagBag from /home/airflow/.local/lib/python3.12/site-packages/airflow/example_dags/example_trigger_target_dag.py
[2024-05-23T19:32:29.857+0000] {processor.py:840} INFO - DAG(s) 'example_trigger_target_dag' retrieved from /home/airflow/.local/lib/python3.12/site-packages/airflow/example_dags/example_trigger_target_dag.py
[2024-05-23T19:32:29.890+0000] {logging_mixin.py:188} INFO - [2024-05-23T19:32:29.890+0000] {dag.py:3096} INFO - Sync 1 DAGs
[2024-05-23T19:32:29.912+0000] {logging_mixin.py:188} INFO - [2024-05-23T19:32:29.912+0000] {dag.py:3954} INFO - Setting next_dagrun for example_trigger_target_dag to None, run_after=None
[2024-05-23T19:32:29.943+0000] {processor.py:183} INFO - Processing /home/airflow/.local/lib/python3.12/site-packages/airflow/example_dags/example_trigger_target_dag.py took 0.111 seconds
[2024-05-23T19:33:00.085+0000] {processor.py:161} INFO - Started process (PID=1949) to work on /home/airflow/.local/lib/python3.12/site-packages/airflow/example_dags/example_trigger_target_dag.py
[2024-05-23T19:33:00.087+0000] {processor.py:830} INFO - Processing file /home/airflow/.local/lib/python3.12/site-packages/airflow/example_dags/example_trigger_target_dag.py for tasks to queue
[2024-05-23T19:33:00.090+0000] {logging_mixin.py:188} INFO - [2024-05-23T19:33:00.090+0000] {dagbag.py:545} INFO - Filling up the DagBag from /home/airflow/.local/lib/python3.12/site-packages/airflow/example_dags/example_trigger_target_dag.py
[2024-05-23T19:33:00.099+0000] {processor.py:840} INFO - DAG(s) 'example_trigger_target_dag' retrieved from /home/airflow/.local/lib/python3.12/site-packages/airflow/example_dags/example_trigger_target_dag.py
[2024-05-23T19:33:00.128+0000] {logging_mixin.py:188} INFO - [2024-05-23T19:33:00.128+0000] {dag.py:3096} INFO - Sync 1 DAGs
[2024-05-23T19:33:00.147+0000] {logging_mixin.py:188} INFO - [2024-05-23T19:33:00.147+0000] {dag.py:3954} INFO - Setting next_dagrun for example_trigger_target_dag to None, run_after=None
[2024-05-23T19:33:00.175+0000] {processor.py:183} INFO - Processing /home/airflow/.local/lib/python3.12/site-packages/airflow/example_dags/example_trigger_target_dag.py took 0.099 seconds
[2024-05-23T19:33:30.615+0000] {processor.py:161} INFO - Started process (PID=2211) to work on /home/airflow/.local/lib/python3.12/site-packages/airflow/example_dags/example_trigger_target_dag.py
[2024-05-23T19:33:30.617+0000] {processor.py:830} INFO - Processing file /home/airflow/.local/lib/python3.12/site-packages/airflow/example_dags/example_trigger_target_dag.py for tasks to queue
[2024-05-23T19:33:30.620+0000] {logging_mixin.py:188} INFO - [2024-05-23T19:33:30.619+0000] {dagbag.py:545} INFO - Filling up the DagBag from /home/airflow/.local/lib/python3.12/site-packages/airflow/example_dags/example_trigger_target_dag.py
[2024-05-23T19:33:30.632+0000] {processor.py:840} INFO - DAG(s) 'example_trigger_target_dag' retrieved from /home/airflow/.local/lib/python3.12/site-packages/airflow/example_dags/example_trigger_target_dag.py
[2024-05-23T19:33:30.666+0000] {logging_mixin.py:188} INFO - [2024-05-23T19:33:30.665+0000] {dag.py:3096} INFO - Sync 1 DAGs
[2024-05-23T19:33:30.688+0000] {logging_mixin.py:188} INFO - [2024-05-23T19:33:30.688+0000] {dag.py:3954} INFO - Setting next_dagrun for example_trigger_target_dag to None, run_after=None
[2024-05-23T19:33:30.727+0000] {processor.py:183} INFO - Processing /home/airflow/.local/lib/python3.12/site-packages/airflow/example_dags/example_trigger_target_dag.py took 0.122 seconds
[2024-05-23T19:34:01.271+0000] {processor.py:161} INFO - Started process (PID=2473) to work on /home/airflow/.local/lib/python3.12/site-packages/airflow/example_dags/example_trigger_target_dag.py
[2024-05-23T19:34:01.273+0000] {processor.py:830} INFO - Processing file /home/airflow/.local/lib/python3.12/site-packages/airflow/example_dags/example_trigger_target_dag.py for tasks to queue
[2024-05-23T19:34:01.277+0000] {logging_mixin.py:188} INFO - [2024-05-23T19:34:01.276+0000] {dagbag.py:545} INFO - Filling up the DagBag from /home/airflow/.local/lib/python3.12/site-packages/airflow/example_dags/example_trigger_target_dag.py
[2024-05-23T19:34:01.286+0000] {processor.py:840} INFO - DAG(s) 'example_trigger_target_dag' retrieved from /home/airflow/.local/lib/python3.12/site-packages/airflow/example_dags/example_trigger_target_dag.py
[2024-05-23T19:34:01.323+0000] {logging_mixin.py:188} INFO - [2024-05-23T19:34:01.322+0000] {dag.py:3096} INFO - Sync 1 DAGs
[2024-05-23T19:34:01.346+0000] {logging_mixin.py:188} INFO - [2024-05-23T19:34:01.346+0000] {dag.py:3954} INFO - Setting next_dagrun for example_trigger_target_dag to None, run_after=None
[2024-05-23T19:34:01.378+0000] {processor.py:183} INFO - Processing /home/airflow/.local/lib/python3.12/site-packages/airflow/example_dags/example_trigger_target_dag.py took 0.117 seconds
[2024-05-23T19:34:31.572+0000] {processor.py:161} INFO - Started process (PID=2734) to work on /home/airflow/.local/lib/python3.12/site-packages/airflow/example_dags/example_trigger_target_dag.py
[2024-05-23T19:34:31.574+0000] {processor.py:830} INFO - Processing file /home/airflow/.local/lib/python3.12/site-packages/airflow/example_dags/example_trigger_target_dag.py for tasks to queue
[2024-05-23T19:34:31.577+0000] {logging_mixin.py:188} INFO - [2024-05-23T19:34:31.577+0000] {dagbag.py:545} INFO - Filling up the DagBag from /home/airflow/.local/lib/python3.12/site-packages/airflow/example_dags/example_trigger_target_dag.py
[2024-05-23T19:34:31.587+0000] {processor.py:840} INFO - DAG(s) 'example_trigger_target_dag' retrieved from /home/airflow/.local/lib/python3.12/site-packages/airflow/example_dags/example_trigger_target_dag.py
[2024-05-23T19:34:31.620+0000] {logging_mixin.py:188} INFO - [2024-05-23T19:34:31.620+0000] {dag.py:3096} INFO - Sync 1 DAGs
[2024-05-23T19:34:31.645+0000] {logging_mixin.py:188} INFO - [2024-05-23T19:34:31.645+0000] {dag.py:3954} INFO - Setting next_dagrun for example_trigger_target_dag to None, run_after=None
[2024-05-23T19:34:31.680+0000] {processor.py:183} INFO - Processing /home/airflow/.local/lib/python3.12/site-packages/airflow/example_dags/example_trigger_target_dag.py took 0.118 seconds
[2024-05-23T19:35:02.280+0000] {processor.py:161} INFO - Started process (PID=3021) to work on /home/airflow/.local/lib/python3.12/site-packages/airflow/example_dags/example_trigger_target_dag.py
[2024-05-23T19:35:02.282+0000] {processor.py:830} INFO - Processing file /home/airflow/.local/lib/python3.12/site-packages/airflow/example_dags/example_trigger_target_dag.py for tasks to queue
[2024-05-23T19:35:02.285+0000] {logging_mixin.py:188} INFO - [2024-05-23T19:35:02.284+0000] {dagbag.py:545} INFO - Filling up the DagBag from /home/airflow/.local/lib/python3.12/site-packages/airflow/example_dags/example_trigger_target_dag.py
[2024-05-23T19:35:02.294+0000] {processor.py:840} INFO - DAG(s) 'example_trigger_target_dag' retrieved from /home/airflow/.local/lib/python3.12/site-packages/airflow/example_dags/example_trigger_target_dag.py
[2024-05-23T19:35:02.325+0000] {logging_mixin.py:188} INFO - [2024-05-23T19:35:02.324+0000] {dag.py:3096} INFO - Sync 1 DAGs
[2024-05-23T19:35:02.345+0000] {logging_mixin.py:188} INFO - [2024-05-23T19:35:02.344+0000] {dag.py:3954} INFO - Setting next_dagrun for example_trigger_target_dag to None, run_after=None
[2024-05-23T19:35:02.374+0000] {processor.py:183} INFO - Processing /home/airflow/.local/lib/python3.12/site-packages/airflow/example_dags/example_trigger_target_dag.py took 0.104 seconds
[2024-05-23T19:35:32.712+0000] {processor.py:161} INFO - Started process (PID=3283) to work on /home/airflow/.local/lib/python3.12/site-packages/airflow/example_dags/example_trigger_target_dag.py
[2024-05-23T19:35:32.714+0000] {processor.py:830} INFO - Processing file /home/airflow/.local/lib/python3.12/site-packages/airflow/example_dags/example_trigger_target_dag.py for tasks to queue
[2024-05-23T19:35:32.717+0000] {logging_mixin.py:188} INFO - [2024-05-23T19:35:32.716+0000] {dagbag.py:545} INFO - Filling up the DagBag from /home/airflow/.local/lib/python3.12/site-packages/airflow/example_dags/example_trigger_target_dag.py
[2024-05-23T19:35:32.728+0000] {processor.py:840} INFO - DAG(s) 'example_trigger_target_dag' retrieved from /home/airflow/.local/lib/python3.12/site-packages/airflow/example_dags/example_trigger_target_dag.py
[2024-05-23T19:35:32.762+0000] {logging_mixin.py:188} INFO - [2024-05-23T19:35:32.762+0000] {dag.py:3096} INFO - Sync 1 DAGs
[2024-05-23T19:35:32.784+0000] {logging_mixin.py:188} INFO - [2024-05-23T19:35:32.784+0000] {dag.py:3954} INFO - Setting next_dagrun for example_trigger_target_dag to None, run_after=None
[2024-05-23T19:35:32.816+0000] {processor.py:183} INFO - Processing /home/airflow/.local/lib/python3.12/site-packages/airflow/example_dags/example_trigger_target_dag.py took 0.115 seconds
[2024-05-23T19:36:02.969+0000] {processor.py:161} INFO - Started process (PID=3545) to work on /home/airflow/.local/lib/python3.12/site-packages/airflow/example_dags/example_trigger_target_dag.py
[2024-05-23T19:36:02.970+0000] {processor.py:830} INFO - Processing file /home/airflow/.local/lib/python3.12/site-packages/airflow/example_dags/example_trigger_target_dag.py for tasks to queue
[2024-05-23T19:36:02.973+0000] {logging_mixin.py:188} INFO - [2024-05-23T19:36:02.973+0000] {dagbag.py:545} INFO - Filling up the DagBag from /home/airflow/.local/lib/python3.12/site-packages/airflow/example_dags/example_trigger_target_dag.py
[2024-05-23T19:36:02.982+0000] {processor.py:840} INFO - DAG(s) 'example_trigger_target_dag' retrieved from /home/airflow/.local/lib/python3.12/site-packages/airflow/example_dags/example_trigger_target_dag.py
[2024-05-23T19:36:03.014+0000] {logging_mixin.py:188} INFO - [2024-05-23T19:36:03.014+0000] {dag.py:3096} INFO - Sync 1 DAGs
[2024-05-23T19:36:03.037+0000] {logging_mixin.py:188} INFO - [2024-05-23T19:36:03.036+0000] {dag.py:3954} INFO - Setting next_dagrun for example_trigger_target_dag to None, run_after=None
[2024-05-23T19:36:03.065+0000] {processor.py:183} INFO - Processing /home/airflow/.local/lib/python3.12/site-packages/airflow/example_dags/example_trigger_target_dag.py took 0.106 seconds
[2024-05-23T19:36:33.317+0000] {processor.py:161} INFO - Started process (PID=3807) to work on /home/airflow/.local/lib/python3.12/site-packages/airflow/example_dags/example_trigger_target_dag.py
[2024-05-23T19:36:33.319+0000] {processor.py:830} INFO - Processing file /home/airflow/.local/lib/python3.12/site-packages/airflow/example_dags/example_trigger_target_dag.py for tasks to queue
[2024-05-23T19:36:33.322+0000] {logging_mixin.py:188} INFO - [2024-05-23T19:36:33.322+0000] {dagbag.py:545} INFO - Filling up the DagBag from /home/airflow/.local/lib/python3.12/site-packages/airflow/example_dags/example_trigger_target_dag.py
[2024-05-23T19:36:33.330+0000] {processor.py:840} INFO - DAG(s) 'example_trigger_target_dag' retrieved from /home/airflow/.local/lib/python3.12/site-packages/airflow/example_dags/example_trigger_target_dag.py
[2024-05-23T19:36:33.363+0000] {logging_mixin.py:188} INFO - [2024-05-23T19:36:33.362+0000] {dag.py:3096} INFO - Sync 1 DAGs
[2024-05-23T19:36:33.381+0000] {logging_mixin.py:188} INFO - [2024-05-23T19:36:33.380+0000] {dag.py:3954} INFO - Setting next_dagrun for example_trigger_target_dag to None, run_after=None
[2024-05-23T19:36:33.408+0000] {processor.py:183} INFO - Processing /home/airflow/.local/lib/python3.12/site-packages/airflow/example_dags/example_trigger_target_dag.py took 0.099 seconds
[2024-05-23T19:37:03.931+0000] {processor.py:161} INFO - Started process (PID=4069) to work on /home/airflow/.local/lib/python3.12/site-packages/airflow/example_dags/example_trigger_target_dag.py
[2024-05-23T19:37:03.932+0000] {processor.py:830} INFO - Processing file /home/airflow/.local/lib/python3.12/site-packages/airflow/example_dags/example_trigger_target_dag.py for tasks to queue
[2024-05-23T19:37:03.935+0000] {logging_mixin.py:188} INFO - [2024-05-23T19:37:03.934+0000] {dagbag.py:545} INFO - Filling up the DagBag from /home/airflow/.local/lib/python3.12/site-packages/airflow/example_dags/example_trigger_target_dag.py
[2024-05-23T19:37:03.946+0000] {processor.py:840} INFO - DAG(s) 'example_trigger_target_dag' retrieved from /home/airflow/.local/lib/python3.12/site-packages/airflow/example_dags/example_trigger_target_dag.py
[2024-05-23T19:37:03.976+0000] {logging_mixin.py:188} INFO - [2024-05-23T19:37:03.976+0000] {dag.py:3096} INFO - Sync 1 DAGs
[2024-05-23T19:37:03.998+0000] {logging_mixin.py:188} INFO - [2024-05-23T19:37:03.997+0000] {dag.py:3954} INFO - Setting next_dagrun for example_trigger_target_dag to None, run_after=None
[2024-05-23T19:37:04.024+0000] {processor.py:183} INFO - Processing /home/airflow/.local/lib/python3.12/site-packages/airflow/example_dags/example_trigger_target_dag.py took 0.103 seconds
[2024-05-23T19:37:34.850+0000] {processor.py:161} INFO - Started process (PID=4331) to work on /home/airflow/.local/lib/python3.12/site-packages/airflow/example_dags/example_trigger_target_dag.py
[2024-05-23T19:37:34.852+0000] {processor.py:830} INFO - Processing file /home/airflow/.local/lib/python3.12/site-packages/airflow/example_dags/example_trigger_target_dag.py for tasks to queue
[2024-05-23T19:37:34.855+0000] {logging_mixin.py:188} INFO - [2024-05-23T19:37:34.855+0000] {dagbag.py:545} INFO - Filling up the DagBag from /home/airflow/.local/lib/python3.12/site-packages/airflow/example_dags/example_trigger_target_dag.py
[2024-05-23T19:37:34.864+0000] {processor.py:840} INFO - DAG(s) 'example_trigger_target_dag' retrieved from /home/airflow/.local/lib/python3.12/site-packages/airflow/example_dags/example_trigger_target_dag.py
[2024-05-23T19:37:34.896+0000] {logging_mixin.py:188} INFO - [2024-05-23T19:37:34.896+0000] {dag.py:3096} INFO - Sync 1 DAGs
[2024-05-23T19:37:34.916+0000] {logging_mixin.py:188} INFO - [2024-05-23T19:37:34.916+0000] {dag.py:3954} INFO - Setting next_dagrun for example_trigger_target_dag to None, run_after=None
[2024-05-23T19:37:34.944+0000] {processor.py:183} INFO - Processing /home/airflow/.local/lib/python3.12/site-packages/airflow/example_dags/example_trigger_target_dag.py took 0.104 seconds
[2024-05-23T19:38:05.647+0000] {processor.py:161} INFO - Started process (PID=4593) to work on /home/airflow/.local/lib/python3.12/site-packages/airflow/example_dags/example_trigger_target_dag.py
[2024-05-23T19:38:05.649+0000] {processor.py:830} INFO - Processing file /home/airflow/.local/lib/python3.12/site-packages/airflow/example_dags/example_trigger_target_dag.py for tasks to queue
[2024-05-23T19:38:05.652+0000] {logging_mixin.py:188} INFO - [2024-05-23T19:38:05.651+0000] {dagbag.py:545} INFO - Filling up the DagBag from /home/airflow/.local/lib/python3.12/site-packages/airflow/example_dags/example_trigger_target_dag.py
[2024-05-23T19:38:05.661+0000] {processor.py:840} INFO - DAG(s) 'example_trigger_target_dag' retrieved from /home/airflow/.local/lib/python3.12/site-packages/airflow/example_dags/example_trigger_target_dag.py
[2024-05-23T19:38:05.692+0000] {logging_mixin.py:188} INFO - [2024-05-23T19:38:05.692+0000] {dag.py:3096} INFO - Sync 1 DAGs
[2024-05-23T19:38:05.714+0000] {logging_mixin.py:188} INFO - [2024-05-23T19:38:05.714+0000] {dag.py:3954} INFO - Setting next_dagrun for example_trigger_target_dag to None, run_after=None
[2024-05-23T19:38:05.749+0000] {processor.py:183} INFO - Processing /home/airflow/.local/lib/python3.12/site-packages/airflow/example_dags/example_trigger_target_dag.py took 0.112 seconds
[2024-05-23T19:38:36.082+0000] {processor.py:161} INFO - Started process (PID=4855) to work on /home/airflow/.local/lib/python3.12/site-packages/airflow/example_dags/example_trigger_target_dag.py
[2024-05-23T19:38:36.084+0000] {processor.py:830} INFO - Processing file /home/airflow/.local/lib/python3.12/site-packages/airflow/example_dags/example_trigger_target_dag.py for tasks to queue
[2024-05-23T19:38:36.087+0000] {logging_mixin.py:188} INFO - [2024-05-23T19:38:36.087+0000] {dagbag.py:545} INFO - Filling up the DagBag from /home/airflow/.local/lib/python3.12/site-packages/airflow/example_dags/example_trigger_target_dag.py
[2024-05-23T19:38:36.096+0000] {processor.py:840} INFO - DAG(s) 'example_trigger_target_dag' retrieved from /home/airflow/.local/lib/python3.12/site-packages/airflow/example_dags/example_trigger_target_dag.py
[2024-05-23T19:38:36.125+0000] {logging_mixin.py:188} INFO - [2024-05-23T19:38:36.125+0000] {dag.py:3096} INFO - Sync 1 DAGs
[2024-05-23T19:38:36.144+0000] {logging_mixin.py:188} INFO - [2024-05-23T19:38:36.144+0000] {dag.py:3954} INFO - Setting next_dagrun for example_trigger_target_dag to None, run_after=None
[2024-05-23T19:38:36.172+0000] {processor.py:183} INFO - Processing /home/airflow/.local/lib/python3.12/site-packages/airflow/example_dags/example_trigger_target_dag.py took 0.099 seconds
[2024-05-23T19:39:06.718+0000] {processor.py:161} INFO - Started process (PID=5117) to work on /home/airflow/.local/lib/python3.12/site-packages/airflow/example_dags/example_trigger_target_dag.py
[2024-05-23T19:39:06.719+0000] {processor.py:830} INFO - Processing file /home/airflow/.local/lib/python3.12/site-packages/airflow/example_dags/example_trigger_target_dag.py for tasks to queue
[2024-05-23T19:39:06.722+0000] {logging_mixin.py:188} INFO - [2024-05-23T19:39:06.722+0000] {dagbag.py:545} INFO - Filling up the DagBag from /home/airflow/.local/lib/python3.12/site-packages/airflow/example_dags/example_trigger_target_dag.py
[2024-05-23T19:39:06.731+0000] {processor.py:840} INFO - DAG(s) 'example_trigger_target_dag' retrieved from /home/airflow/.local/lib/python3.12/site-packages/airflow/example_dags/example_trigger_target_dag.py
[2024-05-23T19:39:06.761+0000] {logging_mixin.py:188} INFO - [2024-05-23T19:39:06.761+0000] {dag.py:3096} INFO - Sync 1 DAGs
[2024-05-23T19:39:06.782+0000] {logging_mixin.py:188} INFO - [2024-05-23T19:39:06.781+0000] {dag.py:3954} INFO - Setting next_dagrun for example_trigger_target_dag to None, run_after=None
[2024-05-23T19:39:06.810+0000] {processor.py:183} INFO - Processing /home/airflow/.local/lib/python3.12/site-packages/airflow/example_dags/example_trigger_target_dag.py took 0.101 seconds
[2024-05-23T19:39:37.304+0000] {processor.py:161} INFO - Started process (PID=5379) to work on /home/airflow/.local/lib/python3.12/site-packages/airflow/example_dags/example_trigger_target_dag.py
[2024-05-23T19:39:37.306+0000] {processor.py:830} INFO - Processing file /home/airflow/.local/lib/python3.12/site-packages/airflow/example_dags/example_trigger_target_dag.py for tasks to queue
[2024-05-23T19:39:37.309+0000] {logging_mixin.py:188} INFO - [2024-05-23T19:39:37.309+0000] {dagbag.py:545} INFO - Filling up the DagBag from /home/airflow/.local/lib/python3.12/site-packages/airflow/example_dags/example_trigger_target_dag.py
[2024-05-23T19:39:37.319+0000] {processor.py:840} INFO - DAG(s) 'example_trigger_target_dag' retrieved from /home/airflow/.local/lib/python3.12/site-packages/airflow/example_dags/example_trigger_target_dag.py
[2024-05-23T19:39:37.348+0000] {logging_mixin.py:188} INFO - [2024-05-23T19:39:37.347+0000] {dag.py:3096} INFO - Sync 1 DAGs
[2024-05-23T19:39:37.370+0000] {logging_mixin.py:188} INFO - [2024-05-23T19:39:37.369+0000] {dag.py:3954} INFO - Setting next_dagrun for example_trigger_target_dag to None, run_after=None
[2024-05-23T19:39:37.397+0000] {processor.py:183} INFO - Processing /home/airflow/.local/lib/python3.12/site-packages/airflow/example_dags/example_trigger_target_dag.py took 0.103 seconds
[2024-05-23T19:40:08.001+0000] {processor.py:161} INFO - Started process (PID=5641) to work on /home/airflow/.local/lib/python3.12/site-packages/airflow/example_dags/example_trigger_target_dag.py
[2024-05-23T19:40:08.003+0000] {processor.py:830} INFO - Processing file /home/airflow/.local/lib/python3.12/site-packages/airflow/example_dags/example_trigger_target_dag.py for tasks to queue
[2024-05-23T19:40:08.006+0000] {logging_mixin.py:188} INFO - [2024-05-23T19:40:08.005+0000] {dagbag.py:545} INFO - Filling up the DagBag from /home/airflow/.local/lib/python3.12/site-packages/airflow/example_dags/example_trigger_target_dag.py
[2024-05-23T19:40:08.015+0000] {processor.py:840} INFO - DAG(s) 'example_trigger_target_dag' retrieved from /home/airflow/.local/lib/python3.12/site-packages/airflow/example_dags/example_trigger_target_dag.py
[2024-05-23T19:40:08.045+0000] {logging_mixin.py:188} INFO - [2024-05-23T19:40:08.044+0000] {dag.py:3096} INFO - Sync 1 DAGs
[2024-05-23T19:40:08.065+0000] {logging_mixin.py:188} INFO - [2024-05-23T19:40:08.065+0000] {dag.py:3954} INFO - Setting next_dagrun for example_trigger_target_dag to None, run_after=None
[2024-05-23T19:40:08.092+0000] {processor.py:183} INFO - Processing /home/airflow/.local/lib/python3.12/site-packages/airflow/example_dags/example_trigger_target_dag.py took 0.099 seconds
[2024-05-23T19:40:38.738+0000] {processor.py:161} INFO - Started process (PID=5903) to work on /home/airflow/.local/lib/python3.12/site-packages/airflow/example_dags/example_trigger_target_dag.py
[2024-05-23T19:40:38.739+0000] {processor.py:830} INFO - Processing file /home/airflow/.local/lib/python3.12/site-packages/airflow/example_dags/example_trigger_target_dag.py for tasks to queue
[2024-05-23T19:40:38.743+0000] {logging_mixin.py:188} INFO - [2024-05-23T19:40:38.742+0000] {dagbag.py:545} INFO - Filling up the DagBag from /home/airflow/.local/lib/python3.12/site-packages/airflow/example_dags/example_trigger_target_dag.py
[2024-05-23T19:40:38.752+0000] {processor.py:840} INFO - DAG(s) 'example_trigger_target_dag' retrieved from /home/airflow/.local/lib/python3.12/site-packages/airflow/example_dags/example_trigger_target_dag.py
[2024-05-23T19:40:38.783+0000] {logging_mixin.py:188} INFO - [2024-05-23T19:40:38.783+0000] {dag.py:3096} INFO - Sync 1 DAGs
[2024-05-23T19:40:38.804+0000] {logging_mixin.py:188} INFO - [2024-05-23T19:40:38.803+0000] {dag.py:3954} INFO - Setting next_dagrun for example_trigger_target_dag to None, run_after=None
[2024-05-23T19:40:38.831+0000] {processor.py:183} INFO - Processing /home/airflow/.local/lib/python3.12/site-packages/airflow/example_dags/example_trigger_target_dag.py took 0.102 seconds
[2024-05-23T19:41:09.379+0000] {processor.py:161} INFO - Started process (PID=6165) to work on /home/airflow/.local/lib/python3.12/site-packages/airflow/example_dags/example_trigger_target_dag.py
[2024-05-23T19:41:09.381+0000] {processor.py:830} INFO - Processing file /home/airflow/.local/lib/python3.12/site-packages/airflow/example_dags/example_trigger_target_dag.py for tasks to queue
[2024-05-23T19:41:09.383+0000] {logging_mixin.py:188} INFO - [2024-05-23T19:41:09.383+0000] {dagbag.py:545} INFO - Filling up the DagBag from /home/airflow/.local/lib/python3.12/site-packages/airflow/example_dags/example_trigger_target_dag.py
[2024-05-23T19:41:09.392+0000] {processor.py:840} INFO - DAG(s) 'example_trigger_target_dag' retrieved from /home/airflow/.local/lib/python3.12/site-packages/airflow/example_dags/example_trigger_target_dag.py
[2024-05-23T19:41:09.421+0000] {logging_mixin.py:188} INFO - [2024-05-23T19:41:09.421+0000] {dag.py:3096} INFO - Sync 1 DAGs
[2024-05-23T19:41:09.442+0000] {logging_mixin.py:188} INFO - [2024-05-23T19:41:09.441+0000] {dag.py:3954} INFO - Setting next_dagrun for example_trigger_target_dag to None, run_after=None
[2024-05-23T19:41:09.469+0000] {processor.py:183} INFO - Processing /home/airflow/.local/lib/python3.12/site-packages/airflow/example_dags/example_trigger_target_dag.py took 0.099 seconds
[2024-05-23T19:41:40.270+0000] {processor.py:161} INFO - Started process (PID=6427) to work on /home/airflow/.local/lib/python3.12/site-packages/airflow/example_dags/example_trigger_target_dag.py
[2024-05-23T19:41:40.272+0000] {processor.py:830} INFO - Processing file /home/airflow/.local/lib/python3.12/site-packages/airflow/example_dags/example_trigger_target_dag.py for tasks to queue
[2024-05-23T19:41:40.275+0000] {logging_mixin.py:188} INFO - [2024-05-23T19:41:40.274+0000] {dagbag.py:545} INFO - Filling up the DagBag from /home/airflow/.local/lib/python3.12/site-packages/airflow/example_dags/example_trigger_target_dag.py
[2024-05-23T19:41:40.285+0000] {processor.py:840} INFO - DAG(s) 'example_trigger_target_dag' retrieved from /home/airflow/.local/lib/python3.12/site-packages/airflow/example_dags/example_trigger_target_dag.py
[2024-05-23T19:41:40.315+0000] {logging_mixin.py:188} INFO - [2024-05-23T19:41:40.314+0000] {dag.py:3096} INFO - Sync 1 DAGs
[2024-05-23T19:41:40.334+0000] {logging_mixin.py:188} INFO - [2024-05-23T19:41:40.334+0000] {dag.py:3954} INFO - Setting next_dagrun for example_trigger_target_dag to None, run_after=None
[2024-05-23T19:41:40.362+0000] {processor.py:183} INFO - Processing /home/airflow/.local/lib/python3.12/site-packages/airflow/example_dags/example_trigger_target_dag.py took 0.103 seconds
[2024-05-23T19:42:10.754+0000] {processor.py:161} INFO - Started process (PID=6690) to work on /home/airflow/.local/lib/python3.12/site-packages/airflow/example_dags/example_trigger_target_dag.py
[2024-05-23T19:42:10.756+0000] {processor.py:830} INFO - Processing file /home/airflow/.local/lib/python3.12/site-packages/airflow/example_dags/example_trigger_target_dag.py for tasks to queue
[2024-05-23T19:42:10.759+0000] {logging_mixin.py:188} INFO - [2024-05-23T19:42:10.759+0000] {dagbag.py:545} INFO - Filling up the DagBag from /home/airflow/.local/lib/python3.12/site-packages/airflow/example_dags/example_trigger_target_dag.py
[2024-05-23T19:42:10.768+0000] {processor.py:840} INFO - DAG(s) 'example_trigger_target_dag' retrieved from /home/airflow/.local/lib/python3.12/site-packages/airflow/example_dags/example_trigger_target_dag.py
[2024-05-23T19:42:10.797+0000] {logging_mixin.py:188} INFO - [2024-05-23T19:42:10.797+0000] {dag.py:3096} INFO - Sync 1 DAGs
[2024-05-23T19:42:10.817+0000] {logging_mixin.py:188} INFO - [2024-05-23T19:42:10.817+0000] {dag.py:3954} INFO - Setting next_dagrun for example_trigger_target_dag to None, run_after=None
[2024-05-23T19:42:10.844+0000] {processor.py:183} INFO - Processing /home/airflow/.local/lib/python3.12/site-packages/airflow/example_dags/example_trigger_target_dag.py took 0.100 seconds
[2024-05-23T19:42:40.877+0000] {processor.py:161} INFO - Started process (PID=6952) to work on /home/airflow/.local/lib/python3.12/site-packages/airflow/example_dags/example_trigger_target_dag.py
[2024-05-23T19:42:40.879+0000] {processor.py:830} INFO - Processing file /home/airflow/.local/lib/python3.12/site-packages/airflow/example_dags/example_trigger_target_dag.py for tasks to queue
[2024-05-23T19:42:40.881+0000] {logging_mixin.py:188} INFO - [2024-05-23T19:42:40.881+0000] {dagbag.py:545} INFO - Filling up the DagBag from /home/airflow/.local/lib/python3.12/site-packages/airflow/example_dags/example_trigger_target_dag.py
[2024-05-23T19:42:40.889+0000] {processor.py:840} INFO - DAG(s) 'example_trigger_target_dag' retrieved from /home/airflow/.local/lib/python3.12/site-packages/airflow/example_dags/example_trigger_target_dag.py
[2024-05-23T19:42:40.914+0000] {logging_mixin.py:188} INFO - [2024-05-23T19:42:40.913+0000] {dag.py:3096} INFO - Sync 1 DAGs
[2024-05-23T19:42:40.931+0000] {logging_mixin.py:188} INFO - [2024-05-23T19:42:40.931+0000] {dag.py:3954} INFO - Setting next_dagrun for example_trigger_target_dag to None, run_after=None
[2024-05-23T19:42:40.956+0000] {processor.py:183} INFO - Processing /home/airflow/.local/lib/python3.12/site-packages/airflow/example_dags/example_trigger_target_dag.py took 0.086 seconds
[2024-05-23T19:43:11.271+0000] {processor.py:161} INFO - Started process (PID=7212) to work on /home/airflow/.local/lib/python3.12/site-packages/airflow/example_dags/example_trigger_target_dag.py
[2024-05-23T19:43:11.272+0000] {processor.py:830} INFO - Processing file /home/airflow/.local/lib/python3.12/site-packages/airflow/example_dags/example_trigger_target_dag.py for tasks to queue
[2024-05-23T19:43:11.275+0000] {logging_mixin.py:188} INFO - [2024-05-23T19:43:11.275+0000] {dagbag.py:545} INFO - Filling up the DagBag from /home/airflow/.local/lib/python3.12/site-packages/airflow/example_dags/example_trigger_target_dag.py
[2024-05-23T19:43:11.284+0000] {processor.py:840} INFO - DAG(s) 'example_trigger_target_dag' retrieved from /home/airflow/.local/lib/python3.12/site-packages/airflow/example_dags/example_trigger_target_dag.py
[2024-05-23T19:43:11.311+0000] {logging_mixin.py:188} INFO - [2024-05-23T19:43:11.311+0000] {dag.py:3096} INFO - Sync 1 DAGs
[2024-05-23T19:43:11.330+0000] {logging_mixin.py:188} INFO - [2024-05-23T19:43:11.330+0000] {dag.py:3954} INFO - Setting next_dagrun for example_trigger_target_dag to None, run_after=None
[2024-05-23T19:43:11.357+0000] {processor.py:183} INFO - Processing /home/airflow/.local/lib/python3.12/site-packages/airflow/example_dags/example_trigger_target_dag.py took 0.095 seconds
[2024-05-23T19:43:41.831+0000] {processor.py:161} INFO - Started process (PID=7474) to work on /home/airflow/.local/lib/python3.12/site-packages/airflow/example_dags/example_trigger_target_dag.py
[2024-05-23T19:43:41.833+0000] {processor.py:830} INFO - Processing file /home/airflow/.local/lib/python3.12/site-packages/airflow/example_dags/example_trigger_target_dag.py for tasks to queue
[2024-05-23T19:43:41.836+0000] {logging_mixin.py:188} INFO - [2024-05-23T19:43:41.835+0000] {dagbag.py:545} INFO - Filling up the DagBag from /home/airflow/.local/lib/python3.12/site-packages/airflow/example_dags/example_trigger_target_dag.py
[2024-05-23T19:43:41.846+0000] {processor.py:840} INFO - DAG(s) 'example_trigger_target_dag' retrieved from /home/airflow/.local/lib/python3.12/site-packages/airflow/example_dags/example_trigger_target_dag.py
[2024-05-23T19:43:41.876+0000] {logging_mixin.py:188} INFO - [2024-05-23T19:43:41.875+0000] {dag.py:3096} INFO - Sync 1 DAGs
[2024-05-23T19:43:41.897+0000] {logging_mixin.py:188} INFO - [2024-05-23T19:43:41.897+0000] {dag.py:3954} INFO - Setting next_dagrun for example_trigger_target_dag to None, run_after=None
[2024-05-23T19:43:41.925+0000] {processor.py:183} INFO - Processing /home/airflow/.local/lib/python3.12/site-packages/airflow/example_dags/example_trigger_target_dag.py took 0.105 seconds
[2024-05-23T19:44:12.284+0000] {processor.py:161} INFO - Started process (PID=7736) to work on /home/airflow/.local/lib/python3.12/site-packages/airflow/example_dags/example_trigger_target_dag.py
[2024-05-23T19:44:12.285+0000] {processor.py:830} INFO - Processing file /home/airflow/.local/lib/python3.12/site-packages/airflow/example_dags/example_trigger_target_dag.py for tasks to queue
[2024-05-23T19:44:12.288+0000] {logging_mixin.py:188} INFO - [2024-05-23T19:44:12.288+0000] {dagbag.py:545} INFO - Filling up the DagBag from /home/airflow/.local/lib/python3.12/site-packages/airflow/example_dags/example_trigger_target_dag.py
[2024-05-23T19:44:12.297+0000] {processor.py:840} INFO - DAG(s) 'example_trigger_target_dag' retrieved from /home/airflow/.local/lib/python3.12/site-packages/airflow/example_dags/example_trigger_target_dag.py
[2024-05-23T19:44:12.325+0000] {logging_mixin.py:188} INFO - [2024-05-23T19:44:12.324+0000] {dag.py:3096} INFO - Sync 1 DAGs
[2024-05-23T19:44:12.344+0000] {logging_mixin.py:188} INFO - [2024-05-23T19:44:12.343+0000] {dag.py:3954} INFO - Setting next_dagrun for example_trigger_target_dag to None, run_after=None
[2024-05-23T19:44:12.371+0000] {processor.py:183} INFO - Processing /home/airflow/.local/lib/python3.12/site-packages/airflow/example_dags/example_trigger_target_dag.py took 0.096 seconds
[2024-05-23T19:44:42.760+0000] {processor.py:161} INFO - Started process (PID=7998) to work on /home/airflow/.local/lib/python3.12/site-packages/airflow/example_dags/example_trigger_target_dag.py
[2024-05-23T19:44:42.761+0000] {processor.py:830} INFO - Processing file /home/airflow/.local/lib/python3.12/site-packages/airflow/example_dags/example_trigger_target_dag.py for tasks to queue
[2024-05-23T19:44:42.764+0000] {logging_mixin.py:188} INFO - [2024-05-23T19:44:42.763+0000] {dagbag.py:545} INFO - Filling up the DagBag from /home/airflow/.local/lib/python3.12/site-packages/airflow/example_dags/example_trigger_target_dag.py
[2024-05-23T19:44:42.772+0000] {processor.py:840} INFO - DAG(s) 'example_trigger_target_dag' retrieved from /home/airflow/.local/lib/python3.12/site-packages/airflow/example_dags/example_trigger_target_dag.py
[2024-05-23T19:44:42.799+0000] {logging_mixin.py:188} INFO - [2024-05-23T19:44:42.798+0000] {dag.py:3096} INFO - Sync 1 DAGs
[2024-05-23T19:44:42.817+0000] {logging_mixin.py:188} INFO - [2024-05-23T19:44:42.817+0000] {dag.py:3954} INFO - Setting next_dagrun for example_trigger_target_dag to None, run_after=None
[2024-05-23T19:44:42.848+0000] {processor.py:183} INFO - Processing /home/airflow/.local/lib/python3.12/site-packages/airflow/example_dags/example_trigger_target_dag.py took 0.096 seconds
[2024-05-23T19:45:13.294+0000] {processor.py:161} INFO - Started process (PID=8260) to work on /home/airflow/.local/lib/python3.12/site-packages/airflow/example_dags/example_trigger_target_dag.py
[2024-05-23T19:45:13.296+0000] {processor.py:830} INFO - Processing file /home/airflow/.local/lib/python3.12/site-packages/airflow/example_dags/example_trigger_target_dag.py for tasks to queue
[2024-05-23T19:45:13.299+0000] {logging_mixin.py:188} INFO - [2024-05-23T19:45:13.299+0000] {dagbag.py:545} INFO - Filling up the DagBag from /home/airflow/.local/lib/python3.12/site-packages/airflow/example_dags/example_trigger_target_dag.py
[2024-05-23T19:45:13.307+0000] {processor.py:840} INFO - DAG(s) 'example_trigger_target_dag' retrieved from /home/airflow/.local/lib/python3.12/site-packages/airflow/example_dags/example_trigger_target_dag.py
[2024-05-23T19:45:13.333+0000] {logging_mixin.py:188} INFO - [2024-05-23T19:45:13.333+0000] {dag.py:3096} INFO - Sync 1 DAGs
[2024-05-23T19:45:13.351+0000] {logging_mixin.py:188} INFO - [2024-05-23T19:45:13.351+0000] {dag.py:3954} INFO - Setting next_dagrun for example_trigger_target_dag to None, run_after=None
[2024-05-23T19:45:13.376+0000] {processor.py:183} INFO - Processing /home/airflow/.local/lib/python3.12/site-packages/airflow/example_dags/example_trigger_target_dag.py took 0.091 seconds
[2024-05-23T19:45:44.391+0000] {processor.py:161} INFO - Started process (PID=8522) to work on /home/airflow/.local/lib/python3.12/site-packages/airflow/example_dags/example_trigger_target_dag.py
[2024-05-23T19:45:44.393+0000] {processor.py:830} INFO - Processing file /home/airflow/.local/lib/python3.12/site-packages/airflow/example_dags/example_trigger_target_dag.py for tasks to queue
[2024-05-23T19:45:44.395+0000] {logging_mixin.py:188} INFO - [2024-05-23T19:45:44.395+0000] {dagbag.py:545} INFO - Filling up the DagBag from /home/airflow/.local/lib/python3.12/site-packages/airflow/example_dags/example_trigger_target_dag.py
[2024-05-23T19:45:44.403+0000] {processor.py:840} INFO - DAG(s) 'example_trigger_target_dag' retrieved from /home/airflow/.local/lib/python3.12/site-packages/airflow/example_dags/example_trigger_target_dag.py
[2024-05-23T19:45:44.428+0000] {logging_mixin.py:188} INFO - [2024-05-23T19:45:44.428+0000] {dag.py:3096} INFO - Sync 1 DAGs
[2024-05-23T19:45:44.446+0000] {logging_mixin.py:188} INFO - [2024-05-23T19:45:44.446+0000] {dag.py:3954} INFO - Setting next_dagrun for example_trigger_target_dag to None, run_after=None
[2024-05-23T19:45:44.469+0000] {processor.py:183} INFO - Processing /home/airflow/.local/lib/python3.12/site-packages/airflow/example_dags/example_trigger_target_dag.py took 0.087 seconds
[2024-05-23T19:46:15.640+0000] {processor.py:161} INFO - Started process (PID=8790) to work on /home/airflow/.local/lib/python3.12/site-packages/airflow/example_dags/example_trigger_target_dag.py
[2024-05-23T19:46:15.642+0000] {processor.py:830} INFO - Processing file /home/airflow/.local/lib/python3.12/site-packages/airflow/example_dags/example_trigger_target_dag.py for tasks to queue
[2024-05-23T19:46:15.645+0000] {logging_mixin.py:188} INFO - [2024-05-23T19:46:15.645+0000] {dagbag.py:545} INFO - Filling up the DagBag from /home/airflow/.local/lib/python3.12/site-packages/airflow/example_dags/example_trigger_target_dag.py
[2024-05-23T19:46:15.654+0000] {processor.py:840} INFO - DAG(s) 'example_trigger_target_dag' retrieved from /home/airflow/.local/lib/python3.12/site-packages/airflow/example_dags/example_trigger_target_dag.py
[2024-05-23T19:46:15.681+0000] {logging_mixin.py:188} INFO - [2024-05-23T19:46:15.681+0000] {dag.py:3096} INFO - Sync 1 DAGs
[2024-05-23T19:46:15.701+0000] {logging_mixin.py:188} INFO - [2024-05-23T19:46:15.700+0000] {dag.py:3954} INFO - Setting next_dagrun for example_trigger_target_dag to None, run_after=None
[2024-05-23T19:46:15.727+0000] {processor.py:183} INFO - Processing /home/airflow/.local/lib/python3.12/site-packages/airflow/example_dags/example_trigger_target_dag.py took 0.095 seconds
[2024-05-23T19:46:46.029+0000] {processor.py:161} INFO - Started process (PID=9052) to work on /home/airflow/.local/lib/python3.12/site-packages/airflow/example_dags/example_trigger_target_dag.py
[2024-05-23T19:46:46.030+0000] {processor.py:830} INFO - Processing file /home/airflow/.local/lib/python3.12/site-packages/airflow/example_dags/example_trigger_target_dag.py for tasks to queue
[2024-05-23T19:46:46.033+0000] {logging_mixin.py:188} INFO - [2024-05-23T19:46:46.032+0000] {dagbag.py:545} INFO - Filling up the DagBag from /home/airflow/.local/lib/python3.12/site-packages/airflow/example_dags/example_trigger_target_dag.py
[2024-05-23T19:46:46.041+0000] {processor.py:840} INFO - DAG(s) 'example_trigger_target_dag' retrieved from /home/airflow/.local/lib/python3.12/site-packages/airflow/example_dags/example_trigger_target_dag.py
[2024-05-23T19:46:46.067+0000] {logging_mixin.py:188} INFO - [2024-05-23T19:46:46.066+0000] {dag.py:3096} INFO - Sync 1 DAGs
[2024-05-23T19:46:46.084+0000] {logging_mixin.py:188} INFO - [2024-05-23T19:46:46.084+0000] {dag.py:3954} INFO - Setting next_dagrun for example_trigger_target_dag to None, run_after=None
[2024-05-23T19:46:46.109+0000] {processor.py:183} INFO - Processing /home/airflow/.local/lib/python3.12/site-packages/airflow/example_dags/example_trigger_target_dag.py took 0.088 seconds
[2024-05-23T19:47:17.147+0000] {processor.py:161} INFO - Started process (PID=9314) to work on /home/airflow/.local/lib/python3.12/site-packages/airflow/example_dags/example_trigger_target_dag.py
[2024-05-23T19:47:17.149+0000] {processor.py:830} INFO - Processing file /home/airflow/.local/lib/python3.12/site-packages/airflow/example_dags/example_trigger_target_dag.py for tasks to queue
[2024-05-23T19:47:17.151+0000] {logging_mixin.py:188} INFO - [2024-05-23T19:47:17.150+0000] {dagbag.py:545} INFO - Filling up the DagBag from /home/airflow/.local/lib/python3.12/site-packages/airflow/example_dags/example_trigger_target_dag.py
[2024-05-23T19:47:17.159+0000] {processor.py:840} INFO - DAG(s) 'example_trigger_target_dag' retrieved from /home/airflow/.local/lib/python3.12/site-packages/airflow/example_dags/example_trigger_target_dag.py
[2024-05-23T19:47:17.184+0000] {logging_mixin.py:188} INFO - [2024-05-23T19:47:17.184+0000] {dag.py:3096} INFO - Sync 1 DAGs
[2024-05-23T19:47:17.201+0000] {logging_mixin.py:188} INFO - [2024-05-23T19:47:17.201+0000] {dag.py:3954} INFO - Setting next_dagrun for example_trigger_target_dag to None, run_after=None
[2024-05-23T19:47:17.226+0000] {processor.py:183} INFO - Processing /home/airflow/.local/lib/python3.12/site-packages/airflow/example_dags/example_trigger_target_dag.py took 0.087 seconds
[2024-05-23T19:47:48.393+0000] {processor.py:161} INFO - Started process (PID=9576) to work on /home/airflow/.local/lib/python3.12/site-packages/airflow/example_dags/example_trigger_target_dag.py
[2024-05-23T19:47:48.395+0000] {processor.py:830} INFO - Processing file /home/airflow/.local/lib/python3.12/site-packages/airflow/example_dags/example_trigger_target_dag.py for tasks to queue
[2024-05-23T19:47:48.401+0000] {logging_mixin.py:188} INFO - [2024-05-23T19:47:48.400+0000] {dagbag.py:545} INFO - Filling up the DagBag from /home/airflow/.local/lib/python3.12/site-packages/airflow/example_dags/example_trigger_target_dag.py
[2024-05-23T19:47:48.409+0000] {processor.py:840} INFO - DAG(s) 'example_trigger_target_dag' retrieved from /home/airflow/.local/lib/python3.12/site-packages/airflow/example_dags/example_trigger_target_dag.py
[2024-05-23T19:47:48.434+0000] {logging_mixin.py:188} INFO - [2024-05-23T19:47:48.434+0000] {dag.py:3096} INFO - Sync 1 DAGs
[2024-05-23T19:47:48.453+0000] {logging_mixin.py:188} INFO - [2024-05-23T19:47:48.453+0000] {dag.py:3954} INFO - Setting next_dagrun for example_trigger_target_dag to None, run_after=None
[2024-05-23T19:47:48.478+0000] {processor.py:183} INFO - Processing /home/airflow/.local/lib/python3.12/site-packages/airflow/example_dags/example_trigger_target_dag.py took 0.094 seconds
[2024-05-23T19:48:18.827+0000] {processor.py:161} INFO - Started process (PID=9840) to work on /home/airflow/.local/lib/python3.12/site-packages/airflow/example_dags/example_trigger_target_dag.py
[2024-05-23T19:48:18.829+0000] {processor.py:830} INFO - Processing file /home/airflow/.local/lib/python3.12/site-packages/airflow/example_dags/example_trigger_target_dag.py for tasks to queue
[2024-05-23T19:48:18.831+0000] {logging_mixin.py:188} INFO - [2024-05-23T19:48:18.831+0000] {dagbag.py:545} INFO - Filling up the DagBag from /home/airflow/.local/lib/python3.12/site-packages/airflow/example_dags/example_trigger_target_dag.py
[2024-05-23T19:48:18.840+0000] {processor.py:840} INFO - DAG(s) 'example_trigger_target_dag' retrieved from /home/airflow/.local/lib/python3.12/site-packages/airflow/example_dags/example_trigger_target_dag.py
[2024-05-23T19:48:18.869+0000] {logging_mixin.py:188} INFO - [2024-05-23T19:48:18.868+0000] {dag.py:3096} INFO - Sync 1 DAGs
[2024-05-23T19:48:18.889+0000] {logging_mixin.py:188} INFO - [2024-05-23T19:48:18.888+0000] {dag.py:3954} INFO - Setting next_dagrun for example_trigger_target_dag to None, run_after=None
[2024-05-23T19:48:18.915+0000] {processor.py:183} INFO - Processing /home/airflow/.local/lib/python3.12/site-packages/airflow/example_dags/example_trigger_target_dag.py took 0.098 seconds
[2024-05-23T19:48:49.211+0000] {processor.py:161} INFO - Started process (PID=10100) to work on /home/airflow/.local/lib/python3.12/site-packages/airflow/example_dags/example_trigger_target_dag.py
[2024-05-23T19:48:49.213+0000] {processor.py:830} INFO - Processing file /home/airflow/.local/lib/python3.12/site-packages/airflow/example_dags/example_trigger_target_dag.py for tasks to queue
[2024-05-23T19:48:49.216+0000] {logging_mixin.py:188} INFO - [2024-05-23T19:48:49.215+0000] {dagbag.py:545} INFO - Filling up the DagBag from /home/airflow/.local/lib/python3.12/site-packages/airflow/example_dags/example_trigger_target_dag.py
[2024-05-23T19:48:49.225+0000] {processor.py:840} INFO - DAG(s) 'example_trigger_target_dag' retrieved from /home/airflow/.local/lib/python3.12/site-packages/airflow/example_dags/example_trigger_target_dag.py
[2024-05-23T19:48:49.274+0000] {logging_mixin.py:188} INFO - [2024-05-23T19:48:49.274+0000] {dag.py:3096} INFO - Sync 1 DAGs
[2024-05-23T19:48:49.294+0000] {logging_mixin.py:188} INFO - [2024-05-23T19:48:49.294+0000] {dag.py:3954} INFO - Setting next_dagrun for example_trigger_target_dag to None, run_after=None
[2024-05-23T19:48:49.323+0000] {processor.py:183} INFO - Processing /home/airflow/.local/lib/python3.12/site-packages/airflow/example_dags/example_trigger_target_dag.py took 0.121 seconds
[2024-05-23T19:49:19.925+0000] {processor.py:161} INFO - Started process (PID=10362) to work on /home/airflow/.local/lib/python3.12/site-packages/airflow/example_dags/example_trigger_target_dag.py
[2024-05-23T19:49:19.926+0000] {processor.py:830} INFO - Processing file /home/airflow/.local/lib/python3.12/site-packages/airflow/example_dags/example_trigger_target_dag.py for tasks to queue
[2024-05-23T19:49:19.929+0000] {logging_mixin.py:188} INFO - [2024-05-23T19:49:19.928+0000] {dagbag.py:545} INFO - Filling up the DagBag from /home/airflow/.local/lib/python3.12/site-packages/airflow/example_dags/example_trigger_target_dag.py
[2024-05-23T19:49:19.939+0000] {processor.py:840} INFO - DAG(s) 'example_trigger_target_dag' retrieved from /home/airflow/.local/lib/python3.12/site-packages/airflow/example_dags/example_trigger_target_dag.py
[2024-05-23T19:49:19.968+0000] {logging_mixin.py:188} INFO - [2024-05-23T19:49:19.968+0000] {dag.py:3096} INFO - Sync 1 DAGs
[2024-05-23T19:49:20.141+0000] {logging_mixin.py:188} INFO - [2024-05-23T19:49:20.141+0000] {dag.py:3954} INFO - Setting next_dagrun for example_trigger_target_dag to None, run_after=None
[2024-05-23T19:49:20.167+0000] {processor.py:183} INFO - Processing /home/airflow/.local/lib/python3.12/site-packages/airflow/example_dags/example_trigger_target_dag.py took 0.251 seconds
[2024-05-23T19:49:50.342+0000] {processor.py:161} INFO - Started process (PID=10619) to work on /home/airflow/.local/lib/python3.12/site-packages/airflow/example_dags/example_trigger_target_dag.py
[2024-05-23T19:49:50.344+0000] {processor.py:830} INFO - Processing file /home/airflow/.local/lib/python3.12/site-packages/airflow/example_dags/example_trigger_target_dag.py for tasks to queue
[2024-05-23T19:49:50.347+0000] {logging_mixin.py:188} INFO - [2024-05-23T19:49:50.347+0000] {dagbag.py:545} INFO - Filling up the DagBag from /home/airflow/.local/lib/python3.12/site-packages/airflow/example_dags/example_trigger_target_dag.py
[2024-05-23T19:49:50.356+0000] {processor.py:840} INFO - DAG(s) 'example_trigger_target_dag' retrieved from /home/airflow/.local/lib/python3.12/site-packages/airflow/example_dags/example_trigger_target_dag.py
[2024-05-23T19:49:50.386+0000] {logging_mixin.py:188} INFO - [2024-05-23T19:49:50.385+0000] {dag.py:3096} INFO - Sync 1 DAGs
[2024-05-23T19:49:50.407+0000] {logging_mixin.py:188} INFO - [2024-05-23T19:49:50.407+0000] {dag.py:3954} INFO - Setting next_dagrun for example_trigger_target_dag to None, run_after=None
[2024-05-23T19:49:50.580+0000] {processor.py:183} INFO - Processing /home/airflow/.local/lib/python3.12/site-packages/airflow/example_dags/example_trigger_target_dag.py took 0.249 seconds
[2024-05-23T19:50:20.698+0000] {processor.py:161} INFO - Started process (PID=10881) to work on /home/airflow/.local/lib/python3.12/site-packages/airflow/example_dags/example_trigger_target_dag.py
[2024-05-23T19:50:20.700+0000] {processor.py:830} INFO - Processing file /home/airflow/.local/lib/python3.12/site-packages/airflow/example_dags/example_trigger_target_dag.py for tasks to queue
[2024-05-23T19:50:20.702+0000] {logging_mixin.py:188} INFO - [2024-05-23T19:50:20.702+0000] {dagbag.py:545} INFO - Filling up the DagBag from /home/airflow/.local/lib/python3.12/site-packages/airflow/example_dags/example_trigger_target_dag.py
[2024-05-23T19:50:20.711+0000] {processor.py:840} INFO - DAG(s) 'example_trigger_target_dag' retrieved from /home/airflow/.local/lib/python3.12/site-packages/airflow/example_dags/example_trigger_target_dag.py
[2024-05-23T19:50:20.741+0000] {logging_mixin.py:188} INFO - [2024-05-23T19:50:20.740+0000] {dag.py:3096} INFO - Sync 1 DAGs
[2024-05-23T19:50:20.761+0000] {logging_mixin.py:188} INFO - [2024-05-23T19:50:20.760+0000] {dag.py:3954} INFO - Setting next_dagrun for example_trigger_target_dag to None, run_after=None
[2024-05-23T19:50:20.792+0000] {processor.py:183} INFO - Processing /home/airflow/.local/lib/python3.12/site-packages/airflow/example_dags/example_trigger_target_dag.py took 0.102 seconds
[2024-05-23T19:50:51.007+0000] {processor.py:161} INFO - Started process (PID=11145) to work on /home/airflow/.local/lib/python3.12/site-packages/airflow/example_dags/example_trigger_target_dag.py
[2024-05-23T19:50:51.009+0000] {processor.py:830} INFO - Processing file /home/airflow/.local/lib/python3.12/site-packages/airflow/example_dags/example_trigger_target_dag.py for tasks to queue
[2024-05-23T19:50:51.013+0000] {logging_mixin.py:188} INFO - [2024-05-23T19:50:51.012+0000] {dagbag.py:545} INFO - Filling up the DagBag from /home/airflow/.local/lib/python3.12/site-packages/airflow/example_dags/example_trigger_target_dag.py
[2024-05-23T19:50:51.021+0000] {processor.py:840} INFO - DAG(s) 'example_trigger_target_dag' retrieved from /home/airflow/.local/lib/python3.12/site-packages/airflow/example_dags/example_trigger_target_dag.py
[2024-05-23T19:50:51.051+0000] {logging_mixin.py:188} INFO - [2024-05-23T19:50:51.050+0000] {dag.py:3096} INFO - Sync 1 DAGs
[2024-05-23T19:50:51.079+0000] {logging_mixin.py:188} INFO - [2024-05-23T19:50:51.078+0000] {dag.py:3954} INFO - Setting next_dagrun for example_trigger_target_dag to None, run_after=None
[2024-05-23T19:50:51.141+0000] {processor.py:183} INFO - Processing /home/airflow/.local/lib/python3.12/site-packages/airflow/example_dags/example_trigger_target_dag.py took 0.144 seconds
[2024-05-23T19:51:21.297+0000] {processor.py:161} INFO - Started process (PID=11405) to work on /home/airflow/.local/lib/python3.12/site-packages/airflow/example_dags/example_trigger_target_dag.py
[2024-05-23T19:51:21.298+0000] {processor.py:830} INFO - Processing file /home/airflow/.local/lib/python3.12/site-packages/airflow/example_dags/example_trigger_target_dag.py for tasks to queue
[2024-05-23T19:51:21.301+0000] {logging_mixin.py:188} INFO - [2024-05-23T19:51:21.301+0000] {dagbag.py:545} INFO - Filling up the DagBag from /home/airflow/.local/lib/python3.12/site-packages/airflow/example_dags/example_trigger_target_dag.py
[2024-05-23T19:51:21.310+0000] {processor.py:840} INFO - DAG(s) 'example_trigger_target_dag' retrieved from /home/airflow/.local/lib/python3.12/site-packages/airflow/example_dags/example_trigger_target_dag.py
[2024-05-23T19:51:21.338+0000] {logging_mixin.py:188} INFO - [2024-05-23T19:51:21.337+0000] {dag.py:3096} INFO - Sync 1 DAGs
[2024-05-23T19:51:21.358+0000] {logging_mixin.py:188} INFO - [2024-05-23T19:51:21.358+0000] {dag.py:3954} INFO - Setting next_dagrun for example_trigger_target_dag to None, run_after=None
[2024-05-23T19:51:21.384+0000] {processor.py:183} INFO - Processing /home/airflow/.local/lib/python3.12/site-packages/airflow/example_dags/example_trigger_target_dag.py took 0.097 seconds
[2024-05-23T19:51:51.663+0000] {processor.py:161} INFO - Started process (PID=11667) to work on /home/airflow/.local/lib/python3.12/site-packages/airflow/example_dags/example_trigger_target_dag.py
[2024-05-23T19:51:51.665+0000] {processor.py:830} INFO - Processing file /home/airflow/.local/lib/python3.12/site-packages/airflow/example_dags/example_trigger_target_dag.py for tasks to queue
[2024-05-23T19:51:51.670+0000] {logging_mixin.py:188} INFO - [2024-05-23T19:51:51.669+0000] {dagbag.py:545} INFO - Filling up the DagBag from /home/airflow/.local/lib/python3.12/site-packages/airflow/example_dags/example_trigger_target_dag.py
[2024-05-23T19:51:51.686+0000] {processor.py:840} INFO - DAG(s) 'example_trigger_target_dag' retrieved from /home/airflow/.local/lib/python3.12/site-packages/airflow/example_dags/example_trigger_target_dag.py
[2024-05-23T19:51:51.721+0000] {logging_mixin.py:188} INFO - [2024-05-23T19:51:51.720+0000] {dag.py:3096} INFO - Sync 1 DAGs
[2024-05-23T19:51:51.744+0000] {logging_mixin.py:188} INFO - [2024-05-23T19:51:51.744+0000] {dag.py:3954} INFO - Setting next_dagrun for example_trigger_target_dag to None, run_after=None
[2024-05-23T19:51:51.775+0000] {processor.py:183} INFO - Processing /home/airflow/.local/lib/python3.12/site-packages/airflow/example_dags/example_trigger_target_dag.py took 0.127 seconds
[2024-05-23T19:52:21.889+0000] {processor.py:161} INFO - Started process (PID=11929) to work on /home/airflow/.local/lib/python3.12/site-packages/airflow/example_dags/example_trigger_target_dag.py
[2024-05-23T19:52:21.890+0000] {processor.py:830} INFO - Processing file /home/airflow/.local/lib/python3.12/site-packages/airflow/example_dags/example_trigger_target_dag.py for tasks to queue
[2024-05-23T19:52:21.894+0000] {logging_mixin.py:188} INFO - [2024-05-23T19:52:21.893+0000] {dagbag.py:545} INFO - Filling up the DagBag from /home/airflow/.local/lib/python3.12/site-packages/airflow/example_dags/example_trigger_target_dag.py
[2024-05-23T19:52:21.902+0000] {processor.py:840} INFO - DAG(s) 'example_trigger_target_dag' retrieved from /home/airflow/.local/lib/python3.12/site-packages/airflow/example_dags/example_trigger_target_dag.py
[2024-05-23T19:52:21.931+0000] {logging_mixin.py:188} INFO - [2024-05-23T19:52:21.931+0000] {dag.py:3096} INFO - Sync 1 DAGs
[2024-05-23T19:52:21.951+0000] {logging_mixin.py:188} INFO - [2024-05-23T19:52:21.951+0000] {dag.py:3954} INFO - Setting next_dagrun for example_trigger_target_dag to None, run_after=None
[2024-05-23T19:52:21.985+0000] {processor.py:183} INFO - Processing /home/airflow/.local/lib/python3.12/site-packages/airflow/example_dags/example_trigger_target_dag.py took 0.104 seconds
[2024-05-23T19:52:52.327+0000] {processor.py:161} INFO - Started process (PID=12191) to work on /home/airflow/.local/lib/python3.12/site-packages/airflow/example_dags/example_trigger_target_dag.py
[2024-05-23T19:52:52.329+0000] {processor.py:830} INFO - Processing file /home/airflow/.local/lib/python3.12/site-packages/airflow/example_dags/example_trigger_target_dag.py for tasks to queue
[2024-05-23T19:52:52.332+0000] {logging_mixin.py:188} INFO - [2024-05-23T19:52:52.331+0000] {dagbag.py:545} INFO - Filling up the DagBag from /home/airflow/.local/lib/python3.12/site-packages/airflow/example_dags/example_trigger_target_dag.py
[2024-05-23T19:52:52.341+0000] {processor.py:840} INFO - DAG(s) 'example_trigger_target_dag' retrieved from /home/airflow/.local/lib/python3.12/site-packages/airflow/example_dags/example_trigger_target_dag.py
[2024-05-23T19:52:52.375+0000] {logging_mixin.py:188} INFO - [2024-05-23T19:52:52.375+0000] {dag.py:3096} INFO - Sync 1 DAGs
[2024-05-23T19:52:52.397+0000] {logging_mixin.py:188} INFO - [2024-05-23T19:52:52.397+0000] {dag.py:3954} INFO - Setting next_dagrun for example_trigger_target_dag to None, run_after=None
[2024-05-23T19:52:52.427+0000] {processor.py:183} INFO - Processing /home/airflow/.local/lib/python3.12/site-packages/airflow/example_dags/example_trigger_target_dag.py took 0.110 seconds
[2024-05-23T19:53:22.865+0000] {processor.py:161} INFO - Started process (PID=12453) to work on /home/airflow/.local/lib/python3.12/site-packages/airflow/example_dags/example_trigger_target_dag.py
[2024-05-23T19:53:22.866+0000] {processor.py:830} INFO - Processing file /home/airflow/.local/lib/python3.12/site-packages/airflow/example_dags/example_trigger_target_dag.py for tasks to queue
[2024-05-23T19:53:22.869+0000] {logging_mixin.py:188} INFO - [2024-05-23T19:53:22.869+0000] {dagbag.py:545} INFO - Filling up the DagBag from /home/airflow/.local/lib/python3.12/site-packages/airflow/example_dags/example_trigger_target_dag.py
[2024-05-23T19:53:22.879+0000] {processor.py:840} INFO - DAG(s) 'example_trigger_target_dag' retrieved from /home/airflow/.local/lib/python3.12/site-packages/airflow/example_dags/example_trigger_target_dag.py
[2024-05-23T19:53:22.905+0000] {logging_mixin.py:188} INFO - [2024-05-23T19:53:22.905+0000] {dag.py:3096} INFO - Sync 1 DAGs
[2024-05-23T19:53:22.925+0000] {logging_mixin.py:188} INFO - [2024-05-23T19:53:22.924+0000] {dag.py:3954} INFO - Setting next_dagrun for example_trigger_target_dag to None, run_after=None
[2024-05-23T19:53:22.952+0000] {processor.py:183} INFO - Processing /home/airflow/.local/lib/python3.12/site-packages/airflow/example_dags/example_trigger_target_dag.py took 0.096 seconds
[2024-05-23T19:53:53.513+0000] {processor.py:161} INFO - Started process (PID=12709) to work on /home/airflow/.local/lib/python3.12/site-packages/airflow/example_dags/example_trigger_target_dag.py
[2024-05-23T19:53:53.514+0000] {processor.py:830} INFO - Processing file /home/airflow/.local/lib/python3.12/site-packages/airflow/example_dags/example_trigger_target_dag.py for tasks to queue
[2024-05-23T19:53:53.517+0000] {logging_mixin.py:188} INFO - [2024-05-23T19:53:53.516+0000] {dagbag.py:545} INFO - Filling up the DagBag from /home/airflow/.local/lib/python3.12/site-packages/airflow/example_dags/example_trigger_target_dag.py
[2024-05-23T19:53:53.526+0000] {processor.py:840} INFO - DAG(s) 'example_trigger_target_dag' retrieved from /home/airflow/.local/lib/python3.12/site-packages/airflow/example_dags/example_trigger_target_dag.py
[2024-05-23T19:53:53.553+0000] {logging_mixin.py:188} INFO - [2024-05-23T19:53:53.553+0000] {dag.py:3096} INFO - Sync 1 DAGs
[2024-05-23T19:53:53.573+0000] {logging_mixin.py:188} INFO - [2024-05-23T19:53:53.573+0000] {dag.py:3954} INFO - Setting next_dagrun for example_trigger_target_dag to None, run_after=None
[2024-05-23T19:53:53.602+0000] {processor.py:183} INFO - Processing /home/airflow/.local/lib/python3.12/site-packages/airflow/example_dags/example_trigger_target_dag.py took 0.098 seconds
[2024-05-23T19:54:24.129+0000] {processor.py:161} INFO - Started process (PID=12971) to work on /home/airflow/.local/lib/python3.12/site-packages/airflow/example_dags/example_trigger_target_dag.py
[2024-05-23T19:54:24.130+0000] {processor.py:830} INFO - Processing file /home/airflow/.local/lib/python3.12/site-packages/airflow/example_dags/example_trigger_target_dag.py for tasks to queue
[2024-05-23T19:54:24.133+0000] {logging_mixin.py:188} INFO - [2024-05-23T19:54:24.133+0000] {dagbag.py:545} INFO - Filling up the DagBag from /home/airflow/.local/lib/python3.12/site-packages/airflow/example_dags/example_trigger_target_dag.py
[2024-05-23T19:54:24.142+0000] {processor.py:840} INFO - DAG(s) 'example_trigger_target_dag' retrieved from /home/airflow/.local/lib/python3.12/site-packages/airflow/example_dags/example_trigger_target_dag.py
[2024-05-23T19:54:24.171+0000] {logging_mixin.py:188} INFO - [2024-05-23T19:54:24.170+0000] {dag.py:3096} INFO - Sync 1 DAGs
[2024-05-23T19:54:24.190+0000] {logging_mixin.py:188} INFO - [2024-05-23T19:54:24.190+0000] {dag.py:3954} INFO - Setting next_dagrun for example_trigger_target_dag to None, run_after=None
[2024-05-23T19:54:24.258+0000] {processor.py:183} INFO - Processing /home/airflow/.local/lib/python3.12/site-packages/airflow/example_dags/example_trigger_target_dag.py took 0.139 seconds
[2024-05-23T19:54:54.968+0000] {processor.py:161} INFO - Started process (PID=13234) to work on /home/airflow/.local/lib/python3.12/site-packages/airflow/example_dags/example_trigger_target_dag.py
[2024-05-23T19:54:54.969+0000] {processor.py:830} INFO - Processing file /home/airflow/.local/lib/python3.12/site-packages/airflow/example_dags/example_trigger_target_dag.py for tasks to queue
[2024-05-23T19:54:54.972+0000] {logging_mixin.py:188} INFO - [2024-05-23T19:54:54.972+0000] {dagbag.py:545} INFO - Filling up the DagBag from /home/airflow/.local/lib/python3.12/site-packages/airflow/example_dags/example_trigger_target_dag.py
[2024-05-23T19:54:54.980+0000] {processor.py:840} INFO - DAG(s) 'example_trigger_target_dag' retrieved from /home/airflow/.local/lib/python3.12/site-packages/airflow/example_dags/example_trigger_target_dag.py
[2024-05-23T19:54:55.005+0000] {logging_mixin.py:188} INFO - [2024-05-23T19:54:55.004+0000] {dag.py:3096} INFO - Sync 1 DAGs
[2024-05-23T19:54:55.023+0000] {logging_mixin.py:188} INFO - [2024-05-23T19:54:55.022+0000] {dag.py:3954} INFO - Setting next_dagrun for example_trigger_target_dag to None, run_after=None
[2024-05-23T19:54:55.047+0000] {processor.py:183} INFO - Processing /home/airflow/.local/lib/python3.12/site-packages/airflow/example_dags/example_trigger_target_dag.py took 0.087 seconds
[2024-05-23T19:55:25.792+0000] {processor.py:161} INFO - Started process (PID=13495) to work on /home/airflow/.local/lib/python3.12/site-packages/airflow/example_dags/example_trigger_target_dag.py
[2024-05-23T19:55:25.793+0000] {processor.py:830} INFO - Processing file /home/airflow/.local/lib/python3.12/site-packages/airflow/example_dags/example_trigger_target_dag.py for tasks to queue
[2024-05-23T19:55:25.795+0000] {logging_mixin.py:188} INFO - [2024-05-23T19:55:25.795+0000] {dagbag.py:545} INFO - Filling up the DagBag from /home/airflow/.local/lib/python3.12/site-packages/airflow/example_dags/example_trigger_target_dag.py
[2024-05-23T19:55:25.803+0000] {processor.py:840} INFO - DAG(s) 'example_trigger_target_dag' retrieved from /home/airflow/.local/lib/python3.12/site-packages/airflow/example_dags/example_trigger_target_dag.py
[2024-05-23T19:55:25.835+0000] {logging_mixin.py:188} INFO - [2024-05-23T19:55:25.834+0000] {dag.py:3096} INFO - Sync 1 DAGs
[2024-05-23T19:55:25.971+0000] {logging_mixin.py:188} INFO - [2024-05-23T19:55:25.971+0000] {dag.py:3954} INFO - Setting next_dagrun for example_trigger_target_dag to None, run_after=None
[2024-05-23T19:55:26.010+0000] {processor.py:183} INFO - Processing /home/airflow/.local/lib/python3.12/site-packages/airflow/example_dags/example_trigger_target_dag.py took 0.227 seconds
[2024-05-23T19:55:56.348+0000] {processor.py:161} INFO - Started process (PID=13757) to work on /home/airflow/.local/lib/python3.12/site-packages/airflow/example_dags/example_trigger_target_dag.py
[2024-05-23T19:55:56.350+0000] {processor.py:830} INFO - Processing file /home/airflow/.local/lib/python3.12/site-packages/airflow/example_dags/example_trigger_target_dag.py for tasks to queue
[2024-05-23T19:55:56.352+0000] {logging_mixin.py:188} INFO - [2024-05-23T19:55:56.352+0000] {dagbag.py:545} INFO - Filling up the DagBag from /home/airflow/.local/lib/python3.12/site-packages/airflow/example_dags/example_trigger_target_dag.py
[2024-05-23T19:55:56.360+0000] {processor.py:840} INFO - DAG(s) 'example_trigger_target_dag' retrieved from /home/airflow/.local/lib/python3.12/site-packages/airflow/example_dags/example_trigger_target_dag.py
[2024-05-23T19:55:56.385+0000] {logging_mixin.py:188} INFO - [2024-05-23T19:55:56.385+0000] {dag.py:3096} INFO - Sync 1 DAGs
[2024-05-23T19:55:56.403+0000] {logging_mixin.py:188} INFO - [2024-05-23T19:55:56.403+0000] {dag.py:3954} INFO - Setting next_dagrun for example_trigger_target_dag to None, run_after=None
[2024-05-23T19:55:56.427+0000] {processor.py:183} INFO - Processing /home/airflow/.local/lib/python3.12/site-packages/airflow/example_dags/example_trigger_target_dag.py took 0.086 seconds
[2024-05-23T19:56:26.572+0000] {processor.py:161} INFO - Started process (PID=14019) to work on /home/airflow/.local/lib/python3.12/site-packages/airflow/example_dags/example_trigger_target_dag.py
[2024-05-23T19:56:26.574+0000] {processor.py:830} INFO - Processing file /home/airflow/.local/lib/python3.12/site-packages/airflow/example_dags/example_trigger_target_dag.py for tasks to queue
[2024-05-23T19:56:26.576+0000] {logging_mixin.py:188} INFO - [2024-05-23T19:56:26.576+0000] {dagbag.py:545} INFO - Filling up the DagBag from /home/airflow/.local/lib/python3.12/site-packages/airflow/example_dags/example_trigger_target_dag.py
[2024-05-23T19:56:26.584+0000] {processor.py:840} INFO - DAG(s) 'example_trigger_target_dag' retrieved from /home/airflow/.local/lib/python3.12/site-packages/airflow/example_dags/example_trigger_target_dag.py
[2024-05-23T19:56:26.609+0000] {logging_mixin.py:188} INFO - [2024-05-23T19:56:26.609+0000] {dag.py:3096} INFO - Sync 1 DAGs
[2024-05-23T19:56:26.627+0000] {logging_mixin.py:188} INFO - [2024-05-23T19:56:26.627+0000] {dag.py:3954} INFO - Setting next_dagrun for example_trigger_target_dag to None, run_after=None
[2024-05-23T19:56:26.652+0000] {processor.py:183} INFO - Processing /home/airflow/.local/lib/python3.12/site-packages/airflow/example_dags/example_trigger_target_dag.py took 0.088 seconds
[2024-05-23T19:56:57.372+0000] {processor.py:161} INFO - Started process (PID=14281) to work on /home/airflow/.local/lib/python3.12/site-packages/airflow/example_dags/example_trigger_target_dag.py
[2024-05-23T19:56:57.374+0000] {processor.py:830} INFO - Processing file /home/airflow/.local/lib/python3.12/site-packages/airflow/example_dags/example_trigger_target_dag.py for tasks to queue
[2024-05-23T19:56:57.377+0000] {logging_mixin.py:188} INFO - [2024-05-23T19:56:57.376+0000] {dagbag.py:545} INFO - Filling up the DagBag from /home/airflow/.local/lib/python3.12/site-packages/airflow/example_dags/example_trigger_target_dag.py
[2024-05-23T19:56:57.385+0000] {processor.py:840} INFO - DAG(s) 'example_trigger_target_dag' retrieved from /home/airflow/.local/lib/python3.12/site-packages/airflow/example_dags/example_trigger_target_dag.py
[2024-05-23T19:56:57.413+0000] {logging_mixin.py:188} INFO - [2024-05-23T19:56:57.412+0000] {dag.py:3096} INFO - Sync 1 DAGs
[2024-05-23T19:56:57.430+0000] {logging_mixin.py:188} INFO - [2024-05-23T19:56:57.430+0000] {dag.py:3954} INFO - Setting next_dagrun for example_trigger_target_dag to None, run_after=None
[2024-05-23T19:56:57.456+0000] {processor.py:183} INFO - Processing /home/airflow/.local/lib/python3.12/site-packages/airflow/example_dags/example_trigger_target_dag.py took 0.092 seconds
[2024-05-23T19:57:27.916+0000] {processor.py:161} INFO - Started process (PID=14543) to work on /home/airflow/.local/lib/python3.12/site-packages/airflow/example_dags/example_trigger_target_dag.py
[2024-05-23T19:57:27.917+0000] {processor.py:830} INFO - Processing file /home/airflow/.local/lib/python3.12/site-packages/airflow/example_dags/example_trigger_target_dag.py for tasks to queue
[2024-05-23T19:57:27.920+0000] {logging_mixin.py:188} INFO - [2024-05-23T19:57:27.919+0000] {dagbag.py:545} INFO - Filling up the DagBag from /home/airflow/.local/lib/python3.12/site-packages/airflow/example_dags/example_trigger_target_dag.py
[2024-05-23T19:57:27.928+0000] {processor.py:840} INFO - DAG(s) 'example_trigger_target_dag' retrieved from /home/airflow/.local/lib/python3.12/site-packages/airflow/example_dags/example_trigger_target_dag.py
[2024-05-23T19:57:27.954+0000] {logging_mixin.py:188} INFO - [2024-05-23T19:57:27.954+0000] {dag.py:3096} INFO - Sync 1 DAGs
[2024-05-23T19:57:27.972+0000] {logging_mixin.py:188} INFO - [2024-05-23T19:57:27.971+0000] {dag.py:3954} INFO - Setting next_dagrun for example_trigger_target_dag to None, run_after=None
[2024-05-23T19:57:27.997+0000] {processor.py:183} INFO - Processing /home/airflow/.local/lib/python3.12/site-packages/airflow/example_dags/example_trigger_target_dag.py took 0.090 seconds
[2024-05-23T19:58:12.547+0000] {processor.py:161} INFO - Started process (PID=14810) to work on /home/airflow/.local/lib/python3.12/site-packages/airflow/example_dags/example_trigger_target_dag.py
[2024-05-23T19:58:12.549+0000] {processor.py:830} INFO - Processing file /home/airflow/.local/lib/python3.12/site-packages/airflow/example_dags/example_trigger_target_dag.py for tasks to queue
[2024-05-23T19:58:12.552+0000] {logging_mixin.py:188} INFO - [2024-05-23T19:58:12.551+0000] {dagbag.py:545} INFO - Filling up the DagBag from /home/airflow/.local/lib/python3.12/site-packages/airflow/example_dags/example_trigger_target_dag.py
[2024-05-23T19:58:12.562+0000] {processor.py:840} INFO - DAG(s) 'example_trigger_target_dag' retrieved from /home/airflow/.local/lib/python3.12/site-packages/airflow/example_dags/example_trigger_target_dag.py
[2024-05-23T19:58:12.588+0000] {logging_mixin.py:188} INFO - [2024-05-23T19:58:12.587+0000] {dag.py:3096} INFO - Sync 1 DAGs
[2024-05-23T19:58:12.610+0000] {logging_mixin.py:188} INFO - [2024-05-23T19:58:12.610+0000] {dag.py:3954} INFO - Setting next_dagrun for example_trigger_target_dag to None, run_after=None
[2024-05-23T19:58:12.636+0000] {processor.py:183} INFO - Processing /home/airflow/.local/lib/python3.12/site-packages/airflow/example_dags/example_trigger_target_dag.py took 0.097 seconds
[2024-05-23T20:03:44.543+0000] {processor.py:161} INFO - Started process (PID=15143) to work on /home/airflow/.local/lib/python3.12/site-packages/airflow/example_dags/example_trigger_target_dag.py
[2024-05-23T20:03:44.544+0000] {processor.py:830} INFO - Processing file /home/airflow/.local/lib/python3.12/site-packages/airflow/example_dags/example_trigger_target_dag.py for tasks to queue
[2024-05-23T20:03:44.546+0000] {logging_mixin.py:188} INFO - [2024-05-23T20:03:44.545+0000] {dagbag.py:545} INFO - Filling up the DagBag from /home/airflow/.local/lib/python3.12/site-packages/airflow/example_dags/example_trigger_target_dag.py
[2024-05-23T20:03:44.553+0000] {processor.py:840} INFO - DAG(s) 'example_trigger_target_dag' retrieved from /home/airflow/.local/lib/python3.12/site-packages/airflow/example_dags/example_trigger_target_dag.py
[2024-05-23T20:03:44.580+0000] {logging_mixin.py:188} INFO - [2024-05-23T20:03:44.580+0000] {dag.py:3096} INFO - Sync 1 DAGs
[2024-05-23T20:03:44.596+0000] {logging_mixin.py:188} INFO - [2024-05-23T20:03:44.596+0000] {dag.py:3954} INFO - Setting next_dagrun for example_trigger_target_dag to None, run_after=None
[2024-05-23T20:03:44.619+0000] {processor.py:183} INFO - Processing /home/airflow/.local/lib/python3.12/site-packages/airflow/example_dags/example_trigger_target_dag.py took 0.084 seconds
[2024-05-23T20:04:24.901+0000] {processor.py:161} INFO - Started process (PID=15405) to work on /home/airflow/.local/lib/python3.12/site-packages/airflow/example_dags/example_trigger_target_dag.py
[2024-05-23T20:04:24.907+0000] {processor.py:830} INFO - Processing file /home/airflow/.local/lib/python3.12/site-packages/airflow/example_dags/example_trigger_target_dag.py for tasks to queue
[2024-05-23T20:04:24.913+0000] {logging_mixin.py:188} INFO - [2024-05-23T20:04:24.912+0000] {dagbag.py:545} INFO - Filling up the DagBag from /home/airflow/.local/lib/python3.12/site-packages/airflow/example_dags/example_trigger_target_dag.py
[2024-05-23T20:04:24.949+0000] {processor.py:840} INFO - DAG(s) 'example_trigger_target_dag' retrieved from /home/airflow/.local/lib/python3.12/site-packages/airflow/example_dags/example_trigger_target_dag.py
[2024-05-23T20:04:25.070+0000] {logging_mixin.py:188} INFO - [2024-05-23T20:04:25.069+0000] {dag.py:3096} INFO - Sync 1 DAGs
[2024-05-23T20:04:25.148+0000] {logging_mixin.py:188} INFO - [2024-05-23T20:04:25.147+0000] {dag.py:3954} INFO - Setting next_dagrun for example_trigger_target_dag to None, run_after=None
[2024-05-23T20:04:25.248+0000] {processor.py:183} INFO - Processing /home/airflow/.local/lib/python3.12/site-packages/airflow/example_dags/example_trigger_target_dag.py took 0.385 seconds
[2024-05-23T20:08:15.798+0000] {processor.py:161} INFO - Started process (PID=15668) to work on /home/airflow/.local/lib/python3.12/site-packages/airflow/example_dags/example_trigger_target_dag.py
[2024-05-23T20:08:15.800+0000] {processor.py:830} INFO - Processing file /home/airflow/.local/lib/python3.12/site-packages/airflow/example_dags/example_trigger_target_dag.py for tasks to queue
[2024-05-23T20:08:15.801+0000] {logging_mixin.py:188} INFO - [2024-05-23T20:08:15.801+0000] {dagbag.py:545} INFO - Filling up the DagBag from /home/airflow/.local/lib/python3.12/site-packages/airflow/example_dags/example_trigger_target_dag.py
[2024-05-23T20:08:15.808+0000] {processor.py:840} INFO - DAG(s) 'example_trigger_target_dag' retrieved from /home/airflow/.local/lib/python3.12/site-packages/airflow/example_dags/example_trigger_target_dag.py
[2024-05-23T20:08:15.835+0000] {logging_mixin.py:188} INFO - [2024-05-23T20:08:15.835+0000] {dag.py:3096} INFO - Sync 1 DAGs
[2024-05-23T20:08:15.858+0000] {logging_mixin.py:188} INFO - [2024-05-23T20:08:15.858+0000] {dag.py:3954} INFO - Setting next_dagrun for example_trigger_target_dag to None, run_after=None
[2024-05-23T20:08:15.883+0000] {processor.py:183} INFO - Processing /home/airflow/.local/lib/python3.12/site-packages/airflow/example_dags/example_trigger_target_dag.py took 0.093 seconds
[2024-05-23T20:08:46.151+0000] {processor.py:161} INFO - Started process (PID=15930) to work on /home/airflow/.local/lib/python3.12/site-packages/airflow/example_dags/example_trigger_target_dag.py
[2024-05-23T20:08:46.153+0000] {processor.py:830} INFO - Processing file /home/airflow/.local/lib/python3.12/site-packages/airflow/example_dags/example_trigger_target_dag.py for tasks to queue
[2024-05-23T20:08:46.154+0000] {logging_mixin.py:188} INFO - [2024-05-23T20:08:46.154+0000] {dagbag.py:545} INFO - Filling up the DagBag from /home/airflow/.local/lib/python3.12/site-packages/airflow/example_dags/example_trigger_target_dag.py
[2024-05-23T20:08:46.162+0000] {processor.py:840} INFO - DAG(s) 'example_trigger_target_dag' retrieved from /home/airflow/.local/lib/python3.12/site-packages/airflow/example_dags/example_trigger_target_dag.py
[2024-05-23T20:08:46.190+0000] {logging_mixin.py:188} INFO - [2024-05-23T20:08:46.190+0000] {dag.py:3096} INFO - Sync 1 DAGs
[2024-05-23T20:08:46.209+0000] {logging_mixin.py:188} INFO - [2024-05-23T20:08:46.209+0000] {dag.py:3954} INFO - Setting next_dagrun for example_trigger_target_dag to None, run_after=None
[2024-05-23T20:08:46.235+0000] {processor.py:183} INFO - Processing /home/airflow/.local/lib/python3.12/site-packages/airflow/example_dags/example_trigger_target_dag.py took 0.093 seconds
[2024-05-23T20:09:16.495+0000] {processor.py:161} INFO - Started process (PID=16192) to work on /home/airflow/.local/lib/python3.12/site-packages/airflow/example_dags/example_trigger_target_dag.py
[2024-05-23T20:09:16.496+0000] {processor.py:830} INFO - Processing file /home/airflow/.local/lib/python3.12/site-packages/airflow/example_dags/example_trigger_target_dag.py for tasks to queue
[2024-05-23T20:09:16.498+0000] {logging_mixin.py:188} INFO - [2024-05-23T20:09:16.497+0000] {dagbag.py:545} INFO - Filling up the DagBag from /home/airflow/.local/lib/python3.12/site-packages/airflow/example_dags/example_trigger_target_dag.py
[2024-05-23T20:09:16.506+0000] {processor.py:840} INFO - DAG(s) 'example_trigger_target_dag' retrieved from /home/airflow/.local/lib/python3.12/site-packages/airflow/example_dags/example_trigger_target_dag.py
[2024-05-23T20:09:16.534+0000] {logging_mixin.py:188} INFO - [2024-05-23T20:09:16.534+0000] {dag.py:3096} INFO - Sync 1 DAGs
[2024-05-23T20:09:16.552+0000] {logging_mixin.py:188} INFO - [2024-05-23T20:09:16.552+0000] {dag.py:3954} INFO - Setting next_dagrun for example_trigger_target_dag to None, run_after=None
[2024-05-23T20:09:16.578+0000] {processor.py:183} INFO - Processing /home/airflow/.local/lib/python3.12/site-packages/airflow/example_dags/example_trigger_target_dag.py took 0.092 seconds
[2024-05-23T20:09:46.974+0000] {processor.py:161} INFO - Started process (PID=16456) to work on /home/airflow/.local/lib/python3.12/site-packages/airflow/example_dags/example_trigger_target_dag.py
[2024-05-23T20:09:46.976+0000] {processor.py:830} INFO - Processing file /home/airflow/.local/lib/python3.12/site-packages/airflow/example_dags/example_trigger_target_dag.py for tasks to queue
[2024-05-23T20:09:46.978+0000] {logging_mixin.py:188} INFO - [2024-05-23T20:09:46.977+0000] {dagbag.py:545} INFO - Filling up the DagBag from /home/airflow/.local/lib/python3.12/site-packages/airflow/example_dags/example_trigger_target_dag.py
[2024-05-23T20:09:46.986+0000] {processor.py:840} INFO - DAG(s) 'example_trigger_target_dag' retrieved from /home/airflow/.local/lib/python3.12/site-packages/airflow/example_dags/example_trigger_target_dag.py
[2024-05-23T20:09:47.014+0000] {logging_mixin.py:188} INFO - [2024-05-23T20:09:47.013+0000] {dag.py:3096} INFO - Sync 1 DAGs
[2024-05-23T20:09:47.031+0000] {logging_mixin.py:188} INFO - [2024-05-23T20:09:47.030+0000] {dag.py:3954} INFO - Setting next_dagrun for example_trigger_target_dag to None, run_after=None
[2024-05-23T20:09:47.056+0000] {processor.py:183} INFO - Processing /home/airflow/.local/lib/python3.12/site-packages/airflow/example_dags/example_trigger_target_dag.py took 0.091 seconds
[2024-05-23T20:10:17.326+0000] {processor.py:161} INFO - Started process (PID=16716) to work on /home/airflow/.local/lib/python3.12/site-packages/airflow/example_dags/example_trigger_target_dag.py
[2024-05-23T20:10:17.329+0000] {processor.py:830} INFO - Processing file /home/airflow/.local/lib/python3.12/site-packages/airflow/example_dags/example_trigger_target_dag.py for tasks to queue
[2024-05-23T20:10:17.331+0000] {logging_mixin.py:188} INFO - [2024-05-23T20:10:17.331+0000] {dagbag.py:545} INFO - Filling up the DagBag from /home/airflow/.local/lib/python3.12/site-packages/airflow/example_dags/example_trigger_target_dag.py
[2024-05-23T20:10:17.353+0000] {processor.py:840} INFO - DAG(s) 'example_trigger_target_dag' retrieved from /home/airflow/.local/lib/python3.12/site-packages/airflow/example_dags/example_trigger_target_dag.py
[2024-05-23T20:10:17.492+0000] {logging_mixin.py:188} INFO - [2024-05-23T20:10:17.491+0000] {dag.py:3096} INFO - Sync 1 DAGs
[2024-05-23T20:10:17.529+0000] {logging_mixin.py:188} INFO - [2024-05-23T20:10:17.528+0000] {dag.py:3954} INFO - Setting next_dagrun for example_trigger_target_dag to None, run_after=None
[2024-05-23T20:10:17.608+0000] {processor.py:183} INFO - Processing /home/airflow/.local/lib/python3.12/site-packages/airflow/example_dags/example_trigger_target_dag.py took 0.293 seconds
[2024-05-23T20:10:48.529+0000] {processor.py:161} INFO - Started process (PID=16980) to work on /home/airflow/.local/lib/python3.12/site-packages/airflow/example_dags/example_trigger_target_dag.py
[2024-05-23T20:10:48.530+0000] {processor.py:830} INFO - Processing file /home/airflow/.local/lib/python3.12/site-packages/airflow/example_dags/example_trigger_target_dag.py for tasks to queue
[2024-05-23T20:10:48.531+0000] {logging_mixin.py:188} INFO - [2024-05-23T20:10:48.531+0000] {dagbag.py:545} INFO - Filling up the DagBag from /home/airflow/.local/lib/python3.12/site-packages/airflow/example_dags/example_trigger_target_dag.py
[2024-05-23T20:10:48.539+0000] {processor.py:840} INFO - DAG(s) 'example_trigger_target_dag' retrieved from /home/airflow/.local/lib/python3.12/site-packages/airflow/example_dags/example_trigger_target_dag.py
[2024-05-23T20:10:48.565+0000] {logging_mixin.py:188} INFO - [2024-05-23T20:10:48.565+0000] {dag.py:3096} INFO - Sync 1 DAGs
[2024-05-23T20:10:48.581+0000] {logging_mixin.py:188} INFO - [2024-05-23T20:10:48.581+0000] {dag.py:3954} INFO - Setting next_dagrun for example_trigger_target_dag to None, run_after=None
[2024-05-23T20:10:48.604+0000] {processor.py:183} INFO - Processing /home/airflow/.local/lib/python3.12/site-packages/airflow/example_dags/example_trigger_target_dag.py took 0.084 seconds
[2024-05-23T20:11:19.532+0000] {processor.py:161} INFO - Started process (PID=17241) to work on /home/airflow/.local/lib/python3.12/site-packages/airflow/example_dags/example_trigger_target_dag.py
[2024-05-23T20:11:19.533+0000] {processor.py:830} INFO - Processing file /home/airflow/.local/lib/python3.12/site-packages/airflow/example_dags/example_trigger_target_dag.py for tasks to queue
[2024-05-23T20:11:19.535+0000] {logging_mixin.py:188} INFO - [2024-05-23T20:11:19.534+0000] {dagbag.py:545} INFO - Filling up the DagBag from /home/airflow/.local/lib/python3.12/site-packages/airflow/example_dags/example_trigger_target_dag.py
[2024-05-23T20:11:19.541+0000] {processor.py:840} INFO - DAG(s) 'example_trigger_target_dag' retrieved from /home/airflow/.local/lib/python3.12/site-packages/airflow/example_dags/example_trigger_target_dag.py
[2024-05-23T20:11:19.568+0000] {logging_mixin.py:188} INFO - [2024-05-23T20:11:19.567+0000] {dag.py:3096} INFO - Sync 1 DAGs
[2024-05-23T20:11:19.583+0000] {logging_mixin.py:188} INFO - [2024-05-23T20:11:19.583+0000] {dag.py:3954} INFO - Setting next_dagrun for example_trigger_target_dag to None, run_after=None
[2024-05-23T20:11:19.607+0000] {processor.py:183} INFO - Processing /home/airflow/.local/lib/python3.12/site-packages/airflow/example_dags/example_trigger_target_dag.py took 0.083 seconds
[2024-05-23T20:11:49.736+0000] {processor.py:161} INFO - Started process (PID=17501) to work on /home/airflow/.local/lib/python3.12/site-packages/airflow/example_dags/example_trigger_target_dag.py
[2024-05-23T20:11:49.737+0000] {processor.py:830} INFO - Processing file /home/airflow/.local/lib/python3.12/site-packages/airflow/example_dags/example_trigger_target_dag.py for tasks to queue
[2024-05-23T20:11:49.739+0000] {logging_mixin.py:188} INFO - [2024-05-23T20:11:49.738+0000] {dagbag.py:545} INFO - Filling up the DagBag from /home/airflow/.local/lib/python3.12/site-packages/airflow/example_dags/example_trigger_target_dag.py
[2024-05-23T20:11:49.746+0000] {processor.py:840} INFO - DAG(s) 'example_trigger_target_dag' retrieved from /home/airflow/.local/lib/python3.12/site-packages/airflow/example_dags/example_trigger_target_dag.py
[2024-05-23T20:11:49.772+0000] {logging_mixin.py:188} INFO - [2024-05-23T20:11:49.772+0000] {dag.py:3096} INFO - Sync 1 DAGs
[2024-05-23T20:11:49.788+0000] {logging_mixin.py:188} INFO - [2024-05-23T20:11:49.788+0000] {dag.py:3954} INFO - Setting next_dagrun for example_trigger_target_dag to None, run_after=None
[2024-05-23T20:11:49.811+0000] {processor.py:183} INFO - Processing /home/airflow/.local/lib/python3.12/site-packages/airflow/example_dags/example_trigger_target_dag.py took 0.083 seconds
[2024-05-23T20:12:21.100+0000] {processor.py:161} INFO - Started process (PID=17763) to work on /home/airflow/.local/lib/python3.12/site-packages/airflow/example_dags/example_trigger_target_dag.py
[2024-05-23T20:12:21.102+0000] {processor.py:830} INFO - Processing file /home/airflow/.local/lib/python3.12/site-packages/airflow/example_dags/example_trigger_target_dag.py for tasks to queue
[2024-05-23T20:12:21.104+0000] {logging_mixin.py:188} INFO - [2024-05-23T20:12:21.103+0000] {dagbag.py:545} INFO - Filling up the DagBag from /home/airflow/.local/lib/python3.12/site-packages/airflow/example_dags/example_trigger_target_dag.py
[2024-05-23T20:12:21.112+0000] {processor.py:840} INFO - DAG(s) 'example_trigger_target_dag' retrieved from /home/airflow/.local/lib/python3.12/site-packages/airflow/example_dags/example_trigger_target_dag.py
[2024-05-23T20:12:21.143+0000] {logging_mixin.py:188} INFO - [2024-05-23T20:12:21.143+0000] {dag.py:3096} INFO - Sync 1 DAGs
[2024-05-23T20:12:21.162+0000] {logging_mixin.py:188} INFO - [2024-05-23T20:12:21.162+0000] {dag.py:3954} INFO - Setting next_dagrun for example_trigger_target_dag to None, run_after=None
[2024-05-23T20:12:21.187+0000] {processor.py:183} INFO - Processing /home/airflow/.local/lib/python3.12/site-packages/airflow/example_dags/example_trigger_target_dag.py took 0.096 seconds
[2024-05-23T20:12:51.481+0000] {processor.py:161} INFO - Started process (PID=18025) to work on /home/airflow/.local/lib/python3.12/site-packages/airflow/example_dags/example_trigger_target_dag.py
[2024-05-23T20:12:51.483+0000] {processor.py:830} INFO - Processing file /home/airflow/.local/lib/python3.12/site-packages/airflow/example_dags/example_trigger_target_dag.py for tasks to queue
[2024-05-23T20:12:51.484+0000] {logging_mixin.py:188} INFO - [2024-05-23T20:12:51.484+0000] {dagbag.py:545} INFO - Filling up the DagBag from /home/airflow/.local/lib/python3.12/site-packages/airflow/example_dags/example_trigger_target_dag.py
[2024-05-23T20:12:51.492+0000] {processor.py:840} INFO - DAG(s) 'example_trigger_target_dag' retrieved from /home/airflow/.local/lib/python3.12/site-packages/airflow/example_dags/example_trigger_target_dag.py
[2024-05-23T20:12:51.523+0000] {logging_mixin.py:188} INFO - [2024-05-23T20:12:51.523+0000] {dag.py:3096} INFO - Sync 1 DAGs
[2024-05-23T20:12:51.546+0000] {logging_mixin.py:188} INFO - [2024-05-23T20:12:51.545+0000] {dag.py:3954} INFO - Setting next_dagrun for example_trigger_target_dag to None, run_after=None
[2024-05-23T20:12:51.571+0000] {processor.py:183} INFO - Processing /home/airflow/.local/lib/python3.12/site-packages/airflow/example_dags/example_trigger_target_dag.py took 0.100 seconds
[2024-05-23T20:13:21.792+0000] {processor.py:161} INFO - Started process (PID=18287) to work on /home/airflow/.local/lib/python3.12/site-packages/airflow/example_dags/example_trigger_target_dag.py
[2024-05-23T20:13:21.794+0000] {processor.py:830} INFO - Processing file /home/airflow/.local/lib/python3.12/site-packages/airflow/example_dags/example_trigger_target_dag.py for tasks to queue
[2024-05-23T20:13:21.795+0000] {logging_mixin.py:188} INFO - [2024-05-23T20:13:21.795+0000] {dagbag.py:545} INFO - Filling up the DagBag from /home/airflow/.local/lib/python3.12/site-packages/airflow/example_dags/example_trigger_target_dag.py
[2024-05-23T20:13:21.802+0000] {processor.py:840} INFO - DAG(s) 'example_trigger_target_dag' retrieved from /home/airflow/.local/lib/python3.12/site-packages/airflow/example_dags/example_trigger_target_dag.py
[2024-05-23T20:13:21.829+0000] {logging_mixin.py:188} INFO - [2024-05-23T20:13:21.829+0000] {dag.py:3096} INFO - Sync 1 DAGs
[2024-05-23T20:13:21.845+0000] {logging_mixin.py:188} INFO - [2024-05-23T20:13:21.844+0000] {dag.py:3954} INFO - Setting next_dagrun for example_trigger_target_dag to None, run_after=None
[2024-05-23T20:13:21.867+0000] {processor.py:183} INFO - Processing /home/airflow/.local/lib/python3.12/site-packages/airflow/example_dags/example_trigger_target_dag.py took 0.083 seconds
