[2024-05-23T19:29:48.320+0000] {processor.py:161} INFO - Started process (PID=222) to work on /home/airflow/.local/lib/python3.12/site-packages/airflow/example_dags/example_latest_only_with_trigger.py
[2024-05-23T19:29:48.322+0000] {processor.py:830} INFO - Processing file /home/airflow/.local/lib/python3.12/site-packages/airflow/example_dags/example_latest_only_with_trigger.py for tasks to queue
[2024-05-23T19:29:48.327+0000] {logging_mixin.py:188} INFO - [2024-05-23T19:29:48.326+0000] {dagbag.py:545} INFO - Filling up the DagBag from /home/airflow/.local/lib/python3.12/site-packages/airflow/example_dags/example_latest_only_with_trigger.py
[2024-05-23T19:29:48.347+0000] {processor.py:840} INFO - DAG(s) 'latest_only_with_trigger' retrieved from /home/airflow/.local/lib/python3.12/site-packages/airflow/example_dags/example_latest_only_with_trigger.py
[2024-05-23T19:29:48.603+0000] {logging_mixin.py:188} INFO - [2024-05-23T19:29:48.603+0000] {dag.py:3096} INFO - Sync 1 DAGs
[2024-05-23T19:29:48.647+0000] {logging_mixin.py:188} INFO - [2024-05-23T19:29:48.646+0000] {dag.py:3954} INFO - Setting next_dagrun for latest_only_with_trigger to 2024-05-23 12:00:00+00:00, run_after=2024-05-23 16:00:00+00:00
[2024-05-23T19:29:48.691+0000] {processor.py:183} INFO - Processing /home/airflow/.local/lib/python3.12/site-packages/airflow/example_dags/example_latest_only_with_trigger.py took 0.385 seconds
[2024-05-23T19:30:19.996+0000] {processor.py:161} INFO - Started process (PID=484) to work on /home/airflow/.local/lib/python3.12/site-packages/airflow/example_dags/example_latest_only_with_trigger.py
[2024-05-23T19:30:19.998+0000] {processor.py:830} INFO - Processing file /home/airflow/.local/lib/python3.12/site-packages/airflow/example_dags/example_latest_only_with_trigger.py for tasks to queue
[2024-05-23T19:30:20.003+0000] {logging_mixin.py:188} INFO - [2024-05-23T19:30:20.002+0000] {dagbag.py:545} INFO - Filling up the DagBag from /home/airflow/.local/lib/python3.12/site-packages/airflow/example_dags/example_latest_only_with_trigger.py
[2024-05-23T19:30:20.016+0000] {processor.py:840} INFO - DAG(s) 'latest_only_with_trigger' retrieved from /home/airflow/.local/lib/python3.12/site-packages/airflow/example_dags/example_latest_only_with_trigger.py
[2024-05-23T19:30:20.125+0000] {logging_mixin.py:188} INFO - [2024-05-23T19:30:20.124+0000] {dag.py:3096} INFO - Sync 1 DAGs
[2024-05-23T19:30:20.188+0000] {logging_mixin.py:188} INFO - [2024-05-23T19:30:20.187+0000] {dag.py:3954} INFO - Setting next_dagrun for latest_only_with_trigger to 2024-05-23 12:00:00+00:00, run_after=2024-05-23 16:00:00+00:00
[2024-05-23T19:30:20.283+0000] {processor.py:183} INFO - Processing /home/airflow/.local/lib/python3.12/site-packages/airflow/example_dags/example_latest_only_with_trigger.py took 0.302 seconds
[2024-05-23T19:30:50.840+0000] {processor.py:161} INFO - Started process (PID=746) to work on /home/airflow/.local/lib/python3.12/site-packages/airflow/example_dags/example_latest_only_with_trigger.py
[2024-05-23T19:30:50.844+0000] {processor.py:830} INFO - Processing file /home/airflow/.local/lib/python3.12/site-packages/airflow/example_dags/example_latest_only_with_trigger.py for tasks to queue
[2024-05-23T19:30:50.848+0000] {logging_mixin.py:188} INFO - [2024-05-23T19:30:50.847+0000] {dagbag.py:545} INFO - Filling up the DagBag from /home/airflow/.local/lib/python3.12/site-packages/airflow/example_dags/example_latest_only_with_trigger.py
[2024-05-23T19:30:50.859+0000] {processor.py:840} INFO - DAG(s) 'latest_only_with_trigger' retrieved from /home/airflow/.local/lib/python3.12/site-packages/airflow/example_dags/example_latest_only_with_trigger.py
[2024-05-23T19:30:50.894+0000] {logging_mixin.py:188} INFO - [2024-05-23T19:30:50.894+0000] {dag.py:3096} INFO - Sync 1 DAGs
[2024-05-23T19:30:50.934+0000] {logging_mixin.py:188} INFO - [2024-05-23T19:30:50.933+0000] {dag.py:3954} INFO - Setting next_dagrun for latest_only_with_trigger to 2024-05-23 12:00:00+00:00, run_after=2024-05-23 16:00:00+00:00
[2024-05-23T19:30:50.968+0000] {processor.py:183} INFO - Processing /home/airflow/.local/lib/python3.12/site-packages/airflow/example_dags/example_latest_only_with_trigger.py took 0.138 seconds
[2024-05-23T19:31:21.048+0000] {processor.py:161} INFO - Started process (PID=1008) to work on /home/airflow/.local/lib/python3.12/site-packages/airflow/example_dags/example_latest_only_with_trigger.py
[2024-05-23T19:31:21.050+0000] {processor.py:830} INFO - Processing file /home/airflow/.local/lib/python3.12/site-packages/airflow/example_dags/example_latest_only_with_trigger.py for tasks to queue
[2024-05-23T19:31:21.053+0000] {logging_mixin.py:188} INFO - [2024-05-23T19:31:21.052+0000] {dagbag.py:545} INFO - Filling up the DagBag from /home/airflow/.local/lib/python3.12/site-packages/airflow/example_dags/example_latest_only_with_trigger.py
[2024-05-23T19:31:21.061+0000] {processor.py:840} INFO - DAG(s) 'latest_only_with_trigger' retrieved from /home/airflow/.local/lib/python3.12/site-packages/airflow/example_dags/example_latest_only_with_trigger.py
[2024-05-23T19:31:21.093+0000] {logging_mixin.py:188} INFO - [2024-05-23T19:31:21.093+0000] {dag.py:3096} INFO - Sync 1 DAGs
[2024-05-23T19:31:21.127+0000] {logging_mixin.py:188} INFO - [2024-05-23T19:31:21.127+0000] {dag.py:3954} INFO - Setting next_dagrun for latest_only_with_trigger to 2024-05-23 12:00:00+00:00, run_after=2024-05-23 16:00:00+00:00
[2024-05-23T19:31:21.154+0000] {processor.py:183} INFO - Processing /home/airflow/.local/lib/python3.12/site-packages/airflow/example_dags/example_latest_only_with_trigger.py took 0.116 seconds
[2024-05-23T19:31:51.309+0000] {processor.py:161} INFO - Started process (PID=1272) to work on /home/airflow/.local/lib/python3.12/site-packages/airflow/example_dags/example_latest_only_with_trigger.py
[2024-05-23T19:31:51.311+0000] {processor.py:830} INFO - Processing file /home/airflow/.local/lib/python3.12/site-packages/airflow/example_dags/example_latest_only_with_trigger.py for tasks to queue
[2024-05-23T19:31:51.314+0000] {logging_mixin.py:188} INFO - [2024-05-23T19:31:51.313+0000] {dagbag.py:545} INFO - Filling up the DagBag from /home/airflow/.local/lib/python3.12/site-packages/airflow/example_dags/example_latest_only_with_trigger.py
[2024-05-23T19:31:51.322+0000] {processor.py:840} INFO - DAG(s) 'latest_only_with_trigger' retrieved from /home/airflow/.local/lib/python3.12/site-packages/airflow/example_dags/example_latest_only_with_trigger.py
[2024-05-23T19:31:51.355+0000] {logging_mixin.py:188} INFO - [2024-05-23T19:31:51.355+0000] {dag.py:3096} INFO - Sync 1 DAGs
[2024-05-23T19:31:51.390+0000] {logging_mixin.py:188} INFO - [2024-05-23T19:31:51.389+0000] {dag.py:3954} INFO - Setting next_dagrun for latest_only_with_trigger to 2024-05-23 12:00:00+00:00, run_after=2024-05-23 16:00:00+00:00
[2024-05-23T19:31:51.418+0000] {processor.py:183} INFO - Processing /home/airflow/.local/lib/python3.12/site-packages/airflow/example_dags/example_latest_only_with_trigger.py took 0.117 seconds
[2024-05-23T19:32:21.869+0000] {processor.py:161} INFO - Started process (PID=1532) to work on /home/airflow/.local/lib/python3.12/site-packages/airflow/example_dags/example_latest_only_with_trigger.py
[2024-05-23T19:32:21.871+0000] {processor.py:830} INFO - Processing file /home/airflow/.local/lib/python3.12/site-packages/airflow/example_dags/example_latest_only_with_trigger.py for tasks to queue
[2024-05-23T19:32:21.875+0000] {logging_mixin.py:188} INFO - [2024-05-23T19:32:21.874+0000] {dagbag.py:545} INFO - Filling up the DagBag from /home/airflow/.local/lib/python3.12/site-packages/airflow/example_dags/example_latest_only_with_trigger.py
[2024-05-23T19:32:21.886+0000] {processor.py:840} INFO - DAG(s) 'latest_only_with_trigger' retrieved from /home/airflow/.local/lib/python3.12/site-packages/airflow/example_dags/example_latest_only_with_trigger.py
[2024-05-23T19:32:21.932+0000] {logging_mixin.py:188} INFO - [2024-05-23T19:32:21.931+0000] {dag.py:3096} INFO - Sync 1 DAGs
[2024-05-23T19:32:21.982+0000] {logging_mixin.py:188} INFO - [2024-05-23T19:32:21.982+0000] {dag.py:3954} INFO - Setting next_dagrun for latest_only_with_trigger to 2024-05-23 12:00:00+00:00, run_after=2024-05-23 16:00:00+00:00
[2024-05-23T19:32:22.016+0000] {processor.py:183} INFO - Processing /home/airflow/.local/lib/python3.12/site-packages/airflow/example_dags/example_latest_only_with_trigger.py took 0.158 seconds
[2024-05-23T19:32:52.065+0000] {processor.py:161} INFO - Started process (PID=1794) to work on /home/airflow/.local/lib/python3.12/site-packages/airflow/example_dags/example_latest_only_with_trigger.py
[2024-05-23T19:32:52.067+0000] {processor.py:830} INFO - Processing file /home/airflow/.local/lib/python3.12/site-packages/airflow/example_dags/example_latest_only_with_trigger.py for tasks to queue
[2024-05-23T19:32:52.070+0000] {logging_mixin.py:188} INFO - [2024-05-23T19:32:52.069+0000] {dagbag.py:545} INFO - Filling up the DagBag from /home/airflow/.local/lib/python3.12/site-packages/airflow/example_dags/example_latest_only_with_trigger.py
[2024-05-23T19:32:52.078+0000] {processor.py:840} INFO - DAG(s) 'latest_only_with_trigger' retrieved from /home/airflow/.local/lib/python3.12/site-packages/airflow/example_dags/example_latest_only_with_trigger.py
[2024-05-23T19:32:52.113+0000] {logging_mixin.py:188} INFO - [2024-05-23T19:32:52.113+0000] {dag.py:3096} INFO - Sync 1 DAGs
[2024-05-23T19:32:52.149+0000] {logging_mixin.py:188} INFO - [2024-05-23T19:32:52.149+0000] {dag.py:3954} INFO - Setting next_dagrun for latest_only_with_trigger to 2024-05-23 12:00:00+00:00, run_after=2024-05-23 16:00:00+00:00
[2024-05-23T19:32:52.177+0000] {processor.py:183} INFO - Processing /home/airflow/.local/lib/python3.12/site-packages/airflow/example_dags/example_latest_only_with_trigger.py took 0.121 seconds
[2024-05-23T19:33:22.639+0000] {processor.py:161} INFO - Started process (PID=2056) to work on /home/airflow/.local/lib/python3.12/site-packages/airflow/example_dags/example_latest_only_with_trigger.py
[2024-05-23T19:33:22.640+0000] {processor.py:830} INFO - Processing file /home/airflow/.local/lib/python3.12/site-packages/airflow/example_dags/example_latest_only_with_trigger.py for tasks to queue
[2024-05-23T19:33:22.643+0000] {logging_mixin.py:188} INFO - [2024-05-23T19:33:22.643+0000] {dagbag.py:545} INFO - Filling up the DagBag from /home/airflow/.local/lib/python3.12/site-packages/airflow/example_dags/example_latest_only_with_trigger.py
[2024-05-23T19:33:22.653+0000] {processor.py:840} INFO - DAG(s) 'latest_only_with_trigger' retrieved from /home/airflow/.local/lib/python3.12/site-packages/airflow/example_dags/example_latest_only_with_trigger.py
[2024-05-23T19:33:22.685+0000] {logging_mixin.py:188} INFO - [2024-05-23T19:33:22.684+0000] {dag.py:3096} INFO - Sync 1 DAGs
[2024-05-23T19:33:22.719+0000] {logging_mixin.py:188} INFO - [2024-05-23T19:33:22.718+0000] {dag.py:3954} INFO - Setting next_dagrun for latest_only_with_trigger to 2024-05-23 12:00:00+00:00, run_after=2024-05-23 16:00:00+00:00
[2024-05-23T19:33:22.746+0000] {processor.py:183} INFO - Processing /home/airflow/.local/lib/python3.12/site-packages/airflow/example_dags/example_latest_only_with_trigger.py took 0.117 seconds
[2024-05-23T19:33:53.010+0000] {processor.py:161} INFO - Started process (PID=2319) to work on /home/airflow/.local/lib/python3.12/site-packages/airflow/example_dags/example_latest_only_with_trigger.py
[2024-05-23T19:33:53.012+0000] {processor.py:830} INFO - Processing file /home/airflow/.local/lib/python3.12/site-packages/airflow/example_dags/example_latest_only_with_trigger.py for tasks to queue
[2024-05-23T19:33:53.015+0000] {logging_mixin.py:188} INFO - [2024-05-23T19:33:53.015+0000] {dagbag.py:545} INFO - Filling up the DagBag from /home/airflow/.local/lib/python3.12/site-packages/airflow/example_dags/example_latest_only_with_trigger.py
[2024-05-23T19:33:53.026+0000] {processor.py:840} INFO - DAG(s) 'latest_only_with_trigger' retrieved from /home/airflow/.local/lib/python3.12/site-packages/airflow/example_dags/example_latest_only_with_trigger.py
[2024-05-23T19:33:53.060+0000] {logging_mixin.py:188} INFO - [2024-05-23T19:33:53.060+0000] {dag.py:3096} INFO - Sync 1 DAGs
[2024-05-23T19:33:53.101+0000] {logging_mixin.py:188} INFO - [2024-05-23T19:33:53.101+0000] {dag.py:3954} INFO - Setting next_dagrun for latest_only_with_trigger to 2024-05-23 12:00:00+00:00, run_after=2024-05-23 16:00:00+00:00
[2024-05-23T19:33:53.134+0000] {processor.py:183} INFO - Processing /home/airflow/.local/lib/python3.12/site-packages/airflow/example_dags/example_latest_only_with_trigger.py took 0.135 seconds
[2024-05-23T19:34:23.796+0000] {processor.py:161} INFO - Started process (PID=2581) to work on /home/airflow/.local/lib/python3.12/site-packages/airflow/example_dags/example_latest_only_with_trigger.py
[2024-05-23T19:34:23.798+0000] {processor.py:830} INFO - Processing file /home/airflow/.local/lib/python3.12/site-packages/airflow/example_dags/example_latest_only_with_trigger.py for tasks to queue
[2024-05-23T19:34:23.802+0000] {logging_mixin.py:188} INFO - [2024-05-23T19:34:23.802+0000] {dagbag.py:545} INFO - Filling up the DagBag from /home/airflow/.local/lib/python3.12/site-packages/airflow/example_dags/example_latest_only_with_trigger.py
[2024-05-23T19:34:23.812+0000] {processor.py:840} INFO - DAG(s) 'latest_only_with_trigger' retrieved from /home/airflow/.local/lib/python3.12/site-packages/airflow/example_dags/example_latest_only_with_trigger.py
[2024-05-23T19:34:23.867+0000] {logging_mixin.py:188} INFO - [2024-05-23T19:34:23.866+0000] {dag.py:3096} INFO - Sync 1 DAGs
[2024-05-23T19:34:23.907+0000] {logging_mixin.py:188} INFO - [2024-05-23T19:34:23.907+0000] {dag.py:3954} INFO - Setting next_dagrun for latest_only_with_trigger to 2024-05-23 12:00:00+00:00, run_after=2024-05-23 16:00:00+00:00
[2024-05-23T19:34:23.948+0000] {processor.py:183} INFO - Processing /home/airflow/.local/lib/python3.12/site-packages/airflow/example_dags/example_latest_only_with_trigger.py took 0.161 seconds
[2024-05-23T19:34:54.194+0000] {processor.py:161} INFO - Started process (PID=2846) to work on /home/airflow/.local/lib/python3.12/site-packages/airflow/example_dags/example_latest_only_with_trigger.py
[2024-05-23T19:34:54.196+0000] {processor.py:830} INFO - Processing file /home/airflow/.local/lib/python3.12/site-packages/airflow/example_dags/example_latest_only_with_trigger.py for tasks to queue
[2024-05-23T19:34:54.201+0000] {logging_mixin.py:188} INFO - [2024-05-23T19:34:54.200+0000] {dagbag.py:545} INFO - Filling up the DagBag from /home/airflow/.local/lib/python3.12/site-packages/airflow/example_dags/example_latest_only_with_trigger.py
[2024-05-23T19:34:54.214+0000] {processor.py:840} INFO - DAG(s) 'latest_only_with_trigger' retrieved from /home/airflow/.local/lib/python3.12/site-packages/airflow/example_dags/example_latest_only_with_trigger.py
[2024-05-23T19:34:54.259+0000] {logging_mixin.py:188} INFO - [2024-05-23T19:34:54.259+0000] {dag.py:3096} INFO - Sync 1 DAGs
[2024-05-23T19:34:54.316+0000] {logging_mixin.py:188} INFO - [2024-05-23T19:34:54.315+0000] {dag.py:3954} INFO - Setting next_dagrun for latest_only_with_trigger to 2024-05-23 12:00:00+00:00, run_after=2024-05-23 16:00:00+00:00
[2024-05-23T19:34:54.356+0000] {processor.py:183} INFO - Processing /home/airflow/.local/lib/python3.12/site-packages/airflow/example_dags/example_latest_only_with_trigger.py took 0.175 seconds
[2024-05-23T19:35:24.786+0000] {processor.py:161} INFO - Started process (PID=3130) to work on /home/airflow/.local/lib/python3.12/site-packages/airflow/example_dags/example_latest_only_with_trigger.py
[2024-05-23T19:35:24.787+0000] {processor.py:830} INFO - Processing file /home/airflow/.local/lib/python3.12/site-packages/airflow/example_dags/example_latest_only_with_trigger.py for tasks to queue
[2024-05-23T19:35:24.791+0000] {logging_mixin.py:188} INFO - [2024-05-23T19:35:24.791+0000] {dagbag.py:545} INFO - Filling up the DagBag from /home/airflow/.local/lib/python3.12/site-packages/airflow/example_dags/example_latest_only_with_trigger.py
[2024-05-23T19:35:24.801+0000] {processor.py:840} INFO - DAG(s) 'latest_only_with_trigger' retrieved from /home/airflow/.local/lib/python3.12/site-packages/airflow/example_dags/example_latest_only_with_trigger.py
[2024-05-23T19:35:24.834+0000] {logging_mixin.py:188} INFO - [2024-05-23T19:35:24.834+0000] {dag.py:3096} INFO - Sync 1 DAGs
[2024-05-23T19:35:24.876+0000] {logging_mixin.py:188} INFO - [2024-05-23T19:35:24.874+0000] {dag.py:3954} INFO - Setting next_dagrun for latest_only_with_trigger to 2024-05-23 12:00:00+00:00, run_after=2024-05-23 16:00:00+00:00
[2024-05-23T19:35:24.945+0000] {processor.py:183} INFO - Processing /home/airflow/.local/lib/python3.12/site-packages/airflow/example_dags/example_latest_only_with_trigger.py took 0.169 seconds
[2024-05-23T19:35:55.014+0000] {processor.py:161} INFO - Started process (PID=3392) to work on /home/airflow/.local/lib/python3.12/site-packages/airflow/example_dags/example_latest_only_with_trigger.py
[2024-05-23T19:35:55.015+0000] {processor.py:830} INFO - Processing file /home/airflow/.local/lib/python3.12/site-packages/airflow/example_dags/example_latest_only_with_trigger.py for tasks to queue
[2024-05-23T19:35:55.018+0000] {logging_mixin.py:188} INFO - [2024-05-23T19:35:55.018+0000] {dagbag.py:545} INFO - Filling up the DagBag from /home/airflow/.local/lib/python3.12/site-packages/airflow/example_dags/example_latest_only_with_trigger.py
[2024-05-23T19:35:55.027+0000] {processor.py:840} INFO - DAG(s) 'latest_only_with_trigger' retrieved from /home/airflow/.local/lib/python3.12/site-packages/airflow/example_dags/example_latest_only_with_trigger.py
[2024-05-23T19:35:55.059+0000] {logging_mixin.py:188} INFO - [2024-05-23T19:35:55.058+0000] {dag.py:3096} INFO - Sync 1 DAGs
[2024-05-23T19:35:55.093+0000] {logging_mixin.py:188} INFO - [2024-05-23T19:35:55.093+0000] {dag.py:3954} INFO - Setting next_dagrun for latest_only_with_trigger to 2024-05-23 12:00:00+00:00, run_after=2024-05-23 16:00:00+00:00
[2024-05-23T19:35:55.121+0000] {processor.py:183} INFO - Processing /home/airflow/.local/lib/python3.12/site-packages/airflow/example_dags/example_latest_only_with_trigger.py took 0.116 seconds
[2024-05-23T19:36:25.448+0000] {processor.py:161} INFO - Started process (PID=3654) to work on /home/airflow/.local/lib/python3.12/site-packages/airflow/example_dags/example_latest_only_with_trigger.py
[2024-05-23T19:36:25.450+0000] {processor.py:830} INFO - Processing file /home/airflow/.local/lib/python3.12/site-packages/airflow/example_dags/example_latest_only_with_trigger.py for tasks to queue
[2024-05-23T19:36:25.453+0000] {logging_mixin.py:188} INFO - [2024-05-23T19:36:25.452+0000] {dagbag.py:545} INFO - Filling up the DagBag from /home/airflow/.local/lib/python3.12/site-packages/airflow/example_dags/example_latest_only_with_trigger.py
[2024-05-23T19:36:25.462+0000] {processor.py:840} INFO - DAG(s) 'latest_only_with_trigger' retrieved from /home/airflow/.local/lib/python3.12/site-packages/airflow/example_dags/example_latest_only_with_trigger.py
[2024-05-23T19:36:25.495+0000] {logging_mixin.py:188} INFO - [2024-05-23T19:36:25.494+0000] {dag.py:3096} INFO - Sync 1 DAGs
[2024-05-23T19:36:25.530+0000] {logging_mixin.py:188} INFO - [2024-05-23T19:36:25.530+0000] {dag.py:3954} INFO - Setting next_dagrun for latest_only_with_trigger to 2024-05-23 12:00:00+00:00, run_after=2024-05-23 16:00:00+00:00
[2024-05-23T19:36:25.562+0000] {processor.py:183} INFO - Processing /home/airflow/.local/lib/python3.12/site-packages/airflow/example_dags/example_latest_only_with_trigger.py took 0.124 seconds
[2024-05-23T19:36:55.696+0000] {processor.py:161} INFO - Started process (PID=3916) to work on /home/airflow/.local/lib/python3.12/site-packages/airflow/example_dags/example_latest_only_with_trigger.py
[2024-05-23T19:36:55.698+0000] {processor.py:830} INFO - Processing file /home/airflow/.local/lib/python3.12/site-packages/airflow/example_dags/example_latest_only_with_trigger.py for tasks to queue
[2024-05-23T19:36:55.701+0000] {logging_mixin.py:188} INFO - [2024-05-23T19:36:55.701+0000] {dagbag.py:545} INFO - Filling up the DagBag from /home/airflow/.local/lib/python3.12/site-packages/airflow/example_dags/example_latest_only_with_trigger.py
[2024-05-23T19:36:55.710+0000] {processor.py:840} INFO - DAG(s) 'latest_only_with_trigger' retrieved from /home/airflow/.local/lib/python3.12/site-packages/airflow/example_dags/example_latest_only_with_trigger.py
[2024-05-23T19:36:55.745+0000] {logging_mixin.py:188} INFO - [2024-05-23T19:36:55.744+0000] {dag.py:3096} INFO - Sync 1 DAGs
[2024-05-23T19:36:55.782+0000] {logging_mixin.py:188} INFO - [2024-05-23T19:36:55.782+0000] {dag.py:3954} INFO - Setting next_dagrun for latest_only_with_trigger to 2024-05-23 12:00:00+00:00, run_after=2024-05-23 16:00:00+00:00
[2024-05-23T19:36:55.815+0000] {processor.py:183} INFO - Processing /home/airflow/.local/lib/python3.12/site-packages/airflow/example_dags/example_latest_only_with_trigger.py took 0.132 seconds
[2024-05-23T19:37:25.974+0000] {processor.py:161} INFO - Started process (PID=4178) to work on /home/airflow/.local/lib/python3.12/site-packages/airflow/example_dags/example_latest_only_with_trigger.py
[2024-05-23T19:37:25.975+0000] {processor.py:830} INFO - Processing file /home/airflow/.local/lib/python3.12/site-packages/airflow/example_dags/example_latest_only_with_trigger.py for tasks to queue
[2024-05-23T19:37:25.979+0000] {logging_mixin.py:188} INFO - [2024-05-23T19:37:25.979+0000] {dagbag.py:545} INFO - Filling up the DagBag from /home/airflow/.local/lib/python3.12/site-packages/airflow/example_dags/example_latest_only_with_trigger.py
[2024-05-23T19:37:25.987+0000] {processor.py:840} INFO - DAG(s) 'latest_only_with_trigger' retrieved from /home/airflow/.local/lib/python3.12/site-packages/airflow/example_dags/example_latest_only_with_trigger.py
[2024-05-23T19:37:26.019+0000] {logging_mixin.py:188} INFO - [2024-05-23T19:37:26.019+0000] {dag.py:3096} INFO - Sync 1 DAGs
[2024-05-23T19:37:26.055+0000] {logging_mixin.py:188} INFO - [2024-05-23T19:37:26.055+0000] {dag.py:3954} INFO - Setting next_dagrun for latest_only_with_trigger to 2024-05-23 12:00:00+00:00, run_after=2024-05-23 16:00:00+00:00
[2024-05-23T19:37:26.083+0000] {processor.py:183} INFO - Processing /home/airflow/.local/lib/python3.12/site-packages/airflow/example_dags/example_latest_only_with_trigger.py took 0.119 seconds
[2024-05-23T19:37:56.285+0000] {processor.py:161} INFO - Started process (PID=4439) to work on /home/airflow/.local/lib/python3.12/site-packages/airflow/example_dags/example_latest_only_with_trigger.py
[2024-05-23T19:37:56.287+0000] {processor.py:830} INFO - Processing file /home/airflow/.local/lib/python3.12/site-packages/airflow/example_dags/example_latest_only_with_trigger.py for tasks to queue
[2024-05-23T19:37:56.291+0000] {logging_mixin.py:188} INFO - [2024-05-23T19:37:56.290+0000] {dagbag.py:545} INFO - Filling up the DagBag from /home/airflow/.local/lib/python3.12/site-packages/airflow/example_dags/example_latest_only_with_trigger.py
[2024-05-23T19:37:56.300+0000] {processor.py:840} INFO - DAG(s) 'latest_only_with_trigger' retrieved from /home/airflow/.local/lib/python3.12/site-packages/airflow/example_dags/example_latest_only_with_trigger.py
[2024-05-23T19:37:56.332+0000] {logging_mixin.py:188} INFO - [2024-05-23T19:37:56.332+0000] {dag.py:3096} INFO - Sync 1 DAGs
[2024-05-23T19:37:56.366+0000] {logging_mixin.py:188} INFO - [2024-05-23T19:37:56.365+0000] {dag.py:3954} INFO - Setting next_dagrun for latest_only_with_trigger to 2024-05-23 12:00:00+00:00, run_after=2024-05-23 16:00:00+00:00
[2024-05-23T19:37:56.396+0000] {processor.py:183} INFO - Processing /home/airflow/.local/lib/python3.12/site-packages/airflow/example_dags/example_latest_only_with_trigger.py took 0.120 seconds
[2024-05-23T19:38:26.581+0000] {processor.py:161} INFO - Started process (PID=4702) to work on /home/airflow/.local/lib/python3.12/site-packages/airflow/example_dags/example_latest_only_with_trigger.py
[2024-05-23T19:38:26.582+0000] {processor.py:830} INFO - Processing file /home/airflow/.local/lib/python3.12/site-packages/airflow/example_dags/example_latest_only_with_trigger.py for tasks to queue
[2024-05-23T19:38:26.585+0000] {logging_mixin.py:188} INFO - [2024-05-23T19:38:26.585+0000] {dagbag.py:545} INFO - Filling up the DagBag from /home/airflow/.local/lib/python3.12/site-packages/airflow/example_dags/example_latest_only_with_trigger.py
[2024-05-23T19:38:26.594+0000] {processor.py:840} INFO - DAG(s) 'latest_only_with_trigger' retrieved from /home/airflow/.local/lib/python3.12/site-packages/airflow/example_dags/example_latest_only_with_trigger.py
[2024-05-23T19:38:26.621+0000] {logging_mixin.py:188} INFO - [2024-05-23T19:38:26.621+0000] {dag.py:3096} INFO - Sync 1 DAGs
[2024-05-23T19:38:26.649+0000] {logging_mixin.py:188} INFO - [2024-05-23T19:38:26.649+0000] {dag.py:3954} INFO - Setting next_dagrun for latest_only_with_trigger to 2024-05-23 12:00:00+00:00, run_after=2024-05-23 16:00:00+00:00
[2024-05-23T19:38:26.669+0000] {processor.py:183} INFO - Processing /home/airflow/.local/lib/python3.12/site-packages/airflow/example_dags/example_latest_only_with_trigger.py took 0.095 seconds
[2024-05-23T19:38:57.128+0000] {processor.py:161} INFO - Started process (PID=4964) to work on /home/airflow/.local/lib/python3.12/site-packages/airflow/example_dags/example_latest_only_with_trigger.py
[2024-05-23T19:38:57.130+0000] {processor.py:830} INFO - Processing file /home/airflow/.local/lib/python3.12/site-packages/airflow/example_dags/example_latest_only_with_trigger.py for tasks to queue
[2024-05-23T19:38:57.133+0000] {logging_mixin.py:188} INFO - [2024-05-23T19:38:57.132+0000] {dagbag.py:545} INFO - Filling up the DagBag from /home/airflow/.local/lib/python3.12/site-packages/airflow/example_dags/example_latest_only_with_trigger.py
[2024-05-23T19:38:57.142+0000] {processor.py:840} INFO - DAG(s) 'latest_only_with_trigger' retrieved from /home/airflow/.local/lib/python3.12/site-packages/airflow/example_dags/example_latest_only_with_trigger.py
[2024-05-23T19:38:57.175+0000] {logging_mixin.py:188} INFO - [2024-05-23T19:38:57.175+0000] {dag.py:3096} INFO - Sync 1 DAGs
[2024-05-23T19:38:57.210+0000] {logging_mixin.py:188} INFO - [2024-05-23T19:38:57.209+0000] {dag.py:3954} INFO - Setting next_dagrun for latest_only_with_trigger to 2024-05-23 12:00:00+00:00, run_after=2024-05-23 16:00:00+00:00
[2024-05-23T19:38:57.237+0000] {processor.py:183} INFO - Processing /home/airflow/.local/lib/python3.12/site-packages/airflow/example_dags/example_latest_only_with_trigger.py took 0.118 seconds
[2024-05-23T19:39:27.851+0000] {processor.py:161} INFO - Started process (PID=5226) to work on /home/airflow/.local/lib/python3.12/site-packages/airflow/example_dags/example_latest_only_with_trigger.py
[2024-05-23T19:39:27.852+0000] {processor.py:830} INFO - Processing file /home/airflow/.local/lib/python3.12/site-packages/airflow/example_dags/example_latest_only_with_trigger.py for tasks to queue
[2024-05-23T19:39:27.855+0000] {logging_mixin.py:188} INFO - [2024-05-23T19:39:27.855+0000] {dagbag.py:545} INFO - Filling up the DagBag from /home/airflow/.local/lib/python3.12/site-packages/airflow/example_dags/example_latest_only_with_trigger.py
[2024-05-23T19:39:27.865+0000] {processor.py:840} INFO - DAG(s) 'latest_only_with_trigger' retrieved from /home/airflow/.local/lib/python3.12/site-packages/airflow/example_dags/example_latest_only_with_trigger.py
[2024-05-23T19:39:27.898+0000] {logging_mixin.py:188} INFO - [2024-05-23T19:39:27.898+0000] {dag.py:3096} INFO - Sync 1 DAGs
[2024-05-23T19:39:27.931+0000] {logging_mixin.py:188} INFO - [2024-05-23T19:39:27.931+0000] {dag.py:3954} INFO - Setting next_dagrun for latest_only_with_trigger to 2024-05-23 12:00:00+00:00, run_after=2024-05-23 16:00:00+00:00
[2024-05-23T19:39:27.959+0000] {processor.py:183} INFO - Processing /home/airflow/.local/lib/python3.12/site-packages/airflow/example_dags/example_latest_only_with_trigger.py took 0.118 seconds
[2024-05-23T19:39:58.337+0000] {processor.py:161} INFO - Started process (PID=5488) to work on /home/airflow/.local/lib/python3.12/site-packages/airflow/example_dags/example_latest_only_with_trigger.py
[2024-05-23T19:39:58.339+0000] {processor.py:830} INFO - Processing file /home/airflow/.local/lib/python3.12/site-packages/airflow/example_dags/example_latest_only_with_trigger.py for tasks to queue
[2024-05-23T19:39:58.342+0000] {logging_mixin.py:188} INFO - [2024-05-23T19:39:58.341+0000] {dagbag.py:545} INFO - Filling up the DagBag from /home/airflow/.local/lib/python3.12/site-packages/airflow/example_dags/example_latest_only_with_trigger.py
[2024-05-23T19:39:58.349+0000] {processor.py:840} INFO - DAG(s) 'latest_only_with_trigger' retrieved from /home/airflow/.local/lib/python3.12/site-packages/airflow/example_dags/example_latest_only_with_trigger.py
[2024-05-23T19:39:58.382+0000] {logging_mixin.py:188} INFO - [2024-05-23T19:39:58.381+0000] {dag.py:3096} INFO - Sync 1 DAGs
[2024-05-23T19:39:58.415+0000] {logging_mixin.py:188} INFO - [2024-05-23T19:39:58.415+0000] {dag.py:3954} INFO - Setting next_dagrun for latest_only_with_trigger to 2024-05-23 12:00:00+00:00, run_after=2024-05-23 16:00:00+00:00
[2024-05-23T19:39:58.443+0000] {processor.py:183} INFO - Processing /home/airflow/.local/lib/python3.12/site-packages/airflow/example_dags/example_latest_only_with_trigger.py took 0.115 seconds
[2024-05-23T19:40:28.877+0000] {processor.py:161} INFO - Started process (PID=5748) to work on /home/airflow/.local/lib/python3.12/site-packages/airflow/example_dags/example_latest_only_with_trigger.py
[2024-05-23T19:40:28.879+0000] {processor.py:830} INFO - Processing file /home/airflow/.local/lib/python3.12/site-packages/airflow/example_dags/example_latest_only_with_trigger.py for tasks to queue
[2024-05-23T19:40:28.882+0000] {logging_mixin.py:188} INFO - [2024-05-23T19:40:28.881+0000] {dagbag.py:545} INFO - Filling up the DagBag from /home/airflow/.local/lib/python3.12/site-packages/airflow/example_dags/example_latest_only_with_trigger.py
[2024-05-23T19:40:28.891+0000] {processor.py:840} INFO - DAG(s) 'latest_only_with_trigger' retrieved from /home/airflow/.local/lib/python3.12/site-packages/airflow/example_dags/example_latest_only_with_trigger.py
[2024-05-23T19:40:28.921+0000] {logging_mixin.py:188} INFO - [2024-05-23T19:40:28.921+0000] {dag.py:3096} INFO - Sync 1 DAGs
[2024-05-23T19:40:28.954+0000] {logging_mixin.py:188} INFO - [2024-05-23T19:40:28.954+0000] {dag.py:3954} INFO - Setting next_dagrun for latest_only_with_trigger to 2024-05-23 12:00:00+00:00, run_after=2024-05-23 16:00:00+00:00
[2024-05-23T19:40:28.980+0000] {processor.py:183} INFO - Processing /home/airflow/.local/lib/python3.12/site-packages/airflow/example_dags/example_latest_only_with_trigger.py took 0.111 seconds
[2024-05-23T19:40:59.261+0000] {processor.py:161} INFO - Started process (PID=6010) to work on /home/airflow/.local/lib/python3.12/site-packages/airflow/example_dags/example_latest_only_with_trigger.py
[2024-05-23T19:40:59.263+0000] {processor.py:830} INFO - Processing file /home/airflow/.local/lib/python3.12/site-packages/airflow/example_dags/example_latest_only_with_trigger.py for tasks to queue
[2024-05-23T19:40:59.270+0000] {logging_mixin.py:188} INFO - [2024-05-23T19:40:59.269+0000] {dagbag.py:545} INFO - Filling up the DagBag from /home/airflow/.local/lib/python3.12/site-packages/airflow/example_dags/example_latest_only_with_trigger.py
[2024-05-23T19:40:59.279+0000] {processor.py:840} INFO - DAG(s) 'latest_only_with_trigger' retrieved from /home/airflow/.local/lib/python3.12/site-packages/airflow/example_dags/example_latest_only_with_trigger.py
[2024-05-23T19:40:59.312+0000] {logging_mixin.py:188} INFO - [2024-05-23T19:40:59.312+0000] {dag.py:3096} INFO - Sync 1 DAGs
[2024-05-23T19:40:59.348+0000] {logging_mixin.py:188} INFO - [2024-05-23T19:40:59.347+0000] {dag.py:3954} INFO - Setting next_dagrun for latest_only_with_trigger to 2024-05-23 12:00:00+00:00, run_after=2024-05-23 16:00:00+00:00
[2024-05-23T19:40:59.376+0000] {processor.py:183} INFO - Processing /home/airflow/.local/lib/python3.12/site-packages/airflow/example_dags/example_latest_only_with_trigger.py took 0.126 seconds
[2024-05-23T19:41:29.904+0000] {processor.py:161} INFO - Started process (PID=6273) to work on /home/airflow/.local/lib/python3.12/site-packages/airflow/example_dags/example_latest_only_with_trigger.py
[2024-05-23T19:41:29.905+0000] {processor.py:830} INFO - Processing file /home/airflow/.local/lib/python3.12/site-packages/airflow/example_dags/example_latest_only_with_trigger.py for tasks to queue
[2024-05-23T19:41:29.908+0000] {logging_mixin.py:188} INFO - [2024-05-23T19:41:29.908+0000] {dagbag.py:545} INFO - Filling up the DagBag from /home/airflow/.local/lib/python3.12/site-packages/airflow/example_dags/example_latest_only_with_trigger.py
[2024-05-23T19:41:29.916+0000] {processor.py:840} INFO - DAG(s) 'latest_only_with_trigger' retrieved from /home/airflow/.local/lib/python3.12/site-packages/airflow/example_dags/example_latest_only_with_trigger.py
[2024-05-23T19:41:29.947+0000] {logging_mixin.py:188} INFO - [2024-05-23T19:41:29.946+0000] {dag.py:3096} INFO - Sync 1 DAGs
[2024-05-23T19:41:29.980+0000] {logging_mixin.py:188} INFO - [2024-05-23T19:41:29.980+0000] {dag.py:3954} INFO - Setting next_dagrun for latest_only_with_trigger to 2024-05-23 12:00:00+00:00, run_after=2024-05-23 16:00:00+00:00
[2024-05-23T19:41:30.013+0000] {processor.py:183} INFO - Processing /home/airflow/.local/lib/python3.12/site-packages/airflow/example_dags/example_latest_only_with_trigger.py took 0.118 seconds
[2024-05-23T19:42:00.274+0000] {processor.py:161} INFO - Started process (PID=6534) to work on /home/airflow/.local/lib/python3.12/site-packages/airflow/example_dags/example_latest_only_with_trigger.py
[2024-05-23T19:42:00.277+0000] {processor.py:830} INFO - Processing file /home/airflow/.local/lib/python3.12/site-packages/airflow/example_dags/example_latest_only_with_trigger.py for tasks to queue
[2024-05-23T19:42:00.281+0000] {logging_mixin.py:188} INFO - [2024-05-23T19:42:00.281+0000] {dagbag.py:545} INFO - Filling up the DagBag from /home/airflow/.local/lib/python3.12/site-packages/airflow/example_dags/example_latest_only_with_trigger.py
[2024-05-23T19:42:00.292+0000] {processor.py:840} INFO - DAG(s) 'latest_only_with_trigger' retrieved from /home/airflow/.local/lib/python3.12/site-packages/airflow/example_dags/example_latest_only_with_trigger.py
[2024-05-23T19:42:00.346+0000] {logging_mixin.py:188} INFO - [2024-05-23T19:42:00.346+0000] {dag.py:3096} INFO - Sync 1 DAGs
[2024-05-23T19:42:00.384+0000] {logging_mixin.py:188} INFO - [2024-05-23T19:42:00.384+0000] {dag.py:3954} INFO - Setting next_dagrun for latest_only_with_trigger to 2024-05-23 12:00:00+00:00, run_after=2024-05-23 16:00:00+00:00
[2024-05-23T19:42:00.422+0000] {processor.py:183} INFO - Processing /home/airflow/.local/lib/python3.12/site-packages/airflow/example_dags/example_latest_only_with_trigger.py took 0.160 seconds
[2024-05-23T19:42:30.580+0000] {processor.py:161} INFO - Started process (PID=6797) to work on /home/airflow/.local/lib/python3.12/site-packages/airflow/example_dags/example_latest_only_with_trigger.py
[2024-05-23T19:42:30.581+0000] {processor.py:830} INFO - Processing file /home/airflow/.local/lib/python3.12/site-packages/airflow/example_dags/example_latest_only_with_trigger.py for tasks to queue
[2024-05-23T19:42:30.584+0000] {logging_mixin.py:188} INFO - [2024-05-23T19:42:30.584+0000] {dagbag.py:545} INFO - Filling up the DagBag from /home/airflow/.local/lib/python3.12/site-packages/airflow/example_dags/example_latest_only_with_trigger.py
[2024-05-23T19:42:30.592+0000] {processor.py:840} INFO - DAG(s) 'latest_only_with_trigger' retrieved from /home/airflow/.local/lib/python3.12/site-packages/airflow/example_dags/example_latest_only_with_trigger.py
[2024-05-23T19:42:30.619+0000] {logging_mixin.py:188} INFO - [2024-05-23T19:42:30.619+0000] {dag.py:3096} INFO - Sync 1 DAGs
[2024-05-23T19:42:30.650+0000] {logging_mixin.py:188} INFO - [2024-05-23T19:42:30.650+0000] {dag.py:3954} INFO - Setting next_dagrun for latest_only_with_trigger to 2024-05-23 12:00:00+00:00, run_after=2024-05-23 16:00:00+00:00
[2024-05-23T19:42:30.675+0000] {processor.py:183} INFO - Processing /home/airflow/.local/lib/python3.12/site-packages/airflow/example_dags/example_latest_only_with_trigger.py took 0.103 seconds
[2024-05-23T19:43:00.908+0000] {processor.py:161} INFO - Started process (PID=7059) to work on /home/airflow/.local/lib/python3.12/site-packages/airflow/example_dags/example_latest_only_with_trigger.py
[2024-05-23T19:43:00.910+0000] {processor.py:830} INFO - Processing file /home/airflow/.local/lib/python3.12/site-packages/airflow/example_dags/example_latest_only_with_trigger.py for tasks to queue
[2024-05-23T19:43:00.914+0000] {logging_mixin.py:188} INFO - [2024-05-23T19:43:00.913+0000] {dagbag.py:545} INFO - Filling up the DagBag from /home/airflow/.local/lib/python3.12/site-packages/airflow/example_dags/example_latest_only_with_trigger.py
[2024-05-23T19:43:00.922+0000] {processor.py:840} INFO - DAG(s) 'latest_only_with_trigger' retrieved from /home/airflow/.local/lib/python3.12/site-packages/airflow/example_dags/example_latest_only_with_trigger.py
[2024-05-23T19:43:00.952+0000] {logging_mixin.py:188} INFO - [2024-05-23T19:43:00.952+0000] {dag.py:3096} INFO - Sync 1 DAGs
[2024-05-23T19:43:00.989+0000] {logging_mixin.py:188} INFO - [2024-05-23T19:43:00.988+0000] {dag.py:3954} INFO - Setting next_dagrun for latest_only_with_trigger to 2024-05-23 12:00:00+00:00, run_after=2024-05-23 16:00:00+00:00
[2024-05-23T19:43:01.015+0000] {processor.py:183} INFO - Processing /home/airflow/.local/lib/python3.12/site-packages/airflow/example_dags/example_latest_only_with_trigger.py took 0.115 seconds
[2024-05-23T19:43:31.243+0000] {processor.py:161} INFO - Started process (PID=7319) to work on /home/airflow/.local/lib/python3.12/site-packages/airflow/example_dags/example_latest_only_with_trigger.py
[2024-05-23T19:43:31.246+0000] {processor.py:830} INFO - Processing file /home/airflow/.local/lib/python3.12/site-packages/airflow/example_dags/example_latest_only_with_trigger.py for tasks to queue
[2024-05-23T19:43:31.249+0000] {logging_mixin.py:188} INFO - [2024-05-23T19:43:31.249+0000] {dagbag.py:545} INFO - Filling up the DagBag from /home/airflow/.local/lib/python3.12/site-packages/airflow/example_dags/example_latest_only_with_trigger.py
[2024-05-23T19:43:31.257+0000] {processor.py:840} INFO - DAG(s) 'latest_only_with_trigger' retrieved from /home/airflow/.local/lib/python3.12/site-packages/airflow/example_dags/example_latest_only_with_trigger.py
[2024-05-23T19:43:31.286+0000] {logging_mixin.py:188} INFO - [2024-05-23T19:43:31.285+0000] {dag.py:3096} INFO - Sync 1 DAGs
[2024-05-23T19:43:31.319+0000] {logging_mixin.py:188} INFO - [2024-05-23T19:43:31.318+0000] {dag.py:3954} INFO - Setting next_dagrun for latest_only_with_trigger to 2024-05-23 12:00:00+00:00, run_after=2024-05-23 16:00:00+00:00
[2024-05-23T19:43:31.345+0000] {processor.py:183} INFO - Processing /home/airflow/.local/lib/python3.12/site-packages/airflow/example_dags/example_latest_only_with_trigger.py took 0.112 seconds
[2024-05-23T19:44:01.905+0000] {processor.py:161} INFO - Started process (PID=7581) to work on /home/airflow/.local/lib/python3.12/site-packages/airflow/example_dags/example_latest_only_with_trigger.py
[2024-05-23T19:44:01.908+0000] {processor.py:830} INFO - Processing file /home/airflow/.local/lib/python3.12/site-packages/airflow/example_dags/example_latest_only_with_trigger.py for tasks to queue
[2024-05-23T19:44:01.911+0000] {logging_mixin.py:188} INFO - [2024-05-23T19:44:01.911+0000] {dagbag.py:545} INFO - Filling up the DagBag from /home/airflow/.local/lib/python3.12/site-packages/airflow/example_dags/example_latest_only_with_trigger.py
[2024-05-23T19:44:01.920+0000] {processor.py:840} INFO - DAG(s) 'latest_only_with_trigger' retrieved from /home/airflow/.local/lib/python3.12/site-packages/airflow/example_dags/example_latest_only_with_trigger.py
[2024-05-23T19:44:01.953+0000] {logging_mixin.py:188} INFO - [2024-05-23T19:44:01.953+0000] {dag.py:3096} INFO - Sync 1 DAGs
[2024-05-23T19:44:01.987+0000] {logging_mixin.py:188} INFO - [2024-05-23T19:44:01.987+0000] {dag.py:3954} INFO - Setting next_dagrun for latest_only_with_trigger to 2024-05-23 12:00:00+00:00, run_after=2024-05-23 16:00:00+00:00
[2024-05-23T19:44:02.015+0000] {processor.py:183} INFO - Processing /home/airflow/.local/lib/python3.12/site-packages/airflow/example_dags/example_latest_only_with_trigger.py took 0.118 seconds
[2024-05-23T19:44:32.634+0000] {processor.py:161} INFO - Started process (PID=7837) to work on /home/airflow/.local/lib/python3.12/site-packages/airflow/example_dags/example_latest_only_with_trigger.py
[2024-05-23T19:44:32.635+0000] {processor.py:830} INFO - Processing file /home/airflow/.local/lib/python3.12/site-packages/airflow/example_dags/example_latest_only_with_trigger.py for tasks to queue
[2024-05-23T19:44:32.638+0000] {logging_mixin.py:188} INFO - [2024-05-23T19:44:32.638+0000] {dagbag.py:545} INFO - Filling up the DagBag from /home/airflow/.local/lib/python3.12/site-packages/airflow/example_dags/example_latest_only_with_trigger.py
[2024-05-23T19:44:32.647+0000] {processor.py:840} INFO - DAG(s) 'latest_only_with_trigger' retrieved from /home/airflow/.local/lib/python3.12/site-packages/airflow/example_dags/example_latest_only_with_trigger.py
[2024-05-23T19:44:32.678+0000] {logging_mixin.py:188} INFO - [2024-05-23T19:44:32.678+0000] {dag.py:3096} INFO - Sync 1 DAGs
[2024-05-23T19:44:32.710+0000] {logging_mixin.py:188} INFO - [2024-05-23T19:44:32.710+0000] {dag.py:3954} INFO - Setting next_dagrun for latest_only_with_trigger to 2024-05-23 12:00:00+00:00, run_after=2024-05-23 16:00:00+00:00
[2024-05-23T19:44:32.737+0000] {processor.py:183} INFO - Processing /home/airflow/.local/lib/python3.12/site-packages/airflow/example_dags/example_latest_only_with_trigger.py took 0.113 seconds
[2024-05-23T19:45:03.097+0000] {processor.py:161} INFO - Started process (PID=8101) to work on /home/airflow/.local/lib/python3.12/site-packages/airflow/example_dags/example_latest_only_with_trigger.py
[2024-05-23T19:45:03.099+0000] {processor.py:830} INFO - Processing file /home/airflow/.local/lib/python3.12/site-packages/airflow/example_dags/example_latest_only_with_trigger.py for tasks to queue
[2024-05-23T19:45:03.101+0000] {logging_mixin.py:188} INFO - [2024-05-23T19:45:03.101+0000] {dagbag.py:545} INFO - Filling up the DagBag from /home/airflow/.local/lib/python3.12/site-packages/airflow/example_dags/example_latest_only_with_trigger.py
[2024-05-23T19:45:03.109+0000] {processor.py:840} INFO - DAG(s) 'latest_only_with_trigger' retrieved from /home/airflow/.local/lib/python3.12/site-packages/airflow/example_dags/example_latest_only_with_trigger.py
[2024-05-23T19:45:03.139+0000] {logging_mixin.py:188} INFO - [2024-05-23T19:45:03.138+0000] {dag.py:3096} INFO - Sync 1 DAGs
[2024-05-23T19:45:03.169+0000] {logging_mixin.py:188} INFO - [2024-05-23T19:45:03.169+0000] {dag.py:3954} INFO - Setting next_dagrun for latest_only_with_trigger to 2024-05-23 12:00:00+00:00, run_after=2024-05-23 16:00:00+00:00
[2024-05-23T19:45:03.194+0000] {processor.py:183} INFO - Processing /home/airflow/.local/lib/python3.12/site-packages/airflow/example_dags/example_latest_only_with_trigger.py took 0.106 seconds
[2024-05-23T19:45:33.553+0000] {processor.py:161} INFO - Started process (PID=8363) to work on /home/airflow/.local/lib/python3.12/site-packages/airflow/example_dags/example_latest_only_with_trigger.py
[2024-05-23T19:45:33.554+0000] {processor.py:830} INFO - Processing file /home/airflow/.local/lib/python3.12/site-packages/airflow/example_dags/example_latest_only_with_trigger.py for tasks to queue
[2024-05-23T19:45:33.557+0000] {logging_mixin.py:188} INFO - [2024-05-23T19:45:33.557+0000] {dagbag.py:545} INFO - Filling up the DagBag from /home/airflow/.local/lib/python3.12/site-packages/airflow/example_dags/example_latest_only_with_trigger.py
[2024-05-23T19:45:33.564+0000] {processor.py:840} INFO - DAG(s) 'latest_only_with_trigger' retrieved from /home/airflow/.local/lib/python3.12/site-packages/airflow/example_dags/example_latest_only_with_trigger.py
[2024-05-23T19:45:33.592+0000] {logging_mixin.py:188} INFO - [2024-05-23T19:45:33.592+0000] {dag.py:3096} INFO - Sync 1 DAGs
[2024-05-23T19:45:33.622+0000] {logging_mixin.py:188} INFO - [2024-05-23T19:45:33.621+0000] {dag.py:3954} INFO - Setting next_dagrun for latest_only_with_trigger to 2024-05-23 12:00:00+00:00, run_after=2024-05-23 16:00:00+00:00
[2024-05-23T19:45:33.647+0000] {processor.py:183} INFO - Processing /home/airflow/.local/lib/python3.12/site-packages/airflow/example_dags/example_latest_only_with_trigger.py took 0.102 seconds
[2024-05-23T19:46:03.808+0000] {processor.py:161} INFO - Started process (PID=8625) to work on /home/airflow/.local/lib/python3.12/site-packages/airflow/example_dags/example_latest_only_with_trigger.py
[2024-05-23T19:46:03.810+0000] {processor.py:830} INFO - Processing file /home/airflow/.local/lib/python3.12/site-packages/airflow/example_dags/example_latest_only_with_trigger.py for tasks to queue
[2024-05-23T19:46:03.812+0000] {logging_mixin.py:188} INFO - [2024-05-23T19:46:03.812+0000] {dagbag.py:545} INFO - Filling up the DagBag from /home/airflow/.local/lib/python3.12/site-packages/airflow/example_dags/example_latest_only_with_trigger.py
[2024-05-23T19:46:03.820+0000] {processor.py:840} INFO - DAG(s) 'latest_only_with_trigger' retrieved from /home/airflow/.local/lib/python3.12/site-packages/airflow/example_dags/example_latest_only_with_trigger.py
[2024-05-23T19:46:03.847+0000] {logging_mixin.py:188} INFO - [2024-05-23T19:46:03.847+0000] {dag.py:3096} INFO - Sync 1 DAGs
[2024-05-23T19:46:03.877+0000] {logging_mixin.py:188} INFO - [2024-05-23T19:46:03.876+0000] {dag.py:3954} INFO - Setting next_dagrun for latest_only_with_trigger to 2024-05-23 12:00:00+00:00, run_after=2024-05-23 16:00:00+00:00
[2024-05-23T19:46:03.901+0000] {processor.py:183} INFO - Processing /home/airflow/.local/lib/python3.12/site-packages/airflow/example_dags/example_latest_only_with_trigger.py took 0.100 seconds
[2024-05-23T19:46:34.053+0000] {processor.py:161} INFO - Started process (PID=8885) to work on /home/airflow/.local/lib/python3.12/site-packages/airflow/example_dags/example_latest_only_with_trigger.py
[2024-05-23T19:46:34.055+0000] {processor.py:830} INFO - Processing file /home/airflow/.local/lib/python3.12/site-packages/airflow/example_dags/example_latest_only_with_trigger.py for tasks to queue
[2024-05-23T19:46:34.057+0000] {logging_mixin.py:188} INFO - [2024-05-23T19:46:34.057+0000] {dagbag.py:545} INFO - Filling up the DagBag from /home/airflow/.local/lib/python3.12/site-packages/airflow/example_dags/example_latest_only_with_trigger.py
[2024-05-23T19:46:34.064+0000] {processor.py:840} INFO - DAG(s) 'latest_only_with_trigger' retrieved from /home/airflow/.local/lib/python3.12/site-packages/airflow/example_dags/example_latest_only_with_trigger.py
[2024-05-23T19:46:34.093+0000] {logging_mixin.py:188} INFO - [2024-05-23T19:46:34.093+0000] {dag.py:3096} INFO - Sync 1 DAGs
[2024-05-23T19:46:34.123+0000] {logging_mixin.py:188} INFO - [2024-05-23T19:46:34.123+0000] {dag.py:3954} INFO - Setting next_dagrun for latest_only_with_trigger to 2024-05-23 12:00:00+00:00, run_after=2024-05-23 16:00:00+00:00
[2024-05-23T19:46:34.148+0000] {processor.py:183} INFO - Processing /home/airflow/.local/lib/python3.12/site-packages/airflow/example_dags/example_latest_only_with_trigger.py took 0.103 seconds
[2024-05-23T19:47:04.327+0000] {processor.py:161} INFO - Started process (PID=9149) to work on /home/airflow/.local/lib/python3.12/site-packages/airflow/example_dags/example_latest_only_with_trigger.py
[2024-05-23T19:47:04.328+0000] {processor.py:830} INFO - Processing file /home/airflow/.local/lib/python3.12/site-packages/airflow/example_dags/example_latest_only_with_trigger.py for tasks to queue
[2024-05-23T19:47:04.330+0000] {logging_mixin.py:188} INFO - [2024-05-23T19:47:04.330+0000] {dagbag.py:545} INFO - Filling up the DagBag from /home/airflow/.local/lib/python3.12/site-packages/airflow/example_dags/example_latest_only_with_trigger.py
[2024-05-23T19:47:04.338+0000] {processor.py:840} INFO - DAG(s) 'latest_only_with_trigger' retrieved from /home/airflow/.local/lib/python3.12/site-packages/airflow/example_dags/example_latest_only_with_trigger.py
[2024-05-23T19:47:04.365+0000] {logging_mixin.py:188} INFO - [2024-05-23T19:47:04.365+0000] {dag.py:3096} INFO - Sync 1 DAGs
[2024-05-23T19:47:04.395+0000] {logging_mixin.py:188} INFO - [2024-05-23T19:47:04.394+0000] {dag.py:3954} INFO - Setting next_dagrun for latest_only_with_trigger to 2024-05-23 12:00:00+00:00, run_after=2024-05-23 16:00:00+00:00
[2024-05-23T19:47:04.419+0000] {processor.py:183} INFO - Processing /home/airflow/.local/lib/python3.12/site-packages/airflow/example_dags/example_latest_only_with_trigger.py took 0.100 seconds
[2024-05-23T19:47:34.491+0000] {processor.py:161} INFO - Started process (PID=9411) to work on /home/airflow/.local/lib/python3.12/site-packages/airflow/example_dags/example_latest_only_with_trigger.py
[2024-05-23T19:47:34.493+0000] {processor.py:830} INFO - Processing file /home/airflow/.local/lib/python3.12/site-packages/airflow/example_dags/example_latest_only_with_trigger.py for tasks to queue
[2024-05-23T19:47:34.496+0000] {logging_mixin.py:188} INFO - [2024-05-23T19:47:34.495+0000] {dagbag.py:545} INFO - Filling up the DagBag from /home/airflow/.local/lib/python3.12/site-packages/airflow/example_dags/example_latest_only_with_trigger.py
[2024-05-23T19:47:34.503+0000] {processor.py:840} INFO - DAG(s) 'latest_only_with_trigger' retrieved from /home/airflow/.local/lib/python3.12/site-packages/airflow/example_dags/example_latest_only_with_trigger.py
[2024-05-23T19:47:34.531+0000] {logging_mixin.py:188} INFO - [2024-05-23T19:47:34.531+0000] {dag.py:3096} INFO - Sync 1 DAGs
[2024-05-23T19:47:34.561+0000] {logging_mixin.py:188} INFO - [2024-05-23T19:47:34.561+0000] {dag.py:3954} INFO - Setting next_dagrun for latest_only_with_trigger to 2024-05-23 12:00:00+00:00, run_after=2024-05-23 16:00:00+00:00
[2024-05-23T19:47:34.585+0000] {processor.py:183} INFO - Processing /home/airflow/.local/lib/python3.12/site-packages/airflow/example_dags/example_latest_only_with_trigger.py took 0.102 seconds
[2024-05-23T19:48:05.198+0000] {processor.py:161} INFO - Started process (PID=9673) to work on /home/airflow/.local/lib/python3.12/site-packages/airflow/example_dags/example_latest_only_with_trigger.py
[2024-05-23T19:48:05.199+0000] {processor.py:830} INFO - Processing file /home/airflow/.local/lib/python3.12/site-packages/airflow/example_dags/example_latest_only_with_trigger.py for tasks to queue
[2024-05-23T19:48:05.202+0000] {logging_mixin.py:188} INFO - [2024-05-23T19:48:05.202+0000] {dagbag.py:545} INFO - Filling up the DagBag from /home/airflow/.local/lib/python3.12/site-packages/airflow/example_dags/example_latest_only_with_trigger.py
[2024-05-23T19:48:05.209+0000] {processor.py:840} INFO - DAG(s) 'latest_only_with_trigger' retrieved from /home/airflow/.local/lib/python3.12/site-packages/airflow/example_dags/example_latest_only_with_trigger.py
[2024-05-23T19:48:05.237+0000] {logging_mixin.py:188} INFO - [2024-05-23T19:48:05.237+0000] {dag.py:3096} INFO - Sync 1 DAGs
[2024-05-23T19:48:05.266+0000] {logging_mixin.py:188} INFO - [2024-05-23T19:48:05.266+0000] {dag.py:3954} INFO - Setting next_dagrun for latest_only_with_trigger to 2024-05-23 12:00:00+00:00, run_after=2024-05-23 16:00:00+00:00
[2024-05-23T19:48:05.427+0000] {processor.py:183} INFO - Processing /home/airflow/.local/lib/python3.12/site-packages/airflow/example_dags/example_latest_only_with_trigger.py took 0.237 seconds
[2024-05-23T19:48:36.427+0000] {processor.py:161} INFO - Started process (PID=9935) to work on /home/airflow/.local/lib/python3.12/site-packages/airflow/example_dags/example_latest_only_with_trigger.py
[2024-05-23T19:48:36.429+0000] {processor.py:830} INFO - Processing file /home/airflow/.local/lib/python3.12/site-packages/airflow/example_dags/example_latest_only_with_trigger.py for tasks to queue
[2024-05-23T19:48:36.431+0000] {logging_mixin.py:188} INFO - [2024-05-23T19:48:36.431+0000] {dagbag.py:545} INFO - Filling up the DagBag from /home/airflow/.local/lib/python3.12/site-packages/airflow/example_dags/example_latest_only_with_trigger.py
[2024-05-23T19:48:36.439+0000] {processor.py:840} INFO - DAG(s) 'latest_only_with_trigger' retrieved from /home/airflow/.local/lib/python3.12/site-packages/airflow/example_dags/example_latest_only_with_trigger.py
[2024-05-23T19:48:36.472+0000] {logging_mixin.py:188} INFO - [2024-05-23T19:48:36.472+0000] {dag.py:3096} INFO - Sync 1 DAGs
[2024-05-23T19:48:36.506+0000] {logging_mixin.py:188} INFO - [2024-05-23T19:48:36.505+0000] {dag.py:3954} INFO - Setting next_dagrun for latest_only_with_trigger to 2024-05-23 12:00:00+00:00, run_after=2024-05-23 16:00:00+00:00
[2024-05-23T19:48:36.534+0000] {processor.py:183} INFO - Processing /home/airflow/.local/lib/python3.12/site-packages/airflow/example_dags/example_latest_only_with_trigger.py took 0.116 seconds
[2024-05-23T19:49:06.681+0000] {processor.py:161} INFO - Started process (PID=10197) to work on /home/airflow/.local/lib/python3.12/site-packages/airflow/example_dags/example_latest_only_with_trigger.py
[2024-05-23T19:49:06.683+0000] {processor.py:830} INFO - Processing file /home/airflow/.local/lib/python3.12/site-packages/airflow/example_dags/example_latest_only_with_trigger.py for tasks to queue
[2024-05-23T19:49:06.685+0000] {logging_mixin.py:188} INFO - [2024-05-23T19:49:06.685+0000] {dagbag.py:545} INFO - Filling up the DagBag from /home/airflow/.local/lib/python3.12/site-packages/airflow/example_dags/example_latest_only_with_trigger.py
[2024-05-23T19:49:06.696+0000] {processor.py:840} INFO - DAG(s) 'latest_only_with_trigger' retrieved from /home/airflow/.local/lib/python3.12/site-packages/airflow/example_dags/example_latest_only_with_trigger.py
[2024-05-23T19:49:06.726+0000] {logging_mixin.py:188} INFO - [2024-05-23T19:49:06.726+0000] {dag.py:3096} INFO - Sync 1 DAGs
[2024-05-23T19:49:06.761+0000] {logging_mixin.py:188} INFO - [2024-05-23T19:49:06.761+0000] {dag.py:3954} INFO - Setting next_dagrun for latest_only_with_trigger to 2024-05-23 12:00:00+00:00, run_after=2024-05-23 16:00:00+00:00
[2024-05-23T19:49:06.790+0000] {processor.py:183} INFO - Processing /home/airflow/.local/lib/python3.12/site-packages/airflow/example_dags/example_latest_only_with_trigger.py took 0.118 seconds
[2024-05-23T19:49:37.000+0000] {processor.py:161} INFO - Started process (PID=10459) to work on /home/airflow/.local/lib/python3.12/site-packages/airflow/example_dags/example_latest_only_with_trigger.py
[2024-05-23T19:49:37.001+0000] {processor.py:830} INFO - Processing file /home/airflow/.local/lib/python3.12/site-packages/airflow/example_dags/example_latest_only_with_trigger.py for tasks to queue
[2024-05-23T19:49:37.004+0000] {logging_mixin.py:188} INFO - [2024-05-23T19:49:37.004+0000] {dagbag.py:545} INFO - Filling up the DagBag from /home/airflow/.local/lib/python3.12/site-packages/airflow/example_dags/example_latest_only_with_trigger.py
[2024-05-23T19:49:37.012+0000] {processor.py:840} INFO - DAG(s) 'latest_only_with_trigger' retrieved from /home/airflow/.local/lib/python3.12/site-packages/airflow/example_dags/example_latest_only_with_trigger.py
[2024-05-23T19:49:37.043+0000] {logging_mixin.py:188} INFO - [2024-05-23T19:49:37.042+0000] {dag.py:3096} INFO - Sync 1 DAGs
[2024-05-23T19:49:37.075+0000] {logging_mixin.py:188} INFO - [2024-05-23T19:49:37.075+0000] {dag.py:3954} INFO - Setting next_dagrun for latest_only_with_trigger to 2024-05-23 12:00:00+00:00, run_after=2024-05-23 16:00:00+00:00
[2024-05-23T19:49:37.101+0000] {processor.py:183} INFO - Processing /home/airflow/.local/lib/python3.12/site-packages/airflow/example_dags/example_latest_only_with_trigger.py took 0.110 seconds
[2024-05-23T19:50:07.483+0000] {processor.py:161} INFO - Started process (PID=10721) to work on /home/airflow/.local/lib/python3.12/site-packages/airflow/example_dags/example_latest_only_with_trigger.py
[2024-05-23T19:50:07.484+0000] {processor.py:830} INFO - Processing file /home/airflow/.local/lib/python3.12/site-packages/airflow/example_dags/example_latest_only_with_trigger.py for tasks to queue
[2024-05-23T19:50:07.488+0000] {logging_mixin.py:188} INFO - [2024-05-23T19:50:07.487+0000] {dagbag.py:545} INFO - Filling up the DagBag from /home/airflow/.local/lib/python3.12/site-packages/airflow/example_dags/example_latest_only_with_trigger.py
[2024-05-23T19:50:07.496+0000] {processor.py:840} INFO - DAG(s) 'latest_only_with_trigger' retrieved from /home/airflow/.local/lib/python3.12/site-packages/airflow/example_dags/example_latest_only_with_trigger.py
[2024-05-23T19:50:07.527+0000] {logging_mixin.py:188} INFO - [2024-05-23T19:50:07.527+0000] {dag.py:3096} INFO - Sync 1 DAGs
[2024-05-23T19:50:07.560+0000] {logging_mixin.py:188} INFO - [2024-05-23T19:50:07.560+0000] {dag.py:3954} INFO - Setting next_dagrun for latest_only_with_trigger to 2024-05-23 12:00:00+00:00, run_after=2024-05-23 16:00:00+00:00
[2024-05-23T19:50:07.587+0000] {processor.py:183} INFO - Processing /home/airflow/.local/lib/python3.12/site-packages/airflow/example_dags/example_latest_only_with_trigger.py took 0.112 seconds
[2024-05-23T19:50:38.503+0000] {processor.py:161} INFO - Started process (PID=10983) to work on /home/airflow/.local/lib/python3.12/site-packages/airflow/example_dags/example_latest_only_with_trigger.py
[2024-05-23T19:50:38.505+0000] {processor.py:830} INFO - Processing file /home/airflow/.local/lib/python3.12/site-packages/airflow/example_dags/example_latest_only_with_trigger.py for tasks to queue
[2024-05-23T19:50:38.509+0000] {logging_mixin.py:188} INFO - [2024-05-23T19:50:38.508+0000] {dagbag.py:545} INFO - Filling up the DagBag from /home/airflow/.local/lib/python3.12/site-packages/airflow/example_dags/example_latest_only_with_trigger.py
[2024-05-23T19:50:38.517+0000] {processor.py:840} INFO - DAG(s) 'latest_only_with_trigger' retrieved from /home/airflow/.local/lib/python3.12/site-packages/airflow/example_dags/example_latest_only_with_trigger.py
[2024-05-23T19:50:38.713+0000] {logging_mixin.py:188} INFO - [2024-05-23T19:50:38.712+0000] {dag.py:3096} INFO - Sync 1 DAGs
[2024-05-23T19:50:38.747+0000] {logging_mixin.py:188} INFO - [2024-05-23T19:50:38.747+0000] {dag.py:3954} INFO - Setting next_dagrun for latest_only_with_trigger to 2024-05-23 12:00:00+00:00, run_after=2024-05-23 16:00:00+00:00
[2024-05-23T19:50:38.774+0000] {processor.py:183} INFO - Processing /home/airflow/.local/lib/python3.12/site-packages/airflow/example_dags/example_latest_only_with_trigger.py took 0.280 seconds
[2024-05-23T19:51:08.880+0000] {processor.py:161} INFO - Started process (PID=11245) to work on /home/airflow/.local/lib/python3.12/site-packages/airflow/example_dags/example_latest_only_with_trigger.py
[2024-05-23T19:51:08.881+0000] {processor.py:830} INFO - Processing file /home/airflow/.local/lib/python3.12/site-packages/airflow/example_dags/example_latest_only_with_trigger.py for tasks to queue
[2024-05-23T19:51:08.884+0000] {logging_mixin.py:188} INFO - [2024-05-23T19:51:08.884+0000] {dagbag.py:545} INFO - Filling up the DagBag from /home/airflow/.local/lib/python3.12/site-packages/airflow/example_dags/example_latest_only_with_trigger.py
[2024-05-23T19:51:08.892+0000] {processor.py:840} INFO - DAG(s) 'latest_only_with_trigger' retrieved from /home/airflow/.local/lib/python3.12/site-packages/airflow/example_dags/example_latest_only_with_trigger.py
[2024-05-23T19:51:08.924+0000] {logging_mixin.py:188} INFO - [2024-05-23T19:51:08.924+0000] {dag.py:3096} INFO - Sync 1 DAGs
[2024-05-23T19:51:08.958+0000] {logging_mixin.py:188} INFO - [2024-05-23T19:51:08.957+0000] {dag.py:3954} INFO - Setting next_dagrun for latest_only_with_trigger to 2024-05-23 12:00:00+00:00, run_after=2024-05-23 16:00:00+00:00
[2024-05-23T19:51:08.983+0000] {processor.py:183} INFO - Processing /home/airflow/.local/lib/python3.12/site-packages/airflow/example_dags/example_latest_only_with_trigger.py took 0.113 seconds
[2024-05-23T19:51:39.860+0000] {processor.py:161} INFO - Started process (PID=11507) to work on /home/airflow/.local/lib/python3.12/site-packages/airflow/example_dags/example_latest_only_with_trigger.py
[2024-05-23T19:51:39.861+0000] {processor.py:830} INFO - Processing file /home/airflow/.local/lib/python3.12/site-packages/airflow/example_dags/example_latest_only_with_trigger.py for tasks to queue
[2024-05-23T19:51:39.865+0000] {logging_mixin.py:188} INFO - [2024-05-23T19:51:39.864+0000] {dagbag.py:545} INFO - Filling up the DagBag from /home/airflow/.local/lib/python3.12/site-packages/airflow/example_dags/example_latest_only_with_trigger.py
[2024-05-23T19:51:39.874+0000] {processor.py:840} INFO - DAG(s) 'latest_only_with_trigger' retrieved from /home/airflow/.local/lib/python3.12/site-packages/airflow/example_dags/example_latest_only_with_trigger.py
[2024-05-23T19:51:39.909+0000] {logging_mixin.py:188} INFO - [2024-05-23T19:51:39.909+0000] {dag.py:3096} INFO - Sync 1 DAGs
[2024-05-23T19:51:39.945+0000] {logging_mixin.py:188} INFO - [2024-05-23T19:51:39.944+0000] {dag.py:3954} INFO - Setting next_dagrun for latest_only_with_trigger to 2024-05-23 12:00:00+00:00, run_after=2024-05-23 16:00:00+00:00
[2024-05-23T19:51:39.972+0000] {processor.py:183} INFO - Processing /home/airflow/.local/lib/python3.12/site-packages/airflow/example_dags/example_latest_only_with_trigger.py took 0.123 seconds
[2024-05-23T19:52:10.262+0000] {processor.py:161} INFO - Started process (PID=11769) to work on /home/airflow/.local/lib/python3.12/site-packages/airflow/example_dags/example_latest_only_with_trigger.py
[2024-05-23T19:52:10.263+0000] {processor.py:830} INFO - Processing file /home/airflow/.local/lib/python3.12/site-packages/airflow/example_dags/example_latest_only_with_trigger.py for tasks to queue
[2024-05-23T19:52:10.266+0000] {logging_mixin.py:188} INFO - [2024-05-23T19:52:10.265+0000] {dagbag.py:545} INFO - Filling up the DagBag from /home/airflow/.local/lib/python3.12/site-packages/airflow/example_dags/example_latest_only_with_trigger.py
[2024-05-23T19:52:10.274+0000] {processor.py:840} INFO - DAG(s) 'latest_only_with_trigger' retrieved from /home/airflow/.local/lib/python3.12/site-packages/airflow/example_dags/example_latest_only_with_trigger.py
[2024-05-23T19:52:10.306+0000] {logging_mixin.py:188} INFO - [2024-05-23T19:52:10.305+0000] {dag.py:3096} INFO - Sync 1 DAGs
[2024-05-23T19:52:10.339+0000] {logging_mixin.py:188} INFO - [2024-05-23T19:52:10.339+0000] {dag.py:3954} INFO - Setting next_dagrun for latest_only_with_trigger to 2024-05-23 12:00:00+00:00, run_after=2024-05-23 16:00:00+00:00
[2024-05-23T19:52:10.366+0000] {processor.py:183} INFO - Processing /home/airflow/.local/lib/python3.12/site-packages/airflow/example_dags/example_latest_only_with_trigger.py took 0.114 seconds
[2024-05-23T19:52:40.646+0000] {processor.py:161} INFO - Started process (PID=12031) to work on /home/airflow/.local/lib/python3.12/site-packages/airflow/example_dags/example_latest_only_with_trigger.py
[2024-05-23T19:52:40.648+0000] {processor.py:830} INFO - Processing file /home/airflow/.local/lib/python3.12/site-packages/airflow/example_dags/example_latest_only_with_trigger.py for tasks to queue
[2024-05-23T19:52:40.650+0000] {logging_mixin.py:188} INFO - [2024-05-23T19:52:40.650+0000] {dagbag.py:545} INFO - Filling up the DagBag from /home/airflow/.local/lib/python3.12/site-packages/airflow/example_dags/example_latest_only_with_trigger.py
[2024-05-23T19:52:40.661+0000] {processor.py:840} INFO - DAG(s) 'latest_only_with_trigger' retrieved from /home/airflow/.local/lib/python3.12/site-packages/airflow/example_dags/example_latest_only_with_trigger.py
[2024-05-23T19:52:40.695+0000] {logging_mixin.py:188} INFO - [2024-05-23T19:52:40.695+0000] {dag.py:3096} INFO - Sync 1 DAGs
[2024-05-23T19:52:40.732+0000] {logging_mixin.py:188} INFO - [2024-05-23T19:52:40.732+0000] {dag.py:3954} INFO - Setting next_dagrun for latest_only_with_trigger to 2024-05-23 12:00:00+00:00, run_after=2024-05-23 16:00:00+00:00
[2024-05-23T19:52:40.763+0000] {processor.py:183} INFO - Processing /home/airflow/.local/lib/python3.12/site-packages/airflow/example_dags/example_latest_only_with_trigger.py took 0.126 seconds
[2024-05-23T19:53:11.020+0000] {processor.py:161} INFO - Started process (PID=12293) to work on /home/airflow/.local/lib/python3.12/site-packages/airflow/example_dags/example_latest_only_with_trigger.py
[2024-05-23T19:53:11.021+0000] {processor.py:830} INFO - Processing file /home/airflow/.local/lib/python3.12/site-packages/airflow/example_dags/example_latest_only_with_trigger.py for tasks to queue
[2024-05-23T19:53:11.024+0000] {logging_mixin.py:188} INFO - [2024-05-23T19:53:11.024+0000] {dagbag.py:545} INFO - Filling up the DagBag from /home/airflow/.local/lib/python3.12/site-packages/airflow/example_dags/example_latest_only_with_trigger.py
[2024-05-23T19:53:11.034+0000] {processor.py:840} INFO - DAG(s) 'latest_only_with_trigger' retrieved from /home/airflow/.local/lib/python3.12/site-packages/airflow/example_dags/example_latest_only_with_trigger.py
[2024-05-23T19:53:11.066+0000] {logging_mixin.py:188} INFO - [2024-05-23T19:53:11.066+0000] {dag.py:3096} INFO - Sync 1 DAGs
[2024-05-23T19:53:11.100+0000] {logging_mixin.py:188} INFO - [2024-05-23T19:53:11.100+0000] {dag.py:3954} INFO - Setting next_dagrun for latest_only_with_trigger to 2024-05-23 12:00:00+00:00, run_after=2024-05-23 16:00:00+00:00
[2024-05-23T19:53:11.126+0000] {processor.py:183} INFO - Processing /home/airflow/.local/lib/python3.12/site-packages/airflow/example_dags/example_latest_only_with_trigger.py took 0.115 seconds
[2024-05-23T19:53:41.283+0000] {processor.py:161} INFO - Started process (PID=12555) to work on /home/airflow/.local/lib/python3.12/site-packages/airflow/example_dags/example_latest_only_with_trigger.py
[2024-05-23T19:53:41.285+0000] {processor.py:830} INFO - Processing file /home/airflow/.local/lib/python3.12/site-packages/airflow/example_dags/example_latest_only_with_trigger.py for tasks to queue
[2024-05-23T19:53:41.288+0000] {logging_mixin.py:188} INFO - [2024-05-23T19:53:41.287+0000] {dagbag.py:545} INFO - Filling up the DagBag from /home/airflow/.local/lib/python3.12/site-packages/airflow/example_dags/example_latest_only_with_trigger.py
[2024-05-23T19:53:41.296+0000] {processor.py:840} INFO - DAG(s) 'latest_only_with_trigger' retrieved from /home/airflow/.local/lib/python3.12/site-packages/airflow/example_dags/example_latest_only_with_trigger.py
[2024-05-23T19:53:41.328+0000] {logging_mixin.py:188} INFO - [2024-05-23T19:53:41.327+0000] {dag.py:3096} INFO - Sync 1 DAGs
[2024-05-23T19:53:41.361+0000] {logging_mixin.py:188} INFO - [2024-05-23T19:53:41.361+0000] {dag.py:3954} INFO - Setting next_dagrun for latest_only_with_trigger to 2024-05-23 12:00:00+00:00, run_after=2024-05-23 16:00:00+00:00
[2024-05-23T19:53:41.387+0000] {processor.py:183} INFO - Processing /home/airflow/.local/lib/python3.12/site-packages/airflow/example_dags/example_latest_only_with_trigger.py took 0.114 seconds
[2024-05-23T19:54:11.876+0000] {processor.py:161} INFO - Started process (PID=12817) to work on /home/airflow/.local/lib/python3.12/site-packages/airflow/example_dags/example_latest_only_with_trigger.py
[2024-05-23T19:54:11.878+0000] {processor.py:830} INFO - Processing file /home/airflow/.local/lib/python3.12/site-packages/airflow/example_dags/example_latest_only_with_trigger.py for tasks to queue
[2024-05-23T19:54:11.881+0000] {logging_mixin.py:188} INFO - [2024-05-23T19:54:11.880+0000] {dagbag.py:545} INFO - Filling up the DagBag from /home/airflow/.local/lib/python3.12/site-packages/airflow/example_dags/example_latest_only_with_trigger.py
[2024-05-23T19:54:11.889+0000] {processor.py:840} INFO - DAG(s) 'latest_only_with_trigger' retrieved from /home/airflow/.local/lib/python3.12/site-packages/airflow/example_dags/example_latest_only_with_trigger.py
[2024-05-23T19:54:11.920+0000] {logging_mixin.py:188} INFO - [2024-05-23T19:54:11.920+0000] {dag.py:3096} INFO - Sync 1 DAGs
[2024-05-23T19:54:11.953+0000] {logging_mixin.py:188} INFO - [2024-05-23T19:54:11.953+0000] {dag.py:3954} INFO - Setting next_dagrun for latest_only_with_trigger to 2024-05-23 12:00:00+00:00, run_after=2024-05-23 16:00:00+00:00
[2024-05-23T19:54:11.980+0000] {processor.py:183} INFO - Processing /home/airflow/.local/lib/python3.12/site-packages/airflow/example_dags/example_latest_only_with_trigger.py took 0.112 seconds
[2024-05-23T19:54:42.786+0000] {processor.py:161} INFO - Started process (PID=13079) to work on /home/airflow/.local/lib/python3.12/site-packages/airflow/example_dags/example_latest_only_with_trigger.py
[2024-05-23T19:54:42.788+0000] {processor.py:830} INFO - Processing file /home/airflow/.local/lib/python3.12/site-packages/airflow/example_dags/example_latest_only_with_trigger.py for tasks to queue
[2024-05-23T19:54:42.790+0000] {logging_mixin.py:188} INFO - [2024-05-23T19:54:42.790+0000] {dagbag.py:545} INFO - Filling up the DagBag from /home/airflow/.local/lib/python3.12/site-packages/airflow/example_dags/example_latest_only_with_trigger.py
[2024-05-23T19:54:42.798+0000] {processor.py:840} INFO - DAG(s) 'latest_only_with_trigger' retrieved from /home/airflow/.local/lib/python3.12/site-packages/airflow/example_dags/example_latest_only_with_trigger.py
[2024-05-23T19:54:42.826+0000] {logging_mixin.py:188} INFO - [2024-05-23T19:54:42.826+0000] {dag.py:3096} INFO - Sync 1 DAGs
[2024-05-23T19:54:42.856+0000] {logging_mixin.py:188} INFO - [2024-05-23T19:54:42.856+0000] {dag.py:3954} INFO - Setting next_dagrun for latest_only_with_trigger to 2024-05-23 12:00:00+00:00, run_after=2024-05-23 16:00:00+00:00
[2024-05-23T19:54:42.880+0000] {processor.py:183} INFO - Processing /home/airflow/.local/lib/python3.12/site-packages/airflow/example_dags/example_latest_only_with_trigger.py took 0.102 seconds
[2024-05-23T19:55:13.449+0000] {processor.py:161} INFO - Started process (PID=13341) to work on /home/airflow/.local/lib/python3.12/site-packages/airflow/example_dags/example_latest_only_with_trigger.py
[2024-05-23T19:55:13.451+0000] {processor.py:830} INFO - Processing file /home/airflow/.local/lib/python3.12/site-packages/airflow/example_dags/example_latest_only_with_trigger.py for tasks to queue
[2024-05-23T19:55:13.454+0000] {logging_mixin.py:188} INFO - [2024-05-23T19:55:13.454+0000] {dagbag.py:545} INFO - Filling up the DagBag from /home/airflow/.local/lib/python3.12/site-packages/airflow/example_dags/example_latest_only_with_trigger.py
[2024-05-23T19:55:13.463+0000] {processor.py:840} INFO - DAG(s) 'latest_only_with_trigger' retrieved from /home/airflow/.local/lib/python3.12/site-packages/airflow/example_dags/example_latest_only_with_trigger.py
[2024-05-23T19:55:13.496+0000] {logging_mixin.py:188} INFO - [2024-05-23T19:55:13.495+0000] {dag.py:3096} INFO - Sync 1 DAGs
[2024-05-23T19:55:13.531+0000] {logging_mixin.py:188} INFO - [2024-05-23T19:55:13.531+0000] {dag.py:3954} INFO - Setting next_dagrun for latest_only_with_trigger to 2024-05-23 12:00:00+00:00, run_after=2024-05-23 16:00:00+00:00
[2024-05-23T19:55:13.558+0000] {processor.py:183} INFO - Processing /home/airflow/.local/lib/python3.12/site-packages/airflow/example_dags/example_latest_only_with_trigger.py took 0.119 seconds
[2024-05-23T19:55:44.016+0000] {processor.py:161} INFO - Started process (PID=13603) to work on /home/airflow/.local/lib/python3.12/site-packages/airflow/example_dags/example_latest_only_with_trigger.py
[2024-05-23T19:55:44.018+0000] {processor.py:830} INFO - Processing file /home/airflow/.local/lib/python3.12/site-packages/airflow/example_dags/example_latest_only_with_trigger.py for tasks to queue
[2024-05-23T19:55:44.021+0000] {logging_mixin.py:188} INFO - [2024-05-23T19:55:44.020+0000] {dagbag.py:545} INFO - Filling up the DagBag from /home/airflow/.local/lib/python3.12/site-packages/airflow/example_dags/example_latest_only_with_trigger.py
[2024-05-23T19:55:44.030+0000] {processor.py:840} INFO - DAG(s) 'latest_only_with_trigger' retrieved from /home/airflow/.local/lib/python3.12/site-packages/airflow/example_dags/example_latest_only_with_trigger.py
[2024-05-23T19:55:44.061+0000] {logging_mixin.py:188} INFO - [2024-05-23T19:55:44.061+0000] {dag.py:3096} INFO - Sync 1 DAGs
[2024-05-23T19:55:44.094+0000] {logging_mixin.py:188} INFO - [2024-05-23T19:55:44.093+0000] {dag.py:3954} INFO - Setting next_dagrun for latest_only_with_trigger to 2024-05-23 12:00:00+00:00, run_after=2024-05-23 16:00:00+00:00
[2024-05-23T19:55:44.162+0000] {processor.py:183} INFO - Processing /home/airflow/.local/lib/python3.12/site-packages/airflow/example_dags/example_latest_only_with_trigger.py took 0.155 seconds
[2024-05-23T19:56:14.444+0000] {processor.py:161} INFO - Started process (PID=13865) to work on /home/airflow/.local/lib/python3.12/site-packages/airflow/example_dags/example_latest_only_with_trigger.py
[2024-05-23T19:56:14.446+0000] {processor.py:830} INFO - Processing file /home/airflow/.local/lib/python3.12/site-packages/airflow/example_dags/example_latest_only_with_trigger.py for tasks to queue
[2024-05-23T19:56:14.449+0000] {logging_mixin.py:188} INFO - [2024-05-23T19:56:14.448+0000] {dagbag.py:545} INFO - Filling up the DagBag from /home/airflow/.local/lib/python3.12/site-packages/airflow/example_dags/example_latest_only_with_trigger.py
[2024-05-23T19:56:14.457+0000] {processor.py:840} INFO - DAG(s) 'latest_only_with_trigger' retrieved from /home/airflow/.local/lib/python3.12/site-packages/airflow/example_dags/example_latest_only_with_trigger.py
[2024-05-23T19:56:14.488+0000] {logging_mixin.py:188} INFO - [2024-05-23T19:56:14.488+0000] {dag.py:3096} INFO - Sync 1 DAGs
[2024-05-23T19:56:14.520+0000] {logging_mixin.py:188} INFO - [2024-05-23T19:56:14.519+0000] {dag.py:3954} INFO - Setting next_dagrun for latest_only_with_trigger to 2024-05-23 12:00:00+00:00, run_after=2024-05-23 16:00:00+00:00
[2024-05-23T19:56:14.545+0000] {processor.py:183} INFO - Processing /home/airflow/.local/lib/python3.12/site-packages/airflow/example_dags/example_latest_only_with_trigger.py took 0.112 seconds
[2024-05-23T19:56:45.244+0000] {processor.py:161} INFO - Started process (PID=14127) to work on /home/airflow/.local/lib/python3.12/site-packages/airflow/example_dags/example_latest_only_with_trigger.py
[2024-05-23T19:56:45.246+0000] {processor.py:830} INFO - Processing file /home/airflow/.local/lib/python3.12/site-packages/airflow/example_dags/example_latest_only_with_trigger.py for tasks to queue
[2024-05-23T19:56:45.248+0000] {logging_mixin.py:188} INFO - [2024-05-23T19:56:45.248+0000] {dagbag.py:545} INFO - Filling up the DagBag from /home/airflow/.local/lib/python3.12/site-packages/airflow/example_dags/example_latest_only_with_trigger.py
[2024-05-23T19:56:45.256+0000] {processor.py:840} INFO - DAG(s) 'latest_only_with_trigger' retrieved from /home/airflow/.local/lib/python3.12/site-packages/airflow/example_dags/example_latest_only_with_trigger.py
[2024-05-23T19:56:45.284+0000] {logging_mixin.py:188} INFO - [2024-05-23T19:56:45.284+0000] {dag.py:3096} INFO - Sync 1 DAGs
[2024-05-23T19:56:45.313+0000] {logging_mixin.py:188} INFO - [2024-05-23T19:56:45.313+0000] {dag.py:3954} INFO - Setting next_dagrun for latest_only_with_trigger to 2024-05-23 12:00:00+00:00, run_after=2024-05-23 16:00:00+00:00
[2024-05-23T19:56:45.337+0000] {processor.py:183} INFO - Processing /home/airflow/.local/lib/python3.12/site-packages/airflow/example_dags/example_latest_only_with_trigger.py took 0.101 seconds
[2024-05-23T19:57:15.803+0000] {processor.py:161} INFO - Started process (PID=14389) to work on /home/airflow/.local/lib/python3.12/site-packages/airflow/example_dags/example_latest_only_with_trigger.py
[2024-05-23T19:57:15.805+0000] {processor.py:830} INFO - Processing file /home/airflow/.local/lib/python3.12/site-packages/airflow/example_dags/example_latest_only_with_trigger.py for tasks to queue
[2024-05-23T19:57:15.807+0000] {logging_mixin.py:188} INFO - [2024-05-23T19:57:15.807+0000] {dagbag.py:545} INFO - Filling up the DagBag from /home/airflow/.local/lib/python3.12/site-packages/airflow/example_dags/example_latest_only_with_trigger.py
[2024-05-23T19:57:15.815+0000] {processor.py:840} INFO - DAG(s) 'latest_only_with_trigger' retrieved from /home/airflow/.local/lib/python3.12/site-packages/airflow/example_dags/example_latest_only_with_trigger.py
[2024-05-23T19:57:15.846+0000] {logging_mixin.py:188} INFO - [2024-05-23T19:57:15.846+0000] {dag.py:3096} INFO - Sync 1 DAGs
[2024-05-23T19:57:15.876+0000] {logging_mixin.py:188} INFO - [2024-05-23T19:57:15.876+0000] {dag.py:3954} INFO - Setting next_dagrun for latest_only_with_trigger to 2024-05-23 12:00:00+00:00, run_after=2024-05-23 16:00:00+00:00
[2024-05-23T19:57:15.903+0000] {processor.py:183} INFO - Processing /home/airflow/.local/lib/python3.12/site-packages/airflow/example_dags/example_latest_only_with_trigger.py took 0.109 seconds
[2024-05-23T19:57:46.419+0000] {processor.py:161} INFO - Started process (PID=14657) to work on /home/airflow/.local/lib/python3.12/site-packages/airflow/example_dags/example_latest_only_with_trigger.py
[2024-05-23T19:57:46.421+0000] {processor.py:830} INFO - Processing file /home/airflow/.local/lib/python3.12/site-packages/airflow/example_dags/example_latest_only_with_trigger.py for tasks to queue
[2024-05-23T19:57:46.424+0000] {logging_mixin.py:188} INFO - [2024-05-23T19:57:46.423+0000] {dagbag.py:545} INFO - Filling up the DagBag from /home/airflow/.local/lib/python3.12/site-packages/airflow/example_dags/example_latest_only_with_trigger.py
[2024-05-23T19:57:46.431+0000] {processor.py:840} INFO - DAG(s) 'latest_only_with_trigger' retrieved from /home/airflow/.local/lib/python3.12/site-packages/airflow/example_dags/example_latest_only_with_trigger.py
[2024-05-23T19:57:46.460+0000] {logging_mixin.py:188} INFO - [2024-05-23T19:57:46.459+0000] {dag.py:3096} INFO - Sync 1 DAGs
[2024-05-23T19:57:46.491+0000] {logging_mixin.py:188} INFO - [2024-05-23T19:57:46.491+0000] {dag.py:3954} INFO - Setting next_dagrun for latest_only_with_trigger to 2024-05-23 12:00:00+00:00, run_after=2024-05-23 16:00:00+00:00
[2024-05-23T19:57:46.516+0000] {processor.py:183} INFO - Processing /home/airflow/.local/lib/python3.12/site-packages/airflow/example_dags/example_latest_only_with_trigger.py took 0.107 seconds
[2024-05-23T19:58:17.031+0000] {processor.py:161} INFO - Started process (PID=14919) to work on /home/airflow/.local/lib/python3.12/site-packages/airflow/example_dags/example_latest_only_with_trigger.py
[2024-05-23T19:58:17.032+0000] {processor.py:830} INFO - Processing file /home/airflow/.local/lib/python3.12/site-packages/airflow/example_dags/example_latest_only_with_trigger.py for tasks to queue
[2024-05-23T19:58:17.035+0000] {logging_mixin.py:188} INFO - [2024-05-23T19:58:17.034+0000] {dagbag.py:545} INFO - Filling up the DagBag from /home/airflow/.local/lib/python3.12/site-packages/airflow/example_dags/example_latest_only_with_trigger.py
[2024-05-23T19:58:17.042+0000] {processor.py:840} INFO - DAG(s) 'latest_only_with_trigger' retrieved from /home/airflow/.local/lib/python3.12/site-packages/airflow/example_dags/example_latest_only_with_trigger.py
[2024-05-23T19:58:17.071+0000] {logging_mixin.py:188} INFO - [2024-05-23T19:58:17.071+0000] {dag.py:3096} INFO - Sync 1 DAGs
[2024-05-23T19:58:17.101+0000] {logging_mixin.py:188} INFO - [2024-05-23T19:58:17.100+0000] {dag.py:3954} INFO - Setting next_dagrun for latest_only_with_trigger to 2024-05-23 12:00:00+00:00, run_after=2024-05-23 16:00:00+00:00
[2024-05-23T19:58:17.125+0000] {processor.py:183} INFO - Processing /home/airflow/.local/lib/python3.12/site-packages/airflow/example_dags/example_latest_only_with_trigger.py took 0.102 seconds
[2024-05-23T20:03:42.132+0000] {processor.py:161} INFO - Started process (PID=14988) to work on /home/airflow/.local/lib/python3.12/site-packages/airflow/example_dags/example_latest_only_with_trigger.py
[2024-05-23T20:03:42.134+0000] {processor.py:830} INFO - Processing file /home/airflow/.local/lib/python3.12/site-packages/airflow/example_dags/example_latest_only_with_trigger.py for tasks to queue
[2024-05-23T20:03:42.136+0000] {logging_mixin.py:188} INFO - [2024-05-23T20:03:42.136+0000] {dagbag.py:545} INFO - Filling up the DagBag from /home/airflow/.local/lib/python3.12/site-packages/airflow/example_dags/example_latest_only_with_trigger.py
[2024-05-23T20:03:42.146+0000] {processor.py:840} INFO - DAG(s) 'latest_only_with_trigger' retrieved from /home/airflow/.local/lib/python3.12/site-packages/airflow/example_dags/example_latest_only_with_trigger.py
[2024-05-23T20:03:42.194+0000] {logging_mixin.py:188} INFO - [2024-05-23T20:03:42.194+0000] {dag.py:3096} INFO - Sync 1 DAGs
[2024-05-23T20:03:42.232+0000] {logging_mixin.py:188} INFO - [2024-05-23T20:03:42.232+0000] {dag.py:3954} INFO - Setting next_dagrun for latest_only_with_trigger to 2024-05-23 16:00:00+00:00, run_after=2024-05-23 20:00:00+00:00
[2024-05-23T20:03:42.257+0000] {processor.py:183} INFO - Processing /home/airflow/.local/lib/python3.12/site-packages/airflow/example_dags/example_latest_only_with_trigger.py took 0.138 seconds
[2024-05-23T20:04:14.805+0000] {processor.py:161} INFO - Started process (PID=15250) to work on /home/airflow/.local/lib/python3.12/site-packages/airflow/example_dags/example_latest_only_with_trigger.py
[2024-05-23T20:04:14.812+0000] {processor.py:830} INFO - Processing file /home/airflow/.local/lib/python3.12/site-packages/airflow/example_dags/example_latest_only_with_trigger.py for tasks to queue
[2024-05-23T20:04:14.817+0000] {logging_mixin.py:188} INFO - [2024-05-23T20:04:14.816+0000] {dagbag.py:545} INFO - Filling up the DagBag from /home/airflow/.local/lib/python3.12/site-packages/airflow/example_dags/example_latest_only_with_trigger.py
[2024-05-23T20:04:14.854+0000] {processor.py:840} INFO - DAG(s) 'latest_only_with_trigger' retrieved from /home/airflow/.local/lib/python3.12/site-packages/airflow/example_dags/example_latest_only_with_trigger.py
[2024-05-23T20:04:14.967+0000] {logging_mixin.py:188} INFO - [2024-05-23T20:04:14.966+0000] {dag.py:3096} INFO - Sync 1 DAGs
[2024-05-23T20:04:15.081+0000] {logging_mixin.py:188} INFO - [2024-05-23T20:04:15.080+0000] {dag.py:3954} INFO - Setting next_dagrun for latest_only_with_trigger to 2024-05-23 16:00:00+00:00, run_after=2024-05-23 20:00:00+00:00
[2024-05-23T20:04:15.173+0000] {processor.py:183} INFO - Processing /home/airflow/.local/lib/python3.12/site-packages/airflow/example_dags/example_latest_only_with_trigger.py took 0.408 seconds
[2024-05-23T20:08:12.252+0000] {processor.py:161} INFO - Started process (PID=15513) to work on /home/airflow/.local/lib/python3.12/site-packages/airflow/example_dags/example_latest_only_with_trigger.py
[2024-05-23T20:08:12.254+0000] {processor.py:830} INFO - Processing file /home/airflow/.local/lib/python3.12/site-packages/airflow/example_dags/example_latest_only_with_trigger.py for tasks to queue
[2024-05-23T20:08:12.256+0000] {logging_mixin.py:188} INFO - [2024-05-23T20:08:12.255+0000] {dagbag.py:545} INFO - Filling up the DagBag from /home/airflow/.local/lib/python3.12/site-packages/airflow/example_dags/example_latest_only_with_trigger.py
[2024-05-23T20:08:12.265+0000] {processor.py:840} INFO - DAG(s) 'latest_only_with_trigger' retrieved from /home/airflow/.local/lib/python3.12/site-packages/airflow/example_dags/example_latest_only_with_trigger.py
[2024-05-23T20:08:12.307+0000] {logging_mixin.py:188} INFO - [2024-05-23T20:08:12.307+0000] {dag.py:3096} INFO - Sync 1 DAGs
[2024-05-23T20:08:12.348+0000] {logging_mixin.py:188} INFO - [2024-05-23T20:08:12.348+0000] {dag.py:3954} INFO - Setting next_dagrun for latest_only_with_trigger to 2024-05-23 16:00:00+00:00, run_after=2024-05-23 20:00:00+00:00
[2024-05-23T20:08:12.380+0000] {processor.py:183} INFO - Processing /home/airflow/.local/lib/python3.12/site-packages/airflow/example_dags/example_latest_only_with_trigger.py took 0.138 seconds
[2024-05-23T20:08:42.557+0000] {processor.py:161} INFO - Started process (PID=15775) to work on /home/airflow/.local/lib/python3.12/site-packages/airflow/example_dags/example_latest_only_with_trigger.py
[2024-05-23T20:08:42.559+0000] {processor.py:830} INFO - Processing file /home/airflow/.local/lib/python3.12/site-packages/airflow/example_dags/example_latest_only_with_trigger.py for tasks to queue
[2024-05-23T20:08:42.560+0000] {logging_mixin.py:188} INFO - [2024-05-23T20:08:42.560+0000] {dagbag.py:545} INFO - Filling up the DagBag from /home/airflow/.local/lib/python3.12/site-packages/airflow/example_dags/example_latest_only_with_trigger.py
[2024-05-23T20:08:42.571+0000] {processor.py:840} INFO - DAG(s) 'latest_only_with_trigger' retrieved from /home/airflow/.local/lib/python3.12/site-packages/airflow/example_dags/example_latest_only_with_trigger.py
[2024-05-23T20:08:42.603+0000] {logging_mixin.py:188} INFO - [2024-05-23T20:08:42.603+0000] {dag.py:3096} INFO - Sync 1 DAGs
[2024-05-23T20:08:42.633+0000] {logging_mixin.py:188} INFO - [2024-05-23T20:08:42.632+0000] {dag.py:3954} INFO - Setting next_dagrun for latest_only_with_trigger to 2024-05-23 16:00:00+00:00, run_after=2024-05-23 20:00:00+00:00
[2024-05-23T20:08:42.656+0000] {processor.py:183} INFO - Processing /home/airflow/.local/lib/python3.12/site-packages/airflow/example_dags/example_latest_only_with_trigger.py took 0.108 seconds
[2024-05-23T20:09:12.986+0000] {processor.py:161} INFO - Started process (PID=16039) to work on /home/airflow/.local/lib/python3.12/site-packages/airflow/example_dags/example_latest_only_with_trigger.py
[2024-05-23T20:09:12.989+0000] {processor.py:830} INFO - Processing file /home/airflow/.local/lib/python3.12/site-packages/airflow/example_dags/example_latest_only_with_trigger.py for tasks to queue
[2024-05-23T20:09:12.993+0000] {logging_mixin.py:188} INFO - [2024-05-23T20:09:12.993+0000] {dagbag.py:545} INFO - Filling up the DagBag from /home/airflow/.local/lib/python3.12/site-packages/airflow/example_dags/example_latest_only_with_trigger.py
[2024-05-23T20:09:13.003+0000] {processor.py:840} INFO - DAG(s) 'latest_only_with_trigger' retrieved from /home/airflow/.local/lib/python3.12/site-packages/airflow/example_dags/example_latest_only_with_trigger.py
[2024-05-23T20:09:13.036+0000] {logging_mixin.py:188} INFO - [2024-05-23T20:09:13.036+0000] {dag.py:3096} INFO - Sync 1 DAGs
[2024-05-23T20:09:13.066+0000] {logging_mixin.py:188} INFO - [2024-05-23T20:09:13.065+0000] {dag.py:3954} INFO - Setting next_dagrun for latest_only_with_trigger to 2024-05-23 16:00:00+00:00, run_after=2024-05-23 20:00:00+00:00
[2024-05-23T20:09:13.091+0000] {processor.py:183} INFO - Processing /home/airflow/.local/lib/python3.12/site-packages/airflow/example_dags/example_latest_only_with_trigger.py took 0.116 seconds
[2024-05-23T20:09:43.506+0000] {processor.py:161} INFO - Started process (PID=16301) to work on /home/airflow/.local/lib/python3.12/site-packages/airflow/example_dags/example_latest_only_with_trigger.py
[2024-05-23T20:09:43.507+0000] {processor.py:830} INFO - Processing file /home/airflow/.local/lib/python3.12/site-packages/airflow/example_dags/example_latest_only_with_trigger.py for tasks to queue
[2024-05-23T20:09:43.509+0000] {logging_mixin.py:188} INFO - [2024-05-23T20:09:43.508+0000] {dagbag.py:545} INFO - Filling up the DagBag from /home/airflow/.local/lib/python3.12/site-packages/airflow/example_dags/example_latest_only_with_trigger.py
[2024-05-23T20:09:43.517+0000] {processor.py:840} INFO - DAG(s) 'latest_only_with_trigger' retrieved from /home/airflow/.local/lib/python3.12/site-packages/airflow/example_dags/example_latest_only_with_trigger.py
[2024-05-23T20:09:43.549+0000] {logging_mixin.py:188} INFO - [2024-05-23T20:09:43.548+0000] {dag.py:3096} INFO - Sync 1 DAGs
[2024-05-23T20:09:43.578+0000] {logging_mixin.py:188} INFO - [2024-05-23T20:09:43.577+0000] {dag.py:3954} INFO - Setting next_dagrun for latest_only_with_trigger to 2024-05-23 16:00:00+00:00, run_after=2024-05-23 20:00:00+00:00
[2024-05-23T20:09:43.603+0000] {processor.py:183} INFO - Processing /home/airflow/.local/lib/python3.12/site-packages/airflow/example_dags/example_latest_only_with_trigger.py took 0.106 seconds
[2024-05-23T20:10:13.794+0000] {processor.py:161} INFO - Started process (PID=16562) to work on /home/airflow/.local/lib/python3.12/site-packages/airflow/example_dags/example_latest_only_with_trigger.py
[2024-05-23T20:10:13.795+0000] {processor.py:830} INFO - Processing file /home/airflow/.local/lib/python3.12/site-packages/airflow/example_dags/example_latest_only_with_trigger.py for tasks to queue
[2024-05-23T20:10:13.797+0000] {logging_mixin.py:188} INFO - [2024-05-23T20:10:13.797+0000] {dagbag.py:545} INFO - Filling up the DagBag from /home/airflow/.local/lib/python3.12/site-packages/airflow/example_dags/example_latest_only_with_trigger.py
[2024-05-23T20:10:13.806+0000] {processor.py:840} INFO - DAG(s) 'latest_only_with_trigger' retrieved from /home/airflow/.local/lib/python3.12/site-packages/airflow/example_dags/example_latest_only_with_trigger.py
[2024-05-23T20:10:13.837+0000] {logging_mixin.py:188} INFO - [2024-05-23T20:10:13.837+0000] {dag.py:3096} INFO - Sync 1 DAGs
[2024-05-23T20:10:13.868+0000] {logging_mixin.py:188} INFO - [2024-05-23T20:10:13.868+0000] {dag.py:3954} INFO - Setting next_dagrun for latest_only_with_trigger to 2024-05-23 16:00:00+00:00, run_after=2024-05-23 20:00:00+00:00
[2024-05-23T20:10:13.894+0000] {processor.py:183} INFO - Processing /home/airflow/.local/lib/python3.12/site-packages/airflow/example_dags/example_latest_only_with_trigger.py took 0.108 seconds
[2024-05-23T20:10:44.054+0000] {processor.py:161} INFO - Started process (PID=16823) to work on /home/airflow/.local/lib/python3.12/site-packages/airflow/example_dags/example_latest_only_with_trigger.py
[2024-05-23T20:10:44.055+0000] {processor.py:830} INFO - Processing file /home/airflow/.local/lib/python3.12/site-packages/airflow/example_dags/example_latest_only_with_trigger.py for tasks to queue
[2024-05-23T20:10:44.057+0000] {logging_mixin.py:188} INFO - [2024-05-23T20:10:44.056+0000] {dagbag.py:545} INFO - Filling up the DagBag from /home/airflow/.local/lib/python3.12/site-packages/airflow/example_dags/example_latest_only_with_trigger.py
[2024-05-23T20:10:44.065+0000] {processor.py:840} INFO - DAG(s) 'latest_only_with_trigger' retrieved from /home/airflow/.local/lib/python3.12/site-packages/airflow/example_dags/example_latest_only_with_trigger.py
[2024-05-23T20:10:44.095+0000] {logging_mixin.py:188} INFO - [2024-05-23T20:10:44.095+0000] {dag.py:3096} INFO - Sync 1 DAGs
[2024-05-23T20:10:44.123+0000] {logging_mixin.py:188} INFO - [2024-05-23T20:10:44.123+0000] {dag.py:3954} INFO - Setting next_dagrun for latest_only_with_trigger to 2024-05-23 16:00:00+00:00, run_after=2024-05-23 20:00:00+00:00
[2024-05-23T20:10:44.148+0000] {processor.py:183} INFO - Processing /home/airflow/.local/lib/python3.12/site-packages/airflow/example_dags/example_latest_only_with_trigger.py took 0.105 seconds
[2024-05-23T20:11:14.238+0000] {processor.py:161} INFO - Started process (PID=17084) to work on /home/airflow/.local/lib/python3.12/site-packages/airflow/example_dags/example_latest_only_with_trigger.py
[2024-05-23T20:11:14.239+0000] {processor.py:830} INFO - Processing file /home/airflow/.local/lib/python3.12/site-packages/airflow/example_dags/example_latest_only_with_trigger.py for tasks to queue
[2024-05-23T20:11:14.241+0000] {logging_mixin.py:188} INFO - [2024-05-23T20:11:14.240+0000] {dagbag.py:545} INFO - Filling up the DagBag from /home/airflow/.local/lib/python3.12/site-packages/airflow/example_dags/example_latest_only_with_trigger.py
[2024-05-23T20:11:14.250+0000] {processor.py:840} INFO - DAG(s) 'latest_only_with_trigger' retrieved from /home/airflow/.local/lib/python3.12/site-packages/airflow/example_dags/example_latest_only_with_trigger.py
[2024-05-23T20:11:14.278+0000] {logging_mixin.py:188} INFO - [2024-05-23T20:11:14.277+0000] {dag.py:3096} INFO - Sync 1 DAGs
[2024-05-23T20:11:14.305+0000] {logging_mixin.py:188} INFO - [2024-05-23T20:11:14.305+0000] {dag.py:3954} INFO - Setting next_dagrun for latest_only_with_trigger to 2024-05-23 16:00:00+00:00, run_after=2024-05-23 20:00:00+00:00
[2024-05-23T20:11:14.328+0000] {processor.py:183} INFO - Processing /home/airflow/.local/lib/python3.12/site-packages/airflow/example_dags/example_latest_only_with_trigger.py took 0.100 seconds
[2024-05-23T20:11:44.754+0000] {processor.py:161} INFO - Started process (PID=17346) to work on /home/airflow/.local/lib/python3.12/site-packages/airflow/example_dags/example_latest_only_with_trigger.py
[2024-05-23T20:11:44.755+0000] {processor.py:830} INFO - Processing file /home/airflow/.local/lib/python3.12/site-packages/airflow/example_dags/example_latest_only_with_trigger.py for tasks to queue
[2024-05-23T20:11:44.757+0000] {logging_mixin.py:188} INFO - [2024-05-23T20:11:44.756+0000] {dagbag.py:545} INFO - Filling up the DagBag from /home/airflow/.local/lib/python3.12/site-packages/airflow/example_dags/example_latest_only_with_trigger.py
[2024-05-23T20:11:44.766+0000] {processor.py:840} INFO - DAG(s) 'latest_only_with_trigger' retrieved from /home/airflow/.local/lib/python3.12/site-packages/airflow/example_dags/example_latest_only_with_trigger.py
[2024-05-23T20:11:44.794+0000] {logging_mixin.py:188} INFO - [2024-05-23T20:11:44.794+0000] {dag.py:3096} INFO - Sync 1 DAGs
[2024-05-23T20:11:44.821+0000] {logging_mixin.py:188} INFO - [2024-05-23T20:11:44.821+0000] {dag.py:3954} INFO - Setting next_dagrun for latest_only_with_trigger to 2024-05-23 16:00:00+00:00, run_after=2024-05-23 20:00:00+00:00
[2024-05-23T20:11:44.844+0000] {processor.py:183} INFO - Processing /home/airflow/.local/lib/python3.12/site-packages/airflow/example_dags/example_latest_only_with_trigger.py took 0.098 seconds
[2024-05-23T20:12:15.339+0000] {processor.py:161} INFO - Started process (PID=17608) to work on /home/airflow/.local/lib/python3.12/site-packages/airflow/example_dags/example_latest_only_with_trigger.py
[2024-05-23T20:12:15.341+0000] {processor.py:830} INFO - Processing file /home/airflow/.local/lib/python3.12/site-packages/airflow/example_dags/example_latest_only_with_trigger.py for tasks to queue
[2024-05-23T20:12:15.343+0000] {logging_mixin.py:188} INFO - [2024-05-23T20:12:15.342+0000] {dagbag.py:545} INFO - Filling up the DagBag from /home/airflow/.local/lib/python3.12/site-packages/airflow/example_dags/example_latest_only_with_trigger.py
[2024-05-23T20:12:15.352+0000] {processor.py:840} INFO - DAG(s) 'latest_only_with_trigger' retrieved from /home/airflow/.local/lib/python3.12/site-packages/airflow/example_dags/example_latest_only_with_trigger.py
[2024-05-23T20:12:15.385+0000] {logging_mixin.py:188} INFO - [2024-05-23T20:12:15.385+0000] {dag.py:3096} INFO - Sync 1 DAGs
[2024-05-23T20:12:15.416+0000] {logging_mixin.py:188} INFO - [2024-05-23T20:12:15.415+0000] {dag.py:3954} INFO - Setting next_dagrun for latest_only_with_trigger to 2024-05-23 16:00:00+00:00, run_after=2024-05-23 20:00:00+00:00
[2024-05-23T20:12:15.444+0000] {processor.py:183} INFO - Processing /home/airflow/.local/lib/python3.12/site-packages/airflow/example_dags/example_latest_only_with_trigger.py took 0.114 seconds
[2024-05-23T20:12:45.751+0000] {processor.py:161} INFO - Started process (PID=17871) to work on /home/airflow/.local/lib/python3.12/site-packages/airflow/example_dags/example_latest_only_with_trigger.py
[2024-05-23T20:12:45.753+0000] {processor.py:830} INFO - Processing file /home/airflow/.local/lib/python3.12/site-packages/airflow/example_dags/example_latest_only_with_trigger.py for tasks to queue
[2024-05-23T20:12:45.755+0000] {logging_mixin.py:188} INFO - [2024-05-23T20:12:45.754+0000] {dagbag.py:545} INFO - Filling up the DagBag from /home/airflow/.local/lib/python3.12/site-packages/airflow/example_dags/example_latest_only_with_trigger.py
[2024-05-23T20:12:45.765+0000] {processor.py:840} INFO - DAG(s) 'latest_only_with_trigger' retrieved from /home/airflow/.local/lib/python3.12/site-packages/airflow/example_dags/example_latest_only_with_trigger.py
[2024-05-23T20:12:45.796+0000] {logging_mixin.py:188} INFO - [2024-05-23T20:12:45.796+0000] {dag.py:3096} INFO - Sync 1 DAGs
[2024-05-23T20:12:45.826+0000] {logging_mixin.py:188} INFO - [2024-05-23T20:12:45.826+0000] {dag.py:3954} INFO - Setting next_dagrun for latest_only_with_trigger to 2024-05-23 16:00:00+00:00, run_after=2024-05-23 20:00:00+00:00
[2024-05-23T20:12:45.852+0000] {processor.py:183} INFO - Processing /home/airflow/.local/lib/python3.12/site-packages/airflow/example_dags/example_latest_only_with_trigger.py took 0.109 seconds
[2024-05-23T20:13:15.999+0000] {processor.py:161} INFO - Started process (PID=18134) to work on /home/airflow/.local/lib/python3.12/site-packages/airflow/example_dags/example_latest_only_with_trigger.py
[2024-05-23T20:13:16.001+0000] {processor.py:830} INFO - Processing file /home/airflow/.local/lib/python3.12/site-packages/airflow/example_dags/example_latest_only_with_trigger.py for tasks to queue
[2024-05-23T20:13:16.003+0000] {logging_mixin.py:188} INFO - [2024-05-23T20:13:16.002+0000] {dagbag.py:545} INFO - Filling up the DagBag from /home/airflow/.local/lib/python3.12/site-packages/airflow/example_dags/example_latest_only_with_trigger.py
[2024-05-23T20:13:16.011+0000] {processor.py:840} INFO - DAG(s) 'latest_only_with_trigger' retrieved from /home/airflow/.local/lib/python3.12/site-packages/airflow/example_dags/example_latest_only_with_trigger.py
[2024-05-23T20:13:16.042+0000] {logging_mixin.py:188} INFO - [2024-05-23T20:13:16.042+0000] {dag.py:3096} INFO - Sync 1 DAGs
[2024-05-23T20:13:16.070+0000] {logging_mixin.py:188} INFO - [2024-05-23T20:13:16.070+0000] {dag.py:3954} INFO - Setting next_dagrun for latest_only_with_trigger to 2024-05-23 16:00:00+00:00, run_after=2024-05-23 20:00:00+00:00
[2024-05-23T20:13:16.096+0000] {processor.py:183} INFO - Processing /home/airflow/.local/lib/python3.12/site-packages/airflow/example_dags/example_latest_only_with_trigger.py took 0.106 seconds
