[2024-05-23T19:29:52.546+0000] {processor.py:161} INFO - Started process (PID=282) to work on /home/airflow/.local/lib/python3.12/site-packages/airflow/example_dags/example_local_kubernetes_executor.py
[2024-05-23T19:29:52.548+0000] {processor.py:830} INFO - Processing file /home/airflow/.local/lib/python3.12/site-packages/airflow/example_dags/example_local_kubernetes_executor.py for tasks to queue
[2024-05-23T19:29:52.552+0000] {logging_mixin.py:188} INFO - [2024-05-23T19:29:52.551+0000] {dagbag.py:545} INFO - Filling up the DagBag from /home/airflow/.local/lib/python3.12/site-packages/airflow/example_dags/example_local_kubernetes_executor.py
[2024-05-23T19:29:52.570+0000] {processor.py:840} INFO - DAG(s) 'example_local_kubernetes_executor' retrieved from /home/airflow/.local/lib/python3.12/site-packages/airflow/example_dags/example_local_kubernetes_executor.py
[2024-05-23T19:29:52.902+0000] {logging_mixin.py:188} INFO - [2024-05-23T19:29:52.902+0000] {dag.py:3096} INFO - Sync 1 DAGs
[2024-05-23T19:29:52.939+0000] {logging_mixin.py:188} INFO - [2024-05-23T19:29:52.939+0000] {dag.py:3954} INFO - Setting next_dagrun for example_local_kubernetes_executor to None, run_after=None
[2024-05-23T19:29:53.000+0000] {processor.py:183} INFO - Processing /home/airflow/.local/lib/python3.12/site-packages/airflow/example_dags/example_local_kubernetes_executor.py took 0.476 seconds
[2024-05-23T19:30:23.118+0000] {processor.py:161} INFO - Started process (PID=544) to work on /home/airflow/.local/lib/python3.12/site-packages/airflow/example_dags/example_local_kubernetes_executor.py
[2024-05-23T19:30:23.120+0000] {processor.py:830} INFO - Processing file /home/airflow/.local/lib/python3.12/site-packages/airflow/example_dags/example_local_kubernetes_executor.py for tasks to queue
[2024-05-23T19:30:23.124+0000] {logging_mixin.py:188} INFO - [2024-05-23T19:30:23.123+0000] {dagbag.py:545} INFO - Filling up the DagBag from /home/airflow/.local/lib/python3.12/site-packages/airflow/example_dags/example_local_kubernetes_executor.py
[2024-05-23T19:30:23.136+0000] {processor.py:840} INFO - DAG(s) 'example_local_kubernetes_executor' retrieved from /home/airflow/.local/lib/python3.12/site-packages/airflow/example_dags/example_local_kubernetes_executor.py
[2024-05-23T19:30:23.532+0000] {logging_mixin.py:188} INFO - [2024-05-23T19:30:23.532+0000] {dag.py:3096} INFO - Sync 1 DAGs
[2024-05-23T19:30:23.574+0000] {logging_mixin.py:188} INFO - [2024-05-23T19:30:23.573+0000] {dag.py:3954} INFO - Setting next_dagrun for example_local_kubernetes_executor to None, run_after=None
[2024-05-23T19:30:23.614+0000] {processor.py:183} INFO - Processing /home/airflow/.local/lib/python3.12/site-packages/airflow/example_dags/example_local_kubernetes_executor.py took 0.505 seconds
[2024-05-23T19:30:54.003+0000] {processor.py:161} INFO - Started process (PID=806) to work on /home/airflow/.local/lib/python3.12/site-packages/airflow/example_dags/example_local_kubernetes_executor.py
[2024-05-23T19:30:54.006+0000] {processor.py:830} INFO - Processing file /home/airflow/.local/lib/python3.12/site-packages/airflow/example_dags/example_local_kubernetes_executor.py for tasks to queue
[2024-05-23T19:30:54.010+0000] {logging_mixin.py:188} INFO - [2024-05-23T19:30:54.009+0000] {dagbag.py:545} INFO - Filling up the DagBag from /home/airflow/.local/lib/python3.12/site-packages/airflow/example_dags/example_local_kubernetes_executor.py
[2024-05-23T19:30:54.024+0000] {processor.py:840} INFO - DAG(s) 'example_local_kubernetes_executor' retrieved from /home/airflow/.local/lib/python3.12/site-packages/airflow/example_dags/example_local_kubernetes_executor.py
[2024-05-23T19:30:54.088+0000] {logging_mixin.py:188} INFO - [2024-05-23T19:30:54.088+0000] {dag.py:3096} INFO - Sync 1 DAGs
[2024-05-23T19:30:54.117+0000] {logging_mixin.py:188} INFO - [2024-05-23T19:30:54.117+0000] {dag.py:3954} INFO - Setting next_dagrun for example_local_kubernetes_executor to None, run_after=None
[2024-05-23T19:30:54.151+0000] {processor.py:183} INFO - Processing /home/airflow/.local/lib/python3.12/site-packages/airflow/example_dags/example_local_kubernetes_executor.py took 0.158 seconds
[2024-05-23T19:31:24.265+0000] {processor.py:161} INFO - Started process (PID=1068) to work on /home/airflow/.local/lib/python3.12/site-packages/airflow/example_dags/example_local_kubernetes_executor.py
[2024-05-23T19:31:24.266+0000] {processor.py:830} INFO - Processing file /home/airflow/.local/lib/python3.12/site-packages/airflow/example_dags/example_local_kubernetes_executor.py for tasks to queue
[2024-05-23T19:31:24.269+0000] {logging_mixin.py:188} INFO - [2024-05-23T19:31:24.269+0000] {dagbag.py:545} INFO - Filling up the DagBag from /home/airflow/.local/lib/python3.12/site-packages/airflow/example_dags/example_local_kubernetes_executor.py
[2024-05-23T19:31:24.280+0000] {processor.py:840} INFO - DAG(s) 'example_local_kubernetes_executor' retrieved from /home/airflow/.local/lib/python3.12/site-packages/airflow/example_dags/example_local_kubernetes_executor.py
[2024-05-23T19:31:24.333+0000] {logging_mixin.py:188} INFO - [2024-05-23T19:31:24.332+0000] {dag.py:3096} INFO - Sync 1 DAGs
[2024-05-23T19:31:24.352+0000] {logging_mixin.py:188} INFO - [2024-05-23T19:31:24.352+0000] {dag.py:3954} INFO - Setting next_dagrun for example_local_kubernetes_executor to None, run_after=None
[2024-05-23T19:31:24.379+0000] {processor.py:183} INFO - Processing /home/airflow/.local/lib/python3.12/site-packages/airflow/example_dags/example_local_kubernetes_executor.py took 0.124 seconds
[2024-05-23T19:31:54.508+0000] {processor.py:161} INFO - Started process (PID=1330) to work on /home/airflow/.local/lib/python3.12/site-packages/airflow/example_dags/example_local_kubernetes_executor.py
[2024-05-23T19:31:54.510+0000] {processor.py:830} INFO - Processing file /home/airflow/.local/lib/python3.12/site-packages/airflow/example_dags/example_local_kubernetes_executor.py for tasks to queue
[2024-05-23T19:31:54.513+0000] {logging_mixin.py:188} INFO - [2024-05-23T19:31:54.512+0000] {dagbag.py:545} INFO - Filling up the DagBag from /home/airflow/.local/lib/python3.12/site-packages/airflow/example_dags/example_local_kubernetes_executor.py
[2024-05-23T19:31:54.523+0000] {processor.py:840} INFO - DAG(s) 'example_local_kubernetes_executor' retrieved from /home/airflow/.local/lib/python3.12/site-packages/airflow/example_dags/example_local_kubernetes_executor.py
[2024-05-23T19:31:54.575+0000] {logging_mixin.py:188} INFO - [2024-05-23T19:31:54.575+0000] {dag.py:3096} INFO - Sync 1 DAGs
[2024-05-23T19:31:54.597+0000] {logging_mixin.py:188} INFO - [2024-05-23T19:31:54.596+0000] {dag.py:3954} INFO - Setting next_dagrun for example_local_kubernetes_executor to None, run_after=None
[2024-05-23T19:31:54.624+0000] {processor.py:183} INFO - Processing /home/airflow/.local/lib/python3.12/site-packages/airflow/example_dags/example_local_kubernetes_executor.py took 0.125 seconds
[2024-05-23T19:32:24.976+0000] {processor.py:161} INFO - Started process (PID=1592) to work on /home/airflow/.local/lib/python3.12/site-packages/airflow/example_dags/example_local_kubernetes_executor.py
[2024-05-23T19:32:24.977+0000] {processor.py:830} INFO - Processing file /home/airflow/.local/lib/python3.12/site-packages/airflow/example_dags/example_local_kubernetes_executor.py for tasks to queue
[2024-05-23T19:32:24.981+0000] {logging_mixin.py:188} INFO - [2024-05-23T19:32:24.980+0000] {dagbag.py:545} INFO - Filling up the DagBag from /home/airflow/.local/lib/python3.12/site-packages/airflow/example_dags/example_local_kubernetes_executor.py
[2024-05-23T19:32:24.994+0000] {processor.py:840} INFO - DAG(s) 'example_local_kubernetes_executor' retrieved from /home/airflow/.local/lib/python3.12/site-packages/airflow/example_dags/example_local_kubernetes_executor.py
[2024-05-23T19:32:25.051+0000] {logging_mixin.py:188} INFO - [2024-05-23T19:32:25.051+0000] {dag.py:3096} INFO - Sync 1 DAGs
[2024-05-23T19:32:25.074+0000] {logging_mixin.py:188} INFO - [2024-05-23T19:32:25.074+0000] {dag.py:3954} INFO - Setting next_dagrun for example_local_kubernetes_executor to None, run_after=None
[2024-05-23T19:32:25.107+0000] {processor.py:183} INFO - Processing /home/airflow/.local/lib/python3.12/site-packages/airflow/example_dags/example_local_kubernetes_executor.py took 0.142 seconds
[2024-05-23T19:32:55.161+0000] {processor.py:161} INFO - Started process (PID=1851) to work on /home/airflow/.local/lib/python3.12/site-packages/airflow/example_dags/example_local_kubernetes_executor.py
[2024-05-23T19:32:55.162+0000] {processor.py:830} INFO - Processing file /home/airflow/.local/lib/python3.12/site-packages/airflow/example_dags/example_local_kubernetes_executor.py for tasks to queue
[2024-05-23T19:32:55.165+0000] {logging_mixin.py:188} INFO - [2024-05-23T19:32:55.165+0000] {dagbag.py:545} INFO - Filling up the DagBag from /home/airflow/.local/lib/python3.12/site-packages/airflow/example_dags/example_local_kubernetes_executor.py
[2024-05-23T19:32:55.175+0000] {processor.py:840} INFO - DAG(s) 'example_local_kubernetes_executor' retrieved from /home/airflow/.local/lib/python3.12/site-packages/airflow/example_dags/example_local_kubernetes_executor.py
[2024-05-23T19:32:55.227+0000] {logging_mixin.py:188} INFO - [2024-05-23T19:32:55.227+0000] {dag.py:3096} INFO - Sync 1 DAGs
[2024-05-23T19:32:55.248+0000] {logging_mixin.py:188} INFO - [2024-05-23T19:32:55.247+0000] {dag.py:3954} INFO - Setting next_dagrun for example_local_kubernetes_executor to None, run_after=None
[2024-05-23T19:32:55.275+0000] {processor.py:183} INFO - Processing /home/airflow/.local/lib/python3.12/site-packages/airflow/example_dags/example_local_kubernetes_executor.py took 0.124 seconds
[2024-05-23T19:33:25.432+0000] {processor.py:161} INFO - Started process (PID=2111) to work on /home/airflow/.local/lib/python3.12/site-packages/airflow/example_dags/example_local_kubernetes_executor.py
[2024-05-23T19:33:25.436+0000] {processor.py:830} INFO - Processing file /home/airflow/.local/lib/python3.12/site-packages/airflow/example_dags/example_local_kubernetes_executor.py for tasks to queue
[2024-05-23T19:33:25.441+0000] {logging_mixin.py:188} INFO - [2024-05-23T19:33:25.440+0000] {dagbag.py:545} INFO - Filling up the DagBag from /home/airflow/.local/lib/python3.12/site-packages/airflow/example_dags/example_local_kubernetes_executor.py
[2024-05-23T19:33:25.462+0000] {processor.py:840} INFO - DAG(s) 'example_local_kubernetes_executor' retrieved from /home/airflow/.local/lib/python3.12/site-packages/airflow/example_dags/example_local_kubernetes_executor.py
[2024-05-23T19:33:25.545+0000] {logging_mixin.py:188} INFO - [2024-05-23T19:33:25.544+0000] {dag.py:3096} INFO - Sync 1 DAGs
[2024-05-23T19:33:25.571+0000] {logging_mixin.py:188} INFO - [2024-05-23T19:33:25.571+0000] {dag.py:3954} INFO - Setting next_dagrun for example_local_kubernetes_executor to None, run_after=None
[2024-05-23T19:33:25.608+0000] {processor.py:183} INFO - Processing /home/airflow/.local/lib/python3.12/site-packages/airflow/example_dags/example_local_kubernetes_executor.py took 0.194 seconds
[2024-05-23T19:33:56.069+0000] {processor.py:161} INFO - Started process (PID=2373) to work on /home/airflow/.local/lib/python3.12/site-packages/airflow/example_dags/example_local_kubernetes_executor.py
[2024-05-23T19:33:56.070+0000] {processor.py:830} INFO - Processing file /home/airflow/.local/lib/python3.12/site-packages/airflow/example_dags/example_local_kubernetes_executor.py for tasks to queue
[2024-05-23T19:33:56.075+0000] {logging_mixin.py:188} INFO - [2024-05-23T19:33:56.074+0000] {dagbag.py:545} INFO - Filling up the DagBag from /home/airflow/.local/lib/python3.12/site-packages/airflow/example_dags/example_local_kubernetes_executor.py
[2024-05-23T19:33:56.086+0000] {processor.py:840} INFO - DAG(s) 'example_local_kubernetes_executor' retrieved from /home/airflow/.local/lib/python3.12/site-packages/airflow/example_dags/example_local_kubernetes_executor.py
[2024-05-23T19:33:56.144+0000] {logging_mixin.py:188} INFO - [2024-05-23T19:33:56.144+0000] {dag.py:3096} INFO - Sync 1 DAGs
[2024-05-23T19:33:56.168+0000] {logging_mixin.py:188} INFO - [2024-05-23T19:33:56.167+0000] {dag.py:3954} INFO - Setting next_dagrun for example_local_kubernetes_executor to None, run_after=None
[2024-05-23T19:33:56.199+0000] {processor.py:183} INFO - Processing /home/airflow/.local/lib/python3.12/site-packages/airflow/example_dags/example_local_kubernetes_executor.py took 0.140 seconds
[2024-05-23T19:34:26.704+0000] {processor.py:161} INFO - Started process (PID=2634) to work on /home/airflow/.local/lib/python3.12/site-packages/airflow/example_dags/example_local_kubernetes_executor.py
[2024-05-23T19:34:26.705+0000] {processor.py:830} INFO - Processing file /home/airflow/.local/lib/python3.12/site-packages/airflow/example_dags/example_local_kubernetes_executor.py for tasks to queue
[2024-05-23T19:34:26.708+0000] {logging_mixin.py:188} INFO - [2024-05-23T19:34:26.708+0000] {dagbag.py:545} INFO - Filling up the DagBag from /home/airflow/.local/lib/python3.12/site-packages/airflow/example_dags/example_local_kubernetes_executor.py
[2024-05-23T19:34:26.719+0000] {processor.py:840} INFO - DAG(s) 'example_local_kubernetes_executor' retrieved from /home/airflow/.local/lib/python3.12/site-packages/airflow/example_dags/example_local_kubernetes_executor.py
[2024-05-23T19:34:26.774+0000] {logging_mixin.py:188} INFO - [2024-05-23T19:34:26.773+0000] {dag.py:3096} INFO - Sync 1 DAGs
[2024-05-23T19:34:26.797+0000] {logging_mixin.py:188} INFO - [2024-05-23T19:34:26.796+0000] {dag.py:3954} INFO - Setting next_dagrun for example_local_kubernetes_executor to None, run_after=None
[2024-05-23T19:34:26.827+0000] {processor.py:183} INFO - Processing /home/airflow/.local/lib/python3.12/site-packages/airflow/example_dags/example_local_kubernetes_executor.py took 0.132 seconds
[2024-05-23T19:34:57.445+0000] {processor.py:161} INFO - Started process (PID=2916) to work on /home/airflow/.local/lib/python3.12/site-packages/airflow/example_dags/example_local_kubernetes_executor.py
[2024-05-23T19:34:57.447+0000] {processor.py:830} INFO - Processing file /home/airflow/.local/lib/python3.12/site-packages/airflow/example_dags/example_local_kubernetes_executor.py for tasks to queue
[2024-05-23T19:34:57.450+0000] {logging_mixin.py:188} INFO - [2024-05-23T19:34:57.449+0000] {dagbag.py:545} INFO - Filling up the DagBag from /home/airflow/.local/lib/python3.12/site-packages/airflow/example_dags/example_local_kubernetes_executor.py
[2024-05-23T19:34:57.461+0000] {processor.py:840} INFO - DAG(s) 'example_local_kubernetes_executor' retrieved from /home/airflow/.local/lib/python3.12/site-packages/airflow/example_dags/example_local_kubernetes_executor.py
[2024-05-23T19:34:57.514+0000] {logging_mixin.py:188} INFO - [2024-05-23T19:34:57.514+0000] {dag.py:3096} INFO - Sync 1 DAGs
[2024-05-23T19:34:57.537+0000] {logging_mixin.py:188} INFO - [2024-05-23T19:34:57.537+0000] {dag.py:3954} INFO - Setting next_dagrun for example_local_kubernetes_executor to None, run_after=None
[2024-05-23T19:34:57.566+0000] {processor.py:183} INFO - Processing /home/airflow/.local/lib/python3.12/site-packages/airflow/example_dags/example_local_kubernetes_executor.py took 0.130 seconds
[2024-05-23T19:35:27.730+0000] {processor.py:161} INFO - Started process (PID=3183) to work on /home/airflow/.local/lib/python3.12/site-packages/airflow/example_dags/example_local_kubernetes_executor.py
[2024-05-23T19:35:27.732+0000] {processor.py:830} INFO - Processing file /home/airflow/.local/lib/python3.12/site-packages/airflow/example_dags/example_local_kubernetes_executor.py for tasks to queue
[2024-05-23T19:35:27.735+0000] {logging_mixin.py:188} INFO - [2024-05-23T19:35:27.735+0000] {dagbag.py:545} INFO - Filling up the DagBag from /home/airflow/.local/lib/python3.12/site-packages/airflow/example_dags/example_local_kubernetes_executor.py
[2024-05-23T19:35:27.748+0000] {processor.py:840} INFO - DAG(s) 'example_local_kubernetes_executor' retrieved from /home/airflow/.local/lib/python3.12/site-packages/airflow/example_dags/example_local_kubernetes_executor.py
[2024-05-23T19:35:27.805+0000] {logging_mixin.py:188} INFO - [2024-05-23T19:35:27.805+0000] {dag.py:3096} INFO - Sync 1 DAGs
[2024-05-23T19:35:27.829+0000] {logging_mixin.py:188} INFO - [2024-05-23T19:35:27.829+0000] {dag.py:3954} INFO - Setting next_dagrun for example_local_kubernetes_executor to None, run_after=None
[2024-05-23T19:35:27.862+0000] {processor.py:183} INFO - Processing /home/airflow/.local/lib/python3.12/site-packages/airflow/example_dags/example_local_kubernetes_executor.py took 0.142 seconds
[2024-05-23T19:35:58.006+0000] {processor.py:161} INFO - Started process (PID=3445) to work on /home/airflow/.local/lib/python3.12/site-packages/airflow/example_dags/example_local_kubernetes_executor.py
[2024-05-23T19:35:58.008+0000] {processor.py:830} INFO - Processing file /home/airflow/.local/lib/python3.12/site-packages/airflow/example_dags/example_local_kubernetes_executor.py for tasks to queue
[2024-05-23T19:35:58.011+0000] {logging_mixin.py:188} INFO - [2024-05-23T19:35:58.011+0000] {dagbag.py:545} INFO - Filling up the DagBag from /home/airflow/.local/lib/python3.12/site-packages/airflow/example_dags/example_local_kubernetes_executor.py
[2024-05-23T19:35:58.022+0000] {processor.py:840} INFO - DAG(s) 'example_local_kubernetes_executor' retrieved from /home/airflow/.local/lib/python3.12/site-packages/airflow/example_dags/example_local_kubernetes_executor.py
[2024-05-23T19:35:58.074+0000] {logging_mixin.py:188} INFO - [2024-05-23T19:35:58.074+0000] {dag.py:3096} INFO - Sync 1 DAGs
[2024-05-23T19:35:58.095+0000] {logging_mixin.py:188} INFO - [2024-05-23T19:35:58.095+0000] {dag.py:3954} INFO - Setting next_dagrun for example_local_kubernetes_executor to None, run_after=None
[2024-05-23T19:35:58.123+0000] {processor.py:183} INFO - Processing /home/airflow/.local/lib/python3.12/site-packages/airflow/example_dags/example_local_kubernetes_executor.py took 0.126 seconds
[2024-05-23T19:36:28.248+0000] {processor.py:161} INFO - Started process (PID=3707) to work on /home/airflow/.local/lib/python3.12/site-packages/airflow/example_dags/example_local_kubernetes_executor.py
[2024-05-23T19:36:28.249+0000] {processor.py:830} INFO - Processing file /home/airflow/.local/lib/python3.12/site-packages/airflow/example_dags/example_local_kubernetes_executor.py for tasks to queue
[2024-05-23T19:36:28.253+0000] {logging_mixin.py:188} INFO - [2024-05-23T19:36:28.253+0000] {dagbag.py:545} INFO - Filling up the DagBag from /home/airflow/.local/lib/python3.12/site-packages/airflow/example_dags/example_local_kubernetes_executor.py
[2024-05-23T19:36:28.263+0000] {processor.py:840} INFO - DAG(s) 'example_local_kubernetes_executor' retrieved from /home/airflow/.local/lib/python3.12/site-packages/airflow/example_dags/example_local_kubernetes_executor.py
[2024-05-23T19:36:28.322+0000] {logging_mixin.py:188} INFO - [2024-05-23T19:36:28.322+0000] {dag.py:3096} INFO - Sync 1 DAGs
[2024-05-23T19:36:28.345+0000] {logging_mixin.py:188} INFO - [2024-05-23T19:36:28.345+0000] {dag.py:3954} INFO - Setting next_dagrun for example_local_kubernetes_executor to None, run_after=None
[2024-05-23T19:36:28.377+0000] {processor.py:183} INFO - Processing /home/airflow/.local/lib/python3.12/site-packages/airflow/example_dags/example_local_kubernetes_executor.py took 0.140 seconds
[2024-05-23T19:36:58.548+0000] {processor.py:161} INFO - Started process (PID=3969) to work on /home/airflow/.local/lib/python3.12/site-packages/airflow/example_dags/example_local_kubernetes_executor.py
[2024-05-23T19:36:58.551+0000] {processor.py:830} INFO - Processing file /home/airflow/.local/lib/python3.12/site-packages/airflow/example_dags/example_local_kubernetes_executor.py for tasks to queue
[2024-05-23T19:36:58.555+0000] {logging_mixin.py:188} INFO - [2024-05-23T19:36:58.554+0000] {dagbag.py:545} INFO - Filling up the DagBag from /home/airflow/.local/lib/python3.12/site-packages/airflow/example_dags/example_local_kubernetes_executor.py
[2024-05-23T19:36:58.565+0000] {processor.py:840} INFO - DAG(s) 'example_local_kubernetes_executor' retrieved from /home/airflow/.local/lib/python3.12/site-packages/airflow/example_dags/example_local_kubernetes_executor.py
[2024-05-23T19:36:58.616+0000] {logging_mixin.py:188} INFO - [2024-05-23T19:36:58.616+0000] {dag.py:3096} INFO - Sync 1 DAGs
[2024-05-23T19:36:58.639+0000] {logging_mixin.py:188} INFO - [2024-05-23T19:36:58.639+0000] {dag.py:3954} INFO - Setting next_dagrun for example_local_kubernetes_executor to None, run_after=None
[2024-05-23T19:36:58.669+0000] {processor.py:183} INFO - Processing /home/airflow/.local/lib/python3.12/site-packages/airflow/example_dags/example_local_kubernetes_executor.py took 0.132 seconds
[2024-05-23T19:37:28.976+0000] {processor.py:161} INFO - Started process (PID=4231) to work on /home/airflow/.local/lib/python3.12/site-packages/airflow/example_dags/example_local_kubernetes_executor.py
[2024-05-23T19:37:28.978+0000] {processor.py:830} INFO - Processing file /home/airflow/.local/lib/python3.12/site-packages/airflow/example_dags/example_local_kubernetes_executor.py for tasks to queue
[2024-05-23T19:37:28.981+0000] {logging_mixin.py:188} INFO - [2024-05-23T19:37:28.981+0000] {dagbag.py:545} INFO - Filling up the DagBag from /home/airflow/.local/lib/python3.12/site-packages/airflow/example_dags/example_local_kubernetes_executor.py
[2024-05-23T19:37:28.992+0000] {processor.py:840} INFO - DAG(s) 'example_local_kubernetes_executor' retrieved from /home/airflow/.local/lib/python3.12/site-packages/airflow/example_dags/example_local_kubernetes_executor.py
[2024-05-23T19:37:29.053+0000] {logging_mixin.py:188} INFO - [2024-05-23T19:37:29.052+0000] {dag.py:3096} INFO - Sync 1 DAGs
[2024-05-23T19:37:29.076+0000] {logging_mixin.py:188} INFO - [2024-05-23T19:37:29.076+0000] {dag.py:3954} INFO - Setting next_dagrun for example_local_kubernetes_executor to None, run_after=None
[2024-05-23T19:37:29.135+0000] {processor.py:183} INFO - Processing /home/airflow/.local/lib/python3.12/site-packages/airflow/example_dags/example_local_kubernetes_executor.py took 0.170 seconds
[2024-05-23T19:38:00.146+0000] {processor.py:161} INFO - Started process (PID=4493) to work on /home/airflow/.local/lib/python3.12/site-packages/airflow/example_dags/example_local_kubernetes_executor.py
[2024-05-23T19:38:00.147+0000] {processor.py:830} INFO - Processing file /home/airflow/.local/lib/python3.12/site-packages/airflow/example_dags/example_local_kubernetes_executor.py for tasks to queue
[2024-05-23T19:38:00.149+0000] {logging_mixin.py:188} INFO - [2024-05-23T19:38:00.149+0000] {dagbag.py:545} INFO - Filling up the DagBag from /home/airflow/.local/lib/python3.12/site-packages/airflow/example_dags/example_local_kubernetes_executor.py
[2024-05-23T19:38:00.157+0000] {processor.py:840} INFO - DAG(s) 'example_local_kubernetes_executor' retrieved from /home/airflow/.local/lib/python3.12/site-packages/airflow/example_dags/example_local_kubernetes_executor.py
[2024-05-23T19:38:00.198+0000] {logging_mixin.py:188} INFO - [2024-05-23T19:38:00.198+0000] {dag.py:3096} INFO - Sync 1 DAGs
[2024-05-23T19:38:00.214+0000] {logging_mixin.py:188} INFO - [2024-05-23T19:38:00.214+0000] {dag.py:3954} INFO - Setting next_dagrun for example_local_kubernetes_executor to None, run_after=None
[2024-05-23T19:38:00.237+0000] {processor.py:183} INFO - Processing /home/airflow/.local/lib/python3.12/site-packages/airflow/example_dags/example_local_kubernetes_executor.py took 0.098 seconds
[2024-05-23T19:38:30.355+0000] {processor.py:161} INFO - Started process (PID=4755) to work on /home/airflow/.local/lib/python3.12/site-packages/airflow/example_dags/example_local_kubernetes_executor.py
[2024-05-23T19:38:30.357+0000] {processor.py:830} INFO - Processing file /home/airflow/.local/lib/python3.12/site-packages/airflow/example_dags/example_local_kubernetes_executor.py for tasks to queue
[2024-05-23T19:38:30.360+0000] {logging_mixin.py:188} INFO - [2024-05-23T19:38:30.360+0000] {dagbag.py:545} INFO - Filling up the DagBag from /home/airflow/.local/lib/python3.12/site-packages/airflow/example_dags/example_local_kubernetes_executor.py
[2024-05-23T19:38:30.371+0000] {processor.py:840} INFO - DAG(s) 'example_local_kubernetes_executor' retrieved from /home/airflow/.local/lib/python3.12/site-packages/airflow/example_dags/example_local_kubernetes_executor.py
[2024-05-23T19:38:30.422+0000] {logging_mixin.py:188} INFO - [2024-05-23T19:38:30.421+0000] {dag.py:3096} INFO - Sync 1 DAGs
[2024-05-23T19:38:30.444+0000] {logging_mixin.py:188} INFO - [2024-05-23T19:38:30.443+0000] {dag.py:3954} INFO - Setting next_dagrun for example_local_kubernetes_executor to None, run_after=None
[2024-05-23T19:38:30.471+0000] {processor.py:183} INFO - Processing /home/airflow/.local/lib/python3.12/site-packages/airflow/example_dags/example_local_kubernetes_executor.py took 0.126 seconds
[2024-05-23T19:39:00.921+0000] {processor.py:161} INFO - Started process (PID=5017) to work on /home/airflow/.local/lib/python3.12/site-packages/airflow/example_dags/example_local_kubernetes_executor.py
[2024-05-23T19:39:00.923+0000] {processor.py:830} INFO - Processing file /home/airflow/.local/lib/python3.12/site-packages/airflow/example_dags/example_local_kubernetes_executor.py for tasks to queue
[2024-05-23T19:39:00.927+0000] {logging_mixin.py:188} INFO - [2024-05-23T19:39:00.926+0000] {dagbag.py:545} INFO - Filling up the DagBag from /home/airflow/.local/lib/python3.12/site-packages/airflow/example_dags/example_local_kubernetes_executor.py
[2024-05-23T19:39:00.937+0000] {processor.py:840} INFO - DAG(s) 'example_local_kubernetes_executor' retrieved from /home/airflow/.local/lib/python3.12/site-packages/airflow/example_dags/example_local_kubernetes_executor.py
[2024-05-23T19:39:01.000+0000] {logging_mixin.py:188} INFO - [2024-05-23T19:39:01.000+0000] {dag.py:3096} INFO - Sync 1 DAGs
[2024-05-23T19:39:01.024+0000] {logging_mixin.py:188} INFO - [2024-05-23T19:39:01.023+0000] {dag.py:3954} INFO - Setting next_dagrun for example_local_kubernetes_executor to None, run_after=None
[2024-05-23T19:39:01.055+0000] {processor.py:183} INFO - Processing /home/airflow/.local/lib/python3.12/site-packages/airflow/example_dags/example_local_kubernetes_executor.py took 0.142 seconds
[2024-05-23T19:39:31.521+0000] {processor.py:161} INFO - Started process (PID=5279) to work on /home/airflow/.local/lib/python3.12/site-packages/airflow/example_dags/example_local_kubernetes_executor.py
[2024-05-23T19:39:31.522+0000] {processor.py:830} INFO - Processing file /home/airflow/.local/lib/python3.12/site-packages/airflow/example_dags/example_local_kubernetes_executor.py for tasks to queue
[2024-05-23T19:39:31.525+0000] {logging_mixin.py:188} INFO - [2024-05-23T19:39:31.525+0000] {dagbag.py:545} INFO - Filling up the DagBag from /home/airflow/.local/lib/python3.12/site-packages/airflow/example_dags/example_local_kubernetes_executor.py
[2024-05-23T19:39:31.536+0000] {processor.py:840} INFO - DAG(s) 'example_local_kubernetes_executor' retrieved from /home/airflow/.local/lib/python3.12/site-packages/airflow/example_dags/example_local_kubernetes_executor.py
[2024-05-23T19:39:31.589+0000] {logging_mixin.py:188} INFO - [2024-05-23T19:39:31.589+0000] {dag.py:3096} INFO - Sync 1 DAGs
[2024-05-23T19:39:31.611+0000] {logging_mixin.py:188} INFO - [2024-05-23T19:39:31.611+0000] {dag.py:3954} INFO - Setting next_dagrun for example_local_kubernetes_executor to None, run_after=None
[2024-05-23T19:39:31.641+0000] {processor.py:183} INFO - Processing /home/airflow/.local/lib/python3.12/site-packages/airflow/example_dags/example_local_kubernetes_executor.py took 0.131 seconds
[2024-05-23T19:40:02.251+0000] {processor.py:161} INFO - Started process (PID=5541) to work on /home/airflow/.local/lib/python3.12/site-packages/airflow/example_dags/example_local_kubernetes_executor.py
[2024-05-23T19:40:02.253+0000] {processor.py:830} INFO - Processing file /home/airflow/.local/lib/python3.12/site-packages/airflow/example_dags/example_local_kubernetes_executor.py for tasks to queue
[2024-05-23T19:40:02.255+0000] {logging_mixin.py:188} INFO - [2024-05-23T19:40:02.255+0000] {dagbag.py:545} INFO - Filling up the DagBag from /home/airflow/.local/lib/python3.12/site-packages/airflow/example_dags/example_local_kubernetes_executor.py
[2024-05-23T19:40:02.265+0000] {processor.py:840} INFO - DAG(s) 'example_local_kubernetes_executor' retrieved from /home/airflow/.local/lib/python3.12/site-packages/airflow/example_dags/example_local_kubernetes_executor.py
[2024-05-23T19:40:02.317+0000] {logging_mixin.py:188} INFO - [2024-05-23T19:40:02.316+0000] {dag.py:3096} INFO - Sync 1 DAGs
[2024-05-23T19:40:02.336+0000] {logging_mixin.py:188} INFO - [2024-05-23T19:40:02.336+0000] {dag.py:3954} INFO - Setting next_dagrun for example_local_kubernetes_executor to None, run_after=None
[2024-05-23T19:40:02.363+0000] {processor.py:183} INFO - Processing /home/airflow/.local/lib/python3.12/site-packages/airflow/example_dags/example_local_kubernetes_executor.py took 0.121 seconds
[2024-05-23T19:40:32.872+0000] {processor.py:161} INFO - Started process (PID=5803) to work on /home/airflow/.local/lib/python3.12/site-packages/airflow/example_dags/example_local_kubernetes_executor.py
[2024-05-23T19:40:32.873+0000] {processor.py:830} INFO - Processing file /home/airflow/.local/lib/python3.12/site-packages/airflow/example_dags/example_local_kubernetes_executor.py for tasks to queue
[2024-05-23T19:40:32.876+0000] {logging_mixin.py:188} INFO - [2024-05-23T19:40:32.875+0000] {dagbag.py:545} INFO - Filling up the DagBag from /home/airflow/.local/lib/python3.12/site-packages/airflow/example_dags/example_local_kubernetes_executor.py
[2024-05-23T19:40:32.888+0000] {processor.py:840} INFO - DAG(s) 'example_local_kubernetes_executor' retrieved from /home/airflow/.local/lib/python3.12/site-packages/airflow/example_dags/example_local_kubernetes_executor.py
[2024-05-23T19:40:32.937+0000] {logging_mixin.py:188} INFO - [2024-05-23T19:40:32.936+0000] {dag.py:3096} INFO - Sync 1 DAGs
[2024-05-23T19:40:32.954+0000] {logging_mixin.py:188} INFO - [2024-05-23T19:40:32.954+0000] {dag.py:3954} INFO - Setting next_dagrun for example_local_kubernetes_executor to None, run_after=None
[2024-05-23T19:40:32.980+0000] {processor.py:183} INFO - Processing /home/airflow/.local/lib/python3.12/site-packages/airflow/example_dags/example_local_kubernetes_executor.py took 0.119 seconds
[2024-05-23T19:41:03.059+0000] {processor.py:161} INFO - Started process (PID=6065) to work on /home/airflow/.local/lib/python3.12/site-packages/airflow/example_dags/example_local_kubernetes_executor.py
[2024-05-23T19:41:03.064+0000] {processor.py:830} INFO - Processing file /home/airflow/.local/lib/python3.12/site-packages/airflow/example_dags/example_local_kubernetes_executor.py for tasks to queue
[2024-05-23T19:41:03.067+0000] {logging_mixin.py:188} INFO - [2024-05-23T19:41:03.066+0000] {dagbag.py:545} INFO - Filling up the DagBag from /home/airflow/.local/lib/python3.12/site-packages/airflow/example_dags/example_local_kubernetes_executor.py
[2024-05-23T19:41:03.078+0000] {processor.py:840} INFO - DAG(s) 'example_local_kubernetes_executor' retrieved from /home/airflow/.local/lib/python3.12/site-packages/airflow/example_dags/example_local_kubernetes_executor.py
[2024-05-23T19:41:03.129+0000] {logging_mixin.py:188} INFO - [2024-05-23T19:41:03.129+0000] {dag.py:3096} INFO - Sync 1 DAGs
[2024-05-23T19:41:03.150+0000] {logging_mixin.py:188} INFO - [2024-05-23T19:41:03.150+0000] {dag.py:3954} INFO - Setting next_dagrun for example_local_kubernetes_executor to None, run_after=None
[2024-05-23T19:41:03.178+0000] {processor.py:183} INFO - Processing /home/airflow/.local/lib/python3.12/site-packages/airflow/example_dags/example_local_kubernetes_executor.py took 0.128 seconds
[2024-05-23T19:41:33.563+0000] {processor.py:161} INFO - Started process (PID=6327) to work on /home/airflow/.local/lib/python3.12/site-packages/airflow/example_dags/example_local_kubernetes_executor.py
[2024-05-23T19:41:33.565+0000] {processor.py:830} INFO - Processing file /home/airflow/.local/lib/python3.12/site-packages/airflow/example_dags/example_local_kubernetes_executor.py for tasks to queue
[2024-05-23T19:41:33.567+0000] {logging_mixin.py:188} INFO - [2024-05-23T19:41:33.566+0000] {dagbag.py:545} INFO - Filling up the DagBag from /home/airflow/.local/lib/python3.12/site-packages/airflow/example_dags/example_local_kubernetes_executor.py
[2024-05-23T19:41:33.576+0000] {processor.py:840} INFO - DAG(s) 'example_local_kubernetes_executor' retrieved from /home/airflow/.local/lib/python3.12/site-packages/airflow/example_dags/example_local_kubernetes_executor.py
[2024-05-23T19:41:33.619+0000] {logging_mixin.py:188} INFO - [2024-05-23T19:41:33.619+0000] {dag.py:3096} INFO - Sync 1 DAGs
[2024-05-23T19:41:33.637+0000] {logging_mixin.py:188} INFO - [2024-05-23T19:41:33.637+0000] {dag.py:3954} INFO - Setting next_dagrun for example_local_kubernetes_executor to None, run_after=None
[2024-05-23T19:41:33.657+0000] {processor.py:183} INFO - Processing /home/airflow/.local/lib/python3.12/site-packages/airflow/example_dags/example_local_kubernetes_executor.py took 0.101 seconds
[2024-05-23T19:42:04.208+0000] {processor.py:161} INFO - Started process (PID=6588) to work on /home/airflow/.local/lib/python3.12/site-packages/airflow/example_dags/example_local_kubernetes_executor.py
[2024-05-23T19:42:04.209+0000] {processor.py:830} INFO - Processing file /home/airflow/.local/lib/python3.12/site-packages/airflow/example_dags/example_local_kubernetes_executor.py for tasks to queue
[2024-05-23T19:42:04.213+0000] {logging_mixin.py:188} INFO - [2024-05-23T19:42:04.213+0000] {dagbag.py:545} INFO - Filling up the DagBag from /home/airflow/.local/lib/python3.12/site-packages/airflow/example_dags/example_local_kubernetes_executor.py
[2024-05-23T19:42:04.223+0000] {processor.py:840} INFO - DAG(s) 'example_local_kubernetes_executor' retrieved from /home/airflow/.local/lib/python3.12/site-packages/airflow/example_dags/example_local_kubernetes_executor.py
[2024-05-23T19:42:04.272+0000] {logging_mixin.py:188} INFO - [2024-05-23T19:42:04.272+0000] {dag.py:3096} INFO - Sync 1 DAGs
[2024-05-23T19:42:04.292+0000] {logging_mixin.py:188} INFO - [2024-05-23T19:42:04.291+0000] {dag.py:3954} INFO - Setting next_dagrun for example_local_kubernetes_executor to None, run_after=None
[2024-05-23T19:42:04.321+0000] {processor.py:183} INFO - Processing /home/airflow/.local/lib/python3.12/site-packages/airflow/example_dags/example_local_kubernetes_executor.py took 0.123 seconds
[2024-05-23T19:42:34.405+0000] {processor.py:161} INFO - Started process (PID=6850) to work on /home/airflow/.local/lib/python3.12/site-packages/airflow/example_dags/example_local_kubernetes_executor.py
[2024-05-23T19:42:34.406+0000] {processor.py:830} INFO - Processing file /home/airflow/.local/lib/python3.12/site-packages/airflow/example_dags/example_local_kubernetes_executor.py for tasks to queue
[2024-05-23T19:42:34.409+0000] {logging_mixin.py:188} INFO - [2024-05-23T19:42:34.408+0000] {dagbag.py:545} INFO - Filling up the DagBag from /home/airflow/.local/lib/python3.12/site-packages/airflow/example_dags/example_local_kubernetes_executor.py
[2024-05-23T19:42:34.418+0000] {processor.py:840} INFO - DAG(s) 'example_local_kubernetes_executor' retrieved from /home/airflow/.local/lib/python3.12/site-packages/airflow/example_dags/example_local_kubernetes_executor.py
[2024-05-23T19:42:34.464+0000] {logging_mixin.py:188} INFO - [2024-05-23T19:42:34.464+0000] {dag.py:3096} INFO - Sync 1 DAGs
[2024-05-23T19:42:34.482+0000] {logging_mixin.py:188} INFO - [2024-05-23T19:42:34.482+0000] {dag.py:3954} INFO - Setting next_dagrun for example_local_kubernetes_executor to None, run_after=None
[2024-05-23T19:42:34.507+0000] {processor.py:183} INFO - Processing /home/airflow/.local/lib/python3.12/site-packages/airflow/example_dags/example_local_kubernetes_executor.py took 0.111 seconds
[2024-05-23T19:43:04.706+0000] {processor.py:161} INFO - Started process (PID=7112) to work on /home/airflow/.local/lib/python3.12/site-packages/airflow/example_dags/example_local_kubernetes_executor.py
[2024-05-23T19:43:04.708+0000] {processor.py:830} INFO - Processing file /home/airflow/.local/lib/python3.12/site-packages/airflow/example_dags/example_local_kubernetes_executor.py for tasks to queue
[2024-05-23T19:43:04.710+0000] {logging_mixin.py:188} INFO - [2024-05-23T19:43:04.710+0000] {dagbag.py:545} INFO - Filling up the DagBag from /home/airflow/.local/lib/python3.12/site-packages/airflow/example_dags/example_local_kubernetes_executor.py
[2024-05-23T19:43:04.722+0000] {processor.py:840} INFO - DAG(s) 'example_local_kubernetes_executor' retrieved from /home/airflow/.local/lib/python3.12/site-packages/airflow/example_dags/example_local_kubernetes_executor.py
[2024-05-23T19:43:04.771+0000] {logging_mixin.py:188} INFO - [2024-05-23T19:43:04.771+0000] {dag.py:3096} INFO - Sync 1 DAGs
[2024-05-23T19:43:04.791+0000] {logging_mixin.py:188} INFO - [2024-05-23T19:43:04.791+0000] {dag.py:3954} INFO - Setting next_dagrun for example_local_kubernetes_executor to None, run_after=None
[2024-05-23T19:43:04.818+0000] {processor.py:183} INFO - Processing /home/airflow/.local/lib/python3.12/site-packages/airflow/example_dags/example_local_kubernetes_executor.py took 0.120 seconds
[2024-05-23T19:43:35.166+0000] {processor.py:161} INFO - Started process (PID=7374) to work on /home/airflow/.local/lib/python3.12/site-packages/airflow/example_dags/example_local_kubernetes_executor.py
[2024-05-23T19:43:35.170+0000] {processor.py:830} INFO - Processing file /home/airflow/.local/lib/python3.12/site-packages/airflow/example_dags/example_local_kubernetes_executor.py for tasks to queue
[2024-05-23T19:43:35.174+0000] {logging_mixin.py:188} INFO - [2024-05-23T19:43:35.173+0000] {dagbag.py:545} INFO - Filling up the DagBag from /home/airflow/.local/lib/python3.12/site-packages/airflow/example_dags/example_local_kubernetes_executor.py
[2024-05-23T19:43:35.187+0000] {processor.py:840} INFO - DAG(s) 'example_local_kubernetes_executor' retrieved from /home/airflow/.local/lib/python3.12/site-packages/airflow/example_dags/example_local_kubernetes_executor.py
[2024-05-23T19:43:35.236+0000] {logging_mixin.py:188} INFO - [2024-05-23T19:43:35.236+0000] {dag.py:3096} INFO - Sync 1 DAGs
[2024-05-23T19:43:35.255+0000] {logging_mixin.py:188} INFO - [2024-05-23T19:43:35.254+0000] {dag.py:3954} INFO - Setting next_dagrun for example_local_kubernetes_executor to None, run_after=None
[2024-05-23T19:43:35.281+0000] {processor.py:183} INFO - Processing /home/airflow/.local/lib/python3.12/site-packages/airflow/example_dags/example_local_kubernetes_executor.py took 0.142 seconds
[2024-05-23T19:44:05.710+0000] {processor.py:161} INFO - Started process (PID=7636) to work on /home/airflow/.local/lib/python3.12/site-packages/airflow/example_dags/example_local_kubernetes_executor.py
[2024-05-23T19:44:05.712+0000] {processor.py:830} INFO - Processing file /home/airflow/.local/lib/python3.12/site-packages/airflow/example_dags/example_local_kubernetes_executor.py for tasks to queue
[2024-05-23T19:44:05.716+0000] {logging_mixin.py:188} INFO - [2024-05-23T19:44:05.715+0000] {dagbag.py:545} INFO - Filling up the DagBag from /home/airflow/.local/lib/python3.12/site-packages/airflow/example_dags/example_local_kubernetes_executor.py
[2024-05-23T19:44:05.726+0000] {processor.py:840} INFO - DAG(s) 'example_local_kubernetes_executor' retrieved from /home/airflow/.local/lib/python3.12/site-packages/airflow/example_dags/example_local_kubernetes_executor.py
[2024-05-23T19:44:05.775+0000] {logging_mixin.py:188} INFO - [2024-05-23T19:44:05.775+0000] {dag.py:3096} INFO - Sync 1 DAGs
[2024-05-23T19:44:05.794+0000] {logging_mixin.py:188} INFO - [2024-05-23T19:44:05.793+0000] {dag.py:3954} INFO - Setting next_dagrun for example_local_kubernetes_executor to None, run_after=None
[2024-05-23T19:44:05.822+0000] {processor.py:183} INFO - Processing /home/airflow/.local/lib/python3.12/site-packages/airflow/example_dags/example_local_kubernetes_executor.py took 0.121 seconds
[2024-05-23T19:44:36.108+0000] {processor.py:161} INFO - Started process (PID=7898) to work on /home/airflow/.local/lib/python3.12/site-packages/airflow/example_dags/example_local_kubernetes_executor.py
[2024-05-23T19:44:36.109+0000] {processor.py:830} INFO - Processing file /home/airflow/.local/lib/python3.12/site-packages/airflow/example_dags/example_local_kubernetes_executor.py for tasks to queue
[2024-05-23T19:44:36.112+0000] {logging_mixin.py:188} INFO - [2024-05-23T19:44:36.112+0000] {dagbag.py:545} INFO - Filling up the DagBag from /home/airflow/.local/lib/python3.12/site-packages/airflow/example_dags/example_local_kubernetes_executor.py
[2024-05-23T19:44:36.124+0000] {processor.py:840} INFO - DAG(s) 'example_local_kubernetes_executor' retrieved from /home/airflow/.local/lib/python3.12/site-packages/airflow/example_dags/example_local_kubernetes_executor.py
[2024-05-23T19:44:36.178+0000] {logging_mixin.py:188} INFO - [2024-05-23T19:44:36.178+0000] {dag.py:3096} INFO - Sync 1 DAGs
[2024-05-23T19:44:36.204+0000] {logging_mixin.py:188} INFO - [2024-05-23T19:44:36.203+0000] {dag.py:3954} INFO - Setting next_dagrun for example_local_kubernetes_executor to None, run_after=None
[2024-05-23T19:44:36.234+0000] {processor.py:183} INFO - Processing /home/airflow/.local/lib/python3.12/site-packages/airflow/example_dags/example_local_kubernetes_executor.py took 0.134 seconds
[2024-05-23T19:45:06.428+0000] {processor.py:161} INFO - Started process (PID=8160) to work on /home/airflow/.local/lib/python3.12/site-packages/airflow/example_dags/example_local_kubernetes_executor.py
[2024-05-23T19:45:06.430+0000] {processor.py:830} INFO - Processing file /home/airflow/.local/lib/python3.12/site-packages/airflow/example_dags/example_local_kubernetes_executor.py for tasks to queue
[2024-05-23T19:45:06.432+0000] {logging_mixin.py:188} INFO - [2024-05-23T19:45:06.432+0000] {dagbag.py:545} INFO - Filling up the DagBag from /home/airflow/.local/lib/python3.12/site-packages/airflow/example_dags/example_local_kubernetes_executor.py
[2024-05-23T19:45:06.442+0000] {processor.py:840} INFO - DAG(s) 'example_local_kubernetes_executor' retrieved from /home/airflow/.local/lib/python3.12/site-packages/airflow/example_dags/example_local_kubernetes_executor.py
[2024-05-23T19:45:06.489+0000] {logging_mixin.py:188} INFO - [2024-05-23T19:45:06.488+0000] {dag.py:3096} INFO - Sync 1 DAGs
[2024-05-23T19:45:06.508+0000] {logging_mixin.py:188} INFO - [2024-05-23T19:45:06.508+0000] {dag.py:3954} INFO - Setting next_dagrun for example_local_kubernetes_executor to None, run_after=None
[2024-05-23T19:45:06.544+0000] {processor.py:183} INFO - Processing /home/airflow/.local/lib/python3.12/site-packages/airflow/example_dags/example_local_kubernetes_executor.py took 0.124 seconds
[2024-05-23T19:45:36.778+0000] {processor.py:161} INFO - Started process (PID=8422) to work on /home/airflow/.local/lib/python3.12/site-packages/airflow/example_dags/example_local_kubernetes_executor.py
[2024-05-23T19:45:36.780+0000] {processor.py:830} INFO - Processing file /home/airflow/.local/lib/python3.12/site-packages/airflow/example_dags/example_local_kubernetes_executor.py for tasks to queue
[2024-05-23T19:45:36.782+0000] {logging_mixin.py:188} INFO - [2024-05-23T19:45:36.782+0000] {dagbag.py:545} INFO - Filling up the DagBag from /home/airflow/.local/lib/python3.12/site-packages/airflow/example_dags/example_local_kubernetes_executor.py
[2024-05-23T19:45:36.793+0000] {processor.py:840} INFO - DAG(s) 'example_local_kubernetes_executor' retrieved from /home/airflow/.local/lib/python3.12/site-packages/airflow/example_dags/example_local_kubernetes_executor.py
[2024-05-23T19:45:36.845+0000] {logging_mixin.py:188} INFO - [2024-05-23T19:45:36.845+0000] {dag.py:3096} INFO - Sync 1 DAGs
[2024-05-23T19:45:36.864+0000] {logging_mixin.py:188} INFO - [2024-05-23T19:45:36.863+0000] {dag.py:3954} INFO - Setting next_dagrun for example_local_kubernetes_executor to None, run_after=None
[2024-05-23T19:45:36.888+0000] {processor.py:183} INFO - Processing /home/airflow/.local/lib/python3.12/site-packages/airflow/example_dags/example_local_kubernetes_executor.py took 0.118 seconds
[2024-05-23T19:46:07.487+0000] {processor.py:161} INFO - Started process (PID=8678) to work on /home/airflow/.local/lib/python3.12/site-packages/airflow/example_dags/example_local_kubernetes_executor.py
[2024-05-23T19:46:07.488+0000] {processor.py:830} INFO - Processing file /home/airflow/.local/lib/python3.12/site-packages/airflow/example_dags/example_local_kubernetes_executor.py for tasks to queue
[2024-05-23T19:46:07.491+0000] {logging_mixin.py:188} INFO - [2024-05-23T19:46:07.490+0000] {dagbag.py:545} INFO - Filling up the DagBag from /home/airflow/.local/lib/python3.12/site-packages/airflow/example_dags/example_local_kubernetes_executor.py
[2024-05-23T19:46:07.500+0000] {processor.py:840} INFO - DAG(s) 'example_local_kubernetes_executor' retrieved from /home/airflow/.local/lib/python3.12/site-packages/airflow/example_dags/example_local_kubernetes_executor.py
[2024-05-23T19:46:07.545+0000] {logging_mixin.py:188} INFO - [2024-05-23T19:46:07.544+0000] {dag.py:3096} INFO - Sync 1 DAGs
[2024-05-23T19:46:07.562+0000] {logging_mixin.py:188} INFO - [2024-05-23T19:46:07.562+0000] {dag.py:3954} INFO - Setting next_dagrun for example_local_kubernetes_executor to None, run_after=None
[2024-05-23T19:46:07.587+0000] {processor.py:183} INFO - Processing /home/airflow/.local/lib/python3.12/site-packages/airflow/example_dags/example_local_kubernetes_executor.py took 0.108 seconds
[2024-05-23T19:46:37.748+0000] {processor.py:161} INFO - Started process (PID=8940) to work on /home/airflow/.local/lib/python3.12/site-packages/airflow/example_dags/example_local_kubernetes_executor.py
[2024-05-23T19:46:37.749+0000] {processor.py:830} INFO - Processing file /home/airflow/.local/lib/python3.12/site-packages/airflow/example_dags/example_local_kubernetes_executor.py for tasks to queue
[2024-05-23T19:46:37.752+0000] {logging_mixin.py:188} INFO - [2024-05-23T19:46:37.751+0000] {dagbag.py:545} INFO - Filling up the DagBag from /home/airflow/.local/lib/python3.12/site-packages/airflow/example_dags/example_local_kubernetes_executor.py
[2024-05-23T19:46:37.761+0000] {processor.py:840} INFO - DAG(s) 'example_local_kubernetes_executor' retrieved from /home/airflow/.local/lib/python3.12/site-packages/airflow/example_dags/example_local_kubernetes_executor.py
[2024-05-23T19:46:37.806+0000] {logging_mixin.py:188} INFO - [2024-05-23T19:46:37.806+0000] {dag.py:3096} INFO - Sync 1 DAGs
[2024-05-23T19:46:37.823+0000] {logging_mixin.py:188} INFO - [2024-05-23T19:46:37.823+0000] {dag.py:3954} INFO - Setting next_dagrun for example_local_kubernetes_executor to None, run_after=None
[2024-05-23T19:46:37.847+0000] {processor.py:183} INFO - Processing /home/airflow/.local/lib/python3.12/site-packages/airflow/example_dags/example_local_kubernetes_executor.py took 0.108 seconds
[2024-05-23T19:47:08.017+0000] {processor.py:161} INFO - Started process (PID=9202) to work on /home/airflow/.local/lib/python3.12/site-packages/airflow/example_dags/example_local_kubernetes_executor.py
[2024-05-23T19:47:08.018+0000] {processor.py:830} INFO - Processing file /home/airflow/.local/lib/python3.12/site-packages/airflow/example_dags/example_local_kubernetes_executor.py for tasks to queue
[2024-05-23T19:47:08.021+0000] {logging_mixin.py:188} INFO - [2024-05-23T19:47:08.021+0000] {dagbag.py:545} INFO - Filling up the DagBag from /home/airflow/.local/lib/python3.12/site-packages/airflow/example_dags/example_local_kubernetes_executor.py
[2024-05-23T19:47:08.030+0000] {processor.py:840} INFO - DAG(s) 'example_local_kubernetes_executor' retrieved from /home/airflow/.local/lib/python3.12/site-packages/airflow/example_dags/example_local_kubernetes_executor.py
[2024-05-23T19:47:08.075+0000] {logging_mixin.py:188} INFO - [2024-05-23T19:47:08.075+0000] {dag.py:3096} INFO - Sync 1 DAGs
[2024-05-23T19:47:08.093+0000] {logging_mixin.py:188} INFO - [2024-05-23T19:47:08.093+0000] {dag.py:3954} INFO - Setting next_dagrun for example_local_kubernetes_executor to None, run_after=None
[2024-05-23T19:47:08.117+0000] {processor.py:183} INFO - Processing /home/airflow/.local/lib/python3.12/site-packages/airflow/example_dags/example_local_kubernetes_executor.py took 0.108 seconds
[2024-05-23T19:47:38.207+0000] {processor.py:161} INFO - Started process (PID=9464) to work on /home/airflow/.local/lib/python3.12/site-packages/airflow/example_dags/example_local_kubernetes_executor.py
[2024-05-23T19:47:38.208+0000] {processor.py:830} INFO - Processing file /home/airflow/.local/lib/python3.12/site-packages/airflow/example_dags/example_local_kubernetes_executor.py for tasks to queue
[2024-05-23T19:47:38.211+0000] {logging_mixin.py:188} INFO - [2024-05-23T19:47:38.210+0000] {dagbag.py:545} INFO - Filling up the DagBag from /home/airflow/.local/lib/python3.12/site-packages/airflow/example_dags/example_local_kubernetes_executor.py
[2024-05-23T19:47:38.220+0000] {processor.py:840} INFO - DAG(s) 'example_local_kubernetes_executor' retrieved from /home/airflow/.local/lib/python3.12/site-packages/airflow/example_dags/example_local_kubernetes_executor.py
[2024-05-23T19:47:38.267+0000] {logging_mixin.py:188} INFO - [2024-05-23T19:47:38.266+0000] {dag.py:3096} INFO - Sync 1 DAGs
[2024-05-23T19:47:38.285+0000] {logging_mixin.py:188} INFO - [2024-05-23T19:47:38.284+0000] {dag.py:3954} INFO - Setting next_dagrun for example_local_kubernetes_executor to None, run_after=None
[2024-05-23T19:47:38.308+0000] {processor.py:183} INFO - Processing /home/airflow/.local/lib/python3.12/site-packages/airflow/example_dags/example_local_kubernetes_executor.py took 0.110 seconds
[2024-05-23T19:48:08.926+0000] {processor.py:161} INFO - Started process (PID=9726) to work on /home/airflow/.local/lib/python3.12/site-packages/airflow/example_dags/example_local_kubernetes_executor.py
[2024-05-23T19:48:08.927+0000] {processor.py:830} INFO - Processing file /home/airflow/.local/lib/python3.12/site-packages/airflow/example_dags/example_local_kubernetes_executor.py for tasks to queue
[2024-05-23T19:48:08.930+0000] {logging_mixin.py:188} INFO - [2024-05-23T19:48:08.929+0000] {dagbag.py:545} INFO - Filling up the DagBag from /home/airflow/.local/lib/python3.12/site-packages/airflow/example_dags/example_local_kubernetes_executor.py
[2024-05-23T19:48:08.939+0000] {processor.py:840} INFO - DAG(s) 'example_local_kubernetes_executor' retrieved from /home/airflow/.local/lib/python3.12/site-packages/airflow/example_dags/example_local_kubernetes_executor.py
[2024-05-23T19:48:08.986+0000] {logging_mixin.py:188} INFO - [2024-05-23T19:48:08.986+0000] {dag.py:3096} INFO - Sync 1 DAGs
[2024-05-23T19:48:09.006+0000] {logging_mixin.py:188} INFO - [2024-05-23T19:48:09.006+0000] {dag.py:3954} INFO - Setting next_dagrun for example_local_kubernetes_executor to None, run_after=None
[2024-05-23T19:48:09.032+0000] {processor.py:183} INFO - Processing /home/airflow/.local/lib/python3.12/site-packages/airflow/example_dags/example_local_kubernetes_executor.py took 0.114 seconds
[2024-05-23T19:48:39.229+0000] {processor.py:161} INFO - Started process (PID=9985) to work on /home/airflow/.local/lib/python3.12/site-packages/airflow/example_dags/example_local_kubernetes_executor.py
[2024-05-23T19:48:39.230+0000] {processor.py:830} INFO - Processing file /home/airflow/.local/lib/python3.12/site-packages/airflow/example_dags/example_local_kubernetes_executor.py for tasks to queue
[2024-05-23T19:48:39.244+0000] {logging_mixin.py:188} INFO - [2024-05-23T19:48:39.243+0000] {dagbag.py:545} INFO - Filling up the DagBag from /home/airflow/.local/lib/python3.12/site-packages/airflow/example_dags/example_local_kubernetes_executor.py
[2024-05-23T19:48:39.257+0000] {processor.py:840} INFO - DAG(s) 'example_local_kubernetes_executor' retrieved from /home/airflow/.local/lib/python3.12/site-packages/airflow/example_dags/example_local_kubernetes_executor.py
[2024-05-23T19:48:39.312+0000] {logging_mixin.py:188} INFO - [2024-05-23T19:48:39.311+0000] {dag.py:3096} INFO - Sync 1 DAGs
[2024-05-23T19:48:39.331+0000] {logging_mixin.py:188} INFO - [2024-05-23T19:48:39.331+0000] {dag.py:3954} INFO - Setting next_dagrun for example_local_kubernetes_executor to None, run_after=None
[2024-05-23T19:48:39.360+0000] {processor.py:183} INFO - Processing /home/airflow/.local/lib/python3.12/site-packages/airflow/example_dags/example_local_kubernetes_executor.py took 0.140 seconds
[2024-05-23T19:49:09.440+0000] {processor.py:161} INFO - Started process (PID=10247) to work on /home/airflow/.local/lib/python3.12/site-packages/airflow/example_dags/example_local_kubernetes_executor.py
[2024-05-23T19:49:09.442+0000] {processor.py:830} INFO - Processing file /home/airflow/.local/lib/python3.12/site-packages/airflow/example_dags/example_local_kubernetes_executor.py for tasks to queue
[2024-05-23T19:49:09.445+0000] {logging_mixin.py:188} INFO - [2024-05-23T19:49:09.444+0000] {dagbag.py:545} INFO - Filling up the DagBag from /home/airflow/.local/lib/python3.12/site-packages/airflow/example_dags/example_local_kubernetes_executor.py
[2024-05-23T19:49:09.456+0000] {processor.py:840} INFO - DAG(s) 'example_local_kubernetes_executor' retrieved from /home/airflow/.local/lib/python3.12/site-packages/airflow/example_dags/example_local_kubernetes_executor.py
[2024-05-23T19:49:09.505+0000] {logging_mixin.py:188} INFO - [2024-05-23T19:49:09.504+0000] {dag.py:3096} INFO - Sync 1 DAGs
[2024-05-23T19:49:09.523+0000] {logging_mixin.py:188} INFO - [2024-05-23T19:49:09.523+0000] {dag.py:3954} INFO - Setting next_dagrun for example_local_kubernetes_executor to None, run_after=None
[2024-05-23T19:49:09.548+0000] {processor.py:183} INFO - Processing /home/airflow/.local/lib/python3.12/site-packages/airflow/example_dags/example_local_kubernetes_executor.py took 0.117 seconds
[2024-05-23T19:49:39.797+0000] {processor.py:161} INFO - Started process (PID=10512) to work on /home/airflow/.local/lib/python3.12/site-packages/airflow/example_dags/example_local_kubernetes_executor.py
[2024-05-23T19:49:39.798+0000] {processor.py:830} INFO - Processing file /home/airflow/.local/lib/python3.12/site-packages/airflow/example_dags/example_local_kubernetes_executor.py for tasks to queue
[2024-05-23T19:49:39.801+0000] {logging_mixin.py:188} INFO - [2024-05-23T19:49:39.801+0000] {dagbag.py:545} INFO - Filling up the DagBag from /home/airflow/.local/lib/python3.12/site-packages/airflow/example_dags/example_local_kubernetes_executor.py
[2024-05-23T19:49:39.811+0000] {processor.py:840} INFO - DAG(s) 'example_local_kubernetes_executor' retrieved from /home/airflow/.local/lib/python3.12/site-packages/airflow/example_dags/example_local_kubernetes_executor.py
[2024-05-23T19:49:39.860+0000] {logging_mixin.py:188} INFO - [2024-05-23T19:49:39.860+0000] {dag.py:3096} INFO - Sync 1 DAGs
[2024-05-23T19:49:39.879+0000] {logging_mixin.py:188} INFO - [2024-05-23T19:49:39.879+0000] {dag.py:3954} INFO - Setting next_dagrun for example_local_kubernetes_executor to None, run_after=None
[2024-05-23T19:49:39.906+0000] {processor.py:183} INFO - Processing /home/airflow/.local/lib/python3.12/site-packages/airflow/example_dags/example_local_kubernetes_executor.py took 0.118 seconds
[2024-05-23T19:50:10.266+0000] {processor.py:161} INFO - Started process (PID=10774) to work on /home/airflow/.local/lib/python3.12/site-packages/airflow/example_dags/example_local_kubernetes_executor.py
[2024-05-23T19:50:10.268+0000] {processor.py:830} INFO - Processing file /home/airflow/.local/lib/python3.12/site-packages/airflow/example_dags/example_local_kubernetes_executor.py for tasks to queue
[2024-05-23T19:50:10.270+0000] {logging_mixin.py:188} INFO - [2024-05-23T19:50:10.270+0000] {dagbag.py:545} INFO - Filling up the DagBag from /home/airflow/.local/lib/python3.12/site-packages/airflow/example_dags/example_local_kubernetes_executor.py
[2024-05-23T19:50:10.281+0000] {processor.py:840} INFO - DAG(s) 'example_local_kubernetes_executor' retrieved from /home/airflow/.local/lib/python3.12/site-packages/airflow/example_dags/example_local_kubernetes_executor.py
[2024-05-23T19:50:10.334+0000] {logging_mixin.py:188} INFO - [2024-05-23T19:50:10.333+0000] {dag.py:3096} INFO - Sync 1 DAGs
[2024-05-23T19:50:10.356+0000] {logging_mixin.py:188} INFO - [2024-05-23T19:50:10.356+0000] {dag.py:3954} INFO - Setting next_dagrun for example_local_kubernetes_executor to None, run_after=None
[2024-05-23T19:50:10.385+0000] {processor.py:183} INFO - Processing /home/airflow/.local/lib/python3.12/site-packages/airflow/example_dags/example_local_kubernetes_executor.py took 0.128 seconds
[2024-05-23T19:50:40.675+0000] {processor.py:161} INFO - Started process (PID=11036) to work on /home/airflow/.local/lib/python3.12/site-packages/airflow/example_dags/example_local_kubernetes_executor.py
[2024-05-23T19:50:40.677+0000] {processor.py:830} INFO - Processing file /home/airflow/.local/lib/python3.12/site-packages/airflow/example_dags/example_local_kubernetes_executor.py for tasks to queue
[2024-05-23T19:50:40.680+0000] {logging_mixin.py:188} INFO - [2024-05-23T19:50:40.680+0000] {dagbag.py:545} INFO - Filling up the DagBag from /home/airflow/.local/lib/python3.12/site-packages/airflow/example_dags/example_local_kubernetes_executor.py
[2024-05-23T19:50:40.691+0000] {processor.py:840} INFO - DAG(s) 'example_local_kubernetes_executor' retrieved from /home/airflow/.local/lib/python3.12/site-packages/airflow/example_dags/example_local_kubernetes_executor.py
[2024-05-23T19:50:40.906+0000] {logging_mixin.py:188} INFO - [2024-05-23T19:50:40.906+0000] {dag.py:3096} INFO - Sync 1 DAGs
[2024-05-23T19:50:40.925+0000] {logging_mixin.py:188} INFO - [2024-05-23T19:50:40.924+0000] {dag.py:3954} INFO - Setting next_dagrun for example_local_kubernetes_executor to None, run_after=None
[2024-05-23T19:50:40.954+0000] {processor.py:183} INFO - Processing /home/airflow/.local/lib/python3.12/site-packages/airflow/example_dags/example_local_kubernetes_executor.py took 0.288 seconds
[2024-05-23T19:51:11.704+0000] {processor.py:161} INFO - Started process (PID=11298) to work on /home/airflow/.local/lib/python3.12/site-packages/airflow/example_dags/example_local_kubernetes_executor.py
[2024-05-23T19:51:11.705+0000] {processor.py:830} INFO - Processing file /home/airflow/.local/lib/python3.12/site-packages/airflow/example_dags/example_local_kubernetes_executor.py for tasks to queue
[2024-05-23T19:51:11.709+0000] {logging_mixin.py:188} INFO - [2024-05-23T19:51:11.708+0000] {dagbag.py:545} INFO - Filling up the DagBag from /home/airflow/.local/lib/python3.12/site-packages/airflow/example_dags/example_local_kubernetes_executor.py
[2024-05-23T19:51:11.719+0000] {processor.py:840} INFO - DAG(s) 'example_local_kubernetes_executor' retrieved from /home/airflow/.local/lib/python3.12/site-packages/airflow/example_dags/example_local_kubernetes_executor.py
[2024-05-23T19:51:11.771+0000] {logging_mixin.py:188} INFO - [2024-05-23T19:51:11.771+0000] {dag.py:3096} INFO - Sync 1 DAGs
[2024-05-23T19:51:11.792+0000] {logging_mixin.py:188} INFO - [2024-05-23T19:51:11.792+0000] {dag.py:3954} INFO - Setting next_dagrun for example_local_kubernetes_executor to None, run_after=None
[2024-05-23T19:51:11.823+0000] {processor.py:183} INFO - Processing /home/airflow/.local/lib/python3.12/site-packages/airflow/example_dags/example_local_kubernetes_executor.py took 0.129 seconds
[2024-05-23T19:51:41.863+0000] {processor.py:161} INFO - Started process (PID=11557) to work on /home/airflow/.local/lib/python3.12/site-packages/airflow/example_dags/example_local_kubernetes_executor.py
[2024-05-23T19:51:41.864+0000] {processor.py:830} INFO - Processing file /home/airflow/.local/lib/python3.12/site-packages/airflow/example_dags/example_local_kubernetes_executor.py for tasks to queue
[2024-05-23T19:51:41.868+0000] {logging_mixin.py:188} INFO - [2024-05-23T19:51:41.867+0000] {dagbag.py:545} INFO - Filling up the DagBag from /home/airflow/.local/lib/python3.12/site-packages/airflow/example_dags/example_local_kubernetes_executor.py
[2024-05-23T19:51:41.881+0000] {processor.py:840} INFO - DAG(s) 'example_local_kubernetes_executor' retrieved from /home/airflow/.local/lib/python3.12/site-packages/airflow/example_dags/example_local_kubernetes_executor.py
[2024-05-23T19:51:41.944+0000] {logging_mixin.py:188} INFO - [2024-05-23T19:51:41.943+0000] {dag.py:3096} INFO - Sync 1 DAGs
[2024-05-23T19:51:41.967+0000] {logging_mixin.py:188} INFO - [2024-05-23T19:51:41.967+0000] {dag.py:3954} INFO - Setting next_dagrun for example_local_kubernetes_executor to None, run_after=None
[2024-05-23T19:51:42.002+0000] {processor.py:183} INFO - Processing /home/airflow/.local/lib/python3.12/site-packages/airflow/example_dags/example_local_kubernetes_executor.py took 0.150 seconds
[2024-05-23T19:52:12.141+0000] {processor.py:161} INFO - Started process (PID=11817) to work on /home/airflow/.local/lib/python3.12/site-packages/airflow/example_dags/example_local_kubernetes_executor.py
[2024-05-23T19:52:12.143+0000] {processor.py:830} INFO - Processing file /home/airflow/.local/lib/python3.12/site-packages/airflow/example_dags/example_local_kubernetes_executor.py for tasks to queue
[2024-05-23T19:52:12.146+0000] {logging_mixin.py:188} INFO - [2024-05-23T19:52:12.146+0000] {dagbag.py:545} INFO - Filling up the DagBag from /home/airflow/.local/lib/python3.12/site-packages/airflow/example_dags/example_local_kubernetes_executor.py
[2024-05-23T19:52:12.158+0000] {processor.py:840} INFO - DAG(s) 'example_local_kubernetes_executor' retrieved from /home/airflow/.local/lib/python3.12/site-packages/airflow/example_dags/example_local_kubernetes_executor.py
[2024-05-23T19:52:12.208+0000] {logging_mixin.py:188} INFO - [2024-05-23T19:52:12.208+0000] {dag.py:3096} INFO - Sync 1 DAGs
[2024-05-23T19:52:12.228+0000] {logging_mixin.py:188} INFO - [2024-05-23T19:52:12.228+0000] {dag.py:3954} INFO - Setting next_dagrun for example_local_kubernetes_executor to None, run_after=None
[2024-05-23T19:52:12.254+0000] {processor.py:183} INFO - Processing /home/airflow/.local/lib/python3.12/site-packages/airflow/example_dags/example_local_kubernetes_executor.py took 0.122 seconds
[2024-05-23T19:52:42.577+0000] {processor.py:161} INFO - Started process (PID=12084) to work on /home/airflow/.local/lib/python3.12/site-packages/airflow/example_dags/example_local_kubernetes_executor.py
[2024-05-23T19:52:42.579+0000] {processor.py:830} INFO - Processing file /home/airflow/.local/lib/python3.12/site-packages/airflow/example_dags/example_local_kubernetes_executor.py for tasks to queue
[2024-05-23T19:52:42.581+0000] {logging_mixin.py:188} INFO - [2024-05-23T19:52:42.581+0000] {dagbag.py:545} INFO - Filling up the DagBag from /home/airflow/.local/lib/python3.12/site-packages/airflow/example_dags/example_local_kubernetes_executor.py
[2024-05-23T19:52:42.593+0000] {processor.py:840} INFO - DAG(s) 'example_local_kubernetes_executor' retrieved from /home/airflow/.local/lib/python3.12/site-packages/airflow/example_dags/example_local_kubernetes_executor.py
[2024-05-23T19:52:42.645+0000] {logging_mixin.py:188} INFO - [2024-05-23T19:52:42.645+0000] {dag.py:3096} INFO - Sync 1 DAGs
[2024-05-23T19:52:42.664+0000] {logging_mixin.py:188} INFO - [2024-05-23T19:52:42.664+0000] {dag.py:3954} INFO - Setting next_dagrun for example_local_kubernetes_executor to None, run_after=None
[2024-05-23T19:52:42.691+0000] {processor.py:183} INFO - Processing /home/airflow/.local/lib/python3.12/site-packages/airflow/example_dags/example_local_kubernetes_executor.py took 0.123 seconds
[2024-05-23T19:53:12.887+0000] {processor.py:161} INFO - Started process (PID=12346) to work on /home/airflow/.local/lib/python3.12/site-packages/airflow/example_dags/example_local_kubernetes_executor.py
[2024-05-23T19:53:12.889+0000] {processor.py:830} INFO - Processing file /home/airflow/.local/lib/python3.12/site-packages/airflow/example_dags/example_local_kubernetes_executor.py for tasks to queue
[2024-05-23T19:53:12.891+0000] {logging_mixin.py:188} INFO - [2024-05-23T19:53:12.891+0000] {dagbag.py:545} INFO - Filling up the DagBag from /home/airflow/.local/lib/python3.12/site-packages/airflow/example_dags/example_local_kubernetes_executor.py
[2024-05-23T19:53:12.904+0000] {processor.py:840} INFO - DAG(s) 'example_local_kubernetes_executor' retrieved from /home/airflow/.local/lib/python3.12/site-packages/airflow/example_dags/example_local_kubernetes_executor.py
[2024-05-23T19:53:12.958+0000] {logging_mixin.py:188} INFO - [2024-05-23T19:53:12.958+0000] {dag.py:3096} INFO - Sync 1 DAGs
[2024-05-23T19:53:12.979+0000] {logging_mixin.py:188} INFO - [2024-05-23T19:53:12.979+0000] {dag.py:3954} INFO - Setting next_dagrun for example_local_kubernetes_executor to None, run_after=None
[2024-05-23T19:53:13.005+0000] {processor.py:183} INFO - Processing /home/airflow/.local/lib/python3.12/site-packages/airflow/example_dags/example_local_kubernetes_executor.py took 0.127 seconds
[2024-05-23T19:53:43.157+0000] {processor.py:161} INFO - Started process (PID=12608) to work on /home/airflow/.local/lib/python3.12/site-packages/airflow/example_dags/example_local_kubernetes_executor.py
[2024-05-23T19:53:43.159+0000] {processor.py:830} INFO - Processing file /home/airflow/.local/lib/python3.12/site-packages/airflow/example_dags/example_local_kubernetes_executor.py for tasks to queue
[2024-05-23T19:53:43.162+0000] {logging_mixin.py:188} INFO - [2024-05-23T19:53:43.162+0000] {dagbag.py:545} INFO - Filling up the DagBag from /home/airflow/.local/lib/python3.12/site-packages/airflow/example_dags/example_local_kubernetes_executor.py
[2024-05-23T19:53:43.173+0000] {processor.py:840} INFO - DAG(s) 'example_local_kubernetes_executor' retrieved from /home/airflow/.local/lib/python3.12/site-packages/airflow/example_dags/example_local_kubernetes_executor.py
[2024-05-23T19:53:43.225+0000] {logging_mixin.py:188} INFO - [2024-05-23T19:53:43.225+0000] {dag.py:3096} INFO - Sync 1 DAGs
[2024-05-23T19:53:43.244+0000] {logging_mixin.py:188} INFO - [2024-05-23T19:53:43.244+0000] {dag.py:3954} INFO - Setting next_dagrun for example_local_kubernetes_executor to None, run_after=None
[2024-05-23T19:53:43.270+0000] {processor.py:183} INFO - Processing /home/airflow/.local/lib/python3.12/site-packages/airflow/example_dags/example_local_kubernetes_executor.py took 0.122 seconds
[2024-05-23T19:54:13.746+0000] {processor.py:161} INFO - Started process (PID=12870) to work on /home/airflow/.local/lib/python3.12/site-packages/airflow/example_dags/example_local_kubernetes_executor.py
[2024-05-23T19:54:13.748+0000] {processor.py:830} INFO - Processing file /home/airflow/.local/lib/python3.12/site-packages/airflow/example_dags/example_local_kubernetes_executor.py for tasks to queue
[2024-05-23T19:54:13.751+0000] {logging_mixin.py:188} INFO - [2024-05-23T19:54:13.750+0000] {dagbag.py:545} INFO - Filling up the DagBag from /home/airflow/.local/lib/python3.12/site-packages/airflow/example_dags/example_local_kubernetes_executor.py
[2024-05-23T19:54:13.762+0000] {processor.py:840} INFO - DAG(s) 'example_local_kubernetes_executor' retrieved from /home/airflow/.local/lib/python3.12/site-packages/airflow/example_dags/example_local_kubernetes_executor.py
[2024-05-23T19:54:13.814+0000] {logging_mixin.py:188} INFO - [2024-05-23T19:54:13.813+0000] {dag.py:3096} INFO - Sync 1 DAGs
[2024-05-23T19:54:13.833+0000] {logging_mixin.py:188} INFO - [2024-05-23T19:54:13.833+0000] {dag.py:3954} INFO - Setting next_dagrun for example_local_kubernetes_executor to None, run_after=None
[2024-05-23T19:54:13.860+0000] {processor.py:183} INFO - Processing /home/airflow/.local/lib/python3.12/site-packages/airflow/example_dags/example_local_kubernetes_executor.py took 0.122 seconds
[2024-05-23T19:54:44.610+0000] {processor.py:161} INFO - Started process (PID=13134) to work on /home/airflow/.local/lib/python3.12/site-packages/airflow/example_dags/example_local_kubernetes_executor.py
[2024-05-23T19:54:44.611+0000] {processor.py:830} INFO - Processing file /home/airflow/.local/lib/python3.12/site-packages/airflow/example_dags/example_local_kubernetes_executor.py for tasks to queue
[2024-05-23T19:54:44.614+0000] {logging_mixin.py:188} INFO - [2024-05-23T19:54:44.613+0000] {dagbag.py:545} INFO - Filling up the DagBag from /home/airflow/.local/lib/python3.12/site-packages/airflow/example_dags/example_local_kubernetes_executor.py
[2024-05-23T19:54:44.623+0000] {processor.py:840} INFO - DAG(s) 'example_local_kubernetes_executor' retrieved from /home/airflow/.local/lib/python3.12/site-packages/airflow/example_dags/example_local_kubernetes_executor.py
[2024-05-23T19:54:44.670+0000] {logging_mixin.py:188} INFO - [2024-05-23T19:54:44.670+0000] {dag.py:3096} INFO - Sync 1 DAGs
[2024-05-23T19:54:44.688+0000] {logging_mixin.py:188} INFO - [2024-05-23T19:54:44.687+0000] {dag.py:3954} INFO - Setting next_dagrun for example_local_kubernetes_executor to None, run_after=None
[2024-05-23T19:54:44.719+0000] {processor.py:183} INFO - Processing /home/airflow/.local/lib/python3.12/site-packages/airflow/example_dags/example_local_kubernetes_executor.py took 0.118 seconds
[2024-05-23T19:55:15.383+0000] {processor.py:161} INFO - Started process (PID=13394) to work on /home/airflow/.local/lib/python3.12/site-packages/airflow/example_dags/example_local_kubernetes_executor.py
[2024-05-23T19:55:15.384+0000] {processor.py:830} INFO - Processing file /home/airflow/.local/lib/python3.12/site-packages/airflow/example_dags/example_local_kubernetes_executor.py for tasks to queue
[2024-05-23T19:55:15.387+0000] {logging_mixin.py:188} INFO - [2024-05-23T19:55:15.387+0000] {dagbag.py:545} INFO - Filling up the DagBag from /home/airflow/.local/lib/python3.12/site-packages/airflow/example_dags/example_local_kubernetes_executor.py
[2024-05-23T19:55:15.398+0000] {processor.py:840} INFO - DAG(s) 'example_local_kubernetes_executor' retrieved from /home/airflow/.local/lib/python3.12/site-packages/airflow/example_dags/example_local_kubernetes_executor.py
[2024-05-23T19:55:15.448+0000] {logging_mixin.py:188} INFO - [2024-05-23T19:55:15.448+0000] {dag.py:3096} INFO - Sync 1 DAGs
[2024-05-23T19:55:15.468+0000] {logging_mixin.py:188} INFO - [2024-05-23T19:55:15.468+0000] {dag.py:3954} INFO - Setting next_dagrun for example_local_kubernetes_executor to None, run_after=None
[2024-05-23T19:55:15.497+0000] {processor.py:183} INFO - Processing /home/airflow/.local/lib/python3.12/site-packages/airflow/example_dags/example_local_kubernetes_executor.py took 0.123 seconds
[2024-05-23T19:55:46.000+0000] {processor.py:161} INFO - Started process (PID=13662) to work on /home/airflow/.local/lib/python3.12/site-packages/airflow/example_dags/example_local_kubernetes_executor.py
[2024-05-23T19:55:46.001+0000] {processor.py:830} INFO - Processing file /home/airflow/.local/lib/python3.12/site-packages/airflow/example_dags/example_local_kubernetes_executor.py for tasks to queue
[2024-05-23T19:55:46.004+0000] {logging_mixin.py:188} INFO - [2024-05-23T19:55:46.004+0000] {dagbag.py:545} INFO - Filling up the DagBag from /home/airflow/.local/lib/python3.12/site-packages/airflow/example_dags/example_local_kubernetes_executor.py
[2024-05-23T19:55:46.015+0000] {processor.py:840} INFO - DAG(s) 'example_local_kubernetes_executor' retrieved from /home/airflow/.local/lib/python3.12/site-packages/airflow/example_dags/example_local_kubernetes_executor.py
[2024-05-23T19:55:46.064+0000] {logging_mixin.py:188} INFO - [2024-05-23T19:55:46.064+0000] {dag.py:3096} INFO - Sync 1 DAGs
[2024-05-23T19:55:46.084+0000] {logging_mixin.py:188} INFO - [2024-05-23T19:55:46.084+0000] {dag.py:3954} INFO - Setting next_dagrun for example_local_kubernetes_executor to None, run_after=None
[2024-05-23T19:55:46.112+0000] {processor.py:183} INFO - Processing /home/airflow/.local/lib/python3.12/site-packages/airflow/example_dags/example_local_kubernetes_executor.py took 0.122 seconds
[2024-05-23T19:56:16.254+0000] {processor.py:161} INFO - Started process (PID=13924) to work on /home/airflow/.local/lib/python3.12/site-packages/airflow/example_dags/example_local_kubernetes_executor.py
[2024-05-23T19:56:16.256+0000] {processor.py:830} INFO - Processing file /home/airflow/.local/lib/python3.12/site-packages/airflow/example_dags/example_local_kubernetes_executor.py for tasks to queue
[2024-05-23T19:56:16.258+0000] {logging_mixin.py:188} INFO - [2024-05-23T19:56:16.258+0000] {dagbag.py:545} INFO - Filling up the DagBag from /home/airflow/.local/lib/python3.12/site-packages/airflow/example_dags/example_local_kubernetes_executor.py
[2024-05-23T19:56:16.268+0000] {processor.py:840} INFO - DAG(s) 'example_local_kubernetes_executor' retrieved from /home/airflow/.local/lib/python3.12/site-packages/airflow/example_dags/example_local_kubernetes_executor.py
[2024-05-23T19:56:16.315+0000] {logging_mixin.py:188} INFO - [2024-05-23T19:56:16.315+0000] {dag.py:3096} INFO - Sync 1 DAGs
[2024-05-23T19:56:16.332+0000] {logging_mixin.py:188} INFO - [2024-05-23T19:56:16.332+0000] {dag.py:3954} INFO - Setting next_dagrun for example_local_kubernetes_executor to None, run_after=None
[2024-05-23T19:56:16.363+0000] {processor.py:183} INFO - Processing /home/airflow/.local/lib/python3.12/site-packages/airflow/example_dags/example_local_kubernetes_executor.py took 0.117 seconds
[2024-05-23T19:56:47.060+0000] {processor.py:161} INFO - Started process (PID=14186) to work on /home/airflow/.local/lib/python3.12/site-packages/airflow/example_dags/example_local_kubernetes_executor.py
[2024-05-23T19:56:47.061+0000] {processor.py:830} INFO - Processing file /home/airflow/.local/lib/python3.12/site-packages/airflow/example_dags/example_local_kubernetes_executor.py for tasks to queue
[2024-05-23T19:56:47.064+0000] {logging_mixin.py:188} INFO - [2024-05-23T19:56:47.063+0000] {dagbag.py:545} INFO - Filling up the DagBag from /home/airflow/.local/lib/python3.12/site-packages/airflow/example_dags/example_local_kubernetes_executor.py
[2024-05-23T19:56:47.073+0000] {processor.py:840} INFO - DAG(s) 'example_local_kubernetes_executor' retrieved from /home/airflow/.local/lib/python3.12/site-packages/airflow/example_dags/example_local_kubernetes_executor.py
[2024-05-23T19:56:47.122+0000] {logging_mixin.py:188} INFO - [2024-05-23T19:56:47.122+0000] {dag.py:3096} INFO - Sync 1 DAGs
[2024-05-23T19:56:47.141+0000] {logging_mixin.py:188} INFO - [2024-05-23T19:56:47.140+0000] {dag.py:3954} INFO - Setting next_dagrun for example_local_kubernetes_executor to None, run_after=None
[2024-05-23T19:56:47.166+0000] {processor.py:183} INFO - Processing /home/airflow/.local/lib/python3.12/site-packages/airflow/example_dags/example_local_kubernetes_executor.py took 0.115 seconds
[2024-05-23T19:57:17.627+0000] {processor.py:161} INFO - Started process (PID=14448) to work on /home/airflow/.local/lib/python3.12/site-packages/airflow/example_dags/example_local_kubernetes_executor.py
[2024-05-23T19:57:17.628+0000] {processor.py:830} INFO - Processing file /home/airflow/.local/lib/python3.12/site-packages/airflow/example_dags/example_local_kubernetes_executor.py for tasks to queue
[2024-05-23T19:57:17.631+0000] {logging_mixin.py:188} INFO - [2024-05-23T19:57:17.630+0000] {dagbag.py:545} INFO - Filling up the DagBag from /home/airflow/.local/lib/python3.12/site-packages/airflow/example_dags/example_local_kubernetes_executor.py
[2024-05-23T19:57:17.641+0000] {processor.py:840} INFO - DAG(s) 'example_local_kubernetes_executor' retrieved from /home/airflow/.local/lib/python3.12/site-packages/airflow/example_dags/example_local_kubernetes_executor.py
[2024-05-23T19:57:17.690+0000] {logging_mixin.py:188} INFO - [2024-05-23T19:57:17.690+0000] {dag.py:3096} INFO - Sync 1 DAGs
[2024-05-23T19:57:17.710+0000] {logging_mixin.py:188} INFO - [2024-05-23T19:57:17.709+0000] {dag.py:3954} INFO - Setting next_dagrun for example_local_kubernetes_executor to None, run_after=None
[2024-05-23T19:57:17.735+0000] {processor.py:183} INFO - Processing /home/airflow/.local/lib/python3.12/site-packages/airflow/example_dags/example_local_kubernetes_executor.py took 0.117 seconds
[2024-05-23T19:58:10.878+0000] {processor.py:161} INFO - Started process (PID=14715) to work on /home/airflow/.local/lib/python3.12/site-packages/airflow/example_dags/example_local_kubernetes_executor.py
[2024-05-23T19:58:10.879+0000] {processor.py:830} INFO - Processing file /home/airflow/.local/lib/python3.12/site-packages/airflow/example_dags/example_local_kubernetes_executor.py for tasks to queue
[2024-05-23T19:58:10.882+0000] {logging_mixin.py:188} INFO - [2024-05-23T19:58:10.881+0000] {dagbag.py:545} INFO - Filling up the DagBag from /home/airflow/.local/lib/python3.12/site-packages/airflow/example_dags/example_local_kubernetes_executor.py
[2024-05-23T19:58:10.891+0000] {processor.py:840} INFO - DAG(s) 'example_local_kubernetes_executor' retrieved from /home/airflow/.local/lib/python3.12/site-packages/airflow/example_dags/example_local_kubernetes_executor.py
[2024-05-23T19:58:10.940+0000] {logging_mixin.py:188} INFO - [2024-05-23T19:58:10.940+0000] {dag.py:3096} INFO - Sync 1 DAGs
[2024-05-23T19:58:10.962+0000] {logging_mixin.py:188} INFO - [2024-05-23T19:58:10.962+0000] {dag.py:3954} INFO - Setting next_dagrun for example_local_kubernetes_executor to None, run_after=None
[2024-05-23T19:58:10.988+0000] {processor.py:183} INFO - Processing /home/airflow/.local/lib/python3.12/site-packages/airflow/example_dags/example_local_kubernetes_executor.py took 0.119 seconds
[2024-05-23T20:03:43.161+0000] {processor.py:161} INFO - Started process (PID=15050) to work on /home/airflow/.local/lib/python3.12/site-packages/airflow/example_dags/example_local_kubernetes_executor.py
[2024-05-23T20:03:43.163+0000] {processor.py:830} INFO - Processing file /home/airflow/.local/lib/python3.12/site-packages/airflow/example_dags/example_local_kubernetes_executor.py for tasks to queue
[2024-05-23T20:03:43.164+0000] {logging_mixin.py:188} INFO - [2024-05-23T20:03:43.164+0000] {dagbag.py:545} INFO - Filling up the DagBag from /home/airflow/.local/lib/python3.12/site-packages/airflow/example_dags/example_local_kubernetes_executor.py
[2024-05-23T20:03:43.173+0000] {processor.py:840} INFO - DAG(s) 'example_local_kubernetes_executor' retrieved from /home/airflow/.local/lib/python3.12/site-packages/airflow/example_dags/example_local_kubernetes_executor.py
[2024-05-23T20:03:43.223+0000] {logging_mixin.py:188} INFO - [2024-05-23T20:03:43.223+0000] {dag.py:3096} INFO - Sync 1 DAGs
[2024-05-23T20:03:43.240+0000] {logging_mixin.py:188} INFO - [2024-05-23T20:03:43.239+0000] {dag.py:3954} INFO - Setting next_dagrun for example_local_kubernetes_executor to None, run_after=None
[2024-05-23T20:03:43.264+0000] {processor.py:183} INFO - Processing /home/airflow/.local/lib/python3.12/site-packages/airflow/example_dags/example_local_kubernetes_executor.py took 0.110 seconds
[2024-05-23T20:04:18.581+0000] {processor.py:161} INFO - Started process (PID=15310) to work on /home/airflow/.local/lib/python3.12/site-packages/airflow/example_dags/example_local_kubernetes_executor.py
[2024-05-23T20:04:18.587+0000] {processor.py:830} INFO - Processing file /home/airflow/.local/lib/python3.12/site-packages/airflow/example_dags/example_local_kubernetes_executor.py for tasks to queue
[2024-05-23T20:04:18.593+0000] {logging_mixin.py:188} INFO - [2024-05-23T20:04:18.591+0000] {dagbag.py:545} INFO - Filling up the DagBag from /home/airflow/.local/lib/python3.12/site-packages/airflow/example_dags/example_local_kubernetes_executor.py
[2024-05-23T20:04:18.632+0000] {processor.py:840} INFO - DAG(s) 'example_local_kubernetes_executor' retrieved from /home/airflow/.local/lib/python3.12/site-packages/airflow/example_dags/example_local_kubernetes_executor.py
[2024-05-23T20:04:18.819+0000] {logging_mixin.py:188} INFO - [2024-05-23T20:04:18.817+0000] {dag.py:3096} INFO - Sync 1 DAGs
[2024-05-23T20:04:18.889+0000] {logging_mixin.py:188} INFO - [2024-05-23T20:04:18.888+0000] {dag.py:3954} INFO - Setting next_dagrun for example_local_kubernetes_executor to None, run_after=None
[2024-05-23T20:04:18.991+0000] {processor.py:183} INFO - Processing /home/airflow/.local/lib/python3.12/site-packages/airflow/example_dags/example_local_kubernetes_executor.py took 0.446 seconds
[2024-05-23T20:08:13.840+0000] {processor.py:161} INFO - Started process (PID=15573) to work on /home/airflow/.local/lib/python3.12/site-packages/airflow/example_dags/example_local_kubernetes_executor.py
[2024-05-23T20:08:13.842+0000] {processor.py:830} INFO - Processing file /home/airflow/.local/lib/python3.12/site-packages/airflow/example_dags/example_local_kubernetes_executor.py for tasks to queue
[2024-05-23T20:08:13.844+0000] {logging_mixin.py:188} INFO - [2024-05-23T20:08:13.844+0000] {dagbag.py:545} INFO - Filling up the DagBag from /home/airflow/.local/lib/python3.12/site-packages/airflow/example_dags/example_local_kubernetes_executor.py
[2024-05-23T20:08:13.856+0000] {processor.py:840} INFO - DAG(s) 'example_local_kubernetes_executor' retrieved from /home/airflow/.local/lib/python3.12/site-packages/airflow/example_dags/example_local_kubernetes_executor.py
[2024-05-23T20:08:13.906+0000] {logging_mixin.py:188} INFO - [2024-05-23T20:08:13.906+0000] {dag.py:3096} INFO - Sync 1 DAGs
[2024-05-23T20:08:13.924+0000] {logging_mixin.py:188} INFO - [2024-05-23T20:08:13.924+0000] {dag.py:3954} INFO - Setting next_dagrun for example_local_kubernetes_executor to None, run_after=None
[2024-05-23T20:08:13.953+0000] {processor.py:183} INFO - Processing /home/airflow/.local/lib/python3.12/site-packages/airflow/example_dags/example_local_kubernetes_executor.py took 0.123 seconds
[2024-05-23T20:08:44.604+0000] {processor.py:161} INFO - Started process (PID=15836) to work on /home/airflow/.local/lib/python3.12/site-packages/airflow/example_dags/example_local_kubernetes_executor.py
[2024-05-23T20:08:44.605+0000] {processor.py:830} INFO - Processing file /home/airflow/.local/lib/python3.12/site-packages/airflow/example_dags/example_local_kubernetes_executor.py for tasks to queue
[2024-05-23T20:08:44.607+0000] {logging_mixin.py:188} INFO - [2024-05-23T20:08:44.607+0000] {dagbag.py:545} INFO - Filling up the DagBag from /home/airflow/.local/lib/python3.12/site-packages/airflow/example_dags/example_local_kubernetes_executor.py
[2024-05-23T20:08:44.617+0000] {processor.py:840} INFO - DAG(s) 'example_local_kubernetes_executor' retrieved from /home/airflow/.local/lib/python3.12/site-packages/airflow/example_dags/example_local_kubernetes_executor.py
[2024-05-23T20:08:44.663+0000] {logging_mixin.py:188} INFO - [2024-05-23T20:08:44.663+0000] {dag.py:3096} INFO - Sync 1 DAGs
[2024-05-23T20:08:44.682+0000] {logging_mixin.py:188} INFO - [2024-05-23T20:08:44.682+0000] {dag.py:3954} INFO - Setting next_dagrun for example_local_kubernetes_executor to None, run_after=None
[2024-05-23T20:08:44.706+0000] {processor.py:183} INFO - Processing /home/airflow/.local/lib/python3.12/site-packages/airflow/example_dags/example_local_kubernetes_executor.py took 0.112 seconds
[2024-05-23T20:09:15.003+0000] {processor.py:161} INFO - Started process (PID=16097) to work on /home/airflow/.local/lib/python3.12/site-packages/airflow/example_dags/example_local_kubernetes_executor.py
[2024-05-23T20:09:15.005+0000] {processor.py:830} INFO - Processing file /home/airflow/.local/lib/python3.12/site-packages/airflow/example_dags/example_local_kubernetes_executor.py for tasks to queue
[2024-05-23T20:09:15.006+0000] {logging_mixin.py:188} INFO - [2024-05-23T20:09:15.006+0000] {dagbag.py:545} INFO - Filling up the DagBag from /home/airflow/.local/lib/python3.12/site-packages/airflow/example_dags/example_local_kubernetes_executor.py
[2024-05-23T20:09:15.016+0000] {processor.py:840} INFO - DAG(s) 'example_local_kubernetes_executor' retrieved from /home/airflow/.local/lib/python3.12/site-packages/airflow/example_dags/example_local_kubernetes_executor.py
[2024-05-23T20:09:15.065+0000] {logging_mixin.py:188} INFO - [2024-05-23T20:09:15.065+0000] {dag.py:3096} INFO - Sync 1 DAGs
[2024-05-23T20:09:15.083+0000] {logging_mixin.py:188} INFO - [2024-05-23T20:09:15.083+0000] {dag.py:3954} INFO - Setting next_dagrun for example_local_kubernetes_executor to None, run_after=None
[2024-05-23T20:09:15.109+0000] {processor.py:183} INFO - Processing /home/airflow/.local/lib/python3.12/site-packages/airflow/example_dags/example_local_kubernetes_executor.py took 0.115 seconds
[2024-05-23T20:09:45.264+0000] {processor.py:161} INFO - Started process (PID=16359) to work on /home/airflow/.local/lib/python3.12/site-packages/airflow/example_dags/example_local_kubernetes_executor.py
[2024-05-23T20:09:45.265+0000] {processor.py:830} INFO - Processing file /home/airflow/.local/lib/python3.12/site-packages/airflow/example_dags/example_local_kubernetes_executor.py for tasks to queue
[2024-05-23T20:09:45.267+0000] {logging_mixin.py:188} INFO - [2024-05-23T20:09:45.266+0000] {dagbag.py:545} INFO - Filling up the DagBag from /home/airflow/.local/lib/python3.12/site-packages/airflow/example_dags/example_local_kubernetes_executor.py
[2024-05-23T20:09:45.277+0000] {processor.py:840} INFO - DAG(s) 'example_local_kubernetes_executor' retrieved from /home/airflow/.local/lib/python3.12/site-packages/airflow/example_dags/example_local_kubernetes_executor.py
[2024-05-23T20:09:45.325+0000] {logging_mixin.py:188} INFO - [2024-05-23T20:09:45.325+0000] {dag.py:3096} INFO - Sync 1 DAGs
[2024-05-23T20:09:45.343+0000] {logging_mixin.py:188} INFO - [2024-05-23T20:09:45.342+0000] {dag.py:3954} INFO - Setting next_dagrun for example_local_kubernetes_executor to None, run_after=None
[2024-05-23T20:09:45.368+0000] {processor.py:183} INFO - Processing /home/airflow/.local/lib/python3.12/site-packages/airflow/example_dags/example_local_kubernetes_executor.py took 0.112 seconds
[2024-05-23T20:10:15.763+0000] {processor.py:161} INFO - Started process (PID=16621) to work on /home/airflow/.local/lib/python3.12/site-packages/airflow/example_dags/example_local_kubernetes_executor.py
[2024-05-23T20:10:15.764+0000] {processor.py:830} INFO - Processing file /home/airflow/.local/lib/python3.12/site-packages/airflow/example_dags/example_local_kubernetes_executor.py for tasks to queue
[2024-05-23T20:10:15.765+0000] {logging_mixin.py:188} INFO - [2024-05-23T20:10:15.765+0000] {dagbag.py:545} INFO - Filling up the DagBag from /home/airflow/.local/lib/python3.12/site-packages/airflow/example_dags/example_local_kubernetes_executor.py
[2024-05-23T20:10:15.777+0000] {processor.py:840} INFO - DAG(s) 'example_local_kubernetes_executor' retrieved from /home/airflow/.local/lib/python3.12/site-packages/airflow/example_dags/example_local_kubernetes_executor.py
[2024-05-23T20:10:15.829+0000] {logging_mixin.py:188} INFO - [2024-05-23T20:10:15.828+0000] {dag.py:3096} INFO - Sync 1 DAGs
[2024-05-23T20:10:15.847+0000] {logging_mixin.py:188} INFO - [2024-05-23T20:10:15.846+0000] {dag.py:3954} INFO - Setting next_dagrun for example_local_kubernetes_executor to None, run_after=None
[2024-05-23T20:10:15.872+0000] {processor.py:183} INFO - Processing /home/airflow/.local/lib/python3.12/site-packages/airflow/example_dags/example_local_kubernetes_executor.py took 0.118 seconds
[2024-05-23T20:10:46.030+0000] {processor.py:161} INFO - Started process (PID=16883) to work on /home/airflow/.local/lib/python3.12/site-packages/airflow/example_dags/example_local_kubernetes_executor.py
[2024-05-23T20:10:46.032+0000] {processor.py:830} INFO - Processing file /home/airflow/.local/lib/python3.12/site-packages/airflow/example_dags/example_local_kubernetes_executor.py for tasks to queue
[2024-05-23T20:10:46.033+0000] {logging_mixin.py:188} INFO - [2024-05-23T20:10:46.033+0000] {dagbag.py:545} INFO - Filling up the DagBag from /home/airflow/.local/lib/python3.12/site-packages/airflow/example_dags/example_local_kubernetes_executor.py
[2024-05-23T20:10:46.042+0000] {processor.py:840} INFO - DAG(s) 'example_local_kubernetes_executor' retrieved from /home/airflow/.local/lib/python3.12/site-packages/airflow/example_dags/example_local_kubernetes_executor.py
[2024-05-23T20:10:46.087+0000] {logging_mixin.py:188} INFO - [2024-05-23T20:10:46.087+0000] {dag.py:3096} INFO - Sync 1 DAGs
[2024-05-23T20:10:46.103+0000] {logging_mixin.py:188} INFO - [2024-05-23T20:10:46.103+0000] {dag.py:3954} INFO - Setting next_dagrun for example_local_kubernetes_executor to None, run_after=None
[2024-05-23T20:10:46.129+0000] {processor.py:183} INFO - Processing /home/airflow/.local/lib/python3.12/site-packages/airflow/example_dags/example_local_kubernetes_executor.py took 0.106 seconds
[2024-05-23T20:11:17.055+0000] {processor.py:161} INFO - Started process (PID=17144) to work on /home/airflow/.local/lib/python3.12/site-packages/airflow/example_dags/example_local_kubernetes_executor.py
[2024-05-23T20:11:17.057+0000] {processor.py:830} INFO - Processing file /home/airflow/.local/lib/python3.12/site-packages/airflow/example_dags/example_local_kubernetes_executor.py for tasks to queue
[2024-05-23T20:11:17.058+0000] {logging_mixin.py:188} INFO - [2024-05-23T20:11:17.058+0000] {dagbag.py:545} INFO - Filling up the DagBag from /home/airflow/.local/lib/python3.12/site-packages/airflow/example_dags/example_local_kubernetes_executor.py
[2024-05-23T20:11:17.067+0000] {processor.py:840} INFO - DAG(s) 'example_local_kubernetes_executor' retrieved from /home/airflow/.local/lib/python3.12/site-packages/airflow/example_dags/example_local_kubernetes_executor.py
[2024-05-23T20:11:17.110+0000] {logging_mixin.py:188} INFO - [2024-05-23T20:11:17.110+0000] {dag.py:3096} INFO - Sync 1 DAGs
[2024-05-23T20:11:17.127+0000] {logging_mixin.py:188} INFO - [2024-05-23T20:11:17.126+0000] {dag.py:3954} INFO - Setting next_dagrun for example_local_kubernetes_executor to None, run_after=None
[2024-05-23T20:11:17.153+0000] {processor.py:183} INFO - Processing /home/airflow/.local/lib/python3.12/site-packages/airflow/example_dags/example_local_kubernetes_executor.py took 0.106 seconds
[2024-05-23T20:11:47.468+0000] {processor.py:161} INFO - Started process (PID=17406) to work on /home/airflow/.local/lib/python3.12/site-packages/airflow/example_dags/example_local_kubernetes_executor.py
[2024-05-23T20:11:47.469+0000] {processor.py:830} INFO - Processing file /home/airflow/.local/lib/python3.12/site-packages/airflow/example_dags/example_local_kubernetes_executor.py for tasks to queue
[2024-05-23T20:11:47.471+0000] {logging_mixin.py:188} INFO - [2024-05-23T20:11:47.470+0000] {dagbag.py:545} INFO - Filling up the DagBag from /home/airflow/.local/lib/python3.12/site-packages/airflow/example_dags/example_local_kubernetes_executor.py
[2024-05-23T20:11:47.478+0000] {processor.py:840} INFO - DAG(s) 'example_local_kubernetes_executor' retrieved from /home/airflow/.local/lib/python3.12/site-packages/airflow/example_dags/example_local_kubernetes_executor.py
[2024-05-23T20:11:47.521+0000] {logging_mixin.py:188} INFO - [2024-05-23T20:11:47.521+0000] {dag.py:3096} INFO - Sync 1 DAGs
[2024-05-23T20:11:47.534+0000] {logging_mixin.py:188} INFO - [2024-05-23T20:11:47.533+0000] {dag.py:3954} INFO - Setting next_dagrun for example_local_kubernetes_executor to None, run_after=None
[2024-05-23T20:11:47.550+0000] {processor.py:183} INFO - Processing /home/airflow/.local/lib/python3.12/site-packages/airflow/example_dags/example_local_kubernetes_executor.py took 0.089 seconds
[2024-05-23T20:12:18.346+0000] {processor.py:161} INFO - Started process (PID=17668) to work on /home/airflow/.local/lib/python3.12/site-packages/airflow/example_dags/example_local_kubernetes_executor.py
[2024-05-23T20:12:18.347+0000] {processor.py:830} INFO - Processing file /home/airflow/.local/lib/python3.12/site-packages/airflow/example_dags/example_local_kubernetes_executor.py for tasks to queue
[2024-05-23T20:12:18.349+0000] {logging_mixin.py:188} INFO - [2024-05-23T20:12:18.348+0000] {dagbag.py:545} INFO - Filling up the DagBag from /home/airflow/.local/lib/python3.12/site-packages/airflow/example_dags/example_local_kubernetes_executor.py
[2024-05-23T20:12:18.358+0000] {processor.py:840} INFO - DAG(s) 'example_local_kubernetes_executor' retrieved from /home/airflow/.local/lib/python3.12/site-packages/airflow/example_dags/example_local_kubernetes_executor.py
[2024-05-23T20:12:18.402+0000] {logging_mixin.py:188} INFO - [2024-05-23T20:12:18.402+0000] {dag.py:3096} INFO - Sync 1 DAGs
[2024-05-23T20:12:18.419+0000] {logging_mixin.py:188} INFO - [2024-05-23T20:12:18.419+0000] {dag.py:3954} INFO - Setting next_dagrun for example_local_kubernetes_executor to None, run_after=None
[2024-05-23T20:12:18.443+0000] {processor.py:183} INFO - Processing /home/airflow/.local/lib/python3.12/site-packages/airflow/example_dags/example_local_kubernetes_executor.py took 0.105 seconds
[2024-05-23T20:12:48.646+0000] {processor.py:161} INFO - Started process (PID=17930) to work on /home/airflow/.local/lib/python3.12/site-packages/airflow/example_dags/example_local_kubernetes_executor.py
[2024-05-23T20:12:48.647+0000] {processor.py:830} INFO - Processing file /home/airflow/.local/lib/python3.12/site-packages/airflow/example_dags/example_local_kubernetes_executor.py for tasks to queue
[2024-05-23T20:12:48.649+0000] {logging_mixin.py:188} INFO - [2024-05-23T20:12:48.648+0000] {dagbag.py:545} INFO - Filling up the DagBag from /home/airflow/.local/lib/python3.12/site-packages/airflow/example_dags/example_local_kubernetes_executor.py
[2024-05-23T20:12:48.659+0000] {processor.py:840} INFO - DAG(s) 'example_local_kubernetes_executor' retrieved from /home/airflow/.local/lib/python3.12/site-packages/airflow/example_dags/example_local_kubernetes_executor.py
[2024-05-23T20:12:48.708+0000] {logging_mixin.py:188} INFO - [2024-05-23T20:12:48.707+0000] {dag.py:3096} INFO - Sync 1 DAGs
[2024-05-23T20:12:48.730+0000] {logging_mixin.py:188} INFO - [2024-05-23T20:12:48.730+0000] {dag.py:3954} INFO - Setting next_dagrun for example_local_kubernetes_executor to None, run_after=None
[2024-05-23T20:12:48.760+0000] {processor.py:183} INFO - Processing /home/airflow/.local/lib/python3.12/site-packages/airflow/example_dags/example_local_kubernetes_executor.py took 0.123 seconds
[2024-05-23T20:13:18.895+0000] {processor.py:161} INFO - Started process (PID=18192) to work on /home/airflow/.local/lib/python3.12/site-packages/airflow/example_dags/example_local_kubernetes_executor.py
[2024-05-23T20:13:18.896+0000] {processor.py:830} INFO - Processing file /home/airflow/.local/lib/python3.12/site-packages/airflow/example_dags/example_local_kubernetes_executor.py for tasks to queue
[2024-05-23T20:13:18.898+0000] {logging_mixin.py:188} INFO - [2024-05-23T20:13:18.897+0000] {dagbag.py:545} INFO - Filling up the DagBag from /home/airflow/.local/lib/python3.12/site-packages/airflow/example_dags/example_local_kubernetes_executor.py
[2024-05-23T20:13:18.907+0000] {processor.py:840} INFO - DAG(s) 'example_local_kubernetes_executor' retrieved from /home/airflow/.local/lib/python3.12/site-packages/airflow/example_dags/example_local_kubernetes_executor.py
[2024-05-23T20:13:18.955+0000] {logging_mixin.py:188} INFO - [2024-05-23T20:13:18.955+0000] {dag.py:3096} INFO - Sync 1 DAGs
[2024-05-23T20:13:18.974+0000] {logging_mixin.py:188} INFO - [2024-05-23T20:13:18.973+0000] {dag.py:3954} INFO - Setting next_dagrun for example_local_kubernetes_executor to None, run_after=None
[2024-05-23T20:13:18.999+0000] {processor.py:183} INFO - Processing /home/airflow/.local/lib/python3.12/site-packages/airflow/example_dags/example_local_kubernetes_executor.py took 0.113 seconds
