[2024-05-23T19:29:56.654+0000] {processor.py:161} INFO - Started process (PID=372) to work on /home/airflow/.local/lib/python3.12/site-packages/airflow/example_dags/example_sensor_decorator.py
[2024-05-23T19:29:56.656+0000] {processor.py:830} INFO - Processing file /home/airflow/.local/lib/python3.12/site-packages/airflow/example_dags/example_sensor_decorator.py for tasks to queue
[2024-05-23T19:29:56.660+0000] {logging_mixin.py:188} INFO - [2024-05-23T19:29:56.660+0000] {dagbag.py:545} INFO - Filling up the DagBag from /home/airflow/.local/lib/python3.12/site-packages/airflow/example_dags/example_sensor_decorator.py
[2024-05-23T19:29:56.674+0000] {processor.py:840} INFO - DAG(s) 'example_sensor_decorator' retrieved from /home/airflow/.local/lib/python3.12/site-packages/airflow/example_dags/example_sensor_decorator.py
[2024-05-23T19:29:56.900+0000] {logging_mixin.py:188} INFO - [2024-05-23T19:29:56.899+0000] {dag.py:3096} INFO - Sync 1 DAGs
[2024-05-23T19:29:56.919+0000] {logging_mixin.py:188} INFO - [2024-05-23T19:29:56.918+0000] {dag.py:3954} INFO - Setting next_dagrun for example_sensor_decorator to None, run_after=None
[2024-05-23T19:29:56.969+0000] {processor.py:183} INFO - Processing /home/airflow/.local/lib/python3.12/site-packages/airflow/example_dags/example_sensor_decorator.py took 0.328 seconds
[2024-05-23T19:30:27.182+0000] {processor.py:161} INFO - Started process (PID=636) to work on /home/airflow/.local/lib/python3.12/site-packages/airflow/example_dags/example_sensor_decorator.py
[2024-05-23T19:30:27.183+0000] {processor.py:830} INFO - Processing file /home/airflow/.local/lib/python3.12/site-packages/airflow/example_dags/example_sensor_decorator.py for tasks to queue
[2024-05-23T19:30:27.186+0000] {logging_mixin.py:188} INFO - [2024-05-23T19:30:27.186+0000] {dagbag.py:545} INFO - Filling up the DagBag from /home/airflow/.local/lib/python3.12/site-packages/airflow/example_dags/example_sensor_decorator.py
[2024-05-23T19:30:27.196+0000] {processor.py:840} INFO - DAG(s) 'example_sensor_decorator' retrieved from /home/airflow/.local/lib/python3.12/site-packages/airflow/example_dags/example_sensor_decorator.py
[2024-05-23T19:30:27.226+0000] {logging_mixin.py:188} INFO - [2024-05-23T19:30:27.226+0000] {dag.py:3096} INFO - Sync 1 DAGs
[2024-05-23T19:30:27.249+0000] {logging_mixin.py:188} INFO - [2024-05-23T19:30:27.248+0000] {dag.py:3954} INFO - Setting next_dagrun for example_sensor_decorator to None, run_after=None
[2024-05-23T19:30:27.281+0000] {processor.py:183} INFO - Processing /home/airflow/.local/lib/python3.12/site-packages/airflow/example_dags/example_sensor_decorator.py took 0.108 seconds
[2024-05-23T19:30:57.758+0000] {processor.py:161} INFO - Started process (PID=896) to work on /home/airflow/.local/lib/python3.12/site-packages/airflow/example_dags/example_sensor_decorator.py
[2024-05-23T19:30:57.761+0000] {processor.py:830} INFO - Processing file /home/airflow/.local/lib/python3.12/site-packages/airflow/example_dags/example_sensor_decorator.py for tasks to queue
[2024-05-23T19:30:57.765+0000] {logging_mixin.py:188} INFO - [2024-05-23T19:30:57.764+0000] {dagbag.py:545} INFO - Filling up the DagBag from /home/airflow/.local/lib/python3.12/site-packages/airflow/example_dags/example_sensor_decorator.py
[2024-05-23T19:30:57.777+0000] {processor.py:840} INFO - DAG(s) 'example_sensor_decorator' retrieved from /home/airflow/.local/lib/python3.12/site-packages/airflow/example_dags/example_sensor_decorator.py
[2024-05-23T19:30:57.818+0000] {logging_mixin.py:188} INFO - [2024-05-23T19:30:57.817+0000] {dag.py:3096} INFO - Sync 1 DAGs
[2024-05-23T19:30:57.851+0000] {logging_mixin.py:188} INFO - [2024-05-23T19:30:57.850+0000] {dag.py:3954} INFO - Setting next_dagrun for example_sensor_decorator to None, run_after=None
[2024-05-23T19:30:57.892+0000] {processor.py:183} INFO - Processing /home/airflow/.local/lib/python3.12/site-packages/airflow/example_dags/example_sensor_decorator.py took 0.150 seconds
[2024-05-23T19:31:28.804+0000] {processor.py:161} INFO - Started process (PID=1158) to work on /home/airflow/.local/lib/python3.12/site-packages/airflow/example_dags/example_sensor_decorator.py
[2024-05-23T19:31:28.806+0000] {processor.py:830} INFO - Processing file /home/airflow/.local/lib/python3.12/site-packages/airflow/example_dags/example_sensor_decorator.py for tasks to queue
[2024-05-23T19:31:28.809+0000] {logging_mixin.py:188} INFO - [2024-05-23T19:31:28.809+0000] {dagbag.py:545} INFO - Filling up the DagBag from /home/airflow/.local/lib/python3.12/site-packages/airflow/example_dags/example_sensor_decorator.py
[2024-05-23T19:31:28.819+0000] {processor.py:840} INFO - DAG(s) 'example_sensor_decorator' retrieved from /home/airflow/.local/lib/python3.12/site-packages/airflow/example_dags/example_sensor_decorator.py
[2024-05-23T19:31:28.851+0000] {logging_mixin.py:188} INFO - [2024-05-23T19:31:28.851+0000] {dag.py:3096} INFO - Sync 1 DAGs
[2024-05-23T19:31:28.872+0000] {logging_mixin.py:188} INFO - [2024-05-23T19:31:28.871+0000] {dag.py:3954} INFO - Setting next_dagrun for example_sensor_decorator to None, run_after=None
[2024-05-23T19:31:28.901+0000] {processor.py:183} INFO - Processing /home/airflow/.local/lib/python3.12/site-packages/airflow/example_dags/example_sensor_decorator.py took 0.106 seconds
[2024-05-23T19:31:59.140+0000] {processor.py:161} INFO - Started process (PID=1420) to work on /home/airflow/.local/lib/python3.12/site-packages/airflow/example_dags/example_sensor_decorator.py
[2024-05-23T19:31:59.141+0000] {processor.py:830} INFO - Processing file /home/airflow/.local/lib/python3.12/site-packages/airflow/example_dags/example_sensor_decorator.py for tasks to queue
[2024-05-23T19:31:59.144+0000] {logging_mixin.py:188} INFO - [2024-05-23T19:31:59.144+0000] {dagbag.py:545} INFO - Filling up the DagBag from /home/airflow/.local/lib/python3.12/site-packages/airflow/example_dags/example_sensor_decorator.py
[2024-05-23T19:31:59.154+0000] {processor.py:840} INFO - DAG(s) 'example_sensor_decorator' retrieved from /home/airflow/.local/lib/python3.12/site-packages/airflow/example_dags/example_sensor_decorator.py
[2024-05-23T19:31:59.184+0000] {logging_mixin.py:188} INFO - [2024-05-23T19:31:59.184+0000] {dag.py:3096} INFO - Sync 1 DAGs
[2024-05-23T19:31:59.205+0000] {logging_mixin.py:188} INFO - [2024-05-23T19:31:59.205+0000] {dag.py:3954} INFO - Setting next_dagrun for example_sensor_decorator to None, run_after=None
[2024-05-23T19:31:59.233+0000] {processor.py:183} INFO - Processing /home/airflow/.local/lib/python3.12/site-packages/airflow/example_dags/example_sensor_decorator.py took 0.102 seconds
[2024-05-23T19:32:29.743+0000] {processor.py:161} INFO - Started process (PID=1682) to work on /home/airflow/.local/lib/python3.12/site-packages/airflow/example_dags/example_sensor_decorator.py
[2024-05-23T19:32:29.744+0000] {processor.py:830} INFO - Processing file /home/airflow/.local/lib/python3.12/site-packages/airflow/example_dags/example_sensor_decorator.py for tasks to queue
[2024-05-23T19:32:29.748+0000] {logging_mixin.py:188} INFO - [2024-05-23T19:32:29.747+0000] {dagbag.py:545} INFO - Filling up the DagBag from /home/airflow/.local/lib/python3.12/site-packages/airflow/example_dags/example_sensor_decorator.py
[2024-05-23T19:32:29.758+0000] {processor.py:840} INFO - DAG(s) 'example_sensor_decorator' retrieved from /home/airflow/.local/lib/python3.12/site-packages/airflow/example_dags/example_sensor_decorator.py
[2024-05-23T19:32:29.797+0000] {logging_mixin.py:188} INFO - [2024-05-23T19:32:29.796+0000] {dag.py:3096} INFO - Sync 1 DAGs
[2024-05-23T19:32:29.823+0000] {logging_mixin.py:188} INFO - [2024-05-23T19:32:29.822+0000] {dag.py:3954} INFO - Setting next_dagrun for example_sensor_decorator to None, run_after=None
[2024-05-23T19:32:29.855+0000] {processor.py:183} INFO - Processing /home/airflow/.local/lib/python3.12/site-packages/airflow/example_dags/example_sensor_decorator.py took 0.122 seconds
[2024-05-23T19:32:59.998+0000] {processor.py:161} INFO - Started process (PID=1944) to work on /home/airflow/.local/lib/python3.12/site-packages/airflow/example_dags/example_sensor_decorator.py
[2024-05-23T19:33:00.000+0000] {processor.py:830} INFO - Processing file /home/airflow/.local/lib/python3.12/site-packages/airflow/example_dags/example_sensor_decorator.py for tasks to queue
[2024-05-23T19:33:00.003+0000] {logging_mixin.py:188} INFO - [2024-05-23T19:33:00.003+0000] {dagbag.py:545} INFO - Filling up the DagBag from /home/airflow/.local/lib/python3.12/site-packages/airflow/example_dags/example_sensor_decorator.py
[2024-05-23T19:33:00.013+0000] {processor.py:840} INFO - DAG(s) 'example_sensor_decorator' retrieved from /home/airflow/.local/lib/python3.12/site-packages/airflow/example_dags/example_sensor_decorator.py
[2024-05-23T19:33:00.045+0000] {logging_mixin.py:188} INFO - [2024-05-23T19:33:00.044+0000] {dag.py:3096} INFO - Sync 1 DAGs
[2024-05-23T19:33:00.066+0000] {logging_mixin.py:188} INFO - [2024-05-23T19:33:00.065+0000] {dag.py:3954} INFO - Setting next_dagrun for example_sensor_decorator to None, run_after=None
[2024-05-23T19:33:00.093+0000] {processor.py:183} INFO - Processing /home/airflow/.local/lib/python3.12/site-packages/airflow/example_dags/example_sensor_decorator.py took 0.104 seconds
[2024-05-23T19:33:30.468+0000] {processor.py:161} INFO - Started process (PID=2206) to work on /home/airflow/.local/lib/python3.12/site-packages/airflow/example_dags/example_sensor_decorator.py
[2024-05-23T19:33:30.470+0000] {processor.py:830} INFO - Processing file /home/airflow/.local/lib/python3.12/site-packages/airflow/example_dags/example_sensor_decorator.py for tasks to queue
[2024-05-23T19:33:30.511+0000] {logging_mixin.py:188} INFO - [2024-05-23T19:33:30.510+0000] {dagbag.py:545} INFO - Filling up the DagBag from /home/airflow/.local/lib/python3.12/site-packages/airflow/example_dags/example_sensor_decorator.py
[2024-05-23T19:33:30.529+0000] {processor.py:840} INFO - DAG(s) 'example_sensor_decorator' retrieved from /home/airflow/.local/lib/python3.12/site-packages/airflow/example_dags/example_sensor_decorator.py
[2024-05-23T19:33:30.564+0000] {logging_mixin.py:188} INFO - [2024-05-23T19:33:30.564+0000] {dag.py:3096} INFO - Sync 1 DAGs
[2024-05-23T19:33:30.590+0000] {logging_mixin.py:188} INFO - [2024-05-23T19:33:30.590+0000] {dag.py:3954} INFO - Setting next_dagrun for example_sensor_decorator to None, run_after=None
[2024-05-23T19:33:30.624+0000] {processor.py:183} INFO - Processing /home/airflow/.local/lib/python3.12/site-packages/airflow/example_dags/example_sensor_decorator.py took 0.167 seconds
[2024-05-23T19:34:01.183+0000] {processor.py:161} INFO - Started process (PID=2468) to work on /home/airflow/.local/lib/python3.12/site-packages/airflow/example_dags/example_sensor_decorator.py
[2024-05-23T19:34:01.185+0000] {processor.py:830} INFO - Processing file /home/airflow/.local/lib/python3.12/site-packages/airflow/example_dags/example_sensor_decorator.py for tasks to queue
[2024-05-23T19:34:01.188+0000] {logging_mixin.py:188} INFO - [2024-05-23T19:34:01.187+0000] {dagbag.py:545} INFO - Filling up the DagBag from /home/airflow/.local/lib/python3.12/site-packages/airflow/example_dags/example_sensor_decorator.py
[2024-05-23T19:34:01.199+0000] {processor.py:840} INFO - DAG(s) 'example_sensor_decorator' retrieved from /home/airflow/.local/lib/python3.12/site-packages/airflow/example_dags/example_sensor_decorator.py
[2024-05-23T19:34:01.231+0000] {logging_mixin.py:188} INFO - [2024-05-23T19:34:01.231+0000] {dag.py:3096} INFO - Sync 1 DAGs
[2024-05-23T19:34:01.257+0000] {logging_mixin.py:188} INFO - [2024-05-23T19:34:01.256+0000] {dag.py:3954} INFO - Setting next_dagrun for example_sensor_decorator to None, run_after=None
[2024-05-23T19:34:01.288+0000] {processor.py:183} INFO - Processing /home/airflow/.local/lib/python3.12/site-packages/airflow/example_dags/example_sensor_decorator.py took 0.115 seconds
[2024-05-23T19:34:31.488+0000] {processor.py:161} INFO - Started process (PID=2729) to work on /home/airflow/.local/lib/python3.12/site-packages/airflow/example_dags/example_sensor_decorator.py
[2024-05-23T19:34:31.490+0000] {processor.py:830} INFO - Processing file /home/airflow/.local/lib/python3.12/site-packages/airflow/example_dags/example_sensor_decorator.py for tasks to queue
[2024-05-23T19:34:31.493+0000] {logging_mixin.py:188} INFO - [2024-05-23T19:34:31.493+0000] {dagbag.py:545} INFO - Filling up the DagBag from /home/airflow/.local/lib/python3.12/site-packages/airflow/example_dags/example_sensor_decorator.py
[2024-05-23T19:34:31.503+0000] {processor.py:840} INFO - DAG(s) 'example_sensor_decorator' retrieved from /home/airflow/.local/lib/python3.12/site-packages/airflow/example_dags/example_sensor_decorator.py
[2024-05-23T19:34:31.534+0000] {logging_mixin.py:188} INFO - [2024-05-23T19:34:31.534+0000] {dag.py:3096} INFO - Sync 1 DAGs
[2024-05-23T19:34:31.558+0000] {logging_mixin.py:188} INFO - [2024-05-23T19:34:31.558+0000] {dag.py:3954} INFO - Setting next_dagrun for example_sensor_decorator to None, run_after=None
[2024-05-23T19:34:31.588+0000] {processor.py:183} INFO - Processing /home/airflow/.local/lib/python3.12/site-packages/airflow/example_dags/example_sensor_decorator.py took 0.109 seconds
[2024-05-23T19:35:02.195+0000] {processor.py:161} INFO - Started process (PID=3016) to work on /home/airflow/.local/lib/python3.12/site-packages/airflow/example_dags/example_sensor_decorator.py
[2024-05-23T19:35:02.197+0000] {processor.py:830} INFO - Processing file /home/airflow/.local/lib/python3.12/site-packages/airflow/example_dags/example_sensor_decorator.py for tasks to queue
[2024-05-23T19:35:02.200+0000] {logging_mixin.py:188} INFO - [2024-05-23T19:35:02.200+0000] {dagbag.py:545} INFO - Filling up the DagBag from /home/airflow/.local/lib/python3.12/site-packages/airflow/example_dags/example_sensor_decorator.py
[2024-05-23T19:35:02.210+0000] {processor.py:840} INFO - DAG(s) 'example_sensor_decorator' retrieved from /home/airflow/.local/lib/python3.12/site-packages/airflow/example_dags/example_sensor_decorator.py
[2024-05-23T19:35:02.241+0000] {logging_mixin.py:188} INFO - [2024-05-23T19:35:02.241+0000] {dag.py:3096} INFO - Sync 1 DAGs
[2024-05-23T19:35:02.264+0000] {logging_mixin.py:188} INFO - [2024-05-23T19:35:02.264+0000] {dag.py:3954} INFO - Setting next_dagrun for example_sensor_decorator to None, run_after=None
[2024-05-23T19:35:02.292+0000] {processor.py:183} INFO - Processing /home/airflow/.local/lib/python3.12/site-packages/airflow/example_dags/example_sensor_decorator.py took 0.107 seconds
[2024-05-23T19:35:32.622+0000] {processor.py:161} INFO - Started process (PID=3278) to work on /home/airflow/.local/lib/python3.12/site-packages/airflow/example_dags/example_sensor_decorator.py
[2024-05-23T19:35:32.624+0000] {processor.py:830} INFO - Processing file /home/airflow/.local/lib/python3.12/site-packages/airflow/example_dags/example_sensor_decorator.py for tasks to queue
[2024-05-23T19:35:32.628+0000] {logging_mixin.py:188} INFO - [2024-05-23T19:35:32.628+0000] {dagbag.py:545} INFO - Filling up the DagBag from /home/airflow/.local/lib/python3.12/site-packages/airflow/example_dags/example_sensor_decorator.py
[2024-05-23T19:35:32.640+0000] {processor.py:840} INFO - DAG(s) 'example_sensor_decorator' retrieved from /home/airflow/.local/lib/python3.12/site-packages/airflow/example_dags/example_sensor_decorator.py
[2024-05-23T19:35:32.674+0000] {logging_mixin.py:188} INFO - [2024-05-23T19:35:32.673+0000] {dag.py:3096} INFO - Sync 1 DAGs
[2024-05-23T19:35:32.698+0000] {logging_mixin.py:188} INFO - [2024-05-23T19:35:32.698+0000] {dag.py:3954} INFO - Setting next_dagrun for example_sensor_decorator to None, run_after=None
[2024-05-23T19:35:32.729+0000] {processor.py:183} INFO - Processing /home/airflow/.local/lib/python3.12/site-packages/airflow/example_dags/example_sensor_decorator.py took 0.117 seconds
[2024-05-23T19:36:02.925+0000] {processor.py:161} INFO - Started process (PID=3540) to work on /home/airflow/.local/lib/python3.12/site-packages/airflow/example_dags/example_sensor_decorator.py
[2024-05-23T19:36:02.927+0000] {processor.py:830} INFO - Processing file /home/airflow/.local/lib/python3.12/site-packages/airflow/example_dags/example_sensor_decorator.py for tasks to queue
[2024-05-23T19:36:02.930+0000] {logging_mixin.py:188} INFO - [2024-05-23T19:36:02.929+0000] {dagbag.py:545} INFO - Filling up the DagBag from /home/airflow/.local/lib/python3.12/site-packages/airflow/example_dags/example_sensor_decorator.py
[2024-05-23T19:36:02.940+0000] {processor.py:840} INFO - DAG(s) 'example_sensor_decorator' retrieved from /home/airflow/.local/lib/python3.12/site-packages/airflow/example_dags/example_sensor_decorator.py
[2024-05-23T19:36:02.971+0000] {logging_mixin.py:188} INFO - [2024-05-23T19:36:02.970+0000] {dag.py:3096} INFO - Sync 1 DAGs
[2024-05-23T19:36:02.992+0000] {logging_mixin.py:188} INFO - [2024-05-23T19:36:02.992+0000] {dag.py:3954} INFO - Setting next_dagrun for example_sensor_decorator to None, run_after=None
[2024-05-23T19:36:03.021+0000] {processor.py:183} INFO - Processing /home/airflow/.local/lib/python3.12/site-packages/airflow/example_dags/example_sensor_decorator.py took 0.105 seconds
[2024-05-23T19:36:33.248+0000] {processor.py:161} INFO - Started process (PID=3802) to work on /home/airflow/.local/lib/python3.12/site-packages/airflow/example_dags/example_sensor_decorator.py
[2024-05-23T19:36:33.250+0000] {processor.py:830} INFO - Processing file /home/airflow/.local/lib/python3.12/site-packages/airflow/example_dags/example_sensor_decorator.py for tasks to queue
[2024-05-23T19:36:33.253+0000] {logging_mixin.py:188} INFO - [2024-05-23T19:36:33.252+0000] {dagbag.py:545} INFO - Filling up the DagBag from /home/airflow/.local/lib/python3.12/site-packages/airflow/example_dags/example_sensor_decorator.py
[2024-05-23T19:36:33.262+0000] {processor.py:840} INFO - DAG(s) 'example_sensor_decorator' retrieved from /home/airflow/.local/lib/python3.12/site-packages/airflow/example_dags/example_sensor_decorator.py
[2024-05-23T19:36:33.289+0000] {logging_mixin.py:188} INFO - [2024-05-23T19:36:33.288+0000] {dag.py:3096} INFO - Sync 1 DAGs
[2024-05-23T19:36:33.313+0000] {logging_mixin.py:188} INFO - [2024-05-23T19:36:33.312+0000] {dag.py:3954} INFO - Setting next_dagrun for example_sensor_decorator to None, run_after=None
[2024-05-23T19:36:33.339+0000] {processor.py:183} INFO - Processing /home/airflow/.local/lib/python3.12/site-packages/airflow/example_dags/example_sensor_decorator.py took 0.099 seconds
[2024-05-23T19:37:03.835+0000] {processor.py:161} INFO - Started process (PID=4064) to work on /home/airflow/.local/lib/python3.12/site-packages/airflow/example_dags/example_sensor_decorator.py
[2024-05-23T19:37:03.836+0000] {processor.py:830} INFO - Processing file /home/airflow/.local/lib/python3.12/site-packages/airflow/example_dags/example_sensor_decorator.py for tasks to queue
[2024-05-23T19:37:03.840+0000] {logging_mixin.py:188} INFO - [2024-05-23T19:37:03.840+0000] {dagbag.py:545} INFO - Filling up the DagBag from /home/airflow/.local/lib/python3.12/site-packages/airflow/example_dags/example_sensor_decorator.py
[2024-05-23T19:37:03.851+0000] {processor.py:840} INFO - DAG(s) 'example_sensor_decorator' retrieved from /home/airflow/.local/lib/python3.12/site-packages/airflow/example_dags/example_sensor_decorator.py
[2024-05-23T19:37:03.885+0000] {logging_mixin.py:188} INFO - [2024-05-23T19:37:03.884+0000] {dag.py:3096} INFO - Sync 1 DAGs
[2024-05-23T19:37:03.907+0000] {logging_mixin.py:188} INFO - [2024-05-23T19:37:03.907+0000] {dag.py:3954} INFO - Setting next_dagrun for example_sensor_decorator to None, run_after=None
[2024-05-23T19:37:03.938+0000] {processor.py:183} INFO - Processing /home/airflow/.local/lib/python3.12/site-packages/airflow/example_dags/example_sensor_decorator.py took 0.112 seconds
[2024-05-23T19:37:34.767+0000] {processor.py:161} INFO - Started process (PID=4326) to work on /home/airflow/.local/lib/python3.12/site-packages/airflow/example_dags/example_sensor_decorator.py
[2024-05-23T19:37:34.769+0000] {processor.py:830} INFO - Processing file /home/airflow/.local/lib/python3.12/site-packages/airflow/example_dags/example_sensor_decorator.py for tasks to queue
[2024-05-23T19:37:34.772+0000] {logging_mixin.py:188} INFO - [2024-05-23T19:37:34.772+0000] {dagbag.py:545} INFO - Filling up the DagBag from /home/airflow/.local/lib/python3.12/site-packages/airflow/example_dags/example_sensor_decorator.py
[2024-05-23T19:37:34.783+0000] {processor.py:840} INFO - DAG(s) 'example_sensor_decorator' retrieved from /home/airflow/.local/lib/python3.12/site-packages/airflow/example_dags/example_sensor_decorator.py
[2024-05-23T19:37:34.815+0000] {logging_mixin.py:188} INFO - [2024-05-23T19:37:34.814+0000] {dag.py:3096} INFO - Sync 1 DAGs
[2024-05-23T19:37:34.835+0000] {logging_mixin.py:188} INFO - [2024-05-23T19:37:34.835+0000] {dag.py:3954} INFO - Setting next_dagrun for example_sensor_decorator to None, run_after=None
[2024-05-23T19:37:34.866+0000] {processor.py:183} INFO - Processing /home/airflow/.local/lib/python3.12/site-packages/airflow/example_dags/example_sensor_decorator.py took 0.110 seconds
[2024-05-23T19:38:05.561+0000] {processor.py:161} INFO - Started process (PID=4588) to work on /home/airflow/.local/lib/python3.12/site-packages/airflow/example_dags/example_sensor_decorator.py
[2024-05-23T19:38:05.563+0000] {processor.py:830} INFO - Processing file /home/airflow/.local/lib/python3.12/site-packages/airflow/example_dags/example_sensor_decorator.py for tasks to queue
[2024-05-23T19:38:05.566+0000] {logging_mixin.py:188} INFO - [2024-05-23T19:38:05.565+0000] {dagbag.py:545} INFO - Filling up the DagBag from /home/airflow/.local/lib/python3.12/site-packages/airflow/example_dags/example_sensor_decorator.py
[2024-05-23T19:38:05.575+0000] {processor.py:840} INFO - DAG(s) 'example_sensor_decorator' retrieved from /home/airflow/.local/lib/python3.12/site-packages/airflow/example_dags/example_sensor_decorator.py
[2024-05-23T19:38:05.604+0000] {logging_mixin.py:188} INFO - [2024-05-23T19:38:05.604+0000] {dag.py:3096} INFO - Sync 1 DAGs
[2024-05-23T19:38:05.626+0000] {logging_mixin.py:188} INFO - [2024-05-23T19:38:05.625+0000] {dag.py:3954} INFO - Setting next_dagrun for example_sensor_decorator to None, run_after=None
[2024-05-23T19:38:05.655+0000] {processor.py:183} INFO - Processing /home/airflow/.local/lib/python3.12/site-packages/airflow/example_dags/example_sensor_decorator.py took 0.103 seconds
[2024-05-23T19:38:35.995+0000] {processor.py:161} INFO - Started process (PID=4850) to work on /home/airflow/.local/lib/python3.12/site-packages/airflow/example_dags/example_sensor_decorator.py
[2024-05-23T19:38:35.996+0000] {processor.py:830} INFO - Processing file /home/airflow/.local/lib/python3.12/site-packages/airflow/example_dags/example_sensor_decorator.py for tasks to queue
[2024-05-23T19:38:35.999+0000] {logging_mixin.py:188} INFO - [2024-05-23T19:38:35.998+0000] {dagbag.py:545} INFO - Filling up the DagBag from /home/airflow/.local/lib/python3.12/site-packages/airflow/example_dags/example_sensor_decorator.py
[2024-05-23T19:38:36.008+0000] {processor.py:840} INFO - DAG(s) 'example_sensor_decorator' retrieved from /home/airflow/.local/lib/python3.12/site-packages/airflow/example_dags/example_sensor_decorator.py
[2024-05-23T19:38:36.037+0000] {logging_mixin.py:188} INFO - [2024-05-23T19:38:36.037+0000] {dag.py:3096} INFO - Sync 1 DAGs
[2024-05-23T19:38:36.059+0000] {logging_mixin.py:188} INFO - [2024-05-23T19:38:36.058+0000] {dag.py:3954} INFO - Setting next_dagrun for example_sensor_decorator to None, run_after=None
[2024-05-23T19:38:36.087+0000] {processor.py:183} INFO - Processing /home/airflow/.local/lib/python3.12/site-packages/airflow/example_dags/example_sensor_decorator.py took 0.102 seconds
[2024-05-23T19:39:06.635+0000] {processor.py:161} INFO - Started process (PID=5112) to work on /home/airflow/.local/lib/python3.12/site-packages/airflow/example_dags/example_sensor_decorator.py
[2024-05-23T19:39:06.644+0000] {processor.py:830} INFO - Processing file /home/airflow/.local/lib/python3.12/site-packages/airflow/example_dags/example_sensor_decorator.py for tasks to queue
[2024-05-23T19:39:06.664+0000] {logging_mixin.py:188} INFO - [2024-05-23T19:39:06.663+0000] {dagbag.py:545} INFO - Filling up the DagBag from /home/airflow/.local/lib/python3.12/site-packages/airflow/example_dags/example_sensor_decorator.py
[2024-05-23T19:39:06.676+0000] {processor.py:840} INFO - DAG(s) 'example_sensor_decorator' retrieved from /home/airflow/.local/lib/python3.12/site-packages/airflow/example_dags/example_sensor_decorator.py
[2024-05-23T19:39:06.707+0000] {logging_mixin.py:188} INFO - [2024-05-23T19:39:06.707+0000] {dag.py:3096} INFO - Sync 1 DAGs
[2024-05-23T19:39:06.727+0000] {logging_mixin.py:188} INFO - [2024-05-23T19:39:06.727+0000] {dag.py:3954} INFO - Setting next_dagrun for example_sensor_decorator to None, run_after=None
[2024-05-23T19:39:06.756+0000] {processor.py:183} INFO - Processing /home/airflow/.local/lib/python3.12/site-packages/airflow/example_dags/example_sensor_decorator.py took 0.129 seconds
[2024-05-23T19:39:37.219+0000] {processor.py:161} INFO - Started process (PID=5374) to work on /home/airflow/.local/lib/python3.12/site-packages/airflow/example_dags/example_sensor_decorator.py
[2024-05-23T19:39:37.221+0000] {processor.py:830} INFO - Processing file /home/airflow/.local/lib/python3.12/site-packages/airflow/example_dags/example_sensor_decorator.py for tasks to queue
[2024-05-23T19:39:37.224+0000] {logging_mixin.py:188} INFO - [2024-05-23T19:39:37.224+0000] {dagbag.py:545} INFO - Filling up the DagBag from /home/airflow/.local/lib/python3.12/site-packages/airflow/example_dags/example_sensor_decorator.py
[2024-05-23T19:39:37.234+0000] {processor.py:840} INFO - DAG(s) 'example_sensor_decorator' retrieved from /home/airflow/.local/lib/python3.12/site-packages/airflow/example_dags/example_sensor_decorator.py
[2024-05-23T19:39:37.266+0000] {logging_mixin.py:188} INFO - [2024-05-23T19:39:37.266+0000] {dag.py:3096} INFO - Sync 1 DAGs
[2024-05-23T19:39:37.288+0000] {logging_mixin.py:188} INFO - [2024-05-23T19:39:37.287+0000] {dag.py:3954} INFO - Setting next_dagrun for example_sensor_decorator to None, run_after=None
[2024-05-23T19:39:37.319+0000] {processor.py:183} INFO - Processing /home/airflow/.local/lib/python3.12/site-packages/airflow/example_dags/example_sensor_decorator.py took 0.109 seconds
[2024-05-23T19:40:07.920+0000] {processor.py:161} INFO - Started process (PID=5636) to work on /home/airflow/.local/lib/python3.12/site-packages/airflow/example_dags/example_sensor_decorator.py
[2024-05-23T19:40:07.921+0000] {processor.py:830} INFO - Processing file /home/airflow/.local/lib/python3.12/site-packages/airflow/example_dags/example_sensor_decorator.py for tasks to queue
[2024-05-23T19:40:07.924+0000] {logging_mixin.py:188} INFO - [2024-05-23T19:40:07.923+0000] {dagbag.py:545} INFO - Filling up the DagBag from /home/airflow/.local/lib/python3.12/site-packages/airflow/example_dags/example_sensor_decorator.py
[2024-05-23T19:40:07.934+0000] {processor.py:840} INFO - DAG(s) 'example_sensor_decorator' retrieved from /home/airflow/.local/lib/python3.12/site-packages/airflow/example_dags/example_sensor_decorator.py
[2024-05-23T19:40:07.963+0000] {logging_mixin.py:188} INFO - [2024-05-23T19:40:07.963+0000] {dag.py:3096} INFO - Sync 1 DAGs
[2024-05-23T19:40:07.984+0000] {logging_mixin.py:188} INFO - [2024-05-23T19:40:07.984+0000] {dag.py:3954} INFO - Setting next_dagrun for example_sensor_decorator to None, run_after=None
[2024-05-23T19:40:08.012+0000] {processor.py:183} INFO - Processing /home/airflow/.local/lib/python3.12/site-packages/airflow/example_dags/example_sensor_decorator.py took 0.102 seconds
[2024-05-23T19:40:38.654+0000] {processor.py:161} INFO - Started process (PID=5898) to work on /home/airflow/.local/lib/python3.12/site-packages/airflow/example_dags/example_sensor_decorator.py
[2024-05-23T19:40:38.656+0000] {processor.py:830} INFO - Processing file /home/airflow/.local/lib/python3.12/site-packages/airflow/example_dags/example_sensor_decorator.py for tasks to queue
[2024-05-23T19:40:38.659+0000] {logging_mixin.py:188} INFO - [2024-05-23T19:40:38.659+0000] {dagbag.py:545} INFO - Filling up the DagBag from /home/airflow/.local/lib/python3.12/site-packages/airflow/example_dags/example_sensor_decorator.py
[2024-05-23T19:40:38.669+0000] {processor.py:840} INFO - DAG(s) 'example_sensor_decorator' retrieved from /home/airflow/.local/lib/python3.12/site-packages/airflow/example_dags/example_sensor_decorator.py
[2024-05-23T19:40:38.702+0000] {logging_mixin.py:188} INFO - [2024-05-23T19:40:38.701+0000] {dag.py:3096} INFO - Sync 1 DAGs
[2024-05-23T19:40:38.724+0000] {logging_mixin.py:188} INFO - [2024-05-23T19:40:38.723+0000] {dag.py:3954} INFO - Setting next_dagrun for example_sensor_decorator to None, run_after=None
[2024-05-23T19:40:38.753+0000] {processor.py:183} INFO - Processing /home/airflow/.local/lib/python3.12/site-packages/airflow/example_dags/example_sensor_decorator.py took 0.107 seconds
[2024-05-23T19:41:09.303+0000] {processor.py:161} INFO - Started process (PID=6160) to work on /home/airflow/.local/lib/python3.12/site-packages/airflow/example_dags/example_sensor_decorator.py
[2024-05-23T19:41:09.305+0000] {processor.py:830} INFO - Processing file /home/airflow/.local/lib/python3.12/site-packages/airflow/example_dags/example_sensor_decorator.py for tasks to queue
[2024-05-23T19:41:09.308+0000] {logging_mixin.py:188} INFO - [2024-05-23T19:41:09.307+0000] {dagbag.py:545} INFO - Filling up the DagBag from /home/airflow/.local/lib/python3.12/site-packages/airflow/example_dags/example_sensor_decorator.py
[2024-05-23T19:41:09.317+0000] {processor.py:840} INFO - DAG(s) 'example_sensor_decorator' retrieved from /home/airflow/.local/lib/python3.12/site-packages/airflow/example_dags/example_sensor_decorator.py
[2024-05-23T19:41:09.347+0000] {logging_mixin.py:188} INFO - [2024-05-23T19:41:09.347+0000] {dag.py:3096} INFO - Sync 1 DAGs
[2024-05-23T19:41:09.369+0000] {logging_mixin.py:188} INFO - [2024-05-23T19:41:09.369+0000] {dag.py:3954} INFO - Setting next_dagrun for example_sensor_decorator to None, run_after=None
[2024-05-23T19:41:09.396+0000] {processor.py:183} INFO - Processing /home/airflow/.local/lib/python3.12/site-packages/airflow/example_dags/example_sensor_decorator.py took 0.102 seconds
[2024-05-23T19:41:40.169+0000] {processor.py:161} INFO - Started process (PID=6422) to work on /home/airflow/.local/lib/python3.12/site-packages/airflow/example_dags/example_sensor_decorator.py
[2024-05-23T19:41:40.171+0000] {processor.py:830} INFO - Processing file /home/airflow/.local/lib/python3.12/site-packages/airflow/example_dags/example_sensor_decorator.py for tasks to queue
[2024-05-23T19:41:40.174+0000] {logging_mixin.py:188} INFO - [2024-05-23T19:41:40.174+0000] {dagbag.py:545} INFO - Filling up the DagBag from /home/airflow/.local/lib/python3.12/site-packages/airflow/example_dags/example_sensor_decorator.py
[2024-05-23T19:41:40.185+0000] {processor.py:840} INFO - DAG(s) 'example_sensor_decorator' retrieved from /home/airflow/.local/lib/python3.12/site-packages/airflow/example_dags/example_sensor_decorator.py
[2024-05-23T19:41:40.222+0000] {logging_mixin.py:188} INFO - [2024-05-23T19:41:40.222+0000] {dag.py:3096} INFO - Sync 1 DAGs
[2024-05-23T19:41:40.244+0000] {logging_mixin.py:188} INFO - [2024-05-23T19:41:40.244+0000] {dag.py:3954} INFO - Setting next_dagrun for example_sensor_decorator to None, run_after=None
[2024-05-23T19:41:40.274+0000] {processor.py:183} INFO - Processing /home/airflow/.local/lib/python3.12/site-packages/airflow/example_dags/example_sensor_decorator.py took 0.114 seconds
[2024-05-23T19:42:10.490+0000] {processor.py:161} INFO - Started process (PID=6683) to work on /home/airflow/.local/lib/python3.12/site-packages/airflow/example_dags/example_sensor_decorator.py
[2024-05-23T19:42:10.492+0000] {processor.py:830} INFO - Processing file /home/airflow/.local/lib/python3.12/site-packages/airflow/example_dags/example_sensor_decorator.py for tasks to queue
[2024-05-23T19:42:10.495+0000] {logging_mixin.py:188} INFO - [2024-05-23T19:42:10.495+0000] {dagbag.py:545} INFO - Filling up the DagBag from /home/airflow/.local/lib/python3.12/site-packages/airflow/example_dags/example_sensor_decorator.py
[2024-05-23T19:42:10.505+0000] {processor.py:840} INFO - DAG(s) 'example_sensor_decorator' retrieved from /home/airflow/.local/lib/python3.12/site-packages/airflow/example_dags/example_sensor_decorator.py
[2024-05-23T19:42:10.662+0000] {logging_mixin.py:188} INFO - [2024-05-23T19:42:10.661+0000] {dag.py:3096} INFO - Sync 1 DAGs
[2024-05-23T19:42:10.691+0000] {logging_mixin.py:188} INFO - [2024-05-23T19:42:10.691+0000] {dag.py:3954} INFO - Setting next_dagrun for example_sensor_decorator to None, run_after=None
[2024-05-23T19:42:10.721+0000] {processor.py:183} INFO - Processing /home/airflow/.local/lib/python3.12/site-packages/airflow/example_dags/example_sensor_decorator.py took 0.241 seconds
[2024-05-23T19:42:40.764+0000] {processor.py:161} INFO - Started process (PID=6945) to work on /home/airflow/.local/lib/python3.12/site-packages/airflow/example_dags/example_sensor_decorator.py
[2024-05-23T19:42:40.765+0000] {processor.py:830} INFO - Processing file /home/airflow/.local/lib/python3.12/site-packages/airflow/example_dags/example_sensor_decorator.py for tasks to queue
[2024-05-23T19:42:40.768+0000] {logging_mixin.py:188} INFO - [2024-05-23T19:42:40.768+0000] {dagbag.py:545} INFO - Filling up the DagBag from /home/airflow/.local/lib/python3.12/site-packages/airflow/example_dags/example_sensor_decorator.py
[2024-05-23T19:42:40.777+0000] {processor.py:840} INFO - DAG(s) 'example_sensor_decorator' retrieved from /home/airflow/.local/lib/python3.12/site-packages/airflow/example_dags/example_sensor_decorator.py
[2024-05-23T19:42:40.803+0000] {logging_mixin.py:188} INFO - [2024-05-23T19:42:40.802+0000] {dag.py:3096} INFO - Sync 1 DAGs
[2024-05-23T19:42:40.821+0000] {logging_mixin.py:188} INFO - [2024-05-23T19:42:40.820+0000] {dag.py:3954} INFO - Setting next_dagrun for example_sensor_decorator to None, run_after=None
[2024-05-23T19:42:40.845+0000] {processor.py:183} INFO - Processing /home/airflow/.local/lib/python3.12/site-packages/airflow/example_dags/example_sensor_decorator.py took 0.088 seconds
[2024-05-23T19:43:11.188+0000] {processor.py:161} INFO - Started process (PID=7207) to work on /home/airflow/.local/lib/python3.12/site-packages/airflow/example_dags/example_sensor_decorator.py
[2024-05-23T19:43:11.190+0000] {processor.py:830} INFO - Processing file /home/airflow/.local/lib/python3.12/site-packages/airflow/example_dags/example_sensor_decorator.py for tasks to queue
[2024-05-23T19:43:11.192+0000] {logging_mixin.py:188} INFO - [2024-05-23T19:43:11.192+0000] {dagbag.py:545} INFO - Filling up the DagBag from /home/airflow/.local/lib/python3.12/site-packages/airflow/example_dags/example_sensor_decorator.py
[2024-05-23T19:43:11.203+0000] {processor.py:840} INFO - DAG(s) 'example_sensor_decorator' retrieved from /home/airflow/.local/lib/python3.12/site-packages/airflow/example_dags/example_sensor_decorator.py
[2024-05-23T19:43:11.233+0000] {logging_mixin.py:188} INFO - [2024-05-23T19:43:11.232+0000] {dag.py:3096} INFO - Sync 1 DAGs
[2024-05-23T19:43:11.258+0000] {logging_mixin.py:188} INFO - [2024-05-23T19:43:11.258+0000] {dag.py:3954} INFO - Setting next_dagrun for example_sensor_decorator to None, run_after=None
[2024-05-23T19:43:11.286+0000] {processor.py:183} INFO - Processing /home/airflow/.local/lib/python3.12/site-packages/airflow/example_dags/example_sensor_decorator.py took 0.106 seconds
[2024-05-23T19:43:41.744+0000] {processor.py:161} INFO - Started process (PID=7469) to work on /home/airflow/.local/lib/python3.12/site-packages/airflow/example_dags/example_sensor_decorator.py
[2024-05-23T19:43:41.748+0000] {processor.py:830} INFO - Processing file /home/airflow/.local/lib/python3.12/site-packages/airflow/example_dags/example_sensor_decorator.py for tasks to queue
[2024-05-23T19:43:41.751+0000] {logging_mixin.py:188} INFO - [2024-05-23T19:43:41.751+0000] {dagbag.py:545} INFO - Filling up the DagBag from /home/airflow/.local/lib/python3.12/site-packages/airflow/example_dags/example_sensor_decorator.py
[2024-05-23T19:43:41.760+0000] {processor.py:840} INFO - DAG(s) 'example_sensor_decorator' retrieved from /home/airflow/.local/lib/python3.12/site-packages/airflow/example_dags/example_sensor_decorator.py
[2024-05-23T19:43:41.790+0000] {logging_mixin.py:188} INFO - [2024-05-23T19:43:41.789+0000] {dag.py:3096} INFO - Sync 1 DAGs
[2024-05-23T19:43:41.811+0000] {logging_mixin.py:188} INFO - [2024-05-23T19:43:41.811+0000] {dag.py:3954} INFO - Setting next_dagrun for example_sensor_decorator to None, run_after=None
[2024-05-23T19:43:41.843+0000] {processor.py:183} INFO - Processing /home/airflow/.local/lib/python3.12/site-packages/airflow/example_dags/example_sensor_decorator.py took 0.107 seconds
[2024-05-23T19:44:12.197+0000] {processor.py:161} INFO - Started process (PID=7731) to work on /home/airflow/.local/lib/python3.12/site-packages/airflow/example_dags/example_sensor_decorator.py
[2024-05-23T19:44:12.199+0000] {processor.py:830} INFO - Processing file /home/airflow/.local/lib/python3.12/site-packages/airflow/example_dags/example_sensor_decorator.py for tasks to queue
[2024-05-23T19:44:12.202+0000] {logging_mixin.py:188} INFO - [2024-05-23T19:44:12.201+0000] {dagbag.py:545} INFO - Filling up the DagBag from /home/airflow/.local/lib/python3.12/site-packages/airflow/example_dags/example_sensor_decorator.py
[2024-05-23T19:44:12.210+0000] {processor.py:840} INFO - DAG(s) 'example_sensor_decorator' retrieved from /home/airflow/.local/lib/python3.12/site-packages/airflow/example_dags/example_sensor_decorator.py
[2024-05-23T19:44:12.241+0000] {logging_mixin.py:188} INFO - [2024-05-23T19:44:12.240+0000] {dag.py:3096} INFO - Sync 1 DAGs
[2024-05-23T19:44:12.260+0000] {logging_mixin.py:188} INFO - [2024-05-23T19:44:12.260+0000] {dag.py:3954} INFO - Setting next_dagrun for example_sensor_decorator to None, run_after=None
[2024-05-23T19:44:12.290+0000] {processor.py:183} INFO - Processing /home/airflow/.local/lib/python3.12/site-packages/airflow/example_dags/example_sensor_decorator.py took 0.102 seconds
[2024-05-23T19:44:42.684+0000] {processor.py:161} INFO - Started process (PID=7993) to work on /home/airflow/.local/lib/python3.12/site-packages/airflow/example_dags/example_sensor_decorator.py
[2024-05-23T19:44:42.686+0000] {processor.py:830} INFO - Processing file /home/airflow/.local/lib/python3.12/site-packages/airflow/example_dags/example_sensor_decorator.py for tasks to queue
[2024-05-23T19:44:42.689+0000] {logging_mixin.py:188} INFO - [2024-05-23T19:44:42.688+0000] {dagbag.py:545} INFO - Filling up the DagBag from /home/airflow/.local/lib/python3.12/site-packages/airflow/example_dags/example_sensor_decorator.py
[2024-05-23T19:44:42.697+0000] {processor.py:840} INFO - DAG(s) 'example_sensor_decorator' retrieved from /home/airflow/.local/lib/python3.12/site-packages/airflow/example_dags/example_sensor_decorator.py
[2024-05-23T19:44:42.723+0000] {logging_mixin.py:188} INFO - [2024-05-23T19:44:42.723+0000] {dag.py:3096} INFO - Sync 1 DAGs
[2024-05-23T19:44:42.742+0000] {logging_mixin.py:188} INFO - [2024-05-23T19:44:42.742+0000] {dag.py:3954} INFO - Setting next_dagrun for example_sensor_decorator to None, run_after=None
[2024-05-23T19:44:42.769+0000] {processor.py:183} INFO - Processing /home/airflow/.local/lib/python3.12/site-packages/airflow/example_dags/example_sensor_decorator.py took 0.092 seconds
[2024-05-23T19:45:13.217+0000] {processor.py:161} INFO - Started process (PID=8255) to work on /home/airflow/.local/lib/python3.12/site-packages/airflow/example_dags/example_sensor_decorator.py
[2024-05-23T19:45:13.218+0000] {processor.py:830} INFO - Processing file /home/airflow/.local/lib/python3.12/site-packages/airflow/example_dags/example_sensor_decorator.py for tasks to queue
[2024-05-23T19:45:13.221+0000] {logging_mixin.py:188} INFO - [2024-05-23T19:45:13.221+0000] {dagbag.py:545} INFO - Filling up the DagBag from /home/airflow/.local/lib/python3.12/site-packages/airflow/example_dags/example_sensor_decorator.py
[2024-05-23T19:45:13.229+0000] {processor.py:840} INFO - DAG(s) 'example_sensor_decorator' retrieved from /home/airflow/.local/lib/python3.12/site-packages/airflow/example_dags/example_sensor_decorator.py
[2024-05-23T19:45:13.255+0000] {logging_mixin.py:188} INFO - [2024-05-23T19:45:13.255+0000] {dag.py:3096} INFO - Sync 1 DAGs
[2024-05-23T19:45:13.273+0000] {logging_mixin.py:188} INFO - [2024-05-23T19:45:13.273+0000] {dag.py:3954} INFO - Setting next_dagrun for example_sensor_decorator to None, run_after=None
[2024-05-23T19:45:13.300+0000] {processor.py:183} INFO - Processing /home/airflow/.local/lib/python3.12/site-packages/airflow/example_dags/example_sensor_decorator.py took 0.091 seconds
[2024-05-23T19:45:44.321+0000] {processor.py:161} INFO - Started process (PID=8517) to work on /home/airflow/.local/lib/python3.12/site-packages/airflow/example_dags/example_sensor_decorator.py
[2024-05-23T19:45:44.322+0000] {processor.py:830} INFO - Processing file /home/airflow/.local/lib/python3.12/site-packages/airflow/example_dags/example_sensor_decorator.py for tasks to queue
[2024-05-23T19:45:44.325+0000] {logging_mixin.py:188} INFO - [2024-05-23T19:45:44.324+0000] {dagbag.py:545} INFO - Filling up the DagBag from /home/airflow/.local/lib/python3.12/site-packages/airflow/example_dags/example_sensor_decorator.py
[2024-05-23T19:45:44.333+0000] {processor.py:840} INFO - DAG(s) 'example_sensor_decorator' retrieved from /home/airflow/.local/lib/python3.12/site-packages/airflow/example_dags/example_sensor_decorator.py
[2024-05-23T19:45:44.359+0000] {logging_mixin.py:188} INFO - [2024-05-23T19:45:44.359+0000] {dag.py:3096} INFO - Sync 1 DAGs
[2024-05-23T19:45:44.379+0000] {logging_mixin.py:188} INFO - [2024-05-23T19:45:44.379+0000] {dag.py:3954} INFO - Setting next_dagrun for example_sensor_decorator to None, run_after=None
[2024-05-23T19:45:44.403+0000] {processor.py:183} INFO - Processing /home/airflow/.local/lib/python3.12/site-packages/airflow/example_dags/example_sensor_decorator.py took 0.091 seconds
[2024-05-23T19:46:15.534+0000] {processor.py:161} INFO - Started process (PID=8785) to work on /home/airflow/.local/lib/python3.12/site-packages/airflow/example_dags/example_sensor_decorator.py
[2024-05-23T19:46:15.535+0000] {processor.py:830} INFO - Processing file /home/airflow/.local/lib/python3.12/site-packages/airflow/example_dags/example_sensor_decorator.py for tasks to queue
[2024-05-23T19:46:15.538+0000] {logging_mixin.py:188} INFO - [2024-05-23T19:46:15.538+0000] {dagbag.py:545} INFO - Filling up the DagBag from /home/airflow/.local/lib/python3.12/site-packages/airflow/example_dags/example_sensor_decorator.py
[2024-05-23T19:46:15.548+0000] {processor.py:840} INFO - DAG(s) 'example_sensor_decorator' retrieved from /home/airflow/.local/lib/python3.12/site-packages/airflow/example_dags/example_sensor_decorator.py
[2024-05-23T19:46:15.576+0000] {logging_mixin.py:188} INFO - [2024-05-23T19:46:15.576+0000] {dag.py:3096} INFO - Sync 1 DAGs
[2024-05-23T19:46:15.597+0000] {logging_mixin.py:188} INFO - [2024-05-23T19:46:15.597+0000] {dag.py:3954} INFO - Setting next_dagrun for example_sensor_decorator to None, run_after=None
[2024-05-23T19:46:15.622+0000] {processor.py:183} INFO - Processing /home/airflow/.local/lib/python3.12/site-packages/airflow/example_dags/example_sensor_decorator.py took 0.097 seconds
[2024-05-23T19:46:45.955+0000] {processor.py:161} INFO - Started process (PID=9047) to work on /home/airflow/.local/lib/python3.12/site-packages/airflow/example_dags/example_sensor_decorator.py
[2024-05-23T19:46:45.957+0000] {processor.py:830} INFO - Processing file /home/airflow/.local/lib/python3.12/site-packages/airflow/example_dags/example_sensor_decorator.py for tasks to queue
[2024-05-23T19:46:45.959+0000] {logging_mixin.py:188} INFO - [2024-05-23T19:46:45.959+0000] {dagbag.py:545} INFO - Filling up the DagBag from /home/airflow/.local/lib/python3.12/site-packages/airflow/example_dags/example_sensor_decorator.py
[2024-05-23T19:46:45.967+0000] {processor.py:840} INFO - DAG(s) 'example_sensor_decorator' retrieved from /home/airflow/.local/lib/python3.12/site-packages/airflow/example_dags/example_sensor_decorator.py
[2024-05-23T19:46:45.993+0000] {logging_mixin.py:188} INFO - [2024-05-23T19:46:45.992+0000] {dag.py:3096} INFO - Sync 1 DAGs
[2024-05-23T19:46:46.010+0000] {logging_mixin.py:188} INFO - [2024-05-23T19:46:46.010+0000] {dag.py:3954} INFO - Setting next_dagrun for example_sensor_decorator to None, run_after=None
[2024-05-23T19:46:46.036+0000] {processor.py:183} INFO - Processing /home/airflow/.local/lib/python3.12/site-packages/airflow/example_dags/example_sensor_decorator.py took 0.089 seconds
[2024-05-23T19:47:17.119+0000] {processor.py:161} INFO - Started process (PID=9309) to work on /home/airflow/.local/lib/python3.12/site-packages/airflow/example_dags/example_sensor_decorator.py
[2024-05-23T19:47:17.121+0000] {processor.py:830} INFO - Processing file /home/airflow/.local/lib/python3.12/site-packages/airflow/example_dags/example_sensor_decorator.py for tasks to queue
[2024-05-23T19:47:17.123+0000] {logging_mixin.py:188} INFO - [2024-05-23T19:47:17.123+0000] {dagbag.py:545} INFO - Filling up the DagBag from /home/airflow/.local/lib/python3.12/site-packages/airflow/example_dags/example_sensor_decorator.py
[2024-05-23T19:47:17.132+0000] {processor.py:840} INFO - DAG(s) 'example_sensor_decorator' retrieved from /home/airflow/.local/lib/python3.12/site-packages/airflow/example_dags/example_sensor_decorator.py
[2024-05-23T19:47:17.157+0000] {logging_mixin.py:188} INFO - [2024-05-23T19:47:17.157+0000] {dag.py:3096} INFO - Sync 1 DAGs
[2024-05-23T19:47:17.175+0000] {logging_mixin.py:188} INFO - [2024-05-23T19:47:17.175+0000] {dag.py:3954} INFO - Setting next_dagrun for example_sensor_decorator to None, run_after=None
[2024-05-23T19:47:17.200+0000] {processor.py:183} INFO - Processing /home/airflow/.local/lib/python3.12/site-packages/airflow/example_dags/example_sensor_decorator.py took 0.089 seconds
[2024-05-23T19:47:48.299+0000] {processor.py:161} INFO - Started process (PID=9571) to work on /home/airflow/.local/lib/python3.12/site-packages/airflow/example_dags/example_sensor_decorator.py
[2024-05-23T19:47:48.300+0000] {processor.py:830} INFO - Processing file /home/airflow/.local/lib/python3.12/site-packages/airflow/example_dags/example_sensor_decorator.py for tasks to queue
[2024-05-23T19:47:48.303+0000] {logging_mixin.py:188} INFO - [2024-05-23T19:47:48.303+0000] {dagbag.py:545} INFO - Filling up the DagBag from /home/airflow/.local/lib/python3.12/site-packages/airflow/example_dags/example_sensor_decorator.py
[2024-05-23T19:47:48.311+0000] {processor.py:840} INFO - DAG(s) 'example_sensor_decorator' retrieved from /home/airflow/.local/lib/python3.12/site-packages/airflow/example_dags/example_sensor_decorator.py
[2024-05-23T19:47:48.338+0000] {logging_mixin.py:188} INFO - [2024-05-23T19:47:48.338+0000] {dag.py:3096} INFO - Sync 1 DAGs
[2024-05-23T19:47:48.356+0000] {logging_mixin.py:188} INFO - [2024-05-23T19:47:48.356+0000] {dag.py:3954} INFO - Setting next_dagrun for example_sensor_decorator to None, run_after=None
[2024-05-23T19:47:48.383+0000] {processor.py:183} INFO - Processing /home/airflow/.local/lib/python3.12/site-packages/airflow/example_dags/example_sensor_decorator.py took 0.092 seconds
[2024-05-23T19:48:18.698+0000] {processor.py:161} INFO - Started process (PID=9833) to work on /home/airflow/.local/lib/python3.12/site-packages/airflow/example_dags/example_sensor_decorator.py
[2024-05-23T19:48:18.699+0000] {processor.py:830} INFO - Processing file /home/airflow/.local/lib/python3.12/site-packages/airflow/example_dags/example_sensor_decorator.py for tasks to queue
[2024-05-23T19:48:18.703+0000] {logging_mixin.py:188} INFO - [2024-05-23T19:48:18.703+0000] {dagbag.py:545} INFO - Filling up the DagBag from /home/airflow/.local/lib/python3.12/site-packages/airflow/example_dags/example_sensor_decorator.py
[2024-05-23T19:48:18.712+0000] {processor.py:840} INFO - DAG(s) 'example_sensor_decorator' retrieved from /home/airflow/.local/lib/python3.12/site-packages/airflow/example_dags/example_sensor_decorator.py
[2024-05-23T19:48:18.742+0000] {logging_mixin.py:188} INFO - [2024-05-23T19:48:18.742+0000] {dag.py:3096} INFO - Sync 1 DAGs
[2024-05-23T19:48:18.762+0000] {logging_mixin.py:188} INFO - [2024-05-23T19:48:18.761+0000] {dag.py:3954} INFO - Setting next_dagrun for example_sensor_decorator to None, run_after=None
[2024-05-23T19:48:18.789+0000] {processor.py:183} INFO - Processing /home/airflow/.local/lib/python3.12/site-packages/airflow/example_dags/example_sensor_decorator.py took 0.099 seconds
[2024-05-23T19:48:49.072+0000] {processor.py:161} INFO - Started process (PID=10095) to work on /home/airflow/.local/lib/python3.12/site-packages/airflow/example_dags/example_sensor_decorator.py
[2024-05-23T19:48:49.073+0000] {processor.py:830} INFO - Processing file /home/airflow/.local/lib/python3.12/site-packages/airflow/example_dags/example_sensor_decorator.py for tasks to queue
[2024-05-23T19:48:49.076+0000] {logging_mixin.py:188} INFO - [2024-05-23T19:48:49.076+0000] {dagbag.py:545} INFO - Filling up the DagBag from /home/airflow/.local/lib/python3.12/site-packages/airflow/example_dags/example_sensor_decorator.py
[2024-05-23T19:48:49.085+0000] {processor.py:840} INFO - DAG(s) 'example_sensor_decorator' retrieved from /home/airflow/.local/lib/python3.12/site-packages/airflow/example_dags/example_sensor_decorator.py
[2024-05-23T19:48:49.115+0000] {logging_mixin.py:188} INFO - [2024-05-23T19:48:49.115+0000] {dag.py:3096} INFO - Sync 1 DAGs
[2024-05-23T19:48:49.139+0000] {logging_mixin.py:188} INFO - [2024-05-23T19:48:49.138+0000] {dag.py:3954} INFO - Setting next_dagrun for example_sensor_decorator to None, run_after=None
[2024-05-23T19:48:49.170+0000] {processor.py:183} INFO - Processing /home/airflow/.local/lib/python3.12/site-packages/airflow/example_dags/example_sensor_decorator.py took 0.107 seconds
[2024-05-23T19:49:19.645+0000] {processor.py:161} INFO - Started process (PID=10352) to work on /home/airflow/.local/lib/python3.12/site-packages/airflow/example_dags/example_sensor_decorator.py
[2024-05-23T19:49:19.647+0000] {processor.py:830} INFO - Processing file /home/airflow/.local/lib/python3.12/site-packages/airflow/example_dags/example_sensor_decorator.py for tasks to queue
[2024-05-23T19:49:19.650+0000] {logging_mixin.py:188} INFO - [2024-05-23T19:49:19.649+0000] {dagbag.py:545} INFO - Filling up the DagBag from /home/airflow/.local/lib/python3.12/site-packages/airflow/example_dags/example_sensor_decorator.py
[2024-05-23T19:49:19.659+0000] {processor.py:840} INFO - DAG(s) 'example_sensor_decorator' retrieved from /home/airflow/.local/lib/python3.12/site-packages/airflow/example_dags/example_sensor_decorator.py
[2024-05-23T19:49:19.690+0000] {logging_mixin.py:188} INFO - [2024-05-23T19:49:19.690+0000] {dag.py:3096} INFO - Sync 1 DAGs
[2024-05-23T19:49:19.861+0000] {logging_mixin.py:188} INFO - [2024-05-23T19:49:19.861+0000] {dag.py:3954} INFO - Setting next_dagrun for example_sensor_decorator to None, run_after=None
[2024-05-23T19:49:19.885+0000] {processor.py:183} INFO - Processing /home/airflow/.local/lib/python3.12/site-packages/airflow/example_dags/example_sensor_decorator.py took 0.250 seconds
[2024-05-23T19:49:50.125+0000] {processor.py:161} INFO - Started process (PID=10614) to work on /home/airflow/.local/lib/python3.12/site-packages/airflow/example_dags/example_sensor_decorator.py
[2024-05-23T19:49:50.126+0000] {processor.py:830} INFO - Processing file /home/airflow/.local/lib/python3.12/site-packages/airflow/example_dags/example_sensor_decorator.py for tasks to queue
[2024-05-23T19:49:50.129+0000] {logging_mixin.py:188} INFO - [2024-05-23T19:49:50.129+0000] {dagbag.py:545} INFO - Filling up the DagBag from /home/airflow/.local/lib/python3.12/site-packages/airflow/example_dags/example_sensor_decorator.py
[2024-05-23T19:49:50.138+0000] {processor.py:840} INFO - DAG(s) 'example_sensor_decorator' retrieved from /home/airflow/.local/lib/python3.12/site-packages/airflow/example_dags/example_sensor_decorator.py
[2024-05-23T19:49:50.168+0000] {logging_mixin.py:188} INFO - [2024-05-23T19:49:50.168+0000] {dag.py:3096} INFO - Sync 1 DAGs
[2024-05-23T19:49:50.189+0000] {logging_mixin.py:188} INFO - [2024-05-23T19:49:50.188+0000] {dag.py:3954} INFO - Setting next_dagrun for example_sensor_decorator to None, run_after=None
[2024-05-23T19:49:50.369+0000] {processor.py:183} INFO - Processing /home/airflow/.local/lib/python3.12/site-packages/airflow/example_dags/example_sensor_decorator.py took 0.253 seconds
[2024-05-23T19:50:20.571+0000] {processor.py:161} INFO - Started process (PID=10876) to work on /home/airflow/.local/lib/python3.12/site-packages/airflow/example_dags/example_sensor_decorator.py
[2024-05-23T19:50:20.574+0000] {processor.py:830} INFO - Processing file /home/airflow/.local/lib/python3.12/site-packages/airflow/example_dags/example_sensor_decorator.py for tasks to queue
[2024-05-23T19:50:20.576+0000] {logging_mixin.py:188} INFO - [2024-05-23T19:50:20.576+0000] {dagbag.py:545} INFO - Filling up the DagBag from /home/airflow/.local/lib/python3.12/site-packages/airflow/example_dags/example_sensor_decorator.py
[2024-05-23T19:50:20.585+0000] {processor.py:840} INFO - DAG(s) 'example_sensor_decorator' retrieved from /home/airflow/.local/lib/python3.12/site-packages/airflow/example_dags/example_sensor_decorator.py
[2024-05-23T19:50:20.613+0000] {logging_mixin.py:188} INFO - [2024-05-23T19:50:20.613+0000] {dag.py:3096} INFO - Sync 1 DAGs
[2024-05-23T19:50:20.632+0000] {logging_mixin.py:188} INFO - [2024-05-23T19:50:20.632+0000] {dag.py:3954} INFO - Setting next_dagrun for example_sensor_decorator to None, run_after=None
[2024-05-23T19:50:20.659+0000] {processor.py:183} INFO - Processing /home/airflow/.local/lib/python3.12/site-packages/airflow/example_dags/example_sensor_decorator.py took 0.096 seconds
[2024-05-23T19:50:50.880+0000] {processor.py:161} INFO - Started process (PID=11138) to work on /home/airflow/.local/lib/python3.12/site-packages/airflow/example_dags/example_sensor_decorator.py
[2024-05-23T19:50:50.882+0000] {processor.py:830} INFO - Processing file /home/airflow/.local/lib/python3.12/site-packages/airflow/example_dags/example_sensor_decorator.py for tasks to queue
[2024-05-23T19:50:50.885+0000] {logging_mixin.py:188} INFO - [2024-05-23T19:50:50.884+0000] {dagbag.py:545} INFO - Filling up the DagBag from /home/airflow/.local/lib/python3.12/site-packages/airflow/example_dags/example_sensor_decorator.py
[2024-05-23T19:50:50.894+0000] {processor.py:840} INFO - DAG(s) 'example_sensor_decorator' retrieved from /home/airflow/.local/lib/python3.12/site-packages/airflow/example_dags/example_sensor_decorator.py
[2024-05-23T19:50:50.922+0000] {logging_mixin.py:188} INFO - [2024-05-23T19:50:50.922+0000] {dag.py:3096} INFO - Sync 1 DAGs
[2024-05-23T19:50:50.942+0000] {logging_mixin.py:188} INFO - [2024-05-23T19:50:50.942+0000] {dag.py:3954} INFO - Setting next_dagrun for example_sensor_decorator to None, run_after=None
[2024-05-23T19:50:50.969+0000] {processor.py:183} INFO - Processing /home/airflow/.local/lib/python3.12/site-packages/airflow/example_dags/example_sensor_decorator.py took 0.098 seconds
[2024-05-23T19:51:21.203+0000] {processor.py:161} INFO - Started process (PID=11400) to work on /home/airflow/.local/lib/python3.12/site-packages/airflow/example_dags/example_sensor_decorator.py
[2024-05-23T19:51:21.204+0000] {processor.py:830} INFO - Processing file /home/airflow/.local/lib/python3.12/site-packages/airflow/example_dags/example_sensor_decorator.py for tasks to queue
[2024-05-23T19:51:21.209+0000] {logging_mixin.py:188} INFO - [2024-05-23T19:51:21.208+0000] {dagbag.py:545} INFO - Filling up the DagBag from /home/airflow/.local/lib/python3.12/site-packages/airflow/example_dags/example_sensor_decorator.py
[2024-05-23T19:51:21.218+0000] {processor.py:840} INFO - DAG(s) 'example_sensor_decorator' retrieved from /home/airflow/.local/lib/python3.12/site-packages/airflow/example_dags/example_sensor_decorator.py
[2024-05-23T19:51:21.247+0000] {logging_mixin.py:188} INFO - [2024-05-23T19:51:21.247+0000] {dag.py:3096} INFO - Sync 1 DAGs
[2024-05-23T19:51:21.268+0000] {logging_mixin.py:188} INFO - [2024-05-23T19:51:21.268+0000] {dag.py:3954} INFO - Setting next_dagrun for example_sensor_decorator to None, run_after=None
[2024-05-23T19:51:21.297+0000] {processor.py:183} INFO - Processing /home/airflow/.local/lib/python3.12/site-packages/airflow/example_dags/example_sensor_decorator.py took 0.103 seconds
[2024-05-23T19:51:51.530+0000] {processor.py:161} INFO - Started process (PID=11662) to work on /home/airflow/.local/lib/python3.12/site-packages/airflow/example_dags/example_sensor_decorator.py
[2024-05-23T19:51:51.532+0000] {processor.py:830} INFO - Processing file /home/airflow/.local/lib/python3.12/site-packages/airflow/example_dags/example_sensor_decorator.py for tasks to queue
[2024-05-23T19:51:51.536+0000] {logging_mixin.py:188} INFO - [2024-05-23T19:51:51.535+0000] {dagbag.py:545} INFO - Filling up the DagBag from /home/airflow/.local/lib/python3.12/site-packages/airflow/example_dags/example_sensor_decorator.py
[2024-05-23T19:51:51.546+0000] {processor.py:840} INFO - DAG(s) 'example_sensor_decorator' retrieved from /home/airflow/.local/lib/python3.12/site-packages/airflow/example_dags/example_sensor_decorator.py
[2024-05-23T19:51:51.579+0000] {logging_mixin.py:188} INFO - [2024-05-23T19:51:51.578+0000] {dag.py:3096} INFO - Sync 1 DAGs
[2024-05-23T19:51:51.609+0000] {logging_mixin.py:188} INFO - [2024-05-23T19:51:51.609+0000] {dag.py:3954} INFO - Setting next_dagrun for example_sensor_decorator to None, run_after=None
[2024-05-23T19:51:51.649+0000] {processor.py:183} INFO - Processing /home/airflow/.local/lib/python3.12/site-packages/airflow/example_dags/example_sensor_decorator.py took 0.128 seconds
[2024-05-23T19:52:21.844+0000] {processor.py:161} INFO - Started process (PID=11924) to work on /home/airflow/.local/lib/python3.12/site-packages/airflow/example_dags/example_sensor_decorator.py
[2024-05-23T19:52:21.846+0000] {processor.py:830} INFO - Processing file /home/airflow/.local/lib/python3.12/site-packages/airflow/example_dags/example_sensor_decorator.py for tasks to queue
[2024-05-23T19:52:21.849+0000] {logging_mixin.py:188} INFO - [2024-05-23T19:52:21.849+0000] {dagbag.py:545} INFO - Filling up the DagBag from /home/airflow/.local/lib/python3.12/site-packages/airflow/example_dags/example_sensor_decorator.py
[2024-05-23T19:52:21.859+0000] {processor.py:840} INFO - DAG(s) 'example_sensor_decorator' retrieved from /home/airflow/.local/lib/python3.12/site-packages/airflow/example_dags/example_sensor_decorator.py
[2024-05-23T19:52:21.888+0000] {logging_mixin.py:188} INFO - [2024-05-23T19:52:21.888+0000] {dag.py:3096} INFO - Sync 1 DAGs
[2024-05-23T19:52:21.908+0000] {logging_mixin.py:188} INFO - [2024-05-23T19:52:21.908+0000] {dag.py:3954} INFO - Setting next_dagrun for example_sensor_decorator to None, run_after=None
[2024-05-23T19:52:21.934+0000] {processor.py:183} INFO - Processing /home/airflow/.local/lib/python3.12/site-packages/airflow/example_dags/example_sensor_decorator.py took 0.100 seconds
[2024-05-23T19:52:52.256+0000] {processor.py:161} INFO - Started process (PID=12186) to work on /home/airflow/.local/lib/python3.12/site-packages/airflow/example_dags/example_sensor_decorator.py
[2024-05-23T19:52:52.259+0000] {processor.py:830} INFO - Processing file /home/airflow/.local/lib/python3.12/site-packages/airflow/example_dags/example_sensor_decorator.py for tasks to queue
[2024-05-23T19:52:52.261+0000] {logging_mixin.py:188} INFO - [2024-05-23T19:52:52.261+0000] {dagbag.py:545} INFO - Filling up the DagBag from /home/airflow/.local/lib/python3.12/site-packages/airflow/example_dags/example_sensor_decorator.py
[2024-05-23T19:52:52.271+0000] {processor.py:840} INFO - DAG(s) 'example_sensor_decorator' retrieved from /home/airflow/.local/lib/python3.12/site-packages/airflow/example_dags/example_sensor_decorator.py
[2024-05-23T19:52:52.302+0000] {logging_mixin.py:188} INFO - [2024-05-23T19:52:52.301+0000] {dag.py:3096} INFO - Sync 1 DAGs
[2024-05-23T19:52:52.325+0000] {logging_mixin.py:188} INFO - [2024-05-23T19:52:52.325+0000] {dag.py:3954} INFO - Setting next_dagrun for example_sensor_decorator to None, run_after=None
[2024-05-23T19:52:52.356+0000] {processor.py:183} INFO - Processing /home/airflow/.local/lib/python3.12/site-packages/airflow/example_dags/example_sensor_decorator.py took 0.111 seconds
[2024-05-23T19:53:22.762+0000] {processor.py:161} INFO - Started process (PID=12448) to work on /home/airflow/.local/lib/python3.12/site-packages/airflow/example_dags/example_sensor_decorator.py
[2024-05-23T19:53:22.763+0000] {processor.py:830} INFO - Processing file /home/airflow/.local/lib/python3.12/site-packages/airflow/example_dags/example_sensor_decorator.py for tasks to queue
[2024-05-23T19:53:22.766+0000] {logging_mixin.py:188} INFO - [2024-05-23T19:53:22.766+0000] {dagbag.py:545} INFO - Filling up the DagBag from /home/airflow/.local/lib/python3.12/site-packages/airflow/example_dags/example_sensor_decorator.py
[2024-05-23T19:53:22.775+0000] {processor.py:840} INFO - DAG(s) 'example_sensor_decorator' retrieved from /home/airflow/.local/lib/python3.12/site-packages/airflow/example_dags/example_sensor_decorator.py
[2024-05-23T19:53:22.805+0000] {logging_mixin.py:188} INFO - [2024-05-23T19:53:22.804+0000] {dag.py:3096} INFO - Sync 1 DAGs
[2024-05-23T19:53:22.824+0000] {logging_mixin.py:188} INFO - [2024-05-23T19:53:22.824+0000] {dag.py:3954} INFO - Setting next_dagrun for example_sensor_decorator to None, run_after=None
[2024-05-23T19:53:22.853+0000] {processor.py:183} INFO - Processing /home/airflow/.local/lib/python3.12/site-packages/airflow/example_dags/example_sensor_decorator.py took 0.101 seconds
[2024-05-23T19:53:53.407+0000] {processor.py:161} INFO - Started process (PID=12704) to work on /home/airflow/.local/lib/python3.12/site-packages/airflow/example_dags/example_sensor_decorator.py
[2024-05-23T19:53:53.409+0000] {processor.py:830} INFO - Processing file /home/airflow/.local/lib/python3.12/site-packages/airflow/example_dags/example_sensor_decorator.py for tasks to queue
[2024-05-23T19:53:53.413+0000] {logging_mixin.py:188} INFO - [2024-05-23T19:53:53.412+0000] {dagbag.py:545} INFO - Filling up the DagBag from /home/airflow/.local/lib/python3.12/site-packages/airflow/example_dags/example_sensor_decorator.py
[2024-05-23T19:53:53.422+0000] {processor.py:840} INFO - DAG(s) 'example_sensor_decorator' retrieved from /home/airflow/.local/lib/python3.12/site-packages/airflow/example_dags/example_sensor_decorator.py
[2024-05-23T19:53:53.449+0000] {logging_mixin.py:188} INFO - [2024-05-23T19:53:53.449+0000] {dag.py:3096} INFO - Sync 1 DAGs
[2024-05-23T19:53:53.469+0000] {logging_mixin.py:188} INFO - [2024-05-23T19:53:53.469+0000] {dag.py:3954} INFO - Setting next_dagrun for example_sensor_decorator to None, run_after=None
[2024-05-23T19:53:53.497+0000] {processor.py:183} INFO - Processing /home/airflow/.local/lib/python3.12/site-packages/airflow/example_dags/example_sensor_decorator.py took 0.098 seconds
[2024-05-23T19:54:24.019+0000] {processor.py:161} INFO - Started process (PID=12966) to work on /home/airflow/.local/lib/python3.12/site-packages/airflow/example_dags/example_sensor_decorator.py
[2024-05-23T19:54:24.020+0000] {processor.py:830} INFO - Processing file /home/airflow/.local/lib/python3.12/site-packages/airflow/example_dags/example_sensor_decorator.py for tasks to queue
[2024-05-23T19:54:24.023+0000] {logging_mixin.py:188} INFO - [2024-05-23T19:54:24.022+0000] {dagbag.py:545} INFO - Filling up the DagBag from /home/airflow/.local/lib/python3.12/site-packages/airflow/example_dags/example_sensor_decorator.py
[2024-05-23T19:54:24.032+0000] {processor.py:840} INFO - DAG(s) 'example_sensor_decorator' retrieved from /home/airflow/.local/lib/python3.12/site-packages/airflow/example_dags/example_sensor_decorator.py
[2024-05-23T19:54:24.060+0000] {logging_mixin.py:188} INFO - [2024-05-23T19:54:24.060+0000] {dag.py:3096} INFO - Sync 1 DAGs
[2024-05-23T19:54:24.079+0000] {logging_mixin.py:188} INFO - [2024-05-23T19:54:24.079+0000] {dag.py:3954} INFO - Setting next_dagrun for example_sensor_decorator to None, run_after=None
[2024-05-23T19:54:24.106+0000] {processor.py:183} INFO - Processing /home/airflow/.local/lib/python3.12/site-packages/airflow/example_dags/example_sensor_decorator.py took 0.097 seconds
[2024-05-23T19:54:54.869+0000] {processor.py:161} INFO - Started process (PID=13228) to work on /home/airflow/.local/lib/python3.12/site-packages/airflow/example_dags/example_sensor_decorator.py
[2024-05-23T19:54:54.870+0000] {processor.py:830} INFO - Processing file /home/airflow/.local/lib/python3.12/site-packages/airflow/example_dags/example_sensor_decorator.py for tasks to queue
[2024-05-23T19:54:54.873+0000] {logging_mixin.py:188} INFO - [2024-05-23T19:54:54.873+0000] {dagbag.py:545} INFO - Filling up the DagBag from /home/airflow/.local/lib/python3.12/site-packages/airflow/example_dags/example_sensor_decorator.py
[2024-05-23T19:54:54.882+0000] {processor.py:840} INFO - DAG(s) 'example_sensor_decorator' retrieved from /home/airflow/.local/lib/python3.12/site-packages/airflow/example_dags/example_sensor_decorator.py
[2024-05-23T19:54:54.907+0000] {logging_mixin.py:188} INFO - [2024-05-23T19:54:54.907+0000] {dag.py:3096} INFO - Sync 1 DAGs
[2024-05-23T19:54:54.925+0000] {logging_mixin.py:188} INFO - [2024-05-23T19:54:54.924+0000] {dag.py:3954} INFO - Setting next_dagrun for example_sensor_decorator to None, run_after=None
[2024-05-23T19:54:54.949+0000] {processor.py:183} INFO - Processing /home/airflow/.local/lib/python3.12/site-packages/airflow/example_dags/example_sensor_decorator.py took 0.090 seconds
[2024-05-23T19:55:25.690+0000] {processor.py:161} INFO - Started process (PID=13490) to work on /home/airflow/.local/lib/python3.12/site-packages/airflow/example_dags/example_sensor_decorator.py
[2024-05-23T19:55:25.692+0000] {processor.py:830} INFO - Processing file /home/airflow/.local/lib/python3.12/site-packages/airflow/example_dags/example_sensor_decorator.py for tasks to queue
[2024-05-23T19:55:25.694+0000] {logging_mixin.py:188} INFO - [2024-05-23T19:55:25.694+0000] {dagbag.py:545} INFO - Filling up the DagBag from /home/airflow/.local/lib/python3.12/site-packages/airflow/example_dags/example_sensor_decorator.py
[2024-05-23T19:55:25.703+0000] {processor.py:840} INFO - DAG(s) 'example_sensor_decorator' retrieved from /home/airflow/.local/lib/python3.12/site-packages/airflow/example_dags/example_sensor_decorator.py
[2024-05-23T19:55:25.729+0000] {logging_mixin.py:188} INFO - [2024-05-23T19:55:25.729+0000] {dag.py:3096} INFO - Sync 1 DAGs
[2024-05-23T19:55:25.748+0000] {logging_mixin.py:188} INFO - [2024-05-23T19:55:25.748+0000] {dag.py:3954} INFO - Setting next_dagrun for example_sensor_decorator to None, run_after=None
[2024-05-23T19:55:25.774+0000] {processor.py:183} INFO - Processing /home/airflow/.local/lib/python3.12/site-packages/airflow/example_dags/example_sensor_decorator.py took 0.092 seconds
[2024-05-23T19:55:56.255+0000] {processor.py:161} INFO - Started process (PID=13752) to work on /home/airflow/.local/lib/python3.12/site-packages/airflow/example_dags/example_sensor_decorator.py
[2024-05-23T19:55:56.256+0000] {processor.py:830} INFO - Processing file /home/airflow/.local/lib/python3.12/site-packages/airflow/example_dags/example_sensor_decorator.py for tasks to queue
[2024-05-23T19:55:56.258+0000] {logging_mixin.py:188} INFO - [2024-05-23T19:55:56.258+0000] {dagbag.py:545} INFO - Filling up the DagBag from /home/airflow/.local/lib/python3.12/site-packages/airflow/example_dags/example_sensor_decorator.py
[2024-05-23T19:55:56.266+0000] {processor.py:840} INFO - DAG(s) 'example_sensor_decorator' retrieved from /home/airflow/.local/lib/python3.12/site-packages/airflow/example_dags/example_sensor_decorator.py
[2024-05-23T19:55:56.292+0000] {logging_mixin.py:188} INFO - [2024-05-23T19:55:56.291+0000] {dag.py:3096} INFO - Sync 1 DAGs
[2024-05-23T19:55:56.310+0000] {logging_mixin.py:188} INFO - [2024-05-23T19:55:56.310+0000] {dag.py:3954} INFO - Setting next_dagrun for example_sensor_decorator to None, run_after=None
[2024-05-23T19:55:56.334+0000] {processor.py:183} INFO - Processing /home/airflow/.local/lib/python3.12/site-packages/airflow/example_dags/example_sensor_decorator.py took 0.088 seconds
[2024-05-23T19:56:26.468+0000] {processor.py:161} INFO - Started process (PID=14014) to work on /home/airflow/.local/lib/python3.12/site-packages/airflow/example_dags/example_sensor_decorator.py
[2024-05-23T19:56:26.469+0000] {processor.py:830} INFO - Processing file /home/airflow/.local/lib/python3.12/site-packages/airflow/example_dags/example_sensor_decorator.py for tasks to queue
[2024-05-23T19:56:26.472+0000] {logging_mixin.py:188} INFO - [2024-05-23T19:56:26.471+0000] {dagbag.py:545} INFO - Filling up the DagBag from /home/airflow/.local/lib/python3.12/site-packages/airflow/example_dags/example_sensor_decorator.py
[2024-05-23T19:56:26.480+0000] {processor.py:840} INFO - DAG(s) 'example_sensor_decorator' retrieved from /home/airflow/.local/lib/python3.12/site-packages/airflow/example_dags/example_sensor_decorator.py
[2024-05-23T19:56:26.506+0000] {logging_mixin.py:188} INFO - [2024-05-23T19:56:26.506+0000] {dag.py:3096} INFO - Sync 1 DAGs
[2024-05-23T19:56:26.522+0000] {logging_mixin.py:188} INFO - [2024-05-23T19:56:26.522+0000] {dag.py:3954} INFO - Setting next_dagrun for example_sensor_decorator to None, run_after=None
[2024-05-23T19:56:26.540+0000] {processor.py:183} INFO - Processing /home/airflow/.local/lib/python3.12/site-packages/airflow/example_dags/example_sensor_decorator.py took 0.081 seconds
[2024-05-23T19:56:57.279+0000] {processor.py:161} INFO - Started process (PID=14276) to work on /home/airflow/.local/lib/python3.12/site-packages/airflow/example_dags/example_sensor_decorator.py
[2024-05-23T19:56:57.280+0000] {processor.py:830} INFO - Processing file /home/airflow/.local/lib/python3.12/site-packages/airflow/example_dags/example_sensor_decorator.py for tasks to queue
[2024-05-23T19:56:57.283+0000] {logging_mixin.py:188} INFO - [2024-05-23T19:56:57.282+0000] {dagbag.py:545} INFO - Filling up the DagBag from /home/airflow/.local/lib/python3.12/site-packages/airflow/example_dags/example_sensor_decorator.py
[2024-05-23T19:56:57.292+0000] {processor.py:840} INFO - DAG(s) 'example_sensor_decorator' retrieved from /home/airflow/.local/lib/python3.12/site-packages/airflow/example_dags/example_sensor_decorator.py
[2024-05-23T19:56:57.319+0000] {logging_mixin.py:188} INFO - [2024-05-23T19:56:57.319+0000] {dag.py:3096} INFO - Sync 1 DAGs
[2024-05-23T19:56:57.336+0000] {logging_mixin.py:188} INFO - [2024-05-23T19:56:57.336+0000] {dag.py:3954} INFO - Setting next_dagrun for example_sensor_decorator to None, run_after=None
[2024-05-23T19:56:57.361+0000] {processor.py:183} INFO - Processing /home/airflow/.local/lib/python3.12/site-packages/airflow/example_dags/example_sensor_decorator.py took 0.090 seconds
[2024-05-23T19:57:27.822+0000] {processor.py:161} INFO - Started process (PID=14538) to work on /home/airflow/.local/lib/python3.12/site-packages/airflow/example_dags/example_sensor_decorator.py
[2024-05-23T19:57:27.823+0000] {processor.py:830} INFO - Processing file /home/airflow/.local/lib/python3.12/site-packages/airflow/example_dags/example_sensor_decorator.py for tasks to queue
[2024-05-23T19:57:27.826+0000] {logging_mixin.py:188} INFO - [2024-05-23T19:57:27.825+0000] {dagbag.py:545} INFO - Filling up the DagBag from /home/airflow/.local/lib/python3.12/site-packages/airflow/example_dags/example_sensor_decorator.py
[2024-05-23T19:57:27.834+0000] {processor.py:840} INFO - DAG(s) 'example_sensor_decorator' retrieved from /home/airflow/.local/lib/python3.12/site-packages/airflow/example_dags/example_sensor_decorator.py
[2024-05-23T19:57:27.860+0000] {logging_mixin.py:188} INFO - [2024-05-23T19:57:27.860+0000] {dag.py:3096} INFO - Sync 1 DAGs
[2024-05-23T19:57:27.881+0000] {logging_mixin.py:188} INFO - [2024-05-23T19:57:27.880+0000] {dag.py:3954} INFO - Setting next_dagrun for example_sensor_decorator to None, run_after=None
[2024-05-23T19:57:27.908+0000] {processor.py:183} INFO - Processing /home/airflow/.local/lib/python3.12/site-packages/airflow/example_dags/example_sensor_decorator.py took 0.095 seconds
[2024-05-23T19:58:12.513+0000] {processor.py:161} INFO - Started process (PID=14805) to work on /home/airflow/.local/lib/python3.12/site-packages/airflow/example_dags/example_sensor_decorator.py
[2024-05-23T19:58:12.515+0000] {processor.py:830} INFO - Processing file /home/airflow/.local/lib/python3.12/site-packages/airflow/example_dags/example_sensor_decorator.py for tasks to queue
[2024-05-23T19:58:12.517+0000] {logging_mixin.py:188} INFO - [2024-05-23T19:58:12.517+0000] {dagbag.py:545} INFO - Filling up the DagBag from /home/airflow/.local/lib/python3.12/site-packages/airflow/example_dags/example_sensor_decorator.py
[2024-05-23T19:58:12.526+0000] {processor.py:840} INFO - DAG(s) 'example_sensor_decorator' retrieved from /home/airflow/.local/lib/python3.12/site-packages/airflow/example_dags/example_sensor_decorator.py
[2024-05-23T19:58:12.554+0000] {logging_mixin.py:188} INFO - [2024-05-23T19:58:12.553+0000] {dag.py:3096} INFO - Sync 1 DAGs
[2024-05-23T19:58:12.574+0000] {logging_mixin.py:188} INFO - [2024-05-23T19:58:12.573+0000] {dag.py:3954} INFO - Setting next_dagrun for example_sensor_decorator to None, run_after=None
[2024-05-23T19:58:12.598+0000] {processor.py:183} INFO - Processing /home/airflow/.local/lib/python3.12/site-packages/airflow/example_dags/example_sensor_decorator.py took 0.094 seconds
[2024-05-23T20:03:44.514+0000] {processor.py:161} INFO - Started process (PID=15138) to work on /home/airflow/.local/lib/python3.12/site-packages/airflow/example_dags/example_sensor_decorator.py
[2024-05-23T20:03:44.516+0000] {processor.py:830} INFO - Processing file /home/airflow/.local/lib/python3.12/site-packages/airflow/example_dags/example_sensor_decorator.py for tasks to queue
[2024-05-23T20:03:44.517+0000] {logging_mixin.py:188} INFO - [2024-05-23T20:03:44.517+0000] {dagbag.py:545} INFO - Filling up the DagBag from /home/airflow/.local/lib/python3.12/site-packages/airflow/example_dags/example_sensor_decorator.py
[2024-05-23T20:03:44.525+0000] {processor.py:840} INFO - DAG(s) 'example_sensor_decorator' retrieved from /home/airflow/.local/lib/python3.12/site-packages/airflow/example_dags/example_sensor_decorator.py
[2024-05-23T20:03:44.552+0000] {logging_mixin.py:188} INFO - [2024-05-23T20:03:44.552+0000] {dag.py:3096} INFO - Sync 1 DAGs
[2024-05-23T20:03:44.569+0000] {logging_mixin.py:188} INFO - [2024-05-23T20:03:44.569+0000] {dag.py:3954} INFO - Setting next_dagrun for example_sensor_decorator to None, run_after=None
[2024-05-23T20:03:44.591+0000] {processor.py:183} INFO - Processing /home/airflow/.local/lib/python3.12/site-packages/airflow/example_dags/example_sensor_decorator.py took 0.084 seconds
[2024-05-23T20:04:24.782+0000] {processor.py:161} INFO - Started process (PID=15400) to work on /home/airflow/.local/lib/python3.12/site-packages/airflow/example_dags/example_sensor_decorator.py
[2024-05-23T20:04:24.790+0000] {processor.py:830} INFO - Processing file /home/airflow/.local/lib/python3.12/site-packages/airflow/example_dags/example_sensor_decorator.py for tasks to queue
[2024-05-23T20:04:24.799+0000] {logging_mixin.py:188} INFO - [2024-05-23T20:04:24.796+0000] {dagbag.py:545} INFO - Filling up the DagBag from /home/airflow/.local/lib/python3.12/site-packages/airflow/example_dags/example_sensor_decorator.py
[2024-05-23T20:04:24.833+0000] {processor.py:840} INFO - DAG(s) 'example_sensor_decorator' retrieved from /home/airflow/.local/lib/python3.12/site-packages/airflow/example_dags/example_sensor_decorator.py
[2024-05-23T20:04:24.957+0000] {logging_mixin.py:188} INFO - [2024-05-23T20:04:24.956+0000] {dag.py:3096} INFO - Sync 1 DAGs
[2024-05-23T20:04:25.036+0000] {logging_mixin.py:188} INFO - [2024-05-23T20:04:25.035+0000] {dag.py:3954} INFO - Setting next_dagrun for example_sensor_decorator to None, run_after=None
[2024-05-23T20:04:25.131+0000] {processor.py:183} INFO - Processing /home/airflow/.local/lib/python3.12/site-packages/airflow/example_dags/example_sensor_decorator.py took 0.389 seconds
[2024-05-23T20:08:15.735+0000] {processor.py:161} INFO - Started process (PID=15663) to work on /home/airflow/.local/lib/python3.12/site-packages/airflow/example_dags/example_sensor_decorator.py
[2024-05-23T20:08:15.737+0000] {processor.py:830} INFO - Processing file /home/airflow/.local/lib/python3.12/site-packages/airflow/example_dags/example_sensor_decorator.py for tasks to queue
[2024-05-23T20:08:15.738+0000] {logging_mixin.py:188} INFO - [2024-05-23T20:08:15.738+0000] {dagbag.py:545} INFO - Filling up the DagBag from /home/airflow/.local/lib/python3.12/site-packages/airflow/example_dags/example_sensor_decorator.py
[2024-05-23T20:08:15.746+0000] {processor.py:840} INFO - DAG(s) 'example_sensor_decorator' retrieved from /home/airflow/.local/lib/python3.12/site-packages/airflow/example_dags/example_sensor_decorator.py
[2024-05-23T20:08:15.773+0000] {logging_mixin.py:188} INFO - [2024-05-23T20:08:15.773+0000] {dag.py:3096} INFO - Sync 1 DAGs
[2024-05-23T20:08:15.791+0000] {logging_mixin.py:188} INFO - [2024-05-23T20:08:15.791+0000] {dag.py:3954} INFO - Setting next_dagrun for example_sensor_decorator to None, run_after=None
[2024-05-23T20:08:15.815+0000] {processor.py:183} INFO - Processing /home/airflow/.local/lib/python3.12/site-packages/airflow/example_dags/example_sensor_decorator.py took 0.088 seconds
[2024-05-23T20:08:46.117+0000] {processor.py:161} INFO - Started process (PID=15925) to work on /home/airflow/.local/lib/python3.12/site-packages/airflow/example_dags/example_sensor_decorator.py
[2024-05-23T20:08:46.118+0000] {processor.py:830} INFO - Processing file /home/airflow/.local/lib/python3.12/site-packages/airflow/example_dags/example_sensor_decorator.py for tasks to queue
[2024-05-23T20:08:46.120+0000] {logging_mixin.py:188} INFO - [2024-05-23T20:08:46.119+0000] {dagbag.py:545} INFO - Filling up the DagBag from /home/airflow/.local/lib/python3.12/site-packages/airflow/example_dags/example_sensor_decorator.py
[2024-05-23T20:08:46.128+0000] {processor.py:840} INFO - DAG(s) 'example_sensor_decorator' retrieved from /home/airflow/.local/lib/python3.12/site-packages/airflow/example_dags/example_sensor_decorator.py
[2024-05-23T20:08:46.155+0000] {logging_mixin.py:188} INFO - [2024-05-23T20:08:46.155+0000] {dag.py:3096} INFO - Sync 1 DAGs
[2024-05-23T20:08:46.173+0000] {logging_mixin.py:188} INFO - [2024-05-23T20:08:46.172+0000] {dag.py:3954} INFO - Setting next_dagrun for example_sensor_decorator to None, run_after=None
[2024-05-23T20:08:46.197+0000] {processor.py:183} INFO - Processing /home/airflow/.local/lib/python3.12/site-packages/airflow/example_dags/example_sensor_decorator.py took 0.089 seconds
[2024-05-23T20:09:16.420+0000] {processor.py:161} INFO - Started process (PID=16187) to work on /home/airflow/.local/lib/python3.12/site-packages/airflow/example_dags/example_sensor_decorator.py
[2024-05-23T20:09:16.422+0000] {processor.py:830} INFO - Processing file /home/airflow/.local/lib/python3.12/site-packages/airflow/example_dags/example_sensor_decorator.py for tasks to queue
[2024-05-23T20:09:16.424+0000] {logging_mixin.py:188} INFO - [2024-05-23T20:09:16.423+0000] {dagbag.py:545} INFO - Filling up the DagBag from /home/airflow/.local/lib/python3.12/site-packages/airflow/example_dags/example_sensor_decorator.py
[2024-05-23T20:09:16.432+0000] {processor.py:840} INFO - DAG(s) 'example_sensor_decorator' retrieved from /home/airflow/.local/lib/python3.12/site-packages/airflow/example_dags/example_sensor_decorator.py
[2024-05-23T20:09:16.459+0000] {logging_mixin.py:188} INFO - [2024-05-23T20:09:16.459+0000] {dag.py:3096} INFO - Sync 1 DAGs
[2024-05-23T20:09:16.477+0000] {logging_mixin.py:188} INFO - [2024-05-23T20:09:16.477+0000] {dag.py:3954} INFO - Setting next_dagrun for example_sensor_decorator to None, run_after=None
[2024-05-23T20:09:16.504+0000] {processor.py:183} INFO - Processing /home/airflow/.local/lib/python3.12/site-packages/airflow/example_dags/example_sensor_decorator.py took 0.093 seconds
[2024-05-23T20:09:46.868+0000] {processor.py:161} INFO - Started process (PID=16449) to work on /home/airflow/.local/lib/python3.12/site-packages/airflow/example_dags/example_sensor_decorator.py
[2024-05-23T20:09:46.870+0000] {processor.py:830} INFO - Processing file /home/airflow/.local/lib/python3.12/site-packages/airflow/example_dags/example_sensor_decorator.py for tasks to queue
[2024-05-23T20:09:46.872+0000] {logging_mixin.py:188} INFO - [2024-05-23T20:09:46.871+0000] {dagbag.py:545} INFO - Filling up the DagBag from /home/airflow/.local/lib/python3.12/site-packages/airflow/example_dags/example_sensor_decorator.py
[2024-05-23T20:09:46.880+0000] {processor.py:840} INFO - DAG(s) 'example_sensor_decorator' retrieved from /home/airflow/.local/lib/python3.12/site-packages/airflow/example_dags/example_sensor_decorator.py
[2024-05-23T20:09:46.909+0000] {logging_mixin.py:188} INFO - [2024-05-23T20:09:46.909+0000] {dag.py:3096} INFO - Sync 1 DAGs
[2024-05-23T20:09:46.927+0000] {logging_mixin.py:188} INFO - [2024-05-23T20:09:46.926+0000] {dag.py:3954} INFO - Setting next_dagrun for example_sensor_decorator to None, run_after=None
[2024-05-23T20:09:46.951+0000] {processor.py:183} INFO - Processing /home/airflow/.local/lib/python3.12/site-packages/airflow/example_dags/example_sensor_decorator.py took 0.093 seconds
[2024-05-23T20:10:17.207+0000] {processor.py:161} INFO - Started process (PID=16711) to work on /home/airflow/.local/lib/python3.12/site-packages/airflow/example_dags/example_sensor_decorator.py
[2024-05-23T20:10:17.209+0000] {processor.py:830} INFO - Processing file /home/airflow/.local/lib/python3.12/site-packages/airflow/example_dags/example_sensor_decorator.py for tasks to queue
[2024-05-23T20:10:17.212+0000] {logging_mixin.py:188} INFO - [2024-05-23T20:10:17.211+0000] {dagbag.py:545} INFO - Filling up the DagBag from /home/airflow/.local/lib/python3.12/site-packages/airflow/example_dags/example_sensor_decorator.py
[2024-05-23T20:10:17.222+0000] {processor.py:840} INFO - DAG(s) 'example_sensor_decorator' retrieved from /home/airflow/.local/lib/python3.12/site-packages/airflow/example_dags/example_sensor_decorator.py
[2024-05-23T20:10:17.253+0000] {logging_mixin.py:188} INFO - [2024-05-23T20:10:17.253+0000] {dag.py:3096} INFO - Sync 1 DAGs
[2024-05-23T20:10:17.273+0000] {logging_mixin.py:188} INFO - [2024-05-23T20:10:17.273+0000] {dag.py:3954} INFO - Setting next_dagrun for example_sensor_decorator to None, run_after=None
[2024-05-23T20:10:17.302+0000] {processor.py:183} INFO - Processing /home/airflow/.local/lib/python3.12/site-packages/airflow/example_dags/example_sensor_decorator.py took 0.106 seconds
[2024-05-23T20:10:47.464+0000] {processor.py:161} INFO - Started process (PID=16973) to work on /home/airflow/.local/lib/python3.12/site-packages/airflow/example_dags/example_sensor_decorator.py
[2024-05-23T20:10:47.466+0000] {processor.py:830} INFO - Processing file /home/airflow/.local/lib/python3.12/site-packages/airflow/example_dags/example_sensor_decorator.py for tasks to queue
[2024-05-23T20:10:47.467+0000] {logging_mixin.py:188} INFO - [2024-05-23T20:10:47.467+0000] {dagbag.py:545} INFO - Filling up the DagBag from /home/airflow/.local/lib/python3.12/site-packages/airflow/example_dags/example_sensor_decorator.py
[2024-05-23T20:10:47.475+0000] {processor.py:840} INFO - DAG(s) 'example_sensor_decorator' retrieved from /home/airflow/.local/lib/python3.12/site-packages/airflow/example_dags/example_sensor_decorator.py
[2024-05-23T20:10:47.504+0000] {logging_mixin.py:188} INFO - [2024-05-23T20:10:47.504+0000] {dag.py:3096} INFO - Sync 1 DAGs
[2024-05-23T20:10:47.524+0000] {logging_mixin.py:188} INFO - [2024-05-23T20:10:47.524+0000] {dag.py:3954} INFO - Setting next_dagrun for example_sensor_decorator to None, run_after=None
[2024-05-23T20:10:47.546+0000] {processor.py:183} INFO - Processing /home/airflow/.local/lib/python3.12/site-packages/airflow/example_dags/example_sensor_decorator.py took 0.092 seconds
[2024-05-23T20:11:18.494+0000] {processor.py:161} INFO - Started process (PID=17234) to work on /home/airflow/.local/lib/python3.12/site-packages/airflow/example_dags/example_sensor_decorator.py
[2024-05-23T20:11:18.495+0000] {processor.py:830} INFO - Processing file /home/airflow/.local/lib/python3.12/site-packages/airflow/example_dags/example_sensor_decorator.py for tasks to queue
[2024-05-23T20:11:18.497+0000] {logging_mixin.py:188} INFO - [2024-05-23T20:11:18.496+0000] {dagbag.py:545} INFO - Filling up the DagBag from /home/airflow/.local/lib/python3.12/site-packages/airflow/example_dags/example_sensor_decorator.py
[2024-05-23T20:11:18.504+0000] {processor.py:840} INFO - DAG(s) 'example_sensor_decorator' retrieved from /home/airflow/.local/lib/python3.12/site-packages/airflow/example_dags/example_sensor_decorator.py
[2024-05-23T20:11:18.531+0000] {logging_mixin.py:188} INFO - [2024-05-23T20:11:18.531+0000] {dag.py:3096} INFO - Sync 1 DAGs
[2024-05-23T20:11:18.547+0000] {logging_mixin.py:188} INFO - [2024-05-23T20:11:18.547+0000] {dag.py:3954} INFO - Setting next_dagrun for example_sensor_decorator to None, run_after=None
[2024-05-23T20:11:18.570+0000] {processor.py:183} INFO - Processing /home/airflow/.local/lib/python3.12/site-packages/airflow/example_dags/example_sensor_decorator.py took 0.084 seconds
[2024-05-23T20:11:49.656+0000] {processor.py:161} INFO - Started process (PID=17496) to work on /home/airflow/.local/lib/python3.12/site-packages/airflow/example_dags/example_sensor_decorator.py
[2024-05-23T20:11:49.657+0000] {processor.py:830} INFO - Processing file /home/airflow/.local/lib/python3.12/site-packages/airflow/example_dags/example_sensor_decorator.py for tasks to queue
[2024-05-23T20:11:49.659+0000] {logging_mixin.py:188} INFO - [2024-05-23T20:11:49.658+0000] {dagbag.py:545} INFO - Filling up the DagBag from /home/airflow/.local/lib/python3.12/site-packages/airflow/example_dags/example_sensor_decorator.py
[2024-05-23T20:11:49.666+0000] {processor.py:840} INFO - DAG(s) 'example_sensor_decorator' retrieved from /home/airflow/.local/lib/python3.12/site-packages/airflow/example_dags/example_sensor_decorator.py
[2024-05-23T20:11:49.692+0000] {logging_mixin.py:188} INFO - [2024-05-23T20:11:49.692+0000] {dag.py:3096} INFO - Sync 1 DAGs
[2024-05-23T20:11:49.710+0000] {logging_mixin.py:188} INFO - [2024-05-23T20:11:49.710+0000] {dag.py:3954} INFO - Setting next_dagrun for example_sensor_decorator to None, run_after=None
[2024-05-23T20:11:49.736+0000] {processor.py:183} INFO - Processing /home/airflow/.local/lib/python3.12/site-packages/airflow/example_dags/example_sensor_decorator.py took 0.087 seconds
[2024-05-23T20:12:21.010+0000] {processor.py:161} INFO - Started process (PID=17758) to work on /home/airflow/.local/lib/python3.12/site-packages/airflow/example_dags/example_sensor_decorator.py
[2024-05-23T20:12:21.012+0000] {processor.py:830} INFO - Processing file /home/airflow/.local/lib/python3.12/site-packages/airflow/example_dags/example_sensor_decorator.py for tasks to queue
[2024-05-23T20:12:21.014+0000] {logging_mixin.py:188} INFO - [2024-05-23T20:12:21.013+0000] {dagbag.py:545} INFO - Filling up the DagBag from /home/airflow/.local/lib/python3.12/site-packages/airflow/example_dags/example_sensor_decorator.py
[2024-05-23T20:12:21.022+0000] {processor.py:840} INFO - DAG(s) 'example_sensor_decorator' retrieved from /home/airflow/.local/lib/python3.12/site-packages/airflow/example_dags/example_sensor_decorator.py
[2024-05-23T20:12:21.050+0000] {logging_mixin.py:188} INFO - [2024-05-23T20:12:21.050+0000] {dag.py:3096} INFO - Sync 1 DAGs
[2024-05-23T20:12:21.071+0000] {logging_mixin.py:188} INFO - [2024-05-23T20:12:21.071+0000] {dag.py:3954} INFO - Setting next_dagrun for example_sensor_decorator to None, run_after=None
[2024-05-23T20:12:21.098+0000] {processor.py:183} INFO - Processing /home/airflow/.local/lib/python3.12/site-packages/airflow/example_dags/example_sensor_decorator.py took 0.097 seconds
[2024-05-23T20:12:51.373+0000] {processor.py:161} INFO - Started process (PID=18020) to work on /home/airflow/.local/lib/python3.12/site-packages/airflow/example_dags/example_sensor_decorator.py
[2024-05-23T20:12:51.375+0000] {processor.py:830} INFO - Processing file /home/airflow/.local/lib/python3.12/site-packages/airflow/example_dags/example_sensor_decorator.py for tasks to queue
[2024-05-23T20:12:51.377+0000] {logging_mixin.py:188} INFO - [2024-05-23T20:12:51.376+0000] {dagbag.py:545} INFO - Filling up the DagBag from /home/airflow/.local/lib/python3.12/site-packages/airflow/example_dags/example_sensor_decorator.py
[2024-05-23T20:12:51.386+0000] {processor.py:840} INFO - DAG(s) 'example_sensor_decorator' retrieved from /home/airflow/.local/lib/python3.12/site-packages/airflow/example_dags/example_sensor_decorator.py
[2024-05-23T20:12:51.424+0000] {logging_mixin.py:188} INFO - [2024-05-23T20:12:51.424+0000] {dag.py:3096} INFO - Sync 1 DAGs
[2024-05-23T20:12:51.443+0000] {logging_mixin.py:188} INFO - [2024-05-23T20:12:51.443+0000] {dag.py:3954} INFO - Setting next_dagrun for example_sensor_decorator to None, run_after=None
[2024-05-23T20:12:51.470+0000] {processor.py:183} INFO - Processing /home/airflow/.local/lib/python3.12/site-packages/airflow/example_dags/example_sensor_decorator.py took 0.108 seconds
[2024-05-23T20:13:21.711+0000] {processor.py:161} INFO - Started process (PID=18282) to work on /home/airflow/.local/lib/python3.12/site-packages/airflow/example_dags/example_sensor_decorator.py
[2024-05-23T20:13:21.712+0000] {processor.py:830} INFO - Processing file /home/airflow/.local/lib/python3.12/site-packages/airflow/example_dags/example_sensor_decorator.py for tasks to queue
[2024-05-23T20:13:21.714+0000] {logging_mixin.py:188} INFO - [2024-05-23T20:13:21.713+0000] {dagbag.py:545} INFO - Filling up the DagBag from /home/airflow/.local/lib/python3.12/site-packages/airflow/example_dags/example_sensor_decorator.py
[2024-05-23T20:13:21.722+0000] {processor.py:840} INFO - DAG(s) 'example_sensor_decorator' retrieved from /home/airflow/.local/lib/python3.12/site-packages/airflow/example_dags/example_sensor_decorator.py
[2024-05-23T20:13:21.749+0000] {logging_mixin.py:188} INFO - [2024-05-23T20:13:21.749+0000] {dag.py:3096} INFO - Sync 1 DAGs
[2024-05-23T20:13:21.767+0000] {logging_mixin.py:188} INFO - [2024-05-23T20:13:21.767+0000] {dag.py:3954} INFO - Setting next_dagrun for example_sensor_decorator to None, run_after=None
[2024-05-23T20:13:21.791+0000] {processor.py:183} INFO - Processing /home/airflow/.local/lib/python3.12/site-packages/airflow/example_dags/example_sensor_decorator.py took 0.089 seconds
