[2024-05-23T19:29:49.860+0000] {processor.py:161} INFO - Started process (PID=252) to work on /home/airflow/.local/lib/python3.12/site-packages/airflow/example_dags/example_bash_operator.py
[2024-05-23T19:29:49.864+0000] {processor.py:830} INFO - Processing file /home/airflow/.local/lib/python3.12/site-packages/airflow/example_dags/example_bash_operator.py for tasks to queue
[2024-05-23T19:29:49.872+0000] {logging_mixin.py:188} INFO - [2024-05-23T19:29:49.871+0000] {dagbag.py:545} INFO - Filling up the DagBag from /home/airflow/.local/lib/python3.12/site-packages/airflow/example_dags/example_bash_operator.py
[2024-05-23T19:29:49.991+0000] {processor.py:840} INFO - DAG(s) 'example_bash_operator' retrieved from /home/airflow/.local/lib/python3.12/site-packages/airflow/example_dags/example_bash_operator.py
[2024-05-23T19:29:50.345+0000] {logging_mixin.py:188} INFO - [2024-05-23T19:29:50.345+0000] {dag.py:3096} INFO - Sync 1 DAGs
[2024-05-23T19:29:50.402+0000] {logging_mixin.py:188} INFO - [2024-05-23T19:29:50.401+0000] {dag.py:3954} INFO - Setting next_dagrun for example_bash_operator to 2024-05-22 00:00:00+00:00, run_after=2024-05-23 00:00:00+00:00
[2024-05-23T19:29:50.461+0000] {processor.py:183} INFO - Processing /home/airflow/.local/lib/python3.12/site-packages/airflow/example_dags/example_bash_operator.py took 0.629 seconds
[2024-05-23T19:30:20.999+0000] {processor.py:161} INFO - Started process (PID=514) to work on /home/airflow/.local/lib/python3.12/site-packages/airflow/example_dags/example_bash_operator.py
[2024-05-23T19:30:21.001+0000] {processor.py:830} INFO - Processing file /home/airflow/.local/lib/python3.12/site-packages/airflow/example_dags/example_bash_operator.py for tasks to queue
[2024-05-23T19:30:21.005+0000] {logging_mixin.py:188} INFO - [2024-05-23T19:30:21.005+0000] {dagbag.py:545} INFO - Filling up the DagBag from /home/airflow/.local/lib/python3.12/site-packages/airflow/example_dags/example_bash_operator.py
[2024-05-23T19:30:21.033+0000] {processor.py:840} INFO - DAG(s) 'example_bash_operator' retrieved from /home/airflow/.local/lib/python3.12/site-packages/airflow/example_dags/example_bash_operator.py
[2024-05-23T19:30:21.127+0000] {logging_mixin.py:188} INFO - [2024-05-23T19:30:21.127+0000] {dag.py:3096} INFO - Sync 1 DAGs
[2024-05-23T19:30:21.199+0000] {logging_mixin.py:188} INFO - [2024-05-23T19:30:21.198+0000] {dag.py:3954} INFO - Setting next_dagrun for example_bash_operator to 2024-05-22 00:00:00+00:00, run_after=2024-05-23 00:00:00+00:00
[2024-05-23T19:30:21.270+0000] {processor.py:183} INFO - Processing /home/airflow/.local/lib/python3.12/site-packages/airflow/example_dags/example_bash_operator.py took 0.286 seconds
[2024-05-23T19:30:51.409+0000] {processor.py:161} INFO - Started process (PID=776) to work on /home/airflow/.local/lib/python3.12/site-packages/airflow/example_dags/example_bash_operator.py
[2024-05-23T19:30:51.411+0000] {processor.py:830} INFO - Processing file /home/airflow/.local/lib/python3.12/site-packages/airflow/example_dags/example_bash_operator.py for tasks to queue
[2024-05-23T19:30:51.414+0000] {logging_mixin.py:188} INFO - [2024-05-23T19:30:51.413+0000] {dagbag.py:545} INFO - Filling up the DagBag from /home/airflow/.local/lib/python3.12/site-packages/airflow/example_dags/example_bash_operator.py
[2024-05-23T19:30:51.436+0000] {processor.py:840} INFO - DAG(s) 'example_bash_operator' retrieved from /home/airflow/.local/lib/python3.12/site-packages/airflow/example_dags/example_bash_operator.py
[2024-05-23T19:30:51.485+0000] {logging_mixin.py:188} INFO - [2024-05-23T19:30:51.485+0000] {dag.py:3096} INFO - Sync 1 DAGs
[2024-05-23T19:30:51.527+0000] {logging_mixin.py:188} INFO - [2024-05-23T19:30:51.527+0000] {dag.py:3954} INFO - Setting next_dagrun for example_bash_operator to 2024-05-22 00:00:00+00:00, run_after=2024-05-23 00:00:00+00:00
[2024-05-23T19:30:51.568+0000] {processor.py:183} INFO - Processing /home/airflow/.local/lib/python3.12/site-packages/airflow/example_dags/example_bash_operator.py took 0.171 seconds
[2024-05-23T19:31:21.648+0000] {processor.py:161} INFO - Started process (PID=1040) to work on /home/airflow/.local/lib/python3.12/site-packages/airflow/example_dags/example_bash_operator.py
[2024-05-23T19:31:21.662+0000] {processor.py:830} INFO - Processing file /home/airflow/.local/lib/python3.12/site-packages/airflow/example_dags/example_bash_operator.py for tasks to queue
[2024-05-23T19:31:21.665+0000] {logging_mixin.py:188} INFO - [2024-05-23T19:31:21.665+0000] {dagbag.py:545} INFO - Filling up the DagBag from /home/airflow/.local/lib/python3.12/site-packages/airflow/example_dags/example_bash_operator.py
[2024-05-23T19:31:21.683+0000] {processor.py:840} INFO - DAG(s) 'example_bash_operator' retrieved from /home/airflow/.local/lib/python3.12/site-packages/airflow/example_dags/example_bash_operator.py
[2024-05-23T19:31:21.727+0000] {logging_mixin.py:188} INFO - [2024-05-23T19:31:21.727+0000] {dag.py:3096} INFO - Sync 1 DAGs
[2024-05-23T19:31:21.762+0000] {logging_mixin.py:188} INFO - [2024-05-23T19:31:21.761+0000] {dag.py:3954} INFO - Setting next_dagrun for example_bash_operator to 2024-05-22 00:00:00+00:00, run_after=2024-05-23 00:00:00+00:00
[2024-05-23T19:31:21.789+0000] {processor.py:183} INFO - Processing /home/airflow/.local/lib/python3.12/site-packages/airflow/example_dags/example_bash_operator.py took 0.150 seconds
[2024-05-23T19:31:51.909+0000] {processor.py:161} INFO - Started process (PID=1302) to work on /home/airflow/.local/lib/python3.12/site-packages/airflow/example_dags/example_bash_operator.py
[2024-05-23T19:31:51.910+0000] {processor.py:830} INFO - Processing file /home/airflow/.local/lib/python3.12/site-packages/airflow/example_dags/example_bash_operator.py for tasks to queue
[2024-05-23T19:31:51.913+0000] {logging_mixin.py:188} INFO - [2024-05-23T19:31:51.913+0000] {dagbag.py:545} INFO - Filling up the DagBag from /home/airflow/.local/lib/python3.12/site-packages/airflow/example_dags/example_bash_operator.py
[2024-05-23T19:31:51.930+0000] {processor.py:840} INFO - DAG(s) 'example_bash_operator' retrieved from /home/airflow/.local/lib/python3.12/site-packages/airflow/example_dags/example_bash_operator.py
[2024-05-23T19:31:51.973+0000] {logging_mixin.py:188} INFO - [2024-05-23T19:31:51.973+0000] {dag.py:3096} INFO - Sync 1 DAGs
[2024-05-23T19:31:52.007+0000] {logging_mixin.py:188} INFO - [2024-05-23T19:31:52.007+0000] {dag.py:3954} INFO - Setting next_dagrun for example_bash_operator to 2024-05-22 00:00:00+00:00, run_after=2024-05-23 00:00:00+00:00
[2024-05-23T19:31:52.034+0000] {processor.py:183} INFO - Processing /home/airflow/.local/lib/python3.12/site-packages/airflow/example_dags/example_bash_operator.py took 0.134 seconds
[2024-05-23T19:32:22.444+0000] {processor.py:161} INFO - Started process (PID=1562) to work on /home/airflow/.local/lib/python3.12/site-packages/airflow/example_dags/example_bash_operator.py
[2024-05-23T19:32:22.446+0000] {processor.py:830} INFO - Processing file /home/airflow/.local/lib/python3.12/site-packages/airflow/example_dags/example_bash_operator.py for tasks to queue
[2024-05-23T19:32:22.449+0000] {logging_mixin.py:188} INFO - [2024-05-23T19:32:22.449+0000] {dagbag.py:545} INFO - Filling up the DagBag from /home/airflow/.local/lib/python3.12/site-packages/airflow/example_dags/example_bash_operator.py
[2024-05-23T19:32:22.469+0000] {processor.py:840} INFO - DAG(s) 'example_bash_operator' retrieved from /home/airflow/.local/lib/python3.12/site-packages/airflow/example_dags/example_bash_operator.py
[2024-05-23T19:32:22.523+0000] {logging_mixin.py:188} INFO - [2024-05-23T19:32:22.523+0000] {dag.py:3096} INFO - Sync 1 DAGs
[2024-05-23T19:32:22.658+0000] {logging_mixin.py:188} INFO - [2024-05-23T19:32:22.657+0000] {dag.py:3954} INFO - Setting next_dagrun for example_bash_operator to 2024-05-22 00:00:00+00:00, run_after=2024-05-23 00:00:00+00:00
[2024-05-23T19:32:22.694+0000] {processor.py:183} INFO - Processing /home/airflow/.local/lib/python3.12/site-packages/airflow/example_dags/example_bash_operator.py took 0.262 seconds
[2024-05-23T19:32:53.614+0000] {processor.py:161} INFO - Started process (PID=1826) to work on /home/airflow/.local/lib/python3.12/site-packages/airflow/example_dags/example_bash_operator.py
[2024-05-23T19:32:53.618+0000] {processor.py:830} INFO - Processing file /home/airflow/.local/lib/python3.12/site-packages/airflow/example_dags/example_bash_operator.py for tasks to queue
[2024-05-23T19:32:53.623+0000] {logging_mixin.py:188} INFO - [2024-05-23T19:32:53.622+0000] {dagbag.py:545} INFO - Filling up the DagBag from /home/airflow/.local/lib/python3.12/site-packages/airflow/example_dags/example_bash_operator.py
[2024-05-23T19:32:53.673+0000] {processor.py:840} INFO - DAG(s) 'example_bash_operator' retrieved from /home/airflow/.local/lib/python3.12/site-packages/airflow/example_dags/example_bash_operator.py
[2024-05-23T19:32:53.786+0000] {logging_mixin.py:188} INFO - [2024-05-23T19:32:53.785+0000] {dag.py:3096} INFO - Sync 1 DAGs
[2024-05-23T19:32:53.866+0000] {logging_mixin.py:188} INFO - [2024-05-23T19:32:53.866+0000] {dag.py:3954} INFO - Setting next_dagrun for example_bash_operator to 2024-05-22 00:00:00+00:00, run_after=2024-05-23 00:00:00+00:00
[2024-05-23T19:32:53.922+0000] {processor.py:183} INFO - Processing /home/airflow/.local/lib/python3.12/site-packages/airflow/example_dags/example_bash_operator.py took 0.331 seconds
[2024-05-23T19:33:24.113+0000] {processor.py:161} INFO - Started process (PID=2091) to work on /home/airflow/.local/lib/python3.12/site-packages/airflow/example_dags/example_bash_operator.py
[2024-05-23T19:33:24.114+0000] {processor.py:830} INFO - Processing file /home/airflow/.local/lib/python3.12/site-packages/airflow/example_dags/example_bash_operator.py for tasks to queue
[2024-05-23T19:33:24.118+0000] {logging_mixin.py:188} INFO - [2024-05-23T19:33:24.117+0000] {dagbag.py:545} INFO - Filling up the DagBag from /home/airflow/.local/lib/python3.12/site-packages/airflow/example_dags/example_bash_operator.py
[2024-05-23T19:33:24.136+0000] {processor.py:840} INFO - DAG(s) 'example_bash_operator' retrieved from /home/airflow/.local/lib/python3.12/site-packages/airflow/example_dags/example_bash_operator.py
[2024-05-23T19:33:24.180+0000] {logging_mixin.py:188} INFO - [2024-05-23T19:33:24.180+0000] {dag.py:3096} INFO - Sync 1 DAGs
[2024-05-23T19:33:24.218+0000] {logging_mixin.py:188} INFO - [2024-05-23T19:33:24.218+0000] {dag.py:3954} INFO - Setting next_dagrun for example_bash_operator to 2024-05-22 00:00:00+00:00, run_after=2024-05-23 00:00:00+00:00
[2024-05-23T19:33:24.247+0000] {processor.py:183} INFO - Processing /home/airflow/.local/lib/python3.12/site-packages/airflow/example_dags/example_bash_operator.py took 0.144 seconds
[2024-05-23T19:33:54.539+0000] {processor.py:161} INFO - Started process (PID=2350) to work on /home/airflow/.local/lib/python3.12/site-packages/airflow/example_dags/example_bash_operator.py
[2024-05-23T19:33:54.541+0000] {processor.py:830} INFO - Processing file /home/airflow/.local/lib/python3.12/site-packages/airflow/example_dags/example_bash_operator.py for tasks to queue
[2024-05-23T19:33:54.544+0000] {logging_mixin.py:188} INFO - [2024-05-23T19:33:54.544+0000] {dagbag.py:545} INFO - Filling up the DagBag from /home/airflow/.local/lib/python3.12/site-packages/airflow/example_dags/example_bash_operator.py
[2024-05-23T19:33:54.564+0000] {processor.py:840} INFO - DAG(s) 'example_bash_operator' retrieved from /home/airflow/.local/lib/python3.12/site-packages/airflow/example_dags/example_bash_operator.py
[2024-05-23T19:33:54.613+0000] {logging_mixin.py:188} INFO - [2024-05-23T19:33:54.613+0000] {dag.py:3096} INFO - Sync 1 DAGs
[2024-05-23T19:33:54.654+0000] {logging_mixin.py:188} INFO - [2024-05-23T19:33:54.654+0000] {dag.py:3954} INFO - Setting next_dagrun for example_bash_operator to 2024-05-22 00:00:00+00:00, run_after=2024-05-23 00:00:00+00:00
[2024-05-23T19:33:54.687+0000] {processor.py:183} INFO - Processing /home/airflow/.local/lib/python3.12/site-packages/airflow/example_dags/example_bash_operator.py took 0.158 seconds
[2024-05-23T19:34:25.347+0000] {processor.py:161} INFO - Started process (PID=2611) to work on /home/airflow/.local/lib/python3.12/site-packages/airflow/example_dags/example_bash_operator.py
[2024-05-23T19:34:25.349+0000] {processor.py:830} INFO - Processing file /home/airflow/.local/lib/python3.12/site-packages/airflow/example_dags/example_bash_operator.py for tasks to queue
[2024-05-23T19:34:25.352+0000] {logging_mixin.py:188} INFO - [2024-05-23T19:34:25.352+0000] {dagbag.py:545} INFO - Filling up the DagBag from /home/airflow/.local/lib/python3.12/site-packages/airflow/example_dags/example_bash_operator.py
[2024-05-23T19:34:25.371+0000] {processor.py:840} INFO - DAG(s) 'example_bash_operator' retrieved from /home/airflow/.local/lib/python3.12/site-packages/airflow/example_dags/example_bash_operator.py
[2024-05-23T19:34:25.420+0000] {logging_mixin.py:188} INFO - [2024-05-23T19:34:25.419+0000] {dag.py:3096} INFO - Sync 1 DAGs
[2024-05-23T19:34:25.458+0000] {logging_mixin.py:188} INFO - [2024-05-23T19:34:25.458+0000] {dag.py:3954} INFO - Setting next_dagrun for example_bash_operator to 2024-05-22 00:00:00+00:00, run_after=2024-05-23 00:00:00+00:00
[2024-05-23T19:34:25.488+0000] {processor.py:183} INFO - Processing /home/airflow/.local/lib/python3.12/site-packages/airflow/example_dags/example_bash_operator.py took 0.150 seconds
[2024-05-23T19:34:56.035+0000] {processor.py:161} INFO - Started process (PID=2890) to work on /home/airflow/.local/lib/python3.12/site-packages/airflow/example_dags/example_bash_operator.py
[2024-05-23T19:34:56.037+0000] {processor.py:830} INFO - Processing file /home/airflow/.local/lib/python3.12/site-packages/airflow/example_dags/example_bash_operator.py for tasks to queue
[2024-05-23T19:34:56.041+0000] {logging_mixin.py:188} INFO - [2024-05-23T19:34:56.041+0000] {dagbag.py:545} INFO - Filling up the DagBag from /home/airflow/.local/lib/python3.12/site-packages/airflow/example_dags/example_bash_operator.py
[2024-05-23T19:34:56.062+0000] {processor.py:840} INFO - DAG(s) 'example_bash_operator' retrieved from /home/airflow/.local/lib/python3.12/site-packages/airflow/example_dags/example_bash_operator.py
[2024-05-23T19:34:56.119+0000] {logging_mixin.py:188} INFO - [2024-05-23T19:34:56.118+0000] {dag.py:3096} INFO - Sync 1 DAGs
[2024-05-23T19:34:56.165+0000] {logging_mixin.py:188} INFO - [2024-05-23T19:34:56.164+0000] {dag.py:3954} INFO - Setting next_dagrun for example_bash_operator to 2024-05-23 00:00:00+00:00, run_after=2024-05-24 00:00:00+00:00
[2024-05-23T19:34:56.207+0000] {processor.py:183} INFO - Processing /home/airflow/.local/lib/python3.12/site-packages/airflow/example_dags/example_bash_operator.py took 0.183 seconds
[2024-05-23T19:35:26.344+0000] {processor.py:161} INFO - Started process (PID=3160) to work on /home/airflow/.local/lib/python3.12/site-packages/airflow/example_dags/example_bash_operator.py
[2024-05-23T19:35:26.346+0000] {processor.py:830} INFO - Processing file /home/airflow/.local/lib/python3.12/site-packages/airflow/example_dags/example_bash_operator.py for tasks to queue
[2024-05-23T19:35:26.350+0000] {logging_mixin.py:188} INFO - [2024-05-23T19:35:26.349+0000] {dagbag.py:545} INFO - Filling up the DagBag from /home/airflow/.local/lib/python3.12/site-packages/airflow/example_dags/example_bash_operator.py
[2024-05-23T19:35:26.373+0000] {processor.py:840} INFO - DAG(s) 'example_bash_operator' retrieved from /home/airflow/.local/lib/python3.12/site-packages/airflow/example_dags/example_bash_operator.py
[2024-05-23T19:35:26.423+0000] {logging_mixin.py:188} INFO - [2024-05-23T19:35:26.422+0000] {dag.py:3096} INFO - Sync 1 DAGs
[2024-05-23T19:35:26.463+0000] {logging_mixin.py:188} INFO - [2024-05-23T19:35:26.463+0000] {dag.py:3954} INFO - Setting next_dagrun for example_bash_operator to 2024-05-23 00:00:00+00:00, run_after=2024-05-24 00:00:00+00:00
[2024-05-23T19:35:26.497+0000] {processor.py:183} INFO - Processing /home/airflow/.local/lib/python3.12/site-packages/airflow/example_dags/example_bash_operator.py took 0.165 seconds
[2024-05-23T19:35:56.535+0000] {processor.py:161} INFO - Started process (PID=3422) to work on /home/airflow/.local/lib/python3.12/site-packages/airflow/example_dags/example_bash_operator.py
[2024-05-23T19:35:56.536+0000] {processor.py:830} INFO - Processing file /home/airflow/.local/lib/python3.12/site-packages/airflow/example_dags/example_bash_operator.py for tasks to queue
[2024-05-23T19:35:56.540+0000] {logging_mixin.py:188} INFO - [2024-05-23T19:35:56.539+0000] {dagbag.py:545} INFO - Filling up the DagBag from /home/airflow/.local/lib/python3.12/site-packages/airflow/example_dags/example_bash_operator.py
[2024-05-23T19:35:56.559+0000] {processor.py:840} INFO - DAG(s) 'example_bash_operator' retrieved from /home/airflow/.local/lib/python3.12/site-packages/airflow/example_dags/example_bash_operator.py
[2024-05-23T19:35:56.604+0000] {logging_mixin.py:188} INFO - [2024-05-23T19:35:56.604+0000] {dag.py:3096} INFO - Sync 1 DAGs
[2024-05-23T19:35:56.640+0000] {logging_mixin.py:188} INFO - [2024-05-23T19:35:56.639+0000] {dag.py:3954} INFO - Setting next_dagrun for example_bash_operator to 2024-05-23 00:00:00+00:00, run_after=2024-05-24 00:00:00+00:00
[2024-05-23T19:35:56.668+0000] {processor.py:183} INFO - Processing /home/airflow/.local/lib/python3.12/site-packages/airflow/example_dags/example_bash_operator.py took 0.142 seconds
[2024-05-23T19:36:26.932+0000] {processor.py:161} INFO - Started process (PID=3684) to work on /home/airflow/.local/lib/python3.12/site-packages/airflow/example_dags/example_bash_operator.py
[2024-05-23T19:36:26.933+0000] {processor.py:830} INFO - Processing file /home/airflow/.local/lib/python3.12/site-packages/airflow/example_dags/example_bash_operator.py for tasks to queue
[2024-05-23T19:36:26.935+0000] {logging_mixin.py:188} INFO - [2024-05-23T19:36:26.935+0000] {dagbag.py:545} INFO - Filling up the DagBag from /home/airflow/.local/lib/python3.12/site-packages/airflow/example_dags/example_bash_operator.py
[2024-05-23T19:36:26.959+0000] {processor.py:840} INFO - DAG(s) 'example_bash_operator' retrieved from /home/airflow/.local/lib/python3.12/site-packages/airflow/example_dags/example_bash_operator.py
[2024-05-23T19:36:27.009+0000] {logging_mixin.py:188} INFO - [2024-05-23T19:36:27.008+0000] {dag.py:3096} INFO - Sync 1 DAGs
[2024-05-23T19:36:27.041+0000] {logging_mixin.py:188} INFO - [2024-05-23T19:36:27.041+0000] {dag.py:3954} INFO - Setting next_dagrun for example_bash_operator to 2024-05-23 00:00:00+00:00, run_after=2024-05-24 00:00:00+00:00
[2024-05-23T19:36:27.063+0000] {processor.py:183} INFO - Processing /home/airflow/.local/lib/python3.12/site-packages/airflow/example_dags/example_bash_operator.py took 0.139 seconds
[2024-05-23T19:36:57.205+0000] {processor.py:161} INFO - Started process (PID=3946) to work on /home/airflow/.local/lib/python3.12/site-packages/airflow/example_dags/example_bash_operator.py
[2024-05-23T19:36:57.207+0000] {processor.py:830} INFO - Processing file /home/airflow/.local/lib/python3.12/site-packages/airflow/example_dags/example_bash_operator.py for tasks to queue
[2024-05-23T19:36:57.210+0000] {logging_mixin.py:188} INFO - [2024-05-23T19:36:57.210+0000] {dagbag.py:545} INFO - Filling up the DagBag from /home/airflow/.local/lib/python3.12/site-packages/airflow/example_dags/example_bash_operator.py
[2024-05-23T19:36:57.229+0000] {processor.py:840} INFO - DAG(s) 'example_bash_operator' retrieved from /home/airflow/.local/lib/python3.12/site-packages/airflow/example_dags/example_bash_operator.py
[2024-05-23T19:36:57.277+0000] {logging_mixin.py:188} INFO - [2024-05-23T19:36:57.277+0000] {dag.py:3096} INFO - Sync 1 DAGs
[2024-05-23T19:36:57.318+0000] {logging_mixin.py:188} INFO - [2024-05-23T19:36:57.318+0000] {dag.py:3954} INFO - Setting next_dagrun for example_bash_operator to 2024-05-23 00:00:00+00:00, run_after=2024-05-24 00:00:00+00:00
[2024-05-23T19:36:57.349+0000] {processor.py:183} INFO - Processing /home/airflow/.local/lib/python3.12/site-packages/airflow/example_dags/example_bash_operator.py took 0.156 seconds
[2024-05-23T19:37:27.471+0000] {processor.py:161} INFO - Started process (PID=4208) to work on /home/airflow/.local/lib/python3.12/site-packages/airflow/example_dags/example_bash_operator.py
[2024-05-23T19:37:27.473+0000] {processor.py:830} INFO - Processing file /home/airflow/.local/lib/python3.12/site-packages/airflow/example_dags/example_bash_operator.py for tasks to queue
[2024-05-23T19:37:27.480+0000] {logging_mixin.py:188} INFO - [2024-05-23T19:37:27.476+0000] {dagbag.py:545} INFO - Filling up the DagBag from /home/airflow/.local/lib/python3.12/site-packages/airflow/example_dags/example_bash_operator.py
[2024-05-23T19:37:27.503+0000] {processor.py:840} INFO - DAG(s) 'example_bash_operator' retrieved from /home/airflow/.local/lib/python3.12/site-packages/airflow/example_dags/example_bash_operator.py
[2024-05-23T19:37:27.553+0000] {logging_mixin.py:188} INFO - [2024-05-23T19:37:27.553+0000] {dag.py:3096} INFO - Sync 1 DAGs
[2024-05-23T19:37:27.591+0000] {logging_mixin.py:188} INFO - [2024-05-23T19:37:27.590+0000] {dag.py:3954} INFO - Setting next_dagrun for example_bash_operator to 2024-05-23 00:00:00+00:00, run_after=2024-05-24 00:00:00+00:00
[2024-05-23T19:37:27.622+0000] {processor.py:183} INFO - Processing /home/airflow/.local/lib/python3.12/site-packages/airflow/example_dags/example_bash_operator.py took 0.159 seconds
[2024-05-23T19:37:57.753+0000] {processor.py:161} INFO - Started process (PID=4470) to work on /home/airflow/.local/lib/python3.12/site-packages/airflow/example_dags/example_bash_operator.py
[2024-05-23T19:37:57.754+0000] {processor.py:830} INFO - Processing file /home/airflow/.local/lib/python3.12/site-packages/airflow/example_dags/example_bash_operator.py for tasks to queue
[2024-05-23T19:37:57.757+0000] {logging_mixin.py:188} INFO - [2024-05-23T19:37:57.756+0000] {dagbag.py:545} INFO - Filling up the DagBag from /home/airflow/.local/lib/python3.12/site-packages/airflow/example_dags/example_bash_operator.py
[2024-05-23T19:37:57.773+0000] {processor.py:840} INFO - DAG(s) 'example_bash_operator' retrieved from /home/airflow/.local/lib/python3.12/site-packages/airflow/example_dags/example_bash_operator.py
[2024-05-23T19:37:57.814+0000] {logging_mixin.py:188} INFO - [2024-05-23T19:37:57.813+0000] {dag.py:3096} INFO - Sync 1 DAGs
[2024-05-23T19:37:57.849+0000] {logging_mixin.py:188} INFO - [2024-05-23T19:37:57.848+0000] {dag.py:3954} INFO - Setting next_dagrun for example_bash_operator to 2024-05-23 00:00:00+00:00, run_after=2024-05-24 00:00:00+00:00
[2024-05-23T19:37:57.873+0000] {processor.py:183} INFO - Processing /home/airflow/.local/lib/python3.12/site-packages/airflow/example_dags/example_bash_operator.py took 0.128 seconds
[2024-05-23T19:38:28.161+0000] {processor.py:161} INFO - Started process (PID=4732) to work on /home/airflow/.local/lib/python3.12/site-packages/airflow/example_dags/example_bash_operator.py
[2024-05-23T19:38:28.162+0000] {processor.py:830} INFO - Processing file /home/airflow/.local/lib/python3.12/site-packages/airflow/example_dags/example_bash_operator.py for tasks to queue
[2024-05-23T19:38:28.165+0000] {logging_mixin.py:188} INFO - [2024-05-23T19:38:28.165+0000] {dagbag.py:545} INFO - Filling up the DagBag from /home/airflow/.local/lib/python3.12/site-packages/airflow/example_dags/example_bash_operator.py
[2024-05-23T19:38:28.182+0000] {processor.py:840} INFO - DAG(s) 'example_bash_operator' retrieved from /home/airflow/.local/lib/python3.12/site-packages/airflow/example_dags/example_bash_operator.py
[2024-05-23T19:38:28.226+0000] {logging_mixin.py:188} INFO - [2024-05-23T19:38:28.226+0000] {dag.py:3096} INFO - Sync 1 DAGs
[2024-05-23T19:38:28.261+0000] {logging_mixin.py:188} INFO - [2024-05-23T19:38:28.261+0000] {dag.py:3954} INFO - Setting next_dagrun for example_bash_operator to 2024-05-23 00:00:00+00:00, run_after=2024-05-24 00:00:00+00:00
[2024-05-23T19:38:28.287+0000] {processor.py:183} INFO - Processing /home/airflow/.local/lib/python3.12/site-packages/airflow/example_dags/example_bash_operator.py took 0.135 seconds
[2024-05-23T19:38:58.611+0000] {processor.py:161} INFO - Started process (PID=4994) to work on /home/airflow/.local/lib/python3.12/site-packages/airflow/example_dags/example_bash_operator.py
[2024-05-23T19:38:58.612+0000] {processor.py:830} INFO - Processing file /home/airflow/.local/lib/python3.12/site-packages/airflow/example_dags/example_bash_operator.py for tasks to queue
[2024-05-23T19:38:58.615+0000] {logging_mixin.py:188} INFO - [2024-05-23T19:38:58.615+0000] {dagbag.py:545} INFO - Filling up the DagBag from /home/airflow/.local/lib/python3.12/site-packages/airflow/example_dags/example_bash_operator.py
[2024-05-23T19:38:58.632+0000] {processor.py:840} INFO - DAG(s) 'example_bash_operator' retrieved from /home/airflow/.local/lib/python3.12/site-packages/airflow/example_dags/example_bash_operator.py
[2024-05-23T19:38:58.678+0000] {logging_mixin.py:188} INFO - [2024-05-23T19:38:58.678+0000] {dag.py:3096} INFO - Sync 1 DAGs
[2024-05-23T19:38:58.716+0000] {logging_mixin.py:188} INFO - [2024-05-23T19:38:58.716+0000] {dag.py:3954} INFO - Setting next_dagrun for example_bash_operator to 2024-05-23 00:00:00+00:00, run_after=2024-05-24 00:00:00+00:00
[2024-05-23T19:38:58.743+0000] {processor.py:183} INFO - Processing /home/airflow/.local/lib/python3.12/site-packages/airflow/example_dags/example_bash_operator.py took 0.142 seconds
[2024-05-23T19:39:29.315+0000] {processor.py:161} INFO - Started process (PID=5256) to work on /home/airflow/.local/lib/python3.12/site-packages/airflow/example_dags/example_bash_operator.py
[2024-05-23T19:39:29.317+0000] {processor.py:830} INFO - Processing file /home/airflow/.local/lib/python3.12/site-packages/airflow/example_dags/example_bash_operator.py for tasks to queue
[2024-05-23T19:39:29.320+0000] {logging_mixin.py:188} INFO - [2024-05-23T19:39:29.319+0000] {dagbag.py:545} INFO - Filling up the DagBag from /home/airflow/.local/lib/python3.12/site-packages/airflow/example_dags/example_bash_operator.py
[2024-05-23T19:39:29.339+0000] {processor.py:840} INFO - DAG(s) 'example_bash_operator' retrieved from /home/airflow/.local/lib/python3.12/site-packages/airflow/example_dags/example_bash_operator.py
[2024-05-23T19:39:29.385+0000] {logging_mixin.py:188} INFO - [2024-05-23T19:39:29.384+0000] {dag.py:3096} INFO - Sync 1 DAGs
[2024-05-23T19:39:29.422+0000] {logging_mixin.py:188} INFO - [2024-05-23T19:39:29.422+0000] {dag.py:3954} INFO - Setting next_dagrun for example_bash_operator to 2024-05-23 00:00:00+00:00, run_after=2024-05-24 00:00:00+00:00
[2024-05-23T19:39:29.453+0000] {processor.py:183} INFO - Processing /home/airflow/.local/lib/python3.12/site-packages/airflow/example_dags/example_bash_operator.py took 0.147 seconds
[2024-05-23T19:39:59.842+0000] {processor.py:161} INFO - Started process (PID=5518) to work on /home/airflow/.local/lib/python3.12/site-packages/airflow/example_dags/example_bash_operator.py
[2024-05-23T19:39:59.844+0000] {processor.py:830} INFO - Processing file /home/airflow/.local/lib/python3.12/site-packages/airflow/example_dags/example_bash_operator.py for tasks to queue
[2024-05-23T19:39:59.847+0000] {logging_mixin.py:188} INFO - [2024-05-23T19:39:59.846+0000] {dagbag.py:545} INFO - Filling up the DagBag from /home/airflow/.local/lib/python3.12/site-packages/airflow/example_dags/example_bash_operator.py
[2024-05-23T19:39:59.863+0000] {processor.py:840} INFO - DAG(s) 'example_bash_operator' retrieved from /home/airflow/.local/lib/python3.12/site-packages/airflow/example_dags/example_bash_operator.py
[2024-05-23T19:39:59.908+0000] {logging_mixin.py:188} INFO - [2024-05-23T19:39:59.907+0000] {dag.py:3096} INFO - Sync 1 DAGs
[2024-05-23T19:39:59.943+0000] {logging_mixin.py:188} INFO - [2024-05-23T19:39:59.943+0000] {dag.py:3954} INFO - Setting next_dagrun for example_bash_operator to 2024-05-23 00:00:00+00:00, run_after=2024-05-24 00:00:00+00:00
[2024-05-23T19:39:59.970+0000] {processor.py:183} INFO - Processing /home/airflow/.local/lib/python3.12/site-packages/airflow/example_dags/example_bash_operator.py took 0.138 seconds
[2024-05-23T19:40:30.386+0000] {processor.py:161} INFO - Started process (PID=5780) to work on /home/airflow/.local/lib/python3.12/site-packages/airflow/example_dags/example_bash_operator.py
[2024-05-23T19:40:30.388+0000] {processor.py:830} INFO - Processing file /home/airflow/.local/lib/python3.12/site-packages/airflow/example_dags/example_bash_operator.py for tasks to queue
[2024-05-23T19:40:30.391+0000] {logging_mixin.py:188} INFO - [2024-05-23T19:40:30.391+0000] {dagbag.py:545} INFO - Filling up the DagBag from /home/airflow/.local/lib/python3.12/site-packages/airflow/example_dags/example_bash_operator.py
[2024-05-23T19:40:30.409+0000] {processor.py:840} INFO - DAG(s) 'example_bash_operator' retrieved from /home/airflow/.local/lib/python3.12/site-packages/airflow/example_dags/example_bash_operator.py
[2024-05-23T19:40:30.452+0000] {logging_mixin.py:188} INFO - [2024-05-23T19:40:30.451+0000] {dag.py:3096} INFO - Sync 1 DAGs
[2024-05-23T19:40:30.494+0000] {logging_mixin.py:188} INFO - [2024-05-23T19:40:30.494+0000] {dag.py:3954} INFO - Setting next_dagrun for example_bash_operator to 2024-05-23 00:00:00+00:00, run_after=2024-05-24 00:00:00+00:00
[2024-05-23T19:40:30.522+0000] {processor.py:183} INFO - Processing /home/airflow/.local/lib/python3.12/site-packages/airflow/example_dags/example_bash_operator.py took 0.145 seconds
[2024-05-23T19:41:00.724+0000] {processor.py:161} INFO - Started process (PID=6041) to work on /home/airflow/.local/lib/python3.12/site-packages/airflow/example_dags/example_bash_operator.py
[2024-05-23T19:41:00.726+0000] {processor.py:830} INFO - Processing file /home/airflow/.local/lib/python3.12/site-packages/airflow/example_dags/example_bash_operator.py for tasks to queue
[2024-05-23T19:41:00.729+0000] {logging_mixin.py:188} INFO - [2024-05-23T19:41:00.729+0000] {dagbag.py:545} INFO - Filling up the DagBag from /home/airflow/.local/lib/python3.12/site-packages/airflow/example_dags/example_bash_operator.py
[2024-05-23T19:41:00.747+0000] {processor.py:840} INFO - DAG(s) 'example_bash_operator' retrieved from /home/airflow/.local/lib/python3.12/site-packages/airflow/example_dags/example_bash_operator.py
[2024-05-23T19:41:00.791+0000] {logging_mixin.py:188} INFO - [2024-05-23T19:41:00.791+0000] {dag.py:3096} INFO - Sync 1 DAGs
[2024-05-23T19:41:00.828+0000] {logging_mixin.py:188} INFO - [2024-05-23T19:41:00.828+0000] {dag.py:3954} INFO - Setting next_dagrun for example_bash_operator to 2024-05-23 00:00:00+00:00, run_after=2024-05-24 00:00:00+00:00
[2024-05-23T19:41:00.855+0000] {processor.py:183} INFO - Processing /home/airflow/.local/lib/python3.12/site-packages/airflow/example_dags/example_bash_operator.py took 0.139 seconds
[2024-05-23T19:41:31.371+0000] {processor.py:161} INFO - Started process (PID=6304) to work on /home/airflow/.local/lib/python3.12/site-packages/airflow/example_dags/example_bash_operator.py
[2024-05-23T19:41:31.373+0000] {processor.py:830} INFO - Processing file /home/airflow/.local/lib/python3.12/site-packages/airflow/example_dags/example_bash_operator.py for tasks to queue
[2024-05-23T19:41:31.375+0000] {logging_mixin.py:188} INFO - [2024-05-23T19:41:31.375+0000] {dagbag.py:545} INFO - Filling up the DagBag from /home/airflow/.local/lib/python3.12/site-packages/airflow/example_dags/example_bash_operator.py
[2024-05-23T19:41:31.394+0000] {processor.py:840} INFO - DAG(s) 'example_bash_operator' retrieved from /home/airflow/.local/lib/python3.12/site-packages/airflow/example_dags/example_bash_operator.py
[2024-05-23T19:41:31.437+0000] {logging_mixin.py:188} INFO - [2024-05-23T19:41:31.436+0000] {dag.py:3096} INFO - Sync 1 DAGs
[2024-05-23T19:41:31.474+0000] {logging_mixin.py:188} INFO - [2024-05-23T19:41:31.473+0000] {dag.py:3954} INFO - Setting next_dagrun for example_bash_operator to 2024-05-23 00:00:00+00:00, run_after=2024-05-24 00:00:00+00:00
[2024-05-23T19:41:31.501+0000] {processor.py:183} INFO - Processing /home/airflow/.local/lib/python3.12/site-packages/airflow/example_dags/example_bash_operator.py took 0.139 seconds
[2024-05-23T19:42:01.853+0000] {processor.py:161} INFO - Started process (PID=6565) to work on /home/airflow/.local/lib/python3.12/site-packages/airflow/example_dags/example_bash_operator.py
[2024-05-23T19:42:01.855+0000] {processor.py:830} INFO - Processing file /home/airflow/.local/lib/python3.12/site-packages/airflow/example_dags/example_bash_operator.py for tasks to queue
[2024-05-23T19:42:01.858+0000] {logging_mixin.py:188} INFO - [2024-05-23T19:42:01.858+0000] {dagbag.py:545} INFO - Filling up the DagBag from /home/airflow/.local/lib/python3.12/site-packages/airflow/example_dags/example_bash_operator.py
[2024-05-23T19:42:01.879+0000] {processor.py:840} INFO - DAG(s) 'example_bash_operator' retrieved from /home/airflow/.local/lib/python3.12/site-packages/airflow/example_dags/example_bash_operator.py
[2024-05-23T19:42:01.925+0000] {logging_mixin.py:188} INFO - [2024-05-23T19:42:01.925+0000] {dag.py:3096} INFO - Sync 1 DAGs
[2024-05-23T19:42:01.964+0000] {logging_mixin.py:188} INFO - [2024-05-23T19:42:01.963+0000] {dag.py:3954} INFO - Setting next_dagrun for example_bash_operator to 2024-05-23 00:00:00+00:00, run_after=2024-05-24 00:00:00+00:00
[2024-05-23T19:42:01.995+0000] {processor.py:183} INFO - Processing /home/airflow/.local/lib/python3.12/site-packages/airflow/example_dags/example_bash_operator.py took 0.151 seconds
[2024-05-23T19:42:32.050+0000] {processor.py:161} INFO - Started process (PID=6827) to work on /home/airflow/.local/lib/python3.12/site-packages/airflow/example_dags/example_bash_operator.py
[2024-05-23T19:42:32.052+0000] {processor.py:830} INFO - Processing file /home/airflow/.local/lib/python3.12/site-packages/airflow/example_dags/example_bash_operator.py for tasks to queue
[2024-05-23T19:42:32.056+0000] {logging_mixin.py:188} INFO - [2024-05-23T19:42:32.055+0000] {dagbag.py:545} INFO - Filling up the DagBag from /home/airflow/.local/lib/python3.12/site-packages/airflow/example_dags/example_bash_operator.py
[2024-05-23T19:42:32.091+0000] {processor.py:840} INFO - DAG(s) 'example_bash_operator' retrieved from /home/airflow/.local/lib/python3.12/site-packages/airflow/example_dags/example_bash_operator.py
[2024-05-23T19:42:32.162+0000] {logging_mixin.py:188} INFO - [2024-05-23T19:42:32.162+0000] {dag.py:3096} INFO - Sync 1 DAGs
[2024-05-23T19:42:32.197+0000] {logging_mixin.py:188} INFO - [2024-05-23T19:42:32.196+0000] {dag.py:3954} INFO - Setting next_dagrun for example_bash_operator to 2024-05-23 00:00:00+00:00, run_after=2024-05-24 00:00:00+00:00
[2024-05-23T19:42:32.223+0000] {processor.py:183} INFO - Processing /home/airflow/.local/lib/python3.12/site-packages/airflow/example_dags/example_bash_operator.py took 0.184 seconds
[2024-05-23T19:43:02.367+0000] {processor.py:161} INFO - Started process (PID=7089) to work on /home/airflow/.local/lib/python3.12/site-packages/airflow/example_dags/example_bash_operator.py
[2024-05-23T19:43:02.368+0000] {processor.py:830} INFO - Processing file /home/airflow/.local/lib/python3.12/site-packages/airflow/example_dags/example_bash_operator.py for tasks to queue
[2024-05-23T19:43:02.371+0000] {logging_mixin.py:188} INFO - [2024-05-23T19:43:02.371+0000] {dagbag.py:545} INFO - Filling up the DagBag from /home/airflow/.local/lib/python3.12/site-packages/airflow/example_dags/example_bash_operator.py
[2024-05-23T19:43:02.390+0000] {processor.py:840} INFO - DAG(s) 'example_bash_operator' retrieved from /home/airflow/.local/lib/python3.12/site-packages/airflow/example_dags/example_bash_operator.py
[2024-05-23T19:43:02.435+0000] {logging_mixin.py:188} INFO - [2024-05-23T19:43:02.435+0000] {dag.py:3096} INFO - Sync 1 DAGs
[2024-05-23T19:43:02.477+0000] {logging_mixin.py:188} INFO - [2024-05-23T19:43:02.477+0000] {dag.py:3954} INFO - Setting next_dagrun for example_bash_operator to 2024-05-23 00:00:00+00:00, run_after=2024-05-24 00:00:00+00:00
[2024-05-23T19:43:02.508+0000] {processor.py:183} INFO - Processing /home/airflow/.local/lib/python3.12/site-packages/airflow/example_dags/example_bash_operator.py took 0.149 seconds
[2024-05-23T19:43:32.691+0000] {processor.py:161} INFO - Started process (PID=7351) to work on /home/airflow/.local/lib/python3.12/site-packages/airflow/example_dags/example_bash_operator.py
[2024-05-23T19:43:32.693+0000] {processor.py:830} INFO - Processing file /home/airflow/.local/lib/python3.12/site-packages/airflow/example_dags/example_bash_operator.py for tasks to queue
[2024-05-23T19:43:32.696+0000] {logging_mixin.py:188} INFO - [2024-05-23T19:43:32.696+0000] {dagbag.py:545} INFO - Filling up the DagBag from /home/airflow/.local/lib/python3.12/site-packages/airflow/example_dags/example_bash_operator.py
[2024-05-23T19:43:32.713+0000] {processor.py:840} INFO - DAG(s) 'example_bash_operator' retrieved from /home/airflow/.local/lib/python3.12/site-packages/airflow/example_dags/example_bash_operator.py
[2024-05-23T19:43:32.756+0000] {logging_mixin.py:188} INFO - [2024-05-23T19:43:32.756+0000] {dag.py:3096} INFO - Sync 1 DAGs
[2024-05-23T19:43:32.793+0000] {logging_mixin.py:188} INFO - [2024-05-23T19:43:32.793+0000] {dag.py:3954} INFO - Setting next_dagrun for example_bash_operator to 2024-05-23 00:00:00+00:00, run_after=2024-05-24 00:00:00+00:00
[2024-05-23T19:43:32.820+0000] {processor.py:183} INFO - Processing /home/airflow/.local/lib/python3.12/site-packages/airflow/example_dags/example_bash_operator.py took 0.139 seconds
[2024-05-23T19:44:03.364+0000] {processor.py:161} INFO - Started process (PID=7613) to work on /home/airflow/.local/lib/python3.12/site-packages/airflow/example_dags/example_bash_operator.py
[2024-05-23T19:44:03.366+0000] {processor.py:830} INFO - Processing file /home/airflow/.local/lib/python3.12/site-packages/airflow/example_dags/example_bash_operator.py for tasks to queue
[2024-05-23T19:44:03.368+0000] {logging_mixin.py:188} INFO - [2024-05-23T19:44:03.368+0000] {dagbag.py:545} INFO - Filling up the DagBag from /home/airflow/.local/lib/python3.12/site-packages/airflow/example_dags/example_bash_operator.py
[2024-05-23T19:44:03.385+0000] {processor.py:840} INFO - DAG(s) 'example_bash_operator' retrieved from /home/airflow/.local/lib/python3.12/site-packages/airflow/example_dags/example_bash_operator.py
[2024-05-23T19:44:03.431+0000] {logging_mixin.py:188} INFO - [2024-05-23T19:44:03.430+0000] {dag.py:3096} INFO - Sync 1 DAGs
[2024-05-23T19:44:03.471+0000] {logging_mixin.py:188} INFO - [2024-05-23T19:44:03.471+0000] {dag.py:3954} INFO - Setting next_dagrun for example_bash_operator to 2024-05-23 00:00:00+00:00, run_after=2024-05-24 00:00:00+00:00
[2024-05-23T19:44:03.498+0000] {processor.py:183} INFO - Processing /home/airflow/.local/lib/python3.12/site-packages/airflow/example_dags/example_bash_operator.py took 0.143 seconds
[2024-05-23T19:44:33.674+0000] {processor.py:161} INFO - Started process (PID=7875) to work on /home/airflow/.local/lib/python3.12/site-packages/airflow/example_dags/example_bash_operator.py
[2024-05-23T19:44:33.675+0000] {processor.py:830} INFO - Processing file /home/airflow/.local/lib/python3.12/site-packages/airflow/example_dags/example_bash_operator.py for tasks to queue
[2024-05-23T19:44:33.678+0000] {logging_mixin.py:188} INFO - [2024-05-23T19:44:33.677+0000] {dagbag.py:545} INFO - Filling up the DagBag from /home/airflow/.local/lib/python3.12/site-packages/airflow/example_dags/example_bash_operator.py
[2024-05-23T19:44:33.694+0000] {processor.py:840} INFO - DAG(s) 'example_bash_operator' retrieved from /home/airflow/.local/lib/python3.12/site-packages/airflow/example_dags/example_bash_operator.py
[2024-05-23T19:44:33.735+0000] {logging_mixin.py:188} INFO - [2024-05-23T19:44:33.735+0000] {dag.py:3096} INFO - Sync 1 DAGs
[2024-05-23T19:44:33.770+0000] {logging_mixin.py:188} INFO - [2024-05-23T19:44:33.770+0000] {dag.py:3954} INFO - Setting next_dagrun for example_bash_operator to 2024-05-23 00:00:00+00:00, run_after=2024-05-24 00:00:00+00:00
[2024-05-23T19:44:33.795+0000] {processor.py:183} INFO - Processing /home/airflow/.local/lib/python3.12/site-packages/airflow/example_dags/example_bash_operator.py took 0.130 seconds
[2024-05-23T19:45:04.508+0000] {processor.py:161} INFO - Started process (PID=8131) to work on /home/airflow/.local/lib/python3.12/site-packages/airflow/example_dags/example_bash_operator.py
[2024-05-23T19:45:04.509+0000] {processor.py:830} INFO - Processing file /home/airflow/.local/lib/python3.12/site-packages/airflow/example_dags/example_bash_operator.py for tasks to queue
[2024-05-23T19:45:04.512+0000] {logging_mixin.py:188} INFO - [2024-05-23T19:45:04.512+0000] {dagbag.py:545} INFO - Filling up the DagBag from /home/airflow/.local/lib/python3.12/site-packages/airflow/example_dags/example_bash_operator.py
[2024-05-23T19:45:04.527+0000] {processor.py:840} INFO - DAG(s) 'example_bash_operator' retrieved from /home/airflow/.local/lib/python3.12/site-packages/airflow/example_dags/example_bash_operator.py
[2024-05-23T19:45:04.569+0000] {logging_mixin.py:188} INFO - [2024-05-23T19:45:04.568+0000] {dag.py:3096} INFO - Sync 1 DAGs
[2024-05-23T19:45:04.601+0000] {logging_mixin.py:188} INFO - [2024-05-23T19:45:04.601+0000] {dag.py:3954} INFO - Setting next_dagrun for example_bash_operator to 2024-05-23 00:00:00+00:00, run_after=2024-05-24 00:00:00+00:00
[2024-05-23T19:45:04.625+0000] {processor.py:183} INFO - Processing /home/airflow/.local/lib/python3.12/site-packages/airflow/example_dags/example_bash_operator.py took 0.125 seconds
[2024-05-23T19:45:34.961+0000] {processor.py:161} INFO - Started process (PID=8393) to work on /home/airflow/.local/lib/python3.12/site-packages/airflow/example_dags/example_bash_operator.py
[2024-05-23T19:45:34.962+0000] {processor.py:830} INFO - Processing file /home/airflow/.local/lib/python3.12/site-packages/airflow/example_dags/example_bash_operator.py for tasks to queue
[2024-05-23T19:45:34.964+0000] {logging_mixin.py:188} INFO - [2024-05-23T19:45:34.964+0000] {dagbag.py:545} INFO - Filling up the DagBag from /home/airflow/.local/lib/python3.12/site-packages/airflow/example_dags/example_bash_operator.py
[2024-05-23T19:45:34.979+0000] {processor.py:840} INFO - DAG(s) 'example_bash_operator' retrieved from /home/airflow/.local/lib/python3.12/site-packages/airflow/example_dags/example_bash_operator.py
[2024-05-23T19:45:35.019+0000] {logging_mixin.py:188} INFO - [2024-05-23T19:45:35.019+0000] {dag.py:3096} INFO - Sync 1 DAGs
[2024-05-23T19:45:35.051+0000] {logging_mixin.py:188} INFO - [2024-05-23T19:45:35.051+0000] {dag.py:3954} INFO - Setting next_dagrun for example_bash_operator to 2024-05-23 00:00:00+00:00, run_after=2024-05-24 00:00:00+00:00
[2024-05-23T19:45:35.075+0000] {processor.py:183} INFO - Processing /home/airflow/.local/lib/python3.12/site-packages/airflow/example_dags/example_bash_operator.py took 0.123 seconds
[2024-05-23T19:46:05.206+0000] {processor.py:161} INFO - Started process (PID=8655) to work on /home/airflow/.local/lib/python3.12/site-packages/airflow/example_dags/example_bash_operator.py
[2024-05-23T19:46:05.208+0000] {processor.py:830} INFO - Processing file /home/airflow/.local/lib/python3.12/site-packages/airflow/example_dags/example_bash_operator.py for tasks to queue
[2024-05-23T19:46:05.210+0000] {logging_mixin.py:188} INFO - [2024-05-23T19:46:05.210+0000] {dagbag.py:545} INFO - Filling up the DagBag from /home/airflow/.local/lib/python3.12/site-packages/airflow/example_dags/example_bash_operator.py
[2024-05-23T19:46:05.225+0000] {processor.py:840} INFO - DAG(s) 'example_bash_operator' retrieved from /home/airflow/.local/lib/python3.12/site-packages/airflow/example_dags/example_bash_operator.py
[2024-05-23T19:46:05.262+0000] {logging_mixin.py:188} INFO - [2024-05-23T19:46:05.262+0000] {dag.py:3096} INFO - Sync 1 DAGs
[2024-05-23T19:46:05.288+0000] {logging_mixin.py:188} INFO - [2024-05-23T19:46:05.287+0000] {dag.py:3954} INFO - Setting next_dagrun for example_bash_operator to 2024-05-23 00:00:00+00:00, run_after=2024-05-24 00:00:00+00:00
[2024-05-23T19:46:05.308+0000] {processor.py:183} INFO - Processing /home/airflow/.local/lib/python3.12/site-packages/airflow/example_dags/example_bash_operator.py took 0.110 seconds
[2024-05-23T19:46:35.460+0000] {processor.py:161} INFO - Started process (PID=8917) to work on /home/airflow/.local/lib/python3.12/site-packages/airflow/example_dags/example_bash_operator.py
[2024-05-23T19:46:35.461+0000] {processor.py:830} INFO - Processing file /home/airflow/.local/lib/python3.12/site-packages/airflow/example_dags/example_bash_operator.py for tasks to queue
[2024-05-23T19:46:35.464+0000] {logging_mixin.py:188} INFO - [2024-05-23T19:46:35.464+0000] {dagbag.py:545} INFO - Filling up the DagBag from /home/airflow/.local/lib/python3.12/site-packages/airflow/example_dags/example_bash_operator.py
[2024-05-23T19:46:35.480+0000] {processor.py:840} INFO - DAG(s) 'example_bash_operator' retrieved from /home/airflow/.local/lib/python3.12/site-packages/airflow/example_dags/example_bash_operator.py
[2024-05-23T19:46:35.518+0000] {logging_mixin.py:188} INFO - [2024-05-23T19:46:35.517+0000] {dag.py:3096} INFO - Sync 1 DAGs
[2024-05-23T19:46:35.542+0000] {logging_mixin.py:188} INFO - [2024-05-23T19:46:35.542+0000] {dag.py:3954} INFO - Setting next_dagrun for example_bash_operator to 2024-05-23 00:00:00+00:00, run_after=2024-05-24 00:00:00+00:00
[2024-05-23T19:46:35.566+0000] {processor.py:183} INFO - Processing /home/airflow/.local/lib/python3.12/site-packages/airflow/example_dags/example_bash_operator.py took 0.114 seconds
[2024-05-23T19:47:05.726+0000] {processor.py:161} INFO - Started process (PID=9179) to work on /home/airflow/.local/lib/python3.12/site-packages/airflow/example_dags/example_bash_operator.py
[2024-05-23T19:47:05.727+0000] {processor.py:830} INFO - Processing file /home/airflow/.local/lib/python3.12/site-packages/airflow/example_dags/example_bash_operator.py for tasks to queue
[2024-05-23T19:47:05.730+0000] {logging_mixin.py:188} INFO - [2024-05-23T19:47:05.729+0000] {dagbag.py:545} INFO - Filling up the DagBag from /home/airflow/.local/lib/python3.12/site-packages/airflow/example_dags/example_bash_operator.py
[2024-05-23T19:47:05.746+0000] {processor.py:840} INFO - DAG(s) 'example_bash_operator' retrieved from /home/airflow/.local/lib/python3.12/site-packages/airflow/example_dags/example_bash_operator.py
[2024-05-23T19:47:05.783+0000] {logging_mixin.py:188} INFO - [2024-05-23T19:47:05.783+0000] {dag.py:3096} INFO - Sync 1 DAGs
[2024-05-23T19:47:05.811+0000] {logging_mixin.py:188} INFO - [2024-05-23T19:47:05.811+0000] {dag.py:3954} INFO - Setting next_dagrun for example_bash_operator to 2024-05-23 00:00:00+00:00, run_after=2024-05-24 00:00:00+00:00
[2024-05-23T19:47:05.833+0000] {processor.py:183} INFO - Processing /home/airflow/.local/lib/python3.12/site-packages/airflow/example_dags/example_bash_operator.py took 0.116 seconds
[2024-05-23T19:47:35.900+0000] {processor.py:161} INFO - Started process (PID=9441) to work on /home/airflow/.local/lib/python3.12/site-packages/airflow/example_dags/example_bash_operator.py
[2024-05-23T19:47:35.902+0000] {processor.py:830} INFO - Processing file /home/airflow/.local/lib/python3.12/site-packages/airflow/example_dags/example_bash_operator.py for tasks to queue
[2024-05-23T19:47:35.905+0000] {logging_mixin.py:188} INFO - [2024-05-23T19:47:35.904+0000] {dagbag.py:545} INFO - Filling up the DagBag from /home/airflow/.local/lib/python3.12/site-packages/airflow/example_dags/example_bash_operator.py
[2024-05-23T19:47:35.921+0000] {processor.py:840} INFO - DAG(s) 'example_bash_operator' retrieved from /home/airflow/.local/lib/python3.12/site-packages/airflow/example_dags/example_bash_operator.py
[2024-05-23T19:47:35.963+0000] {logging_mixin.py:188} INFO - [2024-05-23T19:47:35.963+0000] {dag.py:3096} INFO - Sync 1 DAGs
[2024-05-23T19:47:35.998+0000] {logging_mixin.py:188} INFO - [2024-05-23T19:47:35.998+0000] {dag.py:3954} INFO - Setting next_dagrun for example_bash_operator to 2024-05-23 00:00:00+00:00, run_after=2024-05-24 00:00:00+00:00
[2024-05-23T19:47:36.023+0000] {processor.py:183} INFO - Processing /home/airflow/.local/lib/python3.12/site-packages/airflow/example_dags/example_bash_operator.py took 0.131 seconds
[2024-05-23T19:48:06.334+0000] {processor.py:161} INFO - Started process (PID=9703) to work on /home/airflow/.local/lib/python3.12/site-packages/airflow/example_dags/example_bash_operator.py
[2024-05-23T19:48:06.335+0000] {processor.py:830} INFO - Processing file /home/airflow/.local/lib/python3.12/site-packages/airflow/example_dags/example_bash_operator.py for tasks to queue
[2024-05-23T19:48:06.338+0000] {logging_mixin.py:188} INFO - [2024-05-23T19:48:06.337+0000] {dagbag.py:545} INFO - Filling up the DagBag from /home/airflow/.local/lib/python3.12/site-packages/airflow/example_dags/example_bash_operator.py
[2024-05-23T19:48:06.353+0000] {processor.py:840} INFO - DAG(s) 'example_bash_operator' retrieved from /home/airflow/.local/lib/python3.12/site-packages/airflow/example_dags/example_bash_operator.py
[2024-05-23T19:48:06.393+0000] {logging_mixin.py:188} INFO - [2024-05-23T19:48:06.393+0000] {dag.py:3096} INFO - Sync 1 DAGs
[2024-05-23T19:48:06.562+0000] {logging_mixin.py:188} INFO - [2024-05-23T19:48:06.562+0000] {dag.py:3954} INFO - Setting next_dagrun for example_bash_operator to 2024-05-23 00:00:00+00:00, run_after=2024-05-24 00:00:00+00:00
[2024-05-23T19:48:06.590+0000] {processor.py:183} INFO - Processing /home/airflow/.local/lib/python3.12/site-packages/airflow/example_dags/example_bash_operator.py took 0.265 seconds
[2024-05-23T19:48:36.899+0000] {processor.py:161} INFO - Started process (PID=9965) to work on /home/airflow/.local/lib/python3.12/site-packages/airflow/example_dags/example_bash_operator.py
[2024-05-23T19:48:36.900+0000] {processor.py:830} INFO - Processing file /home/airflow/.local/lib/python3.12/site-packages/airflow/example_dags/example_bash_operator.py for tasks to queue
[2024-05-23T19:48:36.904+0000] {logging_mixin.py:188} INFO - [2024-05-23T19:48:36.903+0000] {dagbag.py:545} INFO - Filling up the DagBag from /home/airflow/.local/lib/python3.12/site-packages/airflow/example_dags/example_bash_operator.py
[2024-05-23T19:48:36.921+0000] {processor.py:840} INFO - DAG(s) 'example_bash_operator' retrieved from /home/airflow/.local/lib/python3.12/site-packages/airflow/example_dags/example_bash_operator.py
[2024-05-23T19:48:36.962+0000] {logging_mixin.py:188} INFO - [2024-05-23T19:48:36.962+0000] {dag.py:3096} INFO - Sync 1 DAGs
[2024-05-23T19:48:36.995+0000] {logging_mixin.py:188} INFO - [2024-05-23T19:48:36.995+0000] {dag.py:3954} INFO - Setting next_dagrun for example_bash_operator to 2024-05-23 00:00:00+00:00, run_after=2024-05-24 00:00:00+00:00
[2024-05-23T19:48:37.024+0000] {processor.py:183} INFO - Processing /home/airflow/.local/lib/python3.12/site-packages/airflow/example_dags/example_bash_operator.py took 0.133 seconds
[2024-05-23T19:49:07.130+0000] {processor.py:161} INFO - Started process (PID=10227) to work on /home/airflow/.local/lib/python3.12/site-packages/airflow/example_dags/example_bash_operator.py
[2024-05-23T19:49:07.132+0000] {processor.py:830} INFO - Processing file /home/airflow/.local/lib/python3.12/site-packages/airflow/example_dags/example_bash_operator.py for tasks to queue
[2024-05-23T19:49:07.134+0000] {logging_mixin.py:188} INFO - [2024-05-23T19:49:07.134+0000] {dagbag.py:545} INFO - Filling up the DagBag from /home/airflow/.local/lib/python3.12/site-packages/airflow/example_dags/example_bash_operator.py
[2024-05-23T19:49:07.151+0000] {processor.py:840} INFO - DAG(s) 'example_bash_operator' retrieved from /home/airflow/.local/lib/python3.12/site-packages/airflow/example_dags/example_bash_operator.py
[2024-05-23T19:49:07.193+0000] {logging_mixin.py:188} INFO - [2024-05-23T19:49:07.192+0000] {dag.py:3096} INFO - Sync 1 DAGs
[2024-05-23T19:49:07.225+0000] {logging_mixin.py:188} INFO - [2024-05-23T19:49:07.225+0000] {dag.py:3954} INFO - Setting next_dagrun for example_bash_operator to 2024-05-23 00:00:00+00:00, run_after=2024-05-24 00:00:00+00:00
[2024-05-23T19:49:07.252+0000] {processor.py:183} INFO - Processing /home/airflow/.local/lib/python3.12/site-packages/airflow/example_dags/example_bash_operator.py took 0.129 seconds
[2024-05-23T19:49:37.469+0000] {processor.py:161} INFO - Started process (PID=10489) to work on /home/airflow/.local/lib/python3.12/site-packages/airflow/example_dags/example_bash_operator.py
[2024-05-23T19:49:37.471+0000] {processor.py:830} INFO - Processing file /home/airflow/.local/lib/python3.12/site-packages/airflow/example_dags/example_bash_operator.py for tasks to queue
[2024-05-23T19:49:37.474+0000] {logging_mixin.py:188} INFO - [2024-05-23T19:49:37.474+0000] {dagbag.py:545} INFO - Filling up the DagBag from /home/airflow/.local/lib/python3.12/site-packages/airflow/example_dags/example_bash_operator.py
[2024-05-23T19:49:37.491+0000] {processor.py:840} INFO - DAG(s) 'example_bash_operator' retrieved from /home/airflow/.local/lib/python3.12/site-packages/airflow/example_dags/example_bash_operator.py
[2024-05-23T19:49:37.533+0000] {logging_mixin.py:188} INFO - [2024-05-23T19:49:37.533+0000] {dag.py:3096} INFO - Sync 1 DAGs
[2024-05-23T19:49:37.568+0000] {logging_mixin.py:188} INFO - [2024-05-23T19:49:37.568+0000] {dag.py:3954} INFO - Setting next_dagrun for example_bash_operator to 2024-05-23 00:00:00+00:00, run_after=2024-05-24 00:00:00+00:00
[2024-05-23T19:49:37.595+0000] {processor.py:183} INFO - Processing /home/airflow/.local/lib/python3.12/site-packages/airflow/example_dags/example_bash_operator.py took 0.135 seconds
[2024-05-23T19:50:07.941+0000] {processor.py:161} INFO - Started process (PID=10751) to work on /home/airflow/.local/lib/python3.12/site-packages/airflow/example_dags/example_bash_operator.py
[2024-05-23T19:50:07.943+0000] {processor.py:830} INFO - Processing file /home/airflow/.local/lib/python3.12/site-packages/airflow/example_dags/example_bash_operator.py for tasks to queue
[2024-05-23T19:50:07.945+0000] {logging_mixin.py:188} INFO - [2024-05-23T19:50:07.945+0000] {dagbag.py:545} INFO - Filling up the DagBag from /home/airflow/.local/lib/python3.12/site-packages/airflow/example_dags/example_bash_operator.py
[2024-05-23T19:50:07.962+0000] {processor.py:840} INFO - DAG(s) 'example_bash_operator' retrieved from /home/airflow/.local/lib/python3.12/site-packages/airflow/example_dags/example_bash_operator.py
[2024-05-23T19:50:08.003+0000] {logging_mixin.py:188} INFO - [2024-05-23T19:50:08.002+0000] {dag.py:3096} INFO - Sync 1 DAGs
[2024-05-23T19:50:08.037+0000] {logging_mixin.py:188} INFO - [2024-05-23T19:50:08.037+0000] {dag.py:3954} INFO - Setting next_dagrun for example_bash_operator to 2024-05-23 00:00:00+00:00, run_after=2024-05-24 00:00:00+00:00
[2024-05-23T19:50:08.064+0000] {processor.py:183} INFO - Processing /home/airflow/.local/lib/python3.12/site-packages/airflow/example_dags/example_bash_operator.py took 0.132 seconds
[2024-05-23T19:50:39.529+0000] {processor.py:161} INFO - Started process (PID=11013) to work on /home/airflow/.local/lib/python3.12/site-packages/airflow/example_dags/example_bash_operator.py
[2024-05-23T19:50:39.531+0000] {processor.py:830} INFO - Processing file /home/airflow/.local/lib/python3.12/site-packages/airflow/example_dags/example_bash_operator.py for tasks to queue
[2024-05-23T19:50:39.533+0000] {logging_mixin.py:188} INFO - [2024-05-23T19:50:39.533+0000] {dagbag.py:545} INFO - Filling up the DagBag from /home/airflow/.local/lib/python3.12/site-packages/airflow/example_dags/example_bash_operator.py
[2024-05-23T19:50:39.552+0000] {processor.py:840} INFO - DAG(s) 'example_bash_operator' retrieved from /home/airflow/.local/lib/python3.12/site-packages/airflow/example_dags/example_bash_operator.py
[2024-05-23T19:50:39.756+0000] {logging_mixin.py:188} INFO - [2024-05-23T19:50:39.756+0000] {dag.py:3096} INFO - Sync 1 DAGs
[2024-05-23T19:50:39.788+0000] {logging_mixin.py:188} INFO - [2024-05-23T19:50:39.787+0000] {dag.py:3954} INFO - Setting next_dagrun for example_bash_operator to 2024-05-23 00:00:00+00:00, run_after=2024-05-24 00:00:00+00:00
[2024-05-23T19:50:39.814+0000] {processor.py:183} INFO - Processing /home/airflow/.local/lib/python3.12/site-packages/airflow/example_dags/example_bash_operator.py took 0.295 seconds
[2024-05-23T19:51:10.376+0000] {processor.py:161} INFO - Started process (PID=11273) to work on /home/airflow/.local/lib/python3.12/site-packages/airflow/example_dags/example_bash_operator.py
[2024-05-23T19:51:10.377+0000] {processor.py:830} INFO - Processing file /home/airflow/.local/lib/python3.12/site-packages/airflow/example_dags/example_bash_operator.py for tasks to queue
[2024-05-23T19:51:10.380+0000] {logging_mixin.py:188} INFO - [2024-05-23T19:51:10.379+0000] {dagbag.py:545} INFO - Filling up the DagBag from /home/airflow/.local/lib/python3.12/site-packages/airflow/example_dags/example_bash_operator.py
[2024-05-23T19:51:10.397+0000] {processor.py:840} INFO - DAG(s) 'example_bash_operator' retrieved from /home/airflow/.local/lib/python3.12/site-packages/airflow/example_dags/example_bash_operator.py
[2024-05-23T19:51:10.440+0000] {logging_mixin.py:188} INFO - [2024-05-23T19:51:10.439+0000] {dag.py:3096} INFO - Sync 1 DAGs
[2024-05-23T19:51:10.476+0000] {logging_mixin.py:188} INFO - [2024-05-23T19:51:10.475+0000] {dag.py:3954} INFO - Setting next_dagrun for example_bash_operator to 2024-05-23 00:00:00+00:00, run_after=2024-05-24 00:00:00+00:00
[2024-05-23T19:51:10.502+0000] {processor.py:183} INFO - Processing /home/airflow/.local/lib/python3.12/site-packages/airflow/example_dags/example_bash_operator.py took 0.136 seconds
[2024-05-23T19:51:41.385+0000] {processor.py:161} INFO - Started process (PID=11535) to work on /home/airflow/.local/lib/python3.12/site-packages/airflow/example_dags/example_bash_operator.py
[2024-05-23T19:51:41.387+0000] {processor.py:830} INFO - Processing file /home/airflow/.local/lib/python3.12/site-packages/airflow/example_dags/example_bash_operator.py for tasks to queue
[2024-05-23T19:51:41.390+0000] {logging_mixin.py:188} INFO - [2024-05-23T19:51:41.390+0000] {dagbag.py:545} INFO - Filling up the DagBag from /home/airflow/.local/lib/python3.12/site-packages/airflow/example_dags/example_bash_operator.py
[2024-05-23T19:51:41.409+0000] {processor.py:840} INFO - DAG(s) 'example_bash_operator' retrieved from /home/airflow/.local/lib/python3.12/site-packages/airflow/example_dags/example_bash_operator.py
[2024-05-23T19:51:41.459+0000] {logging_mixin.py:188} INFO - [2024-05-23T19:51:41.458+0000] {dag.py:3096} INFO - Sync 1 DAGs
[2024-05-23T19:51:41.498+0000] {logging_mixin.py:188} INFO - [2024-05-23T19:51:41.498+0000] {dag.py:3954} INFO - Setting next_dagrun for example_bash_operator to 2024-05-23 00:00:00+00:00, run_after=2024-05-24 00:00:00+00:00
[2024-05-23T19:51:41.528+0000] {processor.py:183} INFO - Processing /home/airflow/.local/lib/python3.12/site-packages/airflow/example_dags/example_bash_operator.py took 0.152 seconds
[2024-05-23T19:52:11.787+0000] {processor.py:161} INFO - Started process (PID=11797) to work on /home/airflow/.local/lib/python3.12/site-packages/airflow/example_dags/example_bash_operator.py
[2024-05-23T19:52:11.789+0000] {processor.py:830} INFO - Processing file /home/airflow/.local/lib/python3.12/site-packages/airflow/example_dags/example_bash_operator.py for tasks to queue
[2024-05-23T19:52:11.793+0000] {logging_mixin.py:188} INFO - [2024-05-23T19:52:11.792+0000] {dagbag.py:545} INFO - Filling up the DagBag from /home/airflow/.local/lib/python3.12/site-packages/airflow/example_dags/example_bash_operator.py
[2024-05-23T19:52:11.810+0000] {processor.py:840} INFO - DAG(s) 'example_bash_operator' retrieved from /home/airflow/.local/lib/python3.12/site-packages/airflow/example_dags/example_bash_operator.py
[2024-05-23T19:52:11.852+0000] {logging_mixin.py:188} INFO - [2024-05-23T19:52:11.852+0000] {dag.py:3096} INFO - Sync 1 DAGs
[2024-05-23T19:52:11.892+0000] {logging_mixin.py:188} INFO - [2024-05-23T19:52:11.892+0000] {dag.py:3954} INFO - Setting next_dagrun for example_bash_operator to 2024-05-23 00:00:00+00:00, run_after=2024-05-24 00:00:00+00:00
[2024-05-23T19:52:11.942+0000] {processor.py:183} INFO - Processing /home/airflow/.local/lib/python3.12/site-packages/airflow/example_dags/example_bash_operator.py took 0.163 seconds
[2024-05-23T19:52:42.142+0000] {processor.py:161} INFO - Started process (PID=12059) to work on /home/airflow/.local/lib/python3.12/site-packages/airflow/example_dags/example_bash_operator.py
[2024-05-23T19:52:42.144+0000] {processor.py:830} INFO - Processing file /home/airflow/.local/lib/python3.12/site-packages/airflow/example_dags/example_bash_operator.py for tasks to queue
[2024-05-23T19:52:42.147+0000] {logging_mixin.py:188} INFO - [2024-05-23T19:52:42.147+0000] {dagbag.py:545} INFO - Filling up the DagBag from /home/airflow/.local/lib/python3.12/site-packages/airflow/example_dags/example_bash_operator.py
[2024-05-23T19:52:42.165+0000] {processor.py:840} INFO - DAG(s) 'example_bash_operator' retrieved from /home/airflow/.local/lib/python3.12/site-packages/airflow/example_dags/example_bash_operator.py
[2024-05-23T19:52:42.208+0000] {logging_mixin.py:188} INFO - [2024-05-23T19:52:42.207+0000] {dag.py:3096} INFO - Sync 1 DAGs
[2024-05-23T19:52:42.242+0000] {logging_mixin.py:188} INFO - [2024-05-23T19:52:42.242+0000] {dag.py:3954} INFO - Setting next_dagrun for example_bash_operator to 2024-05-23 00:00:00+00:00, run_after=2024-05-24 00:00:00+00:00
[2024-05-23T19:52:42.276+0000] {processor.py:183} INFO - Processing /home/airflow/.local/lib/python3.12/site-packages/airflow/example_dags/example_bash_operator.py took 0.143 seconds
[2024-05-23T19:53:12.479+0000] {processor.py:161} INFO - Started process (PID=12321) to work on /home/airflow/.local/lib/python3.12/site-packages/airflow/example_dags/example_bash_operator.py
[2024-05-23T19:53:12.481+0000] {processor.py:830} INFO - Processing file /home/airflow/.local/lib/python3.12/site-packages/airflow/example_dags/example_bash_operator.py for tasks to queue
[2024-05-23T19:53:12.483+0000] {logging_mixin.py:188} INFO - [2024-05-23T19:53:12.483+0000] {dagbag.py:545} INFO - Filling up the DagBag from /home/airflow/.local/lib/python3.12/site-packages/airflow/example_dags/example_bash_operator.py
[2024-05-23T19:53:12.501+0000] {processor.py:840} INFO - DAG(s) 'example_bash_operator' retrieved from /home/airflow/.local/lib/python3.12/site-packages/airflow/example_dags/example_bash_operator.py
[2024-05-23T19:53:12.543+0000] {logging_mixin.py:188} INFO - [2024-05-23T19:53:12.543+0000] {dag.py:3096} INFO - Sync 1 DAGs
[2024-05-23T19:53:12.578+0000] {logging_mixin.py:188} INFO - [2024-05-23T19:53:12.578+0000] {dag.py:3954} INFO - Setting next_dagrun for example_bash_operator to 2024-05-23 00:00:00+00:00, run_after=2024-05-24 00:00:00+00:00
[2024-05-23T19:53:12.604+0000] {processor.py:183} INFO - Processing /home/airflow/.local/lib/python3.12/site-packages/airflow/example_dags/example_bash_operator.py took 0.134 seconds
[2024-05-23T19:53:42.743+0000] {processor.py:161} INFO - Started process (PID=12583) to work on /home/airflow/.local/lib/python3.12/site-packages/airflow/example_dags/example_bash_operator.py
[2024-05-23T19:53:42.745+0000] {processor.py:830} INFO - Processing file /home/airflow/.local/lib/python3.12/site-packages/airflow/example_dags/example_bash_operator.py for tasks to queue
[2024-05-23T19:53:42.748+0000] {logging_mixin.py:188} INFO - [2024-05-23T19:53:42.747+0000] {dagbag.py:545} INFO - Filling up the DagBag from /home/airflow/.local/lib/python3.12/site-packages/airflow/example_dags/example_bash_operator.py
[2024-05-23T19:53:42.765+0000] {processor.py:840} INFO - DAG(s) 'example_bash_operator' retrieved from /home/airflow/.local/lib/python3.12/site-packages/airflow/example_dags/example_bash_operator.py
[2024-05-23T19:53:42.810+0000] {logging_mixin.py:188} INFO - [2024-05-23T19:53:42.809+0000] {dag.py:3096} INFO - Sync 1 DAGs
[2024-05-23T19:53:42.844+0000] {logging_mixin.py:188} INFO - [2024-05-23T19:53:42.844+0000] {dag.py:3954} INFO - Setting next_dagrun for example_bash_operator to 2024-05-23 00:00:00+00:00, run_after=2024-05-24 00:00:00+00:00
[2024-05-23T19:53:42.873+0000] {processor.py:183} INFO - Processing /home/airflow/.local/lib/python3.12/site-packages/airflow/example_dags/example_bash_operator.py took 0.140 seconds
[2024-05-23T19:54:13.340+0000] {processor.py:161} INFO - Started process (PID=12845) to work on /home/airflow/.local/lib/python3.12/site-packages/airflow/example_dags/example_bash_operator.py
[2024-05-23T19:54:13.341+0000] {processor.py:830} INFO - Processing file /home/airflow/.local/lib/python3.12/site-packages/airflow/example_dags/example_bash_operator.py for tasks to queue
[2024-05-23T19:54:13.344+0000] {logging_mixin.py:188} INFO - [2024-05-23T19:54:13.344+0000] {dagbag.py:545} INFO - Filling up the DagBag from /home/airflow/.local/lib/python3.12/site-packages/airflow/example_dags/example_bash_operator.py
[2024-05-23T19:54:13.361+0000] {processor.py:840} INFO - DAG(s) 'example_bash_operator' retrieved from /home/airflow/.local/lib/python3.12/site-packages/airflow/example_dags/example_bash_operator.py
[2024-05-23T19:54:13.403+0000] {logging_mixin.py:188} INFO - [2024-05-23T19:54:13.403+0000] {dag.py:3096} INFO - Sync 1 DAGs
[2024-05-23T19:54:13.438+0000] {logging_mixin.py:188} INFO - [2024-05-23T19:54:13.438+0000] {dag.py:3954} INFO - Setting next_dagrun for example_bash_operator to 2024-05-23 00:00:00+00:00, run_after=2024-05-24 00:00:00+00:00
[2024-05-23T19:54:13.468+0000] {processor.py:183} INFO - Processing /home/airflow/.local/lib/python3.12/site-packages/airflow/example_dags/example_bash_operator.py took 0.137 seconds
[2024-05-23T19:54:44.197+0000] {processor.py:161} INFO - Started process (PID=13109) to work on /home/airflow/.local/lib/python3.12/site-packages/airflow/example_dags/example_bash_operator.py
[2024-05-23T19:54:44.199+0000] {processor.py:830} INFO - Processing file /home/airflow/.local/lib/python3.12/site-packages/airflow/example_dags/example_bash_operator.py for tasks to queue
[2024-05-23T19:54:44.201+0000] {logging_mixin.py:188} INFO - [2024-05-23T19:54:44.201+0000] {dagbag.py:545} INFO - Filling up the DagBag from /home/airflow/.local/lib/python3.12/site-packages/airflow/example_dags/example_bash_operator.py
[2024-05-23T19:54:44.216+0000] {processor.py:840} INFO - DAG(s) 'example_bash_operator' retrieved from /home/airflow/.local/lib/python3.12/site-packages/airflow/example_dags/example_bash_operator.py
[2024-05-23T19:54:44.253+0000] {logging_mixin.py:188} INFO - [2024-05-23T19:54:44.253+0000] {dag.py:3096} INFO - Sync 1 DAGs
[2024-05-23T19:54:44.284+0000] {logging_mixin.py:188} INFO - [2024-05-23T19:54:44.283+0000] {dag.py:3954} INFO - Setting next_dagrun for example_bash_operator to 2024-05-23 00:00:00+00:00, run_after=2024-05-24 00:00:00+00:00
[2024-05-23T19:54:44.305+0000] {processor.py:183} INFO - Processing /home/airflow/.local/lib/python3.12/site-packages/airflow/example_dags/example_bash_operator.py took 0.116 seconds
[2024-05-23T19:55:14.921+0000] {processor.py:161} INFO - Started process (PID=13369) to work on /home/airflow/.local/lib/python3.12/site-packages/airflow/example_dags/example_bash_operator.py
[2024-05-23T19:55:14.923+0000] {processor.py:830} INFO - Processing file /home/airflow/.local/lib/python3.12/site-packages/airflow/example_dags/example_bash_operator.py for tasks to queue
[2024-05-23T19:55:14.926+0000] {logging_mixin.py:188} INFO - [2024-05-23T19:55:14.925+0000] {dagbag.py:545} INFO - Filling up the DagBag from /home/airflow/.local/lib/python3.12/site-packages/airflow/example_dags/example_bash_operator.py
[2024-05-23T19:55:14.947+0000] {processor.py:840} INFO - DAG(s) 'example_bash_operator' retrieved from /home/airflow/.local/lib/python3.12/site-packages/airflow/example_dags/example_bash_operator.py
[2024-05-23T19:55:15.004+0000] {logging_mixin.py:188} INFO - [2024-05-23T19:55:15.004+0000] {dag.py:3096} INFO - Sync 1 DAGs
[2024-05-23T19:55:15.049+0000] {logging_mixin.py:188} INFO - [2024-05-23T19:55:15.048+0000] {dag.py:3954} INFO - Setting next_dagrun for example_bash_operator to 2024-05-23 00:00:00+00:00, run_after=2024-05-24 00:00:00+00:00
[2024-05-23T19:55:15.087+0000] {processor.py:183} INFO - Processing /home/airflow/.local/lib/python3.12/site-packages/airflow/example_dags/example_bash_operator.py took 0.175 seconds
[2024-05-23T19:55:45.550+0000] {processor.py:161} INFO - Started process (PID=13631) to work on /home/airflow/.local/lib/python3.12/site-packages/airflow/example_dags/example_bash_operator.py
[2024-05-23T19:55:45.552+0000] {processor.py:830} INFO - Processing file /home/airflow/.local/lib/python3.12/site-packages/airflow/example_dags/example_bash_operator.py for tasks to queue
[2024-05-23T19:55:45.554+0000] {logging_mixin.py:188} INFO - [2024-05-23T19:55:45.554+0000] {dagbag.py:545} INFO - Filling up the DagBag from /home/airflow/.local/lib/python3.12/site-packages/airflow/example_dags/example_bash_operator.py
[2024-05-23T19:55:45.573+0000] {processor.py:840} INFO - DAG(s) 'example_bash_operator' retrieved from /home/airflow/.local/lib/python3.12/site-packages/airflow/example_dags/example_bash_operator.py
[2024-05-23T19:55:45.616+0000] {logging_mixin.py:188} INFO - [2024-05-23T19:55:45.616+0000] {dag.py:3096} INFO - Sync 1 DAGs
[2024-05-23T19:55:45.653+0000] {logging_mixin.py:188} INFO - [2024-05-23T19:55:45.653+0000] {dag.py:3954} INFO - Setting next_dagrun for example_bash_operator to 2024-05-23 00:00:00+00:00, run_after=2024-05-24 00:00:00+00:00
[2024-05-23T19:55:45.681+0000] {processor.py:183} INFO - Processing /home/airflow/.local/lib/python3.12/site-packages/airflow/example_dags/example_bash_operator.py took 0.141 seconds
[2024-05-23T19:56:15.849+0000] {processor.py:161} INFO - Started process (PID=13893) to work on /home/airflow/.local/lib/python3.12/site-packages/airflow/example_dags/example_bash_operator.py
[2024-05-23T19:56:15.851+0000] {processor.py:830} INFO - Processing file /home/airflow/.local/lib/python3.12/site-packages/airflow/example_dags/example_bash_operator.py for tasks to queue
[2024-05-23T19:56:15.854+0000] {logging_mixin.py:188} INFO - [2024-05-23T19:56:15.854+0000] {dagbag.py:545} INFO - Filling up the DagBag from /home/airflow/.local/lib/python3.12/site-packages/airflow/example_dags/example_bash_operator.py
[2024-05-23T19:56:15.874+0000] {processor.py:840} INFO - DAG(s) 'example_bash_operator' retrieved from /home/airflow/.local/lib/python3.12/site-packages/airflow/example_dags/example_bash_operator.py
[2024-05-23T19:56:15.915+0000] {logging_mixin.py:188} INFO - [2024-05-23T19:56:15.914+0000] {dag.py:3096} INFO - Sync 1 DAGs
[2024-05-23T19:56:15.962+0000] {logging_mixin.py:188} INFO - [2024-05-23T19:56:15.962+0000] {dag.py:3954} INFO - Setting next_dagrun for example_bash_operator to 2024-05-23 00:00:00+00:00, run_after=2024-05-24 00:00:00+00:00
[2024-05-23T19:56:15.991+0000] {processor.py:183} INFO - Processing /home/airflow/.local/lib/python3.12/site-packages/airflow/example_dags/example_bash_operator.py took 0.152 seconds
[2024-05-23T19:56:46.667+0000] {processor.py:161} INFO - Started process (PID=14161) to work on /home/airflow/.local/lib/python3.12/site-packages/airflow/example_dags/example_bash_operator.py
[2024-05-23T19:56:46.669+0000] {processor.py:830} INFO - Processing file /home/airflow/.local/lib/python3.12/site-packages/airflow/example_dags/example_bash_operator.py for tasks to queue
[2024-05-23T19:56:46.671+0000] {logging_mixin.py:188} INFO - [2024-05-23T19:56:46.671+0000] {dagbag.py:545} INFO - Filling up the DagBag from /home/airflow/.local/lib/python3.12/site-packages/airflow/example_dags/example_bash_operator.py
[2024-05-23T19:56:46.686+0000] {processor.py:840} INFO - DAG(s) 'example_bash_operator' retrieved from /home/airflow/.local/lib/python3.12/site-packages/airflow/example_dags/example_bash_operator.py
[2024-05-23T19:56:46.725+0000] {logging_mixin.py:188} INFO - [2024-05-23T19:56:46.725+0000] {dag.py:3096} INFO - Sync 1 DAGs
[2024-05-23T19:56:46.765+0000] {logging_mixin.py:188} INFO - [2024-05-23T19:56:46.764+0000] {dag.py:3954} INFO - Setting next_dagrun for example_bash_operator to 2024-05-23 00:00:00+00:00, run_after=2024-05-24 00:00:00+00:00
[2024-05-23T19:56:46.790+0000] {processor.py:183} INFO - Processing /home/airflow/.local/lib/python3.12/site-packages/airflow/example_dags/example_bash_operator.py took 0.130 seconds
[2024-05-23T19:57:17.234+0000] {processor.py:161} INFO - Started process (PID=14423) to work on /home/airflow/.local/lib/python3.12/site-packages/airflow/example_dags/example_bash_operator.py
[2024-05-23T19:57:17.236+0000] {processor.py:830} INFO - Processing file /home/airflow/.local/lib/python3.12/site-packages/airflow/example_dags/example_bash_operator.py for tasks to queue
[2024-05-23T19:57:17.239+0000] {logging_mixin.py:188} INFO - [2024-05-23T19:57:17.239+0000] {dagbag.py:545} INFO - Filling up the DagBag from /home/airflow/.local/lib/python3.12/site-packages/airflow/example_dags/example_bash_operator.py
[2024-05-23T19:57:17.256+0000] {processor.py:840} INFO - DAG(s) 'example_bash_operator' retrieved from /home/airflow/.local/lib/python3.12/site-packages/airflow/example_dags/example_bash_operator.py
[2024-05-23T19:57:17.297+0000] {logging_mixin.py:188} INFO - [2024-05-23T19:57:17.296+0000] {dag.py:3096} INFO - Sync 1 DAGs
[2024-05-23T19:57:17.329+0000] {logging_mixin.py:188} INFO - [2024-05-23T19:57:17.329+0000] {dag.py:3954} INFO - Setting next_dagrun for example_bash_operator to 2024-05-23 00:00:00+00:00, run_after=2024-05-24 00:00:00+00:00
[2024-05-23T19:57:17.357+0000] {processor.py:183} INFO - Processing /home/airflow/.local/lib/python3.12/site-packages/airflow/example_dags/example_bash_operator.py took 0.130 seconds
[2024-05-23T19:58:10.320+0000] {processor.py:161} INFO - Started process (PID=14687) to work on /home/airflow/.local/lib/python3.12/site-packages/airflow/example_dags/example_bash_operator.py
[2024-05-23T19:58:10.322+0000] {processor.py:830} INFO - Processing file /home/airflow/.local/lib/python3.12/site-packages/airflow/example_dags/example_bash_operator.py for tasks to queue
[2024-05-23T19:58:10.328+0000] {logging_mixin.py:188} INFO - [2024-05-23T19:58:10.325+0000] {dagbag.py:545} INFO - Filling up the DagBag from /home/airflow/.local/lib/python3.12/site-packages/airflow/example_dags/example_bash_operator.py
[2024-05-23T19:58:10.345+0000] {processor.py:840} INFO - DAG(s) 'example_bash_operator' retrieved from /home/airflow/.local/lib/python3.12/site-packages/airflow/example_dags/example_bash_operator.py
[2024-05-23T19:58:10.385+0000] {logging_mixin.py:188} INFO - [2024-05-23T19:58:10.384+0000] {dag.py:3096} INFO - Sync 1 DAGs
[2024-05-23T19:58:10.424+0000] {logging_mixin.py:188} INFO - [2024-05-23T19:58:10.423+0000] {dag.py:3954} INFO - Setting next_dagrun for example_bash_operator to 2024-05-23 00:00:00+00:00, run_after=2024-05-24 00:00:00+00:00
[2024-05-23T19:58:10.448+0000] {processor.py:183} INFO - Processing /home/airflow/.local/lib/python3.12/site-packages/airflow/example_dags/example_bash_operator.py took 0.138 seconds
[2024-05-23T20:03:42.626+0000] {processor.py:161} INFO - Started process (PID=15018) to work on /home/airflow/.local/lib/python3.12/site-packages/airflow/example_dags/example_bash_operator.py
[2024-05-23T20:03:42.633+0000] {processor.py:830} INFO - Processing file /home/airflow/.local/lib/python3.12/site-packages/airflow/example_dags/example_bash_operator.py for tasks to queue
[2024-05-23T20:03:42.638+0000] {logging_mixin.py:188} INFO - [2024-05-23T20:03:42.637+0000] {dagbag.py:545} INFO - Filling up the DagBag from /home/airflow/.local/lib/python3.12/site-packages/airflow/example_dags/example_bash_operator.py
[2024-05-23T20:03:42.654+0000] {processor.py:840} INFO - DAG(s) 'example_bash_operator' retrieved from /home/airflow/.local/lib/python3.12/site-packages/airflow/example_dags/example_bash_operator.py
[2024-05-23T20:03:42.706+0000] {logging_mixin.py:188} INFO - [2024-05-23T20:03:42.706+0000] {dag.py:3096} INFO - Sync 1 DAGs
[2024-05-23T20:03:42.735+0000] {logging_mixin.py:188} INFO - [2024-05-23T20:03:42.734+0000] {dag.py:3954} INFO - Setting next_dagrun for example_bash_operator to 2024-05-23 00:00:00+00:00, run_after=2024-05-24 00:00:00+00:00
[2024-05-23T20:03:42.760+0000] {processor.py:183} INFO - Processing /home/airflow/.local/lib/python3.12/site-packages/airflow/example_dags/example_bash_operator.py took 0.145 seconds
[2024-05-23T20:04:16.468+0000] {processor.py:161} INFO - Started process (PID=15280) to work on /home/airflow/.local/lib/python3.12/site-packages/airflow/example_dags/example_bash_operator.py
[2024-05-23T20:04:16.473+0000] {processor.py:830} INFO - Processing file /home/airflow/.local/lib/python3.12/site-packages/airflow/example_dags/example_bash_operator.py for tasks to queue
[2024-05-23T20:04:16.479+0000] {logging_mixin.py:188} INFO - [2024-05-23T20:04:16.478+0000] {dagbag.py:545} INFO - Filling up the DagBag from /home/airflow/.local/lib/python3.12/site-packages/airflow/example_dags/example_bash_operator.py
[2024-05-23T20:04:16.536+0000] {processor.py:840} INFO - DAG(s) 'example_bash_operator' retrieved from /home/airflow/.local/lib/python3.12/site-packages/airflow/example_dags/example_bash_operator.py
[2024-05-23T20:04:16.699+0000] {logging_mixin.py:188} INFO - [2024-05-23T20:04:16.698+0000] {dag.py:3096} INFO - Sync 1 DAGs
[2024-05-23T20:04:16.818+0000] {logging_mixin.py:188} INFO - [2024-05-23T20:04:16.817+0000] {dag.py:3954} INFO - Setting next_dagrun for example_bash_operator to 2024-05-23 00:00:00+00:00, run_after=2024-05-24 00:00:00+00:00
[2024-05-23T20:04:16.908+0000] {processor.py:183} INFO - Processing /home/airflow/.local/lib/python3.12/site-packages/airflow/example_dags/example_bash_operator.py took 0.477 seconds
[2024-05-23T20:08:12.752+0000] {processor.py:161} INFO - Started process (PID=15543) to work on /home/airflow/.local/lib/python3.12/site-packages/airflow/example_dags/example_bash_operator.py
[2024-05-23T20:08:12.754+0000] {processor.py:830} INFO - Processing file /home/airflow/.local/lib/python3.12/site-packages/airflow/example_dags/example_bash_operator.py for tasks to queue
[2024-05-23T20:08:12.757+0000] {logging_mixin.py:188} INFO - [2024-05-23T20:08:12.756+0000] {dagbag.py:545} INFO - Filling up the DagBag from /home/airflow/.local/lib/python3.12/site-packages/airflow/example_dags/example_bash_operator.py
[2024-05-23T20:08:12.781+0000] {processor.py:840} INFO - DAG(s) 'example_bash_operator' retrieved from /home/airflow/.local/lib/python3.12/site-packages/airflow/example_dags/example_bash_operator.py
[2024-05-23T20:08:12.888+0000] {logging_mixin.py:188} INFO - [2024-05-23T20:08:12.887+0000] {dag.py:3096} INFO - Sync 1 DAGs
[2024-05-23T20:08:13.124+0000] {logging_mixin.py:188} INFO - [2024-05-23T20:08:13.123+0000] {dag.py:3954} INFO - Setting next_dagrun for example_bash_operator to 2024-05-23 00:00:00+00:00, run_after=2024-05-24 00:00:00+00:00
[2024-05-23T20:08:13.180+0000] {processor.py:183} INFO - Processing /home/airflow/.local/lib/python3.12/site-packages/airflow/example_dags/example_bash_operator.py took 0.441 seconds
[2024-05-23T20:08:44.051+0000] {processor.py:161} INFO - Started process (PID=15807) to work on /home/airflow/.local/lib/python3.12/site-packages/airflow/example_dags/example_bash_operator.py
[2024-05-23T20:08:44.053+0000] {processor.py:830} INFO - Processing file /home/airflow/.local/lib/python3.12/site-packages/airflow/example_dags/example_bash_operator.py for tasks to queue
[2024-05-23T20:08:44.055+0000] {logging_mixin.py:188} INFO - [2024-05-23T20:08:44.054+0000] {dagbag.py:545} INFO - Filling up the DagBag from /home/airflow/.local/lib/python3.12/site-packages/airflow/example_dags/example_bash_operator.py
[2024-05-23T20:08:44.069+0000] {processor.py:840} INFO - DAG(s) 'example_bash_operator' retrieved from /home/airflow/.local/lib/python3.12/site-packages/airflow/example_dags/example_bash_operator.py
[2024-05-23T20:08:44.112+0000] {logging_mixin.py:188} INFO - [2024-05-23T20:08:44.112+0000] {dag.py:3096} INFO - Sync 1 DAGs
[2024-05-23T20:08:44.144+0000] {logging_mixin.py:188} INFO - [2024-05-23T20:08:44.144+0000] {dag.py:3954} INFO - Setting next_dagrun for example_bash_operator to 2024-05-23 00:00:00+00:00, run_after=2024-05-24 00:00:00+00:00
[2024-05-23T20:08:44.170+0000] {processor.py:183} INFO - Processing /home/airflow/.local/lib/python3.12/site-packages/airflow/example_dags/example_bash_operator.py took 0.127 seconds
[2024-05-23T20:09:14.547+0000] {processor.py:161} INFO - Started process (PID=16069) to work on /home/airflow/.local/lib/python3.12/site-packages/airflow/example_dags/example_bash_operator.py
[2024-05-23T20:09:14.550+0000] {processor.py:830} INFO - Processing file /home/airflow/.local/lib/python3.12/site-packages/airflow/example_dags/example_bash_operator.py for tasks to queue
[2024-05-23T20:09:14.551+0000] {logging_mixin.py:188} INFO - [2024-05-23T20:09:14.551+0000] {dagbag.py:545} INFO - Filling up the DagBag from /home/airflow/.local/lib/python3.12/site-packages/airflow/example_dags/example_bash_operator.py
[2024-05-23T20:09:14.565+0000] {processor.py:840} INFO - DAG(s) 'example_bash_operator' retrieved from /home/airflow/.local/lib/python3.12/site-packages/airflow/example_dags/example_bash_operator.py
[2024-05-23T20:09:14.605+0000] {logging_mixin.py:188} INFO - [2024-05-23T20:09:14.605+0000] {dag.py:3096} INFO - Sync 1 DAGs
[2024-05-23T20:09:14.635+0000] {logging_mixin.py:188} INFO - [2024-05-23T20:09:14.634+0000] {dag.py:3954} INFO - Setting next_dagrun for example_bash_operator to 2024-05-23 00:00:00+00:00, run_after=2024-05-24 00:00:00+00:00
[2024-05-23T20:09:14.658+0000] {processor.py:183} INFO - Processing /home/airflow/.local/lib/python3.12/site-packages/airflow/example_dags/example_bash_operator.py took 0.119 seconds
[2024-05-23T20:09:44.807+0000] {processor.py:161} INFO - Started process (PID=16331) to work on /home/airflow/.local/lib/python3.12/site-packages/airflow/example_dags/example_bash_operator.py
[2024-05-23T20:09:44.809+0000] {processor.py:830} INFO - Processing file /home/airflow/.local/lib/python3.12/site-packages/airflow/example_dags/example_bash_operator.py for tasks to queue
[2024-05-23T20:09:44.811+0000] {logging_mixin.py:188} INFO - [2024-05-23T20:09:44.810+0000] {dagbag.py:545} INFO - Filling up the DagBag from /home/airflow/.local/lib/python3.12/site-packages/airflow/example_dags/example_bash_operator.py
[2024-05-23T20:09:44.825+0000] {processor.py:840} INFO - DAG(s) 'example_bash_operator' retrieved from /home/airflow/.local/lib/python3.12/site-packages/airflow/example_dags/example_bash_operator.py
[2024-05-23T20:09:44.866+0000] {logging_mixin.py:188} INFO - [2024-05-23T20:09:44.865+0000] {dag.py:3096} INFO - Sync 1 DAGs
[2024-05-23T20:09:44.897+0000] {logging_mixin.py:188} INFO - [2024-05-23T20:09:44.897+0000] {dag.py:3954} INFO - Setting next_dagrun for example_bash_operator to 2024-05-23 00:00:00+00:00, run_after=2024-05-24 00:00:00+00:00
[2024-05-23T20:09:44.923+0000] {processor.py:183} INFO - Processing /home/airflow/.local/lib/python3.12/site-packages/airflow/example_dags/example_bash_operator.py took 0.125 seconds
[2024-05-23T20:10:15.322+0000] {processor.py:161} INFO - Started process (PID=16593) to work on /home/airflow/.local/lib/python3.12/site-packages/airflow/example_dags/example_bash_operator.py
[2024-05-23T20:10:15.323+0000] {processor.py:830} INFO - Processing file /home/airflow/.local/lib/python3.12/site-packages/airflow/example_dags/example_bash_operator.py for tasks to queue
[2024-05-23T20:10:15.325+0000] {logging_mixin.py:188} INFO - [2024-05-23T20:10:15.324+0000] {dagbag.py:545} INFO - Filling up the DagBag from /home/airflow/.local/lib/python3.12/site-packages/airflow/example_dags/example_bash_operator.py
[2024-05-23T20:10:15.339+0000] {processor.py:840} INFO - DAG(s) 'example_bash_operator' retrieved from /home/airflow/.local/lib/python3.12/site-packages/airflow/example_dags/example_bash_operator.py
[2024-05-23T20:10:15.382+0000] {logging_mixin.py:188} INFO - [2024-05-23T20:10:15.382+0000] {dag.py:3096} INFO - Sync 1 DAGs
[2024-05-23T20:10:15.415+0000] {logging_mixin.py:188} INFO - [2024-05-23T20:10:15.414+0000] {dag.py:3954} INFO - Setting next_dagrun for example_bash_operator to 2024-05-23 00:00:00+00:00, run_after=2024-05-24 00:00:00+00:00
[2024-05-23T20:10:15.439+0000] {processor.py:183} INFO - Processing /home/airflow/.local/lib/python3.12/site-packages/airflow/example_dags/example_bash_operator.py took 0.126 seconds
[2024-05-23T20:10:45.488+0000] {processor.py:161} INFO - Started process (PID=16855) to work on /home/airflow/.local/lib/python3.12/site-packages/airflow/example_dags/example_bash_operator.py
[2024-05-23T20:10:45.489+0000] {processor.py:830} INFO - Processing file /home/airflow/.local/lib/python3.12/site-packages/airflow/example_dags/example_bash_operator.py for tasks to queue
[2024-05-23T20:10:45.490+0000] {logging_mixin.py:188} INFO - [2024-05-23T20:10:45.490+0000] {dagbag.py:545} INFO - Filling up the DagBag from /home/airflow/.local/lib/python3.12/site-packages/airflow/example_dags/example_bash_operator.py
[2024-05-23T20:10:45.504+0000] {processor.py:840} INFO - DAG(s) 'example_bash_operator' retrieved from /home/airflow/.local/lib/python3.12/site-packages/airflow/example_dags/example_bash_operator.py
[2024-05-23T20:10:45.544+0000] {logging_mixin.py:188} INFO - [2024-05-23T20:10:45.544+0000] {dag.py:3096} INFO - Sync 1 DAGs
[2024-05-23T20:10:45.574+0000] {logging_mixin.py:188} INFO - [2024-05-23T20:10:45.573+0000] {dag.py:3954} INFO - Setting next_dagrun for example_bash_operator to 2024-05-23 00:00:00+00:00, run_after=2024-05-24 00:00:00+00:00
[2024-05-23T20:10:45.597+0000] {processor.py:183} INFO - Processing /home/airflow/.local/lib/python3.12/site-packages/airflow/example_dags/example_bash_operator.py took 0.118 seconds
[2024-05-23T20:11:15.660+0000] {processor.py:161} INFO - Started process (PID=17116) to work on /home/airflow/.local/lib/python3.12/site-packages/airflow/example_dags/example_bash_operator.py
[2024-05-23T20:11:15.662+0000] {processor.py:830} INFO - Processing file /home/airflow/.local/lib/python3.12/site-packages/airflow/example_dags/example_bash_operator.py for tasks to queue
[2024-05-23T20:11:15.664+0000] {logging_mixin.py:188} INFO - [2024-05-23T20:11:15.663+0000] {dagbag.py:545} INFO - Filling up the DagBag from /home/airflow/.local/lib/python3.12/site-packages/airflow/example_dags/example_bash_operator.py
[2024-05-23T20:11:15.681+0000] {processor.py:840} INFO - DAG(s) 'example_bash_operator' retrieved from /home/airflow/.local/lib/python3.12/site-packages/airflow/example_dags/example_bash_operator.py
[2024-05-23T20:11:15.732+0000] {logging_mixin.py:188} INFO - [2024-05-23T20:11:15.731+0000] {dag.py:3096} INFO - Sync 1 DAGs
[2024-05-23T20:11:15.760+0000] {logging_mixin.py:188} INFO - [2024-05-23T20:11:15.760+0000] {dag.py:3954} INFO - Setting next_dagrun for example_bash_operator to 2024-05-23 00:00:00+00:00, run_after=2024-05-24 00:00:00+00:00
[2024-05-23T20:11:15.784+0000] {processor.py:183} INFO - Processing /home/airflow/.local/lib/python3.12/site-packages/airflow/example_dags/example_bash_operator.py took 0.134 seconds
[2024-05-23T20:11:46.047+0000] {processor.py:161} INFO - Started process (PID=17378) to work on /home/airflow/.local/lib/python3.12/site-packages/airflow/example_dags/example_bash_operator.py
[2024-05-23T20:11:46.049+0000] {processor.py:830} INFO - Processing file /home/airflow/.local/lib/python3.12/site-packages/airflow/example_dags/example_bash_operator.py for tasks to queue
[2024-05-23T20:11:46.050+0000] {logging_mixin.py:188} INFO - [2024-05-23T20:11:46.050+0000] {dagbag.py:545} INFO - Filling up the DagBag from /home/airflow/.local/lib/python3.12/site-packages/airflow/example_dags/example_bash_operator.py
[2024-05-23T20:11:46.065+0000] {processor.py:840} INFO - DAG(s) 'example_bash_operator' retrieved from /home/airflow/.local/lib/python3.12/site-packages/airflow/example_dags/example_bash_operator.py
[2024-05-23T20:11:46.103+0000] {logging_mixin.py:188} INFO - [2024-05-23T20:11:46.103+0000] {dag.py:3096} INFO - Sync 1 DAGs
[2024-05-23T20:11:46.130+0000] {logging_mixin.py:188} INFO - [2024-05-23T20:11:46.130+0000] {dag.py:3954} INFO - Setting next_dagrun for example_bash_operator to 2024-05-23 00:00:00+00:00, run_after=2024-05-24 00:00:00+00:00
[2024-05-23T20:11:46.152+0000] {processor.py:183} INFO - Processing /home/airflow/.local/lib/python3.12/site-packages/airflow/example_dags/example_bash_operator.py took 0.113 seconds
[2024-05-23T20:12:16.846+0000] {processor.py:161} INFO - Started process (PID=17640) to work on /home/airflow/.local/lib/python3.12/site-packages/airflow/example_dags/example_bash_operator.py
[2024-05-23T20:12:16.847+0000] {processor.py:830} INFO - Processing file /home/airflow/.local/lib/python3.12/site-packages/airflow/example_dags/example_bash_operator.py for tasks to queue
[2024-05-23T20:12:16.849+0000] {logging_mixin.py:188} INFO - [2024-05-23T20:12:16.849+0000] {dagbag.py:545} INFO - Filling up the DagBag from /home/airflow/.local/lib/python3.12/site-packages/airflow/example_dags/example_bash_operator.py
[2024-05-23T20:12:16.866+0000] {processor.py:840} INFO - DAG(s) 'example_bash_operator' retrieved from /home/airflow/.local/lib/python3.12/site-packages/airflow/example_dags/example_bash_operator.py
[2024-05-23T20:12:16.908+0000] {logging_mixin.py:188} INFO - [2024-05-23T20:12:16.908+0000] {dag.py:3096} INFO - Sync 1 DAGs
[2024-05-23T20:12:16.938+0000] {logging_mixin.py:188} INFO - [2024-05-23T20:12:16.938+0000] {dag.py:3954} INFO - Setting next_dagrun for example_bash_operator to 2024-05-23 00:00:00+00:00, run_after=2024-05-24 00:00:00+00:00
[2024-05-23T20:12:16.963+0000] {processor.py:183} INFO - Processing /home/airflow/.local/lib/python3.12/site-packages/airflow/example_dags/example_bash_operator.py took 0.128 seconds
[2024-05-23T20:12:47.194+0000] {processor.py:161} INFO - Started process (PID=17902) to work on /home/airflow/.local/lib/python3.12/site-packages/airflow/example_dags/example_bash_operator.py
[2024-05-23T20:12:47.195+0000] {processor.py:830} INFO - Processing file /home/airflow/.local/lib/python3.12/site-packages/airflow/example_dags/example_bash_operator.py for tasks to queue
[2024-05-23T20:12:47.197+0000] {logging_mixin.py:188} INFO - [2024-05-23T20:12:47.197+0000] {dagbag.py:545} INFO - Filling up the DagBag from /home/airflow/.local/lib/python3.12/site-packages/airflow/example_dags/example_bash_operator.py
[2024-05-23T20:12:47.212+0000] {processor.py:840} INFO - DAG(s) 'example_bash_operator' retrieved from /home/airflow/.local/lib/python3.12/site-packages/airflow/example_dags/example_bash_operator.py
[2024-05-23T20:12:47.254+0000] {logging_mixin.py:188} INFO - [2024-05-23T20:12:47.254+0000] {dag.py:3096} INFO - Sync 1 DAGs
[2024-05-23T20:12:47.286+0000] {logging_mixin.py:188} INFO - [2024-05-23T20:12:47.286+0000] {dag.py:3954} INFO - Setting next_dagrun for example_bash_operator to 2024-05-23 00:00:00+00:00, run_after=2024-05-24 00:00:00+00:00
[2024-05-23T20:12:47.314+0000] {processor.py:183} INFO - Processing /home/airflow/.local/lib/python3.12/site-packages/airflow/example_dags/example_bash_operator.py took 0.129 seconds
[2024-05-23T20:13:17.447+0000] {processor.py:161} INFO - Started process (PID=18164) to work on /home/airflow/.local/lib/python3.12/site-packages/airflow/example_dags/example_bash_operator.py
[2024-05-23T20:13:17.448+0000] {processor.py:830} INFO - Processing file /home/airflow/.local/lib/python3.12/site-packages/airflow/example_dags/example_bash_operator.py for tasks to queue
[2024-05-23T20:13:17.450+0000] {logging_mixin.py:188} INFO - [2024-05-23T20:13:17.449+0000] {dagbag.py:545} INFO - Filling up the DagBag from /home/airflow/.local/lib/python3.12/site-packages/airflow/example_dags/example_bash_operator.py
[2024-05-23T20:13:17.464+0000] {processor.py:840} INFO - DAG(s) 'example_bash_operator' retrieved from /home/airflow/.local/lib/python3.12/site-packages/airflow/example_dags/example_bash_operator.py
[2024-05-23T20:13:17.509+0000] {logging_mixin.py:188} INFO - [2024-05-23T20:13:17.509+0000] {dag.py:3096} INFO - Sync 1 DAGs
[2024-05-23T20:13:17.543+0000] {logging_mixin.py:188} INFO - [2024-05-23T20:13:17.543+0000] {dag.py:3954} INFO - Setting next_dagrun for example_bash_operator to 2024-05-23 00:00:00+00:00, run_after=2024-05-24 00:00:00+00:00
[2024-05-23T20:13:17.568+0000] {processor.py:183} INFO - Processing /home/airflow/.local/lib/python3.12/site-packages/airflow/example_dags/example_bash_operator.py took 0.130 seconds
