[2024-05-23T19:29:48.600+0000] {processor.py:161} INFO - Started process (PID=227) to work on /home/airflow/.local/lib/python3.12/site-packages/airflow/example_dags/example_nested_branch_dag.py
[2024-05-23T19:29:48.602+0000] {processor.py:830} INFO - Processing file /home/airflow/.local/lib/python3.12/site-packages/airflow/example_dags/example_nested_branch_dag.py for tasks to queue
[2024-05-23T19:29:48.605+0000] {logging_mixin.py:188} INFO - [2024-05-23T19:29:48.605+0000] {dagbag.py:545} INFO - Filling up the DagBag from /home/airflow/.local/lib/python3.12/site-packages/airflow/example_dags/example_nested_branch_dag.py
[2024-05-23T19:29:48.629+0000] {processor.py:840} INFO - DAG(s) 'example_nested_branch_dag' retrieved from /home/airflow/.local/lib/python3.12/site-packages/airflow/example_dags/example_nested_branch_dag.py
[2024-05-23T19:29:48.911+0000] {logging_mixin.py:188} INFO - [2024-05-23T19:29:48.910+0000] {dag.py:3096} INFO - Sync 1 DAGs
[2024-05-23T19:29:48.965+0000] {logging_mixin.py:188} INFO - [2024-05-23T19:29:48.965+0000] {dag.py:3954} INFO - Setting next_dagrun for example_nested_branch_dag to 2024-05-22 00:00:00+00:00, run_after=2024-05-23 00:00:00+00:00
[2024-05-23T19:29:49.015+0000] {processor.py:183} INFO - Processing /home/airflow/.local/lib/python3.12/site-packages/airflow/example_dags/example_nested_branch_dag.py took 0.429 seconds
[2024-05-23T19:30:20.196+0000] {processor.py:161} INFO - Started process (PID=489) to work on /home/airflow/.local/lib/python3.12/site-packages/airflow/example_dags/example_nested_branch_dag.py
[2024-05-23T19:30:20.203+0000] {processor.py:830} INFO - Processing file /home/airflow/.local/lib/python3.12/site-packages/airflow/example_dags/example_nested_branch_dag.py for tasks to queue
[2024-05-23T19:30:20.224+0000] {logging_mixin.py:188} INFO - [2024-05-23T19:30:20.224+0000] {dagbag.py:545} INFO - Filling up the DagBag from /home/airflow/.local/lib/python3.12/site-packages/airflow/example_dags/example_nested_branch_dag.py
[2024-05-23T19:30:20.283+0000] {processor.py:840} INFO - DAG(s) 'example_nested_branch_dag' retrieved from /home/airflow/.local/lib/python3.12/site-packages/airflow/example_dags/example_nested_branch_dag.py
[2024-05-23T19:30:20.352+0000] {logging_mixin.py:188} INFO - [2024-05-23T19:30:20.352+0000] {dag.py:3096} INFO - Sync 1 DAGs
[2024-05-23T19:30:20.418+0000] {logging_mixin.py:188} INFO - [2024-05-23T19:30:20.418+0000] {dag.py:3954} INFO - Setting next_dagrun for example_nested_branch_dag to 2024-05-22 00:00:00+00:00, run_after=2024-05-23 00:00:00+00:00
[2024-05-23T19:30:20.464+0000] {processor.py:183} INFO - Processing /home/airflow/.local/lib/python3.12/site-packages/airflow/example_dags/example_nested_branch_dag.py took 0.282 seconds
[2024-05-23T19:30:50.871+0000] {processor.py:161} INFO - Started process (PID=751) to work on /home/airflow/.local/lib/python3.12/site-packages/airflow/example_dags/example_nested_branch_dag.py
[2024-05-23T19:30:50.873+0000] {processor.py:830} INFO - Processing file /home/airflow/.local/lib/python3.12/site-packages/airflow/example_dags/example_nested_branch_dag.py for tasks to queue
[2024-05-23T19:30:50.876+0000] {logging_mixin.py:188} INFO - [2024-05-23T19:30:50.876+0000] {dagbag.py:545} INFO - Filling up the DagBag from /home/airflow/.local/lib/python3.12/site-packages/airflow/example_dags/example_nested_branch_dag.py
[2024-05-23T19:30:50.894+0000] {processor.py:840} INFO - DAG(s) 'example_nested_branch_dag' retrieved from /home/airflow/.local/lib/python3.12/site-packages/airflow/example_dags/example_nested_branch_dag.py
[2024-05-23T19:30:50.932+0000] {logging_mixin.py:188} INFO - [2024-05-23T19:30:50.932+0000] {dag.py:3096} INFO - Sync 1 DAGs
[2024-05-23T19:30:50.980+0000] {logging_mixin.py:188} INFO - [2024-05-23T19:30:50.980+0000] {dag.py:3954} INFO - Setting next_dagrun for example_nested_branch_dag to 2024-05-22 00:00:00+00:00, run_after=2024-05-23 00:00:00+00:00
[2024-05-23T19:30:51.013+0000] {processor.py:183} INFO - Processing /home/airflow/.local/lib/python3.12/site-packages/airflow/example_dags/example_nested_branch_dag.py took 0.153 seconds
[2024-05-23T19:31:21.080+0000] {processor.py:161} INFO - Started process (PID=1013) to work on /home/airflow/.local/lib/python3.12/site-packages/airflow/example_dags/example_nested_branch_dag.py
[2024-05-23T19:31:21.082+0000] {processor.py:830} INFO - Processing file /home/airflow/.local/lib/python3.12/site-packages/airflow/example_dags/example_nested_branch_dag.py for tasks to queue
[2024-05-23T19:31:21.085+0000] {logging_mixin.py:188} INFO - [2024-05-23T19:31:21.084+0000] {dagbag.py:545} INFO - Filling up the DagBag from /home/airflow/.local/lib/python3.12/site-packages/airflow/example_dags/example_nested_branch_dag.py
[2024-05-23T19:31:21.101+0000] {processor.py:840} INFO - DAG(s) 'example_nested_branch_dag' retrieved from /home/airflow/.local/lib/python3.12/site-packages/airflow/example_dags/example_nested_branch_dag.py
[2024-05-23T19:31:21.135+0000] {logging_mixin.py:188} INFO - [2024-05-23T19:31:21.134+0000] {dag.py:3096} INFO - Sync 1 DAGs
[2024-05-23T19:31:21.171+0000] {logging_mixin.py:188} INFO - [2024-05-23T19:31:21.171+0000] {dag.py:3954} INFO - Setting next_dagrun for example_nested_branch_dag to 2024-05-22 00:00:00+00:00, run_after=2024-05-23 00:00:00+00:00
[2024-05-23T19:31:21.200+0000] {processor.py:183} INFO - Processing /home/airflow/.local/lib/python3.12/site-packages/airflow/example_dags/example_nested_branch_dag.py took 0.129 seconds
[2024-05-23T19:31:51.321+0000] {processor.py:161} INFO - Started process (PID=1275) to work on /home/airflow/.local/lib/python3.12/site-packages/airflow/example_dags/example_nested_branch_dag.py
[2024-05-23T19:31:51.323+0000] {processor.py:830} INFO - Processing file /home/airflow/.local/lib/python3.12/site-packages/airflow/example_dags/example_nested_branch_dag.py for tasks to queue
[2024-05-23T19:31:51.326+0000] {logging_mixin.py:188} INFO - [2024-05-23T19:31:51.325+0000] {dagbag.py:545} INFO - Filling up the DagBag from /home/airflow/.local/lib/python3.12/site-packages/airflow/example_dags/example_nested_branch_dag.py
[2024-05-23T19:31:51.342+0000] {processor.py:840} INFO - DAG(s) 'example_nested_branch_dag' retrieved from /home/airflow/.local/lib/python3.12/site-packages/airflow/example_dags/example_nested_branch_dag.py
[2024-05-23T19:31:51.377+0000] {logging_mixin.py:188} INFO - [2024-05-23T19:31:51.376+0000] {dag.py:3096} INFO - Sync 1 DAGs
[2024-05-23T19:31:51.413+0000] {logging_mixin.py:188} INFO - [2024-05-23T19:31:51.413+0000] {dag.py:3954} INFO - Setting next_dagrun for example_nested_branch_dag to 2024-05-22 00:00:00+00:00, run_after=2024-05-23 00:00:00+00:00
[2024-05-23T19:31:51.442+0000] {processor.py:183} INFO - Processing /home/airflow/.local/lib/python3.12/site-packages/airflow/example_dags/example_nested_branch_dag.py took 0.130 seconds
[2024-05-23T19:32:21.900+0000] {processor.py:161} INFO - Started process (PID=1537) to work on /home/airflow/.local/lib/python3.12/site-packages/airflow/example_dags/example_nested_branch_dag.py
[2024-05-23T19:32:21.902+0000] {processor.py:830} INFO - Processing file /home/airflow/.local/lib/python3.12/site-packages/airflow/example_dags/example_nested_branch_dag.py for tasks to queue
[2024-05-23T19:32:21.908+0000] {logging_mixin.py:188} INFO - [2024-05-23T19:32:21.907+0000] {dagbag.py:545} INFO - Filling up the DagBag from /home/airflow/.local/lib/python3.12/site-packages/airflow/example_dags/example_nested_branch_dag.py
[2024-05-23T19:32:21.928+0000] {processor.py:840} INFO - DAG(s) 'example_nested_branch_dag' retrieved from /home/airflow/.local/lib/python3.12/site-packages/airflow/example_dags/example_nested_branch_dag.py
[2024-05-23T19:32:21.978+0000] {logging_mixin.py:188} INFO - [2024-05-23T19:32:21.977+0000] {dag.py:3096} INFO - Sync 1 DAGs
[2024-05-23T19:32:22.019+0000] {logging_mixin.py:188} INFO - [2024-05-23T19:32:22.019+0000] {dag.py:3954} INFO - Setting next_dagrun for example_nested_branch_dag to 2024-05-22 00:00:00+00:00, run_after=2024-05-23 00:00:00+00:00
[2024-05-23T19:32:22.050+0000] {processor.py:183} INFO - Processing /home/airflow/.local/lib/python3.12/site-packages/airflow/example_dags/example_nested_branch_dag.py took 0.163 seconds
[2024-05-23T19:32:52.107+0000] {processor.py:161} INFO - Started process (PID=1799) to work on /home/airflow/.local/lib/python3.12/site-packages/airflow/example_dags/example_nested_branch_dag.py
[2024-05-23T19:32:52.109+0000] {processor.py:830} INFO - Processing file /home/airflow/.local/lib/python3.12/site-packages/airflow/example_dags/example_nested_branch_dag.py for tasks to queue
[2024-05-23T19:32:52.112+0000] {logging_mixin.py:188} INFO - [2024-05-23T19:32:52.111+0000] {dagbag.py:545} INFO - Filling up the DagBag from /home/airflow/.local/lib/python3.12/site-packages/airflow/example_dags/example_nested_branch_dag.py
[2024-05-23T19:32:52.129+0000] {processor.py:840} INFO - DAG(s) 'example_nested_branch_dag' retrieved from /home/airflow/.local/lib/python3.12/site-packages/airflow/example_dags/example_nested_branch_dag.py
[2024-05-23T19:32:52.165+0000] {logging_mixin.py:188} INFO - [2024-05-23T19:32:52.164+0000] {dag.py:3096} INFO - Sync 1 DAGs
[2024-05-23T19:32:52.201+0000] {logging_mixin.py:188} INFO - [2024-05-23T19:32:52.201+0000] {dag.py:3954} INFO - Setting next_dagrun for example_nested_branch_dag to 2024-05-22 00:00:00+00:00, run_after=2024-05-23 00:00:00+00:00
[2024-05-23T19:32:52.229+0000] {processor.py:183} INFO - Processing /home/airflow/.local/lib/python3.12/site-packages/airflow/example_dags/example_nested_branch_dag.py took 0.131 seconds
[2024-05-23T19:33:22.664+0000] {processor.py:161} INFO - Started process (PID=2061) to work on /home/airflow/.local/lib/python3.12/site-packages/airflow/example_dags/example_nested_branch_dag.py
[2024-05-23T19:33:22.666+0000] {processor.py:830} INFO - Processing file /home/airflow/.local/lib/python3.12/site-packages/airflow/example_dags/example_nested_branch_dag.py for tasks to queue
[2024-05-23T19:33:22.669+0000] {logging_mixin.py:188} INFO - [2024-05-23T19:33:22.668+0000] {dagbag.py:545} INFO - Filling up the DagBag from /home/airflow/.local/lib/python3.12/site-packages/airflow/example_dags/example_nested_branch_dag.py
[2024-05-23T19:33:22.684+0000] {processor.py:840} INFO - DAG(s) 'example_nested_branch_dag' retrieved from /home/airflow/.local/lib/python3.12/site-packages/airflow/example_dags/example_nested_branch_dag.py
[2024-05-23T19:33:22.718+0000] {logging_mixin.py:188} INFO - [2024-05-23T19:33:22.718+0000] {dag.py:3096} INFO - Sync 1 DAGs
[2024-05-23T19:33:22.754+0000] {logging_mixin.py:188} INFO - [2024-05-23T19:33:22.754+0000] {dag.py:3954} INFO - Setting next_dagrun for example_nested_branch_dag to 2024-05-22 00:00:00+00:00, run_after=2024-05-23 00:00:00+00:00
[2024-05-23T19:33:22.785+0000] {processor.py:183} INFO - Processing /home/airflow/.local/lib/python3.12/site-packages/airflow/example_dags/example_nested_branch_dag.py took 0.130 seconds
[2024-05-23T19:33:53.031+0000] {processor.py:161} INFO - Started process (PID=2323) to work on /home/airflow/.local/lib/python3.12/site-packages/airflow/example_dags/example_nested_branch_dag.py
[2024-05-23T19:33:53.032+0000] {processor.py:830} INFO - Processing file /home/airflow/.local/lib/python3.12/site-packages/airflow/example_dags/example_nested_branch_dag.py for tasks to queue
[2024-05-23T19:33:53.035+0000] {logging_mixin.py:188} INFO - [2024-05-23T19:33:53.035+0000] {dagbag.py:545} INFO - Filling up the DagBag from /home/airflow/.local/lib/python3.12/site-packages/airflow/example_dags/example_nested_branch_dag.py
[2024-05-23T19:33:53.052+0000] {processor.py:840} INFO - DAG(s) 'example_nested_branch_dag' retrieved from /home/airflow/.local/lib/python3.12/site-packages/airflow/example_dags/example_nested_branch_dag.py
[2024-05-23T19:33:53.092+0000] {logging_mixin.py:188} INFO - [2024-05-23T19:33:53.092+0000] {dag.py:3096} INFO - Sync 1 DAGs
[2024-05-23T19:33:53.134+0000] {logging_mixin.py:188} INFO - [2024-05-23T19:33:53.133+0000] {dag.py:3954} INFO - Setting next_dagrun for example_nested_branch_dag to 2024-05-22 00:00:00+00:00, run_after=2024-05-23 00:00:00+00:00
[2024-05-23T19:33:53.167+0000] {processor.py:183} INFO - Processing /home/airflow/.local/lib/python3.12/site-packages/airflow/example_dags/example_nested_branch_dag.py took 0.147 seconds
[2024-05-23T19:34:23.817+0000] {processor.py:161} INFO - Started process (PID=2584) to work on /home/airflow/.local/lib/python3.12/site-packages/airflow/example_dags/example_nested_branch_dag.py
[2024-05-23T19:34:23.831+0000] {processor.py:830} INFO - Processing file /home/airflow/.local/lib/python3.12/site-packages/airflow/example_dags/example_nested_branch_dag.py for tasks to queue
[2024-05-23T19:34:23.836+0000] {logging_mixin.py:188} INFO - [2024-05-23T19:34:23.835+0000] {dagbag.py:545} INFO - Filling up the DagBag from /home/airflow/.local/lib/python3.12/site-packages/airflow/example_dags/example_nested_branch_dag.py
[2024-05-23T19:34:23.854+0000] {processor.py:840} INFO - DAG(s) 'example_nested_branch_dag' retrieved from /home/airflow/.local/lib/python3.12/site-packages/airflow/example_dags/example_nested_branch_dag.py
[2024-05-23T19:34:23.892+0000] {logging_mixin.py:188} INFO - [2024-05-23T19:34:23.892+0000] {dag.py:3096} INFO - Sync 1 DAGs
[2024-05-23T19:34:23.940+0000] {logging_mixin.py:188} INFO - [2024-05-23T19:34:23.940+0000] {dag.py:3954} INFO - Setting next_dagrun for example_nested_branch_dag to 2024-05-22 00:00:00+00:00, run_after=2024-05-23 00:00:00+00:00
[2024-05-23T19:34:23.975+0000] {processor.py:183} INFO - Processing /home/airflow/.local/lib/python3.12/site-packages/airflow/example_dags/example_nested_branch_dag.py took 0.169 seconds
[2024-05-23T19:34:54.260+0000] {processor.py:161} INFO - Started process (PID=2851) to work on /home/airflow/.local/lib/python3.12/site-packages/airflow/example_dags/example_nested_branch_dag.py
[2024-05-23T19:34:54.263+0000] {processor.py:830} INFO - Processing file /home/airflow/.local/lib/python3.12/site-packages/airflow/example_dags/example_nested_branch_dag.py for tasks to queue
[2024-05-23T19:34:54.267+0000] {logging_mixin.py:188} INFO - [2024-05-23T19:34:54.267+0000] {dagbag.py:545} INFO - Filling up the DagBag from /home/airflow/.local/lib/python3.12/site-packages/airflow/example_dags/example_nested_branch_dag.py
[2024-05-23T19:34:54.294+0000] {processor.py:840} INFO - DAG(s) 'example_nested_branch_dag' retrieved from /home/airflow/.local/lib/python3.12/site-packages/airflow/example_dags/example_nested_branch_dag.py
[2024-05-23T19:34:54.367+0000] {logging_mixin.py:188} INFO - [2024-05-23T19:34:54.367+0000] {dag.py:3096} INFO - Sync 1 DAGs
[2024-05-23T19:34:54.423+0000] {logging_mixin.py:188} INFO - [2024-05-23T19:34:54.422+0000] {dag.py:3954} INFO - Setting next_dagrun for example_nested_branch_dag to 2024-05-22 00:00:00+00:00, run_after=2024-05-23 00:00:00+00:00
[2024-05-23T19:34:54.471+0000] {processor.py:183} INFO - Processing /home/airflow/.local/lib/python3.12/site-packages/airflow/example_dags/example_nested_branch_dag.py took 0.222 seconds
[2024-05-23T19:35:24.807+0000] {processor.py:161} INFO - Started process (PID=3133) to work on /home/airflow/.local/lib/python3.12/site-packages/airflow/example_dags/example_nested_branch_dag.py
[2024-05-23T19:35:24.809+0000] {processor.py:830} INFO - Processing file /home/airflow/.local/lib/python3.12/site-packages/airflow/example_dags/example_nested_branch_dag.py for tasks to queue
[2024-05-23T19:35:24.812+0000] {logging_mixin.py:188} INFO - [2024-05-23T19:35:24.812+0000] {dagbag.py:545} INFO - Filling up the DagBag from /home/airflow/.local/lib/python3.12/site-packages/airflow/example_dags/example_nested_branch_dag.py
[2024-05-23T19:35:24.830+0000] {processor.py:840} INFO - DAG(s) 'example_nested_branch_dag' retrieved from /home/airflow/.local/lib/python3.12/site-packages/airflow/example_dags/example_nested_branch_dag.py
[2024-05-23T19:35:24.870+0000] {logging_mixin.py:188} INFO - [2024-05-23T19:35:24.869+0000] {dag.py:3096} INFO - Sync 1 DAGs
[2024-05-23T19:35:24.950+0000] {logging_mixin.py:188} INFO - [2024-05-23T19:35:24.950+0000] {dag.py:3954} INFO - Setting next_dagrun for example_nested_branch_dag to 2024-05-22 00:00:00+00:00, run_after=2024-05-23 00:00:00+00:00
[2024-05-23T19:35:24.985+0000] {processor.py:183} INFO - Processing /home/airflow/.local/lib/python3.12/site-packages/airflow/example_dags/example_nested_branch_dag.py took 0.189 seconds
[2024-05-23T19:35:55.031+0000] {processor.py:161} INFO - Started process (PID=3395) to work on /home/airflow/.local/lib/python3.12/site-packages/airflow/example_dags/example_nested_branch_dag.py
[2024-05-23T19:35:55.033+0000] {processor.py:830} INFO - Processing file /home/airflow/.local/lib/python3.12/site-packages/airflow/example_dags/example_nested_branch_dag.py for tasks to queue
[2024-05-23T19:35:55.036+0000] {logging_mixin.py:188} INFO - [2024-05-23T19:35:55.035+0000] {dagbag.py:545} INFO - Filling up the DagBag from /home/airflow/.local/lib/python3.12/site-packages/airflow/example_dags/example_nested_branch_dag.py
[2024-05-23T19:35:55.052+0000] {processor.py:840} INFO - DAG(s) 'example_nested_branch_dag' retrieved from /home/airflow/.local/lib/python3.12/site-packages/airflow/example_dags/example_nested_branch_dag.py
[2024-05-23T19:35:55.086+0000] {logging_mixin.py:188} INFO - [2024-05-23T19:35:55.086+0000] {dag.py:3096} INFO - Sync 1 DAGs
[2024-05-23T19:35:55.123+0000] {logging_mixin.py:188} INFO - [2024-05-23T19:35:55.123+0000] {dag.py:3954} INFO - Setting next_dagrun for example_nested_branch_dag to 2024-05-22 00:00:00+00:00, run_after=2024-05-23 00:00:00+00:00
[2024-05-23T19:35:55.153+0000] {processor.py:183} INFO - Processing /home/airflow/.local/lib/python3.12/site-packages/airflow/example_dags/example_nested_branch_dag.py took 0.131 seconds
[2024-05-23T19:36:25.466+0000] {processor.py:161} INFO - Started process (PID=3657) to work on /home/airflow/.local/lib/python3.12/site-packages/airflow/example_dags/example_nested_branch_dag.py
[2024-05-23T19:36:25.467+0000] {processor.py:830} INFO - Processing file /home/airflow/.local/lib/python3.12/site-packages/airflow/example_dags/example_nested_branch_dag.py for tasks to queue
[2024-05-23T19:36:25.470+0000] {logging_mixin.py:188} INFO - [2024-05-23T19:36:25.470+0000] {dagbag.py:545} INFO - Filling up the DagBag from /home/airflow/.local/lib/python3.12/site-packages/airflow/example_dags/example_nested_branch_dag.py
[2024-05-23T19:36:25.485+0000] {processor.py:840} INFO - DAG(s) 'example_nested_branch_dag' retrieved from /home/airflow/.local/lib/python3.12/site-packages/airflow/example_dags/example_nested_branch_dag.py
[2024-05-23T19:36:25.522+0000] {logging_mixin.py:188} INFO - [2024-05-23T19:36:25.522+0000] {dag.py:3096} INFO - Sync 1 DAGs
[2024-05-23T19:36:25.559+0000] {logging_mixin.py:188} INFO - [2024-05-23T19:36:25.559+0000] {dag.py:3954} INFO - Setting next_dagrun for example_nested_branch_dag to 2024-05-22 00:00:00+00:00, run_after=2024-05-23 00:00:00+00:00
[2024-05-23T19:36:25.589+0000] {processor.py:183} INFO - Processing /home/airflow/.local/lib/python3.12/site-packages/airflow/example_dags/example_nested_branch_dag.py took 0.133 seconds
[2024-05-23T19:36:55.710+0000] {processor.py:161} INFO - Started process (PID=3919) to work on /home/airflow/.local/lib/python3.12/site-packages/airflow/example_dags/example_nested_branch_dag.py
[2024-05-23T19:36:55.712+0000] {processor.py:830} INFO - Processing file /home/airflow/.local/lib/python3.12/site-packages/airflow/example_dags/example_nested_branch_dag.py for tasks to queue
[2024-05-23T19:36:55.715+0000] {logging_mixin.py:188} INFO - [2024-05-23T19:36:55.714+0000] {dagbag.py:545} INFO - Filling up the DagBag from /home/airflow/.local/lib/python3.12/site-packages/airflow/example_dags/example_nested_branch_dag.py
[2024-05-23T19:36:55.731+0000] {processor.py:840} INFO - DAG(s) 'example_nested_branch_dag' retrieved from /home/airflow/.local/lib/python3.12/site-packages/airflow/example_dags/example_nested_branch_dag.py
[2024-05-23T19:36:55.769+0000] {logging_mixin.py:188} INFO - [2024-05-23T19:36:55.769+0000] {dag.py:3096} INFO - Sync 1 DAGs
[2024-05-23T19:36:55.812+0000] {logging_mixin.py:188} INFO - [2024-05-23T19:36:55.811+0000] {dag.py:3954} INFO - Setting next_dagrun for example_nested_branch_dag to 2024-05-22 00:00:00+00:00, run_after=2024-05-23 00:00:00+00:00
[2024-05-23T19:36:55.846+0000] {processor.py:183} INFO - Processing /home/airflow/.local/lib/python3.12/site-packages/airflow/example_dags/example_nested_branch_dag.py took 0.146 seconds
[2024-05-23T19:37:25.992+0000] {processor.py:161} INFO - Started process (PID=4181) to work on /home/airflow/.local/lib/python3.12/site-packages/airflow/example_dags/example_nested_branch_dag.py
[2024-05-23T19:37:25.994+0000] {processor.py:830} INFO - Processing file /home/airflow/.local/lib/python3.12/site-packages/airflow/example_dags/example_nested_branch_dag.py for tasks to queue
[2024-05-23T19:37:25.997+0000] {logging_mixin.py:188} INFO - [2024-05-23T19:37:25.997+0000] {dagbag.py:545} INFO - Filling up the DagBag from /home/airflow/.local/lib/python3.12/site-packages/airflow/example_dags/example_nested_branch_dag.py
[2024-05-23T19:37:26.014+0000] {processor.py:840} INFO - DAG(s) 'example_nested_branch_dag' retrieved from /home/airflow/.local/lib/python3.12/site-packages/airflow/example_dags/example_nested_branch_dag.py
[2024-05-23T19:37:26.051+0000] {logging_mixin.py:188} INFO - [2024-05-23T19:37:26.051+0000] {dag.py:3096} INFO - Sync 1 DAGs
[2024-05-23T19:37:26.088+0000] {logging_mixin.py:188} INFO - [2024-05-23T19:37:26.088+0000] {dag.py:3954} INFO - Setting next_dagrun for example_nested_branch_dag to 2024-05-22 00:00:00+00:00, run_after=2024-05-23 00:00:00+00:00
[2024-05-23T19:37:26.121+0000] {processor.py:183} INFO - Processing /home/airflow/.local/lib/python3.12/site-packages/airflow/example_dags/example_nested_branch_dag.py took 0.138 seconds
[2024-05-23T19:37:56.306+0000] {processor.py:161} INFO - Started process (PID=4443) to work on /home/airflow/.local/lib/python3.12/site-packages/airflow/example_dags/example_nested_branch_dag.py
[2024-05-23T19:37:56.307+0000] {processor.py:830} INFO - Processing file /home/airflow/.local/lib/python3.12/site-packages/airflow/example_dags/example_nested_branch_dag.py for tasks to queue
[2024-05-23T19:37:56.310+0000] {logging_mixin.py:188} INFO - [2024-05-23T19:37:56.309+0000] {dagbag.py:545} INFO - Filling up the DagBag from /home/airflow/.local/lib/python3.12/site-packages/airflow/example_dags/example_nested_branch_dag.py
[2024-05-23T19:37:56.325+0000] {processor.py:840} INFO - DAG(s) 'example_nested_branch_dag' retrieved from /home/airflow/.local/lib/python3.12/site-packages/airflow/example_dags/example_nested_branch_dag.py
[2024-05-23T19:37:56.360+0000] {logging_mixin.py:188} INFO - [2024-05-23T19:37:56.360+0000] {dag.py:3096} INFO - Sync 1 DAGs
[2024-05-23T19:37:56.398+0000] {logging_mixin.py:188} INFO - [2024-05-23T19:37:56.398+0000] {dag.py:3954} INFO - Setting next_dagrun for example_nested_branch_dag to 2024-05-22 00:00:00+00:00, run_after=2024-05-23 00:00:00+00:00
[2024-05-23T19:37:56.433+0000] {processor.py:183} INFO - Processing /home/airflow/.local/lib/python3.12/site-packages/airflow/example_dags/example_nested_branch_dag.py took 0.137 seconds
[2024-05-23T19:38:26.704+0000] {processor.py:161} INFO - Started process (PID=4707) to work on /home/airflow/.local/lib/python3.12/site-packages/airflow/example_dags/example_nested_branch_dag.py
[2024-05-23T19:38:26.706+0000] {processor.py:830} INFO - Processing file /home/airflow/.local/lib/python3.12/site-packages/airflow/example_dags/example_nested_branch_dag.py for tasks to queue
[2024-05-23T19:38:26.709+0000] {logging_mixin.py:188} INFO - [2024-05-23T19:38:26.709+0000] {dagbag.py:545} INFO - Filling up the DagBag from /home/airflow/.local/lib/python3.12/site-packages/airflow/example_dags/example_nested_branch_dag.py
[2024-05-23T19:38:26.724+0000] {processor.py:840} INFO - DAG(s) 'example_nested_branch_dag' retrieved from /home/airflow/.local/lib/python3.12/site-packages/airflow/example_dags/example_nested_branch_dag.py
[2024-05-23T19:38:26.756+0000] {logging_mixin.py:188} INFO - [2024-05-23T19:38:26.755+0000] {dag.py:3096} INFO - Sync 1 DAGs
[2024-05-23T19:38:26.791+0000] {logging_mixin.py:188} INFO - [2024-05-23T19:38:26.791+0000] {dag.py:3954} INFO - Setting next_dagrun for example_nested_branch_dag to 2024-05-22 00:00:00+00:00, run_after=2024-05-23 00:00:00+00:00
[2024-05-23T19:38:26.818+0000] {processor.py:183} INFO - Processing /home/airflow/.local/lib/python3.12/site-packages/airflow/example_dags/example_nested_branch_dag.py took 0.123 seconds
[2024-05-23T19:38:57.147+0000] {processor.py:161} INFO - Started process (PID=4967) to work on /home/airflow/.local/lib/python3.12/site-packages/airflow/example_dags/example_nested_branch_dag.py
[2024-05-23T19:38:57.149+0000] {processor.py:830} INFO - Processing file /home/airflow/.local/lib/python3.12/site-packages/airflow/example_dags/example_nested_branch_dag.py for tasks to queue
[2024-05-23T19:38:57.152+0000] {logging_mixin.py:188} INFO - [2024-05-23T19:38:57.151+0000] {dagbag.py:545} INFO - Filling up the DagBag from /home/airflow/.local/lib/python3.12/site-packages/airflow/example_dags/example_nested_branch_dag.py
[2024-05-23T19:38:57.167+0000] {processor.py:840} INFO - DAG(s) 'example_nested_branch_dag' retrieved from /home/airflow/.local/lib/python3.12/site-packages/airflow/example_dags/example_nested_branch_dag.py
[2024-05-23T19:38:57.204+0000] {logging_mixin.py:188} INFO - [2024-05-23T19:38:57.203+0000] {dag.py:3096} INFO - Sync 1 DAGs
[2024-05-23T19:38:57.238+0000] {logging_mixin.py:188} INFO - [2024-05-23T19:38:57.238+0000] {dag.py:3954} INFO - Setting next_dagrun for example_nested_branch_dag to 2024-05-22 00:00:00+00:00, run_after=2024-05-23 00:00:00+00:00
[2024-05-23T19:38:57.269+0000] {processor.py:183} INFO - Processing /home/airflow/.local/lib/python3.12/site-packages/airflow/example_dags/example_nested_branch_dag.py took 0.132 seconds
[2024-05-23T19:39:27.865+0000] {processor.py:161} INFO - Started process (PID=5229) to work on /home/airflow/.local/lib/python3.12/site-packages/airflow/example_dags/example_nested_branch_dag.py
[2024-05-23T19:39:27.867+0000] {processor.py:830} INFO - Processing file /home/airflow/.local/lib/python3.12/site-packages/airflow/example_dags/example_nested_branch_dag.py for tasks to queue
[2024-05-23T19:39:27.870+0000] {logging_mixin.py:188} INFO - [2024-05-23T19:39:27.870+0000] {dagbag.py:545} INFO - Filling up the DagBag from /home/airflow/.local/lib/python3.12/site-packages/airflow/example_dags/example_nested_branch_dag.py
[2024-05-23T19:39:27.887+0000] {processor.py:840} INFO - DAG(s) 'example_nested_branch_dag' retrieved from /home/airflow/.local/lib/python3.12/site-packages/airflow/example_dags/example_nested_branch_dag.py
[2024-05-23T19:39:27.922+0000] {logging_mixin.py:188} INFO - [2024-05-23T19:39:27.922+0000] {dag.py:3096} INFO - Sync 1 DAGs
[2024-05-23T19:39:27.956+0000] {logging_mixin.py:188} INFO - [2024-05-23T19:39:27.955+0000] {dag.py:3954} INFO - Setting next_dagrun for example_nested_branch_dag to 2024-05-22 00:00:00+00:00, run_after=2024-05-23 00:00:00+00:00
[2024-05-23T19:39:27.984+0000] {processor.py:183} INFO - Processing /home/airflow/.local/lib/python3.12/site-packages/airflow/example_dags/example_nested_branch_dag.py took 0.129 seconds
[2024-05-23T19:39:58.351+0000] {processor.py:161} INFO - Started process (PID=5491) to work on /home/airflow/.local/lib/python3.12/site-packages/airflow/example_dags/example_nested_branch_dag.py
[2024-05-23T19:39:58.352+0000] {processor.py:830} INFO - Processing file /home/airflow/.local/lib/python3.12/site-packages/airflow/example_dags/example_nested_branch_dag.py for tasks to queue
[2024-05-23T19:39:58.355+0000] {logging_mixin.py:188} INFO - [2024-05-23T19:39:58.355+0000] {dagbag.py:545} INFO - Filling up the DagBag from /home/airflow/.local/lib/python3.12/site-packages/airflow/example_dags/example_nested_branch_dag.py
[2024-05-23T19:39:58.371+0000] {processor.py:840} INFO - DAG(s) 'example_nested_branch_dag' retrieved from /home/airflow/.local/lib/python3.12/site-packages/airflow/example_dags/example_nested_branch_dag.py
[2024-05-23T19:39:58.405+0000] {logging_mixin.py:188} INFO - [2024-05-23T19:39:58.405+0000] {dag.py:3096} INFO - Sync 1 DAGs
[2024-05-23T19:39:58.440+0000] {logging_mixin.py:188} INFO - [2024-05-23T19:39:58.440+0000] {dag.py:3954} INFO - Setting next_dagrun for example_nested_branch_dag to 2024-05-22 00:00:00+00:00, run_after=2024-05-23 00:00:00+00:00
[2024-05-23T19:39:58.505+0000] {processor.py:183} INFO - Processing /home/airflow/.local/lib/python3.12/site-packages/airflow/example_dags/example_nested_branch_dag.py took 0.162 seconds
[2024-05-23T19:40:28.897+0000] {processor.py:161} INFO - Started process (PID=5753) to work on /home/airflow/.local/lib/python3.12/site-packages/airflow/example_dags/example_nested_branch_dag.py
[2024-05-23T19:40:28.899+0000] {processor.py:830} INFO - Processing file /home/airflow/.local/lib/python3.12/site-packages/airflow/example_dags/example_nested_branch_dag.py for tasks to queue
[2024-05-23T19:40:28.902+0000] {logging_mixin.py:188} INFO - [2024-05-23T19:40:28.901+0000] {dagbag.py:545} INFO - Filling up the DagBag from /home/airflow/.local/lib/python3.12/site-packages/airflow/example_dags/example_nested_branch_dag.py
[2024-05-23T19:40:28.916+0000] {processor.py:840} INFO - DAG(s) 'example_nested_branch_dag' retrieved from /home/airflow/.local/lib/python3.12/site-packages/airflow/example_dags/example_nested_branch_dag.py
[2024-05-23T19:40:28.948+0000] {logging_mixin.py:188} INFO - [2024-05-23T19:40:28.948+0000] {dag.py:3096} INFO - Sync 1 DAGs
[2024-05-23T19:40:28.982+0000] {logging_mixin.py:188} INFO - [2024-05-23T19:40:28.981+0000] {dag.py:3954} INFO - Setting next_dagrun for example_nested_branch_dag to 2024-05-22 00:00:00+00:00, run_after=2024-05-23 00:00:00+00:00
[2024-05-23T19:40:29.016+0000] {processor.py:183} INFO - Processing /home/airflow/.local/lib/python3.12/site-packages/airflow/example_dags/example_nested_branch_dag.py took 0.129 seconds
[2024-05-23T19:40:59.290+0000] {processor.py:161} INFO - Started process (PID=6015) to work on /home/airflow/.local/lib/python3.12/site-packages/airflow/example_dags/example_nested_branch_dag.py
[2024-05-23T19:40:59.292+0000] {processor.py:830} INFO - Processing file /home/airflow/.local/lib/python3.12/site-packages/airflow/example_dags/example_nested_branch_dag.py for tasks to queue
[2024-05-23T19:40:59.297+0000] {logging_mixin.py:188} INFO - [2024-05-23T19:40:59.296+0000] {dagbag.py:545} INFO - Filling up the DagBag from /home/airflow/.local/lib/python3.12/site-packages/airflow/example_dags/example_nested_branch_dag.py
[2024-05-23T19:40:59.315+0000] {processor.py:840} INFO - DAG(s) 'example_nested_branch_dag' retrieved from /home/airflow/.local/lib/python3.12/site-packages/airflow/example_dags/example_nested_branch_dag.py
[2024-05-23T19:40:59.350+0000] {logging_mixin.py:188} INFO - [2024-05-23T19:40:59.350+0000] {dag.py:3096} INFO - Sync 1 DAGs
[2024-05-23T19:40:59.387+0000] {logging_mixin.py:188} INFO - [2024-05-23T19:40:59.387+0000] {dag.py:3954} INFO - Setting next_dagrun for example_nested_branch_dag to 2024-05-22 00:00:00+00:00, run_after=2024-05-23 00:00:00+00:00
[2024-05-23T19:40:59.416+0000] {processor.py:183} INFO - Processing /home/airflow/.local/lib/python3.12/site-packages/airflow/example_dags/example_nested_branch_dag.py took 0.135 seconds
[2024-05-23T19:41:29.922+0000] {processor.py:161} INFO - Started process (PID=6277) to work on /home/airflow/.local/lib/python3.12/site-packages/airflow/example_dags/example_nested_branch_dag.py
[2024-05-23T19:41:29.924+0000] {processor.py:830} INFO - Processing file /home/airflow/.local/lib/python3.12/site-packages/airflow/example_dags/example_nested_branch_dag.py for tasks to queue
[2024-05-23T19:41:29.928+0000] {logging_mixin.py:188} INFO - [2024-05-23T19:41:29.927+0000] {dagbag.py:545} INFO - Filling up the DagBag from /home/airflow/.local/lib/python3.12/site-packages/airflow/example_dags/example_nested_branch_dag.py
[2024-05-23T19:41:29.942+0000] {processor.py:840} INFO - DAG(s) 'example_nested_branch_dag' retrieved from /home/airflow/.local/lib/python3.12/site-packages/airflow/example_dags/example_nested_branch_dag.py
[2024-05-23T19:41:29.975+0000] {logging_mixin.py:188} INFO - [2024-05-23T19:41:29.975+0000] {dag.py:3096} INFO - Sync 1 DAGs
[2024-05-23T19:41:30.017+0000] {logging_mixin.py:188} INFO - [2024-05-23T19:41:30.017+0000] {dag.py:3954} INFO - Setting next_dagrun for example_nested_branch_dag to 2024-05-22 00:00:00+00:00, run_after=2024-05-23 00:00:00+00:00
[2024-05-23T19:41:30.050+0000] {processor.py:183} INFO - Processing /home/airflow/.local/lib/python3.12/site-packages/airflow/example_dags/example_nested_branch_dag.py took 0.137 seconds
[2024-05-23T19:42:00.300+0000] {processor.py:161} INFO - Started process (PID=6538) to work on /home/airflow/.local/lib/python3.12/site-packages/airflow/example_dags/example_nested_branch_dag.py
[2024-05-23T19:42:00.303+0000] {processor.py:830} INFO - Processing file /home/airflow/.local/lib/python3.12/site-packages/airflow/example_dags/example_nested_branch_dag.py for tasks to queue
[2024-05-23T19:42:00.309+0000] {logging_mixin.py:188} INFO - [2024-05-23T19:42:00.308+0000] {dagbag.py:545} INFO - Filling up the DagBag from /home/airflow/.local/lib/python3.12/site-packages/airflow/example_dags/example_nested_branch_dag.py
[2024-05-23T19:42:00.340+0000] {processor.py:840} INFO - DAG(s) 'example_nested_branch_dag' retrieved from /home/airflow/.local/lib/python3.12/site-packages/airflow/example_dags/example_nested_branch_dag.py
[2024-05-23T19:42:00.381+0000] {logging_mixin.py:188} INFO - [2024-05-23T19:42:00.381+0000] {dag.py:3096} INFO - Sync 1 DAGs
[2024-05-23T19:42:00.424+0000] {logging_mixin.py:188} INFO - [2024-05-23T19:42:00.423+0000] {dag.py:3954} INFO - Setting next_dagrun for example_nested_branch_dag to 2024-05-22 00:00:00+00:00, run_after=2024-05-23 00:00:00+00:00
[2024-05-23T19:42:00.478+0000] {processor.py:183} INFO - Processing /home/airflow/.local/lib/python3.12/site-packages/airflow/example_dags/example_nested_branch_dag.py took 0.190 seconds
[2024-05-23T19:42:30.596+0000] {processor.py:161} INFO - Started process (PID=6800) to work on /home/airflow/.local/lib/python3.12/site-packages/airflow/example_dags/example_nested_branch_dag.py
[2024-05-23T19:42:30.597+0000] {processor.py:830} INFO - Processing file /home/airflow/.local/lib/python3.12/site-packages/airflow/example_dags/example_nested_branch_dag.py for tasks to queue
[2024-05-23T19:42:30.600+0000] {logging_mixin.py:188} INFO - [2024-05-23T19:42:30.599+0000] {dagbag.py:545} INFO - Filling up the DagBag from /home/airflow/.local/lib/python3.12/site-packages/airflow/example_dags/example_nested_branch_dag.py
[2024-05-23T19:42:30.614+0000] {processor.py:840} INFO - DAG(s) 'example_nested_branch_dag' retrieved from /home/airflow/.local/lib/python3.12/site-packages/airflow/example_dags/example_nested_branch_dag.py
[2024-05-23T19:42:30.644+0000] {logging_mixin.py:188} INFO - [2024-05-23T19:42:30.644+0000] {dag.py:3096} INFO - Sync 1 DAGs
[2024-05-23T19:42:30.675+0000] {logging_mixin.py:188} INFO - [2024-05-23T19:42:30.675+0000] {dag.py:3954} INFO - Setting next_dagrun for example_nested_branch_dag to 2024-05-22 00:00:00+00:00, run_after=2024-05-23 00:00:00+00:00
[2024-05-23T19:42:30.700+0000] {processor.py:183} INFO - Processing /home/airflow/.local/lib/python3.12/site-packages/airflow/example_dags/example_nested_branch_dag.py took 0.113 seconds
[2024-05-23T19:43:01.051+0000] {processor.py:161} INFO - Started process (PID=7064) to work on /home/airflow/.local/lib/python3.12/site-packages/airflow/example_dags/example_nested_branch_dag.py
[2024-05-23T19:43:01.052+0000] {processor.py:830} INFO - Processing file /home/airflow/.local/lib/python3.12/site-packages/airflow/example_dags/example_nested_branch_dag.py for tasks to queue
[2024-05-23T19:43:01.055+0000] {logging_mixin.py:188} INFO - [2024-05-23T19:43:01.054+0000] {dagbag.py:545} INFO - Filling up the DagBag from /home/airflow/.local/lib/python3.12/site-packages/airflow/example_dags/example_nested_branch_dag.py
[2024-05-23T19:43:01.069+0000] {processor.py:840} INFO - DAG(s) 'example_nested_branch_dag' retrieved from /home/airflow/.local/lib/python3.12/site-packages/airflow/example_dags/example_nested_branch_dag.py
[2024-05-23T19:43:01.104+0000] {logging_mixin.py:188} INFO - [2024-05-23T19:43:01.103+0000] {dag.py:3096} INFO - Sync 1 DAGs
[2024-05-23T19:43:01.139+0000] {logging_mixin.py:188} INFO - [2024-05-23T19:43:01.139+0000] {dag.py:3954} INFO - Setting next_dagrun for example_nested_branch_dag to 2024-05-22 00:00:00+00:00, run_after=2024-05-23 00:00:00+00:00
[2024-05-23T19:43:01.168+0000] {processor.py:183} INFO - Processing /home/airflow/.local/lib/python3.12/site-packages/airflow/example_dags/example_nested_branch_dag.py took 0.126 seconds
[2024-05-23T19:43:31.262+0000] {processor.py:161} INFO - Started process (PID=7324) to work on /home/airflow/.local/lib/python3.12/site-packages/airflow/example_dags/example_nested_branch_dag.py
[2024-05-23T19:43:31.263+0000] {processor.py:830} INFO - Processing file /home/airflow/.local/lib/python3.12/site-packages/airflow/example_dags/example_nested_branch_dag.py for tasks to queue
[2024-05-23T19:43:31.266+0000] {logging_mixin.py:188} INFO - [2024-05-23T19:43:31.265+0000] {dagbag.py:545} INFO - Filling up the DagBag from /home/airflow/.local/lib/python3.12/site-packages/airflow/example_dags/example_nested_branch_dag.py
[2024-05-23T19:43:31.281+0000] {processor.py:840} INFO - DAG(s) 'example_nested_branch_dag' retrieved from /home/airflow/.local/lib/python3.12/site-packages/airflow/example_dags/example_nested_branch_dag.py
[2024-05-23T19:43:31.314+0000] {logging_mixin.py:188} INFO - [2024-05-23T19:43:31.314+0000] {dag.py:3096} INFO - Sync 1 DAGs
[2024-05-23T19:43:31.349+0000] {logging_mixin.py:188} INFO - [2024-05-23T19:43:31.349+0000] {dag.py:3954} INFO - Setting next_dagrun for example_nested_branch_dag to 2024-05-22 00:00:00+00:00, run_after=2024-05-23 00:00:00+00:00
[2024-05-23T19:43:31.376+0000] {processor.py:183} INFO - Processing /home/airflow/.local/lib/python3.12/site-packages/airflow/example_dags/example_nested_branch_dag.py took 0.123 seconds
[2024-05-23T19:44:01.930+0000] {processor.py:161} INFO - Started process (PID=7586) to work on /home/airflow/.local/lib/python3.12/site-packages/airflow/example_dags/example_nested_branch_dag.py
[2024-05-23T19:44:01.935+0000] {processor.py:830} INFO - Processing file /home/airflow/.local/lib/python3.12/site-packages/airflow/example_dags/example_nested_branch_dag.py for tasks to queue
[2024-05-23T19:44:01.938+0000] {logging_mixin.py:188} INFO - [2024-05-23T19:44:01.938+0000] {dagbag.py:545} INFO - Filling up the DagBag from /home/airflow/.local/lib/python3.12/site-packages/airflow/example_dags/example_nested_branch_dag.py
[2024-05-23T19:44:01.954+0000] {processor.py:840} INFO - DAG(s) 'example_nested_branch_dag' retrieved from /home/airflow/.local/lib/python3.12/site-packages/airflow/example_dags/example_nested_branch_dag.py
[2024-05-23T19:44:01.987+0000] {logging_mixin.py:188} INFO - [2024-05-23T19:44:01.986+0000] {dag.py:3096} INFO - Sync 1 DAGs
[2024-05-23T19:44:02.022+0000] {logging_mixin.py:188} INFO - [2024-05-23T19:44:02.022+0000] {dag.py:3954} INFO - Setting next_dagrun for example_nested_branch_dag to 2024-05-22 00:00:00+00:00, run_after=2024-05-23 00:00:00+00:00
[2024-05-23T19:44:02.051+0000] {processor.py:183} INFO - Processing /home/airflow/.local/lib/python3.12/site-packages/airflow/example_dags/example_nested_branch_dag.py took 0.131 seconds
[2024-05-23T19:44:32.660+0000] {processor.py:161} INFO - Started process (PID=7842) to work on /home/airflow/.local/lib/python3.12/site-packages/airflow/example_dags/example_nested_branch_dag.py
[2024-05-23T19:44:32.661+0000] {processor.py:830} INFO - Processing file /home/airflow/.local/lib/python3.12/site-packages/airflow/example_dags/example_nested_branch_dag.py for tasks to queue
[2024-05-23T19:44:32.666+0000] {logging_mixin.py:188} INFO - [2024-05-23T19:44:32.665+0000] {dagbag.py:545} INFO - Filling up the DagBag from /home/airflow/.local/lib/python3.12/site-packages/airflow/example_dags/example_nested_branch_dag.py
[2024-05-23T19:44:32.682+0000] {processor.py:840} INFO - DAG(s) 'example_nested_branch_dag' retrieved from /home/airflow/.local/lib/python3.12/site-packages/airflow/example_dags/example_nested_branch_dag.py
[2024-05-23T19:44:32.715+0000] {logging_mixin.py:188} INFO - [2024-05-23T19:44:32.714+0000] {dag.py:3096} INFO - Sync 1 DAGs
[2024-05-23T19:44:32.749+0000] {logging_mixin.py:188} INFO - [2024-05-23T19:44:32.748+0000] {dag.py:3954} INFO - Setting next_dagrun for example_nested_branch_dag to 2024-05-22 00:00:00+00:00, run_after=2024-05-23 00:00:00+00:00
[2024-05-23T19:44:32.776+0000] {processor.py:183} INFO - Processing /home/airflow/.local/lib/python3.12/site-packages/airflow/example_dags/example_nested_branch_dag.py took 0.124 seconds
[2024-05-23T19:45:03.113+0000] {processor.py:161} INFO - Started process (PID=8104) to work on /home/airflow/.local/lib/python3.12/site-packages/airflow/example_dags/example_nested_branch_dag.py
[2024-05-23T19:45:03.114+0000] {processor.py:830} INFO - Processing file /home/airflow/.local/lib/python3.12/site-packages/airflow/example_dags/example_nested_branch_dag.py for tasks to queue
[2024-05-23T19:45:03.117+0000] {logging_mixin.py:188} INFO - [2024-05-23T19:45:03.117+0000] {dagbag.py:545} INFO - Filling up the DagBag from /home/airflow/.local/lib/python3.12/site-packages/airflow/example_dags/example_nested_branch_dag.py
[2024-05-23T19:45:03.132+0000] {processor.py:840} INFO - DAG(s) 'example_nested_branch_dag' retrieved from /home/airflow/.local/lib/python3.12/site-packages/airflow/example_dags/example_nested_branch_dag.py
[2024-05-23T19:45:03.163+0000] {logging_mixin.py:188} INFO - [2024-05-23T19:45:03.162+0000] {dag.py:3096} INFO - Sync 1 DAGs
[2024-05-23T19:45:03.195+0000] {logging_mixin.py:188} INFO - [2024-05-23T19:45:03.194+0000] {dag.py:3954} INFO - Setting next_dagrun for example_nested_branch_dag to 2024-05-22 00:00:00+00:00, run_after=2024-05-23 00:00:00+00:00
[2024-05-23T19:45:03.222+0000] {processor.py:183} INFO - Processing /home/airflow/.local/lib/python3.12/site-packages/airflow/example_dags/example_nested_branch_dag.py took 0.118 seconds
[2024-05-23T19:45:33.567+0000] {processor.py:161} INFO - Started process (PID=8366) to work on /home/airflow/.local/lib/python3.12/site-packages/airflow/example_dags/example_nested_branch_dag.py
[2024-05-23T19:45:33.569+0000] {processor.py:830} INFO - Processing file /home/airflow/.local/lib/python3.12/site-packages/airflow/example_dags/example_nested_branch_dag.py for tasks to queue
[2024-05-23T19:45:33.572+0000] {logging_mixin.py:188} INFO - [2024-05-23T19:45:33.571+0000] {dagbag.py:545} INFO - Filling up the DagBag from /home/airflow/.local/lib/python3.12/site-packages/airflow/example_dags/example_nested_branch_dag.py
[2024-05-23T19:45:33.585+0000] {processor.py:840} INFO - DAG(s) 'example_nested_branch_dag' retrieved from /home/airflow/.local/lib/python3.12/site-packages/airflow/example_dags/example_nested_branch_dag.py
[2024-05-23T19:45:33.616+0000] {logging_mixin.py:188} INFO - [2024-05-23T19:45:33.616+0000] {dag.py:3096} INFO - Sync 1 DAGs
[2024-05-23T19:45:33.648+0000] {logging_mixin.py:188} INFO - [2024-05-23T19:45:33.648+0000] {dag.py:3954} INFO - Setting next_dagrun for example_nested_branch_dag to 2024-05-22 00:00:00+00:00, run_after=2024-05-23 00:00:00+00:00
[2024-05-23T19:45:33.673+0000] {processor.py:183} INFO - Processing /home/airflow/.local/lib/python3.12/site-packages/airflow/example_dags/example_nested_branch_dag.py took 0.113 seconds
[2024-05-23T19:46:03.822+0000] {processor.py:161} INFO - Started process (PID=8628) to work on /home/airflow/.local/lib/python3.12/site-packages/airflow/example_dags/example_nested_branch_dag.py
[2024-05-23T19:46:03.824+0000] {processor.py:830} INFO - Processing file /home/airflow/.local/lib/python3.12/site-packages/airflow/example_dags/example_nested_branch_dag.py for tasks to queue
[2024-05-23T19:46:03.826+0000] {logging_mixin.py:188} INFO - [2024-05-23T19:46:03.826+0000] {dagbag.py:545} INFO - Filling up the DagBag from /home/airflow/.local/lib/python3.12/site-packages/airflow/example_dags/example_nested_branch_dag.py
[2024-05-23T19:46:03.840+0000] {processor.py:840} INFO - DAG(s) 'example_nested_branch_dag' retrieved from /home/airflow/.local/lib/python3.12/site-packages/airflow/example_dags/example_nested_branch_dag.py
[2024-05-23T19:46:03.870+0000] {logging_mixin.py:188} INFO - [2024-05-23T19:46:03.869+0000] {dag.py:3096} INFO - Sync 1 DAGs
[2024-05-23T19:46:03.901+0000] {logging_mixin.py:188} INFO - [2024-05-23T19:46:03.901+0000] {dag.py:3954} INFO - Setting next_dagrun for example_nested_branch_dag to 2024-05-22 00:00:00+00:00, run_after=2024-05-23 00:00:00+00:00
[2024-05-23T19:46:03.926+0000] {processor.py:183} INFO - Processing /home/airflow/.local/lib/python3.12/site-packages/airflow/example_dags/example_nested_branch_dag.py took 0.111 seconds
[2024-05-23T19:46:34.080+0000] {processor.py:161} INFO - Started process (PID=8890) to work on /home/airflow/.local/lib/python3.12/site-packages/airflow/example_dags/example_nested_branch_dag.py
[2024-05-23T19:46:34.081+0000] {processor.py:830} INFO - Processing file /home/airflow/.local/lib/python3.12/site-packages/airflow/example_dags/example_nested_branch_dag.py for tasks to queue
[2024-05-23T19:46:34.084+0000] {logging_mixin.py:188} INFO - [2024-05-23T19:46:34.083+0000] {dagbag.py:545} INFO - Filling up the DagBag from /home/airflow/.local/lib/python3.12/site-packages/airflow/example_dags/example_nested_branch_dag.py
[2024-05-23T19:46:34.097+0000] {processor.py:840} INFO - DAG(s) 'example_nested_branch_dag' retrieved from /home/airflow/.local/lib/python3.12/site-packages/airflow/example_dags/example_nested_branch_dag.py
[2024-05-23T19:46:34.128+0000] {logging_mixin.py:188} INFO - [2024-05-23T19:46:34.128+0000] {dag.py:3096} INFO - Sync 1 DAGs
[2024-05-23T19:46:34.160+0000] {logging_mixin.py:188} INFO - [2024-05-23T19:46:34.160+0000] {dag.py:3954} INFO - Setting next_dagrun for example_nested_branch_dag to 2024-05-22 00:00:00+00:00, run_after=2024-05-23 00:00:00+00:00
[2024-05-23T19:46:34.184+0000] {processor.py:183} INFO - Processing /home/airflow/.local/lib/python3.12/site-packages/airflow/example_dags/example_nested_branch_dag.py took 0.112 seconds
[2024-05-23T19:47:04.341+0000] {processor.py:161} INFO - Started process (PID=9152) to work on /home/airflow/.local/lib/python3.12/site-packages/airflow/example_dags/example_nested_branch_dag.py
[2024-05-23T19:47:04.342+0000] {processor.py:830} INFO - Processing file /home/airflow/.local/lib/python3.12/site-packages/airflow/example_dags/example_nested_branch_dag.py for tasks to queue
[2024-05-23T19:47:04.345+0000] {logging_mixin.py:188} INFO - [2024-05-23T19:47:04.344+0000] {dagbag.py:545} INFO - Filling up the DagBag from /home/airflow/.local/lib/python3.12/site-packages/airflow/example_dags/example_nested_branch_dag.py
[2024-05-23T19:47:04.359+0000] {processor.py:840} INFO - DAG(s) 'example_nested_branch_dag' retrieved from /home/airflow/.local/lib/python3.12/site-packages/airflow/example_dags/example_nested_branch_dag.py
[2024-05-23T19:47:04.388+0000] {logging_mixin.py:188} INFO - [2024-05-23T19:47:04.388+0000] {dag.py:3096} INFO - Sync 1 DAGs
[2024-05-23T19:47:04.419+0000] {logging_mixin.py:188} INFO - [2024-05-23T19:47:04.419+0000] {dag.py:3954} INFO - Setting next_dagrun for example_nested_branch_dag to 2024-05-22 00:00:00+00:00, run_after=2024-05-23 00:00:00+00:00
[2024-05-23T19:47:04.444+0000] {processor.py:183} INFO - Processing /home/airflow/.local/lib/python3.12/site-packages/airflow/example_dags/example_nested_branch_dag.py took 0.112 seconds
[2024-05-23T19:47:34.508+0000] {processor.py:161} INFO - Started process (PID=9414) to work on /home/airflow/.local/lib/python3.12/site-packages/airflow/example_dags/example_nested_branch_dag.py
[2024-05-23T19:47:34.509+0000] {processor.py:830} INFO - Processing file /home/airflow/.local/lib/python3.12/site-packages/airflow/example_dags/example_nested_branch_dag.py for tasks to queue
[2024-05-23T19:47:34.512+0000] {logging_mixin.py:188} INFO - [2024-05-23T19:47:34.511+0000] {dagbag.py:545} INFO - Filling up the DagBag from /home/airflow/.local/lib/python3.12/site-packages/airflow/example_dags/example_nested_branch_dag.py
[2024-05-23T19:47:34.526+0000] {processor.py:840} INFO - DAG(s) 'example_nested_branch_dag' retrieved from /home/airflow/.local/lib/python3.12/site-packages/airflow/example_dags/example_nested_branch_dag.py
[2024-05-23T19:47:34.556+0000] {logging_mixin.py:188} INFO - [2024-05-23T19:47:34.556+0000] {dag.py:3096} INFO - Sync 1 DAGs
[2024-05-23T19:47:34.588+0000] {logging_mixin.py:188} INFO - [2024-05-23T19:47:34.587+0000] {dag.py:3954} INFO - Setting next_dagrun for example_nested_branch_dag to 2024-05-22 00:00:00+00:00, run_after=2024-05-23 00:00:00+00:00
[2024-05-23T19:47:34.612+0000] {processor.py:183} INFO - Processing /home/airflow/.local/lib/python3.12/site-packages/airflow/example_dags/example_nested_branch_dag.py took 0.113 seconds
[2024-05-23T19:48:05.464+0000] {processor.py:161} INFO - Started process (PID=9678) to work on /home/airflow/.local/lib/python3.12/site-packages/airflow/example_dags/example_nested_branch_dag.py
[2024-05-23T19:48:05.465+0000] {processor.py:830} INFO - Processing file /home/airflow/.local/lib/python3.12/site-packages/airflow/example_dags/example_nested_branch_dag.py for tasks to queue
[2024-05-23T19:48:05.468+0000] {logging_mixin.py:188} INFO - [2024-05-23T19:48:05.468+0000] {dagbag.py:545} INFO - Filling up the DagBag from /home/airflow/.local/lib/python3.12/site-packages/airflow/example_dags/example_nested_branch_dag.py
[2024-05-23T19:48:05.482+0000] {processor.py:840} INFO - DAG(s) 'example_nested_branch_dag' retrieved from /home/airflow/.local/lib/python3.12/site-packages/airflow/example_dags/example_nested_branch_dag.py
[2024-05-23T19:48:05.512+0000] {logging_mixin.py:188} INFO - [2024-05-23T19:48:05.512+0000] {dag.py:3096} INFO - Sync 1 DAGs
[2024-05-23T19:48:05.544+0000] {logging_mixin.py:188} INFO - [2024-05-23T19:48:05.544+0000] {dag.py:3954} INFO - Setting next_dagrun for example_nested_branch_dag to 2024-05-22 00:00:00+00:00, run_after=2024-05-23 00:00:00+00:00
[2024-05-23T19:48:05.717+0000] {processor.py:183} INFO - Processing /home/airflow/.local/lib/python3.12/site-packages/airflow/example_dags/example_nested_branch_dag.py took 0.262 seconds
[2024-05-23T19:48:36.432+0000] {processor.py:161} INFO - Started process (PID=9938) to work on /home/airflow/.local/lib/python3.12/site-packages/airflow/example_dags/example_nested_branch_dag.py
[2024-05-23T19:48:36.433+0000] {processor.py:830} INFO - Processing file /home/airflow/.local/lib/python3.12/site-packages/airflow/example_dags/example_nested_branch_dag.py for tasks to queue
[2024-05-23T19:48:36.436+0000] {logging_mixin.py:188} INFO - [2024-05-23T19:48:36.435+0000] {dagbag.py:545} INFO - Filling up the DagBag from /home/airflow/.local/lib/python3.12/site-packages/airflow/example_dags/example_nested_branch_dag.py
[2024-05-23T19:48:36.450+0000] {processor.py:840} INFO - DAG(s) 'example_nested_branch_dag' retrieved from /home/airflow/.local/lib/python3.12/site-packages/airflow/example_dags/example_nested_branch_dag.py
[2024-05-23T19:48:36.484+0000] {logging_mixin.py:188} INFO - [2024-05-23T19:48:36.483+0000] {dag.py:3096} INFO - Sync 1 DAGs
[2024-05-23T19:48:36.517+0000] {logging_mixin.py:188} INFO - [2024-05-23T19:48:36.517+0000] {dag.py:3954} INFO - Setting next_dagrun for example_nested_branch_dag to 2024-05-22 00:00:00+00:00, run_after=2024-05-23 00:00:00+00:00
[2024-05-23T19:48:36.548+0000] {processor.py:183} INFO - Processing /home/airflow/.local/lib/python3.12/site-packages/airflow/example_dags/example_nested_branch_dag.py took 0.125 seconds
[2024-05-23T19:49:06.685+0000] {processor.py:161} INFO - Started process (PID=10200) to work on /home/airflow/.local/lib/python3.12/site-packages/airflow/example_dags/example_nested_branch_dag.py
[2024-05-23T19:49:06.689+0000] {processor.py:830} INFO - Processing file /home/airflow/.local/lib/python3.12/site-packages/airflow/example_dags/example_nested_branch_dag.py for tasks to queue
[2024-05-23T19:49:06.692+0000] {logging_mixin.py:188} INFO - [2024-05-23T19:49:06.691+0000] {dagbag.py:545} INFO - Filling up the DagBag from /home/airflow/.local/lib/python3.12/site-packages/airflow/example_dags/example_nested_branch_dag.py
[2024-05-23T19:49:06.706+0000] {processor.py:840} INFO - DAG(s) 'example_nested_branch_dag' retrieved from /home/airflow/.local/lib/python3.12/site-packages/airflow/example_dags/example_nested_branch_dag.py
[2024-05-23T19:49:06.739+0000] {logging_mixin.py:188} INFO - [2024-05-23T19:49:06.739+0000] {dag.py:3096} INFO - Sync 1 DAGs
[2024-05-23T19:49:06.778+0000] {logging_mixin.py:188} INFO - [2024-05-23T19:49:06.778+0000] {dag.py:3954} INFO - Setting next_dagrun for example_nested_branch_dag to 2024-05-22 00:00:00+00:00, run_after=2024-05-23 00:00:00+00:00
[2024-05-23T19:49:06.804+0000] {processor.py:183} INFO - Processing /home/airflow/.local/lib/python3.12/site-packages/airflow/example_dags/example_nested_branch_dag.py took 0.126 seconds
[2024-05-23T19:49:37.004+0000] {processor.py:161} INFO - Started process (PID=10462) to work on /home/airflow/.local/lib/python3.12/site-packages/airflow/example_dags/example_nested_branch_dag.py
[2024-05-23T19:49:37.006+0000] {processor.py:830} INFO - Processing file /home/airflow/.local/lib/python3.12/site-packages/airflow/example_dags/example_nested_branch_dag.py for tasks to queue
[2024-05-23T19:49:37.008+0000] {logging_mixin.py:188} INFO - [2024-05-23T19:49:37.008+0000] {dagbag.py:545} INFO - Filling up the DagBag from /home/airflow/.local/lib/python3.12/site-packages/airflow/example_dags/example_nested_branch_dag.py
[2024-05-23T19:49:37.024+0000] {processor.py:840} INFO - DAG(s) 'example_nested_branch_dag' retrieved from /home/airflow/.local/lib/python3.12/site-packages/airflow/example_dags/example_nested_branch_dag.py
[2024-05-23T19:49:37.055+0000] {logging_mixin.py:188} INFO - [2024-05-23T19:49:37.055+0000] {dag.py:3096} INFO - Sync 1 DAGs
[2024-05-23T19:49:37.088+0000] {logging_mixin.py:188} INFO - [2024-05-23T19:49:37.087+0000] {dag.py:3954} INFO - Setting next_dagrun for example_nested_branch_dag to 2024-05-22 00:00:00+00:00, run_after=2024-05-23 00:00:00+00:00
[2024-05-23T19:49:37.114+0000] {processor.py:183} INFO - Processing /home/airflow/.local/lib/python3.12/site-packages/airflow/example_dags/example_nested_branch_dag.py took 0.118 seconds
[2024-05-23T19:50:07.488+0000] {processor.py:161} INFO - Started process (PID=10724) to work on /home/airflow/.local/lib/python3.12/site-packages/airflow/example_dags/example_nested_branch_dag.py
[2024-05-23T19:50:07.490+0000] {processor.py:830} INFO - Processing file /home/airflow/.local/lib/python3.12/site-packages/airflow/example_dags/example_nested_branch_dag.py for tasks to queue
[2024-05-23T19:50:07.492+0000] {logging_mixin.py:188} INFO - [2024-05-23T19:50:07.492+0000] {dagbag.py:545} INFO - Filling up the DagBag from /home/airflow/.local/lib/python3.12/site-packages/airflow/example_dags/example_nested_branch_dag.py
[2024-05-23T19:50:07.508+0000] {processor.py:840} INFO - DAG(s) 'example_nested_branch_dag' retrieved from /home/airflow/.local/lib/python3.12/site-packages/airflow/example_dags/example_nested_branch_dag.py
[2024-05-23T19:50:07.540+0000] {logging_mixin.py:188} INFO - [2024-05-23T19:50:07.539+0000] {dag.py:3096} INFO - Sync 1 DAGs
[2024-05-23T19:50:07.574+0000] {logging_mixin.py:188} INFO - [2024-05-23T19:50:07.574+0000] {dag.py:3954} INFO - Setting next_dagrun for example_nested_branch_dag to 2024-05-22 00:00:00+00:00, run_after=2024-05-23 00:00:00+00:00
[2024-05-23T19:50:07.602+0000] {processor.py:183} INFO - Processing /home/airflow/.local/lib/python3.12/site-packages/airflow/example_dags/example_nested_branch_dag.py took 0.122 seconds
[2024-05-23T19:50:38.509+0000] {processor.py:161} INFO - Started process (PID=10986) to work on /home/airflow/.local/lib/python3.12/site-packages/airflow/example_dags/example_nested_branch_dag.py
[2024-05-23T19:50:38.510+0000] {processor.py:830} INFO - Processing file /home/airflow/.local/lib/python3.12/site-packages/airflow/example_dags/example_nested_branch_dag.py for tasks to queue
[2024-05-23T19:50:38.513+0000] {logging_mixin.py:188} INFO - [2024-05-23T19:50:38.512+0000] {dagbag.py:545} INFO - Filling up the DagBag from /home/airflow/.local/lib/python3.12/site-packages/airflow/example_dags/example_nested_branch_dag.py
[2024-05-23T19:50:38.529+0000] {processor.py:840} INFO - DAG(s) 'example_nested_branch_dag' retrieved from /home/airflow/.local/lib/python3.12/site-packages/airflow/example_dags/example_nested_branch_dag.py
[2024-05-23T19:50:38.725+0000] {logging_mixin.py:188} INFO - [2024-05-23T19:50:38.724+0000] {dag.py:3096} INFO - Sync 1 DAGs
[2024-05-23T19:50:38.758+0000] {logging_mixin.py:188} INFO - [2024-05-23T19:50:38.758+0000] {dag.py:3954} INFO - Setting next_dagrun for example_nested_branch_dag to 2024-05-22 00:00:00+00:00, run_after=2024-05-23 00:00:00+00:00
[2024-05-23T19:50:38.786+0000] {processor.py:183} INFO - Processing /home/airflow/.local/lib/python3.12/site-packages/airflow/example_dags/example_nested_branch_dag.py took 0.286 seconds
[2024-05-23T19:51:08.886+0000] {processor.py:161} INFO - Started process (PID=11248) to work on /home/airflow/.local/lib/python3.12/site-packages/airflow/example_dags/example_nested_branch_dag.py
[2024-05-23T19:51:08.887+0000] {processor.py:830} INFO - Processing file /home/airflow/.local/lib/python3.12/site-packages/airflow/example_dags/example_nested_branch_dag.py for tasks to queue
[2024-05-23T19:51:08.890+0000] {logging_mixin.py:188} INFO - [2024-05-23T19:51:08.890+0000] {dagbag.py:545} INFO - Filling up the DagBag from /home/airflow/.local/lib/python3.12/site-packages/airflow/example_dags/example_nested_branch_dag.py
[2024-05-23T19:51:08.906+0000] {processor.py:840} INFO - DAG(s) 'example_nested_branch_dag' retrieved from /home/airflow/.local/lib/python3.12/site-packages/airflow/example_dags/example_nested_branch_dag.py
[2024-05-23T19:51:08.940+0000] {logging_mixin.py:188} INFO - [2024-05-23T19:51:08.940+0000] {dag.py:3096} INFO - Sync 1 DAGs
[2024-05-23T19:51:08.974+0000] {logging_mixin.py:188} INFO - [2024-05-23T19:51:08.974+0000] {dag.py:3954} INFO - Setting next_dagrun for example_nested_branch_dag to 2024-05-22 00:00:00+00:00, run_after=2024-05-23 00:00:00+00:00
[2024-05-23T19:51:09.000+0000] {processor.py:183} INFO - Processing /home/airflow/.local/lib/python3.12/site-packages/airflow/example_dags/example_nested_branch_dag.py took 0.123 seconds
[2024-05-23T19:51:39.865+0000] {processor.py:161} INFO - Started process (PID=11510) to work on /home/airflow/.local/lib/python3.12/site-packages/airflow/example_dags/example_nested_branch_dag.py
[2024-05-23T19:51:39.867+0000] {processor.py:830} INFO - Processing file /home/airflow/.local/lib/python3.12/site-packages/airflow/example_dags/example_nested_branch_dag.py for tasks to queue
[2024-05-23T19:51:39.870+0000] {logging_mixin.py:188} INFO - [2024-05-23T19:51:39.870+0000] {dagbag.py:545} INFO - Filling up the DagBag from /home/airflow/.local/lib/python3.12/site-packages/airflow/example_dags/example_nested_branch_dag.py
[2024-05-23T19:51:39.886+0000] {processor.py:840} INFO - DAG(s) 'example_nested_branch_dag' retrieved from /home/airflow/.local/lib/python3.12/site-packages/airflow/example_dags/example_nested_branch_dag.py
[2024-05-23T19:51:39.921+0000] {logging_mixin.py:188} INFO - [2024-05-23T19:51:39.921+0000] {dag.py:3096} INFO - Sync 1 DAGs
[2024-05-23T19:51:39.958+0000] {logging_mixin.py:188} INFO - [2024-05-23T19:51:39.958+0000] {dag.py:3954} INFO - Setting next_dagrun for example_nested_branch_dag to 2024-05-22 00:00:00+00:00, run_after=2024-05-23 00:00:00+00:00
[2024-05-23T19:51:39.986+0000] {processor.py:183} INFO - Processing /home/airflow/.local/lib/python3.12/site-packages/airflow/example_dags/example_nested_branch_dag.py took 0.130 seconds
[2024-05-23T19:52:10.265+0000] {processor.py:161} INFO - Started process (PID=11772) to work on /home/airflow/.local/lib/python3.12/site-packages/airflow/example_dags/example_nested_branch_dag.py
[2024-05-23T19:52:10.267+0000] {processor.py:830} INFO - Processing file /home/airflow/.local/lib/python3.12/site-packages/airflow/example_dags/example_nested_branch_dag.py for tasks to queue
[2024-05-23T19:52:10.269+0000] {logging_mixin.py:188} INFO - [2024-05-23T19:52:10.269+0000] {dagbag.py:545} INFO - Filling up the DagBag from /home/airflow/.local/lib/python3.12/site-packages/airflow/example_dags/example_nested_branch_dag.py
[2024-05-23T19:52:10.285+0000] {processor.py:840} INFO - DAG(s) 'example_nested_branch_dag' retrieved from /home/airflow/.local/lib/python3.12/site-packages/airflow/example_dags/example_nested_branch_dag.py
[2024-05-23T19:52:10.318+0000] {logging_mixin.py:188} INFO - [2024-05-23T19:52:10.317+0000] {dag.py:3096} INFO - Sync 1 DAGs
[2024-05-23T19:52:10.352+0000] {logging_mixin.py:188} INFO - [2024-05-23T19:52:10.352+0000] {dag.py:3954} INFO - Setting next_dagrun for example_nested_branch_dag to 2024-05-22 00:00:00+00:00, run_after=2024-05-23 00:00:00+00:00
[2024-05-23T19:52:10.378+0000] {processor.py:183} INFO - Processing /home/airflow/.local/lib/python3.12/site-packages/airflow/example_dags/example_nested_branch_dag.py took 0.121 seconds
[2024-05-23T19:52:40.652+0000] {processor.py:161} INFO - Started process (PID=12034) to work on /home/airflow/.local/lib/python3.12/site-packages/airflow/example_dags/example_nested_branch_dag.py
[2024-05-23T19:52:40.654+0000] {processor.py:830} INFO - Processing file /home/airflow/.local/lib/python3.12/site-packages/airflow/example_dags/example_nested_branch_dag.py for tasks to queue
[2024-05-23T19:52:40.657+0000] {logging_mixin.py:188} INFO - [2024-05-23T19:52:40.656+0000] {dagbag.py:545} INFO - Filling up the DagBag from /home/airflow/.local/lib/python3.12/site-packages/airflow/example_dags/example_nested_branch_dag.py
[2024-05-23T19:52:40.676+0000] {processor.py:840} INFO - DAG(s) 'example_nested_branch_dag' retrieved from /home/airflow/.local/lib/python3.12/site-packages/airflow/example_dags/example_nested_branch_dag.py
[2024-05-23T19:52:40.711+0000] {logging_mixin.py:188} INFO - [2024-05-23T19:52:40.711+0000] {dag.py:3096} INFO - Sync 1 DAGs
[2024-05-23T19:52:40.751+0000] {logging_mixin.py:188} INFO - [2024-05-23T19:52:40.750+0000] {dag.py:3954} INFO - Setting next_dagrun for example_nested_branch_dag to 2024-05-22 00:00:00+00:00, run_after=2024-05-23 00:00:00+00:00
[2024-05-23T19:52:40.780+0000] {processor.py:183} INFO - Processing /home/airflow/.local/lib/python3.12/site-packages/airflow/example_dags/example_nested_branch_dag.py took 0.136 seconds
[2024-05-23T19:53:11.024+0000] {processor.py:161} INFO - Started process (PID=12296) to work on /home/airflow/.local/lib/python3.12/site-packages/airflow/example_dags/example_nested_branch_dag.py
[2024-05-23T19:53:11.027+0000] {processor.py:830} INFO - Processing file /home/airflow/.local/lib/python3.12/site-packages/airflow/example_dags/example_nested_branch_dag.py for tasks to queue
[2024-05-23T19:53:11.030+0000] {logging_mixin.py:188} INFO - [2024-05-23T19:53:11.029+0000] {dagbag.py:545} INFO - Filling up the DagBag from /home/airflow/.local/lib/python3.12/site-packages/airflow/example_dags/example_nested_branch_dag.py
[2024-05-23T19:53:11.046+0000] {processor.py:840} INFO - DAG(s) 'example_nested_branch_dag' retrieved from /home/airflow/.local/lib/python3.12/site-packages/airflow/example_dags/example_nested_branch_dag.py
[2024-05-23T19:53:11.078+0000] {logging_mixin.py:188} INFO - [2024-05-23T19:53:11.077+0000] {dag.py:3096} INFO - Sync 1 DAGs
[2024-05-23T19:53:11.112+0000] {logging_mixin.py:188} INFO - [2024-05-23T19:53:11.112+0000] {dag.py:3954} INFO - Setting next_dagrun for example_nested_branch_dag to 2024-05-22 00:00:00+00:00, run_after=2024-05-23 00:00:00+00:00
[2024-05-23T19:53:11.138+0000] {processor.py:183} INFO - Processing /home/airflow/.local/lib/python3.12/site-packages/airflow/example_dags/example_nested_branch_dag.py took 0.122 seconds
[2024-05-23T19:53:41.288+0000] {processor.py:161} INFO - Started process (PID=12558) to work on /home/airflow/.local/lib/python3.12/site-packages/airflow/example_dags/example_nested_branch_dag.py
[2024-05-23T19:53:41.289+0000] {processor.py:830} INFO - Processing file /home/airflow/.local/lib/python3.12/site-packages/airflow/example_dags/example_nested_branch_dag.py for tasks to queue
[2024-05-23T19:53:41.292+0000] {logging_mixin.py:188} INFO - [2024-05-23T19:53:41.292+0000] {dagbag.py:545} INFO - Filling up the DagBag from /home/airflow/.local/lib/python3.12/site-packages/airflow/example_dags/example_nested_branch_dag.py
[2024-05-23T19:53:41.307+0000] {processor.py:840} INFO - DAG(s) 'example_nested_branch_dag' retrieved from /home/airflow/.local/lib/python3.12/site-packages/airflow/example_dags/example_nested_branch_dag.py
[2024-05-23T19:53:41.339+0000] {logging_mixin.py:188} INFO - [2024-05-23T19:53:41.338+0000] {dag.py:3096} INFO - Sync 1 DAGs
[2024-05-23T19:53:41.373+0000] {logging_mixin.py:188} INFO - [2024-05-23T19:53:41.373+0000] {dag.py:3954} INFO - Setting next_dagrun for example_nested_branch_dag to 2024-05-22 00:00:00+00:00, run_after=2024-05-23 00:00:00+00:00
[2024-05-23T19:53:41.399+0000] {processor.py:183} INFO - Processing /home/airflow/.local/lib/python3.12/site-packages/airflow/example_dags/example_nested_branch_dag.py took 0.120 seconds
[2024-05-23T19:54:11.882+0000] {processor.py:161} INFO - Started process (PID=12820) to work on /home/airflow/.local/lib/python3.12/site-packages/airflow/example_dags/example_nested_branch_dag.py
[2024-05-23T19:54:11.883+0000] {processor.py:830} INFO - Processing file /home/airflow/.local/lib/python3.12/site-packages/airflow/example_dags/example_nested_branch_dag.py for tasks to queue
[2024-05-23T19:54:11.886+0000] {logging_mixin.py:188} INFO - [2024-05-23T19:54:11.885+0000] {dagbag.py:545} INFO - Filling up the DagBag from /home/airflow/.local/lib/python3.12/site-packages/airflow/example_dags/example_nested_branch_dag.py
[2024-05-23T19:54:11.901+0000] {processor.py:840} INFO - DAG(s) 'example_nested_branch_dag' retrieved from /home/airflow/.local/lib/python3.12/site-packages/airflow/example_dags/example_nested_branch_dag.py
[2024-05-23T19:54:11.932+0000] {logging_mixin.py:188} INFO - [2024-05-23T19:54:11.932+0000] {dag.py:3096} INFO - Sync 1 DAGs
[2024-05-23T19:54:11.966+0000] {logging_mixin.py:188} INFO - [2024-05-23T19:54:11.966+0000] {dag.py:3954} INFO - Setting next_dagrun for example_nested_branch_dag to 2024-05-22 00:00:00+00:00, run_after=2024-05-23 00:00:00+00:00
[2024-05-23T19:54:11.991+0000] {processor.py:183} INFO - Processing /home/airflow/.local/lib/python3.12/site-packages/airflow/example_dags/example_nested_branch_dag.py took 0.117 seconds
[2024-05-23T19:54:42.790+0000] {processor.py:161} INFO - Started process (PID=13082) to work on /home/airflow/.local/lib/python3.12/site-packages/airflow/example_dags/example_nested_branch_dag.py
[2024-05-23T19:54:42.792+0000] {processor.py:830} INFO - Processing file /home/airflow/.local/lib/python3.12/site-packages/airflow/example_dags/example_nested_branch_dag.py for tasks to queue
[2024-05-23T19:54:42.794+0000] {logging_mixin.py:188} INFO - [2024-05-23T19:54:42.794+0000] {dagbag.py:545} INFO - Filling up the DagBag from /home/airflow/.local/lib/python3.12/site-packages/airflow/example_dags/example_nested_branch_dag.py
[2024-05-23T19:54:42.808+0000] {processor.py:840} INFO - DAG(s) 'example_nested_branch_dag' retrieved from /home/airflow/.local/lib/python3.12/site-packages/airflow/example_dags/example_nested_branch_dag.py
[2024-05-23T19:54:42.837+0000] {logging_mixin.py:188} INFO - [2024-05-23T19:54:42.837+0000] {dag.py:3096} INFO - Sync 1 DAGs
[2024-05-23T19:54:42.868+0000] {logging_mixin.py:188} INFO - [2024-05-23T19:54:42.868+0000] {dag.py:3954} INFO - Setting next_dagrun for example_nested_branch_dag to 2024-05-22 00:00:00+00:00, run_after=2024-05-23 00:00:00+00:00
[2024-05-23T19:54:42.892+0000] {processor.py:183} INFO - Processing /home/airflow/.local/lib/python3.12/site-packages/airflow/example_dags/example_nested_branch_dag.py took 0.110 seconds
[2024-05-23T19:55:13.454+0000] {processor.py:161} INFO - Started process (PID=13344) to work on /home/airflow/.local/lib/python3.12/site-packages/airflow/example_dags/example_nested_branch_dag.py
[2024-05-23T19:55:13.456+0000] {processor.py:830} INFO - Processing file /home/airflow/.local/lib/python3.12/site-packages/airflow/example_dags/example_nested_branch_dag.py for tasks to queue
[2024-05-23T19:55:13.458+0000] {logging_mixin.py:188} INFO - [2024-05-23T19:55:13.458+0000] {dagbag.py:545} INFO - Filling up the DagBag from /home/airflow/.local/lib/python3.12/site-packages/airflow/example_dags/example_nested_branch_dag.py
[2024-05-23T19:55:13.474+0000] {processor.py:840} INFO - DAG(s) 'example_nested_branch_dag' retrieved from /home/airflow/.local/lib/python3.12/site-packages/airflow/example_dags/example_nested_branch_dag.py
[2024-05-23T19:55:13.508+0000] {logging_mixin.py:188} INFO - [2024-05-23T19:55:13.507+0000] {dag.py:3096} INFO - Sync 1 DAGs
[2024-05-23T19:55:13.545+0000] {logging_mixin.py:188} INFO - [2024-05-23T19:55:13.544+0000] {dag.py:3954} INFO - Setting next_dagrun for example_nested_branch_dag to 2024-05-22 00:00:00+00:00, run_after=2024-05-23 00:00:00+00:00
[2024-05-23T19:55:13.572+0000] {processor.py:183} INFO - Processing /home/airflow/.local/lib/python3.12/site-packages/airflow/example_dags/example_nested_branch_dag.py took 0.126 seconds
[2024-05-23T19:55:44.022+0000] {processor.py:161} INFO - Started process (PID=13606) to work on /home/airflow/.local/lib/python3.12/site-packages/airflow/example_dags/example_nested_branch_dag.py
[2024-05-23T19:55:44.024+0000] {processor.py:830} INFO - Processing file /home/airflow/.local/lib/python3.12/site-packages/airflow/example_dags/example_nested_branch_dag.py for tasks to queue
[2024-05-23T19:55:44.028+0000] {logging_mixin.py:188} INFO - [2024-05-23T19:55:44.027+0000] {dagbag.py:545} INFO - Filling up the DagBag from /home/airflow/.local/lib/python3.12/site-packages/airflow/example_dags/example_nested_branch_dag.py
[2024-05-23T19:55:44.043+0000] {processor.py:840} INFO - DAG(s) 'example_nested_branch_dag' retrieved from /home/airflow/.local/lib/python3.12/site-packages/airflow/example_dags/example_nested_branch_dag.py
[2024-05-23T19:55:44.074+0000] {logging_mixin.py:188} INFO - [2024-05-23T19:55:44.074+0000] {dag.py:3096} INFO - Sync 1 DAGs
[2024-05-23T19:55:44.128+0000] {logging_mixin.py:188} INFO - [2024-05-23T19:55:44.128+0000] {dag.py:3954} INFO - Setting next_dagrun for example_nested_branch_dag to 2024-05-22 00:00:00+00:00, run_after=2024-05-23 00:00:00+00:00
[2024-05-23T19:55:44.175+0000] {processor.py:183} INFO - Processing /home/airflow/.local/lib/python3.12/site-packages/airflow/example_dags/example_nested_branch_dag.py took 0.161 seconds
[2024-05-23T19:56:14.448+0000] {processor.py:161} INFO - Started process (PID=13868) to work on /home/airflow/.local/lib/python3.12/site-packages/airflow/example_dags/example_nested_branch_dag.py
[2024-05-23T19:56:14.450+0000] {processor.py:830} INFO - Processing file /home/airflow/.local/lib/python3.12/site-packages/airflow/example_dags/example_nested_branch_dag.py for tasks to queue
[2024-05-23T19:56:14.452+0000] {logging_mixin.py:188} INFO - [2024-05-23T19:56:14.452+0000] {dagbag.py:545} INFO - Filling up the DagBag from /home/airflow/.local/lib/python3.12/site-packages/airflow/example_dags/example_nested_branch_dag.py
[2024-05-23T19:56:14.467+0000] {processor.py:840} INFO - DAG(s) 'example_nested_branch_dag' retrieved from /home/airflow/.local/lib/python3.12/site-packages/airflow/example_dags/example_nested_branch_dag.py
[2024-05-23T19:56:14.500+0000] {logging_mixin.py:188} INFO - [2024-05-23T19:56:14.500+0000] {dag.py:3096} INFO - Sync 1 DAGs
[2024-05-23T19:56:14.531+0000] {logging_mixin.py:188} INFO - [2024-05-23T19:56:14.531+0000] {dag.py:3954} INFO - Setting next_dagrun for example_nested_branch_dag to 2024-05-22 00:00:00+00:00, run_after=2024-05-23 00:00:00+00:00
[2024-05-23T19:56:14.557+0000] {processor.py:183} INFO - Processing /home/airflow/.local/lib/python3.12/site-packages/airflow/example_dags/example_nested_branch_dag.py took 0.118 seconds
[2024-05-23T19:56:45.249+0000] {processor.py:161} INFO - Started process (PID=14130) to work on /home/airflow/.local/lib/python3.12/site-packages/airflow/example_dags/example_nested_branch_dag.py
[2024-05-23T19:56:45.250+0000] {processor.py:830} INFO - Processing file /home/airflow/.local/lib/python3.12/site-packages/airflow/example_dags/example_nested_branch_dag.py for tasks to queue
[2024-05-23T19:56:45.253+0000] {logging_mixin.py:188} INFO - [2024-05-23T19:56:45.253+0000] {dagbag.py:545} INFO - Filling up the DagBag from /home/airflow/.local/lib/python3.12/site-packages/airflow/example_dags/example_nested_branch_dag.py
[2024-05-23T19:56:45.267+0000] {processor.py:840} INFO - DAG(s) 'example_nested_branch_dag' retrieved from /home/airflow/.local/lib/python3.12/site-packages/airflow/example_dags/example_nested_branch_dag.py
[2024-05-23T19:56:45.296+0000] {logging_mixin.py:188} INFO - [2024-05-23T19:56:45.296+0000] {dag.py:3096} INFO - Sync 1 DAGs
[2024-05-23T19:56:45.327+0000] {logging_mixin.py:188} INFO - [2024-05-23T19:56:45.326+0000] {dag.py:3954} INFO - Setting next_dagrun for example_nested_branch_dag to 2024-05-22 00:00:00+00:00, run_after=2024-05-23 00:00:00+00:00
[2024-05-23T19:56:45.351+0000] {processor.py:183} INFO - Processing /home/airflow/.local/lib/python3.12/site-packages/airflow/example_dags/example_nested_branch_dag.py took 0.109 seconds
[2024-05-23T19:57:15.808+0000] {processor.py:161} INFO - Started process (PID=14392) to work on /home/airflow/.local/lib/python3.12/site-packages/airflow/example_dags/example_nested_branch_dag.py
[2024-05-23T19:57:15.809+0000] {processor.py:830} INFO - Processing file /home/airflow/.local/lib/python3.12/site-packages/airflow/example_dags/example_nested_branch_dag.py for tasks to queue
[2024-05-23T19:57:15.812+0000] {logging_mixin.py:188} INFO - [2024-05-23T19:57:15.811+0000] {dagbag.py:545} INFO - Filling up the DagBag from /home/airflow/.local/lib/python3.12/site-packages/airflow/example_dags/example_nested_branch_dag.py
[2024-05-23T19:57:15.825+0000] {processor.py:840} INFO - DAG(s) 'example_nested_branch_dag' retrieved from /home/airflow/.local/lib/python3.12/site-packages/airflow/example_dags/example_nested_branch_dag.py
[2024-05-23T19:57:15.857+0000] {logging_mixin.py:188} INFO - [2024-05-23T19:57:15.857+0000] {dag.py:3096} INFO - Sync 1 DAGs
[2024-05-23T19:57:15.888+0000] {logging_mixin.py:188} INFO - [2024-05-23T19:57:15.887+0000] {dag.py:3954} INFO - Setting next_dagrun for example_nested_branch_dag to 2024-05-22 00:00:00+00:00, run_after=2024-05-23 00:00:00+00:00
[2024-05-23T19:57:15.914+0000] {processor.py:183} INFO - Processing /home/airflow/.local/lib/python3.12/site-packages/airflow/example_dags/example_nested_branch_dag.py took 0.114 seconds
[2024-05-23T19:57:46.423+0000] {processor.py:161} INFO - Started process (PID=14660) to work on /home/airflow/.local/lib/python3.12/site-packages/airflow/example_dags/example_nested_branch_dag.py
[2024-05-23T19:57:46.425+0000] {processor.py:830} INFO - Processing file /home/airflow/.local/lib/python3.12/site-packages/airflow/example_dags/example_nested_branch_dag.py for tasks to queue
[2024-05-23T19:57:46.427+0000] {logging_mixin.py:188} INFO - [2024-05-23T19:57:46.427+0000] {dagbag.py:545} INFO - Filling up the DagBag from /home/airflow/.local/lib/python3.12/site-packages/airflow/example_dags/example_nested_branch_dag.py
[2024-05-23T19:57:46.441+0000] {processor.py:840} INFO - DAG(s) 'example_nested_branch_dag' retrieved from /home/airflow/.local/lib/python3.12/site-packages/airflow/example_dags/example_nested_branch_dag.py
[2024-05-23T19:57:46.475+0000] {logging_mixin.py:188} INFO - [2024-05-23T19:57:46.475+0000] {dag.py:3096} INFO - Sync 1 DAGs
[2024-05-23T19:57:46.506+0000] {logging_mixin.py:188} INFO - [2024-05-23T19:57:46.506+0000] {dag.py:3954} INFO - Setting next_dagrun for example_nested_branch_dag to 2024-05-22 00:00:00+00:00, run_after=2024-05-23 00:00:00+00:00
[2024-05-23T19:57:46.533+0000] {processor.py:183} INFO - Processing /home/airflow/.local/lib/python3.12/site-packages/airflow/example_dags/example_nested_branch_dag.py took 0.119 seconds
[2024-05-23T19:58:17.033+0000] {processor.py:161} INFO - Started process (PID=14922) to work on /home/airflow/.local/lib/python3.12/site-packages/airflow/example_dags/example_nested_branch_dag.py
[2024-05-23T19:58:17.035+0000] {processor.py:830} INFO - Processing file /home/airflow/.local/lib/python3.12/site-packages/airflow/example_dags/example_nested_branch_dag.py for tasks to queue
[2024-05-23T19:58:17.038+0000] {logging_mixin.py:188} INFO - [2024-05-23T19:58:17.037+0000] {dagbag.py:545} INFO - Filling up the DagBag from /home/airflow/.local/lib/python3.12/site-packages/airflow/example_dags/example_nested_branch_dag.py
[2024-05-23T19:58:17.052+0000] {processor.py:840} INFO - DAG(s) 'example_nested_branch_dag' retrieved from /home/airflow/.local/lib/python3.12/site-packages/airflow/example_dags/example_nested_branch_dag.py
[2024-05-23T19:58:17.081+0000] {logging_mixin.py:188} INFO - [2024-05-23T19:58:17.080+0000] {dag.py:3096} INFO - Sync 1 DAGs
[2024-05-23T19:58:17.111+0000] {logging_mixin.py:188} INFO - [2024-05-23T19:58:17.111+0000] {dag.py:3954} INFO - Setting next_dagrun for example_nested_branch_dag to 2024-05-22 00:00:00+00:00, run_after=2024-05-23 00:00:00+00:00
[2024-05-23T19:58:17.135+0000] {processor.py:183} INFO - Processing /home/airflow/.local/lib/python3.12/site-packages/airflow/example_dags/example_nested_branch_dag.py took 0.109 seconds
[2024-05-23T20:03:42.172+0000] {processor.py:161} INFO - Started process (PID=14993) to work on /home/airflow/.local/lib/python3.12/site-packages/airflow/example_dags/example_nested_branch_dag.py
[2024-05-23T20:03:42.173+0000] {processor.py:830} INFO - Processing file /home/airflow/.local/lib/python3.12/site-packages/airflow/example_dags/example_nested_branch_dag.py for tasks to queue
[2024-05-23T20:03:42.175+0000] {logging_mixin.py:188} INFO - [2024-05-23T20:03:42.174+0000] {dagbag.py:545} INFO - Filling up the DagBag from /home/airflow/.local/lib/python3.12/site-packages/airflow/example_dags/example_nested_branch_dag.py
[2024-05-23T20:03:42.191+0000] {processor.py:840} INFO - DAG(s) 'example_nested_branch_dag' retrieved from /home/airflow/.local/lib/python3.12/site-packages/airflow/example_dags/example_nested_branch_dag.py
[2024-05-23T20:03:42.245+0000] {logging_mixin.py:188} INFO - [2024-05-23T20:03:42.244+0000] {dag.py:3096} INFO - Sync 1 DAGs
[2024-05-23T20:03:42.274+0000] {logging_mixin.py:188} INFO - [2024-05-23T20:03:42.274+0000] {dag.py:3954} INFO - Setting next_dagrun for example_nested_branch_dag to 2024-05-22 00:00:00+00:00, run_after=2024-05-23 00:00:00+00:00
[2024-05-23T20:03:42.306+0000] {processor.py:183} INFO - Processing /home/airflow/.local/lib/python3.12/site-packages/airflow/example_dags/example_nested_branch_dag.py took 0.145 seconds
[2024-05-23T20:04:14.899+0000] {processor.py:161} INFO - Started process (PID=15255) to work on /home/airflow/.local/lib/python3.12/site-packages/airflow/example_dags/example_nested_branch_dag.py
[2024-05-23T20:04:14.905+0000] {processor.py:830} INFO - Processing file /home/airflow/.local/lib/python3.12/site-packages/airflow/example_dags/example_nested_branch_dag.py for tasks to queue
[2024-05-23T20:04:14.910+0000] {logging_mixin.py:188} INFO - [2024-05-23T20:04:14.909+0000] {dagbag.py:545} INFO - Filling up the DagBag from /home/airflow/.local/lib/python3.12/site-packages/airflow/example_dags/example_nested_branch_dag.py
[2024-05-23T20:04:14.962+0000] {processor.py:840} INFO - DAG(s) 'example_nested_branch_dag' retrieved from /home/airflow/.local/lib/python3.12/site-packages/airflow/example_dags/example_nested_branch_dag.py
[2024-05-23T20:04:15.089+0000] {logging_mixin.py:188} INFO - [2024-05-23T20:04:15.087+0000] {dag.py:3096} INFO - Sync 1 DAGs
[2024-05-23T20:04:15.218+0000] {logging_mixin.py:188} INFO - [2024-05-23T20:04:15.217+0000] {dag.py:3954} INFO - Setting next_dagrun for example_nested_branch_dag to 2024-05-22 00:00:00+00:00, run_after=2024-05-23 00:00:00+00:00
[2024-05-23T20:04:15.317+0000] {processor.py:183} INFO - Processing /home/airflow/.local/lib/python3.12/site-packages/airflow/example_dags/example_nested_branch_dag.py took 0.456 seconds
[2024-05-23T20:08:12.357+0000] {processor.py:161} INFO - Started process (PID=15518) to work on /home/airflow/.local/lib/python3.12/site-packages/airflow/example_dags/example_nested_branch_dag.py
[2024-05-23T20:08:12.359+0000] {processor.py:830} INFO - Processing file /home/airflow/.local/lib/python3.12/site-packages/airflow/example_dags/example_nested_branch_dag.py for tasks to queue
[2024-05-23T20:08:12.361+0000] {logging_mixin.py:188} INFO - [2024-05-23T20:08:12.361+0000] {dagbag.py:545} INFO - Filling up the DagBag from /home/airflow/.local/lib/python3.12/site-packages/airflow/example_dags/example_nested_branch_dag.py
[2024-05-23T20:08:12.377+0000] {processor.py:840} INFO - DAG(s) 'example_nested_branch_dag' retrieved from /home/airflow/.local/lib/python3.12/site-packages/airflow/example_dags/example_nested_branch_dag.py
[2024-05-23T20:08:12.415+0000] {logging_mixin.py:188} INFO - [2024-05-23T20:08:12.415+0000] {dag.py:3096} INFO - Sync 1 DAGs
[2024-05-23T20:08:12.447+0000] {logging_mixin.py:188} INFO - [2024-05-23T20:08:12.446+0000] {dag.py:3954} INFO - Setting next_dagrun for example_nested_branch_dag to 2024-05-22 00:00:00+00:00, run_after=2024-05-23 00:00:00+00:00
[2024-05-23T20:08:12.472+0000] {processor.py:183} INFO - Processing /home/airflow/.local/lib/python3.12/site-packages/airflow/example_dags/example_nested_branch_dag.py took 0.126 seconds
[2024-05-23T20:08:42.584+0000] {processor.py:161} INFO - Started process (PID=15780) to work on /home/airflow/.local/lib/python3.12/site-packages/airflow/example_dags/example_nested_branch_dag.py
[2024-05-23T20:08:42.586+0000] {processor.py:830} INFO - Processing file /home/airflow/.local/lib/python3.12/site-packages/airflow/example_dags/example_nested_branch_dag.py for tasks to queue
[2024-05-23T20:08:42.587+0000] {logging_mixin.py:188} INFO - [2024-05-23T20:08:42.587+0000] {dagbag.py:545} INFO - Filling up the DagBag from /home/airflow/.local/lib/python3.12/site-packages/airflow/example_dags/example_nested_branch_dag.py
[2024-05-23T20:08:42.601+0000] {processor.py:840} INFO - DAG(s) 'example_nested_branch_dag' retrieved from /home/airflow/.local/lib/python3.12/site-packages/airflow/example_dags/example_nested_branch_dag.py
[2024-05-23T20:08:42.634+0000] {logging_mixin.py:188} INFO - [2024-05-23T20:08:42.634+0000] {dag.py:3096} INFO - Sync 1 DAGs
[2024-05-23T20:08:42.665+0000] {logging_mixin.py:188} INFO - [2024-05-23T20:08:42.664+0000] {dag.py:3954} INFO - Setting next_dagrun for example_nested_branch_dag to 2024-05-22 00:00:00+00:00, run_after=2024-05-23 00:00:00+00:00
[2024-05-23T20:08:42.692+0000] {processor.py:183} INFO - Processing /home/airflow/.local/lib/python3.12/site-packages/airflow/example_dags/example_nested_branch_dag.py took 0.117 seconds
[2024-05-23T20:09:12.988+0000] {processor.py:161} INFO - Started process (PID=16041) to work on /home/airflow/.local/lib/python3.12/site-packages/airflow/example_dags/example_nested_branch_dag.py
[2024-05-23T20:09:12.989+0000] {processor.py:830} INFO - Processing file /home/airflow/.local/lib/python3.12/site-packages/airflow/example_dags/example_nested_branch_dag.py for tasks to queue
[2024-05-23T20:09:12.993+0000] {logging_mixin.py:188} INFO - [2024-05-23T20:09:12.993+0000] {dagbag.py:545} INFO - Filling up the DagBag from /home/airflow/.local/lib/python3.12/site-packages/airflow/example_dags/example_nested_branch_dag.py
[2024-05-23T20:09:13.006+0000] {processor.py:840} INFO - DAG(s) 'example_nested_branch_dag' retrieved from /home/airflow/.local/lib/python3.12/site-packages/airflow/example_dags/example_nested_branch_dag.py
[2024-05-23T20:09:13.042+0000] {logging_mixin.py:188} INFO - [2024-05-23T20:09:13.042+0000] {dag.py:3096} INFO - Sync 1 DAGs
[2024-05-23T20:09:13.072+0000] {logging_mixin.py:188} INFO - [2024-05-23T20:09:13.072+0000] {dag.py:3954} INFO - Setting next_dagrun for example_nested_branch_dag to 2024-05-22 00:00:00+00:00, run_after=2024-05-23 00:00:00+00:00
[2024-05-23T20:09:13.097+0000] {processor.py:183} INFO - Processing /home/airflow/.local/lib/python3.12/site-packages/airflow/example_dags/example_nested_branch_dag.py took 0.120 seconds
[2024-05-23T20:09:43.512+0000] {processor.py:161} INFO - Started process (PID=16304) to work on /home/airflow/.local/lib/python3.12/site-packages/airflow/example_dags/example_nested_branch_dag.py
[2024-05-23T20:09:43.514+0000] {processor.py:830} INFO - Processing file /home/airflow/.local/lib/python3.12/site-packages/airflow/example_dags/example_nested_branch_dag.py for tasks to queue
[2024-05-23T20:09:43.515+0000] {logging_mixin.py:188} INFO - [2024-05-23T20:09:43.514+0000] {dagbag.py:545} INFO - Filling up the DagBag from /home/airflow/.local/lib/python3.12/site-packages/airflow/example_dags/example_nested_branch_dag.py
[2024-05-23T20:09:43.528+0000] {processor.py:840} INFO - DAG(s) 'example_nested_branch_dag' retrieved from /home/airflow/.local/lib/python3.12/site-packages/airflow/example_dags/example_nested_branch_dag.py
[2024-05-23T20:09:43.561+0000] {logging_mixin.py:188} INFO - [2024-05-23T20:09:43.561+0000] {dag.py:3096} INFO - Sync 1 DAGs
[2024-05-23T20:09:43.592+0000] {logging_mixin.py:188} INFO - [2024-05-23T20:09:43.592+0000] {dag.py:3954} INFO - Setting next_dagrun for example_nested_branch_dag to 2024-05-22 00:00:00+00:00, run_after=2024-05-23 00:00:00+00:00
[2024-05-23T20:09:43.617+0000] {processor.py:183} INFO - Processing /home/airflow/.local/lib/python3.12/site-packages/airflow/example_dags/example_nested_branch_dag.py took 0.113 seconds
[2024-05-23T20:10:13.812+0000] {processor.py:161} INFO - Started process (PID=16566) to work on /home/airflow/.local/lib/python3.12/site-packages/airflow/example_dags/example_nested_branch_dag.py
[2024-05-23T20:10:13.814+0000] {processor.py:830} INFO - Processing file /home/airflow/.local/lib/python3.12/site-packages/airflow/example_dags/example_nested_branch_dag.py for tasks to queue
[2024-05-23T20:10:13.815+0000] {logging_mixin.py:188} INFO - [2024-05-23T20:10:13.815+0000] {dagbag.py:545} INFO - Filling up the DagBag from /home/airflow/.local/lib/python3.12/site-packages/airflow/example_dags/example_nested_branch_dag.py
[2024-05-23T20:10:13.829+0000] {processor.py:840} INFO - DAG(s) 'example_nested_branch_dag' retrieved from /home/airflow/.local/lib/python3.12/site-packages/airflow/example_dags/example_nested_branch_dag.py
[2024-05-23T20:10:13.863+0000] {logging_mixin.py:188} INFO - [2024-05-23T20:10:13.863+0000] {dag.py:3096} INFO - Sync 1 DAGs
[2024-05-23T20:10:13.894+0000] {logging_mixin.py:188} INFO - [2024-05-23T20:10:13.893+0000] {dag.py:3954} INFO - Setting next_dagrun for example_nested_branch_dag to 2024-05-22 00:00:00+00:00, run_after=2024-05-23 00:00:00+00:00
[2024-05-23T20:10:13.923+0000] {processor.py:183} INFO - Processing /home/airflow/.local/lib/python3.12/site-packages/airflow/example_dags/example_nested_branch_dag.py took 0.119 seconds
[2024-05-23T20:10:44.081+0000] {processor.py:161} INFO - Started process (PID=16828) to work on /home/airflow/.local/lib/python3.12/site-packages/airflow/example_dags/example_nested_branch_dag.py
[2024-05-23T20:10:44.082+0000] {processor.py:830} INFO - Processing file /home/airflow/.local/lib/python3.12/site-packages/airflow/example_dags/example_nested_branch_dag.py for tasks to queue
[2024-05-23T20:10:44.084+0000] {logging_mixin.py:188} INFO - [2024-05-23T20:10:44.084+0000] {dagbag.py:545} INFO - Filling up the DagBag from /home/airflow/.local/lib/python3.12/site-packages/airflow/example_dags/example_nested_branch_dag.py
[2024-05-23T20:10:44.097+0000] {processor.py:840} INFO - DAG(s) 'example_nested_branch_dag' retrieved from /home/airflow/.local/lib/python3.12/site-packages/airflow/example_dags/example_nested_branch_dag.py
[2024-05-23T20:10:44.128+0000] {logging_mixin.py:188} INFO - [2024-05-23T20:10:44.127+0000] {dag.py:3096} INFO - Sync 1 DAGs
[2024-05-23T20:10:44.157+0000] {logging_mixin.py:188} INFO - [2024-05-23T20:10:44.157+0000] {dag.py:3954} INFO - Setting next_dagrun for example_nested_branch_dag to 2024-05-22 00:00:00+00:00, run_after=2024-05-23 00:00:00+00:00
[2024-05-23T20:10:44.183+0000] {processor.py:183} INFO - Processing /home/airflow/.local/lib/python3.12/site-packages/airflow/example_dags/example_nested_branch_dag.py took 0.111 seconds
[2024-05-23T20:11:14.266+0000] {processor.py:161} INFO - Started process (PID=17089) to work on /home/airflow/.local/lib/python3.12/site-packages/airflow/example_dags/example_nested_branch_dag.py
[2024-05-23T20:11:14.267+0000] {processor.py:830} INFO - Processing file /home/airflow/.local/lib/python3.12/site-packages/airflow/example_dags/example_nested_branch_dag.py for tasks to queue
[2024-05-23T20:11:14.269+0000] {logging_mixin.py:188} INFO - [2024-05-23T20:11:14.268+0000] {dagbag.py:545} INFO - Filling up the DagBag from /home/airflow/.local/lib/python3.12/site-packages/airflow/example_dags/example_nested_branch_dag.py
[2024-05-23T20:11:14.280+0000] {processor.py:840} INFO - DAG(s) 'example_nested_branch_dag' retrieved from /home/airflow/.local/lib/python3.12/site-packages/airflow/example_dags/example_nested_branch_dag.py
[2024-05-23T20:11:14.310+0000] {logging_mixin.py:188} INFO - [2024-05-23T20:11:14.310+0000] {dag.py:3096} INFO - Sync 1 DAGs
[2024-05-23T20:11:14.339+0000] {logging_mixin.py:188} INFO - [2024-05-23T20:11:14.339+0000] {dag.py:3954} INFO - Setting next_dagrun for example_nested_branch_dag to 2024-05-22 00:00:00+00:00, run_after=2024-05-23 00:00:00+00:00
[2024-05-23T20:11:14.366+0000] {processor.py:183} INFO - Processing /home/airflow/.local/lib/python3.12/site-packages/airflow/example_dags/example_nested_branch_dag.py took 0.108 seconds
[2024-05-23T20:11:44.775+0000] {processor.py:161} INFO - Started process (PID=17351) to work on /home/airflow/.local/lib/python3.12/site-packages/airflow/example_dags/example_nested_branch_dag.py
[2024-05-23T20:11:44.776+0000] {processor.py:830} INFO - Processing file /home/airflow/.local/lib/python3.12/site-packages/airflow/example_dags/example_nested_branch_dag.py for tasks to queue
[2024-05-23T20:11:44.777+0000] {logging_mixin.py:188} INFO - [2024-05-23T20:11:44.777+0000] {dagbag.py:545} INFO - Filling up the DagBag from /home/airflow/.local/lib/python3.12/site-packages/airflow/example_dags/example_nested_branch_dag.py
[2024-05-23T20:11:44.789+0000] {processor.py:840} INFO - DAG(s) 'example_nested_branch_dag' retrieved from /home/airflow/.local/lib/python3.12/site-packages/airflow/example_dags/example_nested_branch_dag.py
[2024-05-23T20:11:44.820+0000] {logging_mixin.py:188} INFO - [2024-05-23T20:11:44.820+0000] {dag.py:3096} INFO - Sync 1 DAGs
[2024-05-23T20:11:44.847+0000] {logging_mixin.py:188} INFO - [2024-05-23T20:11:44.847+0000] {dag.py:3954} INFO - Setting next_dagrun for example_nested_branch_dag to 2024-05-22 00:00:00+00:00, run_after=2024-05-23 00:00:00+00:00
[2024-05-23T20:11:44.872+0000] {processor.py:183} INFO - Processing /home/airflow/.local/lib/python3.12/site-packages/airflow/example_dags/example_nested_branch_dag.py took 0.106 seconds
[2024-05-23T20:12:15.360+0000] {processor.py:161} INFO - Started process (PID=17613) to work on /home/airflow/.local/lib/python3.12/site-packages/airflow/example_dags/example_nested_branch_dag.py
[2024-05-23T20:12:15.362+0000] {processor.py:830} INFO - Processing file /home/airflow/.local/lib/python3.12/site-packages/airflow/example_dags/example_nested_branch_dag.py for tasks to queue
[2024-05-23T20:12:15.363+0000] {logging_mixin.py:188} INFO - [2024-05-23T20:12:15.363+0000] {dagbag.py:545} INFO - Filling up the DagBag from /home/airflow/.local/lib/python3.12/site-packages/airflow/example_dags/example_nested_branch_dag.py
[2024-05-23T20:12:15.378+0000] {processor.py:840} INFO - DAG(s) 'example_nested_branch_dag' retrieved from /home/airflow/.local/lib/python3.12/site-packages/airflow/example_dags/example_nested_branch_dag.py
[2024-05-23T20:12:15.413+0000] {logging_mixin.py:188} INFO - [2024-05-23T20:12:15.412+0000] {dag.py:3096} INFO - Sync 1 DAGs
[2024-05-23T20:12:15.447+0000] {logging_mixin.py:188} INFO - [2024-05-23T20:12:15.447+0000] {dag.py:3954} INFO - Setting next_dagrun for example_nested_branch_dag to 2024-05-22 00:00:00+00:00, run_after=2024-05-23 00:00:00+00:00
[2024-05-23T20:12:15.481+0000] {processor.py:183} INFO - Processing /home/airflow/.local/lib/python3.12/site-packages/airflow/example_dags/example_nested_branch_dag.py took 0.130 seconds
[2024-05-23T20:12:45.774+0000] {processor.py:161} INFO - Started process (PID=17875) to work on /home/airflow/.local/lib/python3.12/site-packages/airflow/example_dags/example_nested_branch_dag.py
[2024-05-23T20:12:45.775+0000] {processor.py:830} INFO - Processing file /home/airflow/.local/lib/python3.12/site-packages/airflow/example_dags/example_nested_branch_dag.py for tasks to queue
[2024-05-23T20:12:45.777+0000] {logging_mixin.py:188} INFO - [2024-05-23T20:12:45.776+0000] {dagbag.py:545} INFO - Filling up the DagBag from /home/airflow/.local/lib/python3.12/site-packages/airflow/example_dags/example_nested_branch_dag.py
[2024-05-23T20:12:45.791+0000] {processor.py:840} INFO - DAG(s) 'example_nested_branch_dag' retrieved from /home/airflow/.local/lib/python3.12/site-packages/airflow/example_dags/example_nested_branch_dag.py
[2024-05-23T20:12:45.825+0000] {logging_mixin.py:188} INFO - [2024-05-23T20:12:45.825+0000] {dag.py:3096} INFO - Sync 1 DAGs
[2024-05-23T20:12:45.857+0000] {logging_mixin.py:188} INFO - [2024-05-23T20:12:45.857+0000] {dag.py:3954} INFO - Setting next_dagrun for example_nested_branch_dag to 2024-05-22 00:00:00+00:00, run_after=2024-05-23 00:00:00+00:00
[2024-05-23T20:12:45.884+0000] {processor.py:183} INFO - Processing /home/airflow/.local/lib/python3.12/site-packages/airflow/example_dags/example_nested_branch_dag.py took 0.120 seconds
[2024-05-23T20:13:16.016+0000] {processor.py:161} INFO - Started process (PID=18137) to work on /home/airflow/.local/lib/python3.12/site-packages/airflow/example_dags/example_nested_branch_dag.py
[2024-05-23T20:13:16.017+0000] {processor.py:830} INFO - Processing file /home/airflow/.local/lib/python3.12/site-packages/airflow/example_dags/example_nested_branch_dag.py for tasks to queue
[2024-05-23T20:13:16.019+0000] {logging_mixin.py:188} INFO - [2024-05-23T20:13:16.018+0000] {dagbag.py:545} INFO - Filling up the DagBag from /home/airflow/.local/lib/python3.12/site-packages/airflow/example_dags/example_nested_branch_dag.py
[2024-05-23T20:13:16.031+0000] {processor.py:840} INFO - DAG(s) 'example_nested_branch_dag' retrieved from /home/airflow/.local/lib/python3.12/site-packages/airflow/example_dags/example_nested_branch_dag.py
[2024-05-23T20:13:16.064+0000] {logging_mixin.py:188} INFO - [2024-05-23T20:13:16.064+0000] {dag.py:3096} INFO - Sync 1 DAGs
[2024-05-23T20:13:16.095+0000] {logging_mixin.py:188} INFO - [2024-05-23T20:13:16.094+0000] {dag.py:3954} INFO - Setting next_dagrun for example_nested_branch_dag to 2024-05-22 00:00:00+00:00, run_after=2024-05-23 00:00:00+00:00
[2024-05-23T20:13:16.122+0000] {processor.py:183} INFO - Processing /home/airflow/.local/lib/python3.12/site-packages/airflow/example_dags/example_nested_branch_dag.py took 0.114 seconds
