[2024-05-23T19:29:55.155+0000] {processor.py:161} INFO - Started process (PID=342) to work on /home/airflow/.local/lib/python3.12/site-packages/airflow/example_dags/example_branch_labels.py
[2024-05-23T19:29:55.157+0000] {processor.py:830} INFO - Processing file /home/airflow/.local/lib/python3.12/site-packages/airflow/example_dags/example_branch_labels.py for tasks to queue
[2024-05-23T19:29:55.161+0000] {logging_mixin.py:188} INFO - [2024-05-23T19:29:55.160+0000] {dagbag.py:545} INFO - Filling up the DagBag from /home/airflow/.local/lib/python3.12/site-packages/airflow/example_dags/example_branch_labels.py
[2024-05-23T19:29:55.179+0000] {processor.py:840} INFO - DAG(s) 'example_branch_labels' retrieved from /home/airflow/.local/lib/python3.12/site-packages/airflow/example_dags/example_branch_labels.py
[2024-05-23T19:29:55.488+0000] {logging_mixin.py:188} INFO - [2024-05-23T19:29:55.487+0000] {dag.py:3096} INFO - Sync 1 DAGs
[2024-05-23T19:29:55.586+0000] {logging_mixin.py:188} INFO - [2024-05-23T19:29:55.585+0000] {dag.py:3954} INFO - Setting next_dagrun for example_branch_labels to 2024-05-22 00:00:00+00:00, run_after=2024-05-23 00:00:00+00:00
[2024-05-23T19:29:55.635+0000] {processor.py:183} INFO - Processing /home/airflow/.local/lib/python3.12/site-packages/airflow/example_dags/example_branch_labels.py took 0.492 seconds
[2024-05-23T19:30:25.802+0000] {processor.py:161} INFO - Started process (PID=606) to work on /home/airflow/.local/lib/python3.12/site-packages/airflow/example_dags/example_branch_labels.py
[2024-05-23T19:30:25.804+0000] {processor.py:830} INFO - Processing file /home/airflow/.local/lib/python3.12/site-packages/airflow/example_dags/example_branch_labels.py for tasks to queue
[2024-05-23T19:30:25.807+0000] {logging_mixin.py:188} INFO - [2024-05-23T19:30:25.807+0000] {dagbag.py:545} INFO - Filling up the DagBag from /home/airflow/.local/lib/python3.12/site-packages/airflow/example_dags/example_branch_labels.py
[2024-05-23T19:30:25.821+0000] {processor.py:840} INFO - DAG(s) 'example_branch_labels' retrieved from /home/airflow/.local/lib/python3.12/site-packages/airflow/example_dags/example_branch_labels.py
[2024-05-23T19:30:25.866+0000] {logging_mixin.py:188} INFO - [2024-05-23T19:30:25.865+0000] {dag.py:3096} INFO - Sync 1 DAGs
[2024-05-23T19:30:25.902+0000] {logging_mixin.py:188} INFO - [2024-05-23T19:30:25.902+0000] {dag.py:3954} INFO - Setting next_dagrun for example_branch_labels to 2024-05-22 00:00:00+00:00, run_after=2024-05-23 00:00:00+00:00
[2024-05-23T19:30:25.932+0000] {processor.py:183} INFO - Processing /home/airflow/.local/lib/python3.12/site-packages/airflow/example_dags/example_branch_labels.py took 0.139 seconds
[2024-05-23T19:30:56.213+0000] {processor.py:161} INFO - Started process (PID=868) to work on /home/airflow/.local/lib/python3.12/site-packages/airflow/example_dags/example_branch_labels.py
[2024-05-23T19:30:56.215+0000] {processor.py:830} INFO - Processing file /home/airflow/.local/lib/python3.12/site-packages/airflow/example_dags/example_branch_labels.py for tasks to queue
[2024-05-23T19:30:56.218+0000] {logging_mixin.py:188} INFO - [2024-05-23T19:30:56.217+0000] {dagbag.py:545} INFO - Filling up the DagBag from /home/airflow/.local/lib/python3.12/site-packages/airflow/example_dags/example_branch_labels.py
[2024-05-23T19:30:56.230+0000] {processor.py:840} INFO - DAG(s) 'example_branch_labels' retrieved from /home/airflow/.local/lib/python3.12/site-packages/airflow/example_dags/example_branch_labels.py
[2024-05-23T19:30:56.269+0000] {logging_mixin.py:188} INFO - [2024-05-23T19:30:56.268+0000] {dag.py:3096} INFO - Sync 1 DAGs
[2024-05-23T19:30:56.314+0000] {logging_mixin.py:188} INFO - [2024-05-23T19:30:56.314+0000] {dag.py:3954} INFO - Setting next_dagrun for example_branch_labels to 2024-05-22 00:00:00+00:00, run_after=2024-05-23 00:00:00+00:00
[2024-05-23T19:30:56.342+0000] {processor.py:183} INFO - Processing /home/airflow/.local/lib/python3.12/site-packages/airflow/example_dags/example_branch_labels.py took 0.138 seconds
[2024-05-23T19:31:27.237+0000] {processor.py:161} INFO - Started process (PID=1130) to work on /home/airflow/.local/lib/python3.12/site-packages/airflow/example_dags/example_branch_labels.py
[2024-05-23T19:31:27.239+0000] {processor.py:830} INFO - Processing file /home/airflow/.local/lib/python3.12/site-packages/airflow/example_dags/example_branch_labels.py for tasks to queue
[2024-05-23T19:31:27.242+0000] {logging_mixin.py:188} INFO - [2024-05-23T19:31:27.241+0000] {dagbag.py:545} INFO - Filling up the DagBag from /home/airflow/.local/lib/python3.12/site-packages/airflow/example_dags/example_branch_labels.py
[2024-05-23T19:31:27.255+0000] {processor.py:840} INFO - DAG(s) 'example_branch_labels' retrieved from /home/airflow/.local/lib/python3.12/site-packages/airflow/example_dags/example_branch_labels.py
[2024-05-23T19:31:27.291+0000] {logging_mixin.py:188} INFO - [2024-05-23T19:31:27.290+0000] {dag.py:3096} INFO - Sync 1 DAGs
[2024-05-23T19:31:27.329+0000] {logging_mixin.py:188} INFO - [2024-05-23T19:31:27.329+0000] {dag.py:3954} INFO - Setting next_dagrun for example_branch_labels to 2024-05-22 00:00:00+00:00, run_after=2024-05-23 00:00:00+00:00
[2024-05-23T19:31:27.356+0000] {processor.py:183} INFO - Processing /home/airflow/.local/lib/python3.12/site-packages/airflow/example_dags/example_branch_labels.py took 0.129 seconds
[2024-05-23T19:31:57.552+0000] {processor.py:161} INFO - Started process (PID=1392) to work on /home/airflow/.local/lib/python3.12/site-packages/airflow/example_dags/example_branch_labels.py
[2024-05-23T19:31:57.554+0000] {processor.py:830} INFO - Processing file /home/airflow/.local/lib/python3.12/site-packages/airflow/example_dags/example_branch_labels.py for tasks to queue
[2024-05-23T19:31:57.557+0000] {logging_mixin.py:188} INFO - [2024-05-23T19:31:57.556+0000] {dagbag.py:545} INFO - Filling up the DagBag from /home/airflow/.local/lib/python3.12/site-packages/airflow/example_dags/example_branch_labels.py
[2024-05-23T19:31:57.569+0000] {processor.py:840} INFO - DAG(s) 'example_branch_labels' retrieved from /home/airflow/.local/lib/python3.12/site-packages/airflow/example_dags/example_branch_labels.py
[2024-05-23T19:31:57.602+0000] {logging_mixin.py:188} INFO - [2024-05-23T19:31:57.602+0000] {dag.py:3096} INFO - Sync 1 DAGs
[2024-05-23T19:31:57.641+0000] {logging_mixin.py:188} INFO - [2024-05-23T19:31:57.641+0000] {dag.py:3954} INFO - Setting next_dagrun for example_branch_labels to 2024-05-22 00:00:00+00:00, run_after=2024-05-23 00:00:00+00:00
[2024-05-23T19:31:57.668+0000] {processor.py:183} INFO - Processing /home/airflow/.local/lib/python3.12/site-packages/airflow/example_dags/example_branch_labels.py took 0.125 seconds
[2024-05-23T19:32:28.118+0000] {processor.py:161} INFO - Started process (PID=1654) to work on /home/airflow/.local/lib/python3.12/site-packages/airflow/example_dags/example_branch_labels.py
[2024-05-23T19:32:28.119+0000] {processor.py:830} INFO - Processing file /home/airflow/.local/lib/python3.12/site-packages/airflow/example_dags/example_branch_labels.py for tasks to queue
[2024-05-23T19:32:28.124+0000] {logging_mixin.py:188} INFO - [2024-05-23T19:32:28.123+0000] {dagbag.py:545} INFO - Filling up the DagBag from /home/airflow/.local/lib/python3.12/site-packages/airflow/example_dags/example_branch_labels.py
[2024-05-23T19:32:28.136+0000] {processor.py:840} INFO - DAG(s) 'example_branch_labels' retrieved from /home/airflow/.local/lib/python3.12/site-packages/airflow/example_dags/example_branch_labels.py
[2024-05-23T19:32:28.174+0000] {logging_mixin.py:188} INFO - [2024-05-23T19:32:28.173+0000] {dag.py:3096} INFO - Sync 1 DAGs
[2024-05-23T19:32:28.213+0000] {logging_mixin.py:188} INFO - [2024-05-23T19:32:28.213+0000] {dag.py:3954} INFO - Setting next_dagrun for example_branch_labels to 2024-05-22 00:00:00+00:00, run_after=2024-05-23 00:00:00+00:00
[2024-05-23T19:32:28.244+0000] {processor.py:183} INFO - Processing /home/airflow/.local/lib/python3.12/site-packages/airflow/example_dags/example_branch_labels.py took 0.136 seconds
[2024-05-23T19:32:58.437+0000] {processor.py:161} INFO - Started process (PID=1916) to work on /home/airflow/.local/lib/python3.12/site-packages/airflow/example_dags/example_branch_labels.py
[2024-05-23T19:32:58.439+0000] {processor.py:830} INFO - Processing file /home/airflow/.local/lib/python3.12/site-packages/airflow/example_dags/example_branch_labels.py for tasks to queue
[2024-05-23T19:32:58.441+0000] {logging_mixin.py:188} INFO - [2024-05-23T19:32:58.441+0000] {dagbag.py:545} INFO - Filling up the DagBag from /home/airflow/.local/lib/python3.12/site-packages/airflow/example_dags/example_branch_labels.py
[2024-05-23T19:32:58.454+0000] {processor.py:840} INFO - DAG(s) 'example_branch_labels' retrieved from /home/airflow/.local/lib/python3.12/site-packages/airflow/example_dags/example_branch_labels.py
[2024-05-23T19:32:58.488+0000] {logging_mixin.py:188} INFO - [2024-05-23T19:32:58.487+0000] {dag.py:3096} INFO - Sync 1 DAGs
[2024-05-23T19:32:58.522+0000] {logging_mixin.py:188} INFO - [2024-05-23T19:32:58.522+0000] {dag.py:3954} INFO - Setting next_dagrun for example_branch_labels to 2024-05-22 00:00:00+00:00, run_after=2024-05-23 00:00:00+00:00
[2024-05-23T19:32:58.549+0000] {processor.py:183} INFO - Processing /home/airflow/.local/lib/python3.12/site-packages/airflow/example_dags/example_branch_labels.py took 0.121 seconds
[2024-05-23T19:33:28.792+0000] {processor.py:161} INFO - Started process (PID=2178) to work on /home/airflow/.local/lib/python3.12/site-packages/airflow/example_dags/example_branch_labels.py
[2024-05-23T19:33:28.794+0000] {processor.py:830} INFO - Processing file /home/airflow/.local/lib/python3.12/site-packages/airflow/example_dags/example_branch_labels.py for tasks to queue
[2024-05-23T19:33:28.796+0000] {logging_mixin.py:188} INFO - [2024-05-23T19:33:28.796+0000] {dagbag.py:545} INFO - Filling up the DagBag from /home/airflow/.local/lib/python3.12/site-packages/airflow/example_dags/example_branch_labels.py
[2024-05-23T19:33:28.810+0000] {processor.py:840} INFO - DAG(s) 'example_branch_labels' retrieved from /home/airflow/.local/lib/python3.12/site-packages/airflow/example_dags/example_branch_labels.py
[2024-05-23T19:33:28.845+0000] {logging_mixin.py:188} INFO - [2024-05-23T19:33:28.844+0000] {dag.py:3096} INFO - Sync 1 DAGs
[2024-05-23T19:33:28.883+0000] {logging_mixin.py:188} INFO - [2024-05-23T19:33:28.882+0000] {dag.py:3954} INFO - Setting next_dagrun for example_branch_labels to 2024-05-22 00:00:00+00:00, run_after=2024-05-23 00:00:00+00:00
[2024-05-23T19:33:28.917+0000] {processor.py:183} INFO - Processing /home/airflow/.local/lib/python3.12/site-packages/airflow/example_dags/example_branch_labels.py took 0.135 seconds
[2024-05-23T19:33:59.612+0000] {processor.py:161} INFO - Started process (PID=2440) to work on /home/airflow/.local/lib/python3.12/site-packages/airflow/example_dags/example_branch_labels.py
[2024-05-23T19:33:59.614+0000] {processor.py:830} INFO - Processing file /home/airflow/.local/lib/python3.12/site-packages/airflow/example_dags/example_branch_labels.py for tasks to queue
[2024-05-23T19:33:59.617+0000] {logging_mixin.py:188} INFO - [2024-05-23T19:33:59.616+0000] {dagbag.py:545} INFO - Filling up the DagBag from /home/airflow/.local/lib/python3.12/site-packages/airflow/example_dags/example_branch_labels.py
[2024-05-23T19:33:59.630+0000] {processor.py:840} INFO - DAG(s) 'example_branch_labels' retrieved from /home/airflow/.local/lib/python3.12/site-packages/airflow/example_dags/example_branch_labels.py
[2024-05-23T19:33:59.667+0000] {logging_mixin.py:188} INFO - [2024-05-23T19:33:59.666+0000] {dag.py:3096} INFO - Sync 1 DAGs
[2024-05-23T19:33:59.706+0000] {logging_mixin.py:188} INFO - [2024-05-23T19:33:59.705+0000] {dag.py:3954} INFO - Setting next_dagrun for example_branch_labels to 2024-05-22 00:00:00+00:00, run_after=2024-05-23 00:00:00+00:00
[2024-05-23T19:33:59.736+0000] {processor.py:183} INFO - Processing /home/airflow/.local/lib/python3.12/site-packages/airflow/example_dags/example_branch_labels.py took 0.133 seconds
[2024-05-23T19:34:29.959+0000] {processor.py:161} INFO - Started process (PID=2701) to work on /home/airflow/.local/lib/python3.12/site-packages/airflow/example_dags/example_branch_labels.py
[2024-05-23T19:34:29.961+0000] {processor.py:830} INFO - Processing file /home/airflow/.local/lib/python3.12/site-packages/airflow/example_dags/example_branch_labels.py for tasks to queue
[2024-05-23T19:34:29.964+0000] {logging_mixin.py:188} INFO - [2024-05-23T19:34:29.963+0000] {dagbag.py:545} INFO - Filling up the DagBag from /home/airflow/.local/lib/python3.12/site-packages/airflow/example_dags/example_branch_labels.py
[2024-05-23T19:34:29.976+0000] {processor.py:840} INFO - DAG(s) 'example_branch_labels' retrieved from /home/airflow/.local/lib/python3.12/site-packages/airflow/example_dags/example_branch_labels.py
[2024-05-23T19:34:30.010+0000] {logging_mixin.py:188} INFO - [2024-05-23T19:34:30.009+0000] {dag.py:3096} INFO - Sync 1 DAGs
[2024-05-23T19:34:30.046+0000] {logging_mixin.py:188} INFO - [2024-05-23T19:34:30.046+0000] {dag.py:3954} INFO - Setting next_dagrun for example_branch_labels to 2024-05-22 00:00:00+00:00, run_after=2024-05-23 00:00:00+00:00
[2024-05-23T19:34:30.074+0000] {processor.py:183} INFO - Processing /home/airflow/.local/lib/python3.12/site-packages/airflow/example_dags/example_branch_labels.py took 0.124 seconds
[2024-05-23T19:35:00.726+0000] {processor.py:161} INFO - Started process (PID=2988) to work on /home/airflow/.local/lib/python3.12/site-packages/airflow/example_dags/example_branch_labels.py
[2024-05-23T19:35:00.728+0000] {processor.py:830} INFO - Processing file /home/airflow/.local/lib/python3.12/site-packages/airflow/example_dags/example_branch_labels.py for tasks to queue
[2024-05-23T19:35:00.731+0000] {logging_mixin.py:188} INFO - [2024-05-23T19:35:00.730+0000] {dagbag.py:545} INFO - Filling up the DagBag from /home/airflow/.local/lib/python3.12/site-packages/airflow/example_dags/example_branch_labels.py
[2024-05-23T19:35:00.743+0000] {processor.py:840} INFO - DAG(s) 'example_branch_labels' retrieved from /home/airflow/.local/lib/python3.12/site-packages/airflow/example_dags/example_branch_labels.py
[2024-05-23T19:35:00.778+0000] {logging_mixin.py:188} INFO - [2024-05-23T19:35:00.777+0000] {dag.py:3096} INFO - Sync 1 DAGs
[2024-05-23T19:35:00.814+0000] {logging_mixin.py:188} INFO - [2024-05-23T19:35:00.814+0000] {dag.py:3954} INFO - Setting next_dagrun for example_branch_labels to 2024-05-22 00:00:00+00:00, run_after=2024-05-23 00:00:00+00:00
[2024-05-23T19:35:00.842+0000] {processor.py:183} INFO - Processing /home/airflow/.local/lib/python3.12/site-packages/airflow/example_dags/example_branch_labels.py took 0.125 seconds
[2024-05-23T19:35:30.940+0000] {processor.py:161} INFO - Started process (PID=3250) to work on /home/airflow/.local/lib/python3.12/site-packages/airflow/example_dags/example_branch_labels.py
[2024-05-23T19:35:30.944+0000] {processor.py:830} INFO - Processing file /home/airflow/.local/lib/python3.12/site-packages/airflow/example_dags/example_branch_labels.py for tasks to queue
[2024-05-23T19:35:30.947+0000] {logging_mixin.py:188} INFO - [2024-05-23T19:35:30.947+0000] {dagbag.py:545} INFO - Filling up the DagBag from /home/airflow/.local/lib/python3.12/site-packages/airflow/example_dags/example_branch_labels.py
[2024-05-23T19:35:30.962+0000] {processor.py:840} INFO - DAG(s) 'example_branch_labels' retrieved from /home/airflow/.local/lib/python3.12/site-packages/airflow/example_dags/example_branch_labels.py
[2024-05-23T19:35:31.009+0000] {logging_mixin.py:188} INFO - [2024-05-23T19:35:31.008+0000] {dag.py:3096} INFO - Sync 1 DAGs
[2024-05-23T19:35:31.054+0000] {logging_mixin.py:188} INFO - [2024-05-23T19:35:31.053+0000] {dag.py:3954} INFO - Setting next_dagrun for example_branch_labels to 2024-05-22 00:00:00+00:00, run_after=2024-05-23 00:00:00+00:00
[2024-05-23T19:35:31.085+0000] {processor.py:183} INFO - Processing /home/airflow/.local/lib/python3.12/site-packages/airflow/example_dags/example_branch_labels.py took 0.156 seconds
[2024-05-23T19:36:01.403+0000] {processor.py:161} INFO - Started process (PID=3512) to work on /home/airflow/.local/lib/python3.12/site-packages/airflow/example_dags/example_branch_labels.py
[2024-05-23T19:36:01.405+0000] {processor.py:830} INFO - Processing file /home/airflow/.local/lib/python3.12/site-packages/airflow/example_dags/example_branch_labels.py for tasks to queue
[2024-05-23T19:36:01.408+0000] {logging_mixin.py:188} INFO - [2024-05-23T19:36:01.407+0000] {dagbag.py:545} INFO - Filling up the DagBag from /home/airflow/.local/lib/python3.12/site-packages/airflow/example_dags/example_branch_labels.py
[2024-05-23T19:36:01.420+0000] {processor.py:840} INFO - DAG(s) 'example_branch_labels' retrieved from /home/airflow/.local/lib/python3.12/site-packages/airflow/example_dags/example_branch_labels.py
[2024-05-23T19:36:01.452+0000] {logging_mixin.py:188} INFO - [2024-05-23T19:36:01.452+0000] {dag.py:3096} INFO - Sync 1 DAGs
[2024-05-23T19:36:01.487+0000] {logging_mixin.py:188} INFO - [2024-05-23T19:36:01.486+0000] {dag.py:3954} INFO - Setting next_dagrun for example_branch_labels to 2024-05-22 00:00:00+00:00, run_after=2024-05-23 00:00:00+00:00
[2024-05-23T19:36:01.514+0000] {processor.py:183} INFO - Processing /home/airflow/.local/lib/python3.12/site-packages/airflow/example_dags/example_branch_labels.py took 0.120 seconds
[2024-05-23T19:36:31.719+0000] {processor.py:161} INFO - Started process (PID=3774) to work on /home/airflow/.local/lib/python3.12/site-packages/airflow/example_dags/example_branch_labels.py
[2024-05-23T19:36:31.720+0000] {processor.py:830} INFO - Processing file /home/airflow/.local/lib/python3.12/site-packages/airflow/example_dags/example_branch_labels.py for tasks to queue
[2024-05-23T19:36:31.723+0000] {logging_mixin.py:188} INFO - [2024-05-23T19:36:31.722+0000] {dagbag.py:545} INFO - Filling up the DagBag from /home/airflow/.local/lib/python3.12/site-packages/airflow/example_dags/example_branch_labels.py
[2024-05-23T19:36:31.731+0000] {processor.py:840} INFO - DAG(s) 'example_branch_labels' retrieved from /home/airflow/.local/lib/python3.12/site-packages/airflow/example_dags/example_branch_labels.py
[2024-05-23T19:36:31.765+0000] {logging_mixin.py:188} INFO - [2024-05-23T19:36:31.765+0000] {dag.py:3096} INFO - Sync 1 DAGs
[2024-05-23T19:36:31.803+0000] {logging_mixin.py:188} INFO - [2024-05-23T19:36:31.802+0000] {dag.py:3954} INFO - Setting next_dagrun for example_branch_labels to 2024-05-22 00:00:00+00:00, run_after=2024-05-23 00:00:00+00:00
[2024-05-23T19:36:31.852+0000] {processor.py:183} INFO - Processing /home/airflow/.local/lib/python3.12/site-packages/airflow/example_dags/example_branch_labels.py took 0.139 seconds
[2024-05-23T19:37:02.255+0000] {processor.py:161} INFO - Started process (PID=4036) to work on /home/airflow/.local/lib/python3.12/site-packages/airflow/example_dags/example_branch_labels.py
[2024-05-23T19:37:02.256+0000] {processor.py:830} INFO - Processing file /home/airflow/.local/lib/python3.12/site-packages/airflow/example_dags/example_branch_labels.py for tasks to queue
[2024-05-23T19:37:02.259+0000] {logging_mixin.py:188} INFO - [2024-05-23T19:37:02.259+0000] {dagbag.py:545} INFO - Filling up the DagBag from /home/airflow/.local/lib/python3.12/site-packages/airflow/example_dags/example_branch_labels.py
[2024-05-23T19:37:02.271+0000] {processor.py:840} INFO - DAG(s) 'example_branch_labels' retrieved from /home/airflow/.local/lib/python3.12/site-packages/airflow/example_dags/example_branch_labels.py
[2024-05-23T19:37:02.306+0000] {logging_mixin.py:188} INFO - [2024-05-23T19:37:02.306+0000] {dag.py:3096} INFO - Sync 1 DAGs
[2024-05-23T19:37:02.341+0000] {logging_mixin.py:188} INFO - [2024-05-23T19:37:02.340+0000] {dag.py:3954} INFO - Setting next_dagrun for example_branch_labels to 2024-05-22 00:00:00+00:00, run_after=2024-05-23 00:00:00+00:00
[2024-05-23T19:37:02.367+0000] {processor.py:183} INFO - Processing /home/airflow/.local/lib/python3.12/site-packages/airflow/example_dags/example_branch_labels.py took 0.121 seconds
[2024-05-23T19:37:33.276+0000] {processor.py:161} INFO - Started process (PID=4298) to work on /home/airflow/.local/lib/python3.12/site-packages/airflow/example_dags/example_branch_labels.py
[2024-05-23T19:37:33.278+0000] {processor.py:830} INFO - Processing file /home/airflow/.local/lib/python3.12/site-packages/airflow/example_dags/example_branch_labels.py for tasks to queue
[2024-05-23T19:37:33.281+0000] {logging_mixin.py:188} INFO - [2024-05-23T19:37:33.280+0000] {dagbag.py:545} INFO - Filling up the DagBag from /home/airflow/.local/lib/python3.12/site-packages/airflow/example_dags/example_branch_labels.py
[2024-05-23T19:37:33.292+0000] {processor.py:840} INFO - DAG(s) 'example_branch_labels' retrieved from /home/airflow/.local/lib/python3.12/site-packages/airflow/example_dags/example_branch_labels.py
[2024-05-23T19:37:33.327+0000] {logging_mixin.py:188} INFO - [2024-05-23T19:37:33.326+0000] {dag.py:3096} INFO - Sync 1 DAGs
[2024-05-23T19:37:33.365+0000] {logging_mixin.py:188} INFO - [2024-05-23T19:37:33.364+0000] {dag.py:3954} INFO - Setting next_dagrun for example_branch_labels to 2024-05-22 00:00:00+00:00, run_after=2024-05-23 00:00:00+00:00
[2024-05-23T19:37:33.392+0000] {processor.py:183} INFO - Processing /home/airflow/.local/lib/python3.12/site-packages/airflow/example_dags/example_branch_labels.py took 0.126 seconds
[2024-05-23T19:38:04.069+0000] {processor.py:161} INFO - Started process (PID=4560) to work on /home/airflow/.local/lib/python3.12/site-packages/airflow/example_dags/example_branch_labels.py
[2024-05-23T19:38:04.071+0000] {processor.py:830} INFO - Processing file /home/airflow/.local/lib/python3.12/site-packages/airflow/example_dags/example_branch_labels.py for tasks to queue
[2024-05-23T19:38:04.074+0000] {logging_mixin.py:188} INFO - [2024-05-23T19:38:04.073+0000] {dagbag.py:545} INFO - Filling up the DagBag from /home/airflow/.local/lib/python3.12/site-packages/airflow/example_dags/example_branch_labels.py
[2024-05-23T19:38:04.085+0000] {processor.py:840} INFO - DAG(s) 'example_branch_labels' retrieved from /home/airflow/.local/lib/python3.12/site-packages/airflow/example_dags/example_branch_labels.py
[2024-05-23T19:38:04.119+0000] {logging_mixin.py:188} INFO - [2024-05-23T19:38:04.118+0000] {dag.py:3096} INFO - Sync 1 DAGs
[2024-05-23T19:38:04.156+0000] {logging_mixin.py:188} INFO - [2024-05-23T19:38:04.156+0000] {dag.py:3954} INFO - Setting next_dagrun for example_branch_labels to 2024-05-22 00:00:00+00:00, run_after=2024-05-23 00:00:00+00:00
[2024-05-23T19:38:04.183+0000] {processor.py:183} INFO - Processing /home/airflow/.local/lib/python3.12/site-packages/airflow/example_dags/example_branch_labels.py took 0.122 seconds
[2024-05-23T19:38:34.527+0000] {processor.py:161} INFO - Started process (PID=4822) to work on /home/airflow/.local/lib/python3.12/site-packages/airflow/example_dags/example_branch_labels.py
[2024-05-23T19:38:34.529+0000] {processor.py:830} INFO - Processing file /home/airflow/.local/lib/python3.12/site-packages/airflow/example_dags/example_branch_labels.py for tasks to queue
[2024-05-23T19:38:34.531+0000] {logging_mixin.py:188} INFO - [2024-05-23T19:38:34.531+0000] {dagbag.py:545} INFO - Filling up the DagBag from /home/airflow/.local/lib/python3.12/site-packages/airflow/example_dags/example_branch_labels.py
[2024-05-23T19:38:34.543+0000] {processor.py:840} INFO - DAG(s) 'example_branch_labels' retrieved from /home/airflow/.local/lib/python3.12/site-packages/airflow/example_dags/example_branch_labels.py
[2024-05-23T19:38:34.575+0000] {logging_mixin.py:188} INFO - [2024-05-23T19:38:34.575+0000] {dag.py:3096} INFO - Sync 1 DAGs
[2024-05-23T19:38:34.611+0000] {logging_mixin.py:188} INFO - [2024-05-23T19:38:34.610+0000] {dag.py:3954} INFO - Setting next_dagrun for example_branch_labels to 2024-05-22 00:00:00+00:00, run_after=2024-05-23 00:00:00+00:00
[2024-05-23T19:38:34.646+0000] {processor.py:183} INFO - Processing /home/airflow/.local/lib/python3.12/site-packages/airflow/example_dags/example_branch_labels.py took 0.127 seconds
[2024-05-23T19:39:05.128+0000] {processor.py:161} INFO - Started process (PID=5084) to work on /home/airflow/.local/lib/python3.12/site-packages/airflow/example_dags/example_branch_labels.py
[2024-05-23T19:39:05.129+0000] {processor.py:830} INFO - Processing file /home/airflow/.local/lib/python3.12/site-packages/airflow/example_dags/example_branch_labels.py for tasks to queue
[2024-05-23T19:39:05.132+0000] {logging_mixin.py:188} INFO - [2024-05-23T19:39:05.132+0000] {dagbag.py:545} INFO - Filling up the DagBag from /home/airflow/.local/lib/python3.12/site-packages/airflow/example_dags/example_branch_labels.py
[2024-05-23T19:39:05.144+0000] {processor.py:840} INFO - DAG(s) 'example_branch_labels' retrieved from /home/airflow/.local/lib/python3.12/site-packages/airflow/example_dags/example_branch_labels.py
[2024-05-23T19:39:05.175+0000] {logging_mixin.py:188} INFO - [2024-05-23T19:39:05.175+0000] {dag.py:3096} INFO - Sync 1 DAGs
[2024-05-23T19:39:05.211+0000] {logging_mixin.py:188} INFO - [2024-05-23T19:39:05.211+0000] {dag.py:3954} INFO - Setting next_dagrun for example_branch_labels to 2024-05-22 00:00:00+00:00, run_after=2024-05-23 00:00:00+00:00
[2024-05-23T19:39:05.237+0000] {processor.py:183} INFO - Processing /home/airflow/.local/lib/python3.12/site-packages/airflow/example_dags/example_branch_labels.py took 0.119 seconds
[2024-05-23T19:39:35.747+0000] {processor.py:161} INFO - Started process (PID=5346) to work on /home/airflow/.local/lib/python3.12/site-packages/airflow/example_dags/example_branch_labels.py
[2024-05-23T19:39:35.749+0000] {processor.py:830} INFO - Processing file /home/airflow/.local/lib/python3.12/site-packages/airflow/example_dags/example_branch_labels.py for tasks to queue
[2024-05-23T19:39:35.752+0000] {logging_mixin.py:188} INFO - [2024-05-23T19:39:35.751+0000] {dagbag.py:545} INFO - Filling up the DagBag from /home/airflow/.local/lib/python3.12/site-packages/airflow/example_dags/example_branch_labels.py
[2024-05-23T19:39:35.763+0000] {processor.py:840} INFO - DAG(s) 'example_branch_labels' retrieved from /home/airflow/.local/lib/python3.12/site-packages/airflow/example_dags/example_branch_labels.py
[2024-05-23T19:39:35.797+0000] {logging_mixin.py:188} INFO - [2024-05-23T19:39:35.797+0000] {dag.py:3096} INFO - Sync 1 DAGs
[2024-05-23T19:39:35.831+0000] {logging_mixin.py:188} INFO - [2024-05-23T19:39:35.831+0000] {dag.py:3954} INFO - Setting next_dagrun for example_branch_labels to 2024-05-22 00:00:00+00:00, run_after=2024-05-23 00:00:00+00:00
[2024-05-23T19:39:35.860+0000] {processor.py:183} INFO - Processing /home/airflow/.local/lib/python3.12/site-packages/airflow/example_dags/example_branch_labels.py took 0.122 seconds
[2024-05-23T19:40:06.447+0000] {processor.py:161} INFO - Started process (PID=5608) to work on /home/airflow/.local/lib/python3.12/site-packages/airflow/example_dags/example_branch_labels.py
[2024-05-23T19:40:06.449+0000] {processor.py:830} INFO - Processing file /home/airflow/.local/lib/python3.12/site-packages/airflow/example_dags/example_branch_labels.py for tasks to queue
[2024-05-23T19:40:06.453+0000] {logging_mixin.py:188} INFO - [2024-05-23T19:40:06.452+0000] {dagbag.py:545} INFO - Filling up the DagBag from /home/airflow/.local/lib/python3.12/site-packages/airflow/example_dags/example_branch_labels.py
[2024-05-23T19:40:06.465+0000] {processor.py:840} INFO - DAG(s) 'example_branch_labels' retrieved from /home/airflow/.local/lib/python3.12/site-packages/airflow/example_dags/example_branch_labels.py
[2024-05-23T19:40:06.497+0000] {logging_mixin.py:188} INFO - [2024-05-23T19:40:06.497+0000] {dag.py:3096} INFO - Sync 1 DAGs
[2024-05-23T19:40:06.531+0000] {logging_mixin.py:188} INFO - [2024-05-23T19:40:06.531+0000] {dag.py:3954} INFO - Setting next_dagrun for example_branch_labels to 2024-05-22 00:00:00+00:00, run_after=2024-05-23 00:00:00+00:00
[2024-05-23T19:40:06.557+0000] {processor.py:183} INFO - Processing /home/airflow/.local/lib/python3.12/site-packages/airflow/example_dags/example_branch_labels.py took 0.120 seconds
[2024-05-23T19:40:37.134+0000] {processor.py:161} INFO - Started process (PID=5870) to work on /home/airflow/.local/lib/python3.12/site-packages/airflow/example_dags/example_branch_labels.py
[2024-05-23T19:40:37.136+0000] {processor.py:830} INFO - Processing file /home/airflow/.local/lib/python3.12/site-packages/airflow/example_dags/example_branch_labels.py for tasks to queue
[2024-05-23T19:40:37.139+0000] {logging_mixin.py:188} INFO - [2024-05-23T19:40:37.139+0000] {dagbag.py:545} INFO - Filling up the DagBag from /home/airflow/.local/lib/python3.12/site-packages/airflow/example_dags/example_branch_labels.py
[2024-05-23T19:40:37.151+0000] {processor.py:840} INFO - DAG(s) 'example_branch_labels' retrieved from /home/airflow/.local/lib/python3.12/site-packages/airflow/example_dags/example_branch_labels.py
[2024-05-23T19:40:37.184+0000] {logging_mixin.py:188} INFO - [2024-05-23T19:40:37.183+0000] {dag.py:3096} INFO - Sync 1 DAGs
[2024-05-23T19:40:37.218+0000] {logging_mixin.py:188} INFO - [2024-05-23T19:40:37.218+0000] {dag.py:3954} INFO - Setting next_dagrun for example_branch_labels to 2024-05-22 00:00:00+00:00, run_after=2024-05-23 00:00:00+00:00
[2024-05-23T19:40:37.246+0000] {processor.py:183} INFO - Processing /home/airflow/.local/lib/python3.12/site-packages/airflow/example_dags/example_branch_labels.py took 0.121 seconds
[2024-05-23T19:41:07.835+0000] {processor.py:161} INFO - Started process (PID=6132) to work on /home/airflow/.local/lib/python3.12/site-packages/airflow/example_dags/example_branch_labels.py
[2024-05-23T19:41:07.836+0000] {processor.py:830} INFO - Processing file /home/airflow/.local/lib/python3.12/site-packages/airflow/example_dags/example_branch_labels.py for tasks to queue
[2024-05-23T19:41:07.839+0000] {logging_mixin.py:188} INFO - [2024-05-23T19:41:07.838+0000] {dagbag.py:545} INFO - Filling up the DagBag from /home/airflow/.local/lib/python3.12/site-packages/airflow/example_dags/example_branch_labels.py
[2024-05-23T19:41:07.849+0000] {processor.py:840} INFO - DAG(s) 'example_branch_labels' retrieved from /home/airflow/.local/lib/python3.12/site-packages/airflow/example_dags/example_branch_labels.py
[2024-05-23T19:41:07.880+0000] {logging_mixin.py:188} INFO - [2024-05-23T19:41:07.880+0000] {dag.py:3096} INFO - Sync 1 DAGs
[2024-05-23T19:41:07.914+0000] {logging_mixin.py:188} INFO - [2024-05-23T19:41:07.914+0000] {dag.py:3954} INFO - Setting next_dagrun for example_branch_labels to 2024-05-22 00:00:00+00:00, run_after=2024-05-23 00:00:00+00:00
[2024-05-23T19:41:07.939+0000] {processor.py:183} INFO - Processing /home/airflow/.local/lib/python3.12/site-packages/airflow/example_dags/example_branch_labels.py took 0.113 seconds
[2024-05-23T19:41:38.698+0000] {processor.py:161} INFO - Started process (PID=6394) to work on /home/airflow/.local/lib/python3.12/site-packages/airflow/example_dags/example_branch_labels.py
[2024-05-23T19:41:38.699+0000] {processor.py:830} INFO - Processing file /home/airflow/.local/lib/python3.12/site-packages/airflow/example_dags/example_branch_labels.py for tasks to queue
[2024-05-23T19:41:38.703+0000] {logging_mixin.py:188} INFO - [2024-05-23T19:41:38.702+0000] {dagbag.py:545} INFO - Filling up the DagBag from /home/airflow/.local/lib/python3.12/site-packages/airflow/example_dags/example_branch_labels.py
[2024-05-23T19:41:38.715+0000] {processor.py:840} INFO - DAG(s) 'example_branch_labels' retrieved from /home/airflow/.local/lib/python3.12/site-packages/airflow/example_dags/example_branch_labels.py
[2024-05-23T19:41:38.748+0000] {logging_mixin.py:188} INFO - [2024-05-23T19:41:38.747+0000] {dag.py:3096} INFO - Sync 1 DAGs
[2024-05-23T19:41:38.781+0000] {logging_mixin.py:188} INFO - [2024-05-23T19:41:38.781+0000] {dag.py:3954} INFO - Setting next_dagrun for example_branch_labels to 2024-05-22 00:00:00+00:00, run_after=2024-05-23 00:00:00+00:00
[2024-05-23T19:41:38.805+0000] {processor.py:183} INFO - Processing /home/airflow/.local/lib/python3.12/site-packages/airflow/example_dags/example_branch_labels.py took 0.117 seconds
[2024-05-23T19:42:08.916+0000] {processor.py:161} INFO - Started process (PID=6655) to work on /home/airflow/.local/lib/python3.12/site-packages/airflow/example_dags/example_branch_labels.py
[2024-05-23T19:42:08.917+0000] {processor.py:830} INFO - Processing file /home/airflow/.local/lib/python3.12/site-packages/airflow/example_dags/example_branch_labels.py for tasks to queue
[2024-05-23T19:42:08.920+0000] {logging_mixin.py:188} INFO - [2024-05-23T19:42:08.920+0000] {dagbag.py:545} INFO - Filling up the DagBag from /home/airflow/.local/lib/python3.12/site-packages/airflow/example_dags/example_branch_labels.py
[2024-05-23T19:42:08.933+0000] {processor.py:840} INFO - DAG(s) 'example_branch_labels' retrieved from /home/airflow/.local/lib/python3.12/site-packages/airflow/example_dags/example_branch_labels.py
[2024-05-23T19:42:08.967+0000] {logging_mixin.py:188} INFO - [2024-05-23T19:42:08.966+0000] {dag.py:3096} INFO - Sync 1 DAGs
[2024-05-23T19:42:09.006+0000] {logging_mixin.py:188} INFO - [2024-05-23T19:42:09.005+0000] {dag.py:3954} INFO - Setting next_dagrun for example_branch_labels to 2024-05-22 00:00:00+00:00, run_after=2024-05-23 00:00:00+00:00
[2024-05-23T19:42:09.035+0000] {processor.py:183} INFO - Processing /home/airflow/.local/lib/python3.12/site-packages/airflow/example_dags/example_branch_labels.py took 0.128 seconds
[2024-05-23T19:42:39.260+0000] {processor.py:161} INFO - Started process (PID=6915) to work on /home/airflow/.local/lib/python3.12/site-packages/airflow/example_dags/example_branch_labels.py
[2024-05-23T19:42:39.262+0000] {processor.py:830} INFO - Processing file /home/airflow/.local/lib/python3.12/site-packages/airflow/example_dags/example_branch_labels.py for tasks to queue
[2024-05-23T19:42:39.264+0000] {logging_mixin.py:188} INFO - [2024-05-23T19:42:39.264+0000] {dagbag.py:545} INFO - Filling up the DagBag from /home/airflow/.local/lib/python3.12/site-packages/airflow/example_dags/example_branch_labels.py
[2024-05-23T19:42:39.275+0000] {processor.py:840} INFO - DAG(s) 'example_branch_labels' retrieved from /home/airflow/.local/lib/python3.12/site-packages/airflow/example_dags/example_branch_labels.py
[2024-05-23T19:42:39.305+0000] {logging_mixin.py:188} INFO - [2024-05-23T19:42:39.304+0000] {dag.py:3096} INFO - Sync 1 DAGs
[2024-05-23T19:42:39.336+0000] {logging_mixin.py:188} INFO - [2024-05-23T19:42:39.336+0000] {dag.py:3954} INFO - Setting next_dagrun for example_branch_labels to 2024-05-22 00:00:00+00:00, run_after=2024-05-23 00:00:00+00:00
[2024-05-23T19:42:39.360+0000] {processor.py:183} INFO - Processing /home/airflow/.local/lib/python3.12/site-packages/airflow/example_dags/example_branch_labels.py took 0.108 seconds
[2024-05-23T19:43:09.637+0000] {processor.py:161} INFO - Started process (PID=7174) to work on /home/airflow/.local/lib/python3.12/site-packages/airflow/example_dags/example_branch_labels.py
[2024-05-23T19:43:09.639+0000] {processor.py:830} INFO - Processing file /home/airflow/.local/lib/python3.12/site-packages/airflow/example_dags/example_branch_labels.py for tasks to queue
[2024-05-23T19:43:09.641+0000] {logging_mixin.py:188} INFO - [2024-05-23T19:43:09.641+0000] {dagbag.py:545} INFO - Filling up the DagBag from /home/airflow/.local/lib/python3.12/site-packages/airflow/example_dags/example_branch_labels.py
[2024-05-23T19:43:09.654+0000] {processor.py:840} INFO - DAG(s) 'example_branch_labels' retrieved from /home/airflow/.local/lib/python3.12/site-packages/airflow/example_dags/example_branch_labels.py
[2024-05-23T19:43:09.685+0000] {logging_mixin.py:188} INFO - [2024-05-23T19:43:09.684+0000] {dag.py:3096} INFO - Sync 1 DAGs
[2024-05-23T19:43:09.719+0000] {logging_mixin.py:188} INFO - [2024-05-23T19:43:09.718+0000] {dag.py:3954} INFO - Setting next_dagrun for example_branch_labels to 2024-05-22 00:00:00+00:00, run_after=2024-05-23 00:00:00+00:00
[2024-05-23T19:43:09.743+0000] {processor.py:183} INFO - Processing /home/airflow/.local/lib/python3.12/site-packages/airflow/example_dags/example_branch_labels.py took 0.114 seconds
[2024-05-23T19:43:40.171+0000] {processor.py:161} INFO - Started process (PID=7439) to work on /home/airflow/.local/lib/python3.12/site-packages/airflow/example_dags/example_branch_labels.py
[2024-05-23T19:43:40.173+0000] {processor.py:830} INFO - Processing file /home/airflow/.local/lib/python3.12/site-packages/airflow/example_dags/example_branch_labels.py for tasks to queue
[2024-05-23T19:43:40.175+0000] {logging_mixin.py:188} INFO - [2024-05-23T19:43:40.175+0000] {dagbag.py:545} INFO - Filling up the DagBag from /home/airflow/.local/lib/python3.12/site-packages/airflow/example_dags/example_branch_labels.py
[2024-05-23T19:43:40.189+0000] {processor.py:840} INFO - DAG(s) 'example_branch_labels' retrieved from /home/airflow/.local/lib/python3.12/site-packages/airflow/example_dags/example_branch_labels.py
[2024-05-23T19:43:40.222+0000] {logging_mixin.py:188} INFO - [2024-05-23T19:43:40.222+0000] {dag.py:3096} INFO - Sync 1 DAGs
[2024-05-23T19:43:40.256+0000] {logging_mixin.py:188} INFO - [2024-05-23T19:43:40.256+0000] {dag.py:3954} INFO - Setting next_dagrun for example_branch_labels to 2024-05-22 00:00:00+00:00, run_after=2024-05-23 00:00:00+00:00
[2024-05-23T19:43:40.284+0000] {processor.py:183} INFO - Processing /home/airflow/.local/lib/python3.12/site-packages/airflow/example_dags/example_branch_labels.py took 0.122 seconds
[2024-05-23T19:44:10.649+0000] {processor.py:161} INFO - Started process (PID=7698) to work on /home/airflow/.local/lib/python3.12/site-packages/airflow/example_dags/example_branch_labels.py
[2024-05-23T19:44:10.651+0000] {processor.py:830} INFO - Processing file /home/airflow/.local/lib/python3.12/site-packages/airflow/example_dags/example_branch_labels.py for tasks to queue
[2024-05-23T19:44:10.653+0000] {logging_mixin.py:188} INFO - [2024-05-23T19:44:10.653+0000] {dagbag.py:545} INFO - Filling up the DagBag from /home/airflow/.local/lib/python3.12/site-packages/airflow/example_dags/example_branch_labels.py
[2024-05-23T19:44:10.664+0000] {processor.py:840} INFO - DAG(s) 'example_branch_labels' retrieved from /home/airflow/.local/lib/python3.12/site-packages/airflow/example_dags/example_branch_labels.py
[2024-05-23T19:44:10.697+0000] {logging_mixin.py:188} INFO - [2024-05-23T19:44:10.697+0000] {dag.py:3096} INFO - Sync 1 DAGs
[2024-05-23T19:44:10.731+0000] {logging_mixin.py:188} INFO - [2024-05-23T19:44:10.731+0000] {dag.py:3954} INFO - Setting next_dagrun for example_branch_labels to 2024-05-22 00:00:00+00:00, run_after=2024-05-23 00:00:00+00:00
[2024-05-23T19:44:10.757+0000] {processor.py:183} INFO - Processing /home/airflow/.local/lib/python3.12/site-packages/airflow/example_dags/example_branch_labels.py took 0.118 seconds
[2024-05-23T19:44:41.110+0000] {processor.py:161} INFO - Started process (PID=7960) to work on /home/airflow/.local/lib/python3.12/site-packages/airflow/example_dags/example_branch_labels.py
[2024-05-23T19:44:41.112+0000] {processor.py:830} INFO - Processing file /home/airflow/.local/lib/python3.12/site-packages/airflow/example_dags/example_branch_labels.py for tasks to queue
[2024-05-23T19:44:41.115+0000] {logging_mixin.py:188} INFO - [2024-05-23T19:44:41.115+0000] {dagbag.py:545} INFO - Filling up the DagBag from /home/airflow/.local/lib/python3.12/site-packages/airflow/example_dags/example_branch_labels.py
[2024-05-23T19:44:41.127+0000] {processor.py:840} INFO - DAG(s) 'example_branch_labels' retrieved from /home/airflow/.local/lib/python3.12/site-packages/airflow/example_dags/example_branch_labels.py
[2024-05-23T19:44:41.157+0000] {logging_mixin.py:188} INFO - [2024-05-23T19:44:41.157+0000] {dag.py:3096} INFO - Sync 1 DAGs
[2024-05-23T19:44:41.238+0000] {logging_mixin.py:188} INFO - [2024-05-23T19:44:41.238+0000] {dag.py:3954} INFO - Setting next_dagrun for example_branch_labels to 2024-05-22 00:00:00+00:00, run_after=2024-05-23 00:00:00+00:00
[2024-05-23T19:44:41.268+0000] {processor.py:183} INFO - Processing /home/airflow/.local/lib/python3.12/site-packages/airflow/example_dags/example_branch_labels.py took 0.166 seconds
[2024-05-23T19:45:11.306+0000] {processor.py:161} INFO - Started process (PID=8222) to work on /home/airflow/.local/lib/python3.12/site-packages/airflow/example_dags/example_branch_labels.py
[2024-05-23T19:45:11.307+0000] {processor.py:830} INFO - Processing file /home/airflow/.local/lib/python3.12/site-packages/airflow/example_dags/example_branch_labels.py for tasks to queue
[2024-05-23T19:45:11.310+0000] {logging_mixin.py:188} INFO - [2024-05-23T19:45:11.309+0000] {dagbag.py:545} INFO - Filling up the DagBag from /home/airflow/.local/lib/python3.12/site-packages/airflow/example_dags/example_branch_labels.py
[2024-05-23T19:45:11.320+0000] {processor.py:840} INFO - DAG(s) 'example_branch_labels' retrieved from /home/airflow/.local/lib/python3.12/site-packages/airflow/example_dags/example_branch_labels.py
[2024-05-23T19:45:11.349+0000] {logging_mixin.py:188} INFO - [2024-05-23T19:45:11.348+0000] {dag.py:3096} INFO - Sync 1 DAGs
[2024-05-23T19:45:11.379+0000] {logging_mixin.py:188} INFO - [2024-05-23T19:45:11.379+0000] {dag.py:3954} INFO - Setting next_dagrun for example_branch_labels to 2024-05-22 00:00:00+00:00, run_after=2024-05-23 00:00:00+00:00
[2024-05-23T19:45:11.404+0000] {processor.py:183} INFO - Processing /home/airflow/.local/lib/python3.12/site-packages/airflow/example_dags/example_branch_labels.py took 0.106 seconds
[2024-05-23T19:45:41.620+0000] {processor.py:161} INFO - Started process (PID=8484) to work on /home/airflow/.local/lib/python3.12/site-packages/airflow/example_dags/example_branch_labels.py
[2024-05-23T19:45:41.621+0000] {processor.py:830} INFO - Processing file /home/airflow/.local/lib/python3.12/site-packages/airflow/example_dags/example_branch_labels.py for tasks to queue
[2024-05-23T19:45:41.622+0000] {logging_mixin.py:188} INFO - [2024-05-23T19:45:41.622+0000] {dagbag.py:545} INFO - Filling up the DagBag from /home/airflow/.local/lib/python3.12/site-packages/airflow/example_dags/example_branch_labels.py
[2024-05-23T19:45:41.630+0000] {processor.py:840} INFO - DAG(s) 'example_branch_labels' retrieved from /home/airflow/.local/lib/python3.12/site-packages/airflow/example_dags/example_branch_labels.py
[2024-05-23T19:45:41.652+0000] {logging_mixin.py:188} INFO - [2024-05-23T19:45:41.651+0000] {dag.py:3096} INFO - Sync 1 DAGs
[2024-05-23T19:45:41.675+0000] {logging_mixin.py:188} INFO - [2024-05-23T19:45:41.674+0000] {dag.py:3954} INFO - Setting next_dagrun for example_branch_labels to 2024-05-22 00:00:00+00:00, run_after=2024-05-23 00:00:00+00:00
[2024-05-23T19:45:41.692+0000] {processor.py:183} INFO - Processing /home/airflow/.local/lib/python3.12/site-packages/airflow/example_dags/example_branch_labels.py took 0.078 seconds
[2024-05-23T19:46:11.815+0000] {processor.py:161} INFO - Started process (PID=8746) to work on /home/airflow/.local/lib/python3.12/site-packages/airflow/example_dags/example_branch_labels.py
[2024-05-23T19:46:11.816+0000] {processor.py:830} INFO - Processing file /home/airflow/.local/lib/python3.12/site-packages/airflow/example_dags/example_branch_labels.py for tasks to queue
[2024-05-23T19:46:11.819+0000] {logging_mixin.py:188} INFO - [2024-05-23T19:46:11.819+0000] {dagbag.py:545} INFO - Filling up the DagBag from /home/airflow/.local/lib/python3.12/site-packages/airflow/example_dags/example_branch_labels.py
[2024-05-23T19:46:11.830+0000] {processor.py:840} INFO - DAG(s) 'example_branch_labels' retrieved from /home/airflow/.local/lib/python3.12/site-packages/airflow/example_dags/example_branch_labels.py
[2024-05-23T19:46:11.858+0000] {logging_mixin.py:188} INFO - [2024-05-23T19:46:11.858+0000] {dag.py:3096} INFO - Sync 1 DAGs
[2024-05-23T19:46:11.888+0000] {logging_mixin.py:188} INFO - [2024-05-23T19:46:11.888+0000] {dag.py:3954} INFO - Setting next_dagrun for example_branch_labels to 2024-05-22 00:00:00+00:00, run_after=2024-05-23 00:00:00+00:00
[2024-05-23T19:46:11.911+0000] {processor.py:183} INFO - Processing /home/airflow/.local/lib/python3.12/site-packages/airflow/example_dags/example_branch_labels.py took 0.104 seconds
[2024-05-23T19:46:41.995+0000] {processor.py:161} INFO - Started process (PID=9008) to work on /home/airflow/.local/lib/python3.12/site-packages/airflow/example_dags/example_branch_labels.py
[2024-05-23T19:46:41.996+0000] {processor.py:830} INFO - Processing file /home/airflow/.local/lib/python3.12/site-packages/airflow/example_dags/example_branch_labels.py for tasks to queue
[2024-05-23T19:46:41.999+0000] {logging_mixin.py:188} INFO - [2024-05-23T19:46:41.998+0000] {dagbag.py:545} INFO - Filling up the DagBag from /home/airflow/.local/lib/python3.12/site-packages/airflow/example_dags/example_branch_labels.py
[2024-05-23T19:46:42.009+0000] {processor.py:840} INFO - DAG(s) 'example_branch_labels' retrieved from /home/airflow/.local/lib/python3.12/site-packages/airflow/example_dags/example_branch_labels.py
[2024-05-23T19:46:42.038+0000] {logging_mixin.py:188} INFO - [2024-05-23T19:46:42.037+0000] {dag.py:3096} INFO - Sync 1 DAGs
[2024-05-23T19:46:42.067+0000] {logging_mixin.py:188} INFO - [2024-05-23T19:46:42.067+0000] {dag.py:3954} INFO - Setting next_dagrun for example_branch_labels to 2024-05-22 00:00:00+00:00, run_after=2024-05-23 00:00:00+00:00
[2024-05-23T19:46:42.090+0000] {processor.py:183} INFO - Processing /home/airflow/.local/lib/python3.12/site-packages/airflow/example_dags/example_branch_labels.py took 0.103 seconds
[2024-05-23T19:47:12.326+0000] {processor.py:161} INFO - Started process (PID=9270) to work on /home/airflow/.local/lib/python3.12/site-packages/airflow/example_dags/example_branch_labels.py
[2024-05-23T19:47:12.327+0000] {processor.py:830} INFO - Processing file /home/airflow/.local/lib/python3.12/site-packages/airflow/example_dags/example_branch_labels.py for tasks to queue
[2024-05-23T19:47:12.330+0000] {logging_mixin.py:188} INFO - [2024-05-23T19:47:12.330+0000] {dagbag.py:545} INFO - Filling up the DagBag from /home/airflow/.local/lib/python3.12/site-packages/airflow/example_dags/example_branch_labels.py
[2024-05-23T19:47:12.341+0000] {processor.py:840} INFO - DAG(s) 'example_branch_labels' retrieved from /home/airflow/.local/lib/python3.12/site-packages/airflow/example_dags/example_branch_labels.py
[2024-05-23T19:47:12.369+0000] {logging_mixin.py:188} INFO - [2024-05-23T19:47:12.369+0000] {dag.py:3096} INFO - Sync 1 DAGs
[2024-05-23T19:47:12.403+0000] {logging_mixin.py:188} INFO - [2024-05-23T19:47:12.403+0000] {dag.py:3954} INFO - Setting next_dagrun for example_branch_labels to 2024-05-22 00:00:00+00:00, run_after=2024-05-23 00:00:00+00:00
[2024-05-23T19:47:12.428+0000] {processor.py:183} INFO - Processing /home/airflow/.local/lib/python3.12/site-packages/airflow/example_dags/example_branch_labels.py took 0.111 seconds
[2024-05-23T19:47:42.617+0000] {processor.py:161} INFO - Started process (PID=9532) to work on /home/airflow/.local/lib/python3.12/site-packages/airflow/example_dags/example_branch_labels.py
[2024-05-23T19:47:42.618+0000] {processor.py:830} INFO - Processing file /home/airflow/.local/lib/python3.12/site-packages/airflow/example_dags/example_branch_labels.py for tasks to queue
[2024-05-23T19:47:42.621+0000] {logging_mixin.py:188} INFO - [2024-05-23T19:47:42.620+0000] {dagbag.py:545} INFO - Filling up the DagBag from /home/airflow/.local/lib/python3.12/site-packages/airflow/example_dags/example_branch_labels.py
[2024-05-23T19:47:42.631+0000] {processor.py:840} INFO - DAG(s) 'example_branch_labels' retrieved from /home/airflow/.local/lib/python3.12/site-packages/airflow/example_dags/example_branch_labels.py
[2024-05-23T19:47:42.659+0000] {logging_mixin.py:188} INFO - [2024-05-23T19:47:42.659+0000] {dag.py:3096} INFO - Sync 1 DAGs
[2024-05-23T19:47:42.688+0000] {logging_mixin.py:188} INFO - [2024-05-23T19:47:42.688+0000] {dag.py:3954} INFO - Setting next_dagrun for example_branch_labels to 2024-05-22 00:00:00+00:00, run_after=2024-05-23 00:00:00+00:00
[2024-05-23T19:47:42.707+0000] {processor.py:183} INFO - Processing /home/airflow/.local/lib/python3.12/site-packages/airflow/example_dags/example_branch_labels.py took 0.099 seconds
[2024-05-23T19:48:12.854+0000] {processor.py:161} INFO - Started process (PID=9786) to work on /home/airflow/.local/lib/python3.12/site-packages/airflow/example_dags/example_branch_labels.py
[2024-05-23T19:48:12.856+0000] {processor.py:830} INFO - Processing file /home/airflow/.local/lib/python3.12/site-packages/airflow/example_dags/example_branch_labels.py for tasks to queue
[2024-05-23T19:48:12.858+0000] {logging_mixin.py:188} INFO - [2024-05-23T19:48:12.858+0000] {dagbag.py:545} INFO - Filling up the DagBag from /home/airflow/.local/lib/python3.12/site-packages/airflow/example_dags/example_branch_labels.py
[2024-05-23T19:48:12.871+0000] {processor.py:840} INFO - DAG(s) 'example_branch_labels' retrieved from /home/airflow/.local/lib/python3.12/site-packages/airflow/example_dags/example_branch_labels.py
[2024-05-23T19:48:12.905+0000] {logging_mixin.py:188} INFO - [2024-05-23T19:48:12.905+0000] {dag.py:3096} INFO - Sync 1 DAGs
[2024-05-23T19:48:12.941+0000] {logging_mixin.py:188} INFO - [2024-05-23T19:48:12.940+0000] {dag.py:3954} INFO - Setting next_dagrun for example_branch_labels to 2024-05-22 00:00:00+00:00, run_after=2024-05-23 00:00:00+00:00
[2024-05-23T19:48:12.966+0000] {processor.py:183} INFO - Processing /home/airflow/.local/lib/python3.12/site-packages/airflow/example_dags/example_branch_labels.py took 0.121 seconds
[2024-05-23T19:48:43.874+0000] {processor.py:161} INFO - Started process (PID=10048) to work on /home/airflow/.local/lib/python3.12/site-packages/airflow/example_dags/example_branch_labels.py
[2024-05-23T19:48:43.876+0000] {processor.py:830} INFO - Processing file /home/airflow/.local/lib/python3.12/site-packages/airflow/example_dags/example_branch_labels.py for tasks to queue
[2024-05-23T19:48:43.879+0000] {logging_mixin.py:188} INFO - [2024-05-23T19:48:43.878+0000] {dagbag.py:545} INFO - Filling up the DagBag from /home/airflow/.local/lib/python3.12/site-packages/airflow/example_dags/example_branch_labels.py
[2024-05-23T19:48:43.891+0000] {processor.py:840} INFO - DAG(s) 'example_branch_labels' retrieved from /home/airflow/.local/lib/python3.12/site-packages/airflow/example_dags/example_branch_labels.py
[2024-05-23T19:48:43.923+0000] {logging_mixin.py:188} INFO - [2024-05-23T19:48:43.923+0000] {dag.py:3096} INFO - Sync 1 DAGs
[2024-05-23T19:48:43.957+0000] {logging_mixin.py:188} INFO - [2024-05-23T19:48:43.957+0000] {dag.py:3954} INFO - Setting next_dagrun for example_branch_labels to 2024-05-22 00:00:00+00:00, run_after=2024-05-23 00:00:00+00:00
[2024-05-23T19:48:43.984+0000] {processor.py:183} INFO - Processing /home/airflow/.local/lib/python3.12/site-packages/airflow/example_dags/example_branch_labels.py took 0.119 seconds
[2024-05-23T19:49:14.539+0000] {processor.py:161} INFO - Started process (PID=10310) to work on /home/airflow/.local/lib/python3.12/site-packages/airflow/example_dags/example_branch_labels.py
[2024-05-23T19:49:14.541+0000] {processor.py:830} INFO - Processing file /home/airflow/.local/lib/python3.12/site-packages/airflow/example_dags/example_branch_labels.py for tasks to queue
[2024-05-23T19:49:14.544+0000] {logging_mixin.py:188} INFO - [2024-05-23T19:49:14.543+0000] {dagbag.py:545} INFO - Filling up the DagBag from /home/airflow/.local/lib/python3.12/site-packages/airflow/example_dags/example_branch_labels.py
[2024-05-23T19:49:14.556+0000] {processor.py:840} INFO - DAG(s) 'example_branch_labels' retrieved from /home/airflow/.local/lib/python3.12/site-packages/airflow/example_dags/example_branch_labels.py
[2024-05-23T19:49:14.591+0000] {logging_mixin.py:188} INFO - [2024-05-23T19:49:14.591+0000] {dag.py:3096} INFO - Sync 1 DAGs
[2024-05-23T19:49:14.628+0000] {logging_mixin.py:188} INFO - [2024-05-23T19:49:14.628+0000] {dag.py:3954} INFO - Setting next_dagrun for example_branch_labels to 2024-05-22 00:00:00+00:00, run_after=2024-05-23 00:00:00+00:00
[2024-05-23T19:49:14.808+0000] {processor.py:183} INFO - Processing /home/airflow/.local/lib/python3.12/site-packages/airflow/example_dags/example_branch_labels.py took 0.279 seconds
[2024-05-23T19:49:45.740+0000] {processor.py:161} INFO - Started process (PID=10580) to work on /home/airflow/.local/lib/python3.12/site-packages/airflow/example_dags/example_branch_labels.py
[2024-05-23T19:49:45.742+0000] {processor.py:830} INFO - Processing file /home/airflow/.local/lib/python3.12/site-packages/airflow/example_dags/example_branch_labels.py for tasks to queue
[2024-05-23T19:49:45.744+0000] {logging_mixin.py:188} INFO - [2024-05-23T19:49:45.744+0000] {dagbag.py:545} INFO - Filling up the DagBag from /home/airflow/.local/lib/python3.12/site-packages/airflow/example_dags/example_branch_labels.py
[2024-05-23T19:49:45.756+0000] {processor.py:840} INFO - DAG(s) 'example_branch_labels' retrieved from /home/airflow/.local/lib/python3.12/site-packages/airflow/example_dags/example_branch_labels.py
[2024-05-23T19:49:45.789+0000] {logging_mixin.py:188} INFO - [2024-05-23T19:49:45.789+0000] {dag.py:3096} INFO - Sync 1 DAGs
[2024-05-23T19:49:45.823+0000] {logging_mixin.py:188} INFO - [2024-05-23T19:49:45.823+0000] {dag.py:3954} INFO - Setting next_dagrun for example_branch_labels to 2024-05-22 00:00:00+00:00, run_after=2024-05-23 00:00:00+00:00
[2024-05-23T19:49:45.848+0000] {processor.py:183} INFO - Processing /home/airflow/.local/lib/python3.12/site-packages/airflow/example_dags/example_branch_labels.py took 0.118 seconds
[2024-05-23T19:50:16.242+0000] {processor.py:161} INFO - Started process (PID=10842) to work on /home/airflow/.local/lib/python3.12/site-packages/airflow/example_dags/example_branch_labels.py
[2024-05-23T19:50:16.244+0000] {processor.py:830} INFO - Processing file /home/airflow/.local/lib/python3.12/site-packages/airflow/example_dags/example_branch_labels.py for tasks to queue
[2024-05-23T19:50:16.246+0000] {logging_mixin.py:188} INFO - [2024-05-23T19:50:16.246+0000] {dagbag.py:545} INFO - Filling up the DagBag from /home/airflow/.local/lib/python3.12/site-packages/airflow/example_dags/example_branch_labels.py
[2024-05-23T19:50:16.257+0000] {processor.py:840} INFO - DAG(s) 'example_branch_labels' retrieved from /home/airflow/.local/lib/python3.12/site-packages/airflow/example_dags/example_branch_labels.py
[2024-05-23T19:50:16.290+0000] {logging_mixin.py:188} INFO - [2024-05-23T19:50:16.289+0000] {dag.py:3096} INFO - Sync 1 DAGs
[2024-05-23T19:50:16.323+0000] {logging_mixin.py:188} INFO - [2024-05-23T19:50:16.323+0000] {dag.py:3954} INFO - Setting next_dagrun for example_branch_labels to 2024-05-22 00:00:00+00:00, run_after=2024-05-23 00:00:00+00:00
[2024-05-23T19:50:16.349+0000] {processor.py:183} INFO - Processing /home/airflow/.local/lib/python3.12/site-packages/airflow/example_dags/example_branch_labels.py took 0.117 seconds
[2024-05-23T19:50:47.108+0000] {processor.py:161} INFO - Started process (PID=11104) to work on /home/airflow/.local/lib/python3.12/site-packages/airflow/example_dags/example_branch_labels.py
[2024-05-23T19:50:47.110+0000] {processor.py:830} INFO - Processing file /home/airflow/.local/lib/python3.12/site-packages/airflow/example_dags/example_branch_labels.py for tasks to queue
[2024-05-23T19:50:47.113+0000] {logging_mixin.py:188} INFO - [2024-05-23T19:50:47.112+0000] {dagbag.py:545} INFO - Filling up the DagBag from /home/airflow/.local/lib/python3.12/site-packages/airflow/example_dags/example_branch_labels.py
[2024-05-23T19:50:47.126+0000] {processor.py:840} INFO - DAG(s) 'example_branch_labels' retrieved from /home/airflow/.local/lib/python3.12/site-packages/airflow/example_dags/example_branch_labels.py
[2024-05-23T19:50:47.159+0000] {logging_mixin.py:188} INFO - [2024-05-23T19:50:47.159+0000] {dag.py:3096} INFO - Sync 1 DAGs
[2024-05-23T19:50:47.194+0000] {logging_mixin.py:188} INFO - [2024-05-23T19:50:47.194+0000] {dag.py:3954} INFO - Setting next_dagrun for example_branch_labels to 2024-05-22 00:00:00+00:00, run_after=2024-05-23 00:00:00+00:00
[2024-05-23T19:50:47.220+0000] {processor.py:183} INFO - Processing /home/airflow/.local/lib/python3.12/site-packages/airflow/example_dags/example_branch_labels.py took 0.121 seconds
[2024-05-23T19:51:17.668+0000] {processor.py:161} INFO - Started process (PID=11366) to work on /home/airflow/.local/lib/python3.12/site-packages/airflow/example_dags/example_branch_labels.py
[2024-05-23T19:51:17.670+0000] {processor.py:830} INFO - Processing file /home/airflow/.local/lib/python3.12/site-packages/airflow/example_dags/example_branch_labels.py for tasks to queue
[2024-05-23T19:51:17.673+0000] {logging_mixin.py:188} INFO - [2024-05-23T19:51:17.672+0000] {dagbag.py:545} INFO - Filling up the DagBag from /home/airflow/.local/lib/python3.12/site-packages/airflow/example_dags/example_branch_labels.py
[2024-05-23T19:51:17.685+0000] {processor.py:840} INFO - DAG(s) 'example_branch_labels' retrieved from /home/airflow/.local/lib/python3.12/site-packages/airflow/example_dags/example_branch_labels.py
[2024-05-23T19:51:17.718+0000] {logging_mixin.py:188} INFO - [2024-05-23T19:51:17.718+0000] {dag.py:3096} INFO - Sync 1 DAGs
[2024-05-23T19:51:17.757+0000] {logging_mixin.py:188} INFO - [2024-05-23T19:51:17.756+0000] {dag.py:3954} INFO - Setting next_dagrun for example_branch_labels to 2024-05-22 00:00:00+00:00, run_after=2024-05-23 00:00:00+00:00
[2024-05-23T19:51:17.786+0000] {processor.py:183} INFO - Processing /home/airflow/.local/lib/python3.12/site-packages/airflow/example_dags/example_branch_labels.py took 0.126 seconds
[2024-05-23T19:51:47.877+0000] {processor.py:161} INFO - Started process (PID=11628) to work on /home/airflow/.local/lib/python3.12/site-packages/airflow/example_dags/example_branch_labels.py
[2024-05-23T19:51:47.879+0000] {processor.py:830} INFO - Processing file /home/airflow/.local/lib/python3.12/site-packages/airflow/example_dags/example_branch_labels.py for tasks to queue
[2024-05-23T19:51:47.882+0000] {logging_mixin.py:188} INFO - [2024-05-23T19:51:47.881+0000] {dagbag.py:545} INFO - Filling up the DagBag from /home/airflow/.local/lib/python3.12/site-packages/airflow/example_dags/example_branch_labels.py
[2024-05-23T19:51:47.894+0000] {processor.py:840} INFO - DAG(s) 'example_branch_labels' retrieved from /home/airflow/.local/lib/python3.12/site-packages/airflow/example_dags/example_branch_labels.py
[2024-05-23T19:51:47.927+0000] {logging_mixin.py:188} INFO - [2024-05-23T19:51:47.927+0000] {dag.py:3096} INFO - Sync 1 DAGs
[2024-05-23T19:51:47.966+0000] {logging_mixin.py:188} INFO - [2024-05-23T19:51:47.965+0000] {dag.py:3954} INFO - Setting next_dagrun for example_branch_labels to 2024-05-22 00:00:00+00:00, run_after=2024-05-23 00:00:00+00:00
[2024-05-23T19:51:47.993+0000] {processor.py:183} INFO - Processing /home/airflow/.local/lib/python3.12/site-packages/airflow/example_dags/example_branch_labels.py took 0.126 seconds
[2024-05-23T19:52:18.124+0000] {processor.py:161} INFO - Started process (PID=11890) to work on /home/airflow/.local/lib/python3.12/site-packages/airflow/example_dags/example_branch_labels.py
[2024-05-23T19:52:18.126+0000] {processor.py:830} INFO - Processing file /home/airflow/.local/lib/python3.12/site-packages/airflow/example_dags/example_branch_labels.py for tasks to queue
[2024-05-23T19:52:18.129+0000] {logging_mixin.py:188} INFO - [2024-05-23T19:52:18.128+0000] {dagbag.py:545} INFO - Filling up the DagBag from /home/airflow/.local/lib/python3.12/site-packages/airflow/example_dags/example_branch_labels.py
[2024-05-23T19:52:18.140+0000] {processor.py:840} INFO - DAG(s) 'example_branch_labels' retrieved from /home/airflow/.local/lib/python3.12/site-packages/airflow/example_dags/example_branch_labels.py
[2024-05-23T19:52:18.172+0000] {logging_mixin.py:188} INFO - [2024-05-23T19:52:18.172+0000] {dag.py:3096} INFO - Sync 1 DAGs
[2024-05-23T19:52:18.206+0000] {logging_mixin.py:188} INFO - [2024-05-23T19:52:18.205+0000] {dag.py:3954} INFO - Setting next_dagrun for example_branch_labels to 2024-05-22 00:00:00+00:00, run_after=2024-05-23 00:00:00+00:00
[2024-05-23T19:52:18.235+0000] {processor.py:183} INFO - Processing /home/airflow/.local/lib/python3.12/site-packages/airflow/example_dags/example_branch_labels.py took 0.120 seconds
[2024-05-23T19:52:48.481+0000] {processor.py:161} INFO - Started process (PID=12152) to work on /home/airflow/.local/lib/python3.12/site-packages/airflow/example_dags/example_branch_labels.py
[2024-05-23T19:52:48.483+0000] {processor.py:830} INFO - Processing file /home/airflow/.local/lib/python3.12/site-packages/airflow/example_dags/example_branch_labels.py for tasks to queue
[2024-05-23T19:52:48.486+0000] {logging_mixin.py:188} INFO - [2024-05-23T19:52:48.485+0000] {dagbag.py:545} INFO - Filling up the DagBag from /home/airflow/.local/lib/python3.12/site-packages/airflow/example_dags/example_branch_labels.py
[2024-05-23T19:52:48.498+0000] {processor.py:840} INFO - DAG(s) 'example_branch_labels' retrieved from /home/airflow/.local/lib/python3.12/site-packages/airflow/example_dags/example_branch_labels.py
[2024-05-23T19:52:48.533+0000] {logging_mixin.py:188} INFO - [2024-05-23T19:52:48.532+0000] {dag.py:3096} INFO - Sync 1 DAGs
[2024-05-23T19:52:48.569+0000] {logging_mixin.py:188} INFO - [2024-05-23T19:52:48.569+0000] {dag.py:3954} INFO - Setting next_dagrun for example_branch_labels to 2024-05-22 00:00:00+00:00, run_after=2024-05-23 00:00:00+00:00
[2024-05-23T19:52:48.595+0000] {processor.py:183} INFO - Processing /home/airflow/.local/lib/python3.12/site-packages/airflow/example_dags/example_branch_labels.py took 0.122 seconds
[2024-05-23T19:53:18.822+0000] {processor.py:161} INFO - Started process (PID=12414) to work on /home/airflow/.local/lib/python3.12/site-packages/airflow/example_dags/example_branch_labels.py
[2024-05-23T19:53:18.823+0000] {processor.py:830} INFO - Processing file /home/airflow/.local/lib/python3.12/site-packages/airflow/example_dags/example_branch_labels.py for tasks to queue
[2024-05-23T19:53:18.828+0000] {logging_mixin.py:188} INFO - [2024-05-23T19:53:18.827+0000] {dagbag.py:545} INFO - Filling up the DagBag from /home/airflow/.local/lib/python3.12/site-packages/airflow/example_dags/example_branch_labels.py
[2024-05-23T19:53:18.838+0000] {processor.py:840} INFO - DAG(s) 'example_branch_labels' retrieved from /home/airflow/.local/lib/python3.12/site-packages/airflow/example_dags/example_branch_labels.py
[2024-05-23T19:53:18.871+0000] {logging_mixin.py:188} INFO - [2024-05-23T19:53:18.871+0000] {dag.py:3096} INFO - Sync 1 DAGs
[2024-05-23T19:53:18.908+0000] {logging_mixin.py:188} INFO - [2024-05-23T19:53:18.907+0000] {dag.py:3954} INFO - Setting next_dagrun for example_branch_labels to 2024-05-22 00:00:00+00:00, run_after=2024-05-23 00:00:00+00:00
[2024-05-23T19:53:18.932+0000] {processor.py:183} INFO - Processing /home/airflow/.local/lib/python3.12/site-packages/airflow/example_dags/example_branch_labels.py took 0.119 seconds
[2024-05-23T19:53:49.042+0000] {processor.py:161} INFO - Started process (PID=12676) to work on /home/airflow/.local/lib/python3.12/site-packages/airflow/example_dags/example_branch_labels.py
[2024-05-23T19:53:49.044+0000] {processor.py:830} INFO - Processing file /home/airflow/.local/lib/python3.12/site-packages/airflow/example_dags/example_branch_labels.py for tasks to queue
[2024-05-23T19:53:49.046+0000] {logging_mixin.py:188} INFO - [2024-05-23T19:53:49.046+0000] {dagbag.py:545} INFO - Filling up the DagBag from /home/airflow/.local/lib/python3.12/site-packages/airflow/example_dags/example_branch_labels.py
[2024-05-23T19:53:49.057+0000] {processor.py:840} INFO - DAG(s) 'example_branch_labels' retrieved from /home/airflow/.local/lib/python3.12/site-packages/airflow/example_dags/example_branch_labels.py
[2024-05-23T19:53:49.090+0000] {logging_mixin.py:188} INFO - [2024-05-23T19:53:49.089+0000] {dag.py:3096} INFO - Sync 1 DAGs
[2024-05-23T19:53:49.125+0000] {logging_mixin.py:188} INFO - [2024-05-23T19:53:49.124+0000] {dag.py:3954} INFO - Setting next_dagrun for example_branch_labels to 2024-05-22 00:00:00+00:00, run_after=2024-05-23 00:00:00+00:00
[2024-05-23T19:53:49.151+0000] {processor.py:183} INFO - Processing /home/airflow/.local/lib/python3.12/site-packages/airflow/example_dags/example_branch_labels.py took 0.118 seconds
[2024-05-23T19:54:19.651+0000] {processor.py:161} INFO - Started process (PID=12938) to work on /home/airflow/.local/lib/python3.12/site-packages/airflow/example_dags/example_branch_labels.py
[2024-05-23T19:54:19.652+0000] {processor.py:830} INFO - Processing file /home/airflow/.local/lib/python3.12/site-packages/airflow/example_dags/example_branch_labels.py for tasks to queue
[2024-05-23T19:54:19.655+0000] {logging_mixin.py:188} INFO - [2024-05-23T19:54:19.654+0000] {dagbag.py:545} INFO - Filling up the DagBag from /home/airflow/.local/lib/python3.12/site-packages/airflow/example_dags/example_branch_labels.py
[2024-05-23T19:54:19.666+0000] {processor.py:840} INFO - DAG(s) 'example_branch_labels' retrieved from /home/airflow/.local/lib/python3.12/site-packages/airflow/example_dags/example_branch_labels.py
[2024-05-23T19:54:19.699+0000] {logging_mixin.py:188} INFO - [2024-05-23T19:54:19.699+0000] {dag.py:3096} INFO - Sync 1 DAGs
[2024-05-23T19:54:19.732+0000] {logging_mixin.py:188} INFO - [2024-05-23T19:54:19.732+0000] {dag.py:3954} INFO - Setting next_dagrun for example_branch_labels to 2024-05-22 00:00:00+00:00, run_after=2024-05-23 00:00:00+00:00
[2024-05-23T19:54:19.757+0000] {processor.py:183} INFO - Processing /home/airflow/.local/lib/python3.12/site-packages/airflow/example_dags/example_branch_labels.py took 0.115 seconds
[2024-05-23T19:54:50.526+0000] {processor.py:161} INFO - Started process (PID=13200) to work on /home/airflow/.local/lib/python3.12/site-packages/airflow/example_dags/example_branch_labels.py
[2024-05-23T19:54:50.527+0000] {processor.py:830} INFO - Processing file /home/airflow/.local/lib/python3.12/site-packages/airflow/example_dags/example_branch_labels.py for tasks to queue
[2024-05-23T19:54:50.530+0000] {logging_mixin.py:188} INFO - [2024-05-23T19:54:50.529+0000] {dagbag.py:545} INFO - Filling up the DagBag from /home/airflow/.local/lib/python3.12/site-packages/airflow/example_dags/example_branch_labels.py
[2024-05-23T19:54:50.540+0000] {processor.py:840} INFO - DAG(s) 'example_branch_labels' retrieved from /home/airflow/.local/lib/python3.12/site-packages/airflow/example_dags/example_branch_labels.py
[2024-05-23T19:54:50.569+0000] {logging_mixin.py:188} INFO - [2024-05-23T19:54:50.568+0000] {dag.py:3096} INFO - Sync 1 DAGs
[2024-05-23T19:54:50.599+0000] {logging_mixin.py:188} INFO - [2024-05-23T19:54:50.599+0000] {dag.py:3954} INFO - Setting next_dagrun for example_branch_labels to 2024-05-22 00:00:00+00:00, run_after=2024-05-23 00:00:00+00:00
[2024-05-23T19:54:50.621+0000] {processor.py:183} INFO - Processing /home/airflow/.local/lib/python3.12/site-packages/airflow/example_dags/example_branch_labels.py took 0.103 seconds
[2024-05-23T19:55:21.320+0000] {processor.py:161} INFO - Started process (PID=13462) to work on /home/airflow/.local/lib/python3.12/site-packages/airflow/example_dags/example_branch_labels.py
[2024-05-23T19:55:21.322+0000] {processor.py:830} INFO - Processing file /home/airflow/.local/lib/python3.12/site-packages/airflow/example_dags/example_branch_labels.py for tasks to queue
[2024-05-23T19:55:21.324+0000] {logging_mixin.py:188} INFO - [2024-05-23T19:55:21.324+0000] {dagbag.py:545} INFO - Filling up the DagBag from /home/airflow/.local/lib/python3.12/site-packages/airflow/example_dags/example_branch_labels.py
[2024-05-23T19:55:21.336+0000] {processor.py:840} INFO - DAG(s) 'example_branch_labels' retrieved from /home/airflow/.local/lib/python3.12/site-packages/airflow/example_dags/example_branch_labels.py
[2024-05-23T19:55:21.369+0000] {logging_mixin.py:188} INFO - [2024-05-23T19:55:21.369+0000] {dag.py:3096} INFO - Sync 1 DAGs
[2024-05-23T19:55:21.404+0000] {logging_mixin.py:188} INFO - [2024-05-23T19:55:21.404+0000] {dag.py:3954} INFO - Setting next_dagrun for example_branch_labels to 2024-05-22 00:00:00+00:00, run_after=2024-05-23 00:00:00+00:00
[2024-05-23T19:55:21.432+0000] {processor.py:183} INFO - Processing /home/airflow/.local/lib/python3.12/site-packages/airflow/example_dags/example_branch_labels.py took 0.120 seconds
[2024-05-23T19:55:51.909+0000] {processor.py:161} INFO - Started process (PID=13724) to work on /home/airflow/.local/lib/python3.12/site-packages/airflow/example_dags/example_branch_labels.py
[2024-05-23T19:55:51.910+0000] {processor.py:830} INFO - Processing file /home/airflow/.local/lib/python3.12/site-packages/airflow/example_dags/example_branch_labels.py for tasks to queue
[2024-05-23T19:55:51.913+0000] {logging_mixin.py:188} INFO - [2024-05-23T19:55:51.912+0000] {dagbag.py:545} INFO - Filling up the DagBag from /home/airflow/.local/lib/python3.12/site-packages/airflow/example_dags/example_branch_labels.py
[2024-05-23T19:55:51.923+0000] {processor.py:840} INFO - DAG(s) 'example_branch_labels' retrieved from /home/airflow/.local/lib/python3.12/site-packages/airflow/example_dags/example_branch_labels.py
[2024-05-23T19:55:51.952+0000] {logging_mixin.py:188} INFO - [2024-05-23T19:55:51.952+0000] {dag.py:3096} INFO - Sync 1 DAGs
[2024-05-23T19:55:51.983+0000] {logging_mixin.py:188} INFO - [2024-05-23T19:55:51.983+0000] {dag.py:3954} INFO - Setting next_dagrun for example_branch_labels to 2024-05-22 00:00:00+00:00, run_after=2024-05-23 00:00:00+00:00
[2024-05-23T19:55:52.006+0000] {processor.py:183} INFO - Processing /home/airflow/.local/lib/python3.12/site-packages/airflow/example_dags/example_branch_labels.py took 0.105 seconds
[2024-05-23T19:56:22.135+0000] {processor.py:161} INFO - Started process (PID=13986) to work on /home/airflow/.local/lib/python3.12/site-packages/airflow/example_dags/example_branch_labels.py
[2024-05-23T19:56:22.137+0000] {processor.py:830} INFO - Processing file /home/airflow/.local/lib/python3.12/site-packages/airflow/example_dags/example_branch_labels.py for tasks to queue
[2024-05-23T19:56:22.139+0000] {logging_mixin.py:188} INFO - [2024-05-23T19:56:22.139+0000] {dagbag.py:545} INFO - Filling up the DagBag from /home/airflow/.local/lib/python3.12/site-packages/airflow/example_dags/example_branch_labels.py
[2024-05-23T19:56:22.150+0000] {processor.py:840} INFO - DAG(s) 'example_branch_labels' retrieved from /home/airflow/.local/lib/python3.12/site-packages/airflow/example_dags/example_branch_labels.py
[2024-05-23T19:56:22.179+0000] {logging_mixin.py:188} INFO - [2024-05-23T19:56:22.179+0000] {dag.py:3096} INFO - Sync 1 DAGs
[2024-05-23T19:56:22.210+0000] {logging_mixin.py:188} INFO - [2024-05-23T19:56:22.210+0000] {dag.py:3954} INFO - Setting next_dagrun for example_branch_labels to 2024-05-22 00:00:00+00:00, run_after=2024-05-23 00:00:00+00:00
[2024-05-23T19:56:22.233+0000] {processor.py:183} INFO - Processing /home/airflow/.local/lib/python3.12/site-packages/airflow/example_dags/example_branch_labels.py took 0.106 seconds
[2024-05-23T19:56:52.930+0000] {processor.py:161} INFO - Started process (PID=14248) to work on /home/airflow/.local/lib/python3.12/site-packages/airflow/example_dags/example_branch_labels.py
[2024-05-23T19:56:52.932+0000] {processor.py:830} INFO - Processing file /home/airflow/.local/lib/python3.12/site-packages/airflow/example_dags/example_branch_labels.py for tasks to queue
[2024-05-23T19:56:52.934+0000] {logging_mixin.py:188} INFO - [2024-05-23T19:56:52.934+0000] {dagbag.py:545} INFO - Filling up the DagBag from /home/airflow/.local/lib/python3.12/site-packages/airflow/example_dags/example_branch_labels.py
[2024-05-23T19:56:52.947+0000] {processor.py:840} INFO - DAG(s) 'example_branch_labels' retrieved from /home/airflow/.local/lib/python3.12/site-packages/airflow/example_dags/example_branch_labels.py
[2024-05-23T19:56:52.976+0000] {logging_mixin.py:188} INFO - [2024-05-23T19:56:52.976+0000] {dag.py:3096} INFO - Sync 1 DAGs
[2024-05-23T19:56:53.010+0000] {logging_mixin.py:188} INFO - [2024-05-23T19:56:53.010+0000] {dag.py:3954} INFO - Setting next_dagrun for example_branch_labels to 2024-05-22 00:00:00+00:00, run_after=2024-05-23 00:00:00+00:00
[2024-05-23T19:56:53.035+0000] {processor.py:183} INFO - Processing /home/airflow/.local/lib/python3.12/site-packages/airflow/example_dags/example_branch_labels.py took 0.113 seconds
[2024-05-23T19:57:23.478+0000] {processor.py:161} INFO - Started process (PID=14510) to work on /home/airflow/.local/lib/python3.12/site-packages/airflow/example_dags/example_branch_labels.py
[2024-05-23T19:57:23.480+0000] {processor.py:830} INFO - Processing file /home/airflow/.local/lib/python3.12/site-packages/airflow/example_dags/example_branch_labels.py for tasks to queue
[2024-05-23T19:57:23.482+0000] {logging_mixin.py:188} INFO - [2024-05-23T19:57:23.482+0000] {dagbag.py:545} INFO - Filling up the DagBag from /home/airflow/.local/lib/python3.12/site-packages/airflow/example_dags/example_branch_labels.py
[2024-05-23T19:57:23.495+0000] {processor.py:840} INFO - DAG(s) 'example_branch_labels' retrieved from /home/airflow/.local/lib/python3.12/site-packages/airflow/example_dags/example_branch_labels.py
[2024-05-23T19:57:23.525+0000] {logging_mixin.py:188} INFO - [2024-05-23T19:57:23.524+0000] {dag.py:3096} INFO - Sync 1 DAGs
[2024-05-23T19:57:23.559+0000] {logging_mixin.py:188} INFO - [2024-05-23T19:57:23.559+0000] {dag.py:3954} INFO - Setting next_dagrun for example_branch_labels to 2024-05-22 00:00:00+00:00, run_after=2024-05-23 00:00:00+00:00
[2024-05-23T19:57:23.579+0000] {processor.py:183} INFO - Processing /home/airflow/.local/lib/python3.12/site-packages/airflow/example_dags/example_branch_labels.py took 0.109 seconds
[2024-05-23T19:58:11.912+0000] {processor.py:161} INFO - Started process (PID=14775) to work on /home/airflow/.local/lib/python3.12/site-packages/airflow/example_dags/example_branch_labels.py
[2024-05-23T19:58:11.914+0000] {processor.py:830} INFO - Processing file /home/airflow/.local/lib/python3.12/site-packages/airflow/example_dags/example_branch_labels.py for tasks to queue
[2024-05-23T19:58:11.917+0000] {logging_mixin.py:188} INFO - [2024-05-23T19:58:11.916+0000] {dagbag.py:545} INFO - Filling up the DagBag from /home/airflow/.local/lib/python3.12/site-packages/airflow/example_dags/example_branch_labels.py
[2024-05-23T19:58:11.930+0000] {processor.py:840} INFO - DAG(s) 'example_branch_labels' retrieved from /home/airflow/.local/lib/python3.12/site-packages/airflow/example_dags/example_branch_labels.py
[2024-05-23T19:58:11.966+0000] {logging_mixin.py:188} INFO - [2024-05-23T19:58:11.966+0000] {dag.py:3096} INFO - Sync 1 DAGs
[2024-05-23T19:58:12.011+0000] {logging_mixin.py:188} INFO - [2024-05-23T19:58:12.010+0000] {dag.py:3954} INFO - Setting next_dagrun for example_branch_labels to 2024-05-22 00:00:00+00:00, run_after=2024-05-23 00:00:00+00:00
[2024-05-23T19:58:12.037+0000] {processor.py:183} INFO - Processing /home/airflow/.local/lib/python3.12/site-packages/airflow/example_dags/example_branch_labels.py took 0.138 seconds
[2024-05-23T20:03:44.004+0000] {processor.py:161} INFO - Started process (PID=15108) to work on /home/airflow/.local/lib/python3.12/site-packages/airflow/example_dags/example_branch_labels.py
[2024-05-23T20:03:44.006+0000] {processor.py:830} INFO - Processing file /home/airflow/.local/lib/python3.12/site-packages/airflow/example_dags/example_branch_labels.py for tasks to queue
[2024-05-23T20:03:44.007+0000] {logging_mixin.py:188} INFO - [2024-05-23T20:03:44.007+0000] {dagbag.py:545} INFO - Filling up the DagBag from /home/airflow/.local/lib/python3.12/site-packages/airflow/example_dags/example_branch_labels.py
[2024-05-23T20:03:44.017+0000] {processor.py:840} INFO - DAG(s) 'example_branch_labels' retrieved from /home/airflow/.local/lib/python3.12/site-packages/airflow/example_dags/example_branch_labels.py
[2024-05-23T20:03:44.047+0000] {logging_mixin.py:188} INFO - [2024-05-23T20:03:44.047+0000] {dag.py:3096} INFO - Sync 1 DAGs
[2024-05-23T20:03:44.078+0000] {logging_mixin.py:188} INFO - [2024-05-23T20:03:44.078+0000] {dag.py:3954} INFO - Setting next_dagrun for example_branch_labels to 2024-05-22 00:00:00+00:00, run_after=2024-05-23 00:00:00+00:00
[2024-05-23T20:03:44.104+0000] {processor.py:183} INFO - Processing /home/airflow/.local/lib/python3.12/site-packages/airflow/example_dags/example_branch_labels.py took 0.108 seconds
[2024-05-23T20:04:22.891+0000] {processor.py:161} INFO - Started process (PID=15372) to work on /home/airflow/.local/lib/python3.12/site-packages/airflow/example_dags/example_branch_labels.py
[2024-05-23T20:04:22.898+0000] {processor.py:830} INFO - Processing file /home/airflow/.local/lib/python3.12/site-packages/airflow/example_dags/example_branch_labels.py for tasks to queue
[2024-05-23T20:04:22.904+0000] {logging_mixin.py:188} INFO - [2024-05-23T20:04:22.902+0000] {dagbag.py:545} INFO - Filling up the DagBag from /home/airflow/.local/lib/python3.12/site-packages/airflow/example_dags/example_branch_labels.py
[2024-05-23T20:04:22.945+0000] {processor.py:840} INFO - DAG(s) 'example_branch_labels' retrieved from /home/airflow/.local/lib/python3.12/site-packages/airflow/example_dags/example_branch_labels.py
[2024-05-23T20:04:23.066+0000] {logging_mixin.py:188} INFO - [2024-05-23T20:04:23.065+0000] {dag.py:3096} INFO - Sync 1 DAGs
[2024-05-23T20:04:23.187+0000] {logging_mixin.py:188} INFO - [2024-05-23T20:04:23.186+0000] {dag.py:3954} INFO - Setting next_dagrun for example_branch_labels to 2024-05-22 00:00:00+00:00, run_after=2024-05-23 00:00:00+00:00
[2024-05-23T20:04:23.278+0000] {processor.py:183} INFO - Processing /home/airflow/.local/lib/python3.12/site-packages/airflow/example_dags/example_branch_labels.py took 0.422 seconds
[2024-05-23T20:08:15.225+0000] {processor.py:161} INFO - Started process (PID=15635) to work on /home/airflow/.local/lib/python3.12/site-packages/airflow/example_dags/example_branch_labels.py
[2024-05-23T20:08:15.227+0000] {processor.py:830} INFO - Processing file /home/airflow/.local/lib/python3.12/site-packages/airflow/example_dags/example_branch_labels.py for tasks to queue
[2024-05-23T20:08:15.228+0000] {logging_mixin.py:188} INFO - [2024-05-23T20:08:15.228+0000] {dagbag.py:545} INFO - Filling up the DagBag from /home/airflow/.local/lib/python3.12/site-packages/airflow/example_dags/example_branch_labels.py
[2024-05-23T20:08:15.238+0000] {processor.py:840} INFO - DAG(s) 'example_branch_labels' retrieved from /home/airflow/.local/lib/python3.12/site-packages/airflow/example_dags/example_branch_labels.py
[2024-05-23T20:08:15.268+0000] {logging_mixin.py:188} INFO - [2024-05-23T20:08:15.268+0000] {dag.py:3096} INFO - Sync 1 DAGs
[2024-05-23T20:08:15.296+0000] {logging_mixin.py:188} INFO - [2024-05-23T20:08:15.296+0000] {dag.py:3954} INFO - Setting next_dagrun for example_branch_labels to 2024-05-22 00:00:00+00:00, run_after=2024-05-23 00:00:00+00:00
[2024-05-23T20:08:15.318+0000] {processor.py:183} INFO - Processing /home/airflow/.local/lib/python3.12/site-packages/airflow/example_dags/example_branch_labels.py took 0.101 seconds
[2024-05-23T20:08:45.636+0000] {processor.py:161} INFO - Started process (PID=15897) to work on /home/airflow/.local/lib/python3.12/site-packages/airflow/example_dags/example_branch_labels.py
[2024-05-23T20:08:45.637+0000] {processor.py:830} INFO - Processing file /home/airflow/.local/lib/python3.12/site-packages/airflow/example_dags/example_branch_labels.py for tasks to queue
[2024-05-23T20:08:45.639+0000] {logging_mixin.py:188} INFO - [2024-05-23T20:08:45.638+0000] {dagbag.py:545} INFO - Filling up the DagBag from /home/airflow/.local/lib/python3.12/site-packages/airflow/example_dags/example_branch_labels.py
[2024-05-23T20:08:45.649+0000] {processor.py:840} INFO - DAG(s) 'example_branch_labels' retrieved from /home/airflow/.local/lib/python3.12/site-packages/airflow/example_dags/example_branch_labels.py
[2024-05-23T20:08:45.679+0000] {logging_mixin.py:188} INFO - [2024-05-23T20:08:45.679+0000] {dag.py:3096} INFO - Sync 1 DAGs
[2024-05-23T20:08:45.708+0000] {logging_mixin.py:188} INFO - [2024-05-23T20:08:45.708+0000] {dag.py:3954} INFO - Setting next_dagrun for example_branch_labels to 2024-05-22 00:00:00+00:00, run_after=2024-05-23 00:00:00+00:00
[2024-05-23T20:08:45.733+0000] {processor.py:183} INFO - Processing /home/airflow/.local/lib/python3.12/site-packages/airflow/example_dags/example_branch_labels.py took 0.106 seconds
[2024-05-23T20:09:15.943+0000] {processor.py:161} INFO - Started process (PID=16157) to work on /home/airflow/.local/lib/python3.12/site-packages/airflow/example_dags/example_branch_labels.py
[2024-05-23T20:09:15.944+0000] {processor.py:830} INFO - Processing file /home/airflow/.local/lib/python3.12/site-packages/airflow/example_dags/example_branch_labels.py for tasks to queue
[2024-05-23T20:09:15.946+0000] {logging_mixin.py:188} INFO - [2024-05-23T20:09:15.945+0000] {dagbag.py:545} INFO - Filling up the DagBag from /home/airflow/.local/lib/python3.12/site-packages/airflow/example_dags/example_branch_labels.py
[2024-05-23T20:09:15.957+0000] {processor.py:840} INFO - DAG(s) 'example_branch_labels' retrieved from /home/airflow/.local/lib/python3.12/site-packages/airflow/example_dags/example_branch_labels.py
[2024-05-23T20:09:15.989+0000] {logging_mixin.py:188} INFO - [2024-05-23T20:09:15.988+0000] {dag.py:3096} INFO - Sync 1 DAGs
[2024-05-23T20:09:16.018+0000] {logging_mixin.py:188} INFO - [2024-05-23T20:09:16.018+0000] {dag.py:3954} INFO - Setting next_dagrun for example_branch_labels to 2024-05-22 00:00:00+00:00, run_after=2024-05-23 00:00:00+00:00
[2024-05-23T20:09:16.045+0000] {processor.py:183} INFO - Processing /home/airflow/.local/lib/python3.12/site-packages/airflow/example_dags/example_branch_labels.py took 0.112 seconds
[2024-05-23T20:09:46.269+0000] {processor.py:161} INFO - Started process (PID=16421) to work on /home/airflow/.local/lib/python3.12/site-packages/airflow/example_dags/example_branch_labels.py
[2024-05-23T20:09:46.271+0000] {processor.py:830} INFO - Processing file /home/airflow/.local/lib/python3.12/site-packages/airflow/example_dags/example_branch_labels.py for tasks to queue
[2024-05-23T20:09:46.272+0000] {logging_mixin.py:188} INFO - [2024-05-23T20:09:46.272+0000] {dagbag.py:545} INFO - Filling up the DagBag from /home/airflow/.local/lib/python3.12/site-packages/airflow/example_dags/example_branch_labels.py
[2024-05-23T20:09:46.284+0000] {processor.py:840} INFO - DAG(s) 'example_branch_labels' retrieved from /home/airflow/.local/lib/python3.12/site-packages/airflow/example_dags/example_branch_labels.py
[2024-05-23T20:09:46.315+0000] {logging_mixin.py:188} INFO - [2024-05-23T20:09:46.315+0000] {dag.py:3096} INFO - Sync 1 DAGs
[2024-05-23T20:09:46.345+0000] {logging_mixin.py:188} INFO - [2024-05-23T20:09:46.345+0000] {dag.py:3954} INFO - Setting next_dagrun for example_branch_labels to 2024-05-22 00:00:00+00:00, run_after=2024-05-23 00:00:00+00:00
[2024-05-23T20:09:46.371+0000] {processor.py:183} INFO - Processing /home/airflow/.local/lib/python3.12/site-packages/airflow/example_dags/example_branch_labels.py took 0.113 seconds
[2024-05-23T20:10:16.738+0000] {processor.py:161} INFO - Started process (PID=16682) to work on /home/airflow/.local/lib/python3.12/site-packages/airflow/example_dags/example_branch_labels.py
[2024-05-23T20:10:16.739+0000] {processor.py:830} INFO - Processing file /home/airflow/.local/lib/python3.12/site-packages/airflow/example_dags/example_branch_labels.py for tasks to queue
[2024-05-23T20:10:16.741+0000] {logging_mixin.py:188} INFO - [2024-05-23T20:10:16.741+0000] {dagbag.py:545} INFO - Filling up the DagBag from /home/airflow/.local/lib/python3.12/site-packages/airflow/example_dags/example_branch_labels.py
[2024-05-23T20:10:16.751+0000] {processor.py:840} INFO - DAG(s) 'example_branch_labels' retrieved from /home/airflow/.local/lib/python3.12/site-packages/airflow/example_dags/example_branch_labels.py
[2024-05-23T20:10:16.781+0000] {logging_mixin.py:188} INFO - [2024-05-23T20:10:16.781+0000] {dag.py:3096} INFO - Sync 1 DAGs
[2024-05-23T20:10:16.812+0000] {logging_mixin.py:188} INFO - [2024-05-23T20:10:16.811+0000] {dag.py:3954} INFO - Setting next_dagrun for example_branch_labels to 2024-05-22 00:00:00+00:00, run_after=2024-05-23 00:00:00+00:00
[2024-05-23T20:10:16.836+0000] {processor.py:183} INFO - Processing /home/airflow/.local/lib/python3.12/site-packages/airflow/example_dags/example_branch_labels.py took 0.107 seconds
[2024-05-23T20:10:46.964+0000] {processor.py:161} INFO - Started process (PID=16943) to work on /home/airflow/.local/lib/python3.12/site-packages/airflow/example_dags/example_branch_labels.py
[2024-05-23T20:10:46.965+0000] {processor.py:830} INFO - Processing file /home/airflow/.local/lib/python3.12/site-packages/airflow/example_dags/example_branch_labels.py for tasks to queue
[2024-05-23T20:10:46.967+0000] {logging_mixin.py:188} INFO - [2024-05-23T20:10:46.967+0000] {dagbag.py:545} INFO - Filling up the DagBag from /home/airflow/.local/lib/python3.12/site-packages/airflow/example_dags/example_branch_labels.py
[2024-05-23T20:10:46.977+0000] {processor.py:840} INFO - DAG(s) 'example_branch_labels' retrieved from /home/airflow/.local/lib/python3.12/site-packages/airflow/example_dags/example_branch_labels.py
[2024-05-23T20:10:47.007+0000] {logging_mixin.py:188} INFO - [2024-05-23T20:10:47.007+0000] {dag.py:3096} INFO - Sync 1 DAGs
[2024-05-23T20:10:47.037+0000] {logging_mixin.py:188} INFO - [2024-05-23T20:10:47.037+0000] {dag.py:3954} INFO - Setting next_dagrun for example_branch_labels to 2024-05-22 00:00:00+00:00, run_after=2024-05-23 00:00:00+00:00
[2024-05-23T20:10:47.059+0000] {processor.py:183} INFO - Processing /home/airflow/.local/lib/python3.12/site-packages/airflow/example_dags/example_branch_labels.py took 0.104 seconds
[2024-05-23T20:11:18.063+0000] {processor.py:161} INFO - Started process (PID=17206) to work on /home/airflow/.local/lib/python3.12/site-packages/airflow/example_dags/example_branch_labels.py
[2024-05-23T20:11:18.065+0000] {processor.py:830} INFO - Processing file /home/airflow/.local/lib/python3.12/site-packages/airflow/example_dags/example_branch_labels.py for tasks to queue
[2024-05-23T20:11:18.066+0000] {logging_mixin.py:188} INFO - [2024-05-23T20:11:18.065+0000] {dagbag.py:545} INFO - Filling up the DagBag from /home/airflow/.local/lib/python3.12/site-packages/airflow/example_dags/example_branch_labels.py
[2024-05-23T20:11:18.075+0000] {processor.py:840} INFO - DAG(s) 'example_branch_labels' retrieved from /home/airflow/.local/lib/python3.12/site-packages/airflow/example_dags/example_branch_labels.py
[2024-05-23T20:11:18.101+0000] {logging_mixin.py:188} INFO - [2024-05-23T20:11:18.101+0000] {dag.py:3096} INFO - Sync 1 DAGs
[2024-05-23T20:11:18.127+0000] {logging_mixin.py:188} INFO - [2024-05-23T20:11:18.127+0000] {dag.py:3954} INFO - Setting next_dagrun for example_branch_labels to 2024-05-22 00:00:00+00:00, run_after=2024-05-23 00:00:00+00:00
[2024-05-23T20:11:18.148+0000] {processor.py:183} INFO - Processing /home/airflow/.local/lib/python3.12/site-packages/airflow/example_dags/example_branch_labels.py took 0.093 seconds
[2024-05-23T20:11:49.178+0000] {processor.py:161} INFO - Started process (PID=17466) to work on /home/airflow/.local/lib/python3.12/site-packages/airflow/example_dags/example_branch_labels.py
[2024-05-23T20:11:49.179+0000] {processor.py:830} INFO - Processing file /home/airflow/.local/lib/python3.12/site-packages/airflow/example_dags/example_branch_labels.py for tasks to queue
[2024-05-23T20:11:49.181+0000] {logging_mixin.py:188} INFO - [2024-05-23T20:11:49.180+0000] {dagbag.py:545} INFO - Filling up the DagBag from /home/airflow/.local/lib/python3.12/site-packages/airflow/example_dags/example_branch_labels.py
[2024-05-23T20:11:49.188+0000] {processor.py:840} INFO - DAG(s) 'example_branch_labels' retrieved from /home/airflow/.local/lib/python3.12/site-packages/airflow/example_dags/example_branch_labels.py
[2024-05-23T20:11:49.212+0000] {logging_mixin.py:188} INFO - [2024-05-23T20:11:49.212+0000] {dag.py:3096} INFO - Sync 1 DAGs
[2024-05-23T20:11:49.235+0000] {logging_mixin.py:188} INFO - [2024-05-23T20:11:49.235+0000] {dag.py:3954} INFO - Setting next_dagrun for example_branch_labels to 2024-05-22 00:00:00+00:00, run_after=2024-05-23 00:00:00+00:00
[2024-05-23T20:11:49.254+0000] {processor.py:183} INFO - Processing /home/airflow/.local/lib/python3.12/site-packages/airflow/example_dags/example_branch_labels.py took 0.084 seconds
[2024-05-23T20:12:20.243+0000] {processor.py:161} INFO - Started process (PID=17728) to work on /home/airflow/.local/lib/python3.12/site-packages/airflow/example_dags/example_branch_labels.py
[2024-05-23T20:12:20.245+0000] {processor.py:830} INFO - Processing file /home/airflow/.local/lib/python3.12/site-packages/airflow/example_dags/example_branch_labels.py for tasks to queue
[2024-05-23T20:12:20.246+0000] {logging_mixin.py:188} INFO - [2024-05-23T20:12:20.246+0000] {dagbag.py:545} INFO - Filling up the DagBag from /home/airflow/.local/lib/python3.12/site-packages/airflow/example_dags/example_branch_labels.py
[2024-05-23T20:12:20.256+0000] {processor.py:840} INFO - DAG(s) 'example_branch_labels' retrieved from /home/airflow/.local/lib/python3.12/site-packages/airflow/example_dags/example_branch_labels.py
[2024-05-23T20:12:20.286+0000] {logging_mixin.py:188} INFO - [2024-05-23T20:12:20.286+0000] {dag.py:3096} INFO - Sync 1 DAGs
[2024-05-23T20:12:20.317+0000] {logging_mixin.py:188} INFO - [2024-05-23T20:12:20.316+0000] {dag.py:3954} INFO - Setting next_dagrun for example_branch_labels to 2024-05-22 00:00:00+00:00, run_after=2024-05-23 00:00:00+00:00
[2024-05-23T20:12:20.344+0000] {processor.py:183} INFO - Processing /home/airflow/.local/lib/python3.12/site-packages/airflow/example_dags/example_branch_labels.py took 0.110 seconds
[2024-05-23T20:12:50.691+0000] {processor.py:161} INFO - Started process (PID=17990) to work on /home/airflow/.local/lib/python3.12/site-packages/airflow/example_dags/example_branch_labels.py
[2024-05-23T20:12:50.693+0000] {processor.py:830} INFO - Processing file /home/airflow/.local/lib/python3.12/site-packages/airflow/example_dags/example_branch_labels.py for tasks to queue
[2024-05-23T20:12:50.694+0000] {logging_mixin.py:188} INFO - [2024-05-23T20:12:50.694+0000] {dagbag.py:545} INFO - Filling up the DagBag from /home/airflow/.local/lib/python3.12/site-packages/airflow/example_dags/example_branch_labels.py
[2024-05-23T20:12:50.706+0000] {processor.py:840} INFO - DAG(s) 'example_branch_labels' retrieved from /home/airflow/.local/lib/python3.12/site-packages/airflow/example_dags/example_branch_labels.py
[2024-05-23T20:12:50.738+0000] {logging_mixin.py:188} INFO - [2024-05-23T20:12:50.738+0000] {dag.py:3096} INFO - Sync 1 DAGs
[2024-05-23T20:12:50.769+0000] {logging_mixin.py:188} INFO - [2024-05-23T20:12:50.769+0000] {dag.py:3954} INFO - Setting next_dagrun for example_branch_labels to 2024-05-22 00:00:00+00:00, run_after=2024-05-23 00:00:00+00:00
[2024-05-23T20:12:50.798+0000] {processor.py:183} INFO - Processing /home/airflow/.local/lib/python3.12/site-packages/airflow/example_dags/example_branch_labels.py took 0.116 seconds
[2024-05-23T20:13:21.132+0000] {processor.py:161} INFO - Started process (PID=18252) to work on /home/airflow/.local/lib/python3.12/site-packages/airflow/example_dags/example_branch_labels.py
[2024-05-23T20:13:21.134+0000] {processor.py:830} INFO - Processing file /home/airflow/.local/lib/python3.12/site-packages/airflow/example_dags/example_branch_labels.py for tasks to queue
[2024-05-23T20:13:21.136+0000] {logging_mixin.py:188} INFO - [2024-05-23T20:13:21.135+0000] {dagbag.py:545} INFO - Filling up the DagBag from /home/airflow/.local/lib/python3.12/site-packages/airflow/example_dags/example_branch_labels.py
[2024-05-23T20:13:21.147+0000] {processor.py:840} INFO - DAG(s) 'example_branch_labels' retrieved from /home/airflow/.local/lib/python3.12/site-packages/airflow/example_dags/example_branch_labels.py
[2024-05-23T20:13:21.179+0000] {logging_mixin.py:188} INFO - [2024-05-23T20:13:21.178+0000] {dag.py:3096} INFO - Sync 1 DAGs
[2024-05-23T20:13:21.208+0000] {logging_mixin.py:188} INFO - [2024-05-23T20:13:21.208+0000] {dag.py:3954} INFO - Setting next_dagrun for example_branch_labels to 2024-05-22 00:00:00+00:00, run_after=2024-05-23 00:00:00+00:00
[2024-05-23T20:13:21.231+0000] {processor.py:183} INFO - Processing /home/airflow/.local/lib/python3.12/site-packages/airflow/example_dags/example_branch_labels.py took 0.108 seconds
