[2024-05-23T19:29:53.625+0000] {processor.py:161} INFO - Started process (PID=307) to work on /home/airflow/.local/lib/python3.12/site-packages/airflow/example_dags/example_sla_dag.py
[2024-05-23T19:29:53.627+0000] {processor.py:830} INFO - Processing file /home/airflow/.local/lib/python3.12/site-packages/airflow/example_dags/example_sla_dag.py for tasks to queue
[2024-05-23T19:29:53.630+0000] {logging_mixin.py:188} INFO - [2024-05-23T19:29:53.630+0000] {dagbag.py:545} INFO - Filling up the DagBag from /home/airflow/.local/lib/python3.12/site-packages/airflow/example_dags/example_sla_dag.py
[2024-05-23T19:29:53.647+0000] {processor.py:840} INFO - DAG(s) 'example_sla_dag' retrieved from /home/airflow/.local/lib/python3.12/site-packages/airflow/example_dags/example_sla_dag.py
[2024-05-23T19:29:53.910+0000] {logging_mixin.py:188} INFO - [2024-05-23T19:29:53.909+0000] {dag.py:3096} INFO - Sync 1 DAGs
[2024-05-23T19:29:53.964+0000] {logging_mixin.py:188} INFO - [2024-05-23T19:29:53.964+0000] {dag.py:3954} INFO - Setting next_dagrun for example_sla_dag to 2024-05-23 19:26:00+00:00, run_after=2024-05-23 19:28:00+00:00
[2024-05-23T19:29:54.007+0000] {processor.py:183} INFO - Processing /home/airflow/.local/lib/python3.12/site-packages/airflow/example_dags/example_sla_dag.py took 0.394 seconds
[2024-05-23T19:30:24.169+0000] {processor.py:161} INFO - Started process (PID=569) to work on /home/airflow/.local/lib/python3.12/site-packages/airflow/example_dags/example_sla_dag.py
[2024-05-23T19:30:24.171+0000] {processor.py:830} INFO - Processing file /home/airflow/.local/lib/python3.12/site-packages/airflow/example_dags/example_sla_dag.py for tasks to queue
[2024-05-23T19:30:24.175+0000] {logging_mixin.py:188} INFO - [2024-05-23T19:30:24.174+0000] {dagbag.py:545} INFO - Filling up the DagBag from /home/airflow/.local/lib/python3.12/site-packages/airflow/example_dags/example_sla_dag.py
[2024-05-23T19:30:24.191+0000] {processor.py:840} INFO - DAG(s) 'example_sla_dag' retrieved from /home/airflow/.local/lib/python3.12/site-packages/airflow/example_dags/example_sla_dag.py
[2024-05-23T19:30:24.225+0000] {logging_mixin.py:188} INFO - [2024-05-23T19:30:24.225+0000] {dag.py:3096} INFO - Sync 1 DAGs
[2024-05-23T19:30:24.265+0000] {logging_mixin.py:188} INFO - [2024-05-23T19:30:24.264+0000] {dag.py:3954} INFO - Setting next_dagrun for example_sla_dag to 2024-05-23 19:28:00+00:00, run_after=2024-05-23 19:30:00+00:00
[2024-05-23T19:30:24.293+0000] {processor.py:183} INFO - Processing /home/airflow/.local/lib/python3.12/site-packages/airflow/example_dags/example_sla_dag.py took 0.138 seconds
[2024-05-23T19:30:54.536+0000] {processor.py:161} INFO - Started process (PID=831) to work on /home/airflow/.local/lib/python3.12/site-packages/airflow/example_dags/example_sla_dag.py
[2024-05-23T19:30:54.538+0000] {processor.py:830} INFO - Processing file /home/airflow/.local/lib/python3.12/site-packages/airflow/example_dags/example_sla_dag.py for tasks to queue
[2024-05-23T19:30:54.542+0000] {logging_mixin.py:188} INFO - [2024-05-23T19:30:54.541+0000] {dagbag.py:545} INFO - Filling up the DagBag from /home/airflow/.local/lib/python3.12/site-packages/airflow/example_dags/example_sla_dag.py
[2024-05-23T19:30:54.555+0000] {processor.py:840} INFO - DAG(s) 'example_sla_dag' retrieved from /home/airflow/.local/lib/python3.12/site-packages/airflow/example_dags/example_sla_dag.py
[2024-05-23T19:30:54.587+0000] {logging_mixin.py:188} INFO - [2024-05-23T19:30:54.587+0000] {dag.py:3096} INFO - Sync 1 DAGs
[2024-05-23T19:30:54.630+0000] {logging_mixin.py:188} INFO - [2024-05-23T19:30:54.629+0000] {dag.py:3954} INFO - Setting next_dagrun for example_sla_dag to 2024-05-23 19:28:00+00:00, run_after=2024-05-23 19:30:00+00:00
[2024-05-23T19:30:54.659+0000] {processor.py:183} INFO - Processing /home/airflow/.local/lib/python3.12/site-packages/airflow/example_dags/example_sla_dag.py took 0.133 seconds
[2024-05-23T19:31:24.715+0000] {processor.py:161} INFO - Started process (PID=1093) to work on /home/airflow/.local/lib/python3.12/site-packages/airflow/example_dags/example_sla_dag.py
[2024-05-23T19:31:24.717+0000] {processor.py:830} INFO - Processing file /home/airflow/.local/lib/python3.12/site-packages/airflow/example_dags/example_sla_dag.py for tasks to queue
[2024-05-23T19:31:24.720+0000] {logging_mixin.py:188} INFO - [2024-05-23T19:31:24.720+0000] {dagbag.py:545} INFO - Filling up the DagBag from /home/airflow/.local/lib/python3.12/site-packages/airflow/example_dags/example_sla_dag.py
[2024-05-23T19:31:24.733+0000] {processor.py:840} INFO - DAG(s) 'example_sla_dag' retrieved from /home/airflow/.local/lib/python3.12/site-packages/airflow/example_dags/example_sla_dag.py
[2024-05-23T19:31:24.762+0000] {logging_mixin.py:188} INFO - [2024-05-23T19:31:24.761+0000] {dag.py:3096} INFO - Sync 1 DAGs
[2024-05-23T19:31:24.798+0000] {logging_mixin.py:188} INFO - [2024-05-23T19:31:24.798+0000] {dag.py:3954} INFO - Setting next_dagrun for example_sla_dag to 2024-05-23 19:28:00+00:00, run_after=2024-05-23 19:30:00+00:00
[2024-05-23T19:31:24.824+0000] {processor.py:183} INFO - Processing /home/airflow/.local/lib/python3.12/site-packages/airflow/example_dags/example_sla_dag.py took 0.119 seconds
[2024-05-23T19:31:54.971+0000] {processor.py:161} INFO - Started process (PID=1355) to work on /home/airflow/.local/lib/python3.12/site-packages/airflow/example_dags/example_sla_dag.py
[2024-05-23T19:31:54.972+0000] {processor.py:830} INFO - Processing file /home/airflow/.local/lib/python3.12/site-packages/airflow/example_dags/example_sla_dag.py for tasks to queue
[2024-05-23T19:31:54.975+0000] {logging_mixin.py:188} INFO - [2024-05-23T19:31:54.975+0000] {dagbag.py:545} INFO - Filling up the DagBag from /home/airflow/.local/lib/python3.12/site-packages/airflow/example_dags/example_sla_dag.py
[2024-05-23T19:31:54.988+0000] {processor.py:840} INFO - DAG(s) 'example_sla_dag' retrieved from /home/airflow/.local/lib/python3.12/site-packages/airflow/example_dags/example_sla_dag.py
[2024-05-23T19:31:55.018+0000] {logging_mixin.py:188} INFO - [2024-05-23T19:31:55.018+0000] {dag.py:3096} INFO - Sync 1 DAGs
[2024-05-23T19:31:55.057+0000] {logging_mixin.py:188} INFO - [2024-05-23T19:31:55.056+0000] {dag.py:3954} INFO - Setting next_dagrun for example_sla_dag to 2024-05-23 19:28:00+00:00, run_after=2024-05-23 19:30:00+00:00
[2024-05-23T19:31:55.083+0000] {processor.py:183} INFO - Processing /home/airflow/.local/lib/python3.12/site-packages/airflow/example_dags/example_sla_dag.py took 0.122 seconds
[2024-05-23T19:32:25.485+0000] {processor.py:161} INFO - Started process (PID=1617) to work on /home/airflow/.local/lib/python3.12/site-packages/airflow/example_dags/example_sla_dag.py
[2024-05-23T19:32:25.487+0000] {processor.py:830} INFO - Processing file /home/airflow/.local/lib/python3.12/site-packages/airflow/example_dags/example_sla_dag.py for tasks to queue
[2024-05-23T19:32:25.491+0000] {logging_mixin.py:188} INFO - [2024-05-23T19:32:25.490+0000] {dagbag.py:545} INFO - Filling up the DagBag from /home/airflow/.local/lib/python3.12/site-packages/airflow/example_dags/example_sla_dag.py
[2024-05-23T19:32:25.506+0000] {processor.py:840} INFO - DAG(s) 'example_sla_dag' retrieved from /home/airflow/.local/lib/python3.12/site-packages/airflow/example_dags/example_sla_dag.py
[2024-05-23T19:32:25.540+0000] {logging_mixin.py:188} INFO - [2024-05-23T19:32:25.540+0000] {dag.py:3096} INFO - Sync 1 DAGs
[2024-05-23T19:32:25.582+0000] {logging_mixin.py:188} INFO - [2024-05-23T19:32:25.581+0000] {dag.py:3954} INFO - Setting next_dagrun for example_sla_dag to 2024-05-23 19:30:00+00:00, run_after=2024-05-23 19:32:00+00:00
[2024-05-23T19:32:25.613+0000] {processor.py:183} INFO - Processing /home/airflow/.local/lib/python3.12/site-packages/airflow/example_dags/example_sla_dag.py took 0.137 seconds
[2024-05-23T19:32:55.807+0000] {processor.py:161} INFO - Started process (PID=1879) to work on /home/airflow/.local/lib/python3.12/site-packages/airflow/example_dags/example_sla_dag.py
[2024-05-23T19:32:55.808+0000] {processor.py:830} INFO - Processing file /home/airflow/.local/lib/python3.12/site-packages/airflow/example_dags/example_sla_dag.py for tasks to queue
[2024-05-23T19:32:55.811+0000] {logging_mixin.py:188} INFO - [2024-05-23T19:32:55.811+0000] {dagbag.py:545} INFO - Filling up the DagBag from /home/airflow/.local/lib/python3.12/site-packages/airflow/example_dags/example_sla_dag.py
[2024-05-23T19:32:55.824+0000] {processor.py:840} INFO - DAG(s) 'example_sla_dag' retrieved from /home/airflow/.local/lib/python3.12/site-packages/airflow/example_dags/example_sla_dag.py
[2024-05-23T19:32:55.857+0000] {logging_mixin.py:188} INFO - [2024-05-23T19:32:55.857+0000] {dag.py:3096} INFO - Sync 1 DAGs
[2024-05-23T19:32:55.898+0000] {logging_mixin.py:188} INFO - [2024-05-23T19:32:55.898+0000] {dag.py:3954} INFO - Setting next_dagrun for example_sla_dag to 2024-05-23 19:30:00+00:00, run_after=2024-05-23 19:32:00+00:00
[2024-05-23T19:32:55.928+0000] {processor.py:183} INFO - Processing /home/airflow/.local/lib/python3.12/site-packages/airflow/example_dags/example_sla_dag.py took 0.131 seconds
[2024-05-23T19:33:26.203+0000] {processor.py:161} INFO - Started process (PID=2141) to work on /home/airflow/.local/lib/python3.12/site-packages/airflow/example_dags/example_sla_dag.py
[2024-05-23T19:33:26.205+0000] {processor.py:830} INFO - Processing file /home/airflow/.local/lib/python3.12/site-packages/airflow/example_dags/example_sla_dag.py for tasks to queue
[2024-05-23T19:33:26.208+0000] {logging_mixin.py:188} INFO - [2024-05-23T19:33:26.207+0000] {dagbag.py:545} INFO - Filling up the DagBag from /home/airflow/.local/lib/python3.12/site-packages/airflow/example_dags/example_sla_dag.py
[2024-05-23T19:33:26.222+0000] {processor.py:840} INFO - DAG(s) 'example_sla_dag' retrieved from /home/airflow/.local/lib/python3.12/site-packages/airflow/example_dags/example_sla_dag.py
[2024-05-23T19:33:26.254+0000] {logging_mixin.py:188} INFO - [2024-05-23T19:33:26.253+0000] {dag.py:3096} INFO - Sync 1 DAGs
[2024-05-23T19:33:26.293+0000] {logging_mixin.py:188} INFO - [2024-05-23T19:33:26.293+0000] {dag.py:3954} INFO - Setting next_dagrun for example_sla_dag to 2024-05-23 19:30:00+00:00, run_after=2024-05-23 19:32:00+00:00
[2024-05-23T19:33:26.348+0000] {processor.py:183} INFO - Processing /home/airflow/.local/lib/python3.12/site-packages/airflow/example_dags/example_sla_dag.py took 0.154 seconds
[2024-05-23T19:33:56.902+0000] {processor.py:161} INFO - Started process (PID=2403) to work on /home/airflow/.local/lib/python3.12/site-packages/airflow/example_dags/example_sla_dag.py
[2024-05-23T19:33:56.904+0000] {processor.py:830} INFO - Processing file /home/airflow/.local/lib/python3.12/site-packages/airflow/example_dags/example_sla_dag.py for tasks to queue
[2024-05-23T19:33:56.909+0000] {logging_mixin.py:188} INFO - [2024-05-23T19:33:56.908+0000] {dagbag.py:545} INFO - Filling up the DagBag from /home/airflow/.local/lib/python3.12/site-packages/airflow/example_dags/example_sla_dag.py
[2024-05-23T19:33:56.926+0000] {processor.py:840} INFO - DAG(s) 'example_sla_dag' retrieved from /home/airflow/.local/lib/python3.12/site-packages/airflow/example_dags/example_sla_dag.py
[2024-05-23T19:33:56.983+0000] {logging_mixin.py:188} INFO - [2024-05-23T19:33:56.983+0000] {dag.py:3096} INFO - Sync 1 DAGs
[2024-05-23T19:33:57.036+0000] {logging_mixin.py:188} INFO - [2024-05-23T19:33:57.036+0000] {dag.py:3954} INFO - Setting next_dagrun for example_sla_dag to 2024-05-23 19:30:00+00:00, run_after=2024-05-23 19:32:00+00:00
[2024-05-23T19:33:57.068+0000] {processor.py:183} INFO - Processing /home/airflow/.local/lib/python3.12/site-packages/airflow/example_dags/example_sla_dag.py took 0.180 seconds
[2024-05-23T19:34:27.246+0000] {processor.py:161} INFO - Started process (PID=2664) to work on /home/airflow/.local/lib/python3.12/site-packages/airflow/example_dags/example_sla_dag.py
[2024-05-23T19:34:27.248+0000] {processor.py:830} INFO - Processing file /home/airflow/.local/lib/python3.12/site-packages/airflow/example_dags/example_sla_dag.py for tasks to queue
[2024-05-23T19:34:27.251+0000] {logging_mixin.py:188} INFO - [2024-05-23T19:34:27.251+0000] {dagbag.py:545} INFO - Filling up the DagBag from /home/airflow/.local/lib/python3.12/site-packages/airflow/example_dags/example_sla_dag.py
[2024-05-23T19:34:27.264+0000] {processor.py:840} INFO - DAG(s) 'example_sla_dag' retrieved from /home/airflow/.local/lib/python3.12/site-packages/airflow/example_dags/example_sla_dag.py
[2024-05-23T19:34:27.295+0000] {logging_mixin.py:188} INFO - [2024-05-23T19:34:27.295+0000] {dag.py:3096} INFO - Sync 1 DAGs
[2024-05-23T19:34:27.355+0000] {logging_mixin.py:188} INFO - [2024-05-23T19:34:27.355+0000] {dag.py:3954} INFO - Setting next_dagrun for example_sla_dag to 2024-05-23 19:32:00+00:00, run_after=2024-05-23 19:34:00+00:00
[2024-05-23T19:34:27.385+0000] {processor.py:183} INFO - Processing /home/airflow/.local/lib/python3.12/site-packages/airflow/example_dags/example_sla_dag.py took 0.149 seconds
[2024-05-23T19:34:57.953+0000] {processor.py:161} INFO - Started process (PID=2942) to work on /home/airflow/.local/lib/python3.12/site-packages/airflow/example_dags/example_sla_dag.py
[2024-05-23T19:34:57.954+0000] {processor.py:830} INFO - Processing file /home/airflow/.local/lib/python3.12/site-packages/airflow/example_dags/example_sla_dag.py for tasks to queue
[2024-05-23T19:34:57.958+0000] {logging_mixin.py:188} INFO - [2024-05-23T19:34:57.957+0000] {dagbag.py:545} INFO - Filling up the DagBag from /home/airflow/.local/lib/python3.12/site-packages/airflow/example_dags/example_sla_dag.py
[2024-05-23T19:34:57.972+0000] {processor.py:840} INFO - DAG(s) 'example_sla_dag' retrieved from /home/airflow/.local/lib/python3.12/site-packages/airflow/example_dags/example_sla_dag.py
[2024-05-23T19:34:58.006+0000] {logging_mixin.py:188} INFO - [2024-05-23T19:34:58.005+0000] {dag.py:3096} INFO - Sync 1 DAGs
[2024-05-23T19:34:58.050+0000] {logging_mixin.py:188} INFO - [2024-05-23T19:34:58.049+0000] {dag.py:3954} INFO - Setting next_dagrun for example_sla_dag to 2024-05-23 19:32:00+00:00, run_after=2024-05-23 19:34:00+00:00
[2024-05-23T19:34:58.082+0000] {processor.py:183} INFO - Processing /home/airflow/.local/lib/python3.12/site-packages/airflow/example_dags/example_sla_dag.py took 0.139 seconds
[2024-05-23T19:35:28.333+0000] {processor.py:161} INFO - Started process (PID=3208) to work on /home/airflow/.local/lib/python3.12/site-packages/airflow/example_dags/example_sla_dag.py
[2024-05-23T19:35:28.338+0000] {processor.py:830} INFO - Processing file /home/airflow/.local/lib/python3.12/site-packages/airflow/example_dags/example_sla_dag.py for tasks to queue
[2024-05-23T19:35:28.342+0000] {logging_mixin.py:188} INFO - [2024-05-23T19:35:28.341+0000] {dagbag.py:545} INFO - Filling up the DagBag from /home/airflow/.local/lib/python3.12/site-packages/airflow/example_dags/example_sla_dag.py
[2024-05-23T19:35:28.363+0000] {processor.py:840} INFO - DAG(s) 'example_sla_dag' retrieved from /home/airflow/.local/lib/python3.12/site-packages/airflow/example_dags/example_sla_dag.py
[2024-05-23T19:35:28.407+0000] {logging_mixin.py:188} INFO - [2024-05-23T19:35:28.407+0000] {dag.py:3096} INFO - Sync 1 DAGs
[2024-05-23T19:35:28.457+0000] {logging_mixin.py:188} INFO - [2024-05-23T19:35:28.457+0000] {dag.py:3954} INFO - Setting next_dagrun for example_sla_dag to 2024-05-23 19:32:00+00:00, run_after=2024-05-23 19:34:00+00:00
[2024-05-23T19:35:28.493+0000] {processor.py:183} INFO - Processing /home/airflow/.local/lib/python3.12/site-packages/airflow/example_dags/example_sla_dag.py took 0.172 seconds
[2024-05-23T19:35:58.636+0000] {processor.py:161} INFO - Started process (PID=3472) to work on /home/airflow/.local/lib/python3.12/site-packages/airflow/example_dags/example_sla_dag.py
[2024-05-23T19:35:58.638+0000] {processor.py:830} INFO - Processing file /home/airflow/.local/lib/python3.12/site-packages/airflow/example_dags/example_sla_dag.py for tasks to queue
[2024-05-23T19:35:58.641+0000] {logging_mixin.py:188} INFO - [2024-05-23T19:35:58.640+0000] {dagbag.py:545} INFO - Filling up the DagBag from /home/airflow/.local/lib/python3.12/site-packages/airflow/example_dags/example_sla_dag.py
[2024-05-23T19:35:58.654+0000] {processor.py:840} INFO - DAG(s) 'example_sla_dag' retrieved from /home/airflow/.local/lib/python3.12/site-packages/airflow/example_dags/example_sla_dag.py
[2024-05-23T19:35:58.684+0000] {logging_mixin.py:188} INFO - [2024-05-23T19:35:58.684+0000] {dag.py:3096} INFO - Sync 1 DAGs
[2024-05-23T19:35:58.722+0000] {logging_mixin.py:188} INFO - [2024-05-23T19:35:58.722+0000] {dag.py:3954} INFO - Setting next_dagrun for example_sla_dag to 2024-05-23 19:32:00+00:00, run_after=2024-05-23 19:34:00+00:00
[2024-05-23T19:35:58.750+0000] {processor.py:183} INFO - Processing /home/airflow/.local/lib/python3.12/site-packages/airflow/example_dags/example_sla_dag.py took 0.123 seconds
[2024-05-23T19:36:28.935+0000] {processor.py:161} INFO - Started process (PID=3734) to work on /home/airflow/.local/lib/python3.12/site-packages/airflow/example_dags/example_sla_dag.py
[2024-05-23T19:36:28.937+0000] {processor.py:830} INFO - Processing file /home/airflow/.local/lib/python3.12/site-packages/airflow/example_dags/example_sla_dag.py for tasks to queue
[2024-05-23T19:36:28.940+0000] {logging_mixin.py:188} INFO - [2024-05-23T19:36:28.940+0000] {dagbag.py:545} INFO - Filling up the DagBag from /home/airflow/.local/lib/python3.12/site-packages/airflow/example_dags/example_sla_dag.py
[2024-05-23T19:36:28.958+0000] {processor.py:840} INFO - DAG(s) 'example_sla_dag' retrieved from /home/airflow/.local/lib/python3.12/site-packages/airflow/example_dags/example_sla_dag.py
[2024-05-23T19:36:28.991+0000] {logging_mixin.py:188} INFO - [2024-05-23T19:36:28.991+0000] {dag.py:3096} INFO - Sync 1 DAGs
[2024-05-23T19:36:29.034+0000] {logging_mixin.py:188} INFO - [2024-05-23T19:36:29.033+0000] {dag.py:3954} INFO - Setting next_dagrun for example_sla_dag to 2024-05-23 19:34:00+00:00, run_after=2024-05-23 19:36:00+00:00
[2024-05-23T19:36:29.067+0000] {processor.py:183} INFO - Processing /home/airflow/.local/lib/python3.12/site-packages/airflow/example_dags/example_sla_dag.py took 0.140 seconds
[2024-05-23T19:36:59.313+0000] {processor.py:161} INFO - Started process (PID=3996) to work on /home/airflow/.local/lib/python3.12/site-packages/airflow/example_dags/example_sla_dag.py
[2024-05-23T19:36:59.316+0000] {processor.py:830} INFO - Processing file /home/airflow/.local/lib/python3.12/site-packages/airflow/example_dags/example_sla_dag.py for tasks to queue
[2024-05-23T19:36:59.322+0000] {logging_mixin.py:188} INFO - [2024-05-23T19:36:59.321+0000] {dagbag.py:545} INFO - Filling up the DagBag from /home/airflow/.local/lib/python3.12/site-packages/airflow/example_dags/example_sla_dag.py
[2024-05-23T19:36:59.349+0000] {processor.py:840} INFO - DAG(s) 'example_sla_dag' retrieved from /home/airflow/.local/lib/python3.12/site-packages/airflow/example_dags/example_sla_dag.py
[2024-05-23T19:36:59.403+0000] {logging_mixin.py:188} INFO - [2024-05-23T19:36:59.402+0000] {dag.py:3096} INFO - Sync 1 DAGs
[2024-05-23T19:36:59.448+0000] {logging_mixin.py:188} INFO - [2024-05-23T19:36:59.447+0000] {dag.py:3954} INFO - Setting next_dagrun for example_sla_dag to 2024-05-23 19:34:00+00:00, run_after=2024-05-23 19:36:00+00:00
[2024-05-23T19:36:59.475+0000] {processor.py:183} INFO - Processing /home/airflow/.local/lib/python3.12/site-packages/airflow/example_dags/example_sla_dag.py took 0.179 seconds
[2024-05-23T19:37:29.530+0000] {processor.py:161} INFO - Started process (PID=4256) to work on /home/airflow/.local/lib/python3.12/site-packages/airflow/example_dags/example_sla_dag.py
[2024-05-23T19:37:29.532+0000] {processor.py:830} INFO - Processing file /home/airflow/.local/lib/python3.12/site-packages/airflow/example_dags/example_sla_dag.py for tasks to queue
[2024-05-23T19:37:29.534+0000] {logging_mixin.py:188} INFO - [2024-05-23T19:37:29.534+0000] {dagbag.py:545} INFO - Filling up the DagBag from /home/airflow/.local/lib/python3.12/site-packages/airflow/example_dags/example_sla_dag.py
[2024-05-23T19:37:29.548+0000] {processor.py:840} INFO - DAG(s) 'example_sla_dag' retrieved from /home/airflow/.local/lib/python3.12/site-packages/airflow/example_dags/example_sla_dag.py
[2024-05-23T19:37:29.576+0000] {logging_mixin.py:188} INFO - [2024-05-23T19:37:29.576+0000] {dag.py:3096} INFO - Sync 1 DAGs
[2024-05-23T19:37:29.614+0000] {logging_mixin.py:188} INFO - [2024-05-23T19:37:29.613+0000] {dag.py:3954} INFO - Setting next_dagrun for example_sla_dag to 2024-05-23 19:34:00+00:00, run_after=2024-05-23 19:36:00+00:00
[2024-05-23T19:37:29.639+0000] {processor.py:183} INFO - Processing /home/airflow/.local/lib/python3.12/site-packages/airflow/example_dags/example_sla_dag.py took 0.119 seconds
[2024-05-23T19:38:00.522+0000] {processor.py:161} INFO - Started process (PID=4518) to work on /home/airflow/.local/lib/python3.12/site-packages/airflow/example_dags/example_sla_dag.py
[2024-05-23T19:38:00.523+0000] {processor.py:830} INFO - Processing file /home/airflow/.local/lib/python3.12/site-packages/airflow/example_dags/example_sla_dag.py for tasks to queue
[2024-05-23T19:38:00.526+0000] {logging_mixin.py:188} INFO - [2024-05-23T19:38:00.525+0000] {dagbag.py:545} INFO - Filling up the DagBag from /home/airflow/.local/lib/python3.12/site-packages/airflow/example_dags/example_sla_dag.py
[2024-05-23T19:38:00.536+0000] {processor.py:840} INFO - DAG(s) 'example_sla_dag' retrieved from /home/airflow/.local/lib/python3.12/site-packages/airflow/example_dags/example_sla_dag.py
[2024-05-23T19:38:00.559+0000] {logging_mixin.py:188} INFO - [2024-05-23T19:38:00.559+0000] {dag.py:3096} INFO - Sync 1 DAGs
[2024-05-23T19:38:00.593+0000] {logging_mixin.py:188} INFO - [2024-05-23T19:38:00.592+0000] {dag.py:3954} INFO - Setting next_dagrun for example_sla_dag to 2024-05-23 19:36:00+00:00, run_after=2024-05-23 19:38:00+00:00
[2024-05-23T19:38:00.620+0000] {processor.py:183} INFO - Processing /home/airflow/.local/lib/python3.12/site-packages/airflow/example_dags/example_sla_dag.py took 0.105 seconds
[2024-05-23T19:38:30.818+0000] {processor.py:161} INFO - Started process (PID=4780) to work on /home/airflow/.local/lib/python3.12/site-packages/airflow/example_dags/example_sla_dag.py
[2024-05-23T19:38:30.819+0000] {processor.py:830} INFO - Processing file /home/airflow/.local/lib/python3.12/site-packages/airflow/example_dags/example_sla_dag.py for tasks to queue
[2024-05-23T19:38:30.822+0000] {logging_mixin.py:188} INFO - [2024-05-23T19:38:30.821+0000] {dagbag.py:545} INFO - Filling up the DagBag from /home/airflow/.local/lib/python3.12/site-packages/airflow/example_dags/example_sla_dag.py
[2024-05-23T19:38:30.836+0000] {processor.py:840} INFO - DAG(s) 'example_sla_dag' retrieved from /home/airflow/.local/lib/python3.12/site-packages/airflow/example_dags/example_sla_dag.py
[2024-05-23T19:38:30.864+0000] {logging_mixin.py:188} INFO - [2024-05-23T19:38:30.864+0000] {dag.py:3096} INFO - Sync 1 DAGs
[2024-05-23T19:38:30.901+0000] {logging_mixin.py:188} INFO - [2024-05-23T19:38:30.900+0000] {dag.py:3954} INFO - Setting next_dagrun for example_sla_dag to 2024-05-23 19:36:00+00:00, run_after=2024-05-23 19:38:00+00:00
[2024-05-23T19:38:30.927+0000] {processor.py:183} INFO - Processing /home/airflow/.local/lib/python3.12/site-packages/airflow/example_dags/example_sla_dag.py took 0.118 seconds
[2024-05-23T19:39:01.398+0000] {processor.py:161} INFO - Started process (PID=5042) to work on /home/airflow/.local/lib/python3.12/site-packages/airflow/example_dags/example_sla_dag.py
[2024-05-23T19:39:01.400+0000] {processor.py:830} INFO - Processing file /home/airflow/.local/lib/python3.12/site-packages/airflow/example_dags/example_sla_dag.py for tasks to queue
[2024-05-23T19:39:01.403+0000] {logging_mixin.py:188} INFO - [2024-05-23T19:39:01.402+0000] {dagbag.py:545} INFO - Filling up the DagBag from /home/airflow/.local/lib/python3.12/site-packages/airflow/example_dags/example_sla_dag.py
[2024-05-23T19:39:01.416+0000] {processor.py:840} INFO - DAG(s) 'example_sla_dag' retrieved from /home/airflow/.local/lib/python3.12/site-packages/airflow/example_dags/example_sla_dag.py
[2024-05-23T19:39:01.446+0000] {logging_mixin.py:188} INFO - [2024-05-23T19:39:01.445+0000] {dag.py:3096} INFO - Sync 1 DAGs
[2024-05-23T19:39:01.484+0000] {logging_mixin.py:188} INFO - [2024-05-23T19:39:01.484+0000] {dag.py:3954} INFO - Setting next_dagrun for example_sla_dag to 2024-05-23 19:36:00+00:00, run_after=2024-05-23 19:38:00+00:00
[2024-05-23T19:39:01.512+0000] {processor.py:183} INFO - Processing /home/airflow/.local/lib/python3.12/site-packages/airflow/example_dags/example_sla_dag.py took 0.123 seconds
[2024-05-23T19:39:32.026+0000] {processor.py:161} INFO - Started process (PID=5304) to work on /home/airflow/.local/lib/python3.12/site-packages/airflow/example_dags/example_sla_dag.py
[2024-05-23T19:39:32.027+0000] {processor.py:830} INFO - Processing file /home/airflow/.local/lib/python3.12/site-packages/airflow/example_dags/example_sla_dag.py for tasks to queue
[2024-05-23T19:39:32.030+0000] {logging_mixin.py:188} INFO - [2024-05-23T19:39:32.030+0000] {dagbag.py:545} INFO - Filling up the DagBag from /home/airflow/.local/lib/python3.12/site-packages/airflow/example_dags/example_sla_dag.py
[2024-05-23T19:39:32.047+0000] {processor.py:840} INFO - DAG(s) 'example_sla_dag' retrieved from /home/airflow/.local/lib/python3.12/site-packages/airflow/example_dags/example_sla_dag.py
[2024-05-23T19:39:32.077+0000] {logging_mixin.py:188} INFO - [2024-05-23T19:39:32.077+0000] {dag.py:3096} INFO - Sync 1 DAGs
[2024-05-23T19:39:32.114+0000] {logging_mixin.py:188} INFO - [2024-05-23T19:39:32.113+0000] {dag.py:3954} INFO - Setting next_dagrun for example_sla_dag to 2024-05-23 19:36:00+00:00, run_after=2024-05-23 19:38:00+00:00
[2024-05-23T19:39:32.141+0000] {processor.py:183} INFO - Processing /home/airflow/.local/lib/python3.12/site-packages/airflow/example_dags/example_sla_dag.py took 0.127 seconds
[2024-05-23T19:40:02.716+0000] {processor.py:161} INFO - Started process (PID=5566) to work on /home/airflow/.local/lib/python3.12/site-packages/airflow/example_dags/example_sla_dag.py
[2024-05-23T19:40:02.718+0000] {processor.py:830} INFO - Processing file /home/airflow/.local/lib/python3.12/site-packages/airflow/example_dags/example_sla_dag.py for tasks to queue
[2024-05-23T19:40:02.721+0000] {logging_mixin.py:188} INFO - [2024-05-23T19:40:02.721+0000] {dagbag.py:545} INFO - Filling up the DagBag from /home/airflow/.local/lib/python3.12/site-packages/airflow/example_dags/example_sla_dag.py
[2024-05-23T19:40:02.738+0000] {processor.py:840} INFO - DAG(s) 'example_sla_dag' retrieved from /home/airflow/.local/lib/python3.12/site-packages/airflow/example_dags/example_sla_dag.py
[2024-05-23T19:40:02.765+0000] {logging_mixin.py:188} INFO - [2024-05-23T19:40:02.765+0000] {dag.py:3096} INFO - Sync 1 DAGs
[2024-05-23T19:40:02.802+0000] {logging_mixin.py:188} INFO - [2024-05-23T19:40:02.801+0000] {dag.py:3954} INFO - Setting next_dagrun for example_sla_dag to 2024-05-23 19:38:00+00:00, run_after=2024-05-23 19:40:00+00:00
[2024-05-23T19:40:02.829+0000] {processor.py:183} INFO - Processing /home/airflow/.local/lib/python3.12/site-packages/airflow/example_dags/example_sla_dag.py took 0.123 seconds
[2024-05-23T19:40:33.287+0000] {processor.py:161} INFO - Started process (PID=5828) to work on /home/airflow/.local/lib/python3.12/site-packages/airflow/example_dags/example_sla_dag.py
[2024-05-23T19:40:33.289+0000] {processor.py:830} INFO - Processing file /home/airflow/.local/lib/python3.12/site-packages/airflow/example_dags/example_sla_dag.py for tasks to queue
[2024-05-23T19:40:33.291+0000] {logging_mixin.py:188} INFO - [2024-05-23T19:40:33.291+0000] {dagbag.py:545} INFO - Filling up the DagBag from /home/airflow/.local/lib/python3.12/site-packages/airflow/example_dags/example_sla_dag.py
[2024-05-23T19:40:33.306+0000] {processor.py:840} INFO - DAG(s) 'example_sla_dag' retrieved from /home/airflow/.local/lib/python3.12/site-packages/airflow/example_dags/example_sla_dag.py
[2024-05-23T19:40:33.334+0000] {logging_mixin.py:188} INFO - [2024-05-23T19:40:33.333+0000] {dag.py:3096} INFO - Sync 1 DAGs
[2024-05-23T19:40:33.370+0000] {logging_mixin.py:188} INFO - [2024-05-23T19:40:33.370+0000] {dag.py:3954} INFO - Setting next_dagrun for example_sla_dag to 2024-05-23 19:38:00+00:00, run_after=2024-05-23 19:40:00+00:00
[2024-05-23T19:40:33.394+0000] {processor.py:183} INFO - Processing /home/airflow/.local/lib/python3.12/site-packages/airflow/example_dags/example_sla_dag.py took 0.118 seconds
[2024-05-23T19:41:03.650+0000] {processor.py:161} INFO - Started process (PID=6090) to work on /home/airflow/.local/lib/python3.12/site-packages/airflow/example_dags/example_sla_dag.py
[2024-05-23T19:41:03.652+0000] {processor.py:830} INFO - Processing file /home/airflow/.local/lib/python3.12/site-packages/airflow/example_dags/example_sla_dag.py for tasks to queue
[2024-05-23T19:41:03.655+0000] {logging_mixin.py:188} INFO - [2024-05-23T19:41:03.654+0000] {dagbag.py:545} INFO - Filling up the DagBag from /home/airflow/.local/lib/python3.12/site-packages/airflow/example_dags/example_sla_dag.py
[2024-05-23T19:41:03.667+0000] {processor.py:840} INFO - DAG(s) 'example_sla_dag' retrieved from /home/airflow/.local/lib/python3.12/site-packages/airflow/example_dags/example_sla_dag.py
[2024-05-23T19:41:03.697+0000] {logging_mixin.py:188} INFO - [2024-05-23T19:41:03.697+0000] {dag.py:3096} INFO - Sync 1 DAGs
[2024-05-23T19:41:03.735+0000] {logging_mixin.py:188} INFO - [2024-05-23T19:41:03.734+0000] {dag.py:3954} INFO - Setting next_dagrun for example_sla_dag to 2024-05-23 19:38:00+00:00, run_after=2024-05-23 19:40:00+00:00
[2024-05-23T19:41:03.764+0000] {processor.py:183} INFO - Processing /home/airflow/.local/lib/python3.12/site-packages/airflow/example_dags/example_sla_dag.py took 0.124 seconds
[2024-05-23T19:41:33.972+0000] {processor.py:161} INFO - Started process (PID=6352) to work on /home/airflow/.local/lib/python3.12/site-packages/airflow/example_dags/example_sla_dag.py
[2024-05-23T19:41:33.973+0000] {processor.py:830} INFO - Processing file /home/airflow/.local/lib/python3.12/site-packages/airflow/example_dags/example_sla_dag.py for tasks to queue
[2024-05-23T19:41:33.977+0000] {logging_mixin.py:188} INFO - [2024-05-23T19:41:33.976+0000] {dagbag.py:545} INFO - Filling up the DagBag from /home/airflow/.local/lib/python3.12/site-packages/airflow/example_dags/example_sla_dag.py
[2024-05-23T19:41:33.988+0000] {processor.py:840} INFO - DAG(s) 'example_sla_dag' retrieved from /home/airflow/.local/lib/python3.12/site-packages/airflow/example_dags/example_sla_dag.py
[2024-05-23T19:41:34.012+0000] {logging_mixin.py:188} INFO - [2024-05-23T19:41:34.012+0000] {dag.py:3096} INFO - Sync 1 DAGs
[2024-05-23T19:41:34.043+0000] {logging_mixin.py:188} INFO - [2024-05-23T19:41:34.043+0000] {dag.py:3954} INFO - Setting next_dagrun for example_sla_dag to 2024-05-23 19:38:00+00:00, run_after=2024-05-23 19:40:00+00:00
[2024-05-23T19:41:34.063+0000] {processor.py:183} INFO - Processing /home/airflow/.local/lib/python3.12/site-packages/airflow/example_dags/example_sla_dag.py took 0.102 seconds
[2024-05-23T19:42:04.852+0000] {processor.py:161} INFO - Started process (PID=6613) to work on /home/airflow/.local/lib/python3.12/site-packages/airflow/example_dags/example_sla_dag.py
[2024-05-23T19:42:04.854+0000] {processor.py:830} INFO - Processing file /home/airflow/.local/lib/python3.12/site-packages/airflow/example_dags/example_sla_dag.py for tasks to queue
[2024-05-23T19:42:04.857+0000] {logging_mixin.py:188} INFO - [2024-05-23T19:42:04.857+0000] {dagbag.py:545} INFO - Filling up the DagBag from /home/airflow/.local/lib/python3.12/site-packages/airflow/example_dags/example_sla_dag.py
[2024-05-23T19:42:04.870+0000] {processor.py:840} INFO - DAG(s) 'example_sla_dag' retrieved from /home/airflow/.local/lib/python3.12/site-packages/airflow/example_dags/example_sla_dag.py
[2024-05-23T19:42:04.903+0000] {logging_mixin.py:188} INFO - [2024-05-23T19:42:04.903+0000] {dag.py:3096} INFO - Sync 1 DAGs
[2024-05-23T19:42:04.947+0000] {logging_mixin.py:188} INFO - [2024-05-23T19:42:04.946+0000] {dag.py:3954} INFO - Setting next_dagrun for example_sla_dag to 2024-05-23 19:40:00+00:00, run_after=2024-05-23 19:42:00+00:00
[2024-05-23T19:42:04.974+0000] {processor.py:183} INFO - Processing /home/airflow/.local/lib/python3.12/site-packages/airflow/example_dags/example_sla_dag.py took 0.132 seconds
[2024-05-23T19:42:35.809+0000] {processor.py:161} INFO - Started process (PID=6875) to work on /home/airflow/.local/lib/python3.12/site-packages/airflow/example_dags/example_sla_dag.py
[2024-05-23T19:42:35.811+0000] {processor.py:830} INFO - Processing file /home/airflow/.local/lib/python3.12/site-packages/airflow/example_dags/example_sla_dag.py for tasks to queue
[2024-05-23T19:42:35.814+0000] {logging_mixin.py:188} INFO - [2024-05-23T19:42:35.813+0000] {dagbag.py:545} INFO - Filling up the DagBag from /home/airflow/.local/lib/python3.12/site-packages/airflow/example_dags/example_sla_dag.py
[2024-05-23T19:42:35.824+0000] {processor.py:840} INFO - DAG(s) 'example_sla_dag' retrieved from /home/airflow/.local/lib/python3.12/site-packages/airflow/example_dags/example_sla_dag.py
[2024-05-23T19:42:35.850+0000] {logging_mixin.py:188} INFO - [2024-05-23T19:42:35.850+0000] {dag.py:3096} INFO - Sync 1 DAGs
[2024-05-23T19:42:35.884+0000] {logging_mixin.py:188} INFO - [2024-05-23T19:42:35.883+0000] {dag.py:3954} INFO - Setting next_dagrun for example_sla_dag to 2024-05-23 19:40:00+00:00, run_after=2024-05-23 19:42:00+00:00
[2024-05-23T19:42:35.909+0000] {processor.py:183} INFO - Processing /home/airflow/.local/lib/python3.12/site-packages/airflow/example_dags/example_sla_dag.py took 0.107 seconds
[2024-05-23T19:43:06.146+0000] {processor.py:161} INFO - Started process (PID=7137) to work on /home/airflow/.local/lib/python3.12/site-packages/airflow/example_dags/example_sla_dag.py
[2024-05-23T19:43:06.149+0000] {processor.py:830} INFO - Processing file /home/airflow/.local/lib/python3.12/site-packages/airflow/example_dags/example_sla_dag.py for tasks to queue
[2024-05-23T19:43:06.151+0000] {logging_mixin.py:188} INFO - [2024-05-23T19:43:06.151+0000] {dagbag.py:545} INFO - Filling up the DagBag from /home/airflow/.local/lib/python3.12/site-packages/airflow/example_dags/example_sla_dag.py
[2024-05-23T19:43:06.164+0000] {processor.py:840} INFO - DAG(s) 'example_sla_dag' retrieved from /home/airflow/.local/lib/python3.12/site-packages/airflow/example_dags/example_sla_dag.py
[2024-05-23T19:43:06.191+0000] {logging_mixin.py:188} INFO - [2024-05-23T19:43:06.191+0000] {dag.py:3096} INFO - Sync 1 DAGs
[2024-05-23T19:43:06.229+0000] {logging_mixin.py:188} INFO - [2024-05-23T19:43:06.228+0000] {dag.py:3954} INFO - Setting next_dagrun for example_sla_dag to 2024-05-23 19:40:00+00:00, run_after=2024-05-23 19:42:00+00:00
[2024-05-23T19:43:06.255+0000] {processor.py:183} INFO - Processing /home/airflow/.local/lib/python3.12/site-packages/airflow/example_dags/example_sla_dag.py took 0.118 seconds
[2024-05-23T19:43:36.646+0000] {processor.py:161} INFO - Started process (PID=7399) to work on /home/airflow/.local/lib/python3.12/site-packages/airflow/example_dags/example_sla_dag.py
[2024-05-23T19:43:36.648+0000] {processor.py:830} INFO - Processing file /home/airflow/.local/lib/python3.12/site-packages/airflow/example_dags/example_sla_dag.py for tasks to queue
[2024-05-23T19:43:36.651+0000] {logging_mixin.py:188} INFO - [2024-05-23T19:43:36.650+0000] {dagbag.py:545} INFO - Filling up the DagBag from /home/airflow/.local/lib/python3.12/site-packages/airflow/example_dags/example_sla_dag.py
[2024-05-23T19:43:36.664+0000] {processor.py:840} INFO - DAG(s) 'example_sla_dag' retrieved from /home/airflow/.local/lib/python3.12/site-packages/airflow/example_dags/example_sla_dag.py
[2024-05-23T19:43:36.695+0000] {logging_mixin.py:188} INFO - [2024-05-23T19:43:36.695+0000] {dag.py:3096} INFO - Sync 1 DAGs
[2024-05-23T19:43:36.733+0000] {logging_mixin.py:188} INFO - [2024-05-23T19:43:36.732+0000] {dag.py:3954} INFO - Setting next_dagrun for example_sla_dag to 2024-05-23 19:40:00+00:00, run_after=2024-05-23 19:42:00+00:00
[2024-05-23T19:43:36.759+0000] {processor.py:183} INFO - Processing /home/airflow/.local/lib/python3.12/site-packages/airflow/example_dags/example_sla_dag.py took 0.124 seconds
[2024-05-23T19:44:07.167+0000] {processor.py:161} INFO - Started process (PID=7661) to work on /home/airflow/.local/lib/python3.12/site-packages/airflow/example_dags/example_sla_dag.py
[2024-05-23T19:44:07.169+0000] {processor.py:830} INFO - Processing file /home/airflow/.local/lib/python3.12/site-packages/airflow/example_dags/example_sla_dag.py for tasks to queue
[2024-05-23T19:44:07.171+0000] {logging_mixin.py:188} INFO - [2024-05-23T19:44:07.171+0000] {dagbag.py:545} INFO - Filling up the DagBag from /home/airflow/.local/lib/python3.12/site-packages/airflow/example_dags/example_sla_dag.py
[2024-05-23T19:44:07.184+0000] {processor.py:840} INFO - DAG(s) 'example_sla_dag' retrieved from /home/airflow/.local/lib/python3.12/site-packages/airflow/example_dags/example_sla_dag.py
[2024-05-23T19:44:07.211+0000] {logging_mixin.py:188} INFO - [2024-05-23T19:44:07.210+0000] {dag.py:3096} INFO - Sync 1 DAGs
[2024-05-23T19:44:07.247+0000] {logging_mixin.py:188} INFO - [2024-05-23T19:44:07.247+0000] {dag.py:3954} INFO - Setting next_dagrun for example_sla_dag to 2024-05-23 19:42:00+00:00, run_after=2024-05-23 19:44:00+00:00
[2024-05-23T19:44:07.272+0000] {processor.py:183} INFO - Processing /home/airflow/.local/lib/python3.12/site-packages/airflow/example_dags/example_sla_dag.py took 0.114 seconds
[2024-05-23T19:44:37.617+0000] {processor.py:161} INFO - Started process (PID=7923) to work on /home/airflow/.local/lib/python3.12/site-packages/airflow/example_dags/example_sla_dag.py
[2024-05-23T19:44:37.620+0000] {processor.py:830} INFO - Processing file /home/airflow/.local/lib/python3.12/site-packages/airflow/example_dags/example_sla_dag.py for tasks to queue
[2024-05-23T19:44:37.623+0000] {logging_mixin.py:188} INFO - [2024-05-23T19:44:37.622+0000] {dagbag.py:545} INFO - Filling up the DagBag from /home/airflow/.local/lib/python3.12/site-packages/airflow/example_dags/example_sla_dag.py
[2024-05-23T19:44:37.637+0000] {processor.py:840} INFO - DAG(s) 'example_sla_dag' retrieved from /home/airflow/.local/lib/python3.12/site-packages/airflow/example_dags/example_sla_dag.py
[2024-05-23T19:44:37.668+0000] {logging_mixin.py:188} INFO - [2024-05-23T19:44:37.667+0000] {dag.py:3096} INFO - Sync 1 DAGs
[2024-05-23T19:44:37.709+0000] {logging_mixin.py:188} INFO - [2024-05-23T19:44:37.709+0000] {dag.py:3954} INFO - Setting next_dagrun for example_sla_dag to 2024-05-23 19:42:00+00:00, run_after=2024-05-23 19:44:00+00:00
[2024-05-23T19:44:37.741+0000] {processor.py:183} INFO - Processing /home/airflow/.local/lib/python3.12/site-packages/airflow/example_dags/example_sla_dag.py took 0.135 seconds
[2024-05-23T19:45:07.849+0000] {processor.py:161} INFO - Started process (PID=8185) to work on /home/airflow/.local/lib/python3.12/site-packages/airflow/example_dags/example_sla_dag.py
[2024-05-23T19:45:07.850+0000] {processor.py:830} INFO - Processing file /home/airflow/.local/lib/python3.12/site-packages/airflow/example_dags/example_sla_dag.py for tasks to queue
[2024-05-23T19:45:07.853+0000] {logging_mixin.py:188} INFO - [2024-05-23T19:45:07.853+0000] {dagbag.py:545} INFO - Filling up the DagBag from /home/airflow/.local/lib/python3.12/site-packages/airflow/example_dags/example_sla_dag.py
[2024-05-23T19:45:07.864+0000] {processor.py:840} INFO - DAG(s) 'example_sla_dag' retrieved from /home/airflow/.local/lib/python3.12/site-packages/airflow/example_dags/example_sla_dag.py
[2024-05-23T19:45:07.890+0000] {logging_mixin.py:188} INFO - [2024-05-23T19:45:07.889+0000] {dag.py:3096} INFO - Sync 1 DAGs
[2024-05-23T19:45:07.923+0000] {logging_mixin.py:188} INFO - [2024-05-23T19:45:07.923+0000] {dag.py:3954} INFO - Setting next_dagrun for example_sla_dag to 2024-05-23 19:42:00+00:00, run_after=2024-05-23 19:44:00+00:00
[2024-05-23T19:45:07.946+0000] {processor.py:183} INFO - Processing /home/airflow/.local/lib/python3.12/site-packages/airflow/example_dags/example_sla_dag.py took 0.105 seconds
[2024-05-23T19:45:38.191+0000] {processor.py:161} INFO - Started process (PID=8447) to work on /home/airflow/.local/lib/python3.12/site-packages/airflow/example_dags/example_sla_dag.py
[2024-05-23T19:45:38.192+0000] {processor.py:830} INFO - Processing file /home/airflow/.local/lib/python3.12/site-packages/airflow/example_dags/example_sla_dag.py for tasks to queue
[2024-05-23T19:45:38.195+0000] {logging_mixin.py:188} INFO - [2024-05-23T19:45:38.195+0000] {dagbag.py:545} INFO - Filling up the DagBag from /home/airflow/.local/lib/python3.12/site-packages/airflow/example_dags/example_sla_dag.py
[2024-05-23T19:45:38.206+0000] {processor.py:840} INFO - DAG(s) 'example_sla_dag' retrieved from /home/airflow/.local/lib/python3.12/site-packages/airflow/example_dags/example_sla_dag.py
[2024-05-23T19:45:38.231+0000] {logging_mixin.py:188} INFO - [2024-05-23T19:45:38.231+0000] {dag.py:3096} INFO - Sync 1 DAGs
[2024-05-23T19:45:38.264+0000] {logging_mixin.py:188} INFO - [2024-05-23T19:45:38.264+0000] {dag.py:3954} INFO - Setting next_dagrun for example_sla_dag to 2024-05-23 19:42:00+00:00, run_after=2024-05-23 19:44:00+00:00
[2024-05-23T19:45:38.288+0000] {processor.py:183} INFO - Processing /home/airflow/.local/lib/python3.12/site-packages/airflow/example_dags/example_sla_dag.py took 0.106 seconds
[2024-05-23T19:46:08.388+0000] {processor.py:161} INFO - Started process (PID=8709) to work on /home/airflow/.local/lib/python3.12/site-packages/airflow/example_dags/example_sla_dag.py
[2024-05-23T19:46:08.390+0000] {processor.py:830} INFO - Processing file /home/airflow/.local/lib/python3.12/site-packages/airflow/example_dags/example_sla_dag.py for tasks to queue
[2024-05-23T19:46:08.392+0000] {logging_mixin.py:188} INFO - [2024-05-23T19:46:08.392+0000] {dagbag.py:545} INFO - Filling up the DagBag from /home/airflow/.local/lib/python3.12/site-packages/airflow/example_dags/example_sla_dag.py
[2024-05-23T19:46:08.403+0000] {processor.py:840} INFO - DAG(s) 'example_sla_dag' retrieved from /home/airflow/.local/lib/python3.12/site-packages/airflow/example_dags/example_sla_dag.py
[2024-05-23T19:46:08.428+0000] {logging_mixin.py:188} INFO - [2024-05-23T19:46:08.427+0000] {dag.py:3096} INFO - Sync 1 DAGs
[2024-05-23T19:46:08.459+0000] {logging_mixin.py:188} INFO - [2024-05-23T19:46:08.459+0000] {dag.py:3954} INFO - Setting next_dagrun for example_sla_dag to 2024-05-23 19:44:00+00:00, run_after=2024-05-23 19:46:00+00:00
[2024-05-23T19:46:08.477+0000] {processor.py:183} INFO - Processing /home/airflow/.local/lib/python3.12/site-packages/airflow/example_dags/example_sla_dag.py took 0.097 seconds
[2024-05-23T19:46:39.154+0000] {processor.py:161} INFO - Started process (PID=8967) to work on /home/airflow/.local/lib/python3.12/site-packages/airflow/example_dags/example_sla_dag.py
[2024-05-23T19:46:39.156+0000] {processor.py:830} INFO - Processing file /home/airflow/.local/lib/python3.12/site-packages/airflow/example_dags/example_sla_dag.py for tasks to queue
[2024-05-23T19:46:39.159+0000] {logging_mixin.py:188} INFO - [2024-05-23T19:46:39.158+0000] {dagbag.py:545} INFO - Filling up the DagBag from /home/airflow/.local/lib/python3.12/site-packages/airflow/example_dags/example_sla_dag.py
[2024-05-23T19:46:39.170+0000] {processor.py:840} INFO - DAG(s) 'example_sla_dag' retrieved from /home/airflow/.local/lib/python3.12/site-packages/airflow/example_dags/example_sla_dag.py
[2024-05-23T19:46:39.197+0000] {logging_mixin.py:188} INFO - [2024-05-23T19:46:39.197+0000] {dag.py:3096} INFO - Sync 1 DAGs
[2024-05-23T19:46:39.230+0000] {logging_mixin.py:188} INFO - [2024-05-23T19:46:39.230+0000] {dag.py:3954} INFO - Setting next_dagrun for example_sla_dag to 2024-05-23 19:44:00+00:00, run_after=2024-05-23 19:46:00+00:00
[2024-05-23T19:46:39.266+0000] {processor.py:183} INFO - Processing /home/airflow/.local/lib/python3.12/site-packages/airflow/example_dags/example_sla_dag.py took 0.120 seconds
[2024-05-23T19:47:09.428+0000] {processor.py:161} INFO - Started process (PID=9227) to work on /home/airflow/.local/lib/python3.12/site-packages/airflow/example_dags/example_sla_dag.py
[2024-05-23T19:47:09.430+0000] {processor.py:830} INFO - Processing file /home/airflow/.local/lib/python3.12/site-packages/airflow/example_dags/example_sla_dag.py for tasks to queue
[2024-05-23T19:47:09.432+0000] {logging_mixin.py:188} INFO - [2024-05-23T19:47:09.432+0000] {dagbag.py:545} INFO - Filling up the DagBag from /home/airflow/.local/lib/python3.12/site-packages/airflow/example_dags/example_sla_dag.py
[2024-05-23T19:47:09.445+0000] {processor.py:840} INFO - DAG(s) 'example_sla_dag' retrieved from /home/airflow/.local/lib/python3.12/site-packages/airflow/example_dags/example_sla_dag.py
[2024-05-23T19:47:09.471+0000] {logging_mixin.py:188} INFO - [2024-05-23T19:47:09.471+0000] {dag.py:3096} INFO - Sync 1 DAGs
[2024-05-23T19:47:09.517+0000] {logging_mixin.py:188} INFO - [2024-05-23T19:47:09.517+0000] {dag.py:3954} INFO - Setting next_dagrun for example_sla_dag to 2024-05-23 19:44:00+00:00, run_after=2024-05-23 19:46:00+00:00
[2024-05-23T19:47:09.549+0000] {processor.py:183} INFO - Processing /home/airflow/.local/lib/python3.12/site-packages/airflow/example_dags/example_sla_dag.py took 0.129 seconds
[2024-05-23T19:47:39.608+0000] {processor.py:161} INFO - Started process (PID=9489) to work on /home/airflow/.local/lib/python3.12/site-packages/airflow/example_dags/example_sla_dag.py
[2024-05-23T19:47:39.609+0000] {processor.py:830} INFO - Processing file /home/airflow/.local/lib/python3.12/site-packages/airflow/example_dags/example_sla_dag.py for tasks to queue
[2024-05-23T19:47:39.612+0000] {logging_mixin.py:188} INFO - [2024-05-23T19:47:39.611+0000] {dagbag.py:545} INFO - Filling up the DagBag from /home/airflow/.local/lib/python3.12/site-packages/airflow/example_dags/example_sla_dag.py
[2024-05-23T19:47:39.624+0000] {processor.py:840} INFO - DAG(s) 'example_sla_dag' retrieved from /home/airflow/.local/lib/python3.12/site-packages/airflow/example_dags/example_sla_dag.py
[2024-05-23T19:47:39.650+0000] {logging_mixin.py:188} INFO - [2024-05-23T19:47:39.650+0000] {dag.py:3096} INFO - Sync 1 DAGs
[2024-05-23T19:47:39.682+0000] {logging_mixin.py:188} INFO - [2024-05-23T19:47:39.682+0000] {dag.py:3954} INFO - Setting next_dagrun for example_sla_dag to 2024-05-23 19:44:00+00:00, run_after=2024-05-23 19:46:00+00:00
[2024-05-23T19:47:39.706+0000] {processor.py:183} INFO - Processing /home/airflow/.local/lib/python3.12/site-packages/airflow/example_dags/example_sla_dag.py took 0.107 seconds
[2024-05-23T19:48:10.478+0000] {processor.py:161} INFO - Started process (PID=9751) to work on /home/airflow/.local/lib/python3.12/site-packages/airflow/example_dags/example_sla_dag.py
[2024-05-23T19:48:10.480+0000] {processor.py:830} INFO - Processing file /home/airflow/.local/lib/python3.12/site-packages/airflow/example_dags/example_sla_dag.py for tasks to queue
[2024-05-23T19:48:10.483+0000] {logging_mixin.py:188} INFO - [2024-05-23T19:48:10.483+0000] {dagbag.py:545} INFO - Filling up the DagBag from /home/airflow/.local/lib/python3.12/site-packages/airflow/example_dags/example_sla_dag.py
[2024-05-23T19:48:10.506+0000] {processor.py:840} INFO - DAG(s) 'example_sla_dag' retrieved from /home/airflow/.local/lib/python3.12/site-packages/airflow/example_dags/example_sla_dag.py
[2024-05-23T19:48:10.540+0000] {logging_mixin.py:188} INFO - [2024-05-23T19:48:10.540+0000] {dag.py:3096} INFO - Sync 1 DAGs
[2024-05-23T19:48:10.581+0000] {logging_mixin.py:188} INFO - [2024-05-23T19:48:10.581+0000] {dag.py:3954} INFO - Setting next_dagrun for example_sla_dag to 2024-05-23 19:46:00+00:00, run_after=2024-05-23 19:48:00+00:00
[2024-05-23T19:48:10.613+0000] {processor.py:183} INFO - Processing /home/airflow/.local/lib/python3.12/site-packages/airflow/example_dags/example_sla_dag.py took 0.146 seconds
[2024-05-23T19:48:40.908+0000] {processor.py:161} INFO - Started process (PID=10013) to work on /home/airflow/.local/lib/python3.12/site-packages/airflow/example_dags/example_sla_dag.py
[2024-05-23T19:48:40.910+0000] {processor.py:830} INFO - Processing file /home/airflow/.local/lib/python3.12/site-packages/airflow/example_dags/example_sla_dag.py for tasks to queue
[2024-05-23T19:48:40.913+0000] {logging_mixin.py:188} INFO - [2024-05-23T19:48:40.912+0000] {dagbag.py:545} INFO - Filling up the DagBag from /home/airflow/.local/lib/python3.12/site-packages/airflow/example_dags/example_sla_dag.py
[2024-05-23T19:48:40.926+0000] {processor.py:840} INFO - DAG(s) 'example_sla_dag' retrieved from /home/airflow/.local/lib/python3.12/site-packages/airflow/example_dags/example_sla_dag.py
[2024-05-23T19:48:40.956+0000] {logging_mixin.py:188} INFO - [2024-05-23T19:48:40.955+0000] {dag.py:3096} INFO - Sync 1 DAGs
[2024-05-23T19:48:40.993+0000] {logging_mixin.py:188} INFO - [2024-05-23T19:48:40.993+0000] {dag.py:3954} INFO - Setting next_dagrun for example_sla_dag to 2024-05-23 19:46:00+00:00, run_after=2024-05-23 19:48:00+00:00
[2024-05-23T19:48:41.171+0000] {processor.py:183} INFO - Processing /home/airflow/.local/lib/python3.12/site-packages/airflow/example_dags/example_sla_dag.py took 0.272 seconds
[2024-05-23T19:49:11.911+0000] {processor.py:161} INFO - Started process (PID=10275) to work on /home/airflow/.local/lib/python3.12/site-packages/airflow/example_dags/example_sla_dag.py
[2024-05-23T19:49:11.913+0000] {processor.py:830} INFO - Processing file /home/airflow/.local/lib/python3.12/site-packages/airflow/example_dags/example_sla_dag.py for tasks to queue
[2024-05-23T19:49:11.916+0000] {logging_mixin.py:188} INFO - [2024-05-23T19:49:11.915+0000] {dagbag.py:545} INFO - Filling up the DagBag from /home/airflow/.local/lib/python3.12/site-packages/airflow/example_dags/example_sla_dag.py
[2024-05-23T19:49:11.929+0000] {processor.py:840} INFO - DAG(s) 'example_sla_dag' retrieved from /home/airflow/.local/lib/python3.12/site-packages/airflow/example_dags/example_sla_dag.py
[2024-05-23T19:49:11.957+0000] {logging_mixin.py:188} INFO - [2024-05-23T19:49:11.956+0000] {dag.py:3096} INFO - Sync 1 DAGs
[2024-05-23T19:49:11.992+0000] {logging_mixin.py:188} INFO - [2024-05-23T19:49:11.992+0000] {dag.py:3954} INFO - Setting next_dagrun for example_sla_dag to 2024-05-23 19:46:00+00:00, run_after=2024-05-23 19:48:00+00:00
[2024-05-23T19:49:12.016+0000] {processor.py:183} INFO - Processing /home/airflow/.local/lib/python3.12/site-packages/airflow/example_dags/example_sla_dag.py took 0.114 seconds
[2024-05-23T19:49:42.256+0000] {processor.py:161} INFO - Started process (PID=10537) to work on /home/airflow/.local/lib/python3.12/site-packages/airflow/example_dags/example_sla_dag.py
[2024-05-23T19:49:42.258+0000] {processor.py:830} INFO - Processing file /home/airflow/.local/lib/python3.12/site-packages/airflow/example_dags/example_sla_dag.py for tasks to queue
[2024-05-23T19:49:42.260+0000] {logging_mixin.py:188} INFO - [2024-05-23T19:49:42.260+0000] {dagbag.py:545} INFO - Filling up the DagBag from /home/airflow/.local/lib/python3.12/site-packages/airflow/example_dags/example_sla_dag.py
[2024-05-23T19:49:42.274+0000] {processor.py:840} INFO - DAG(s) 'example_sla_dag' retrieved from /home/airflow/.local/lib/python3.12/site-packages/airflow/example_dags/example_sla_dag.py
[2024-05-23T19:49:42.301+0000] {logging_mixin.py:188} INFO - [2024-05-23T19:49:42.301+0000] {dag.py:3096} INFO - Sync 1 DAGs
[2024-05-23T19:49:42.337+0000] {logging_mixin.py:188} INFO - [2024-05-23T19:49:42.336+0000] {dag.py:3954} INFO - Setting next_dagrun for example_sla_dag to 2024-05-23 19:46:00+00:00, run_after=2024-05-23 19:48:00+00:00
[2024-05-23T19:49:42.363+0000] {processor.py:183} INFO - Processing /home/airflow/.local/lib/python3.12/site-packages/airflow/example_dags/example_sla_dag.py took 0.116 seconds
[2024-05-23T19:50:12.743+0000] {processor.py:161} INFO - Started process (PID=10799) to work on /home/airflow/.local/lib/python3.12/site-packages/airflow/example_dags/example_sla_dag.py
[2024-05-23T19:50:12.745+0000] {processor.py:830} INFO - Processing file /home/airflow/.local/lib/python3.12/site-packages/airflow/example_dags/example_sla_dag.py for tasks to queue
[2024-05-23T19:50:12.748+0000] {logging_mixin.py:188} INFO - [2024-05-23T19:50:12.747+0000] {dagbag.py:545} INFO - Filling up the DagBag from /home/airflow/.local/lib/python3.12/site-packages/airflow/example_dags/example_sla_dag.py
[2024-05-23T19:50:12.760+0000] {processor.py:840} INFO - DAG(s) 'example_sla_dag' retrieved from /home/airflow/.local/lib/python3.12/site-packages/airflow/example_dags/example_sla_dag.py
[2024-05-23T19:50:12.787+0000] {logging_mixin.py:188} INFO - [2024-05-23T19:50:12.787+0000] {dag.py:3096} INFO - Sync 1 DAGs
[2024-05-23T19:50:12.822+0000] {logging_mixin.py:188} INFO - [2024-05-23T19:50:12.822+0000] {dag.py:3954} INFO - Setting next_dagrun for example_sla_dag to 2024-05-23 19:48:00+00:00, run_after=2024-05-23 19:50:00+00:00
[2024-05-23T19:50:12.848+0000] {processor.py:183} INFO - Processing /home/airflow/.local/lib/python3.12/site-packages/airflow/example_dags/example_sla_dag.py took 0.114 seconds
[2024-05-23T19:50:43.709+0000] {processor.py:161} INFO - Started process (PID=11061) to work on /home/airflow/.local/lib/python3.12/site-packages/airflow/example_dags/example_sla_dag.py
[2024-05-23T19:50:43.710+0000] {processor.py:830} INFO - Processing file /home/airflow/.local/lib/python3.12/site-packages/airflow/example_dags/example_sla_dag.py for tasks to queue
[2024-05-23T19:50:43.713+0000] {logging_mixin.py:188} INFO - [2024-05-23T19:50:43.712+0000] {dagbag.py:545} INFO - Filling up the DagBag from /home/airflow/.local/lib/python3.12/site-packages/airflow/example_dags/example_sla_dag.py
[2024-05-23T19:50:43.874+0000] {processor.py:840} INFO - DAG(s) 'example_sla_dag' retrieved from /home/airflow/.local/lib/python3.12/site-packages/airflow/example_dags/example_sla_dag.py
[2024-05-23T19:50:43.900+0000] {logging_mixin.py:188} INFO - [2024-05-23T19:50:43.899+0000] {dag.py:3096} INFO - Sync 1 DAGs
[2024-05-23T19:50:43.932+0000] {logging_mixin.py:188} INFO - [2024-05-23T19:50:43.932+0000] {dag.py:3954} INFO - Setting next_dagrun for example_sla_dag to 2024-05-23 19:48:00+00:00, run_after=2024-05-23 19:50:00+00:00
[2024-05-23T19:50:43.959+0000] {processor.py:183} INFO - Processing /home/airflow/.local/lib/python3.12/site-packages/airflow/example_dags/example_sla_dag.py took 0.259 seconds
[2024-05-23T19:51:14.168+0000] {processor.py:161} INFO - Started process (PID=11323) to work on /home/airflow/.local/lib/python3.12/site-packages/airflow/example_dags/example_sla_dag.py
[2024-05-23T19:51:14.169+0000] {processor.py:830} INFO - Processing file /home/airflow/.local/lib/python3.12/site-packages/airflow/example_dags/example_sla_dag.py for tasks to queue
[2024-05-23T19:51:14.173+0000] {logging_mixin.py:188} INFO - [2024-05-23T19:51:14.172+0000] {dagbag.py:545} INFO - Filling up the DagBag from /home/airflow/.local/lib/python3.12/site-packages/airflow/example_dags/example_sla_dag.py
[2024-05-23T19:51:14.185+0000] {processor.py:840} INFO - DAG(s) 'example_sla_dag' retrieved from /home/airflow/.local/lib/python3.12/site-packages/airflow/example_dags/example_sla_dag.py
[2024-05-23T19:51:14.212+0000] {logging_mixin.py:188} INFO - [2024-05-23T19:51:14.212+0000] {dag.py:3096} INFO - Sync 1 DAGs
[2024-05-23T19:51:14.248+0000] {logging_mixin.py:188} INFO - [2024-05-23T19:51:14.248+0000] {dag.py:3954} INFO - Setting next_dagrun for example_sla_dag to 2024-05-23 19:48:00+00:00, run_after=2024-05-23 19:50:00+00:00
[2024-05-23T19:51:14.273+0000] {processor.py:183} INFO - Processing /home/airflow/.local/lib/python3.12/site-packages/airflow/example_dags/example_sla_dag.py took 0.114 seconds
[2024-05-23T19:51:44.364+0000] {processor.py:161} INFO - Started process (PID=11585) to work on /home/airflow/.local/lib/python3.12/site-packages/airflow/example_dags/example_sla_dag.py
[2024-05-23T19:51:44.365+0000] {processor.py:830} INFO - Processing file /home/airflow/.local/lib/python3.12/site-packages/airflow/example_dags/example_sla_dag.py for tasks to queue
[2024-05-23T19:51:44.368+0000] {logging_mixin.py:188} INFO - [2024-05-23T19:51:44.368+0000] {dagbag.py:545} INFO - Filling up the DagBag from /home/airflow/.local/lib/python3.12/site-packages/airflow/example_dags/example_sla_dag.py
[2024-05-23T19:51:44.380+0000] {processor.py:840} INFO - DAG(s) 'example_sla_dag' retrieved from /home/airflow/.local/lib/python3.12/site-packages/airflow/example_dags/example_sla_dag.py
[2024-05-23T19:51:44.405+0000] {logging_mixin.py:188} INFO - [2024-05-23T19:51:44.405+0000] {dag.py:3096} INFO - Sync 1 DAGs
[2024-05-23T19:51:44.438+0000] {logging_mixin.py:188} INFO - [2024-05-23T19:51:44.438+0000] {dag.py:3954} INFO - Setting next_dagrun for example_sla_dag to 2024-05-23 19:48:00+00:00, run_after=2024-05-23 19:50:00+00:00
[2024-05-23T19:51:44.463+0000] {processor.py:183} INFO - Processing /home/airflow/.local/lib/python3.12/site-packages/airflow/example_dags/example_sla_dag.py took 0.107 seconds
[2024-05-23T19:52:14.616+0000] {processor.py:161} INFO - Started process (PID=11849) to work on /home/airflow/.local/lib/python3.12/site-packages/airflow/example_dags/example_sla_dag.py
[2024-05-23T19:52:14.617+0000] {processor.py:830} INFO - Processing file /home/airflow/.local/lib/python3.12/site-packages/airflow/example_dags/example_sla_dag.py for tasks to queue
[2024-05-23T19:52:14.620+0000] {logging_mixin.py:188} INFO - [2024-05-23T19:52:14.619+0000] {dagbag.py:545} INFO - Filling up the DagBag from /home/airflow/.local/lib/python3.12/site-packages/airflow/example_dags/example_sla_dag.py
[2024-05-23T19:52:14.632+0000] {processor.py:840} INFO - DAG(s) 'example_sla_dag' retrieved from /home/airflow/.local/lib/python3.12/site-packages/airflow/example_dags/example_sla_dag.py
[2024-05-23T19:52:14.660+0000] {logging_mixin.py:188} INFO - [2024-05-23T19:52:14.660+0000] {dag.py:3096} INFO - Sync 1 DAGs
[2024-05-23T19:52:14.695+0000] {logging_mixin.py:188} INFO - [2024-05-23T19:52:14.695+0000] {dag.py:3954} INFO - Setting next_dagrun for example_sla_dag to 2024-05-23 19:50:00+00:00, run_after=2024-05-23 19:52:00+00:00
[2024-05-23T19:52:14.721+0000] {processor.py:183} INFO - Processing /home/airflow/.local/lib/python3.12/site-packages/airflow/example_dags/example_sla_dag.py took 0.114 seconds
[2024-05-23T19:52:44.981+0000] {processor.py:161} INFO - Started process (PID=12109) to work on /home/airflow/.local/lib/python3.12/site-packages/airflow/example_dags/example_sla_dag.py
[2024-05-23T19:52:44.983+0000] {processor.py:830} INFO - Processing file /home/airflow/.local/lib/python3.12/site-packages/airflow/example_dags/example_sla_dag.py for tasks to queue
[2024-05-23T19:52:44.986+0000] {logging_mixin.py:188} INFO - [2024-05-23T19:52:44.985+0000] {dagbag.py:545} INFO - Filling up the DagBag from /home/airflow/.local/lib/python3.12/site-packages/airflow/example_dags/example_sla_dag.py
[2024-05-23T19:52:44.999+0000] {processor.py:840} INFO - DAG(s) 'example_sla_dag' retrieved from /home/airflow/.local/lib/python3.12/site-packages/airflow/example_dags/example_sla_dag.py
[2024-05-23T19:52:45.028+0000] {logging_mixin.py:188} INFO - [2024-05-23T19:52:45.028+0000] {dag.py:3096} INFO - Sync 1 DAGs
[2024-05-23T19:52:45.067+0000] {logging_mixin.py:188} INFO - [2024-05-23T19:52:45.067+0000] {dag.py:3954} INFO - Setting next_dagrun for example_sla_dag to 2024-05-23 19:50:00+00:00, run_after=2024-05-23 19:52:00+00:00
[2024-05-23T19:52:45.094+0000] {processor.py:183} INFO - Processing /home/airflow/.local/lib/python3.12/site-packages/airflow/example_dags/example_sla_dag.py took 0.122 seconds
[2024-05-23T19:53:15.303+0000] {processor.py:161} INFO - Started process (PID=12371) to work on /home/airflow/.local/lib/python3.12/site-packages/airflow/example_dags/example_sla_dag.py
[2024-05-23T19:53:15.304+0000] {processor.py:830} INFO - Processing file /home/airflow/.local/lib/python3.12/site-packages/airflow/example_dags/example_sla_dag.py for tasks to queue
[2024-05-23T19:53:15.307+0000] {logging_mixin.py:188} INFO - [2024-05-23T19:53:15.306+0000] {dagbag.py:545} INFO - Filling up the DagBag from /home/airflow/.local/lib/python3.12/site-packages/airflow/example_dags/example_sla_dag.py
[2024-05-23T19:53:15.321+0000] {processor.py:840} INFO - DAG(s) 'example_sla_dag' retrieved from /home/airflow/.local/lib/python3.12/site-packages/airflow/example_dags/example_sla_dag.py
[2024-05-23T19:53:15.356+0000] {logging_mixin.py:188} INFO - [2024-05-23T19:53:15.356+0000] {dag.py:3096} INFO - Sync 1 DAGs
[2024-05-23T19:53:15.397+0000] {logging_mixin.py:188} INFO - [2024-05-23T19:53:15.397+0000] {dag.py:3954} INFO - Setting next_dagrun for example_sla_dag to 2024-05-23 19:50:00+00:00, run_after=2024-05-23 19:52:00+00:00
[2024-05-23T19:53:15.424+0000] {processor.py:183} INFO - Processing /home/airflow/.local/lib/python3.12/site-packages/airflow/example_dags/example_sla_dag.py took 0.134 seconds
[2024-05-23T19:53:45.549+0000] {processor.py:161} INFO - Started process (PID=12633) to work on /home/airflow/.local/lib/python3.12/site-packages/airflow/example_dags/example_sla_dag.py
[2024-05-23T19:53:45.550+0000] {processor.py:830} INFO - Processing file /home/airflow/.local/lib/python3.12/site-packages/airflow/example_dags/example_sla_dag.py for tasks to queue
[2024-05-23T19:53:45.553+0000] {logging_mixin.py:188} INFO - [2024-05-23T19:53:45.553+0000] {dagbag.py:545} INFO - Filling up the DagBag from /home/airflow/.local/lib/python3.12/site-packages/airflow/example_dags/example_sla_dag.py
[2024-05-23T19:53:45.565+0000] {processor.py:840} INFO - DAG(s) 'example_sla_dag' retrieved from /home/airflow/.local/lib/python3.12/site-packages/airflow/example_dags/example_sla_dag.py
[2024-05-23T19:53:45.592+0000] {logging_mixin.py:188} INFO - [2024-05-23T19:53:45.592+0000] {dag.py:3096} INFO - Sync 1 DAGs
[2024-05-23T19:53:45.635+0000] {logging_mixin.py:188} INFO - [2024-05-23T19:53:45.635+0000] {dag.py:3954} INFO - Setting next_dagrun for example_sla_dag to 2024-05-23 19:50:00+00:00, run_after=2024-05-23 19:52:00+00:00
[2024-05-23T19:53:45.665+0000] {processor.py:183} INFO - Processing /home/airflow/.local/lib/python3.12/site-packages/airflow/example_dags/example_sla_dag.py took 0.126 seconds
[2024-05-23T19:54:16.157+0000] {processor.py:161} INFO - Started process (PID=12901) to work on /home/airflow/.local/lib/python3.12/site-packages/airflow/example_dags/example_sla_dag.py
[2024-05-23T19:54:16.159+0000] {processor.py:830} INFO - Processing file /home/airflow/.local/lib/python3.12/site-packages/airflow/example_dags/example_sla_dag.py for tasks to queue
[2024-05-23T19:54:16.163+0000] {logging_mixin.py:188} INFO - [2024-05-23T19:54:16.162+0000] {dagbag.py:545} INFO - Filling up the DagBag from /home/airflow/.local/lib/python3.12/site-packages/airflow/example_dags/example_sla_dag.py
[2024-05-23T19:54:16.175+0000] {processor.py:840} INFO - DAG(s) 'example_sla_dag' retrieved from /home/airflow/.local/lib/python3.12/site-packages/airflow/example_dags/example_sla_dag.py
[2024-05-23T19:54:16.206+0000] {logging_mixin.py:188} INFO - [2024-05-23T19:54:16.206+0000] {dag.py:3096} INFO - Sync 1 DAGs
[2024-05-23T19:54:16.242+0000] {logging_mixin.py:188} INFO - [2024-05-23T19:54:16.242+0000] {dag.py:3954} INFO - Setting next_dagrun for example_sla_dag to 2024-05-23 19:52:00+00:00, run_after=2024-05-23 19:54:00+00:00
[2024-05-23T19:54:16.269+0000] {processor.py:183} INFO - Processing /home/airflow/.local/lib/python3.12/site-packages/airflow/example_dags/example_sla_dag.py took 0.122 seconds
[2024-05-23T19:54:47.046+0000] {processor.py:161} INFO - Started process (PID=13165) to work on /home/airflow/.local/lib/python3.12/site-packages/airflow/example_dags/example_sla_dag.py
[2024-05-23T19:54:47.047+0000] {processor.py:830} INFO - Processing file /home/airflow/.local/lib/python3.12/site-packages/airflow/example_dags/example_sla_dag.py for tasks to queue
[2024-05-23T19:54:47.050+0000] {logging_mixin.py:188} INFO - [2024-05-23T19:54:47.049+0000] {dagbag.py:545} INFO - Filling up the DagBag from /home/airflow/.local/lib/python3.12/site-packages/airflow/example_dags/example_sla_dag.py
[2024-05-23T19:54:47.061+0000] {processor.py:840} INFO - DAG(s) 'example_sla_dag' retrieved from /home/airflow/.local/lib/python3.12/site-packages/airflow/example_dags/example_sla_dag.py
[2024-05-23T19:54:47.088+0000] {logging_mixin.py:188} INFO - [2024-05-23T19:54:47.087+0000] {dag.py:3096} INFO - Sync 1 DAGs
[2024-05-23T19:54:47.122+0000] {logging_mixin.py:188} INFO - [2024-05-23T19:54:47.122+0000] {dag.py:3954} INFO - Setting next_dagrun for example_sla_dag to 2024-05-23 19:52:00+00:00, run_after=2024-05-23 19:54:00+00:00
[2024-05-23T19:54:47.146+0000] {processor.py:183} INFO - Processing /home/airflow/.local/lib/python3.12/site-packages/airflow/example_dags/example_sla_dag.py took 0.108 seconds
[2024-05-23T19:55:17.788+0000] {processor.py:161} INFO - Started process (PID=13425) to work on /home/airflow/.local/lib/python3.12/site-packages/airflow/example_dags/example_sla_dag.py
[2024-05-23T19:55:17.790+0000] {processor.py:830} INFO - Processing file /home/airflow/.local/lib/python3.12/site-packages/airflow/example_dags/example_sla_dag.py for tasks to queue
[2024-05-23T19:55:17.794+0000] {logging_mixin.py:188} INFO - [2024-05-23T19:55:17.793+0000] {dagbag.py:545} INFO - Filling up the DagBag from /home/airflow/.local/lib/python3.12/site-packages/airflow/example_dags/example_sla_dag.py
[2024-05-23T19:55:17.806+0000] {processor.py:840} INFO - DAG(s) 'example_sla_dag' retrieved from /home/airflow/.local/lib/python3.12/site-packages/airflow/example_dags/example_sla_dag.py
[2024-05-23T19:55:17.833+0000] {logging_mixin.py:188} INFO - [2024-05-23T19:55:17.833+0000] {dag.py:3096} INFO - Sync 1 DAGs
[2024-05-23T19:55:17.868+0000] {logging_mixin.py:188} INFO - [2024-05-23T19:55:17.868+0000] {dag.py:3954} INFO - Setting next_dagrun for example_sla_dag to 2024-05-23 19:52:00+00:00, run_after=2024-05-23 19:54:00+00:00
[2024-05-23T19:55:17.896+0000] {processor.py:183} INFO - Processing /home/airflow/.local/lib/python3.12/site-packages/airflow/example_dags/example_sla_dag.py took 0.116 seconds
[2024-05-23T19:55:48.394+0000] {processor.py:161} INFO - Started process (PID=13687) to work on /home/airflow/.local/lib/python3.12/site-packages/airflow/example_dags/example_sla_dag.py
[2024-05-23T19:55:48.395+0000] {processor.py:830} INFO - Processing file /home/airflow/.local/lib/python3.12/site-packages/airflow/example_dags/example_sla_dag.py for tasks to queue
[2024-05-23T19:55:48.398+0000] {logging_mixin.py:188} INFO - [2024-05-23T19:55:48.398+0000] {dagbag.py:545} INFO - Filling up the DagBag from /home/airflow/.local/lib/python3.12/site-packages/airflow/example_dags/example_sla_dag.py
[2024-05-23T19:55:48.411+0000] {processor.py:840} INFO - DAG(s) 'example_sla_dag' retrieved from /home/airflow/.local/lib/python3.12/site-packages/airflow/example_dags/example_sla_dag.py
[2024-05-23T19:55:48.438+0000] {logging_mixin.py:188} INFO - [2024-05-23T19:55:48.438+0000] {dag.py:3096} INFO - Sync 1 DAGs
[2024-05-23T19:55:48.473+0000] {logging_mixin.py:188} INFO - [2024-05-23T19:55:48.473+0000] {dag.py:3954} INFO - Setting next_dagrun for example_sla_dag to 2024-05-23 19:52:00+00:00, run_after=2024-05-23 19:54:00+00:00
[2024-05-23T19:55:48.500+0000] {processor.py:183} INFO - Processing /home/airflow/.local/lib/python3.12/site-packages/airflow/example_dags/example_sla_dag.py took 0.116 seconds
[2024-05-23T19:56:18.612+0000] {processor.py:161} INFO - Started process (PID=13949) to work on /home/airflow/.local/lib/python3.12/site-packages/airflow/example_dags/example_sla_dag.py
[2024-05-23T19:56:18.614+0000] {processor.py:830} INFO - Processing file /home/airflow/.local/lib/python3.12/site-packages/airflow/example_dags/example_sla_dag.py for tasks to queue
[2024-05-23T19:56:18.616+0000] {logging_mixin.py:188} INFO - [2024-05-23T19:56:18.616+0000] {dagbag.py:545} INFO - Filling up the DagBag from /home/airflow/.local/lib/python3.12/site-packages/airflow/example_dags/example_sla_dag.py
[2024-05-23T19:56:18.628+0000] {processor.py:840} INFO - DAG(s) 'example_sla_dag' retrieved from /home/airflow/.local/lib/python3.12/site-packages/airflow/example_dags/example_sla_dag.py
[2024-05-23T19:56:18.653+0000] {logging_mixin.py:188} INFO - [2024-05-23T19:56:18.653+0000] {dag.py:3096} INFO - Sync 1 DAGs
[2024-05-23T19:56:18.685+0000] {logging_mixin.py:188} INFO - [2024-05-23T19:56:18.685+0000] {dag.py:3954} INFO - Setting next_dagrun for example_sla_dag to 2024-05-23 19:54:00+00:00, run_after=2024-05-23 19:56:00+00:00
[2024-05-23T19:56:18.709+0000] {processor.py:183} INFO - Processing /home/airflow/.local/lib/python3.12/site-packages/airflow/example_dags/example_sla_dag.py took 0.105 seconds
[2024-05-23T19:56:49.446+0000] {processor.py:161} INFO - Started process (PID=14212) to work on /home/airflow/.local/lib/python3.12/site-packages/airflow/example_dags/example_sla_dag.py
[2024-05-23T19:56:49.447+0000] {processor.py:830} INFO - Processing file /home/airflow/.local/lib/python3.12/site-packages/airflow/example_dags/example_sla_dag.py for tasks to queue
[2024-05-23T19:56:49.450+0000] {logging_mixin.py:188} INFO - [2024-05-23T19:56:49.450+0000] {dagbag.py:545} INFO - Filling up the DagBag from /home/airflow/.local/lib/python3.12/site-packages/airflow/example_dags/example_sla_dag.py
[2024-05-23T19:56:49.461+0000] {processor.py:840} INFO - DAG(s) 'example_sla_dag' retrieved from /home/airflow/.local/lib/python3.12/site-packages/airflow/example_dags/example_sla_dag.py
[2024-05-23T19:56:49.487+0000] {logging_mixin.py:188} INFO - [2024-05-23T19:56:49.487+0000] {dag.py:3096} INFO - Sync 1 DAGs
[2024-05-23T19:56:49.522+0000] {logging_mixin.py:188} INFO - [2024-05-23T19:56:49.522+0000] {dag.py:3954} INFO - Setting next_dagrun for example_sla_dag to 2024-05-23 19:54:00+00:00, run_after=2024-05-23 19:56:00+00:00
[2024-05-23T19:56:49.544+0000] {processor.py:183} INFO - Processing /home/airflow/.local/lib/python3.12/site-packages/airflow/example_dags/example_sla_dag.py took 0.108 seconds
[2024-05-23T19:57:20.000+0000] {processor.py:161} INFO - Started process (PID=14473) to work on /home/airflow/.local/lib/python3.12/site-packages/airflow/example_dags/example_sla_dag.py
[2024-05-23T19:57:20.001+0000] {processor.py:830} INFO - Processing file /home/airflow/.local/lib/python3.12/site-packages/airflow/example_dags/example_sla_dag.py for tasks to queue
[2024-05-23T19:57:20.004+0000] {logging_mixin.py:188} INFO - [2024-05-23T19:57:20.003+0000] {dagbag.py:545} INFO - Filling up the DagBag from /home/airflow/.local/lib/python3.12/site-packages/airflow/example_dags/example_sla_dag.py
[2024-05-23T19:57:20.015+0000] {processor.py:840} INFO - DAG(s) 'example_sla_dag' retrieved from /home/airflow/.local/lib/python3.12/site-packages/airflow/example_dags/example_sla_dag.py
[2024-05-23T19:57:20.042+0000] {logging_mixin.py:188} INFO - [2024-05-23T19:57:20.041+0000] {dag.py:3096} INFO - Sync 1 DAGs
[2024-05-23T19:57:20.076+0000] {logging_mixin.py:188} INFO - [2024-05-23T19:57:20.076+0000] {dag.py:3954} INFO - Setting next_dagrun for example_sla_dag to 2024-05-23 19:54:00+00:00, run_after=2024-05-23 19:56:00+00:00
[2024-05-23T19:57:20.104+0000] {processor.py:183} INFO - Processing /home/airflow/.local/lib/python3.12/site-packages/airflow/example_dags/example_sla_dag.py took 0.117 seconds
[2024-05-23T19:58:11.226+0000] {processor.py:161} INFO - Started process (PID=14740) to work on /home/airflow/.local/lib/python3.12/site-packages/airflow/example_dags/example_sla_dag.py
[2024-05-23T19:58:11.227+0000] {processor.py:830} INFO - Processing file /home/airflow/.local/lib/python3.12/site-packages/airflow/example_dags/example_sla_dag.py for tasks to queue
[2024-05-23T19:58:11.230+0000] {logging_mixin.py:188} INFO - [2024-05-23T19:58:11.230+0000] {dagbag.py:545} INFO - Filling up the DagBag from /home/airflow/.local/lib/python3.12/site-packages/airflow/example_dags/example_sla_dag.py
[2024-05-23T19:58:11.241+0000] {processor.py:840} INFO - DAG(s) 'example_sla_dag' retrieved from /home/airflow/.local/lib/python3.12/site-packages/airflow/example_dags/example_sla_dag.py
[2024-05-23T19:58:11.271+0000] {logging_mixin.py:188} INFO - [2024-05-23T19:58:11.271+0000] {dag.py:3096} INFO - Sync 1 DAGs
[2024-05-23T19:58:11.310+0000] {logging_mixin.py:188} INFO - [2024-05-23T19:58:11.309+0000] {dag.py:3954} INFO - Setting next_dagrun for example_sla_dag to 2024-05-23 19:56:00+00:00, run_after=2024-05-23 19:58:00+00:00
[2024-05-23T19:58:11.337+0000] {processor.py:183} INFO - Processing /home/airflow/.local/lib/python3.12/site-packages/airflow/example_dags/example_sla_dag.py took 0.120 seconds
[2024-05-23T20:03:43.552+0000] {processor.py:161} INFO - Started process (PID=15073) to work on /home/airflow/.local/lib/python3.12/site-packages/airflow/example_dags/example_sla_dag.py
[2024-05-23T20:03:43.554+0000] {processor.py:830} INFO - Processing file /home/airflow/.local/lib/python3.12/site-packages/airflow/example_dags/example_sla_dag.py for tasks to queue
[2024-05-23T20:03:43.555+0000] {logging_mixin.py:188} INFO - [2024-05-23T20:03:43.555+0000] {dagbag.py:545} INFO - Filling up the DagBag from /home/airflow/.local/lib/python3.12/site-packages/airflow/example_dags/example_sla_dag.py
[2024-05-23T20:03:43.565+0000] {processor.py:840} INFO - DAG(s) 'example_sla_dag' retrieved from /home/airflow/.local/lib/python3.12/site-packages/airflow/example_dags/example_sla_dag.py
[2024-05-23T20:03:43.594+0000] {logging_mixin.py:188} INFO - [2024-05-23T20:03:43.593+0000] {dag.py:3096} INFO - Sync 1 DAGs
[2024-05-23T20:03:43.623+0000] {logging_mixin.py:188} INFO - [2024-05-23T20:03:43.623+0000] {dag.py:3954} INFO - Setting next_dagrun for example_sla_dag to 2024-05-23 20:00:00+00:00, run_after=2024-05-23 20:02:00+00:00
[2024-05-23T20:03:43.647+0000] {processor.py:183} INFO - Processing /home/airflow/.local/lib/python3.12/site-packages/airflow/example_dags/example_sla_dag.py took 0.103 seconds
[2024-05-23T20:04:20.412+0000] {processor.py:161} INFO - Started process (PID=15335) to work on /home/airflow/.local/lib/python3.12/site-packages/airflow/example_dags/example_sla_dag.py
[2024-05-23T20:04:20.417+0000] {processor.py:830} INFO - Processing file /home/airflow/.local/lib/python3.12/site-packages/airflow/example_dags/example_sla_dag.py for tasks to queue
[2024-05-23T20:04:20.423+0000] {logging_mixin.py:188} INFO - [2024-05-23T20:04:20.421+0000] {dagbag.py:545} INFO - Filling up the DagBag from /home/airflow/.local/lib/python3.12/site-packages/airflow/example_dags/example_sla_dag.py
[2024-05-23T20:04:20.463+0000] {processor.py:840} INFO - DAG(s) 'example_sla_dag' retrieved from /home/airflow/.local/lib/python3.12/site-packages/airflow/example_dags/example_sla_dag.py
[2024-05-23T20:04:20.575+0000] {logging_mixin.py:188} INFO - [2024-05-23T20:04:20.574+0000] {dag.py:3096} INFO - Sync 1 DAGs
[2024-05-23T20:04:20.706+0000] {logging_mixin.py:188} INFO - [2024-05-23T20:04:20.705+0000] {dag.py:3954} INFO - Setting next_dagrun for example_sla_dag to 2024-05-23 20:02:00+00:00, run_after=2024-05-23 20:04:00+00:00
[2024-05-23T20:04:20.803+0000] {processor.py:183} INFO - Processing /home/airflow/.local/lib/python3.12/site-packages/airflow/example_dags/example_sla_dag.py took 0.429 seconds
[2024-05-23T20:08:14.384+0000] {processor.py:161} INFO - Started process (PID=15598) to work on /home/airflow/.local/lib/python3.12/site-packages/airflow/example_dags/example_sla_dag.py
[2024-05-23T20:08:14.387+0000] {processor.py:830} INFO - Processing file /home/airflow/.local/lib/python3.12/site-packages/airflow/example_dags/example_sla_dag.py for tasks to queue
[2024-05-23T20:08:14.389+0000] {logging_mixin.py:188} INFO - [2024-05-23T20:08:14.389+0000] {dagbag.py:545} INFO - Filling up the DagBag from /home/airflow/.local/lib/python3.12/site-packages/airflow/example_dags/example_sla_dag.py
[2024-05-23T20:08:14.410+0000] {processor.py:840} INFO - DAG(s) 'example_sla_dag' retrieved from /home/airflow/.local/lib/python3.12/site-packages/airflow/example_dags/example_sla_dag.py
[2024-05-23T20:08:14.458+0000] {logging_mixin.py:188} INFO - [2024-05-23T20:08:14.458+0000] {dag.py:3096} INFO - Sync 1 DAGs
[2024-05-23T20:08:14.535+0000] {logging_mixin.py:188} INFO - [2024-05-23T20:08:14.535+0000] {dag.py:3954} INFO - Setting next_dagrun for example_sla_dag to 2024-05-23 20:06:00+00:00, run_after=2024-05-23 20:08:00+00:00
[2024-05-23T20:08:14.591+0000] {processor.py:183} INFO - Processing /home/airflow/.local/lib/python3.12/site-packages/airflow/example_dags/example_sla_dag.py took 0.222 seconds
[2024-05-23T20:08:44.910+0000] {processor.py:161} INFO - Started process (PID=15860) to work on /home/airflow/.local/lib/python3.12/site-packages/airflow/example_dags/example_sla_dag.py
[2024-05-23T20:08:44.912+0000] {processor.py:830} INFO - Processing file /home/airflow/.local/lib/python3.12/site-packages/airflow/example_dags/example_sla_dag.py for tasks to queue
[2024-05-23T20:08:44.915+0000] {logging_mixin.py:188} INFO - [2024-05-23T20:08:44.914+0000] {dagbag.py:545} INFO - Filling up the DagBag from /home/airflow/.local/lib/python3.12/site-packages/airflow/example_dags/example_sla_dag.py
[2024-05-23T20:08:44.924+0000] {processor.py:840} INFO - DAG(s) 'example_sla_dag' retrieved from /home/airflow/.local/lib/python3.12/site-packages/airflow/example_dags/example_sla_dag.py
[2024-05-23T20:08:44.953+0000] {logging_mixin.py:188} INFO - [2024-05-23T20:08:44.953+0000] {dag.py:3096} INFO - Sync 1 DAGs
[2024-05-23T20:08:44.991+0000] {logging_mixin.py:188} INFO - [2024-05-23T20:08:44.990+0000] {dag.py:3954} INFO - Setting next_dagrun for example_sla_dag to 2024-05-23 20:06:00+00:00, run_after=2024-05-23 20:08:00+00:00
[2024-05-23T20:08:45.025+0000] {processor.py:183} INFO - Processing /home/airflow/.local/lib/python3.12/site-packages/airflow/example_dags/example_sla_dag.py took 0.123 seconds
[2024-05-23T20:09:15.434+0000] {processor.py:161} INFO - Started process (PID=16122) to work on /home/airflow/.local/lib/python3.12/site-packages/airflow/example_dags/example_sla_dag.py
[2024-05-23T20:09:15.436+0000] {processor.py:830} INFO - Processing file /home/airflow/.local/lib/python3.12/site-packages/airflow/example_dags/example_sla_dag.py for tasks to queue
[2024-05-23T20:09:15.437+0000] {logging_mixin.py:188} INFO - [2024-05-23T20:09:15.437+0000] {dagbag.py:545} INFO - Filling up the DagBag from /home/airflow/.local/lib/python3.12/site-packages/airflow/example_dags/example_sla_dag.py
[2024-05-23T20:09:15.447+0000] {processor.py:840} INFO - DAG(s) 'example_sla_dag' retrieved from /home/airflow/.local/lib/python3.12/site-packages/airflow/example_dags/example_sla_dag.py
[2024-05-23T20:09:15.474+0000] {logging_mixin.py:188} INFO - [2024-05-23T20:09:15.474+0000] {dag.py:3096} INFO - Sync 1 DAGs
[2024-05-23T20:09:15.509+0000] {logging_mixin.py:188} INFO - [2024-05-23T20:09:15.509+0000] {dag.py:3954} INFO - Setting next_dagrun for example_sla_dag to 2024-05-23 20:06:00+00:00, run_after=2024-05-23 20:08:00+00:00
[2024-05-23T20:09:15.531+0000] {processor.py:183} INFO - Processing /home/airflow/.local/lib/python3.12/site-packages/airflow/example_dags/example_sla_dag.py took 0.106 seconds
[2024-05-23T20:09:45.696+0000] {processor.py:161} INFO - Started process (PID=16384) to work on /home/airflow/.local/lib/python3.12/site-packages/airflow/example_dags/example_sla_dag.py
[2024-05-23T20:09:45.698+0000] {processor.py:830} INFO - Processing file /home/airflow/.local/lib/python3.12/site-packages/airflow/example_dags/example_sla_dag.py for tasks to queue
[2024-05-23T20:09:45.700+0000] {logging_mixin.py:188} INFO - [2024-05-23T20:09:45.699+0000] {dagbag.py:545} INFO - Filling up the DagBag from /home/airflow/.local/lib/python3.12/site-packages/airflow/example_dags/example_sla_dag.py
[2024-05-23T20:09:45.710+0000] {processor.py:840} INFO - DAG(s) 'example_sla_dag' retrieved from /home/airflow/.local/lib/python3.12/site-packages/airflow/example_dags/example_sla_dag.py
[2024-05-23T20:09:45.738+0000] {logging_mixin.py:188} INFO - [2024-05-23T20:09:45.738+0000] {dag.py:3096} INFO - Sync 1 DAGs
[2024-05-23T20:09:45.769+0000] {logging_mixin.py:188} INFO - [2024-05-23T20:09:45.769+0000] {dag.py:3954} INFO - Setting next_dagrun for example_sla_dag to 2024-05-23 20:06:00+00:00, run_after=2024-05-23 20:08:00+00:00
[2024-05-23T20:09:45.792+0000] {processor.py:183} INFO - Processing /home/airflow/.local/lib/python3.12/site-packages/airflow/example_dags/example_sla_dag.py took 0.104 seconds
[2024-05-23T20:10:16.192+0000] {processor.py:161} INFO - Started process (PID=16646) to work on /home/airflow/.local/lib/python3.12/site-packages/airflow/example_dags/example_sla_dag.py
[2024-05-23T20:10:16.194+0000] {processor.py:830} INFO - Processing file /home/airflow/.local/lib/python3.12/site-packages/airflow/example_dags/example_sla_dag.py for tasks to queue
[2024-05-23T20:10:16.195+0000] {logging_mixin.py:188} INFO - [2024-05-23T20:10:16.195+0000] {dagbag.py:545} INFO - Filling up the DagBag from /home/airflow/.local/lib/python3.12/site-packages/airflow/example_dags/example_sla_dag.py
[2024-05-23T20:10:16.205+0000] {processor.py:840} INFO - DAG(s) 'example_sla_dag' retrieved from /home/airflow/.local/lib/python3.12/site-packages/airflow/example_dags/example_sla_dag.py
[2024-05-23T20:10:16.234+0000] {logging_mixin.py:188} INFO - [2024-05-23T20:10:16.233+0000] {dag.py:3096} INFO - Sync 1 DAGs
[2024-05-23T20:10:16.272+0000] {logging_mixin.py:188} INFO - [2024-05-23T20:10:16.272+0000] {dag.py:3954} INFO - Setting next_dagrun for example_sla_dag to 2024-05-23 20:08:00+00:00, run_after=2024-05-23 20:10:00+00:00
[2024-05-23T20:10:16.298+0000] {processor.py:183} INFO - Processing /home/airflow/.local/lib/python3.12/site-packages/airflow/example_dags/example_sla_dag.py took 0.114 seconds
[2024-05-23T20:10:46.509+0000] {processor.py:161} INFO - Started process (PID=16908) to work on /home/airflow/.local/lib/python3.12/site-packages/airflow/example_dags/example_sla_dag.py
[2024-05-23T20:10:46.511+0000] {processor.py:830} INFO - Processing file /home/airflow/.local/lib/python3.12/site-packages/airflow/example_dags/example_sla_dag.py for tasks to queue
[2024-05-23T20:10:46.512+0000] {logging_mixin.py:188} INFO - [2024-05-23T20:10:46.512+0000] {dagbag.py:545} INFO - Filling up the DagBag from /home/airflow/.local/lib/python3.12/site-packages/airflow/example_dags/example_sla_dag.py
[2024-05-23T20:10:46.521+0000] {processor.py:840} INFO - DAG(s) 'example_sla_dag' retrieved from /home/airflow/.local/lib/python3.12/site-packages/airflow/example_dags/example_sla_dag.py
[2024-05-23T20:10:46.548+0000] {logging_mixin.py:188} INFO - [2024-05-23T20:10:46.547+0000] {dag.py:3096} INFO - Sync 1 DAGs
[2024-05-23T20:10:46.577+0000] {logging_mixin.py:188} INFO - [2024-05-23T20:10:46.577+0000] {dag.py:3954} INFO - Setting next_dagrun for example_sla_dag to 2024-05-23 20:08:00+00:00, run_after=2024-05-23 20:10:00+00:00
[2024-05-23T20:10:46.599+0000] {processor.py:183} INFO - Processing /home/airflow/.local/lib/python3.12/site-packages/airflow/example_dags/example_sla_dag.py took 0.098 seconds
[2024-05-23T20:11:17.449+0000] {processor.py:161} INFO - Started process (PID=17169) to work on /home/airflow/.local/lib/python3.12/site-packages/airflow/example_dags/example_sla_dag.py
[2024-05-23T20:11:17.450+0000] {processor.py:830} INFO - Processing file /home/airflow/.local/lib/python3.12/site-packages/airflow/example_dags/example_sla_dag.py for tasks to queue
[2024-05-23T20:11:17.452+0000] {logging_mixin.py:188} INFO - [2024-05-23T20:11:17.452+0000] {dagbag.py:545} INFO - Filling up the DagBag from /home/airflow/.local/lib/python3.12/site-packages/airflow/example_dags/example_sla_dag.py
[2024-05-23T20:11:17.462+0000] {processor.py:840} INFO - DAG(s) 'example_sla_dag' retrieved from /home/airflow/.local/lib/python3.12/site-packages/airflow/example_dags/example_sla_dag.py
[2024-05-23T20:11:17.486+0000] {logging_mixin.py:188} INFO - [2024-05-23T20:11:17.486+0000] {dag.py:3096} INFO - Sync 1 DAGs
[2024-05-23T20:11:17.515+0000] {logging_mixin.py:188} INFO - [2024-05-23T20:11:17.515+0000] {dag.py:3954} INFO - Setting next_dagrun for example_sla_dag to 2024-05-23 20:08:00+00:00, run_after=2024-05-23 20:10:00+00:00
[2024-05-23T20:11:17.537+0000] {processor.py:183} INFO - Processing /home/airflow/.local/lib/python3.12/site-packages/airflow/example_dags/example_sla_dag.py took 0.097 seconds
[2024-05-23T20:11:47.713+0000] {processor.py:161} INFO - Started process (PID=17431) to work on /home/airflow/.local/lib/python3.12/site-packages/airflow/example_dags/example_sla_dag.py
[2024-05-23T20:11:47.714+0000] {processor.py:830} INFO - Processing file /home/airflow/.local/lib/python3.12/site-packages/airflow/example_dags/example_sla_dag.py for tasks to queue
[2024-05-23T20:11:47.715+0000] {logging_mixin.py:188} INFO - [2024-05-23T20:11:47.715+0000] {dagbag.py:545} INFO - Filling up the DagBag from /home/airflow/.local/lib/python3.12/site-packages/airflow/example_dags/example_sla_dag.py
[2024-05-23T20:11:47.724+0000] {processor.py:840} INFO - DAG(s) 'example_sla_dag' retrieved from /home/airflow/.local/lib/python3.12/site-packages/airflow/example_dags/example_sla_dag.py
[2024-05-23T20:11:47.750+0000] {logging_mixin.py:188} INFO - [2024-05-23T20:11:47.750+0000] {dag.py:3096} INFO - Sync 1 DAGs
[2024-05-23T20:11:47.777+0000] {logging_mixin.py:188} INFO - [2024-05-23T20:11:47.777+0000] {dag.py:3954} INFO - Setting next_dagrun for example_sla_dag to 2024-05-23 20:08:00+00:00, run_after=2024-05-23 20:10:00+00:00
[2024-05-23T20:11:47.795+0000] {processor.py:183} INFO - Processing /home/airflow/.local/lib/python3.12/site-packages/airflow/example_dags/example_sla_dag.py took 0.089 seconds
[2024-05-23T20:12:18.694+0000] {processor.py:161} INFO - Started process (PID=17693) to work on /home/airflow/.local/lib/python3.12/site-packages/airflow/example_dags/example_sla_dag.py
[2024-05-23T20:12:18.696+0000] {processor.py:830} INFO - Processing file /home/airflow/.local/lib/python3.12/site-packages/airflow/example_dags/example_sla_dag.py for tasks to queue
[2024-05-23T20:12:18.698+0000] {logging_mixin.py:188} INFO - [2024-05-23T20:12:18.697+0000] {dagbag.py:545} INFO - Filling up the DagBag from /home/airflow/.local/lib/python3.12/site-packages/airflow/example_dags/example_sla_dag.py
[2024-05-23T20:12:18.710+0000] {processor.py:840} INFO - DAG(s) 'example_sla_dag' retrieved from /home/airflow/.local/lib/python3.12/site-packages/airflow/example_dags/example_sla_dag.py
[2024-05-23T20:12:18.743+0000] {logging_mixin.py:188} INFO - [2024-05-23T20:12:18.742+0000] {dag.py:3096} INFO - Sync 1 DAGs
[2024-05-23T20:12:18.781+0000] {logging_mixin.py:188} INFO - [2024-05-23T20:12:18.781+0000] {dag.py:3954} INFO - Setting next_dagrun for example_sla_dag to 2024-05-23 20:10:00+00:00, run_after=2024-05-23 20:12:00+00:00
[2024-05-23T20:12:18.812+0000] {processor.py:183} INFO - Processing /home/airflow/.local/lib/python3.12/site-packages/airflow/example_dags/example_sla_dag.py took 0.127 seconds
[2024-05-23T20:12:49.140+0000] {processor.py:161} INFO - Started process (PID=17955) to work on /home/airflow/.local/lib/python3.12/site-packages/airflow/example_dags/example_sla_dag.py
[2024-05-23T20:12:49.146+0000] {processor.py:830} INFO - Processing file /home/airflow/.local/lib/python3.12/site-packages/airflow/example_dags/example_sla_dag.py for tasks to queue
[2024-05-23T20:12:49.148+0000] {logging_mixin.py:188} INFO - [2024-05-23T20:12:49.148+0000] {dagbag.py:545} INFO - Filling up the DagBag from /home/airflow/.local/lib/python3.12/site-packages/airflow/example_dags/example_sla_dag.py
[2024-05-23T20:12:49.165+0000] {processor.py:840} INFO - DAG(s) 'example_sla_dag' retrieved from /home/airflow/.local/lib/python3.12/site-packages/airflow/example_dags/example_sla_dag.py
[2024-05-23T20:12:49.195+0000] {logging_mixin.py:188} INFO - [2024-05-23T20:12:49.195+0000] {dag.py:3096} INFO - Sync 1 DAGs
[2024-05-23T20:12:49.242+0000] {logging_mixin.py:188} INFO - [2024-05-23T20:12:49.242+0000] {dag.py:3954} INFO - Setting next_dagrun for example_sla_dag to 2024-05-23 20:10:00+00:00, run_after=2024-05-23 20:12:00+00:00
[2024-05-23T20:12:49.267+0000] {processor.py:183} INFO - Processing /home/airflow/.local/lib/python3.12/site-packages/airflow/example_dags/example_sla_dag.py took 0.142 seconds
[2024-05-23T20:13:19.454+0000] {processor.py:161} INFO - Started process (PID=18217) to work on /home/airflow/.local/lib/python3.12/site-packages/airflow/example_dags/example_sla_dag.py
[2024-05-23T20:13:19.455+0000] {processor.py:830} INFO - Processing file /home/airflow/.local/lib/python3.12/site-packages/airflow/example_dags/example_sla_dag.py for tasks to queue
[2024-05-23T20:13:19.458+0000] {logging_mixin.py:188} INFO - [2024-05-23T20:13:19.458+0000] {dagbag.py:545} INFO - Filling up the DagBag from /home/airflow/.local/lib/python3.12/site-packages/airflow/example_dags/example_sla_dag.py
[2024-05-23T20:13:19.470+0000] {processor.py:840} INFO - DAG(s) 'example_sla_dag' retrieved from /home/airflow/.local/lib/python3.12/site-packages/airflow/example_dags/example_sla_dag.py
[2024-05-23T20:13:19.503+0000] {logging_mixin.py:188} INFO - [2024-05-23T20:13:19.503+0000] {dag.py:3096} INFO - Sync 1 DAGs
[2024-05-23T20:13:19.539+0000] {logging_mixin.py:188} INFO - [2024-05-23T20:13:19.538+0000] {dag.py:3954} INFO - Setting next_dagrun for example_sla_dag to 2024-05-23 20:10:00+00:00, run_after=2024-05-23 20:12:00+00:00
[2024-05-23T20:13:19.565+0000] {processor.py:183} INFO - Processing /home/airflow/.local/lib/python3.12/site-packages/airflow/example_dags/example_sla_dag.py took 0.121 seconds
