[2024-05-23T19:29:55.230+0000] {processor.py:161} INFO - Started process (PID=347) to work on /home/airflow/.local/lib/python3.12/site-packages/airflow/example_dags/example_params_ui_tutorial.py
[2024-05-23T19:29:55.232+0000] {processor.py:830} INFO - Processing file /home/airflow/.local/lib/python3.12/site-packages/airflow/example_dags/example_params_ui_tutorial.py for tasks to queue
[2024-05-23T19:29:55.236+0000] {logging_mixin.py:188} INFO - [2024-05-23T19:29:55.235+0000] {dagbag.py:545} INFO - Filling up the DagBag from /home/airflow/.local/lib/python3.12/site-packages/airflow/example_dags/example_params_ui_tutorial.py
[2024-05-23T19:29:55.264+0000] {processor.py:840} INFO - DAG(s) 'example_params_ui_tutorial' retrieved from /home/airflow/.local/lib/python3.12/site-packages/airflow/example_dags/example_params_ui_tutorial.py
[2024-05-23T19:29:55.736+0000] {logging_mixin.py:188} INFO - [2024-05-23T19:29:55.736+0000] {dag.py:3096} INFO - Sync 1 DAGs
[2024-05-23T19:29:55.766+0000] {logging_mixin.py:188} INFO - [2024-05-23T19:29:55.766+0000] {dag.py:3954} INFO - Setting next_dagrun for example_params_ui_tutorial to None, run_after=None
[2024-05-23T19:29:55.806+0000] {processor.py:183} INFO - Processing /home/airflow/.local/lib/python3.12/site-packages/airflow/example_dags/example_params_ui_tutorial.py took 0.590 seconds
[2024-05-23T19:30:25.973+0000] {processor.py:161} INFO - Started process (PID=611) to work on /home/airflow/.local/lib/python3.12/site-packages/airflow/example_dags/example_params_ui_tutorial.py
[2024-05-23T19:30:25.975+0000] {processor.py:830} INFO - Processing file /home/airflow/.local/lib/python3.12/site-packages/airflow/example_dags/example_params_ui_tutorial.py for tasks to queue
[2024-05-23T19:30:25.978+0000] {logging_mixin.py:188} INFO - [2024-05-23T19:30:25.978+0000] {dagbag.py:545} INFO - Filling up the DagBag from /home/airflow/.local/lib/python3.12/site-packages/airflow/example_dags/example_params_ui_tutorial.py
[2024-05-23T19:30:25.997+0000] {processor.py:840} INFO - DAG(s) 'example_params_ui_tutorial' retrieved from /home/airflow/.local/lib/python3.12/site-packages/airflow/example_dags/example_params_ui_tutorial.py
[2024-05-23T19:30:26.096+0000] {logging_mixin.py:188} INFO - [2024-05-23T19:30:26.096+0000] {dag.py:3096} INFO - Sync 1 DAGs
[2024-05-23T19:30:26.124+0000] {logging_mixin.py:188} INFO - [2024-05-23T19:30:26.123+0000] {dag.py:3954} INFO - Setting next_dagrun for example_params_ui_tutorial to None, run_after=None
[2024-05-23T19:30:26.614+0000] {processor.py:183} INFO - Processing /home/airflow/.local/lib/python3.12/site-packages/airflow/example_dags/example_params_ui_tutorial.py took 0.650 seconds
[2024-05-23T19:30:57.226+0000] {processor.py:161} INFO - Started process (PID=873) to work on /home/airflow/.local/lib/python3.12/site-packages/airflow/example_dags/example_params_ui_tutorial.py
[2024-05-23T19:30:57.228+0000] {processor.py:830} INFO - Processing file /home/airflow/.local/lib/python3.12/site-packages/airflow/example_dags/example_params_ui_tutorial.py for tasks to queue
[2024-05-23T19:30:57.231+0000] {logging_mixin.py:188} INFO - [2024-05-23T19:30:57.230+0000] {dagbag.py:545} INFO - Filling up the DagBag from /home/airflow/.local/lib/python3.12/site-packages/airflow/example_dags/example_params_ui_tutorial.py
[2024-05-23T19:30:57.259+0000] {processor.py:840} INFO - DAG(s) 'example_params_ui_tutorial' retrieved from /home/airflow/.local/lib/python3.12/site-packages/airflow/example_dags/example_params_ui_tutorial.py
[2024-05-23T19:30:57.363+0000] {logging_mixin.py:188} INFO - [2024-05-23T19:30:57.363+0000] {dag.py:3096} INFO - Sync 1 DAGs
[2024-05-23T19:30:57.385+0000] {logging_mixin.py:188} INFO - [2024-05-23T19:30:57.385+0000] {dag.py:3954} INFO - Setting next_dagrun for example_params_ui_tutorial to None, run_after=None
[2024-05-23T19:30:57.415+0000] {processor.py:183} INFO - Processing /home/airflow/.local/lib/python3.12/site-packages/airflow/example_dags/example_params_ui_tutorial.py took 0.199 seconds
[2024-05-23T19:31:28.391+0000] {processor.py:161} INFO - Started process (PID=1135) to work on /home/airflow/.local/lib/python3.12/site-packages/airflow/example_dags/example_params_ui_tutorial.py
[2024-05-23T19:31:28.393+0000] {processor.py:830} INFO - Processing file /home/airflow/.local/lib/python3.12/site-packages/airflow/example_dags/example_params_ui_tutorial.py for tasks to queue
[2024-05-23T19:31:28.395+0000] {logging_mixin.py:188} INFO - [2024-05-23T19:31:28.395+0000] {dagbag.py:545} INFO - Filling up the DagBag from /home/airflow/.local/lib/python3.12/site-packages/airflow/example_dags/example_params_ui_tutorial.py
[2024-05-23T19:31:28.413+0000] {processor.py:840} INFO - DAG(s) 'example_params_ui_tutorial' retrieved from /home/airflow/.local/lib/python3.12/site-packages/airflow/example_dags/example_params_ui_tutorial.py
[2024-05-23T19:31:28.499+0000] {logging_mixin.py:188} INFO - [2024-05-23T19:31:28.499+0000] {dag.py:3096} INFO - Sync 1 DAGs
[2024-05-23T19:31:28.518+0000] {logging_mixin.py:188} INFO - [2024-05-23T19:31:28.518+0000] {dag.py:3954} INFO - Setting next_dagrun for example_params_ui_tutorial to None, run_after=None
[2024-05-23T19:31:28.546+0000] {processor.py:183} INFO - Processing /home/airflow/.local/lib/python3.12/site-packages/airflow/example_dags/example_params_ui_tutorial.py took 0.165 seconds
[2024-05-23T19:31:58.700+0000] {processor.py:161} INFO - Started process (PID=1397) to work on /home/airflow/.local/lib/python3.12/site-packages/airflow/example_dags/example_params_ui_tutorial.py
[2024-05-23T19:31:58.701+0000] {processor.py:830} INFO - Processing file /home/airflow/.local/lib/python3.12/site-packages/airflow/example_dags/example_params_ui_tutorial.py for tasks to queue
[2024-05-23T19:31:58.704+0000] {logging_mixin.py:188} INFO - [2024-05-23T19:31:58.704+0000] {dagbag.py:545} INFO - Filling up the DagBag from /home/airflow/.local/lib/python3.12/site-packages/airflow/example_dags/example_params_ui_tutorial.py
[2024-05-23T19:31:58.722+0000] {processor.py:840} INFO - DAG(s) 'example_params_ui_tutorial' retrieved from /home/airflow/.local/lib/python3.12/site-packages/airflow/example_dags/example_params_ui_tutorial.py
[2024-05-23T19:31:58.809+0000] {logging_mixin.py:188} INFO - [2024-05-23T19:31:58.809+0000] {dag.py:3096} INFO - Sync 1 DAGs
[2024-05-23T19:31:58.829+0000] {logging_mixin.py:188} INFO - [2024-05-23T19:31:58.829+0000] {dag.py:3954} INFO - Setting next_dagrun for example_params_ui_tutorial to None, run_after=None
[2024-05-23T19:31:58.860+0000] {processor.py:183} INFO - Processing /home/airflow/.local/lib/python3.12/site-packages/airflow/example_dags/example_params_ui_tutorial.py took 0.169 seconds
[2024-05-23T19:32:29.285+0000] {processor.py:161} INFO - Started process (PID=1659) to work on /home/airflow/.local/lib/python3.12/site-packages/airflow/example_dags/example_params_ui_tutorial.py
[2024-05-23T19:32:29.286+0000] {processor.py:830} INFO - Processing file /home/airflow/.local/lib/python3.12/site-packages/airflow/example_dags/example_params_ui_tutorial.py for tasks to queue
[2024-05-23T19:32:29.290+0000] {logging_mixin.py:188} INFO - [2024-05-23T19:32:29.290+0000] {dagbag.py:545} INFO - Filling up the DagBag from /home/airflow/.local/lib/python3.12/site-packages/airflow/example_dags/example_params_ui_tutorial.py
[2024-05-23T19:32:29.309+0000] {processor.py:840} INFO - DAG(s) 'example_params_ui_tutorial' retrieved from /home/airflow/.local/lib/python3.12/site-packages/airflow/example_dags/example_params_ui_tutorial.py
[2024-05-23T19:32:29.406+0000] {logging_mixin.py:188} INFO - [2024-05-23T19:32:29.406+0000] {dag.py:3096} INFO - Sync 1 DAGs
[2024-05-23T19:32:29.428+0000] {logging_mixin.py:188} INFO - [2024-05-23T19:32:29.428+0000] {dag.py:3954} INFO - Setting next_dagrun for example_params_ui_tutorial to None, run_after=None
[2024-05-23T19:32:29.460+0000] {processor.py:183} INFO - Processing /home/airflow/.local/lib/python3.12/site-packages/airflow/example_dags/example_params_ui_tutorial.py took 0.185 seconds
[2024-05-23T19:32:59.587+0000] {processor.py:161} INFO - Started process (PID=1921) to work on /home/airflow/.local/lib/python3.12/site-packages/airflow/example_dags/example_params_ui_tutorial.py
[2024-05-23T19:32:59.589+0000] {processor.py:830} INFO - Processing file /home/airflow/.local/lib/python3.12/site-packages/airflow/example_dags/example_params_ui_tutorial.py for tasks to queue
[2024-05-23T19:32:59.592+0000] {logging_mixin.py:188} INFO - [2024-05-23T19:32:59.591+0000] {dagbag.py:545} INFO - Filling up the DagBag from /home/airflow/.local/lib/python3.12/site-packages/airflow/example_dags/example_params_ui_tutorial.py
[2024-05-23T19:32:59.610+0000] {processor.py:840} INFO - DAG(s) 'example_params_ui_tutorial' retrieved from /home/airflow/.local/lib/python3.12/site-packages/airflow/example_dags/example_params_ui_tutorial.py
[2024-05-23T19:32:59.695+0000] {logging_mixin.py:188} INFO - [2024-05-23T19:32:59.695+0000] {dag.py:3096} INFO - Sync 1 DAGs
[2024-05-23T19:32:59.714+0000] {logging_mixin.py:188} INFO - [2024-05-23T19:32:59.714+0000] {dag.py:3954} INFO - Setting next_dagrun for example_params_ui_tutorial to None, run_after=None
[2024-05-23T19:32:59.742+0000] {processor.py:183} INFO - Processing /home/airflow/.local/lib/python3.12/site-packages/airflow/example_dags/example_params_ui_tutorial.py took 0.164 seconds
[2024-05-23T19:33:29.924+0000] {processor.py:161} INFO - Started process (PID=2183) to work on /home/airflow/.local/lib/python3.12/site-packages/airflow/example_dags/example_params_ui_tutorial.py
[2024-05-23T19:33:29.926+0000] {processor.py:830} INFO - Processing file /home/airflow/.local/lib/python3.12/site-packages/airflow/example_dags/example_params_ui_tutorial.py for tasks to queue
[2024-05-23T19:33:29.929+0000] {logging_mixin.py:188} INFO - [2024-05-23T19:33:29.929+0000] {dagbag.py:545} INFO - Filling up the DagBag from /home/airflow/.local/lib/python3.12/site-packages/airflow/example_dags/example_params_ui_tutorial.py
[2024-05-23T19:33:29.959+0000] {processor.py:840} INFO - DAG(s) 'example_params_ui_tutorial' retrieved from /home/airflow/.local/lib/python3.12/site-packages/airflow/example_dags/example_params_ui_tutorial.py
[2024-05-23T19:33:30.055+0000] {logging_mixin.py:188} INFO - [2024-05-23T19:33:30.055+0000] {dag.py:3096} INFO - Sync 1 DAGs
[2024-05-23T19:33:30.077+0000] {logging_mixin.py:188} INFO - [2024-05-23T19:33:30.077+0000] {dag.py:3954} INFO - Setting next_dagrun for example_params_ui_tutorial to None, run_after=None
[2024-05-23T19:33:30.109+0000] {processor.py:183} INFO - Processing /home/airflow/.local/lib/python3.12/site-packages/airflow/example_dags/example_params_ui_tutorial.py took 0.196 seconds
[2024-05-23T19:34:00.626+0000] {processor.py:161} INFO - Started process (PID=2445) to work on /home/airflow/.local/lib/python3.12/site-packages/airflow/example_dags/example_params_ui_tutorial.py
[2024-05-23T19:34:00.628+0000] {processor.py:830} INFO - Processing file /home/airflow/.local/lib/python3.12/site-packages/airflow/example_dags/example_params_ui_tutorial.py for tasks to queue
[2024-05-23T19:34:00.631+0000] {logging_mixin.py:188} INFO - [2024-05-23T19:34:00.630+0000] {dagbag.py:545} INFO - Filling up the DagBag from /home/airflow/.local/lib/python3.12/site-packages/airflow/example_dags/example_params_ui_tutorial.py
[2024-05-23T19:34:00.651+0000] {processor.py:840} INFO - DAG(s) 'example_params_ui_tutorial' retrieved from /home/airflow/.local/lib/python3.12/site-packages/airflow/example_dags/example_params_ui_tutorial.py
[2024-05-23T19:34:00.759+0000] {logging_mixin.py:188} INFO - [2024-05-23T19:34:00.759+0000] {dag.py:3096} INFO - Sync 1 DAGs
[2024-05-23T19:34:00.784+0000] {logging_mixin.py:188} INFO - [2024-05-23T19:34:00.784+0000] {dag.py:3954} INFO - Setting next_dagrun for example_params_ui_tutorial to None, run_after=None
[2024-05-23T19:34:00.820+0000] {processor.py:183} INFO - Processing /home/airflow/.local/lib/python3.12/site-packages/airflow/example_dags/example_params_ui_tutorial.py took 0.204 seconds
[2024-05-23T19:34:30.976+0000] {processor.py:161} INFO - Started process (PID=2706) to work on /home/airflow/.local/lib/python3.12/site-packages/airflow/example_dags/example_params_ui_tutorial.py
[2024-05-23T19:34:30.978+0000] {processor.py:830} INFO - Processing file /home/airflow/.local/lib/python3.12/site-packages/airflow/example_dags/example_params_ui_tutorial.py for tasks to queue
[2024-05-23T19:34:30.981+0000] {logging_mixin.py:188} INFO - [2024-05-23T19:34:30.980+0000] {dagbag.py:545} INFO - Filling up the DagBag from /home/airflow/.local/lib/python3.12/site-packages/airflow/example_dags/example_params_ui_tutorial.py
[2024-05-23T19:34:31.001+0000] {processor.py:840} INFO - DAG(s) 'example_params_ui_tutorial' retrieved from /home/airflow/.local/lib/python3.12/site-packages/airflow/example_dags/example_params_ui_tutorial.py
[2024-05-23T19:34:31.097+0000] {logging_mixin.py:188} INFO - [2024-05-23T19:34:31.097+0000] {dag.py:3096} INFO - Sync 1 DAGs
[2024-05-23T19:34:31.118+0000] {logging_mixin.py:188} INFO - [2024-05-23T19:34:31.117+0000] {dag.py:3954} INFO - Setting next_dagrun for example_params_ui_tutorial to None, run_after=None
[2024-05-23T19:34:31.149+0000] {processor.py:183} INFO - Processing /home/airflow/.local/lib/python3.12/site-packages/airflow/example_dags/example_params_ui_tutorial.py took 0.183 seconds
[2024-05-23T19:35:01.739+0000] {processor.py:161} INFO - Started process (PID=2993) to work on /home/airflow/.local/lib/python3.12/site-packages/airflow/example_dags/example_params_ui_tutorial.py
[2024-05-23T19:35:01.741+0000] {processor.py:830} INFO - Processing file /home/airflow/.local/lib/python3.12/site-packages/airflow/example_dags/example_params_ui_tutorial.py for tasks to queue
[2024-05-23T19:35:01.744+0000] {logging_mixin.py:188} INFO - [2024-05-23T19:35:01.743+0000] {dagbag.py:545} INFO - Filling up the DagBag from /home/airflow/.local/lib/python3.12/site-packages/airflow/example_dags/example_params_ui_tutorial.py
[2024-05-23T19:35:01.762+0000] {processor.py:840} INFO - DAG(s) 'example_params_ui_tutorial' retrieved from /home/airflow/.local/lib/python3.12/site-packages/airflow/example_dags/example_params_ui_tutorial.py
[2024-05-23T19:35:01.854+0000] {logging_mixin.py:188} INFO - [2024-05-23T19:35:01.853+0000] {dag.py:3096} INFO - Sync 1 DAGs
[2024-05-23T19:35:01.875+0000] {logging_mixin.py:188} INFO - [2024-05-23T19:35:01.874+0000] {dag.py:3954} INFO - Setting next_dagrun for example_params_ui_tutorial to None, run_after=None
[2024-05-23T19:35:01.909+0000] {processor.py:183} INFO - Processing /home/airflow/.local/lib/python3.12/site-packages/airflow/example_dags/example_params_ui_tutorial.py took 0.179 seconds
[2024-05-23T19:35:32.137+0000] {processor.py:161} INFO - Started process (PID=3255) to work on /home/airflow/.local/lib/python3.12/site-packages/airflow/example_dags/example_params_ui_tutorial.py
[2024-05-23T19:35:32.139+0000] {processor.py:830} INFO - Processing file /home/airflow/.local/lib/python3.12/site-packages/airflow/example_dags/example_params_ui_tutorial.py for tasks to queue
[2024-05-23T19:35:32.144+0000] {logging_mixin.py:188} INFO - [2024-05-23T19:35:32.143+0000] {dagbag.py:545} INFO - Filling up the DagBag from /home/airflow/.local/lib/python3.12/site-packages/airflow/example_dags/example_params_ui_tutorial.py
[2024-05-23T19:35:32.163+0000] {processor.py:840} INFO - DAG(s) 'example_params_ui_tutorial' retrieved from /home/airflow/.local/lib/python3.12/site-packages/airflow/example_dags/example_params_ui_tutorial.py
[2024-05-23T19:35:32.264+0000] {logging_mixin.py:188} INFO - [2024-05-23T19:35:32.263+0000] {dag.py:3096} INFO - Sync 1 DAGs
[2024-05-23T19:35:32.286+0000] {logging_mixin.py:188} INFO - [2024-05-23T19:35:32.286+0000] {dag.py:3954} INFO - Setting next_dagrun for example_params_ui_tutorial to None, run_after=None
[2024-05-23T19:35:32.318+0000] {processor.py:183} INFO - Processing /home/airflow/.local/lib/python3.12/site-packages/airflow/example_dags/example_params_ui_tutorial.py took 0.191 seconds
[2024-05-23T19:36:02.428+0000] {processor.py:161} INFO - Started process (PID=3517) to work on /home/airflow/.local/lib/python3.12/site-packages/airflow/example_dags/example_params_ui_tutorial.py
[2024-05-23T19:36:02.429+0000] {processor.py:830} INFO - Processing file /home/airflow/.local/lib/python3.12/site-packages/airflow/example_dags/example_params_ui_tutorial.py for tasks to queue
[2024-05-23T19:36:02.432+0000] {logging_mixin.py:188} INFO - [2024-05-23T19:36:02.431+0000] {dagbag.py:545} INFO - Filling up the DagBag from /home/airflow/.local/lib/python3.12/site-packages/airflow/example_dags/example_params_ui_tutorial.py
[2024-05-23T19:36:02.450+0000] {processor.py:840} INFO - DAG(s) 'example_params_ui_tutorial' retrieved from /home/airflow/.local/lib/python3.12/site-packages/airflow/example_dags/example_params_ui_tutorial.py
[2024-05-23T19:36:02.536+0000] {logging_mixin.py:188} INFO - [2024-05-23T19:36:02.535+0000] {dag.py:3096} INFO - Sync 1 DAGs
[2024-05-23T19:36:02.555+0000] {logging_mixin.py:188} INFO - [2024-05-23T19:36:02.555+0000] {dag.py:3954} INFO - Setting next_dagrun for example_params_ui_tutorial to None, run_after=None
[2024-05-23T19:36:02.583+0000] {processor.py:183} INFO - Processing /home/airflow/.local/lib/python3.12/site-packages/airflow/example_dags/example_params_ui_tutorial.py took 0.164 seconds
[2024-05-23T19:36:32.834+0000] {processor.py:161} INFO - Started process (PID=3779) to work on /home/airflow/.local/lib/python3.12/site-packages/airflow/example_dags/example_params_ui_tutorial.py
[2024-05-23T19:36:32.836+0000] {processor.py:830} INFO - Processing file /home/airflow/.local/lib/python3.12/site-packages/airflow/example_dags/example_params_ui_tutorial.py for tasks to queue
[2024-05-23T19:36:32.839+0000] {logging_mixin.py:188} INFO - [2024-05-23T19:36:32.838+0000] {dagbag.py:545} INFO - Filling up the DagBag from /home/airflow/.local/lib/python3.12/site-packages/airflow/example_dags/example_params_ui_tutorial.py
[2024-05-23T19:36:32.856+0000] {processor.py:840} INFO - DAG(s) 'example_params_ui_tutorial' retrieved from /home/airflow/.local/lib/python3.12/site-packages/airflow/example_dags/example_params_ui_tutorial.py
[2024-05-23T19:36:32.936+0000] {logging_mixin.py:188} INFO - [2024-05-23T19:36:32.936+0000] {dag.py:3096} INFO - Sync 1 DAGs
[2024-05-23T19:36:32.956+0000] {logging_mixin.py:188} INFO - [2024-05-23T19:36:32.956+0000] {dag.py:3954} INFO - Setting next_dagrun for example_params_ui_tutorial to None, run_after=None
[2024-05-23T19:36:32.982+0000] {processor.py:183} INFO - Processing /home/airflow/.local/lib/python3.12/site-packages/airflow/example_dags/example_params_ui_tutorial.py took 0.160 seconds
[2024-05-23T19:37:03.378+0000] {processor.py:161} INFO - Started process (PID=4041) to work on /home/airflow/.local/lib/python3.12/site-packages/airflow/example_dags/example_params_ui_tutorial.py
[2024-05-23T19:37:03.380+0000] {processor.py:830} INFO - Processing file /home/airflow/.local/lib/python3.12/site-packages/airflow/example_dags/example_params_ui_tutorial.py for tasks to queue
[2024-05-23T19:37:03.382+0000] {logging_mixin.py:188} INFO - [2024-05-23T19:37:03.382+0000] {dagbag.py:545} INFO - Filling up the DagBag from /home/airflow/.local/lib/python3.12/site-packages/airflow/example_dags/example_params_ui_tutorial.py
[2024-05-23T19:37:03.405+0000] {processor.py:840} INFO - DAG(s) 'example_params_ui_tutorial' retrieved from /home/airflow/.local/lib/python3.12/site-packages/airflow/example_dags/example_params_ui_tutorial.py
[2024-05-23T19:37:03.494+0000] {logging_mixin.py:188} INFO - [2024-05-23T19:37:03.494+0000] {dag.py:3096} INFO - Sync 1 DAGs
[2024-05-23T19:37:03.514+0000] {logging_mixin.py:188} INFO - [2024-05-23T19:37:03.514+0000] {dag.py:3954} INFO - Setting next_dagrun for example_params_ui_tutorial to None, run_after=None
[2024-05-23T19:37:03.544+0000] {processor.py:183} INFO - Processing /home/airflow/.local/lib/python3.12/site-packages/airflow/example_dags/example_params_ui_tutorial.py took 0.176 seconds
[2024-05-23T19:37:34.335+0000] {processor.py:161} INFO - Started process (PID=4303) to work on /home/airflow/.local/lib/python3.12/site-packages/airflow/example_dags/example_params_ui_tutorial.py
[2024-05-23T19:37:34.336+0000] {processor.py:830} INFO - Processing file /home/airflow/.local/lib/python3.12/site-packages/airflow/example_dags/example_params_ui_tutorial.py for tasks to queue
[2024-05-23T19:37:34.340+0000] {logging_mixin.py:188} INFO - [2024-05-23T19:37:34.339+0000] {dagbag.py:545} INFO - Filling up the DagBag from /home/airflow/.local/lib/python3.12/site-packages/airflow/example_dags/example_params_ui_tutorial.py
[2024-05-23T19:37:34.357+0000] {processor.py:840} INFO - DAG(s) 'example_params_ui_tutorial' retrieved from /home/airflow/.local/lib/python3.12/site-packages/airflow/example_dags/example_params_ui_tutorial.py
[2024-05-23T19:37:34.442+0000] {logging_mixin.py:188} INFO - [2024-05-23T19:37:34.442+0000] {dag.py:3096} INFO - Sync 1 DAGs
[2024-05-23T19:37:34.463+0000] {logging_mixin.py:188} INFO - [2024-05-23T19:37:34.462+0000] {dag.py:3954} INFO - Setting next_dagrun for example_params_ui_tutorial to None, run_after=None
[2024-05-23T19:37:34.491+0000] {processor.py:183} INFO - Processing /home/airflow/.local/lib/python3.12/site-packages/airflow/example_dags/example_params_ui_tutorial.py took 0.165 seconds
[2024-05-23T19:38:05.143+0000] {processor.py:161} INFO - Started process (PID=4565) to work on /home/airflow/.local/lib/python3.12/site-packages/airflow/example_dags/example_params_ui_tutorial.py
[2024-05-23T19:38:05.145+0000] {processor.py:830} INFO - Processing file /home/airflow/.local/lib/python3.12/site-packages/airflow/example_dags/example_params_ui_tutorial.py for tasks to queue
[2024-05-23T19:38:05.148+0000] {logging_mixin.py:188} INFO - [2024-05-23T19:38:05.148+0000] {dagbag.py:545} INFO - Filling up the DagBag from /home/airflow/.local/lib/python3.12/site-packages/airflow/example_dags/example_params_ui_tutorial.py
[2024-05-23T19:38:05.167+0000] {processor.py:840} INFO - DAG(s) 'example_params_ui_tutorial' retrieved from /home/airflow/.local/lib/python3.12/site-packages/airflow/example_dags/example_params_ui_tutorial.py
[2024-05-23T19:38:05.251+0000] {logging_mixin.py:188} INFO - [2024-05-23T19:38:05.250+0000] {dag.py:3096} INFO - Sync 1 DAGs
[2024-05-23T19:38:05.270+0000] {logging_mixin.py:188} INFO - [2024-05-23T19:38:05.269+0000] {dag.py:3954} INFO - Setting next_dagrun for example_params_ui_tutorial to None, run_after=None
[2024-05-23T19:38:05.300+0000] {processor.py:183} INFO - Processing /home/airflow/.local/lib/python3.12/site-packages/airflow/example_dags/example_params_ui_tutorial.py took 0.166 seconds
[2024-05-23T19:38:35.586+0000] {processor.py:161} INFO - Started process (PID=4827) to work on /home/airflow/.local/lib/python3.12/site-packages/airflow/example_dags/example_params_ui_tutorial.py
[2024-05-23T19:38:35.587+0000] {processor.py:830} INFO - Processing file /home/airflow/.local/lib/python3.12/site-packages/airflow/example_dags/example_params_ui_tutorial.py for tasks to queue
[2024-05-23T19:38:35.590+0000] {logging_mixin.py:188} INFO - [2024-05-23T19:38:35.590+0000] {dagbag.py:545} INFO - Filling up the DagBag from /home/airflow/.local/lib/python3.12/site-packages/airflow/example_dags/example_params_ui_tutorial.py
[2024-05-23T19:38:35.608+0000] {processor.py:840} INFO - DAG(s) 'example_params_ui_tutorial' retrieved from /home/airflow/.local/lib/python3.12/site-packages/airflow/example_dags/example_params_ui_tutorial.py
[2024-05-23T19:38:35.694+0000] {logging_mixin.py:188} INFO - [2024-05-23T19:38:35.694+0000] {dag.py:3096} INFO - Sync 1 DAGs
[2024-05-23T19:38:35.712+0000] {logging_mixin.py:188} INFO - [2024-05-23T19:38:35.712+0000] {dag.py:3954} INFO - Setting next_dagrun for example_params_ui_tutorial to None, run_after=None
[2024-05-23T19:38:35.739+0000] {processor.py:183} INFO - Processing /home/airflow/.local/lib/python3.12/site-packages/airflow/example_dags/example_params_ui_tutorial.py took 0.162 seconds
[2024-05-23T19:39:06.185+0000] {processor.py:161} INFO - Started process (PID=5089) to work on /home/airflow/.local/lib/python3.12/site-packages/airflow/example_dags/example_params_ui_tutorial.py
[2024-05-23T19:39:06.186+0000] {processor.py:830} INFO - Processing file /home/airflow/.local/lib/python3.12/site-packages/airflow/example_dags/example_params_ui_tutorial.py for tasks to queue
[2024-05-23T19:39:06.189+0000] {logging_mixin.py:188} INFO - [2024-05-23T19:39:06.188+0000] {dagbag.py:545} INFO - Filling up the DagBag from /home/airflow/.local/lib/python3.12/site-packages/airflow/example_dags/example_params_ui_tutorial.py
[2024-05-23T19:39:06.208+0000] {processor.py:840} INFO - DAG(s) 'example_params_ui_tutorial' retrieved from /home/airflow/.local/lib/python3.12/site-packages/airflow/example_dags/example_params_ui_tutorial.py
[2024-05-23T19:39:06.295+0000] {logging_mixin.py:188} INFO - [2024-05-23T19:39:06.295+0000] {dag.py:3096} INFO - Sync 1 DAGs
[2024-05-23T19:39:06.313+0000] {logging_mixin.py:188} INFO - [2024-05-23T19:39:06.313+0000] {dag.py:3954} INFO - Setting next_dagrun for example_params_ui_tutorial to None, run_after=None
[2024-05-23T19:39:06.342+0000] {processor.py:183} INFO - Processing /home/airflow/.local/lib/python3.12/site-packages/airflow/example_dags/example_params_ui_tutorial.py took 0.166 seconds
[2024-05-23T19:39:36.803+0000] {processor.py:161} INFO - Started process (PID=5351) to work on /home/airflow/.local/lib/python3.12/site-packages/airflow/example_dags/example_params_ui_tutorial.py
[2024-05-23T19:39:36.804+0000] {processor.py:830} INFO - Processing file /home/airflow/.local/lib/python3.12/site-packages/airflow/example_dags/example_params_ui_tutorial.py for tasks to queue
[2024-05-23T19:39:36.808+0000] {logging_mixin.py:188} INFO - [2024-05-23T19:39:36.808+0000] {dagbag.py:545} INFO - Filling up the DagBag from /home/airflow/.local/lib/python3.12/site-packages/airflow/example_dags/example_params_ui_tutorial.py
[2024-05-23T19:39:36.827+0000] {processor.py:840} INFO - DAG(s) 'example_params_ui_tutorial' retrieved from /home/airflow/.local/lib/python3.12/site-packages/airflow/example_dags/example_params_ui_tutorial.py
[2024-05-23T19:39:36.911+0000] {logging_mixin.py:188} INFO - [2024-05-23T19:39:36.911+0000] {dag.py:3096} INFO - Sync 1 DAGs
[2024-05-23T19:39:36.930+0000] {logging_mixin.py:188} INFO - [2024-05-23T19:39:36.929+0000] {dag.py:3954} INFO - Setting next_dagrun for example_params_ui_tutorial to None, run_after=None
[2024-05-23T19:39:36.958+0000] {processor.py:183} INFO - Processing /home/airflow/.local/lib/python3.12/site-packages/airflow/example_dags/example_params_ui_tutorial.py took 0.165 seconds
[2024-05-23T19:40:07.509+0000] {processor.py:161} INFO - Started process (PID=5613) to work on /home/airflow/.local/lib/python3.12/site-packages/airflow/example_dags/example_params_ui_tutorial.py
[2024-05-23T19:40:07.511+0000] {processor.py:830} INFO - Processing file /home/airflow/.local/lib/python3.12/site-packages/airflow/example_dags/example_params_ui_tutorial.py for tasks to queue
[2024-05-23T19:40:07.513+0000] {logging_mixin.py:188} INFO - [2024-05-23T19:40:07.513+0000] {dagbag.py:545} INFO - Filling up the DagBag from /home/airflow/.local/lib/python3.12/site-packages/airflow/example_dags/example_params_ui_tutorial.py
[2024-05-23T19:40:07.532+0000] {processor.py:840} INFO - DAG(s) 'example_params_ui_tutorial' retrieved from /home/airflow/.local/lib/python3.12/site-packages/airflow/example_dags/example_params_ui_tutorial.py
[2024-05-23T19:40:07.623+0000] {logging_mixin.py:188} INFO - [2024-05-23T19:40:07.622+0000] {dag.py:3096} INFO - Sync 1 DAGs
[2024-05-23T19:40:07.643+0000] {logging_mixin.py:188} INFO - [2024-05-23T19:40:07.642+0000] {dag.py:3954} INFO - Setting next_dagrun for example_params_ui_tutorial to None, run_after=None
[2024-05-23T19:40:07.671+0000] {processor.py:183} INFO - Processing /home/airflow/.local/lib/python3.12/site-packages/airflow/example_dags/example_params_ui_tutorial.py took 0.172 seconds
[2024-05-23T19:40:38.206+0000] {processor.py:161} INFO - Started process (PID=5875) to work on /home/airflow/.local/lib/python3.12/site-packages/airflow/example_dags/example_params_ui_tutorial.py
[2024-05-23T19:40:38.209+0000] {processor.py:830} INFO - Processing file /home/airflow/.local/lib/python3.12/site-packages/airflow/example_dags/example_params_ui_tutorial.py for tasks to queue
[2024-05-23T19:40:38.212+0000] {logging_mixin.py:188} INFO - [2024-05-23T19:40:38.212+0000] {dagbag.py:545} INFO - Filling up the DagBag from /home/airflow/.local/lib/python3.12/site-packages/airflow/example_dags/example_params_ui_tutorial.py
[2024-05-23T19:40:38.231+0000] {processor.py:840} INFO - DAG(s) 'example_params_ui_tutorial' retrieved from /home/airflow/.local/lib/python3.12/site-packages/airflow/example_dags/example_params_ui_tutorial.py
[2024-05-23T19:40:38.318+0000] {logging_mixin.py:188} INFO - [2024-05-23T19:40:38.318+0000] {dag.py:3096} INFO - Sync 1 DAGs
[2024-05-23T19:40:38.337+0000] {logging_mixin.py:188} INFO - [2024-05-23T19:40:38.337+0000] {dag.py:3954} INFO - Setting next_dagrun for example_params_ui_tutorial to None, run_after=None
[2024-05-23T19:40:38.366+0000] {processor.py:183} INFO - Processing /home/airflow/.local/lib/python3.12/site-packages/airflow/example_dags/example_params_ui_tutorial.py took 0.168 seconds
[2024-05-23T19:41:08.855+0000] {processor.py:161} INFO - Started process (PID=6137) to work on /home/airflow/.local/lib/python3.12/site-packages/airflow/example_dags/example_params_ui_tutorial.py
[2024-05-23T19:41:08.857+0000] {processor.py:830} INFO - Processing file /home/airflow/.local/lib/python3.12/site-packages/airflow/example_dags/example_params_ui_tutorial.py for tasks to queue
[2024-05-23T19:41:08.860+0000] {logging_mixin.py:188} INFO - [2024-05-23T19:41:08.859+0000] {dagbag.py:545} INFO - Filling up the DagBag from /home/airflow/.local/lib/python3.12/site-packages/airflow/example_dags/example_params_ui_tutorial.py
[2024-05-23T19:41:08.878+0000] {processor.py:840} INFO - DAG(s) 'example_params_ui_tutorial' retrieved from /home/airflow/.local/lib/python3.12/site-packages/airflow/example_dags/example_params_ui_tutorial.py
[2024-05-23T19:41:08.962+0000] {logging_mixin.py:188} INFO - [2024-05-23T19:41:08.962+0000] {dag.py:3096} INFO - Sync 1 DAGs
[2024-05-23T19:41:08.981+0000] {logging_mixin.py:188} INFO - [2024-05-23T19:41:08.981+0000] {dag.py:3954} INFO - Setting next_dagrun for example_params_ui_tutorial to None, run_after=None
[2024-05-23T19:41:09.011+0000] {processor.py:183} INFO - Processing /home/airflow/.local/lib/python3.12/site-packages/airflow/example_dags/example_params_ui_tutorial.py took 0.164 seconds
[2024-05-23T19:41:39.721+0000] {processor.py:161} INFO - Started process (PID=6399) to work on /home/airflow/.local/lib/python3.12/site-packages/airflow/example_dags/example_params_ui_tutorial.py
[2024-05-23T19:41:39.723+0000] {processor.py:830} INFO - Processing file /home/airflow/.local/lib/python3.12/site-packages/airflow/example_dags/example_params_ui_tutorial.py for tasks to queue
[2024-05-23T19:41:39.727+0000] {logging_mixin.py:188} INFO - [2024-05-23T19:41:39.727+0000] {dagbag.py:545} INFO - Filling up the DagBag from /home/airflow/.local/lib/python3.12/site-packages/airflow/example_dags/example_params_ui_tutorial.py
[2024-05-23T19:41:39.753+0000] {processor.py:840} INFO - DAG(s) 'example_params_ui_tutorial' retrieved from /home/airflow/.local/lib/python3.12/site-packages/airflow/example_dags/example_params_ui_tutorial.py
[2024-05-23T19:41:39.842+0000] {logging_mixin.py:188} INFO - [2024-05-23T19:41:39.842+0000] {dag.py:3096} INFO - Sync 1 DAGs
[2024-05-23T19:41:39.863+0000] {logging_mixin.py:188} INFO - [2024-05-23T19:41:39.863+0000] {dag.py:3954} INFO - Setting next_dagrun for example_params_ui_tutorial to None, run_after=None
[2024-05-23T19:41:39.895+0000] {processor.py:183} INFO - Processing /home/airflow/.local/lib/python3.12/site-packages/airflow/example_dags/example_params_ui_tutorial.py took 0.190 seconds
[2024-05-23T19:42:09.973+0000] {processor.py:161} INFO - Started process (PID=6660) to work on /home/airflow/.local/lib/python3.12/site-packages/airflow/example_dags/example_params_ui_tutorial.py
[2024-05-23T19:42:09.975+0000] {processor.py:830} INFO - Processing file /home/airflow/.local/lib/python3.12/site-packages/airflow/example_dags/example_params_ui_tutorial.py for tasks to queue
[2024-05-23T19:42:09.978+0000] {logging_mixin.py:188} INFO - [2024-05-23T19:42:09.977+0000] {dagbag.py:545} INFO - Filling up the DagBag from /home/airflow/.local/lib/python3.12/site-packages/airflow/example_dags/example_params_ui_tutorial.py
[2024-05-23T19:42:09.996+0000] {processor.py:840} INFO - DAG(s) 'example_params_ui_tutorial' retrieved from /home/airflow/.local/lib/python3.12/site-packages/airflow/example_dags/example_params_ui_tutorial.py
[2024-05-23T19:42:10.095+0000] {logging_mixin.py:188} INFO - [2024-05-23T19:42:10.095+0000] {dag.py:3096} INFO - Sync 1 DAGs
[2024-05-23T19:42:10.115+0000] {logging_mixin.py:188} INFO - [2024-05-23T19:42:10.115+0000] {dag.py:3954} INFO - Setting next_dagrun for example_params_ui_tutorial to None, run_after=None
[2024-05-23T19:42:10.142+0000] {processor.py:183} INFO - Processing /home/airflow/.local/lib/python3.12/site-packages/airflow/example_dags/example_params_ui_tutorial.py took 0.196 seconds
[2024-05-23T19:42:40.401+0000] {processor.py:161} INFO - Started process (PID=6922) to work on /home/airflow/.local/lib/python3.12/site-packages/airflow/example_dags/example_params_ui_tutorial.py
[2024-05-23T19:42:40.403+0000] {processor.py:830} INFO - Processing file /home/airflow/.local/lib/python3.12/site-packages/airflow/example_dags/example_params_ui_tutorial.py for tasks to queue
[2024-05-23T19:42:40.406+0000] {logging_mixin.py:188} INFO - [2024-05-23T19:42:40.405+0000] {dagbag.py:545} INFO - Filling up the DagBag from /home/airflow/.local/lib/python3.12/site-packages/airflow/example_dags/example_params_ui_tutorial.py
[2024-05-23T19:42:40.423+0000] {processor.py:840} INFO - DAG(s) 'example_params_ui_tutorial' retrieved from /home/airflow/.local/lib/python3.12/site-packages/airflow/example_dags/example_params_ui_tutorial.py
[2024-05-23T19:42:40.499+0000] {logging_mixin.py:188} INFO - [2024-05-23T19:42:40.499+0000] {dag.py:3096} INFO - Sync 1 DAGs
[2024-05-23T19:42:40.516+0000] {logging_mixin.py:188} INFO - [2024-05-23T19:42:40.516+0000] {dag.py:3954} INFO - Setting next_dagrun for example_params_ui_tutorial to None, run_after=None
[2024-05-23T19:42:40.541+0000] {processor.py:183} INFO - Processing /home/airflow/.local/lib/python3.12/site-packages/airflow/example_dags/example_params_ui_tutorial.py took 0.148 seconds
[2024-05-23T19:43:10.791+0000] {processor.py:161} INFO - Started process (PID=7184) to work on /home/airflow/.local/lib/python3.12/site-packages/airflow/example_dags/example_params_ui_tutorial.py
[2024-05-23T19:43:10.792+0000] {processor.py:830} INFO - Processing file /home/airflow/.local/lib/python3.12/site-packages/airflow/example_dags/example_params_ui_tutorial.py for tasks to queue
[2024-05-23T19:43:10.796+0000] {logging_mixin.py:188} INFO - [2024-05-23T19:43:10.795+0000] {dagbag.py:545} INFO - Filling up the DagBag from /home/airflow/.local/lib/python3.12/site-packages/airflow/example_dags/example_params_ui_tutorial.py
[2024-05-23T19:43:10.813+0000] {processor.py:840} INFO - DAG(s) 'example_params_ui_tutorial' retrieved from /home/airflow/.local/lib/python3.12/site-packages/airflow/example_dags/example_params_ui_tutorial.py
[2024-05-23T19:43:10.896+0000] {logging_mixin.py:188} INFO - [2024-05-23T19:43:10.896+0000] {dag.py:3096} INFO - Sync 1 DAGs
[2024-05-23T19:43:10.915+0000] {logging_mixin.py:188} INFO - [2024-05-23T19:43:10.914+0000] {dag.py:3954} INFO - Setting next_dagrun for example_params_ui_tutorial to None, run_after=None
[2024-05-23T19:43:10.942+0000] {processor.py:183} INFO - Processing /home/airflow/.local/lib/python3.12/site-packages/airflow/example_dags/example_params_ui_tutorial.py took 0.160 seconds
[2024-05-23T19:43:41.328+0000] {processor.py:161} INFO - Started process (PID=7446) to work on /home/airflow/.local/lib/python3.12/site-packages/airflow/example_dags/example_params_ui_tutorial.py
[2024-05-23T19:43:41.330+0000] {processor.py:830} INFO - Processing file /home/airflow/.local/lib/python3.12/site-packages/airflow/example_dags/example_params_ui_tutorial.py for tasks to queue
[2024-05-23T19:43:41.333+0000] {logging_mixin.py:188} INFO - [2024-05-23T19:43:41.332+0000] {dagbag.py:545} INFO - Filling up the DagBag from /home/airflow/.local/lib/python3.12/site-packages/airflow/example_dags/example_params_ui_tutorial.py
[2024-05-23T19:43:41.350+0000] {processor.py:840} INFO - DAG(s) 'example_params_ui_tutorial' retrieved from /home/airflow/.local/lib/python3.12/site-packages/airflow/example_dags/example_params_ui_tutorial.py
[2024-05-23T19:43:41.436+0000] {logging_mixin.py:188} INFO - [2024-05-23T19:43:41.435+0000] {dag.py:3096} INFO - Sync 1 DAGs
[2024-05-23T19:43:41.455+0000] {logging_mixin.py:188} INFO - [2024-05-23T19:43:41.455+0000] {dag.py:3954} INFO - Setting next_dagrun for example_params_ui_tutorial to None, run_after=None
[2024-05-23T19:43:41.485+0000] {processor.py:183} INFO - Processing /home/airflow/.local/lib/python3.12/site-packages/airflow/example_dags/example_params_ui_tutorial.py took 0.166 seconds
[2024-05-23T19:44:11.802+0000] {processor.py:161} INFO - Started process (PID=7708) to work on /home/airflow/.local/lib/python3.12/site-packages/airflow/example_dags/example_params_ui_tutorial.py
[2024-05-23T19:44:11.803+0000] {processor.py:830} INFO - Processing file /home/airflow/.local/lib/python3.12/site-packages/airflow/example_dags/example_params_ui_tutorial.py for tasks to queue
[2024-05-23T19:44:11.806+0000] {logging_mixin.py:188} INFO - [2024-05-23T19:44:11.805+0000] {dagbag.py:545} INFO - Filling up the DagBag from /home/airflow/.local/lib/python3.12/site-packages/airflow/example_dags/example_params_ui_tutorial.py
[2024-05-23T19:44:11.823+0000] {processor.py:840} INFO - DAG(s) 'example_params_ui_tutorial' retrieved from /home/airflow/.local/lib/python3.12/site-packages/airflow/example_dags/example_params_ui_tutorial.py
[2024-05-23T19:44:11.906+0000] {logging_mixin.py:188} INFO - [2024-05-23T19:44:11.905+0000] {dag.py:3096} INFO - Sync 1 DAGs
[2024-05-23T19:44:11.924+0000] {logging_mixin.py:188} INFO - [2024-05-23T19:44:11.924+0000] {dag.py:3954} INFO - Setting next_dagrun for example_params_ui_tutorial to None, run_after=None
[2024-05-23T19:44:11.954+0000] {processor.py:183} INFO - Processing /home/airflow/.local/lib/python3.12/site-packages/airflow/example_dags/example_params_ui_tutorial.py took 0.160 seconds
[2024-05-23T19:44:42.314+0000] {processor.py:161} INFO - Started process (PID=7970) to work on /home/airflow/.local/lib/python3.12/site-packages/airflow/example_dags/example_params_ui_tutorial.py
[2024-05-23T19:44:42.315+0000] {processor.py:830} INFO - Processing file /home/airflow/.local/lib/python3.12/site-packages/airflow/example_dags/example_params_ui_tutorial.py for tasks to queue
[2024-05-23T19:44:42.318+0000] {logging_mixin.py:188} INFO - [2024-05-23T19:44:42.317+0000] {dagbag.py:545} INFO - Filling up the DagBag from /home/airflow/.local/lib/python3.12/site-packages/airflow/example_dags/example_params_ui_tutorial.py
[2024-05-23T19:44:42.333+0000] {processor.py:840} INFO - DAG(s) 'example_params_ui_tutorial' retrieved from /home/airflow/.local/lib/python3.12/site-packages/airflow/example_dags/example_params_ui_tutorial.py
[2024-05-23T19:44:42.409+0000] {logging_mixin.py:188} INFO - [2024-05-23T19:44:42.409+0000] {dag.py:3096} INFO - Sync 1 DAGs
[2024-05-23T19:44:42.426+0000] {logging_mixin.py:188} INFO - [2024-05-23T19:44:42.426+0000] {dag.py:3954} INFO - Setting next_dagrun for example_params_ui_tutorial to None, run_after=None
[2024-05-23T19:44:42.454+0000] {processor.py:183} INFO - Processing /home/airflow/.local/lib/python3.12/site-packages/airflow/example_dags/example_params_ui_tutorial.py took 0.148 seconds
[2024-05-23T19:45:12.856+0000] {processor.py:161} INFO - Started process (PID=8232) to work on /home/airflow/.local/lib/python3.12/site-packages/airflow/example_dags/example_params_ui_tutorial.py
[2024-05-23T19:45:12.858+0000] {processor.py:830} INFO - Processing file /home/airflow/.local/lib/python3.12/site-packages/airflow/example_dags/example_params_ui_tutorial.py for tasks to queue
[2024-05-23T19:45:12.861+0000] {logging_mixin.py:188} INFO - [2024-05-23T19:45:12.860+0000] {dagbag.py:545} INFO - Filling up the DagBag from /home/airflow/.local/lib/python3.12/site-packages/airflow/example_dags/example_params_ui_tutorial.py
[2024-05-23T19:45:12.877+0000] {processor.py:840} INFO - DAG(s) 'example_params_ui_tutorial' retrieved from /home/airflow/.local/lib/python3.12/site-packages/airflow/example_dags/example_params_ui_tutorial.py
[2024-05-23T19:45:12.950+0000] {logging_mixin.py:188} INFO - [2024-05-23T19:45:12.950+0000] {dag.py:3096} INFO - Sync 1 DAGs
[2024-05-23T19:45:12.965+0000] {logging_mixin.py:188} INFO - [2024-05-23T19:45:12.965+0000] {dag.py:3954} INFO - Setting next_dagrun for example_params_ui_tutorial to None, run_after=None
[2024-05-23T19:45:12.990+0000] {processor.py:183} INFO - Processing /home/airflow/.local/lib/python3.12/site-packages/airflow/example_dags/example_params_ui_tutorial.py took 0.142 seconds
[2024-05-23T19:45:43.742+0000] {processor.py:161} INFO - Started process (PID=8492) to work on /home/airflow/.local/lib/python3.12/site-packages/airflow/example_dags/example_params_ui_tutorial.py
[2024-05-23T19:45:43.744+0000] {processor.py:830} INFO - Processing file /home/airflow/.local/lib/python3.12/site-packages/airflow/example_dags/example_params_ui_tutorial.py for tasks to queue
[2024-05-23T19:45:43.746+0000] {logging_mixin.py:188} INFO - [2024-05-23T19:45:43.746+0000] {dagbag.py:545} INFO - Filling up the DagBag from /home/airflow/.local/lib/python3.12/site-packages/airflow/example_dags/example_params_ui_tutorial.py
[2024-05-23T19:45:43.762+0000] {processor.py:840} INFO - DAG(s) 'example_params_ui_tutorial' retrieved from /home/airflow/.local/lib/python3.12/site-packages/airflow/example_dags/example_params_ui_tutorial.py
[2024-05-23T19:45:43.837+0000] {logging_mixin.py:188} INFO - [2024-05-23T19:45:43.836+0000] {dag.py:3096} INFO - Sync 1 DAGs
[2024-05-23T19:45:43.850+0000] {logging_mixin.py:188} INFO - [2024-05-23T19:45:43.850+0000] {dag.py:3954} INFO - Setting next_dagrun for example_params_ui_tutorial to None, run_after=None
[2024-05-23T19:45:43.870+0000] {processor.py:183} INFO - Processing /home/airflow/.local/lib/python3.12/site-packages/airflow/example_dags/example_params_ui_tutorial.py took 0.137 seconds
[2024-05-23T19:46:13.919+0000] {processor.py:161} INFO - Started process (PID=8751) to work on /home/airflow/.local/lib/python3.12/site-packages/airflow/example_dags/example_params_ui_tutorial.py
[2024-05-23T19:46:13.920+0000] {processor.py:830} INFO - Processing file /home/airflow/.local/lib/python3.12/site-packages/airflow/example_dags/example_params_ui_tutorial.py for tasks to queue
[2024-05-23T19:46:13.922+0000] {logging_mixin.py:188} INFO - [2024-05-23T19:46:13.922+0000] {dagbag.py:545} INFO - Filling up the DagBag from /home/airflow/.local/lib/python3.12/site-packages/airflow/example_dags/example_params_ui_tutorial.py
[2024-05-23T19:46:13.935+0000] {processor.py:840} INFO - DAG(s) 'example_params_ui_tutorial' retrieved from /home/airflow/.local/lib/python3.12/site-packages/airflow/example_dags/example_params_ui_tutorial.py
[2024-05-23T19:46:13.990+0000] {logging_mixin.py:188} INFO - [2024-05-23T19:46:13.990+0000] {dag.py:3096} INFO - Sync 1 DAGs
[2024-05-23T19:46:14.003+0000] {logging_mixin.py:188} INFO - [2024-05-23T19:46:14.003+0000] {dag.py:3954} INFO - Setting next_dagrun for example_params_ui_tutorial to None, run_after=None
[2024-05-23T19:46:14.022+0000] {processor.py:183} INFO - Processing /home/airflow/.local/lib/python3.12/site-packages/airflow/example_dags/example_params_ui_tutorial.py took 0.109 seconds
[2024-05-23T19:46:44.106+0000] {processor.py:161} INFO - Started process (PID=9013) to work on /home/airflow/.local/lib/python3.12/site-packages/airflow/example_dags/example_params_ui_tutorial.py
[2024-05-23T19:46:44.108+0000] {processor.py:830} INFO - Processing file /home/airflow/.local/lib/python3.12/site-packages/airflow/example_dags/example_params_ui_tutorial.py for tasks to queue
[2024-05-23T19:46:44.111+0000] {logging_mixin.py:188} INFO - [2024-05-23T19:46:44.111+0000] {dagbag.py:545} INFO - Filling up the DagBag from /home/airflow/.local/lib/python3.12/site-packages/airflow/example_dags/example_params_ui_tutorial.py
[2024-05-23T19:46:44.127+0000] {processor.py:840} INFO - DAG(s) 'example_params_ui_tutorial' retrieved from /home/airflow/.local/lib/python3.12/site-packages/airflow/example_dags/example_params_ui_tutorial.py
[2024-05-23T19:46:44.194+0000] {logging_mixin.py:188} INFO - [2024-05-23T19:46:44.194+0000] {dag.py:3096} INFO - Sync 1 DAGs
[2024-05-23T19:46:44.206+0000] {logging_mixin.py:188} INFO - [2024-05-23T19:46:44.206+0000] {dag.py:3954} INFO - Setting next_dagrun for example_params_ui_tutorial to None, run_after=None
[2024-05-23T19:46:44.224+0000] {processor.py:183} INFO - Processing /home/airflow/.local/lib/python3.12/site-packages/airflow/example_dags/example_params_ui_tutorial.py took 0.126 seconds
[2024-05-23T19:47:14.432+0000] {processor.py:161} INFO - Started process (PID=9275) to work on /home/airflow/.local/lib/python3.12/site-packages/airflow/example_dags/example_params_ui_tutorial.py
[2024-05-23T19:47:14.433+0000] {processor.py:830} INFO - Processing file /home/airflow/.local/lib/python3.12/site-packages/airflow/example_dags/example_params_ui_tutorial.py for tasks to queue
[2024-05-23T19:47:14.436+0000] {logging_mixin.py:188} INFO - [2024-05-23T19:47:14.435+0000] {dagbag.py:545} INFO - Filling up the DagBag from /home/airflow/.local/lib/python3.12/site-packages/airflow/example_dags/example_params_ui_tutorial.py
[2024-05-23T19:47:14.451+0000] {processor.py:840} INFO - DAG(s) 'example_params_ui_tutorial' retrieved from /home/airflow/.local/lib/python3.12/site-packages/airflow/example_dags/example_params_ui_tutorial.py
[2024-05-23T19:47:14.517+0000] {logging_mixin.py:188} INFO - [2024-05-23T19:47:14.517+0000] {dag.py:3096} INFO - Sync 1 DAGs
[2024-05-23T19:47:14.530+0000] {logging_mixin.py:188} INFO - [2024-05-23T19:47:14.529+0000] {dag.py:3954} INFO - Setting next_dagrun for example_params_ui_tutorial to None, run_after=None
[2024-05-23T19:47:14.547+0000] {processor.py:183} INFO - Processing /home/airflow/.local/lib/python3.12/site-packages/airflow/example_dags/example_params_ui_tutorial.py took 0.123 seconds
[2024-05-23T19:47:44.637+0000] {processor.py:161} INFO - Started process (PID=9537) to work on /home/airflow/.local/lib/python3.12/site-packages/airflow/example_dags/example_params_ui_tutorial.py
[2024-05-23T19:47:44.638+0000] {processor.py:830} INFO - Processing file /home/airflow/.local/lib/python3.12/site-packages/airflow/example_dags/example_params_ui_tutorial.py for tasks to queue
[2024-05-23T19:47:44.641+0000] {logging_mixin.py:188} INFO - [2024-05-23T19:47:44.640+0000] {dagbag.py:545} INFO - Filling up the DagBag from /home/airflow/.local/lib/python3.12/site-packages/airflow/example_dags/example_params_ui_tutorial.py
[2024-05-23T19:47:44.657+0000] {processor.py:840} INFO - DAG(s) 'example_params_ui_tutorial' retrieved from /home/airflow/.local/lib/python3.12/site-packages/airflow/example_dags/example_params_ui_tutorial.py
[2024-05-23T19:47:44.735+0000] {logging_mixin.py:188} INFO - [2024-05-23T19:47:44.734+0000] {dag.py:3096} INFO - Sync 1 DAGs
[2024-05-23T19:47:44.760+0000] {logging_mixin.py:188} INFO - [2024-05-23T19:47:44.759+0000] {dag.py:3954} INFO - Setting next_dagrun for example_params_ui_tutorial to None, run_after=None
[2024-05-23T19:47:44.789+0000] {processor.py:183} INFO - Processing /home/airflow/.local/lib/python3.12/site-packages/airflow/example_dags/example_params_ui_tutorial.py took 0.160 seconds
[2024-05-23T19:48:15.020+0000] {processor.py:161} INFO - Started process (PID=9805) to work on /home/airflow/.local/lib/python3.12/site-packages/airflow/example_dags/example_params_ui_tutorial.py
[2024-05-23T19:48:15.021+0000] {processor.py:830} INFO - Processing file /home/airflow/.local/lib/python3.12/site-packages/airflow/example_dags/example_params_ui_tutorial.py for tasks to queue
[2024-05-23T19:48:15.024+0000] {logging_mixin.py:188} INFO - [2024-05-23T19:48:15.024+0000] {dagbag.py:545} INFO - Filling up the DagBag from /home/airflow/.local/lib/python3.12/site-packages/airflow/example_dags/example_params_ui_tutorial.py
[2024-05-23T19:48:15.043+0000] {processor.py:840} INFO - DAG(s) 'example_params_ui_tutorial' retrieved from /home/airflow/.local/lib/python3.12/site-packages/airflow/example_dags/example_params_ui_tutorial.py
[2024-05-23T19:48:15.127+0000] {logging_mixin.py:188} INFO - [2024-05-23T19:48:15.127+0000] {dag.py:3096} INFO - Sync 1 DAGs
[2024-05-23T19:48:15.148+0000] {logging_mixin.py:188} INFO - [2024-05-23T19:48:15.147+0000] {dag.py:3954} INFO - Setting next_dagrun for example_params_ui_tutorial to None, run_after=None
[2024-05-23T19:48:15.177+0000] {processor.py:183} INFO - Processing /home/airflow/.local/lib/python3.12/site-packages/airflow/example_dags/example_params_ui_tutorial.py took 0.167 seconds
[2024-05-23T19:48:45.599+0000] {processor.py:161} INFO - Started process (PID=10067) to work on /home/airflow/.local/lib/python3.12/site-packages/airflow/example_dags/example_params_ui_tutorial.py
[2024-05-23T19:48:45.601+0000] {processor.py:830} INFO - Processing file /home/airflow/.local/lib/python3.12/site-packages/airflow/example_dags/example_params_ui_tutorial.py for tasks to queue
[2024-05-23T19:48:45.604+0000] {logging_mixin.py:188} INFO - [2024-05-23T19:48:45.604+0000] {dagbag.py:545} INFO - Filling up the DagBag from /home/airflow/.local/lib/python3.12/site-packages/airflow/example_dags/example_params_ui_tutorial.py
[2024-05-23T19:48:45.622+0000] {processor.py:840} INFO - DAG(s) 'example_params_ui_tutorial' retrieved from /home/airflow/.local/lib/python3.12/site-packages/airflow/example_dags/example_params_ui_tutorial.py
[2024-05-23T19:48:45.704+0000] {logging_mixin.py:188} INFO - [2024-05-23T19:48:45.704+0000] {dag.py:3096} INFO - Sync 1 DAGs
[2024-05-23T19:48:45.723+0000] {logging_mixin.py:188} INFO - [2024-05-23T19:48:45.723+0000] {dag.py:3954} INFO - Setting next_dagrun for example_params_ui_tutorial to None, run_after=None
[2024-05-23T19:48:45.750+0000] {processor.py:183} INFO - Processing /home/airflow/.local/lib/python3.12/site-packages/airflow/example_dags/example_params_ui_tutorial.py took 0.159 seconds
[2024-05-23T19:49:15.857+0000] {processor.py:161} INFO - Started process (PID=10329) to work on /home/airflow/.local/lib/python3.12/site-packages/airflow/example_dags/example_params_ui_tutorial.py
[2024-05-23T19:49:15.859+0000] {processor.py:830} INFO - Processing file /home/airflow/.local/lib/python3.12/site-packages/airflow/example_dags/example_params_ui_tutorial.py for tasks to queue
[2024-05-23T19:49:15.862+0000] {logging_mixin.py:188} INFO - [2024-05-23T19:49:15.861+0000] {dagbag.py:545} INFO - Filling up the DagBag from /home/airflow/.local/lib/python3.12/site-packages/airflow/example_dags/example_params_ui_tutorial.py
[2024-05-23T19:49:15.880+0000] {processor.py:840} INFO - DAG(s) 'example_params_ui_tutorial' retrieved from /home/airflow/.local/lib/python3.12/site-packages/airflow/example_dags/example_params_ui_tutorial.py
[2024-05-23T19:49:15.961+0000] {logging_mixin.py:188} INFO - [2024-05-23T19:49:15.961+0000] {dag.py:3096} INFO - Sync 1 DAGs
[2024-05-23T19:49:16.125+0000] {logging_mixin.py:188} INFO - [2024-05-23T19:49:16.125+0000] {dag.py:3954} INFO - Setting next_dagrun for example_params_ui_tutorial to None, run_after=None
[2024-05-23T19:49:16.152+0000] {processor.py:183} INFO - Processing /home/airflow/.local/lib/python3.12/site-packages/airflow/example_dags/example_params_ui_tutorial.py took 0.303 seconds
[2024-05-23T19:49:46.355+0000] {processor.py:161} INFO - Started process (PID=10591) to work on /home/airflow/.local/lib/python3.12/site-packages/airflow/example_dags/example_params_ui_tutorial.py
[2024-05-23T19:49:46.357+0000] {processor.py:830} INFO - Processing file /home/airflow/.local/lib/python3.12/site-packages/airflow/example_dags/example_params_ui_tutorial.py for tasks to queue
[2024-05-23T19:49:46.359+0000] {logging_mixin.py:188} INFO - [2024-05-23T19:49:46.359+0000] {dagbag.py:545} INFO - Filling up the DagBag from /home/airflow/.local/lib/python3.12/site-packages/airflow/example_dags/example_params_ui_tutorial.py
[2024-05-23T19:49:46.376+0000] {processor.py:840} INFO - DAG(s) 'example_params_ui_tutorial' retrieved from /home/airflow/.local/lib/python3.12/site-packages/airflow/example_dags/example_params_ui_tutorial.py
[2024-05-23T19:49:46.456+0000] {logging_mixin.py:188} INFO - [2024-05-23T19:49:46.456+0000] {dag.py:3096} INFO - Sync 1 DAGs
[2024-05-23T19:49:46.475+0000] {logging_mixin.py:188} INFO - [2024-05-23T19:49:46.475+0000] {dag.py:3954} INFO - Setting next_dagrun for example_params_ui_tutorial to None, run_after=None
[2024-05-23T19:49:46.649+0000] {processor.py:183} INFO - Processing /home/airflow/.local/lib/python3.12/site-packages/airflow/example_dags/example_params_ui_tutorial.py took 0.303 seconds
[2024-05-23T19:50:16.993+0000] {processor.py:161} INFO - Started process (PID=10853) to work on /home/airflow/.local/lib/python3.12/site-packages/airflow/example_dags/example_params_ui_tutorial.py
[2024-05-23T19:50:16.994+0000] {processor.py:830} INFO - Processing file /home/airflow/.local/lib/python3.12/site-packages/airflow/example_dags/example_params_ui_tutorial.py for tasks to queue
[2024-05-23T19:50:16.997+0000] {logging_mixin.py:188} INFO - [2024-05-23T19:50:16.997+0000] {dagbag.py:545} INFO - Filling up the DagBag from /home/airflow/.local/lib/python3.12/site-packages/airflow/example_dags/example_params_ui_tutorial.py
[2024-05-23T19:50:17.013+0000] {processor.py:840} INFO - DAG(s) 'example_params_ui_tutorial' retrieved from /home/airflow/.local/lib/python3.12/site-packages/airflow/example_dags/example_params_ui_tutorial.py
[2024-05-23T19:50:17.096+0000] {logging_mixin.py:188} INFO - [2024-05-23T19:50:17.096+0000] {dag.py:3096} INFO - Sync 1 DAGs
[2024-05-23T19:50:17.115+0000] {logging_mixin.py:188} INFO - [2024-05-23T19:50:17.115+0000] {dag.py:3954} INFO - Setting next_dagrun for example_params_ui_tutorial to None, run_after=None
[2024-05-23T19:50:17.142+0000] {processor.py:183} INFO - Processing /home/airflow/.local/lib/python3.12/site-packages/airflow/example_dags/example_params_ui_tutorial.py took 0.158 seconds
[2024-05-23T19:50:47.260+0000] {processor.py:161} INFO - Started process (PID=11113) to work on /home/airflow/.local/lib/python3.12/site-packages/airflow/example_dags/example_params_ui_tutorial.py
[2024-05-23T19:50:47.262+0000] {processor.py:830} INFO - Processing file /home/airflow/.local/lib/python3.12/site-packages/airflow/example_dags/example_params_ui_tutorial.py for tasks to queue
[2024-05-23T19:50:47.265+0000] {logging_mixin.py:188} INFO - [2024-05-23T19:50:47.264+0000] {dagbag.py:545} INFO - Filling up the DagBag from /home/airflow/.local/lib/python3.12/site-packages/airflow/example_dags/example_params_ui_tutorial.py
[2024-05-23T19:50:47.282+0000] {processor.py:840} INFO - DAG(s) 'example_params_ui_tutorial' retrieved from /home/airflow/.local/lib/python3.12/site-packages/airflow/example_dags/example_params_ui_tutorial.py
[2024-05-23T19:50:47.367+0000] {logging_mixin.py:188} INFO - [2024-05-23T19:50:47.367+0000] {dag.py:3096} INFO - Sync 1 DAGs
[2024-05-23T19:50:47.386+0000] {logging_mixin.py:188} INFO - [2024-05-23T19:50:47.386+0000] {dag.py:3954} INFO - Setting next_dagrun for example_params_ui_tutorial to None, run_after=None
[2024-05-23T19:50:47.415+0000] {processor.py:183} INFO - Processing /home/airflow/.local/lib/python3.12/site-packages/airflow/example_dags/example_params_ui_tutorial.py took 0.164 seconds
[2024-05-23T19:51:17.677+0000] {processor.py:161} INFO - Started process (PID=11369) to work on /home/airflow/.local/lib/python3.12/site-packages/airflow/example_dags/example_params_ui_tutorial.py
[2024-05-23T19:51:17.679+0000] {processor.py:830} INFO - Processing file /home/airflow/.local/lib/python3.12/site-packages/airflow/example_dags/example_params_ui_tutorial.py for tasks to queue
[2024-05-23T19:51:17.682+0000] {logging_mixin.py:188} INFO - [2024-05-23T19:51:17.681+0000] {dagbag.py:545} INFO - Filling up the DagBag from /home/airflow/.local/lib/python3.12/site-packages/airflow/example_dags/example_params_ui_tutorial.py
[2024-05-23T19:51:17.701+0000] {processor.py:840} INFO - DAG(s) 'example_params_ui_tutorial' retrieved from /home/airflow/.local/lib/python3.12/site-packages/airflow/example_dags/example_params_ui_tutorial.py
[2024-05-23T19:51:17.787+0000] {logging_mixin.py:188} INFO - [2024-05-23T19:51:17.787+0000] {dag.py:3096} INFO - Sync 1 DAGs
[2024-05-23T19:51:17.810+0000] {logging_mixin.py:188} INFO - [2024-05-23T19:51:17.809+0000] {dag.py:3954} INFO - Setting next_dagrun for example_params_ui_tutorial to None, run_after=None
[2024-05-23T19:51:17.839+0000] {processor.py:183} INFO - Processing /home/airflow/.local/lib/python3.12/site-packages/airflow/example_dags/example_params_ui_tutorial.py took 0.171 seconds
[2024-05-23T19:51:47.980+0000] {processor.py:161} INFO - Started process (PID=11631) to work on /home/airflow/.local/lib/python3.12/site-packages/airflow/example_dags/example_params_ui_tutorial.py
[2024-05-23T19:51:47.982+0000] {processor.py:830} INFO - Processing file /home/airflow/.local/lib/python3.12/site-packages/airflow/example_dags/example_params_ui_tutorial.py for tasks to queue
[2024-05-23T19:51:47.985+0000] {logging_mixin.py:188} INFO - [2024-05-23T19:51:47.984+0000] {dagbag.py:545} INFO - Filling up the DagBag from /home/airflow/.local/lib/python3.12/site-packages/airflow/example_dags/example_params_ui_tutorial.py
[2024-05-23T19:51:48.004+0000] {processor.py:840} INFO - DAG(s) 'example_params_ui_tutorial' retrieved from /home/airflow/.local/lib/python3.12/site-packages/airflow/example_dags/example_params_ui_tutorial.py
[2024-05-23T19:51:48.103+0000] {logging_mixin.py:188} INFO - [2024-05-23T19:51:48.103+0000] {dag.py:3096} INFO - Sync 1 DAGs
[2024-05-23T19:51:48.124+0000] {logging_mixin.py:188} INFO - [2024-05-23T19:51:48.124+0000] {dag.py:3954} INFO - Setting next_dagrun for example_params_ui_tutorial to None, run_after=None
[2024-05-23T19:51:48.153+0000] {processor.py:183} INFO - Processing /home/airflow/.local/lib/python3.12/site-packages/airflow/example_dags/example_params_ui_tutorial.py took 0.182 seconds
[2024-05-23T19:52:18.229+0000] {processor.py:161} INFO - Started process (PID=11893) to work on /home/airflow/.local/lib/python3.12/site-packages/airflow/example_dags/example_params_ui_tutorial.py
[2024-05-23T19:52:18.230+0000] {processor.py:830} INFO - Processing file /home/airflow/.local/lib/python3.12/site-packages/airflow/example_dags/example_params_ui_tutorial.py for tasks to queue
[2024-05-23T19:52:18.233+0000] {logging_mixin.py:188} INFO - [2024-05-23T19:52:18.233+0000] {dagbag.py:545} INFO - Filling up the DagBag from /home/airflow/.local/lib/python3.12/site-packages/airflow/example_dags/example_params_ui_tutorial.py
[2024-05-23T19:52:18.251+0000] {processor.py:840} INFO - DAG(s) 'example_params_ui_tutorial' retrieved from /home/airflow/.local/lib/python3.12/site-packages/airflow/example_dags/example_params_ui_tutorial.py
[2024-05-23T19:52:18.337+0000] {logging_mixin.py:188} INFO - [2024-05-23T19:52:18.336+0000] {dag.py:3096} INFO - Sync 1 DAGs
[2024-05-23T19:52:18.355+0000] {logging_mixin.py:188} INFO - [2024-05-23T19:52:18.355+0000] {dag.py:3954} INFO - Setting next_dagrun for example_params_ui_tutorial to None, run_after=None
[2024-05-23T19:52:18.383+0000] {processor.py:183} INFO - Processing /home/airflow/.local/lib/python3.12/site-packages/airflow/example_dags/example_params_ui_tutorial.py took 0.163 seconds
[2024-05-23T19:52:48.490+0000] {processor.py:161} INFO - Started process (PID=12155) to work on /home/airflow/.local/lib/python3.12/site-packages/airflow/example_dags/example_params_ui_tutorial.py
[2024-05-23T19:52:48.493+0000] {processor.py:830} INFO - Processing file /home/airflow/.local/lib/python3.12/site-packages/airflow/example_dags/example_params_ui_tutorial.py for tasks to queue
[2024-05-23T19:52:48.495+0000] {logging_mixin.py:188} INFO - [2024-05-23T19:52:48.495+0000] {dagbag.py:545} INFO - Filling up the DagBag from /home/airflow/.local/lib/python3.12/site-packages/airflow/example_dags/example_params_ui_tutorial.py
[2024-05-23T19:52:48.515+0000] {processor.py:840} INFO - DAG(s) 'example_params_ui_tutorial' retrieved from /home/airflow/.local/lib/python3.12/site-packages/airflow/example_dags/example_params_ui_tutorial.py
[2024-05-23T19:52:48.600+0000] {logging_mixin.py:188} INFO - [2024-05-23T19:52:48.599+0000] {dag.py:3096} INFO - Sync 1 DAGs
[2024-05-23T19:52:48.618+0000] {logging_mixin.py:188} INFO - [2024-05-23T19:52:48.618+0000] {dag.py:3954} INFO - Setting next_dagrun for example_params_ui_tutorial to None, run_after=None
[2024-05-23T19:52:48.646+0000] {processor.py:183} INFO - Processing /home/airflow/.local/lib/python3.12/site-packages/airflow/example_dags/example_params_ui_tutorial.py took 0.165 seconds
[2024-05-23T19:53:18.842+0000] {processor.py:161} INFO - Started process (PID=12417) to work on /home/airflow/.local/lib/python3.12/site-packages/airflow/example_dags/example_params_ui_tutorial.py
[2024-05-23T19:53:18.844+0000] {processor.py:830} INFO - Processing file /home/airflow/.local/lib/python3.12/site-packages/airflow/example_dags/example_params_ui_tutorial.py for tasks to queue
[2024-05-23T19:53:18.847+0000] {logging_mixin.py:188} INFO - [2024-05-23T19:53:18.846+0000] {dagbag.py:545} INFO - Filling up the DagBag from /home/airflow/.local/lib/python3.12/site-packages/airflow/example_dags/example_params_ui_tutorial.py
[2024-05-23T19:53:18.865+0000] {processor.py:840} INFO - DAG(s) 'example_params_ui_tutorial' retrieved from /home/airflow/.local/lib/python3.12/site-packages/airflow/example_dags/example_params_ui_tutorial.py
[2024-05-23T19:53:18.948+0000] {logging_mixin.py:188} INFO - [2024-05-23T19:53:18.948+0000] {dag.py:3096} INFO - Sync 1 DAGs
[2024-05-23T19:53:18.967+0000] {logging_mixin.py:188} INFO - [2024-05-23T19:53:18.967+0000] {dag.py:3954} INFO - Setting next_dagrun for example_params_ui_tutorial to None, run_after=None
[2024-05-23T19:53:18.993+0000] {processor.py:183} INFO - Processing /home/airflow/.local/lib/python3.12/site-packages/airflow/example_dags/example_params_ui_tutorial.py took 0.160 seconds
[2024-05-23T19:53:49.051+0000] {processor.py:161} INFO - Started process (PID=12679) to work on /home/airflow/.local/lib/python3.12/site-packages/airflow/example_dags/example_params_ui_tutorial.py
[2024-05-23T19:53:49.052+0000] {processor.py:830} INFO - Processing file /home/airflow/.local/lib/python3.12/site-packages/airflow/example_dags/example_params_ui_tutorial.py for tasks to queue
[2024-05-23T19:53:49.055+0000] {logging_mixin.py:188} INFO - [2024-05-23T19:53:49.054+0000] {dagbag.py:545} INFO - Filling up the DagBag from /home/airflow/.local/lib/python3.12/site-packages/airflow/example_dags/example_params_ui_tutorial.py
[2024-05-23T19:53:49.073+0000] {processor.py:840} INFO - DAG(s) 'example_params_ui_tutorial' retrieved from /home/airflow/.local/lib/python3.12/site-packages/airflow/example_dags/example_params_ui_tutorial.py
[2024-05-23T19:53:49.158+0000] {logging_mixin.py:188} INFO - [2024-05-23T19:53:49.157+0000] {dag.py:3096} INFO - Sync 1 DAGs
[2024-05-23T19:53:49.178+0000] {logging_mixin.py:188} INFO - [2024-05-23T19:53:49.177+0000] {dag.py:3954} INFO - Setting next_dagrun for example_params_ui_tutorial to None, run_after=None
[2024-05-23T19:53:49.204+0000] {processor.py:183} INFO - Processing /home/airflow/.local/lib/python3.12/site-packages/airflow/example_dags/example_params_ui_tutorial.py took 0.162 seconds
[2024-05-23T19:54:19.658+0000] {processor.py:161} INFO - Started process (PID=12941) to work on /home/airflow/.local/lib/python3.12/site-packages/airflow/example_dags/example_params_ui_tutorial.py
[2024-05-23T19:54:19.661+0000] {processor.py:830} INFO - Processing file /home/airflow/.local/lib/python3.12/site-packages/airflow/example_dags/example_params_ui_tutorial.py for tasks to queue
[2024-05-23T19:54:19.664+0000] {logging_mixin.py:188} INFO - [2024-05-23T19:54:19.663+0000] {dagbag.py:545} INFO - Filling up the DagBag from /home/airflow/.local/lib/python3.12/site-packages/airflow/example_dags/example_params_ui_tutorial.py
[2024-05-23T19:54:19.681+0000] {processor.py:840} INFO - DAG(s) 'example_params_ui_tutorial' retrieved from /home/airflow/.local/lib/python3.12/site-packages/airflow/example_dags/example_params_ui_tutorial.py
[2024-05-23T19:54:19.764+0000] {logging_mixin.py:188} INFO - [2024-05-23T19:54:19.764+0000] {dag.py:3096} INFO - Sync 1 DAGs
[2024-05-23T19:54:19.784+0000] {logging_mixin.py:188} INFO - [2024-05-23T19:54:19.783+0000] {dag.py:3954} INFO - Setting next_dagrun for example_params_ui_tutorial to None, run_after=None
[2024-05-23T19:54:19.811+0000] {processor.py:183} INFO - Processing /home/airflow/.local/lib/python3.12/site-packages/airflow/example_dags/example_params_ui_tutorial.py took 0.161 seconds
[2024-05-23T19:54:50.533+0000] {processor.py:161} INFO - Started process (PID=13203) to work on /home/airflow/.local/lib/python3.12/site-packages/airflow/example_dags/example_params_ui_tutorial.py
[2024-05-23T19:54:50.535+0000] {processor.py:830} INFO - Processing file /home/airflow/.local/lib/python3.12/site-packages/airflow/example_dags/example_params_ui_tutorial.py for tasks to queue
[2024-05-23T19:54:50.537+0000] {logging_mixin.py:188} INFO - [2024-05-23T19:54:50.537+0000] {dagbag.py:545} INFO - Filling up the DagBag from /home/airflow/.local/lib/python3.12/site-packages/airflow/example_dags/example_params_ui_tutorial.py
[2024-05-23T19:54:50.554+0000] {processor.py:840} INFO - DAG(s) 'example_params_ui_tutorial' retrieved from /home/airflow/.local/lib/python3.12/site-packages/airflow/example_dags/example_params_ui_tutorial.py
[2024-05-23T19:54:50.626+0000] {logging_mixin.py:188} INFO - [2024-05-23T19:54:50.626+0000] {dag.py:3096} INFO - Sync 1 DAGs
[2024-05-23T19:54:50.643+0000] {logging_mixin.py:188} INFO - [2024-05-23T19:54:50.643+0000] {dag.py:3954} INFO - Setting next_dagrun for example_params_ui_tutorial to None, run_after=None
[2024-05-23T19:54:50.666+0000] {processor.py:183} INFO - Processing /home/airflow/.local/lib/python3.12/site-packages/airflow/example_dags/example_params_ui_tutorial.py took 0.141 seconds
[2024-05-23T19:55:21.330+0000] {processor.py:161} INFO - Started process (PID=13465) to work on /home/airflow/.local/lib/python3.12/site-packages/airflow/example_dags/example_params_ui_tutorial.py
[2024-05-23T19:55:21.331+0000] {processor.py:830} INFO - Processing file /home/airflow/.local/lib/python3.12/site-packages/airflow/example_dags/example_params_ui_tutorial.py for tasks to queue
[2024-05-23T19:55:21.334+0000] {logging_mixin.py:188} INFO - [2024-05-23T19:55:21.334+0000] {dagbag.py:545} INFO - Filling up the DagBag from /home/airflow/.local/lib/python3.12/site-packages/airflow/example_dags/example_params_ui_tutorial.py
[2024-05-23T19:55:21.353+0000] {processor.py:840} INFO - DAG(s) 'example_params_ui_tutorial' retrieved from /home/airflow/.local/lib/python3.12/site-packages/airflow/example_dags/example_params_ui_tutorial.py
[2024-05-23T19:55:21.439+0000] {logging_mixin.py:188} INFO - [2024-05-23T19:55:21.439+0000] {dag.py:3096} INFO - Sync 1 DAGs
[2024-05-23T19:55:21.461+0000] {logging_mixin.py:188} INFO - [2024-05-23T19:55:21.461+0000] {dag.py:3954} INFO - Setting next_dagrun for example_params_ui_tutorial to None, run_after=None
[2024-05-23T19:55:21.488+0000] {processor.py:183} INFO - Processing /home/airflow/.local/lib/python3.12/site-packages/airflow/example_dags/example_params_ui_tutorial.py took 0.167 seconds
[2024-05-23T19:55:51.926+0000] {processor.py:161} INFO - Started process (PID=13727) to work on /home/airflow/.local/lib/python3.12/site-packages/airflow/example_dags/example_params_ui_tutorial.py
[2024-05-23T19:55:51.927+0000] {processor.py:830} INFO - Processing file /home/airflow/.local/lib/python3.12/site-packages/airflow/example_dags/example_params_ui_tutorial.py for tasks to queue
[2024-05-23T19:55:51.930+0000] {logging_mixin.py:188} INFO - [2024-05-23T19:55:51.930+0000] {dagbag.py:545} INFO - Filling up the DagBag from /home/airflow/.local/lib/python3.12/site-packages/airflow/example_dags/example_params_ui_tutorial.py
[2024-05-23T19:55:51.947+0000] {processor.py:840} INFO - DAG(s) 'example_params_ui_tutorial' retrieved from /home/airflow/.local/lib/python3.12/site-packages/airflow/example_dags/example_params_ui_tutorial.py
[2024-05-23T19:55:52.021+0000] {logging_mixin.py:188} INFO - [2024-05-23T19:55:52.021+0000] {dag.py:3096} INFO - Sync 1 DAGs
[2024-05-23T19:55:52.039+0000] {logging_mixin.py:188} INFO - [2024-05-23T19:55:52.038+0000] {dag.py:3954} INFO - Setting next_dagrun for example_params_ui_tutorial to None, run_after=None
[2024-05-23T19:55:52.064+0000] {processor.py:183} INFO - Processing /home/airflow/.local/lib/python3.12/site-packages/airflow/example_dags/example_params_ui_tutorial.py took 0.146 seconds
[2024-05-23T19:56:22.143+0000] {processor.py:161} INFO - Started process (PID=13989) to work on /home/airflow/.local/lib/python3.12/site-packages/airflow/example_dags/example_params_ui_tutorial.py
[2024-05-23T19:56:22.144+0000] {processor.py:830} INFO - Processing file /home/airflow/.local/lib/python3.12/site-packages/airflow/example_dags/example_params_ui_tutorial.py for tasks to queue
[2024-05-23T19:56:22.147+0000] {logging_mixin.py:188} INFO - [2024-05-23T19:56:22.147+0000] {dagbag.py:545} INFO - Filling up the DagBag from /home/airflow/.local/lib/python3.12/site-packages/airflow/example_dags/example_params_ui_tutorial.py
[2024-05-23T19:56:22.164+0000] {processor.py:840} INFO - DAG(s) 'example_params_ui_tutorial' retrieved from /home/airflow/.local/lib/python3.12/site-packages/airflow/example_dags/example_params_ui_tutorial.py
[2024-05-23T19:56:22.238+0000] {logging_mixin.py:188} INFO - [2024-05-23T19:56:22.238+0000] {dag.py:3096} INFO - Sync 1 DAGs
[2024-05-23T19:56:22.257+0000] {logging_mixin.py:188} INFO - [2024-05-23T19:56:22.256+0000] {dag.py:3954} INFO - Setting next_dagrun for example_params_ui_tutorial to None, run_after=None
[2024-05-23T19:56:22.280+0000] {processor.py:183} INFO - Processing /home/airflow/.local/lib/python3.12/site-packages/airflow/example_dags/example_params_ui_tutorial.py took 0.146 seconds
[2024-05-23T19:56:52.938+0000] {processor.py:161} INFO - Started process (PID=14251) to work on /home/airflow/.local/lib/python3.12/site-packages/airflow/example_dags/example_params_ui_tutorial.py
[2024-05-23T19:56:52.940+0000] {processor.py:830} INFO - Processing file /home/airflow/.local/lib/python3.12/site-packages/airflow/example_dags/example_params_ui_tutorial.py for tasks to queue
[2024-05-23T19:56:52.943+0000] {logging_mixin.py:188} INFO - [2024-05-23T19:56:52.943+0000] {dagbag.py:545} INFO - Filling up the DagBag from /home/airflow/.local/lib/python3.12/site-packages/airflow/example_dags/example_params_ui_tutorial.py
[2024-05-23T19:56:52.961+0000] {processor.py:840} INFO - DAG(s) 'example_params_ui_tutorial' retrieved from /home/airflow/.local/lib/python3.12/site-packages/airflow/example_dags/example_params_ui_tutorial.py
[2024-05-23T19:56:53.042+0000] {logging_mixin.py:188} INFO - [2024-05-23T19:56:53.041+0000] {dag.py:3096} INFO - Sync 1 DAGs
[2024-05-23T19:56:53.062+0000] {logging_mixin.py:188} INFO - [2024-05-23T19:56:53.062+0000] {dag.py:3954} INFO - Setting next_dagrun for example_params_ui_tutorial to None, run_after=None
[2024-05-23T19:56:53.087+0000] {processor.py:183} INFO - Processing /home/airflow/.local/lib/python3.12/site-packages/airflow/example_dags/example_params_ui_tutorial.py took 0.158 seconds
[2024-05-23T19:57:23.487+0000] {processor.py:161} INFO - Started process (PID=14513) to work on /home/airflow/.local/lib/python3.12/site-packages/airflow/example_dags/example_params_ui_tutorial.py
[2024-05-23T19:57:23.489+0000] {processor.py:830} INFO - Processing file /home/airflow/.local/lib/python3.12/site-packages/airflow/example_dags/example_params_ui_tutorial.py for tasks to queue
[2024-05-23T19:57:23.493+0000] {logging_mixin.py:188} INFO - [2024-05-23T19:57:23.492+0000] {dagbag.py:545} INFO - Filling up the DagBag from /home/airflow/.local/lib/python3.12/site-packages/airflow/example_dags/example_params_ui_tutorial.py
[2024-05-23T19:57:23.510+0000] {processor.py:840} INFO - DAG(s) 'example_params_ui_tutorial' retrieved from /home/airflow/.local/lib/python3.12/site-packages/airflow/example_dags/example_params_ui_tutorial.py
[2024-05-23T19:57:23.584+0000] {logging_mixin.py:188} INFO - [2024-05-23T19:57:23.584+0000] {dag.py:3096} INFO - Sync 1 DAGs
[2024-05-23T19:57:23.602+0000] {logging_mixin.py:188} INFO - [2024-05-23T19:57:23.602+0000] {dag.py:3954} INFO - Setting next_dagrun for example_params_ui_tutorial to None, run_after=None
[2024-05-23T19:57:23.625+0000] {processor.py:183} INFO - Processing /home/airflow/.local/lib/python3.12/site-packages/airflow/example_dags/example_params_ui_tutorial.py took 0.147 seconds
[2024-05-23T19:58:11.942+0000] {processor.py:161} INFO - Started process (PID=14780) to work on /home/airflow/.local/lib/python3.12/site-packages/airflow/example_dags/example_params_ui_tutorial.py
[2024-05-23T19:58:11.944+0000] {processor.py:830} INFO - Processing file /home/airflow/.local/lib/python3.12/site-packages/airflow/example_dags/example_params_ui_tutorial.py for tasks to queue
[2024-05-23T19:58:11.947+0000] {logging_mixin.py:188} INFO - [2024-05-23T19:58:11.946+0000] {dagbag.py:545} INFO - Filling up the DagBag from /home/airflow/.local/lib/python3.12/site-packages/airflow/example_dags/example_params_ui_tutorial.py
[2024-05-23T19:58:11.968+0000] {processor.py:840} INFO - DAG(s) 'example_params_ui_tutorial' retrieved from /home/airflow/.local/lib/python3.12/site-packages/airflow/example_dags/example_params_ui_tutorial.py
[2024-05-23T19:58:12.069+0000] {logging_mixin.py:188} INFO - [2024-05-23T19:58:12.069+0000] {dag.py:3096} INFO - Sync 1 DAGs
[2024-05-23T19:58:12.089+0000] {logging_mixin.py:188} INFO - [2024-05-23T19:58:12.089+0000] {dag.py:3954} INFO - Setting next_dagrun for example_params_ui_tutorial to None, run_after=None
[2024-05-23T19:58:12.119+0000] {processor.py:183} INFO - Processing /home/airflow/.local/lib/python3.12/site-packages/airflow/example_dags/example_params_ui_tutorial.py took 0.186 seconds
[2024-05-23T20:03:44.099+0000] {processor.py:161} INFO - Started process (PID=15113) to work on /home/airflow/.local/lib/python3.12/site-packages/airflow/example_dags/example_params_ui_tutorial.py
[2024-05-23T20:03:44.101+0000] {processor.py:830} INFO - Processing file /home/airflow/.local/lib/python3.12/site-packages/airflow/example_dags/example_params_ui_tutorial.py for tasks to queue
[2024-05-23T20:03:44.102+0000] {logging_mixin.py:188} INFO - [2024-05-23T20:03:44.102+0000] {dagbag.py:545} INFO - Filling up the DagBag from /home/airflow/.local/lib/python3.12/site-packages/airflow/example_dags/example_params_ui_tutorial.py
[2024-05-23T20:03:44.119+0000] {processor.py:840} INFO - DAG(s) 'example_params_ui_tutorial' retrieved from /home/airflow/.local/lib/python3.12/site-packages/airflow/example_dags/example_params_ui_tutorial.py
[2024-05-23T20:03:44.205+0000] {logging_mixin.py:188} INFO - [2024-05-23T20:03:44.205+0000] {dag.py:3096} INFO - Sync 1 DAGs
[2024-05-23T20:03:44.222+0000] {logging_mixin.py:188} INFO - [2024-05-23T20:03:44.221+0000] {dag.py:3954} INFO - Setting next_dagrun for example_params_ui_tutorial to None, run_after=None
[2024-05-23T20:03:44.249+0000] {processor.py:183} INFO - Processing /home/airflow/.local/lib/python3.12/site-packages/airflow/example_dags/example_params_ui_tutorial.py took 0.158 seconds
[2024-05-23T20:04:22.968+0000] {processor.py:161} INFO - Started process (PID=15375) to work on /home/airflow/.local/lib/python3.12/site-packages/airflow/example_dags/example_params_ui_tutorial.py
[2024-05-23T20:04:22.973+0000] {processor.py:830} INFO - Processing file /home/airflow/.local/lib/python3.12/site-packages/airflow/example_dags/example_params_ui_tutorial.py for tasks to queue
[2024-05-23T20:04:22.980+0000] {logging_mixin.py:188} INFO - [2024-05-23T20:04:22.978+0000] {dagbag.py:545} INFO - Filling up the DagBag from /home/airflow/.local/lib/python3.12/site-packages/airflow/example_dags/example_params_ui_tutorial.py
[2024-05-23T20:04:23.050+0000] {processor.py:840} INFO - DAG(s) 'example_params_ui_tutorial' retrieved from /home/airflow/.local/lib/python3.12/site-packages/airflow/example_dags/example_params_ui_tutorial.py
[2024-05-23T20:04:23.398+0000] {logging_mixin.py:188} INFO - [2024-05-23T20:04:23.397+0000] {dag.py:3096} INFO - Sync 1 DAGs
[2024-05-23T20:04:23.465+0000] {logging_mixin.py:188} INFO - [2024-05-23T20:04:23.464+0000] {dag.py:3954} INFO - Setting next_dagrun for example_params_ui_tutorial to None, run_after=None
[2024-05-23T20:04:23.555+0000] {processor.py:183} INFO - Processing /home/airflow/.local/lib/python3.12/site-packages/airflow/example_dags/example_params_ui_tutorial.py took 0.625 seconds
[2024-05-23T20:08:15.353+0000] {processor.py:161} INFO - Started process (PID=15640) to work on /home/airflow/.local/lib/python3.12/site-packages/airflow/example_dags/example_params_ui_tutorial.py
[2024-05-23T20:08:15.354+0000] {processor.py:830} INFO - Processing file /home/airflow/.local/lib/python3.12/site-packages/airflow/example_dags/example_params_ui_tutorial.py for tasks to queue
[2024-05-23T20:08:15.356+0000] {logging_mixin.py:188} INFO - [2024-05-23T20:08:15.355+0000] {dagbag.py:545} INFO - Filling up the DagBag from /home/airflow/.local/lib/python3.12/site-packages/airflow/example_dags/example_params_ui_tutorial.py
[2024-05-23T20:08:15.372+0000] {processor.py:840} INFO - DAG(s) 'example_params_ui_tutorial' retrieved from /home/airflow/.local/lib/python3.12/site-packages/airflow/example_dags/example_params_ui_tutorial.py
[2024-05-23T20:08:15.451+0000] {logging_mixin.py:188} INFO - [2024-05-23T20:08:15.450+0000] {dag.py:3096} INFO - Sync 1 DAGs
[2024-05-23T20:08:15.468+0000] {logging_mixin.py:188} INFO - [2024-05-23T20:08:15.467+0000] {dag.py:3954} INFO - Setting next_dagrun for example_params_ui_tutorial to None, run_after=None
[2024-05-23T20:08:15.498+0000] {processor.py:183} INFO - Processing /home/airflow/.local/lib/python3.12/site-packages/airflow/example_dags/example_params_ui_tutorial.py took 0.154 seconds
[2024-05-23T20:08:45.652+0000] {processor.py:161} INFO - Started process (PID=15900) to work on /home/airflow/.local/lib/python3.12/site-packages/airflow/example_dags/example_params_ui_tutorial.py
[2024-05-23T20:08:45.654+0000] {processor.py:830} INFO - Processing file /home/airflow/.local/lib/python3.12/site-packages/airflow/example_dags/example_params_ui_tutorial.py for tasks to queue
[2024-05-23T20:08:45.655+0000] {logging_mixin.py:188} INFO - [2024-05-23T20:08:45.655+0000] {dagbag.py:545} INFO - Filling up the DagBag from /home/airflow/.local/lib/python3.12/site-packages/airflow/example_dags/example_params_ui_tutorial.py
[2024-05-23T20:08:45.673+0000] {processor.py:840} INFO - DAG(s) 'example_params_ui_tutorial' retrieved from /home/airflow/.local/lib/python3.12/site-packages/airflow/example_dags/example_params_ui_tutorial.py
[2024-05-23T20:08:45.754+0000] {logging_mixin.py:188} INFO - [2024-05-23T20:08:45.753+0000] {dag.py:3096} INFO - Sync 1 DAGs
[2024-05-23T20:08:45.774+0000] {logging_mixin.py:188} INFO - [2024-05-23T20:08:45.773+0000] {dag.py:3954} INFO - Setting next_dagrun for example_params_ui_tutorial to None, run_after=None
[2024-05-23T20:08:45.799+0000] {processor.py:183} INFO - Processing /home/airflow/.local/lib/python3.12/site-packages/airflow/example_dags/example_params_ui_tutorial.py took 0.156 seconds
[2024-05-23T20:09:15.990+0000] {processor.py:161} INFO - Started process (PID=16162) to work on /home/airflow/.local/lib/python3.12/site-packages/airflow/example_dags/example_params_ui_tutorial.py
[2024-05-23T20:09:15.992+0000] {processor.py:830} INFO - Processing file /home/airflow/.local/lib/python3.12/site-packages/airflow/example_dags/example_params_ui_tutorial.py for tasks to queue
[2024-05-23T20:09:15.993+0000] {logging_mixin.py:188} INFO - [2024-05-23T20:09:15.993+0000] {dagbag.py:545} INFO - Filling up the DagBag from /home/airflow/.local/lib/python3.12/site-packages/airflow/example_dags/example_params_ui_tutorial.py
[2024-05-23T20:09:16.009+0000] {processor.py:840} INFO - DAG(s) 'example_params_ui_tutorial' retrieved from /home/airflow/.local/lib/python3.12/site-packages/airflow/example_dags/example_params_ui_tutorial.py
[2024-05-23T20:09:16.094+0000] {logging_mixin.py:188} INFO - [2024-05-23T20:09:16.093+0000] {dag.py:3096} INFO - Sync 1 DAGs
[2024-05-23T20:09:16.111+0000] {logging_mixin.py:188} INFO - [2024-05-23T20:09:16.111+0000] {dag.py:3954} INFO - Setting next_dagrun for example_params_ui_tutorial to None, run_after=None
[2024-05-23T20:09:16.136+0000] {processor.py:183} INFO - Processing /home/airflow/.local/lib/python3.12/site-packages/airflow/example_dags/example_params_ui_tutorial.py took 0.155 seconds
[2024-05-23T20:09:46.288+0000] {processor.py:161} INFO - Started process (PID=16424) to work on /home/airflow/.local/lib/python3.12/site-packages/airflow/example_dags/example_params_ui_tutorial.py
[2024-05-23T20:09:46.290+0000] {processor.py:830} INFO - Processing file /home/airflow/.local/lib/python3.12/site-packages/airflow/example_dags/example_params_ui_tutorial.py for tasks to queue
[2024-05-23T20:09:46.292+0000] {logging_mixin.py:188} INFO - [2024-05-23T20:09:46.291+0000] {dagbag.py:545} INFO - Filling up the DagBag from /home/airflow/.local/lib/python3.12/site-packages/airflow/example_dags/example_params_ui_tutorial.py
[2024-05-23T20:09:46.308+0000] {processor.py:840} INFO - DAG(s) 'example_params_ui_tutorial' retrieved from /home/airflow/.local/lib/python3.12/site-packages/airflow/example_dags/example_params_ui_tutorial.py
[2024-05-23T20:09:46.393+0000] {logging_mixin.py:188} INFO - [2024-05-23T20:09:46.392+0000] {dag.py:3096} INFO - Sync 1 DAGs
[2024-05-23T20:09:46.415+0000] {logging_mixin.py:188} INFO - [2024-05-23T20:09:46.415+0000] {dag.py:3954} INFO - Setting next_dagrun for example_params_ui_tutorial to None, run_after=None
[2024-05-23T20:09:46.444+0000] {processor.py:183} INFO - Processing /home/airflow/.local/lib/python3.12/site-packages/airflow/example_dags/example_params_ui_tutorial.py took 0.166 seconds
[2024-05-23T20:10:16.760+0000] {processor.py:161} INFO - Started process (PID=16686) to work on /home/airflow/.local/lib/python3.12/site-packages/airflow/example_dags/example_params_ui_tutorial.py
[2024-05-23T20:10:16.761+0000] {processor.py:830} INFO - Processing file /home/airflow/.local/lib/python3.12/site-packages/airflow/example_dags/example_params_ui_tutorial.py for tasks to queue
[2024-05-23T20:10:16.763+0000] {logging_mixin.py:188} INFO - [2024-05-23T20:10:16.762+0000] {dagbag.py:545} INFO - Filling up the DagBag from /home/airflow/.local/lib/python3.12/site-packages/airflow/example_dags/example_params_ui_tutorial.py
[2024-05-23T20:10:16.780+0000] {processor.py:840} INFO - DAG(s) 'example_params_ui_tutorial' retrieved from /home/airflow/.local/lib/python3.12/site-packages/airflow/example_dags/example_params_ui_tutorial.py
[2024-05-23T20:10:16.869+0000] {logging_mixin.py:188} INFO - [2024-05-23T20:10:16.868+0000] {dag.py:3096} INFO - Sync 1 DAGs
[2024-05-23T20:10:16.887+0000] {logging_mixin.py:188} INFO - [2024-05-23T20:10:16.886+0000] {dag.py:3954} INFO - Setting next_dagrun for example_params_ui_tutorial to None, run_after=None
[2024-05-23T20:10:16.914+0000] {processor.py:183} INFO - Processing /home/airflow/.local/lib/python3.12/site-packages/airflow/example_dags/example_params_ui_tutorial.py took 0.164 seconds
[2024-05-23T20:10:47.026+0000] {processor.py:161} INFO - Started process (PID=16948) to work on /home/airflow/.local/lib/python3.12/site-packages/airflow/example_dags/example_params_ui_tutorial.py
[2024-05-23T20:10:47.028+0000] {processor.py:830} INFO - Processing file /home/airflow/.local/lib/python3.12/site-packages/airflow/example_dags/example_params_ui_tutorial.py for tasks to queue
[2024-05-23T20:10:47.030+0000] {logging_mixin.py:188} INFO - [2024-05-23T20:10:47.029+0000] {dagbag.py:545} INFO - Filling up the DagBag from /home/airflow/.local/lib/python3.12/site-packages/airflow/example_dags/example_params_ui_tutorial.py
[2024-05-23T20:10:47.045+0000] {processor.py:840} INFO - DAG(s) 'example_params_ui_tutorial' retrieved from /home/airflow/.local/lib/python3.12/site-packages/airflow/example_dags/example_params_ui_tutorial.py
[2024-05-23T20:10:47.124+0000] {logging_mixin.py:188} INFO - [2024-05-23T20:10:47.124+0000] {dag.py:3096} INFO - Sync 1 DAGs
[2024-05-23T20:10:47.140+0000] {logging_mixin.py:188} INFO - [2024-05-23T20:10:47.140+0000] {dag.py:3954} INFO - Setting next_dagrun for example_params_ui_tutorial to None, run_after=None
[2024-05-23T20:10:47.164+0000] {processor.py:183} INFO - Processing /home/airflow/.local/lib/python3.12/site-packages/airflow/example_dags/example_params_ui_tutorial.py took 0.146 seconds
[2024-05-23T20:11:18.078+0000] {processor.py:161} INFO - Started process (PID=17209) to work on /home/airflow/.local/lib/python3.12/site-packages/airflow/example_dags/example_params_ui_tutorial.py
[2024-05-23T20:11:18.080+0000] {processor.py:830} INFO - Processing file /home/airflow/.local/lib/python3.12/site-packages/airflow/example_dags/example_params_ui_tutorial.py for tasks to queue
[2024-05-23T20:11:18.081+0000] {logging_mixin.py:188} INFO - [2024-05-23T20:11:18.080+0000] {dagbag.py:545} INFO - Filling up the DagBag from /home/airflow/.local/lib/python3.12/site-packages/airflow/example_dags/example_params_ui_tutorial.py
[2024-05-23T20:11:18.096+0000] {processor.py:840} INFO - DAG(s) 'example_params_ui_tutorial' retrieved from /home/airflow/.local/lib/python3.12/site-packages/airflow/example_dags/example_params_ui_tutorial.py
[2024-05-23T20:11:18.169+0000] {logging_mixin.py:188} INFO - [2024-05-23T20:11:18.169+0000] {dag.py:3096} INFO - Sync 1 DAGs
[2024-05-23T20:11:18.186+0000] {logging_mixin.py:188} INFO - [2024-05-23T20:11:18.186+0000] {dag.py:3954} INFO - Setting next_dagrun for example_params_ui_tutorial to None, run_after=None
[2024-05-23T20:11:18.209+0000] {processor.py:183} INFO - Processing /home/airflow/.local/lib/python3.12/site-packages/airflow/example_dags/example_params_ui_tutorial.py took 0.139 seconds
[2024-05-23T20:11:49.280+0000] {processor.py:161} INFO - Started process (PID=17473) to work on /home/airflow/.local/lib/python3.12/site-packages/airflow/example_dags/example_params_ui_tutorial.py
[2024-05-23T20:11:49.281+0000] {processor.py:830} INFO - Processing file /home/airflow/.local/lib/python3.12/site-packages/airflow/example_dags/example_params_ui_tutorial.py for tasks to queue
[2024-05-23T20:11:49.283+0000] {logging_mixin.py:188} INFO - [2024-05-23T20:11:49.282+0000] {dagbag.py:545} INFO - Filling up the DagBag from /home/airflow/.local/lib/python3.12/site-packages/airflow/example_dags/example_params_ui_tutorial.py
[2024-05-23T20:11:49.296+0000] {processor.py:840} INFO - DAG(s) 'example_params_ui_tutorial' retrieved from /home/airflow/.local/lib/python3.12/site-packages/airflow/example_dags/example_params_ui_tutorial.py
[2024-05-23T20:11:49.353+0000] {logging_mixin.py:188} INFO - [2024-05-23T20:11:49.353+0000] {dag.py:3096} INFO - Sync 1 DAGs
[2024-05-23T20:11:49.365+0000] {logging_mixin.py:188} INFO - [2024-05-23T20:11:49.365+0000] {dag.py:3954} INFO - Setting next_dagrun for example_params_ui_tutorial to None, run_after=None
[2024-05-23T20:11:49.383+0000] {processor.py:183} INFO - Processing /home/airflow/.local/lib/python3.12/site-packages/airflow/example_dags/example_params_ui_tutorial.py took 0.111 seconds
[2024-05-23T20:12:20.388+0000] {processor.py:161} INFO - Started process (PID=17735) to work on /home/airflow/.local/lib/python3.12/site-packages/airflow/example_dags/example_params_ui_tutorial.py
[2024-05-23T20:12:20.390+0000] {processor.py:830} INFO - Processing file /home/airflow/.local/lib/python3.12/site-packages/airflow/example_dags/example_params_ui_tutorial.py for tasks to queue
[2024-05-23T20:12:20.392+0000] {logging_mixin.py:188} INFO - [2024-05-23T20:12:20.391+0000] {dagbag.py:545} INFO - Filling up the DagBag from /home/airflow/.local/lib/python3.12/site-packages/airflow/example_dags/example_params_ui_tutorial.py
[2024-05-23T20:12:20.408+0000] {processor.py:840} INFO - DAG(s) 'example_params_ui_tutorial' retrieved from /home/airflow/.local/lib/python3.12/site-packages/airflow/example_dags/example_params_ui_tutorial.py
[2024-05-23T20:12:20.489+0000] {logging_mixin.py:188} INFO - [2024-05-23T20:12:20.489+0000] {dag.py:3096} INFO - Sync 1 DAGs
[2024-05-23T20:12:20.507+0000] {logging_mixin.py:188} INFO - [2024-05-23T20:12:20.506+0000] {dag.py:3954} INFO - Setting next_dagrun for example_params_ui_tutorial to None, run_after=None
[2024-05-23T20:12:20.530+0000] {processor.py:183} INFO - Processing /home/airflow/.local/lib/python3.12/site-packages/airflow/example_dags/example_params_ui_tutorial.py took 0.154 seconds
[2024-05-23T20:12:50.845+0000] {processor.py:161} INFO - Started process (PID=17997) to work on /home/airflow/.local/lib/python3.12/site-packages/airflow/example_dags/example_params_ui_tutorial.py
[2024-05-23T20:12:50.847+0000] {processor.py:830} INFO - Processing file /home/airflow/.local/lib/python3.12/site-packages/airflow/example_dags/example_params_ui_tutorial.py for tasks to queue
[2024-05-23T20:12:50.849+0000] {logging_mixin.py:188} INFO - [2024-05-23T20:12:50.849+0000] {dagbag.py:545} INFO - Filling up the DagBag from /home/airflow/.local/lib/python3.12/site-packages/airflow/example_dags/example_params_ui_tutorial.py
[2024-05-23T20:12:50.875+0000] {processor.py:840} INFO - DAG(s) 'example_params_ui_tutorial' retrieved from /home/airflow/.local/lib/python3.12/site-packages/airflow/example_dags/example_params_ui_tutorial.py
[2024-05-23T20:12:50.976+0000] {logging_mixin.py:188} INFO - [2024-05-23T20:12:50.976+0000] {dag.py:3096} INFO - Sync 1 DAGs
[2024-05-23T20:12:50.996+0000] {logging_mixin.py:188} INFO - [2024-05-23T20:12:50.995+0000] {dag.py:3954} INFO - Setting next_dagrun for example_params_ui_tutorial to None, run_after=None
[2024-05-23T20:12:51.021+0000] {processor.py:183} INFO - Processing /home/airflow/.local/lib/python3.12/site-packages/airflow/example_dags/example_params_ui_tutorial.py took 0.189 seconds
[2024-05-23T20:13:21.259+0000] {processor.py:161} INFO - Started process (PID=18259) to work on /home/airflow/.local/lib/python3.12/site-packages/airflow/example_dags/example_params_ui_tutorial.py
[2024-05-23T20:13:21.261+0000] {processor.py:830} INFO - Processing file /home/airflow/.local/lib/python3.12/site-packages/airflow/example_dags/example_params_ui_tutorial.py for tasks to queue
[2024-05-23T20:13:21.262+0000] {logging_mixin.py:188} INFO - [2024-05-23T20:13:21.262+0000] {dagbag.py:545} INFO - Filling up the DagBag from /home/airflow/.local/lib/python3.12/site-packages/airflow/example_dags/example_params_ui_tutorial.py
[2024-05-23T20:13:21.278+0000] {processor.py:840} INFO - DAG(s) 'example_params_ui_tutorial' retrieved from /home/airflow/.local/lib/python3.12/site-packages/airflow/example_dags/example_params_ui_tutorial.py
[2024-05-23T20:13:21.354+0000] {logging_mixin.py:188} INFO - [2024-05-23T20:13:21.354+0000] {dag.py:3096} INFO - Sync 1 DAGs
[2024-05-23T20:13:21.370+0000] {logging_mixin.py:188} INFO - [2024-05-23T20:13:21.370+0000] {dag.py:3954} INFO - Setting next_dagrun for example_params_ui_tutorial to None, run_after=None
[2024-05-23T20:13:21.393+0000] {processor.py:183} INFO - Processing /home/airflow/.local/lib/python3.12/site-packages/airflow/example_dags/example_params_ui_tutorial.py took 0.142 seconds
