[2024-05-23T19:29:53.504+0000] {processor.py:161} INFO - Started process (PID=302) to work on /home/airflow/.local/lib/python3.12/site-packages/airflow/example_dags/example_kubernetes_executor.py
[2024-05-23T19:29:53.506+0000] {processor.py:830} INFO - Processing file /home/airflow/.local/lib/python3.12/site-packages/airflow/example_dags/example_kubernetes_executor.py for tasks to queue
[2024-05-23T19:29:53.509+0000] {logging_mixin.py:188} INFO - [2024-05-23T19:29:53.509+0000] {dagbag.py:545} INFO - Filling up the DagBag from /home/airflow/.local/lib/python3.12/site-packages/airflow/example_dags/example_kubernetes_executor.py
[2024-05-23T19:29:53.533+0000] {processor.py:840} INFO - DAG(s) 'example_kubernetes_executor' retrieved from /home/airflow/.local/lib/python3.12/site-packages/airflow/example_dags/example_kubernetes_executor.py
[2024-05-23T19:29:53.792+0000] {logging_mixin.py:188} INFO - [2024-05-23T19:29:53.792+0000] {dag.py:3096} INFO - Sync 1 DAGs
[2024-05-23T19:29:53.833+0000] {logging_mixin.py:188} INFO - [2024-05-23T19:29:53.833+0000] {dag.py:3954} INFO - Setting next_dagrun for example_kubernetes_executor to None, run_after=None
[2024-05-23T19:29:53.902+0000] {processor.py:183} INFO - Processing /home/airflow/.local/lib/python3.12/site-packages/airflow/example_dags/example_kubernetes_executor.py took 0.410 seconds
[2024-05-23T19:30:23.974+0000] {processor.py:161} INFO - Started process (PID=564) to work on /home/airflow/.local/lib/python3.12/site-packages/airflow/example_dags/example_kubernetes_executor.py
[2024-05-23T19:30:23.976+0000] {processor.py:830} INFO - Processing file /home/airflow/.local/lib/python3.12/site-packages/airflow/example_dags/example_kubernetes_executor.py for tasks to queue
[2024-05-23T19:30:23.979+0000] {logging_mixin.py:188} INFO - [2024-05-23T19:30:23.979+0000] {dagbag.py:545} INFO - Filling up the DagBag from /home/airflow/.local/lib/python3.12/site-packages/airflow/example_dags/example_kubernetes_executor.py
[2024-05-23T19:30:24.002+0000] {processor.py:840} INFO - DAG(s) 'example_kubernetes_executor' retrieved from /home/airflow/.local/lib/python3.12/site-packages/airflow/example_dags/example_kubernetes_executor.py
[2024-05-23T19:30:24.075+0000] {logging_mixin.py:188} INFO - [2024-05-23T19:30:24.074+0000] {dag.py:3096} INFO - Sync 1 DAGs
[2024-05-23T19:30:24.116+0000] {logging_mixin.py:188} INFO - [2024-05-23T19:30:24.115+0000] {dag.py:3954} INFO - Setting next_dagrun for example_kubernetes_executor to None, run_after=None
[2024-05-23T19:30:24.157+0000] {processor.py:183} INFO - Processing /home/airflow/.local/lib/python3.12/site-packages/airflow/example_dags/example_kubernetes_executor.py took 0.193 seconds
[2024-05-23T19:30:54.363+0000] {processor.py:161} INFO - Started process (PID=826) to work on /home/airflow/.local/lib/python3.12/site-packages/airflow/example_dags/example_kubernetes_executor.py
[2024-05-23T19:30:54.365+0000] {processor.py:830} INFO - Processing file /home/airflow/.local/lib/python3.12/site-packages/airflow/example_dags/example_kubernetes_executor.py for tasks to queue
[2024-05-23T19:30:54.368+0000] {logging_mixin.py:188} INFO - [2024-05-23T19:30:54.367+0000] {dagbag.py:545} INFO - Filling up the DagBag from /home/airflow/.local/lib/python3.12/site-packages/airflow/example_dags/example_kubernetes_executor.py
[2024-05-23T19:30:54.389+0000] {processor.py:840} INFO - DAG(s) 'example_kubernetes_executor' retrieved from /home/airflow/.local/lib/python3.12/site-packages/airflow/example_dags/example_kubernetes_executor.py
[2024-05-23T19:30:54.455+0000] {logging_mixin.py:188} INFO - [2024-05-23T19:30:54.455+0000] {dag.py:3096} INFO - Sync 1 DAGs
[2024-05-23T19:30:54.478+0000] {logging_mixin.py:188} INFO - [2024-05-23T19:30:54.478+0000] {dag.py:3954} INFO - Setting next_dagrun for example_kubernetes_executor to None, run_after=None
[2024-05-23T19:30:54.510+0000] {processor.py:183} INFO - Processing /home/airflow/.local/lib/python3.12/site-packages/airflow/example_dags/example_kubernetes_executor.py took 0.157 seconds
[2024-05-23T19:31:24.579+0000] {processor.py:161} INFO - Started process (PID=1088) to work on /home/airflow/.local/lib/python3.12/site-packages/airflow/example_dags/example_kubernetes_executor.py
[2024-05-23T19:31:24.584+0000] {processor.py:830} INFO - Processing file /home/airflow/.local/lib/python3.12/site-packages/airflow/example_dags/example_kubernetes_executor.py for tasks to queue
[2024-05-23T19:31:24.587+0000] {logging_mixin.py:188} INFO - [2024-05-23T19:31:24.586+0000] {dagbag.py:545} INFO - Filling up the DagBag from /home/airflow/.local/lib/python3.12/site-packages/airflow/example_dags/example_kubernetes_executor.py
[2024-05-23T19:31:24.605+0000] {processor.py:840} INFO - DAG(s) 'example_kubernetes_executor' retrieved from /home/airflow/.local/lib/python3.12/site-packages/airflow/example_dags/example_kubernetes_executor.py
[2024-05-23T19:31:24.662+0000] {logging_mixin.py:188} INFO - [2024-05-23T19:31:24.662+0000] {dag.py:3096} INFO - Sync 1 DAGs
[2024-05-23T19:31:24.683+0000] {logging_mixin.py:188} INFO - [2024-05-23T19:31:24.682+0000] {dag.py:3954} INFO - Setting next_dagrun for example_kubernetes_executor to None, run_after=None
[2024-05-23T19:31:24.711+0000] {processor.py:183} INFO - Processing /home/airflow/.local/lib/python3.12/site-packages/airflow/example_dags/example_kubernetes_executor.py took 0.141 seconds
[2024-05-23T19:31:54.882+0000] {processor.py:161} INFO - Started process (PID=1350) to work on /home/airflow/.local/lib/python3.12/site-packages/airflow/example_dags/example_kubernetes_executor.py
[2024-05-23T19:31:54.884+0000] {processor.py:830} INFO - Processing file /home/airflow/.local/lib/python3.12/site-packages/airflow/example_dags/example_kubernetes_executor.py for tasks to queue
[2024-05-23T19:31:54.887+0000] {logging_mixin.py:188} INFO - [2024-05-23T19:31:54.886+0000] {dagbag.py:545} INFO - Filling up the DagBag from /home/airflow/.local/lib/python3.12/site-packages/airflow/example_dags/example_kubernetes_executor.py
[2024-05-23T19:31:54.906+0000] {processor.py:840} INFO - DAG(s) 'example_kubernetes_executor' retrieved from /home/airflow/.local/lib/python3.12/site-packages/airflow/example_dags/example_kubernetes_executor.py
[2024-05-23T19:31:54.964+0000] {logging_mixin.py:188} INFO - [2024-05-23T19:31:54.963+0000] {dag.py:3096} INFO - Sync 1 DAGs
[2024-05-23T19:31:54.984+0000] {logging_mixin.py:188} INFO - [2024-05-23T19:31:54.983+0000] {dag.py:3954} INFO - Setting next_dagrun for example_kubernetes_executor to None, run_after=None
[2024-05-23T19:31:55.012+0000] {processor.py:183} INFO - Processing /home/airflow/.local/lib/python3.12/site-packages/airflow/example_dags/example_kubernetes_executor.py took 0.139 seconds
[2024-05-23T19:32:25.396+0000] {processor.py:161} INFO - Started process (PID=1612) to work on /home/airflow/.local/lib/python3.12/site-packages/airflow/example_dags/example_kubernetes_executor.py
[2024-05-23T19:32:25.398+0000] {processor.py:830} INFO - Processing file /home/airflow/.local/lib/python3.12/site-packages/airflow/example_dags/example_kubernetes_executor.py for tasks to queue
[2024-05-23T19:32:25.401+0000] {logging_mixin.py:188} INFO - [2024-05-23T19:32:25.401+0000] {dagbag.py:545} INFO - Filling up the DagBag from /home/airflow/.local/lib/python3.12/site-packages/airflow/example_dags/example_kubernetes_executor.py
[2024-05-23T19:32:25.422+0000] {processor.py:840} INFO - DAG(s) 'example_kubernetes_executor' retrieved from /home/airflow/.local/lib/python3.12/site-packages/airflow/example_dags/example_kubernetes_executor.py
[2024-05-23T19:32:25.485+0000] {logging_mixin.py:188} INFO - [2024-05-23T19:32:25.485+0000] {dag.py:3096} INFO - Sync 1 DAGs
[2024-05-23T19:32:25.510+0000] {logging_mixin.py:188} INFO - [2024-05-23T19:32:25.509+0000] {dag.py:3954} INFO - Setting next_dagrun for example_kubernetes_executor to None, run_after=None
[2024-05-23T19:32:25.542+0000] {processor.py:183} INFO - Processing /home/airflow/.local/lib/python3.12/site-packages/airflow/example_dags/example_kubernetes_executor.py took 0.156 seconds
[2024-05-23T19:32:55.748+0000] {processor.py:161} INFO - Started process (PID=1874) to work on /home/airflow/.local/lib/python3.12/site-packages/airflow/example_dags/example_kubernetes_executor.py
[2024-05-23T19:32:55.750+0000] {processor.py:830} INFO - Processing file /home/airflow/.local/lib/python3.12/site-packages/airflow/example_dags/example_kubernetes_executor.py for tasks to queue
[2024-05-23T19:32:55.753+0000] {logging_mixin.py:188} INFO - [2024-05-23T19:32:55.753+0000] {dagbag.py:545} INFO - Filling up the DagBag from /home/airflow/.local/lib/python3.12/site-packages/airflow/example_dags/example_kubernetes_executor.py
[2024-05-23T19:32:55.772+0000] {processor.py:840} INFO - DAG(s) 'example_kubernetes_executor' retrieved from /home/airflow/.local/lib/python3.12/site-packages/airflow/example_dags/example_kubernetes_executor.py
[2024-05-23T19:32:55.832+0000] {logging_mixin.py:188} INFO - [2024-05-23T19:32:55.831+0000] {dag.py:3096} INFO - Sync 1 DAGs
[2024-05-23T19:32:55.854+0000] {logging_mixin.py:188} INFO - [2024-05-23T19:32:55.853+0000] {dag.py:3954} INFO - Setting next_dagrun for example_kubernetes_executor to None, run_after=None
[2024-05-23T19:32:55.884+0000] {processor.py:183} INFO - Processing /home/airflow/.local/lib/python3.12/site-packages/airflow/example_dags/example_kubernetes_executor.py took 0.146 seconds
[2024-05-23T19:33:26.029+0000] {processor.py:161} INFO - Started process (PID=2136) to work on /home/airflow/.local/lib/python3.12/site-packages/airflow/example_dags/example_kubernetes_executor.py
[2024-05-23T19:33:26.031+0000] {processor.py:830} INFO - Processing file /home/airflow/.local/lib/python3.12/site-packages/airflow/example_dags/example_kubernetes_executor.py for tasks to queue
[2024-05-23T19:33:26.035+0000] {logging_mixin.py:188} INFO - [2024-05-23T19:33:26.034+0000] {dagbag.py:545} INFO - Filling up the DagBag from /home/airflow/.local/lib/python3.12/site-packages/airflow/example_dags/example_kubernetes_executor.py
[2024-05-23T19:33:26.054+0000] {processor.py:840} INFO - DAG(s) 'example_kubernetes_executor' retrieved from /home/airflow/.local/lib/python3.12/site-packages/airflow/example_dags/example_kubernetes_executor.py
[2024-05-23T19:33:26.113+0000] {logging_mixin.py:188} INFO - [2024-05-23T19:33:26.113+0000] {dag.py:3096} INFO - Sync 1 DAGs
[2024-05-23T19:33:26.134+0000] {logging_mixin.py:188} INFO - [2024-05-23T19:33:26.134+0000] {dag.py:3954} INFO - Setting next_dagrun for example_kubernetes_executor to None, run_after=None
[2024-05-23T19:33:26.164+0000] {processor.py:183} INFO - Processing /home/airflow/.local/lib/python3.12/site-packages/airflow/example_dags/example_kubernetes_executor.py took 0.144 seconds
[2024-05-23T19:33:56.615+0000] {processor.py:161} INFO - Started process (PID=2398) to work on /home/airflow/.local/lib/python3.12/site-packages/airflow/example_dags/example_kubernetes_executor.py
[2024-05-23T19:33:56.617+0000] {processor.py:830} INFO - Processing file /home/airflow/.local/lib/python3.12/site-packages/airflow/example_dags/example_kubernetes_executor.py for tasks to queue
[2024-05-23T19:33:56.620+0000] {logging_mixin.py:188} INFO - [2024-05-23T19:33:56.619+0000] {dagbag.py:545} INFO - Filling up the DagBag from /home/airflow/.local/lib/python3.12/site-packages/airflow/example_dags/example_kubernetes_executor.py
[2024-05-23T19:33:56.647+0000] {processor.py:840} INFO - DAG(s) 'example_kubernetes_executor' retrieved from /home/airflow/.local/lib/python3.12/site-packages/airflow/example_dags/example_kubernetes_executor.py
[2024-05-23T19:33:56.743+0000] {logging_mixin.py:188} INFO - [2024-05-23T19:33:56.743+0000] {dag.py:3096} INFO - Sync 1 DAGs
[2024-05-23T19:33:56.795+0000] {logging_mixin.py:188} INFO - [2024-05-23T19:33:56.795+0000] {dag.py:3954} INFO - Setting next_dagrun for example_kubernetes_executor to None, run_after=None
[2024-05-23T19:33:56.852+0000] {processor.py:183} INFO - Processing /home/airflow/.local/lib/python3.12/site-packages/airflow/example_dags/example_kubernetes_executor.py took 0.248 seconds
[2024-05-23T19:34:27.050+0000] {processor.py:161} INFO - Started process (PID=2654) to work on /home/airflow/.local/lib/python3.12/site-packages/airflow/example_dags/example_kubernetes_executor.py
[2024-05-23T19:34:27.052+0000] {processor.py:830} INFO - Processing file /home/airflow/.local/lib/python3.12/site-packages/airflow/example_dags/example_kubernetes_executor.py for tasks to queue
[2024-05-23T19:34:27.055+0000] {logging_mixin.py:188} INFO - [2024-05-23T19:34:27.054+0000] {dagbag.py:545} INFO - Filling up the DagBag from /home/airflow/.local/lib/python3.12/site-packages/airflow/example_dags/example_kubernetes_executor.py
[2024-05-23T19:34:27.074+0000] {processor.py:840} INFO - DAG(s) 'example_kubernetes_executor' retrieved from /home/airflow/.local/lib/python3.12/site-packages/airflow/example_dags/example_kubernetes_executor.py
[2024-05-23T19:34:27.139+0000] {logging_mixin.py:188} INFO - [2024-05-23T19:34:27.138+0000] {dag.py:3096} INFO - Sync 1 DAGs
[2024-05-23T19:34:27.160+0000] {logging_mixin.py:188} INFO - [2024-05-23T19:34:27.160+0000] {dag.py:3954} INFO - Setting next_dagrun for example_kubernetes_executor to None, run_after=None
[2024-05-23T19:34:27.189+0000] {processor.py:183} INFO - Processing /home/airflow/.local/lib/python3.12/site-packages/airflow/example_dags/example_kubernetes_executor.py took 0.150 seconds
[2024-05-23T19:34:57.804+0000] {processor.py:161} INFO - Started process (PID=2937) to work on /home/airflow/.local/lib/python3.12/site-packages/airflow/example_dags/example_kubernetes_executor.py
[2024-05-23T19:34:57.806+0000] {processor.py:830} INFO - Processing file /home/airflow/.local/lib/python3.12/site-packages/airflow/example_dags/example_kubernetes_executor.py for tasks to queue
[2024-05-23T19:34:57.810+0000] {logging_mixin.py:188} INFO - [2024-05-23T19:34:57.809+0000] {dagbag.py:545} INFO - Filling up the DagBag from /home/airflow/.local/lib/python3.12/site-packages/airflow/example_dags/example_kubernetes_executor.py
[2024-05-23T19:34:57.834+0000] {processor.py:840} INFO - DAG(s) 'example_kubernetes_executor' retrieved from /home/airflow/.local/lib/python3.12/site-packages/airflow/example_dags/example_kubernetes_executor.py
[2024-05-23T19:34:57.897+0000] {logging_mixin.py:188} INFO - [2024-05-23T19:34:57.897+0000] {dag.py:3096} INFO - Sync 1 DAGs
[2024-05-23T19:34:57.919+0000] {logging_mixin.py:188} INFO - [2024-05-23T19:34:57.919+0000] {dag.py:3954} INFO - Setting next_dagrun for example_kubernetes_executor to None, run_after=None
[2024-05-23T19:34:57.952+0000] {processor.py:183} INFO - Processing /home/airflow/.local/lib/python3.12/site-packages/airflow/example_dags/example_kubernetes_executor.py took 0.161 seconds
[2024-05-23T19:35:28.102+0000] {processor.py:161} INFO - Started process (PID=3203) to work on /home/airflow/.local/lib/python3.12/site-packages/airflow/example_dags/example_kubernetes_executor.py
[2024-05-23T19:35:28.104+0000] {processor.py:830} INFO - Processing file /home/airflow/.local/lib/python3.12/site-packages/airflow/example_dags/example_kubernetes_executor.py for tasks to queue
[2024-05-23T19:35:28.107+0000] {logging_mixin.py:188} INFO - [2024-05-23T19:35:28.106+0000] {dagbag.py:545} INFO - Filling up the DagBag from /home/airflow/.local/lib/python3.12/site-packages/airflow/example_dags/example_kubernetes_executor.py
[2024-05-23T19:35:28.130+0000] {processor.py:840} INFO - DAG(s) 'example_kubernetes_executor' retrieved from /home/airflow/.local/lib/python3.12/site-packages/airflow/example_dags/example_kubernetes_executor.py
[2024-05-23T19:35:28.200+0000] {logging_mixin.py:188} INFO - [2024-05-23T19:35:28.199+0000] {dag.py:3096} INFO - Sync 1 DAGs
[2024-05-23T19:35:28.224+0000] {logging_mixin.py:188} INFO - [2024-05-23T19:35:28.224+0000] {dag.py:3954} INFO - Setting next_dagrun for example_kubernetes_executor to None, run_after=None
[2024-05-23T19:35:28.333+0000] {processor.py:183} INFO - Processing /home/airflow/.local/lib/python3.12/site-packages/airflow/example_dags/example_kubernetes_executor.py took 0.244 seconds
[2024-05-23T19:35:58.470+0000] {processor.py:161} INFO - Started process (PID=3467) to work on /home/airflow/.local/lib/python3.12/site-packages/airflow/example_dags/example_kubernetes_executor.py
[2024-05-23T19:35:58.471+0000] {processor.py:830} INFO - Processing file /home/airflow/.local/lib/python3.12/site-packages/airflow/example_dags/example_kubernetes_executor.py for tasks to queue
[2024-05-23T19:35:58.474+0000] {logging_mixin.py:188} INFO - [2024-05-23T19:35:58.474+0000] {dagbag.py:545} INFO - Filling up the DagBag from /home/airflow/.local/lib/python3.12/site-packages/airflow/example_dags/example_kubernetes_executor.py
[2024-05-23T19:35:58.492+0000] {processor.py:840} INFO - DAG(s) 'example_kubernetes_executor' retrieved from /home/airflow/.local/lib/python3.12/site-packages/airflow/example_dags/example_kubernetes_executor.py
[2024-05-23T19:35:58.549+0000] {logging_mixin.py:188} INFO - [2024-05-23T19:35:58.549+0000] {dag.py:3096} INFO - Sync 1 DAGs
[2024-05-23T19:35:58.570+0000] {logging_mixin.py:188} INFO - [2024-05-23T19:35:58.570+0000] {dag.py:3954} INFO - Setting next_dagrun for example_kubernetes_executor to None, run_after=None
[2024-05-23T19:35:58.599+0000] {processor.py:183} INFO - Processing /home/airflow/.local/lib/python3.12/site-packages/airflow/example_dags/example_kubernetes_executor.py took 0.138 seconds
[2024-05-23T19:36:28.760+0000] {processor.py:161} INFO - Started process (PID=3729) to work on /home/airflow/.local/lib/python3.12/site-packages/airflow/example_dags/example_kubernetes_executor.py
[2024-05-23T19:36:28.762+0000] {processor.py:830} INFO - Processing file /home/airflow/.local/lib/python3.12/site-packages/airflow/example_dags/example_kubernetes_executor.py for tasks to queue
[2024-05-23T19:36:28.765+0000] {logging_mixin.py:188} INFO - [2024-05-23T19:36:28.765+0000] {dagbag.py:545} INFO - Filling up the DagBag from /home/airflow/.local/lib/python3.12/site-packages/airflow/example_dags/example_kubernetes_executor.py
[2024-05-23T19:36:28.788+0000] {processor.py:840} INFO - DAG(s) 'example_kubernetes_executor' retrieved from /home/airflow/.local/lib/python3.12/site-packages/airflow/example_dags/example_kubernetes_executor.py
[2024-05-23T19:36:28.846+0000] {logging_mixin.py:188} INFO - [2024-05-23T19:36:28.846+0000] {dag.py:3096} INFO - Sync 1 DAGs
[2024-05-23T19:36:28.870+0000] {logging_mixin.py:188} INFO - [2024-05-23T19:36:28.870+0000] {dag.py:3954} INFO - Setting next_dagrun for example_kubernetes_executor to None, run_after=None
[2024-05-23T19:36:28.900+0000] {processor.py:183} INFO - Processing /home/airflow/.local/lib/python3.12/site-packages/airflow/example_dags/example_kubernetes_executor.py took 0.154 seconds
[2024-05-23T19:36:59.043+0000] {processor.py:161} INFO - Started process (PID=3991) to work on /home/airflow/.local/lib/python3.12/site-packages/airflow/example_dags/example_kubernetes_executor.py
[2024-05-23T19:36:59.076+0000] {processor.py:830} INFO - Processing file /home/airflow/.local/lib/python3.12/site-packages/airflow/example_dags/example_kubernetes_executor.py for tasks to queue
[2024-05-23T19:36:59.097+0000] {logging_mixin.py:188} INFO - [2024-05-23T19:36:59.096+0000] {dagbag.py:545} INFO - Filling up the DagBag from /home/airflow/.local/lib/python3.12/site-packages/airflow/example_dags/example_kubernetes_executor.py
[2024-05-23T19:36:59.133+0000] {processor.py:840} INFO - DAG(s) 'example_kubernetes_executor' retrieved from /home/airflow/.local/lib/python3.12/site-packages/airflow/example_dags/example_kubernetes_executor.py
[2024-05-23T19:36:59.187+0000] {logging_mixin.py:188} INFO - [2024-05-23T19:36:59.187+0000] {dag.py:3096} INFO - Sync 1 DAGs
[2024-05-23T19:36:59.207+0000] {logging_mixin.py:188} INFO - [2024-05-23T19:36:59.207+0000] {dag.py:3954} INFO - Setting next_dagrun for example_kubernetes_executor to None, run_after=None
[2024-05-23T19:36:59.251+0000] {processor.py:183} INFO - Processing /home/airflow/.local/lib/python3.12/site-packages/airflow/example_dags/example_kubernetes_executor.py took 0.222 seconds
[2024-05-23T19:37:29.397+0000] {processor.py:161} INFO - Started process (PID=4251) to work on /home/airflow/.local/lib/python3.12/site-packages/airflow/example_dags/example_kubernetes_executor.py
[2024-05-23T19:37:29.399+0000] {processor.py:830} INFO - Processing file /home/airflow/.local/lib/python3.12/site-packages/airflow/example_dags/example_kubernetes_executor.py for tasks to queue
[2024-05-23T19:37:29.403+0000] {logging_mixin.py:188} INFO - [2024-05-23T19:37:29.402+0000] {dagbag.py:545} INFO - Filling up the DagBag from /home/airflow/.local/lib/python3.12/site-packages/airflow/example_dags/example_kubernetes_executor.py
[2024-05-23T19:37:29.422+0000] {processor.py:840} INFO - DAG(s) 'example_kubernetes_executor' retrieved from /home/airflow/.local/lib/python3.12/site-packages/airflow/example_dags/example_kubernetes_executor.py
[2024-05-23T19:37:29.482+0000] {logging_mixin.py:188} INFO - [2024-05-23T19:37:29.482+0000] {dag.py:3096} INFO - Sync 1 DAGs
[2024-05-23T19:37:29.503+0000] {logging_mixin.py:188} INFO - [2024-05-23T19:37:29.503+0000] {dag.py:3954} INFO - Setting next_dagrun for example_kubernetes_executor to None, run_after=None
[2024-05-23T19:37:29.532+0000] {processor.py:183} INFO - Processing /home/airflow/.local/lib/python3.12/site-packages/airflow/example_dags/example_kubernetes_executor.py took 0.145 seconds
[2024-05-23T19:38:00.421+0000] {processor.py:161} INFO - Started process (PID=4513) to work on /home/airflow/.local/lib/python3.12/site-packages/airflow/example_dags/example_kubernetes_executor.py
[2024-05-23T19:38:00.423+0000] {processor.py:830} INFO - Processing file /home/airflow/.local/lib/python3.12/site-packages/airflow/example_dags/example_kubernetes_executor.py for tasks to queue
[2024-05-23T19:38:00.425+0000] {logging_mixin.py:188} INFO - [2024-05-23T19:38:00.424+0000] {dagbag.py:545} INFO - Filling up the DagBag from /home/airflow/.local/lib/python3.12/site-packages/airflow/example_dags/example_kubernetes_executor.py
[2024-05-23T19:38:00.439+0000] {processor.py:840} INFO - DAG(s) 'example_kubernetes_executor' retrieved from /home/airflow/.local/lib/python3.12/site-packages/airflow/example_dags/example_kubernetes_executor.py
[2024-05-23T19:38:00.486+0000] {logging_mixin.py:188} INFO - [2024-05-23T19:38:00.485+0000] {dag.py:3096} INFO - Sync 1 DAGs
[2024-05-23T19:38:00.503+0000] {logging_mixin.py:188} INFO - [2024-05-23T19:38:00.503+0000] {dag.py:3954} INFO - Setting next_dagrun for example_kubernetes_executor to None, run_after=None
[2024-05-23T19:38:00.525+0000] {processor.py:183} INFO - Processing /home/airflow/.local/lib/python3.12/site-packages/airflow/example_dags/example_kubernetes_executor.py took 0.111 seconds
[2024-05-23T19:38:30.692+0000] {processor.py:161} INFO - Started process (PID=4775) to work on /home/airflow/.local/lib/python3.12/site-packages/airflow/example_dags/example_kubernetes_executor.py
[2024-05-23T19:38:30.693+0000] {processor.py:830} INFO - Processing file /home/airflow/.local/lib/python3.12/site-packages/airflow/example_dags/example_kubernetes_executor.py for tasks to queue
[2024-05-23T19:38:30.696+0000] {logging_mixin.py:188} INFO - [2024-05-23T19:38:30.696+0000] {dagbag.py:545} INFO - Filling up the DagBag from /home/airflow/.local/lib/python3.12/site-packages/airflow/example_dags/example_kubernetes_executor.py
[2024-05-23T19:38:30.714+0000] {processor.py:840} INFO - DAG(s) 'example_kubernetes_executor' retrieved from /home/airflow/.local/lib/python3.12/site-packages/airflow/example_dags/example_kubernetes_executor.py
[2024-05-23T19:38:30.770+0000] {logging_mixin.py:188} INFO - [2024-05-23T19:38:30.770+0000] {dag.py:3096} INFO - Sync 1 DAGs
[2024-05-23T19:38:30.791+0000] {logging_mixin.py:188} INFO - [2024-05-23T19:38:30.790+0000] {dag.py:3954} INFO - Setting next_dagrun for example_kubernetes_executor to None, run_after=None
[2024-05-23T19:38:30.819+0000] {processor.py:183} INFO - Processing /home/airflow/.local/lib/python3.12/site-packages/airflow/example_dags/example_kubernetes_executor.py took 0.137 seconds
[2024-05-23T19:39:01.269+0000] {processor.py:161} INFO - Started process (PID=5037) to work on /home/airflow/.local/lib/python3.12/site-packages/airflow/example_dags/example_kubernetes_executor.py
[2024-05-23T19:39:01.271+0000] {processor.py:830} INFO - Processing file /home/airflow/.local/lib/python3.12/site-packages/airflow/example_dags/example_kubernetes_executor.py for tasks to queue
[2024-05-23T19:39:01.274+0000] {logging_mixin.py:188} INFO - [2024-05-23T19:39:01.274+0000] {dagbag.py:545} INFO - Filling up the DagBag from /home/airflow/.local/lib/python3.12/site-packages/airflow/example_dags/example_kubernetes_executor.py
[2024-05-23T19:39:01.292+0000] {processor.py:840} INFO - DAG(s) 'example_kubernetes_executor' retrieved from /home/airflow/.local/lib/python3.12/site-packages/airflow/example_dags/example_kubernetes_executor.py
[2024-05-23T19:39:01.348+0000] {logging_mixin.py:188} INFO - [2024-05-23T19:39:01.348+0000] {dag.py:3096} INFO - Sync 1 DAGs
[2024-05-23T19:39:01.368+0000] {logging_mixin.py:188} INFO - [2024-05-23T19:39:01.368+0000] {dag.py:3954} INFO - Setting next_dagrun for example_kubernetes_executor to None, run_after=None
[2024-05-23T19:39:01.399+0000] {processor.py:183} INFO - Processing /home/airflow/.local/lib/python3.12/site-packages/airflow/example_dags/example_kubernetes_executor.py took 0.139 seconds
[2024-05-23T19:39:31.880+0000] {processor.py:161} INFO - Started process (PID=5299) to work on /home/airflow/.local/lib/python3.12/site-packages/airflow/example_dags/example_kubernetes_executor.py
[2024-05-23T19:39:31.882+0000] {processor.py:830} INFO - Processing file /home/airflow/.local/lib/python3.12/site-packages/airflow/example_dags/example_kubernetes_executor.py for tasks to queue
[2024-05-23T19:39:31.885+0000] {logging_mixin.py:188} INFO - [2024-05-23T19:39:31.885+0000] {dagbag.py:545} INFO - Filling up the DagBag from /home/airflow/.local/lib/python3.12/site-packages/airflow/example_dags/example_kubernetes_executor.py
[2024-05-23T19:39:31.906+0000] {processor.py:840} INFO - DAG(s) 'example_kubernetes_executor' retrieved from /home/airflow/.local/lib/python3.12/site-packages/airflow/example_dags/example_kubernetes_executor.py
[2024-05-23T19:39:31.971+0000] {logging_mixin.py:188} INFO - [2024-05-23T19:39:31.971+0000] {dag.py:3096} INFO - Sync 1 DAGs
[2024-05-23T19:39:31.995+0000] {logging_mixin.py:188} INFO - [2024-05-23T19:39:31.994+0000] {dag.py:3954} INFO - Setting next_dagrun for example_kubernetes_executor to None, run_after=None
[2024-05-23T19:39:32.028+0000] {processor.py:183} INFO - Processing /home/airflow/.local/lib/python3.12/site-packages/airflow/example_dags/example_kubernetes_executor.py took 0.158 seconds
[2024-05-23T19:40:02.576+0000] {processor.py:161} INFO - Started process (PID=5561) to work on /home/airflow/.local/lib/python3.12/site-packages/airflow/example_dags/example_kubernetes_executor.py
[2024-05-23T19:40:02.577+0000] {processor.py:830} INFO - Processing file /home/airflow/.local/lib/python3.12/site-packages/airflow/example_dags/example_kubernetes_executor.py for tasks to queue
[2024-05-23T19:40:02.580+0000] {logging_mixin.py:188} INFO - [2024-05-23T19:40:02.580+0000] {dagbag.py:545} INFO - Filling up the DagBag from /home/airflow/.local/lib/python3.12/site-packages/airflow/example_dags/example_kubernetes_executor.py
[2024-05-23T19:40:02.599+0000] {processor.py:840} INFO - DAG(s) 'example_kubernetes_executor' retrieved from /home/airflow/.local/lib/python3.12/site-packages/airflow/example_dags/example_kubernetes_executor.py
[2024-05-23T19:40:02.660+0000] {logging_mixin.py:188} INFO - [2024-05-23T19:40:02.660+0000] {dag.py:3096} INFO - Sync 1 DAGs
[2024-05-23T19:40:02.682+0000] {logging_mixin.py:188} INFO - [2024-05-23T19:40:02.682+0000] {dag.py:3954} INFO - Setting next_dagrun for example_kubernetes_executor to None, run_after=None
[2024-05-23T19:40:02.714+0000] {processor.py:183} INFO - Processing /home/airflow/.local/lib/python3.12/site-packages/airflow/example_dags/example_kubernetes_executor.py took 0.149 seconds
[2024-05-23T19:40:33.174+0000] {processor.py:161} INFO - Started process (PID=5823) to work on /home/airflow/.local/lib/python3.12/site-packages/airflow/example_dags/example_kubernetes_executor.py
[2024-05-23T19:40:33.175+0000] {processor.py:830} INFO - Processing file /home/airflow/.local/lib/python3.12/site-packages/airflow/example_dags/example_kubernetes_executor.py for tasks to queue
[2024-05-23T19:40:33.178+0000] {logging_mixin.py:188} INFO - [2024-05-23T19:40:33.178+0000] {dagbag.py:545} INFO - Filling up the DagBag from /home/airflow/.local/lib/python3.12/site-packages/airflow/example_dags/example_kubernetes_executor.py
[2024-05-23T19:40:33.194+0000] {processor.py:840} INFO - DAG(s) 'example_kubernetes_executor' retrieved from /home/airflow/.local/lib/python3.12/site-packages/airflow/example_dags/example_kubernetes_executor.py
[2024-05-23T19:40:33.243+0000] {logging_mixin.py:188} INFO - [2024-05-23T19:40:33.243+0000] {dag.py:3096} INFO - Sync 1 DAGs
[2024-05-23T19:40:33.259+0000] {logging_mixin.py:188} INFO - [2024-05-23T19:40:33.259+0000] {dag.py:3954} INFO - Setting next_dagrun for example_kubernetes_executor to None, run_after=None
[2024-05-23T19:40:33.292+0000] {processor.py:183} INFO - Processing /home/airflow/.local/lib/python3.12/site-packages/airflow/example_dags/example_kubernetes_executor.py took 0.127 seconds
[2024-05-23T19:41:03.508+0000] {processor.py:161} INFO - Started process (PID=6085) to work on /home/airflow/.local/lib/python3.12/site-packages/airflow/example_dags/example_kubernetes_executor.py
[2024-05-23T19:41:03.510+0000] {processor.py:830} INFO - Processing file /home/airflow/.local/lib/python3.12/site-packages/airflow/example_dags/example_kubernetes_executor.py for tasks to queue
[2024-05-23T19:41:03.512+0000] {logging_mixin.py:188} INFO - [2024-05-23T19:41:03.512+0000] {dagbag.py:545} INFO - Filling up the DagBag from /home/airflow/.local/lib/python3.12/site-packages/airflow/example_dags/example_kubernetes_executor.py
[2024-05-23T19:41:03.531+0000] {processor.py:840} INFO - DAG(s) 'example_kubernetes_executor' retrieved from /home/airflow/.local/lib/python3.12/site-packages/airflow/example_dags/example_kubernetes_executor.py
[2024-05-23T19:41:03.587+0000] {logging_mixin.py:188} INFO - [2024-05-23T19:41:03.587+0000] {dag.py:3096} INFO - Sync 1 DAGs
[2024-05-23T19:41:03.606+0000] {logging_mixin.py:188} INFO - [2024-05-23T19:41:03.606+0000] {dag.py:3954} INFO - Setting next_dagrun for example_kubernetes_executor to None, run_after=None
[2024-05-23T19:41:03.635+0000] {processor.py:183} INFO - Processing /home/airflow/.local/lib/python3.12/site-packages/airflow/example_dags/example_kubernetes_executor.py took 0.136 seconds
[2024-05-23T19:41:33.846+0000] {processor.py:161} INFO - Started process (PID=6347) to work on /home/airflow/.local/lib/python3.12/site-packages/airflow/example_dags/example_kubernetes_executor.py
[2024-05-23T19:41:33.847+0000] {processor.py:830} INFO - Processing file /home/airflow/.local/lib/python3.12/site-packages/airflow/example_dags/example_kubernetes_executor.py for tasks to queue
[2024-05-23T19:41:33.849+0000] {logging_mixin.py:188} INFO - [2024-05-23T19:41:33.849+0000] {dagbag.py:545} INFO - Filling up the DagBag from /home/airflow/.local/lib/python3.12/site-packages/airflow/example_dags/example_kubernetes_executor.py
[2024-05-23T19:41:33.865+0000] {processor.py:840} INFO - DAG(s) 'example_kubernetes_executor' retrieved from /home/airflow/.local/lib/python3.12/site-packages/airflow/example_dags/example_kubernetes_executor.py
[2024-05-23T19:41:33.915+0000] {logging_mixin.py:188} INFO - [2024-05-23T19:41:33.915+0000] {dag.py:3096} INFO - Sync 1 DAGs
[2024-05-23T19:41:33.939+0000] {logging_mixin.py:188} INFO - [2024-05-23T19:41:33.938+0000] {dag.py:3954} INFO - Setting next_dagrun for example_kubernetes_executor to None, run_after=None
[2024-05-23T19:41:33.968+0000] {processor.py:183} INFO - Processing /home/airflow/.local/lib/python3.12/site-packages/airflow/example_dags/example_kubernetes_executor.py took 0.132 seconds
[2024-05-23T19:42:04.554+0000] {processor.py:161} INFO - Started process (PID=6608) to work on /home/airflow/.local/lib/python3.12/site-packages/airflow/example_dags/example_kubernetes_executor.py
[2024-05-23T19:42:04.556+0000] {processor.py:830} INFO - Processing file /home/airflow/.local/lib/python3.12/site-packages/airflow/example_dags/example_kubernetes_executor.py for tasks to queue
[2024-05-23T19:42:04.559+0000] {logging_mixin.py:188} INFO - [2024-05-23T19:42:04.559+0000] {dagbag.py:545} INFO - Filling up the DagBag from /home/airflow/.local/lib/python3.12/site-packages/airflow/example_dags/example_kubernetes_executor.py
[2024-05-23T19:42:04.581+0000] {processor.py:840} INFO - DAG(s) 'example_kubernetes_executor' retrieved from /home/airflow/.local/lib/python3.12/site-packages/airflow/example_dags/example_kubernetes_executor.py
[2024-05-23T19:42:04.788+0000] {logging_mixin.py:188} INFO - [2024-05-23T19:42:04.787+0000] {dag.py:3096} INFO - Sync 1 DAGs
[2024-05-23T19:42:04.815+0000] {logging_mixin.py:188} INFO - [2024-05-23T19:42:04.815+0000] {dag.py:3954} INFO - Setting next_dagrun for example_kubernetes_executor to None, run_after=None
[2024-05-23T19:42:04.851+0000] {processor.py:183} INFO - Processing /home/airflow/.local/lib/python3.12/site-packages/airflow/example_dags/example_kubernetes_executor.py took 0.309 seconds
[2024-05-23T19:42:35.680+0000] {processor.py:161} INFO - Started process (PID=6870) to work on /home/airflow/.local/lib/python3.12/site-packages/airflow/example_dags/example_kubernetes_executor.py
[2024-05-23T19:42:35.681+0000] {processor.py:830} INFO - Processing file /home/airflow/.local/lib/python3.12/site-packages/airflow/example_dags/example_kubernetes_executor.py for tasks to queue
[2024-05-23T19:42:35.684+0000] {logging_mixin.py:188} INFO - [2024-05-23T19:42:35.684+0000] {dagbag.py:545} INFO - Filling up the DagBag from /home/airflow/.local/lib/python3.12/site-packages/airflow/example_dags/example_kubernetes_executor.py
[2024-05-23T19:42:35.701+0000] {processor.py:840} INFO - DAG(s) 'example_kubernetes_executor' retrieved from /home/airflow/.local/lib/python3.12/site-packages/airflow/example_dags/example_kubernetes_executor.py
[2024-05-23T19:42:35.750+0000] {logging_mixin.py:188} INFO - [2024-05-23T19:42:35.749+0000] {dag.py:3096} INFO - Sync 1 DAGs
[2024-05-23T19:42:35.769+0000] {logging_mixin.py:188} INFO - [2024-05-23T19:42:35.768+0000] {dag.py:3954} INFO - Setting next_dagrun for example_kubernetes_executor to None, run_after=None
[2024-05-23T19:42:35.794+0000] {processor.py:183} INFO - Processing /home/airflow/.local/lib/python3.12/site-packages/airflow/example_dags/example_kubernetes_executor.py took 0.121 seconds
[2024-05-23T19:43:06.005+0000] {processor.py:161} INFO - Started process (PID=7132) to work on /home/airflow/.local/lib/python3.12/site-packages/airflow/example_dags/example_kubernetes_executor.py
[2024-05-23T19:43:06.006+0000] {processor.py:830} INFO - Processing file /home/airflow/.local/lib/python3.12/site-packages/airflow/example_dags/example_kubernetes_executor.py for tasks to queue
[2024-05-23T19:43:06.009+0000] {logging_mixin.py:188} INFO - [2024-05-23T19:43:06.009+0000] {dagbag.py:545} INFO - Filling up the DagBag from /home/airflow/.local/lib/python3.12/site-packages/airflow/example_dags/example_kubernetes_executor.py
[2024-05-23T19:43:06.026+0000] {processor.py:840} INFO - DAG(s) 'example_kubernetes_executor' retrieved from /home/airflow/.local/lib/python3.12/site-packages/airflow/example_dags/example_kubernetes_executor.py
[2024-05-23T19:43:06.081+0000] {logging_mixin.py:188} INFO - [2024-05-23T19:43:06.080+0000] {dag.py:3096} INFO - Sync 1 DAGs
[2024-05-23T19:43:06.100+0000] {logging_mixin.py:188} INFO - [2024-05-23T19:43:06.099+0000] {dag.py:3954} INFO - Setting next_dagrun for example_kubernetes_executor to None, run_after=None
[2024-05-23T19:43:06.129+0000] {processor.py:183} INFO - Processing /home/airflow/.local/lib/python3.12/site-packages/airflow/example_dags/example_kubernetes_executor.py took 0.132 seconds
[2024-05-23T19:43:36.491+0000] {processor.py:161} INFO - Started process (PID=7394) to work on /home/airflow/.local/lib/python3.12/site-packages/airflow/example_dags/example_kubernetes_executor.py
[2024-05-23T19:43:36.492+0000] {processor.py:830} INFO - Processing file /home/airflow/.local/lib/python3.12/site-packages/airflow/example_dags/example_kubernetes_executor.py for tasks to queue
[2024-05-23T19:43:36.496+0000] {logging_mixin.py:188} INFO - [2024-05-23T19:43:36.495+0000] {dagbag.py:545} INFO - Filling up the DagBag from /home/airflow/.local/lib/python3.12/site-packages/airflow/example_dags/example_kubernetes_executor.py
[2024-05-23T19:43:36.518+0000] {processor.py:840} INFO - DAG(s) 'example_kubernetes_executor' retrieved from /home/airflow/.local/lib/python3.12/site-packages/airflow/example_dags/example_kubernetes_executor.py
[2024-05-23T19:43:36.576+0000] {logging_mixin.py:188} INFO - [2024-05-23T19:43:36.576+0000] {dag.py:3096} INFO - Sync 1 DAGs
[2024-05-23T19:43:36.596+0000] {logging_mixin.py:188} INFO - [2024-05-23T19:43:36.596+0000] {dag.py:3954} INFO - Setting next_dagrun for example_kubernetes_executor to None, run_after=None
[2024-05-23T19:43:36.623+0000] {processor.py:183} INFO - Processing /home/airflow/.local/lib/python3.12/site-packages/airflow/example_dags/example_kubernetes_executor.py took 0.141 seconds
[2024-05-23T19:44:07.025+0000] {processor.py:161} INFO - Started process (PID=7656) to work on /home/airflow/.local/lib/python3.12/site-packages/airflow/example_dags/example_kubernetes_executor.py
[2024-05-23T19:44:07.027+0000] {processor.py:830} INFO - Processing file /home/airflow/.local/lib/python3.12/site-packages/airflow/example_dags/example_kubernetes_executor.py for tasks to queue
[2024-05-23T19:44:07.030+0000] {logging_mixin.py:188} INFO - [2024-05-23T19:44:07.029+0000] {dagbag.py:545} INFO - Filling up the DagBag from /home/airflow/.local/lib/python3.12/site-packages/airflow/example_dags/example_kubernetes_executor.py
[2024-05-23T19:44:07.049+0000] {processor.py:840} INFO - DAG(s) 'example_kubernetes_executor' retrieved from /home/airflow/.local/lib/python3.12/site-packages/airflow/example_dags/example_kubernetes_executor.py
[2024-05-23T19:44:07.102+0000] {logging_mixin.py:188} INFO - [2024-05-23T19:44:07.102+0000] {dag.py:3096} INFO - Sync 1 DAGs
[2024-05-23T19:44:07.120+0000] {logging_mixin.py:188} INFO - [2024-05-23T19:44:07.120+0000] {dag.py:3954} INFO - Setting next_dagrun for example_kubernetes_executor to None, run_after=None
[2024-05-23T19:44:07.150+0000] {processor.py:183} INFO - Processing /home/airflow/.local/lib/python3.12/site-packages/airflow/example_dags/example_kubernetes_executor.py took 0.133 seconds
[2024-05-23T19:44:37.443+0000] {processor.py:161} INFO - Started process (PID=7918) to work on /home/airflow/.local/lib/python3.12/site-packages/airflow/example_dags/example_kubernetes_executor.py
[2024-05-23T19:44:37.445+0000] {processor.py:830} INFO - Processing file /home/airflow/.local/lib/python3.12/site-packages/airflow/example_dags/example_kubernetes_executor.py for tasks to queue
[2024-05-23T19:44:37.450+0000] {logging_mixin.py:188} INFO - [2024-05-23T19:44:37.449+0000] {dagbag.py:545} INFO - Filling up the DagBag from /home/airflow/.local/lib/python3.12/site-packages/airflow/example_dags/example_kubernetes_executor.py
[2024-05-23T19:44:37.471+0000] {processor.py:840} INFO - DAG(s) 'example_kubernetes_executor' retrieved from /home/airflow/.local/lib/python3.12/site-packages/airflow/example_dags/example_kubernetes_executor.py
[2024-05-23T19:44:37.534+0000] {logging_mixin.py:188} INFO - [2024-05-23T19:44:37.533+0000] {dag.py:3096} INFO - Sync 1 DAGs
[2024-05-23T19:44:37.559+0000] {logging_mixin.py:188} INFO - [2024-05-23T19:44:37.559+0000] {dag.py:3954} INFO - Setting next_dagrun for example_kubernetes_executor to None, run_after=None
[2024-05-23T19:44:37.595+0000] {processor.py:183} INFO - Processing /home/airflow/.local/lib/python3.12/site-packages/airflow/example_dags/example_kubernetes_executor.py took 0.163 seconds
[2024-05-23T19:45:07.720+0000] {processor.py:161} INFO - Started process (PID=8180) to work on /home/airflow/.local/lib/python3.12/site-packages/airflow/example_dags/example_kubernetes_executor.py
[2024-05-23T19:45:07.722+0000] {processor.py:830} INFO - Processing file /home/airflow/.local/lib/python3.12/site-packages/airflow/example_dags/example_kubernetes_executor.py for tasks to queue
[2024-05-23T19:45:07.724+0000] {logging_mixin.py:188} INFO - [2024-05-23T19:45:07.724+0000] {dagbag.py:545} INFO - Filling up the DagBag from /home/airflow/.local/lib/python3.12/site-packages/airflow/example_dags/example_kubernetes_executor.py
[2024-05-23T19:45:07.741+0000] {processor.py:840} INFO - DAG(s) 'example_kubernetes_executor' retrieved from /home/airflow/.local/lib/python3.12/site-packages/airflow/example_dags/example_kubernetes_executor.py
[2024-05-23T19:45:07.791+0000] {logging_mixin.py:188} INFO - [2024-05-23T19:45:07.790+0000] {dag.py:3096} INFO - Sync 1 DAGs
[2024-05-23T19:45:07.808+0000] {logging_mixin.py:188} INFO - [2024-05-23T19:45:07.808+0000] {dag.py:3954} INFO - Setting next_dagrun for example_kubernetes_executor to None, run_after=None
[2024-05-23T19:45:07.834+0000] {processor.py:183} INFO - Processing /home/airflow/.local/lib/python3.12/site-packages/airflow/example_dags/example_kubernetes_executor.py took 0.122 seconds
[2024-05-23T19:45:38.063+0000] {processor.py:161} INFO - Started process (PID=8442) to work on /home/airflow/.local/lib/python3.12/site-packages/airflow/example_dags/example_kubernetes_executor.py
[2024-05-23T19:45:38.064+0000] {processor.py:830} INFO - Processing file /home/airflow/.local/lib/python3.12/site-packages/airflow/example_dags/example_kubernetes_executor.py for tasks to queue
[2024-05-23T19:45:38.067+0000] {logging_mixin.py:188} INFO - [2024-05-23T19:45:38.067+0000] {dagbag.py:545} INFO - Filling up the DagBag from /home/airflow/.local/lib/python3.12/site-packages/airflow/example_dags/example_kubernetes_executor.py
[2024-05-23T19:45:38.084+0000] {processor.py:840} INFO - DAG(s) 'example_kubernetes_executor' retrieved from /home/airflow/.local/lib/python3.12/site-packages/airflow/example_dags/example_kubernetes_executor.py
[2024-05-23T19:45:38.133+0000] {logging_mixin.py:188} INFO - [2024-05-23T19:45:38.133+0000] {dag.py:3096} INFO - Sync 1 DAGs
[2024-05-23T19:45:38.150+0000] {logging_mixin.py:188} INFO - [2024-05-23T19:45:38.150+0000] {dag.py:3954} INFO - Setting next_dagrun for example_kubernetes_executor to None, run_after=None
[2024-05-23T19:45:38.173+0000] {processor.py:183} INFO - Processing /home/airflow/.local/lib/python3.12/site-packages/airflow/example_dags/example_kubernetes_executor.py took 0.118 seconds
[2024-05-23T19:46:08.261+0000] {processor.py:161} INFO - Started process (PID=8704) to work on /home/airflow/.local/lib/python3.12/site-packages/airflow/example_dags/example_kubernetes_executor.py
[2024-05-23T19:46:08.262+0000] {processor.py:830} INFO - Processing file /home/airflow/.local/lib/python3.12/site-packages/airflow/example_dags/example_kubernetes_executor.py for tasks to queue
[2024-05-23T19:46:08.265+0000] {logging_mixin.py:188} INFO - [2024-05-23T19:46:08.265+0000] {dagbag.py:545} INFO - Filling up the DagBag from /home/airflow/.local/lib/python3.12/site-packages/airflow/example_dags/example_kubernetes_executor.py
[2024-05-23T19:46:08.281+0000] {processor.py:840} INFO - DAG(s) 'example_kubernetes_executor' retrieved from /home/airflow/.local/lib/python3.12/site-packages/airflow/example_dags/example_kubernetes_executor.py
[2024-05-23T19:46:08.329+0000] {logging_mixin.py:188} INFO - [2024-05-23T19:46:08.329+0000] {dag.py:3096} INFO - Sync 1 DAGs
[2024-05-23T19:46:08.347+0000] {logging_mixin.py:188} INFO - [2024-05-23T19:46:08.346+0000] {dag.py:3954} INFO - Setting next_dagrun for example_kubernetes_executor to None, run_after=None
[2024-05-23T19:46:08.371+0000] {processor.py:183} INFO - Processing /home/airflow/.local/lib/python3.12/site-packages/airflow/example_dags/example_kubernetes_executor.py took 0.118 seconds
[2024-05-23T19:46:39.016+0000] {processor.py:161} INFO - Started process (PID=8960) to work on /home/airflow/.local/lib/python3.12/site-packages/airflow/example_dags/example_kubernetes_executor.py
[2024-05-23T19:46:39.018+0000] {processor.py:830} INFO - Processing file /home/airflow/.local/lib/python3.12/site-packages/airflow/example_dags/example_kubernetes_executor.py for tasks to queue
[2024-05-23T19:46:39.020+0000] {logging_mixin.py:188} INFO - [2024-05-23T19:46:39.020+0000] {dagbag.py:545} INFO - Filling up the DagBag from /home/airflow/.local/lib/python3.12/site-packages/airflow/example_dags/example_kubernetes_executor.py
[2024-05-23T19:46:39.036+0000] {processor.py:840} INFO - DAG(s) 'example_kubernetes_executor' retrieved from /home/airflow/.local/lib/python3.12/site-packages/airflow/example_dags/example_kubernetes_executor.py
[2024-05-23T19:46:39.084+0000] {logging_mixin.py:188} INFO - [2024-05-23T19:46:39.084+0000] {dag.py:3096} INFO - Sync 1 DAGs
[2024-05-23T19:46:39.104+0000] {logging_mixin.py:188} INFO - [2024-05-23T19:46:39.104+0000] {dag.py:3954} INFO - Setting next_dagrun for example_kubernetes_executor to None, run_after=None
[2024-05-23T19:46:39.128+0000] {processor.py:183} INFO - Processing /home/airflow/.local/lib/python3.12/site-packages/airflow/example_dags/example_kubernetes_executor.py took 0.120 seconds
[2024-05-23T19:47:09.289+0000] {processor.py:161} INFO - Started process (PID=9222) to work on /home/airflow/.local/lib/python3.12/site-packages/airflow/example_dags/example_kubernetes_executor.py
[2024-05-23T19:47:09.290+0000] {processor.py:830} INFO - Processing file /home/airflow/.local/lib/python3.12/site-packages/airflow/example_dags/example_kubernetes_executor.py for tasks to queue
[2024-05-23T19:47:09.294+0000] {logging_mixin.py:188} INFO - [2024-05-23T19:47:09.293+0000] {dagbag.py:545} INFO - Filling up the DagBag from /home/airflow/.local/lib/python3.12/site-packages/airflow/example_dags/example_kubernetes_executor.py
[2024-05-23T19:47:09.314+0000] {processor.py:840} INFO - DAG(s) 'example_kubernetes_executor' retrieved from /home/airflow/.local/lib/python3.12/site-packages/airflow/example_dags/example_kubernetes_executor.py
[2024-05-23T19:47:09.367+0000] {logging_mixin.py:188} INFO - [2024-05-23T19:47:09.367+0000] {dag.py:3096} INFO - Sync 1 DAGs
[2024-05-23T19:47:09.386+0000] {logging_mixin.py:188} INFO - [2024-05-23T19:47:09.385+0000] {dag.py:3954} INFO - Setting next_dagrun for example_kubernetes_executor to None, run_after=None
[2024-05-23T19:47:09.411+0000] {processor.py:183} INFO - Processing /home/airflow/.local/lib/python3.12/site-packages/airflow/example_dags/example_kubernetes_executor.py took 0.131 seconds
[2024-05-23T19:47:39.480+0000] {processor.py:161} INFO - Started process (PID=9484) to work on /home/airflow/.local/lib/python3.12/site-packages/airflow/example_dags/example_kubernetes_executor.py
[2024-05-23T19:47:39.481+0000] {processor.py:830} INFO - Processing file /home/airflow/.local/lib/python3.12/site-packages/airflow/example_dags/example_kubernetes_executor.py for tasks to queue
[2024-05-23T19:47:39.484+0000] {logging_mixin.py:188} INFO - [2024-05-23T19:47:39.483+0000] {dagbag.py:545} INFO - Filling up the DagBag from /home/airflow/.local/lib/python3.12/site-packages/airflow/example_dags/example_kubernetes_executor.py
[2024-05-23T19:47:39.500+0000] {processor.py:840} INFO - DAG(s) 'example_kubernetes_executor' retrieved from /home/airflow/.local/lib/python3.12/site-packages/airflow/example_dags/example_kubernetes_executor.py
[2024-05-23T19:47:39.549+0000] {logging_mixin.py:188} INFO - [2024-05-23T19:47:39.549+0000] {dag.py:3096} INFO - Sync 1 DAGs
[2024-05-23T19:47:39.566+0000] {logging_mixin.py:188} INFO - [2024-05-23T19:47:39.566+0000] {dag.py:3954} INFO - Setting next_dagrun for example_kubernetes_executor to None, run_after=None
[2024-05-23T19:47:39.591+0000] {processor.py:183} INFO - Processing /home/airflow/.local/lib/python3.12/site-packages/airflow/example_dags/example_kubernetes_executor.py took 0.119 seconds
[2024-05-23T19:48:10.256+0000] {processor.py:161} INFO - Started process (PID=9746) to work on /home/airflow/.local/lib/python3.12/site-packages/airflow/example_dags/example_kubernetes_executor.py
[2024-05-23T19:48:10.258+0000] {processor.py:830} INFO - Processing file /home/airflow/.local/lib/python3.12/site-packages/airflow/example_dags/example_kubernetes_executor.py for tasks to queue
[2024-05-23T19:48:10.261+0000] {logging_mixin.py:188} INFO - [2024-05-23T19:48:10.260+0000] {dagbag.py:545} INFO - Filling up the DagBag from /home/airflow/.local/lib/python3.12/site-packages/airflow/example_dags/example_kubernetes_executor.py
[2024-05-23T19:48:10.278+0000] {processor.py:840} INFO - DAG(s) 'example_kubernetes_executor' retrieved from /home/airflow/.local/lib/python3.12/site-packages/airflow/example_dags/example_kubernetes_executor.py
[2024-05-23T19:48:10.330+0000] {logging_mixin.py:188} INFO - [2024-05-23T19:48:10.329+0000] {dag.py:3096} INFO - Sync 1 DAGs
[2024-05-23T19:48:10.368+0000] {logging_mixin.py:188} INFO - [2024-05-23T19:48:10.368+0000] {dag.py:3954} INFO - Setting next_dagrun for example_kubernetes_executor to None, run_after=None
[2024-05-23T19:48:10.445+0000] {processor.py:183} INFO - Processing /home/airflow/.local/lib/python3.12/site-packages/airflow/example_dags/example_kubernetes_executor.py took 0.197 seconds
[2024-05-23T19:48:40.584+0000] {processor.py:161} INFO - Started process (PID=10008) to work on /home/airflow/.local/lib/python3.12/site-packages/airflow/example_dags/example_kubernetes_executor.py
[2024-05-23T19:48:40.586+0000] {processor.py:830} INFO - Processing file /home/airflow/.local/lib/python3.12/site-packages/airflow/example_dags/example_kubernetes_executor.py for tasks to queue
[2024-05-23T19:48:40.589+0000] {logging_mixin.py:188} INFO - [2024-05-23T19:48:40.589+0000] {dagbag.py:545} INFO - Filling up the DagBag from /home/airflow/.local/lib/python3.12/site-packages/airflow/example_dags/example_kubernetes_executor.py
[2024-05-23T19:48:40.608+0000] {processor.py:840} INFO - DAG(s) 'example_kubernetes_executor' retrieved from /home/airflow/.local/lib/python3.12/site-packages/airflow/example_dags/example_kubernetes_executor.py
[2024-05-23T19:48:40.664+0000] {logging_mixin.py:188} INFO - [2024-05-23T19:48:40.663+0000] {dag.py:3096} INFO - Sync 1 DAGs
[2024-05-23T19:48:40.858+0000] {logging_mixin.py:188} INFO - [2024-05-23T19:48:40.858+0000] {dag.py:3954} INFO - Setting next_dagrun for example_kubernetes_executor to None, run_after=None
[2024-05-23T19:48:40.891+0000] {processor.py:183} INFO - Processing /home/airflow/.local/lib/python3.12/site-packages/airflow/example_dags/example_kubernetes_executor.py took 0.316 seconds
[2024-05-23T19:49:11.774+0000] {processor.py:161} INFO - Started process (PID=10270) to work on /home/airflow/.local/lib/python3.12/site-packages/airflow/example_dags/example_kubernetes_executor.py
[2024-05-23T19:49:11.776+0000] {processor.py:830} INFO - Processing file /home/airflow/.local/lib/python3.12/site-packages/airflow/example_dags/example_kubernetes_executor.py for tasks to queue
[2024-05-23T19:49:11.778+0000] {logging_mixin.py:188} INFO - [2024-05-23T19:49:11.778+0000] {dagbag.py:545} INFO - Filling up the DagBag from /home/airflow/.local/lib/python3.12/site-packages/airflow/example_dags/example_kubernetes_executor.py
[2024-05-23T19:49:11.795+0000] {processor.py:840} INFO - DAG(s) 'example_kubernetes_executor' retrieved from /home/airflow/.local/lib/python3.12/site-packages/airflow/example_dags/example_kubernetes_executor.py
[2024-05-23T19:49:11.849+0000] {logging_mixin.py:188} INFO - [2024-05-23T19:49:11.849+0000] {dag.py:3096} INFO - Sync 1 DAGs
[2024-05-23T19:49:11.868+0000] {logging_mixin.py:188} INFO - [2024-05-23T19:49:11.868+0000] {dag.py:3954} INFO - Setting next_dagrun for example_kubernetes_executor to None, run_after=None
[2024-05-23T19:49:11.897+0000] {processor.py:183} INFO - Processing /home/airflow/.local/lib/python3.12/site-packages/airflow/example_dags/example_kubernetes_executor.py took 0.132 seconds
[2024-05-23T19:49:42.114+0000] {processor.py:161} INFO - Started process (PID=10532) to work on /home/airflow/.local/lib/python3.12/site-packages/airflow/example_dags/example_kubernetes_executor.py
[2024-05-23T19:49:42.115+0000] {processor.py:830} INFO - Processing file /home/airflow/.local/lib/python3.12/site-packages/airflow/example_dags/example_kubernetes_executor.py for tasks to queue
[2024-05-23T19:49:42.118+0000] {logging_mixin.py:188} INFO - [2024-05-23T19:49:42.117+0000] {dagbag.py:545} INFO - Filling up the DagBag from /home/airflow/.local/lib/python3.12/site-packages/airflow/example_dags/example_kubernetes_executor.py
[2024-05-23T19:49:42.135+0000] {processor.py:840} INFO - DAG(s) 'example_kubernetes_executor' retrieved from /home/airflow/.local/lib/python3.12/site-packages/airflow/example_dags/example_kubernetes_executor.py
[2024-05-23T19:49:42.190+0000] {logging_mixin.py:188} INFO - [2024-05-23T19:49:42.190+0000] {dag.py:3096} INFO - Sync 1 DAGs
[2024-05-23T19:49:42.210+0000] {logging_mixin.py:188} INFO - [2024-05-23T19:49:42.210+0000] {dag.py:3954} INFO - Setting next_dagrun for example_kubernetes_executor to None, run_after=None
[2024-05-23T19:49:42.236+0000] {processor.py:183} INFO - Processing /home/airflow/.local/lib/python3.12/site-packages/airflow/example_dags/example_kubernetes_executor.py took 0.130 seconds
[2024-05-23T19:50:12.593+0000] {processor.py:161} INFO - Started process (PID=10794) to work on /home/airflow/.local/lib/python3.12/site-packages/airflow/example_dags/example_kubernetes_executor.py
[2024-05-23T19:50:12.594+0000] {processor.py:830} INFO - Processing file /home/airflow/.local/lib/python3.12/site-packages/airflow/example_dags/example_kubernetes_executor.py for tasks to queue
[2024-05-23T19:50:12.597+0000] {logging_mixin.py:188} INFO - [2024-05-23T19:50:12.597+0000] {dagbag.py:545} INFO - Filling up the DagBag from /home/airflow/.local/lib/python3.12/site-packages/airflow/example_dags/example_kubernetes_executor.py
[2024-05-23T19:50:12.617+0000] {processor.py:840} INFO - DAG(s) 'example_kubernetes_executor' retrieved from /home/airflow/.local/lib/python3.12/site-packages/airflow/example_dags/example_kubernetes_executor.py
[2024-05-23T19:50:12.676+0000] {logging_mixin.py:188} INFO - [2024-05-23T19:50:12.675+0000] {dag.py:3096} INFO - Sync 1 DAGs
[2024-05-23T19:50:12.697+0000] {logging_mixin.py:188} INFO - [2024-05-23T19:50:12.696+0000] {dag.py:3954} INFO - Setting next_dagrun for example_kubernetes_executor to None, run_after=None
[2024-05-23T19:50:12.724+0000] {processor.py:183} INFO - Processing /home/airflow/.local/lib/python3.12/site-packages/airflow/example_dags/example_kubernetes_executor.py took 0.142 seconds
[2024-05-23T19:50:43.412+0000] {processor.py:161} INFO - Started process (PID=11056) to work on /home/airflow/.local/lib/python3.12/site-packages/airflow/example_dags/example_kubernetes_executor.py
[2024-05-23T19:50:43.414+0000] {processor.py:830} INFO - Processing file /home/airflow/.local/lib/python3.12/site-packages/airflow/example_dags/example_kubernetes_executor.py for tasks to queue
[2024-05-23T19:50:43.417+0000] {logging_mixin.py:188} INFO - [2024-05-23T19:50:43.416+0000] {dagbag.py:545} INFO - Filling up the DagBag from /home/airflow/.local/lib/python3.12/site-packages/airflow/example_dags/example_kubernetes_executor.py
[2024-05-23T19:50:43.595+0000] {processor.py:840} INFO - DAG(s) 'example_kubernetes_executor' retrieved from /home/airflow/.local/lib/python3.12/site-packages/airflow/example_dags/example_kubernetes_executor.py
[2024-05-23T19:50:43.647+0000] {logging_mixin.py:188} INFO - [2024-05-23T19:50:43.646+0000] {dag.py:3096} INFO - Sync 1 DAGs
[2024-05-23T19:50:43.663+0000] {logging_mixin.py:188} INFO - [2024-05-23T19:50:43.663+0000] {dag.py:3954} INFO - Setting next_dagrun for example_kubernetes_executor to None, run_after=None
[2024-05-23T19:50:43.688+0000] {processor.py:183} INFO - Processing /home/airflow/.local/lib/python3.12/site-packages/airflow/example_dags/example_kubernetes_executor.py took 0.285 seconds
[2024-05-23T19:51:14.024+0000] {processor.py:161} INFO - Started process (PID=11318) to work on /home/airflow/.local/lib/python3.12/site-packages/airflow/example_dags/example_kubernetes_executor.py
[2024-05-23T19:51:14.026+0000] {processor.py:830} INFO - Processing file /home/airflow/.local/lib/python3.12/site-packages/airflow/example_dags/example_kubernetes_executor.py for tasks to queue
[2024-05-23T19:51:14.029+0000] {logging_mixin.py:188} INFO - [2024-05-23T19:51:14.028+0000] {dagbag.py:545} INFO - Filling up the DagBag from /home/airflow/.local/lib/python3.12/site-packages/airflow/example_dags/example_kubernetes_executor.py
[2024-05-23T19:51:14.048+0000] {processor.py:840} INFO - DAG(s) 'example_kubernetes_executor' retrieved from /home/airflow/.local/lib/python3.12/site-packages/airflow/example_dags/example_kubernetes_executor.py
[2024-05-23T19:51:14.103+0000] {logging_mixin.py:188} INFO - [2024-05-23T19:51:14.103+0000] {dag.py:3096} INFO - Sync 1 DAGs
[2024-05-23T19:51:14.122+0000] {logging_mixin.py:188} INFO - [2024-05-23T19:51:14.122+0000] {dag.py:3954} INFO - Setting next_dagrun for example_kubernetes_executor to None, run_after=None
[2024-05-23T19:51:14.149+0000] {processor.py:183} INFO - Processing /home/airflow/.local/lib/python3.12/site-packages/airflow/example_dags/example_kubernetes_executor.py took 0.134 seconds
[2024-05-23T19:51:44.247+0000] {processor.py:161} INFO - Started process (PID=11580) to work on /home/airflow/.local/lib/python3.12/site-packages/airflow/example_dags/example_kubernetes_executor.py
[2024-05-23T19:51:44.249+0000] {processor.py:830} INFO - Processing file /home/airflow/.local/lib/python3.12/site-packages/airflow/example_dags/example_kubernetes_executor.py for tasks to queue
[2024-05-23T19:51:44.251+0000] {logging_mixin.py:188} INFO - [2024-05-23T19:51:44.251+0000] {dagbag.py:545} INFO - Filling up the DagBag from /home/airflow/.local/lib/python3.12/site-packages/airflow/example_dags/example_kubernetes_executor.py
[2024-05-23T19:51:44.268+0000] {processor.py:840} INFO - DAG(s) 'example_kubernetes_executor' retrieved from /home/airflow/.local/lib/python3.12/site-packages/airflow/example_dags/example_kubernetes_executor.py
[2024-05-23T19:51:44.315+0000] {logging_mixin.py:188} INFO - [2024-05-23T19:51:44.315+0000] {dag.py:3096} INFO - Sync 1 DAGs
[2024-05-23T19:51:44.330+0000] {logging_mixin.py:188} INFO - [2024-05-23T19:51:44.330+0000] {dag.py:3954} INFO - Setting next_dagrun for example_kubernetes_executor to None, run_after=None
[2024-05-23T19:51:44.355+0000] {processor.py:183} INFO - Processing /home/airflow/.local/lib/python3.12/site-packages/airflow/example_dags/example_kubernetes_executor.py took 0.115 seconds
[2024-05-23T19:52:14.462+0000] {processor.py:161} INFO - Started process (PID=11842) to work on /home/airflow/.local/lib/python3.12/site-packages/airflow/example_dags/example_kubernetes_executor.py
[2024-05-23T19:52:14.463+0000] {processor.py:830} INFO - Processing file /home/airflow/.local/lib/python3.12/site-packages/airflow/example_dags/example_kubernetes_executor.py for tasks to queue
[2024-05-23T19:52:14.466+0000] {logging_mixin.py:188} INFO - [2024-05-23T19:52:14.465+0000] {dagbag.py:545} INFO - Filling up the DagBag from /home/airflow/.local/lib/python3.12/site-packages/airflow/example_dags/example_kubernetes_executor.py
[2024-05-23T19:52:14.484+0000] {processor.py:840} INFO - DAG(s) 'example_kubernetes_executor' retrieved from /home/airflow/.local/lib/python3.12/site-packages/airflow/example_dags/example_kubernetes_executor.py
[2024-05-23T19:52:14.538+0000] {logging_mixin.py:188} INFO - [2024-05-23T19:52:14.538+0000] {dag.py:3096} INFO - Sync 1 DAGs
[2024-05-23T19:52:14.559+0000] {logging_mixin.py:188} INFO - [2024-05-23T19:52:14.559+0000] {dag.py:3954} INFO - Setting next_dagrun for example_kubernetes_executor to None, run_after=None
[2024-05-23T19:52:14.586+0000] {processor.py:183} INFO - Processing /home/airflow/.local/lib/python3.12/site-packages/airflow/example_dags/example_kubernetes_executor.py took 0.134 seconds
[2024-05-23T19:52:44.826+0000] {processor.py:161} INFO - Started process (PID=12104) to work on /home/airflow/.local/lib/python3.12/site-packages/airflow/example_dags/example_kubernetes_executor.py
[2024-05-23T19:52:44.827+0000] {processor.py:830} INFO - Processing file /home/airflow/.local/lib/python3.12/site-packages/airflow/example_dags/example_kubernetes_executor.py for tasks to queue
[2024-05-23T19:52:44.830+0000] {logging_mixin.py:188} INFO - [2024-05-23T19:52:44.829+0000] {dagbag.py:545} INFO - Filling up the DagBag from /home/airflow/.local/lib/python3.12/site-packages/airflow/example_dags/example_kubernetes_executor.py
[2024-05-23T19:52:44.850+0000] {processor.py:840} INFO - DAG(s) 'example_kubernetes_executor' retrieved from /home/airflow/.local/lib/python3.12/site-packages/airflow/example_dags/example_kubernetes_executor.py
[2024-05-23T19:52:44.911+0000] {logging_mixin.py:188} INFO - [2024-05-23T19:52:44.910+0000] {dag.py:3096} INFO - Sync 1 DAGs
[2024-05-23T19:52:44.932+0000] {logging_mixin.py:188} INFO - [2024-05-23T19:52:44.932+0000] {dag.py:3954} INFO - Setting next_dagrun for example_kubernetes_executor to None, run_after=None
[2024-05-23T19:52:44.964+0000] {processor.py:183} INFO - Processing /home/airflow/.local/lib/python3.12/site-packages/airflow/example_dags/example_kubernetes_executor.py took 0.149 seconds
[2024-05-23T19:53:15.134+0000] {processor.py:161} INFO - Started process (PID=12366) to work on /home/airflow/.local/lib/python3.12/site-packages/airflow/example_dags/example_kubernetes_executor.py
[2024-05-23T19:53:15.136+0000] {processor.py:830} INFO - Processing file /home/airflow/.local/lib/python3.12/site-packages/airflow/example_dags/example_kubernetes_executor.py for tasks to queue
[2024-05-23T19:53:15.138+0000] {logging_mixin.py:188} INFO - [2024-05-23T19:53:15.138+0000] {dagbag.py:545} INFO - Filling up the DagBag from /home/airflow/.local/lib/python3.12/site-packages/airflow/example_dags/example_kubernetes_executor.py
[2024-05-23T19:53:15.156+0000] {processor.py:840} INFO - DAG(s) 'example_kubernetes_executor' retrieved from /home/airflow/.local/lib/python3.12/site-packages/airflow/example_dags/example_kubernetes_executor.py
[2024-05-23T19:53:15.217+0000] {logging_mixin.py:188} INFO - [2024-05-23T19:53:15.217+0000] {dag.py:3096} INFO - Sync 1 DAGs
[2024-05-23T19:53:15.239+0000] {logging_mixin.py:188} INFO - [2024-05-23T19:53:15.239+0000] {dag.py:3954} INFO - Setting next_dagrun for example_kubernetes_executor to None, run_after=None
[2024-05-23T19:53:15.278+0000] {processor.py:183} INFO - Processing /home/airflow/.local/lib/python3.12/site-packages/airflow/example_dags/example_kubernetes_executor.py took 0.153 seconds
[2024-05-23T19:53:45.404+0000] {processor.py:161} INFO - Started process (PID=12628) to work on /home/airflow/.local/lib/python3.12/site-packages/airflow/example_dags/example_kubernetes_executor.py
[2024-05-23T19:53:45.406+0000] {processor.py:830} INFO - Processing file /home/airflow/.local/lib/python3.12/site-packages/airflow/example_dags/example_kubernetes_executor.py for tasks to queue
[2024-05-23T19:53:45.409+0000] {logging_mixin.py:188} INFO - [2024-05-23T19:53:45.408+0000] {dagbag.py:545} INFO - Filling up the DagBag from /home/airflow/.local/lib/python3.12/site-packages/airflow/example_dags/example_kubernetes_executor.py
[2024-05-23T19:53:45.428+0000] {processor.py:840} INFO - DAG(s) 'example_kubernetes_executor' retrieved from /home/airflow/.local/lib/python3.12/site-packages/airflow/example_dags/example_kubernetes_executor.py
[2024-05-23T19:53:45.482+0000] {logging_mixin.py:188} INFO - [2024-05-23T19:53:45.481+0000] {dag.py:3096} INFO - Sync 1 DAGs
[2024-05-23T19:53:45.502+0000] {logging_mixin.py:188} INFO - [2024-05-23T19:53:45.502+0000] {dag.py:3954} INFO - Setting next_dagrun for example_kubernetes_executor to None, run_after=None
[2024-05-23T19:53:45.529+0000] {processor.py:183} INFO - Processing /home/airflow/.local/lib/python3.12/site-packages/airflow/example_dags/example_kubernetes_executor.py took 0.134 seconds
[2024-05-23T19:54:15.999+0000] {processor.py:161} INFO - Started process (PID=12896) to work on /home/airflow/.local/lib/python3.12/site-packages/airflow/example_dags/example_kubernetes_executor.py
[2024-05-23T19:54:16.003+0000] {processor.py:830} INFO - Processing file /home/airflow/.local/lib/python3.12/site-packages/airflow/example_dags/example_kubernetes_executor.py for tasks to queue
[2024-05-23T19:54:16.008+0000] {logging_mixin.py:188} INFO - [2024-05-23T19:54:16.007+0000] {dagbag.py:545} INFO - Filling up the DagBag from /home/airflow/.local/lib/python3.12/site-packages/airflow/example_dags/example_kubernetes_executor.py
[2024-05-23T19:54:16.027+0000] {processor.py:840} INFO - DAG(s) 'example_kubernetes_executor' retrieved from /home/airflow/.local/lib/python3.12/site-packages/airflow/example_dags/example_kubernetes_executor.py
[2024-05-23T19:54:16.090+0000] {logging_mixin.py:188} INFO - [2024-05-23T19:54:16.089+0000] {dag.py:3096} INFO - Sync 1 DAGs
[2024-05-23T19:54:16.112+0000] {logging_mixin.py:188} INFO - [2024-05-23T19:54:16.112+0000] {dag.py:3954} INFO - Setting next_dagrun for example_kubernetes_executor to None, run_after=None
[2024-05-23T19:54:16.147+0000] {processor.py:183} INFO - Processing /home/airflow/.local/lib/python3.12/site-packages/airflow/example_dags/example_kubernetes_executor.py took 0.160 seconds
[2024-05-23T19:54:46.912+0000] {processor.py:161} INFO - Started process (PID=13158) to work on /home/airflow/.local/lib/python3.12/site-packages/airflow/example_dags/example_kubernetes_executor.py
[2024-05-23T19:54:46.913+0000] {processor.py:830} INFO - Processing file /home/airflow/.local/lib/python3.12/site-packages/airflow/example_dags/example_kubernetes_executor.py for tasks to queue
[2024-05-23T19:54:46.916+0000] {logging_mixin.py:188} INFO - [2024-05-23T19:54:46.915+0000] {dagbag.py:545} INFO - Filling up the DagBag from /home/airflow/.local/lib/python3.12/site-packages/airflow/example_dags/example_kubernetes_executor.py
[2024-05-23T19:54:46.932+0000] {processor.py:840} INFO - DAG(s) 'example_kubernetes_executor' retrieved from /home/airflow/.local/lib/python3.12/site-packages/airflow/example_dags/example_kubernetes_executor.py
[2024-05-23T19:54:46.981+0000] {logging_mixin.py:188} INFO - [2024-05-23T19:54:46.981+0000] {dag.py:3096} INFO - Sync 1 DAGs
[2024-05-23T19:54:46.998+0000] {logging_mixin.py:188} INFO - [2024-05-23T19:54:46.998+0000] {dag.py:3954} INFO - Setting next_dagrun for example_kubernetes_executor to None, run_after=None
[2024-05-23T19:54:47.022+0000] {processor.py:183} INFO - Processing /home/airflow/.local/lib/python3.12/site-packages/airflow/example_dags/example_kubernetes_executor.py took 0.118 seconds
[2024-05-23T19:55:17.646+0000] {processor.py:161} INFO - Started process (PID=13420) to work on /home/airflow/.local/lib/python3.12/site-packages/airflow/example_dags/example_kubernetes_executor.py
[2024-05-23T19:55:17.648+0000] {processor.py:830} INFO - Processing file /home/airflow/.local/lib/python3.12/site-packages/airflow/example_dags/example_kubernetes_executor.py for tasks to queue
[2024-05-23T19:55:17.651+0000] {logging_mixin.py:188} INFO - [2024-05-23T19:55:17.650+0000] {dagbag.py:545} INFO - Filling up the DagBag from /home/airflow/.local/lib/python3.12/site-packages/airflow/example_dags/example_kubernetes_executor.py
[2024-05-23T19:55:17.669+0000] {processor.py:840} INFO - DAG(s) 'example_kubernetes_executor' retrieved from /home/airflow/.local/lib/python3.12/site-packages/airflow/example_dags/example_kubernetes_executor.py
[2024-05-23T19:55:17.724+0000] {logging_mixin.py:188} INFO - [2024-05-23T19:55:17.724+0000] {dag.py:3096} INFO - Sync 1 DAGs
[2024-05-23T19:55:17.742+0000] {logging_mixin.py:188} INFO - [2024-05-23T19:55:17.742+0000] {dag.py:3954} INFO - Setting next_dagrun for example_kubernetes_executor to None, run_after=None
[2024-05-23T19:55:17.770+0000] {processor.py:183} INFO - Processing /home/airflow/.local/lib/python3.12/site-packages/airflow/example_dags/example_kubernetes_executor.py took 0.134 seconds
[2024-05-23T19:55:48.250+0000] {processor.py:161} INFO - Started process (PID=13682) to work on /home/airflow/.local/lib/python3.12/site-packages/airflow/example_dags/example_kubernetes_executor.py
[2024-05-23T19:55:48.252+0000] {processor.py:830} INFO - Processing file /home/airflow/.local/lib/python3.12/site-packages/airflow/example_dags/example_kubernetes_executor.py for tasks to queue
[2024-05-23T19:55:48.255+0000] {logging_mixin.py:188} INFO - [2024-05-23T19:55:48.254+0000] {dagbag.py:545} INFO - Filling up the DagBag from /home/airflow/.local/lib/python3.12/site-packages/airflow/example_dags/example_kubernetes_executor.py
[2024-05-23T19:55:48.273+0000] {processor.py:840} INFO - DAG(s) 'example_kubernetes_executor' retrieved from /home/airflow/.local/lib/python3.12/site-packages/airflow/example_dags/example_kubernetes_executor.py
[2024-05-23T19:55:48.329+0000] {logging_mixin.py:188} INFO - [2024-05-23T19:55:48.329+0000] {dag.py:3096} INFO - Sync 1 DAGs
[2024-05-23T19:55:48.350+0000] {logging_mixin.py:188} INFO - [2024-05-23T19:55:48.350+0000] {dag.py:3954} INFO - Setting next_dagrun for example_kubernetes_executor to None, run_after=None
[2024-05-23T19:55:48.380+0000] {processor.py:183} INFO - Processing /home/airflow/.local/lib/python3.12/site-packages/airflow/example_dags/example_kubernetes_executor.py took 0.140 seconds
[2024-05-23T19:56:18.486+0000] {processor.py:161} INFO - Started process (PID=13944) to work on /home/airflow/.local/lib/python3.12/site-packages/airflow/example_dags/example_kubernetes_executor.py
[2024-05-23T19:56:18.487+0000] {processor.py:830} INFO - Processing file /home/airflow/.local/lib/python3.12/site-packages/airflow/example_dags/example_kubernetes_executor.py for tasks to queue
[2024-05-23T19:56:18.490+0000] {logging_mixin.py:188} INFO - [2024-05-23T19:56:18.489+0000] {dagbag.py:545} INFO - Filling up the DagBag from /home/airflow/.local/lib/python3.12/site-packages/airflow/example_dags/example_kubernetes_executor.py
[2024-05-23T19:56:18.506+0000] {processor.py:840} INFO - DAG(s) 'example_kubernetes_executor' retrieved from /home/airflow/.local/lib/python3.12/site-packages/airflow/example_dags/example_kubernetes_executor.py
[2024-05-23T19:56:18.555+0000] {logging_mixin.py:188} INFO - [2024-05-23T19:56:18.555+0000] {dag.py:3096} INFO - Sync 1 DAGs
[2024-05-23T19:56:18.572+0000] {logging_mixin.py:188} INFO - [2024-05-23T19:56:18.572+0000] {dag.py:3954} INFO - Setting next_dagrun for example_kubernetes_executor to None, run_after=None
[2024-05-23T19:56:18.597+0000] {processor.py:183} INFO - Processing /home/airflow/.local/lib/python3.12/site-packages/airflow/example_dags/example_kubernetes_executor.py took 0.120 seconds
[2024-05-23T19:56:49.295+0000] {processor.py:161} INFO - Started process (PID=14206) to work on /home/airflow/.local/lib/python3.12/site-packages/airflow/example_dags/example_kubernetes_executor.py
[2024-05-23T19:56:49.297+0000] {processor.py:830} INFO - Processing file /home/airflow/.local/lib/python3.12/site-packages/airflow/example_dags/example_kubernetes_executor.py for tasks to queue
[2024-05-23T19:56:49.300+0000] {logging_mixin.py:188} INFO - [2024-05-23T19:56:49.299+0000] {dagbag.py:545} INFO - Filling up the DagBag from /home/airflow/.local/lib/python3.12/site-packages/airflow/example_dags/example_kubernetes_executor.py
[2024-05-23T19:56:49.316+0000] {processor.py:840} INFO - DAG(s) 'example_kubernetes_executor' retrieved from /home/airflow/.local/lib/python3.12/site-packages/airflow/example_dags/example_kubernetes_executor.py
[2024-05-23T19:56:49.370+0000] {logging_mixin.py:188} INFO - [2024-05-23T19:56:49.369+0000] {dag.py:3096} INFO - Sync 1 DAGs
[2024-05-23T19:56:49.394+0000] {logging_mixin.py:188} INFO - [2024-05-23T19:56:49.393+0000] {dag.py:3954} INFO - Setting next_dagrun for example_kubernetes_executor to None, run_after=None
[2024-05-23T19:56:49.424+0000] {processor.py:183} INFO - Processing /home/airflow/.local/lib/python3.12/site-packages/airflow/example_dags/example_kubernetes_executor.py took 0.142 seconds
[2024-05-23T19:57:19.865+0000] {processor.py:161} INFO - Started process (PID=14468) to work on /home/airflow/.local/lib/python3.12/site-packages/airflow/example_dags/example_kubernetes_executor.py
[2024-05-23T19:57:19.867+0000] {processor.py:830} INFO - Processing file /home/airflow/.local/lib/python3.12/site-packages/airflow/example_dags/example_kubernetes_executor.py for tasks to queue
[2024-05-23T19:57:19.870+0000] {logging_mixin.py:188} INFO - [2024-05-23T19:57:19.869+0000] {dagbag.py:545} INFO - Filling up the DagBag from /home/airflow/.local/lib/python3.12/site-packages/airflow/example_dags/example_kubernetes_executor.py
[2024-05-23T19:57:19.887+0000] {processor.py:840} INFO - DAG(s) 'example_kubernetes_executor' retrieved from /home/airflow/.local/lib/python3.12/site-packages/airflow/example_dags/example_kubernetes_executor.py
[2024-05-23T19:57:19.939+0000] {logging_mixin.py:188} INFO - [2024-05-23T19:57:19.939+0000] {dag.py:3096} INFO - Sync 1 DAGs
[2024-05-23T19:57:19.959+0000] {logging_mixin.py:188} INFO - [2024-05-23T19:57:19.959+0000] {dag.py:3954} INFO - Setting next_dagrun for example_kubernetes_executor to None, run_after=None
[2024-05-23T19:57:19.984+0000] {processor.py:183} INFO - Processing /home/airflow/.local/lib/python3.12/site-packages/airflow/example_dags/example_kubernetes_executor.py took 0.129 seconds
[2024-05-23T19:58:11.172+0000] {processor.py:161} INFO - Started process (PID=14735) to work on /home/airflow/.local/lib/python3.12/site-packages/airflow/example_dags/example_kubernetes_executor.py
[2024-05-23T19:58:11.174+0000] {processor.py:830} INFO - Processing file /home/airflow/.local/lib/python3.12/site-packages/airflow/example_dags/example_kubernetes_executor.py for tasks to queue
[2024-05-23T19:58:11.176+0000] {logging_mixin.py:188} INFO - [2024-05-23T19:58:11.176+0000] {dagbag.py:545} INFO - Filling up the DagBag from /home/airflow/.local/lib/python3.12/site-packages/airflow/example_dags/example_kubernetes_executor.py
[2024-05-23T19:58:11.193+0000] {processor.py:840} INFO - DAG(s) 'example_kubernetes_executor' retrieved from /home/airflow/.local/lib/python3.12/site-packages/airflow/example_dags/example_kubernetes_executor.py
[2024-05-23T19:58:11.247+0000] {logging_mixin.py:188} INFO - [2024-05-23T19:58:11.247+0000] {dag.py:3096} INFO - Sync 1 DAGs
[2024-05-23T19:58:11.269+0000] {logging_mixin.py:188} INFO - [2024-05-23T19:58:11.269+0000] {dag.py:3954} INFO - Setting next_dagrun for example_kubernetes_executor to None, run_after=None
[2024-05-23T19:58:11.295+0000] {processor.py:183} INFO - Processing /home/airflow/.local/lib/python3.12/site-packages/airflow/example_dags/example_kubernetes_executor.py took 0.132 seconds
[2024-05-23T20:03:43.431+0000] {processor.py:161} INFO - Started process (PID=15068) to work on /home/airflow/.local/lib/python3.12/site-packages/airflow/example_dags/example_kubernetes_executor.py
[2024-05-23T20:03:43.432+0000] {processor.py:830} INFO - Processing file /home/airflow/.local/lib/python3.12/site-packages/airflow/example_dags/example_kubernetes_executor.py for tasks to queue
[2024-05-23T20:03:43.434+0000] {logging_mixin.py:188} INFO - [2024-05-23T20:03:43.433+0000] {dagbag.py:545} INFO - Filling up the DagBag from /home/airflow/.local/lib/python3.12/site-packages/airflow/example_dags/example_kubernetes_executor.py
[2024-05-23T20:03:43.449+0000] {processor.py:840} INFO - DAG(s) 'example_kubernetes_executor' retrieved from /home/airflow/.local/lib/python3.12/site-packages/airflow/example_dags/example_kubernetes_executor.py
[2024-05-23T20:03:43.500+0000] {logging_mixin.py:188} INFO - [2024-05-23T20:03:43.500+0000] {dag.py:3096} INFO - Sync 1 DAGs
[2024-05-23T20:03:43.518+0000] {logging_mixin.py:188} INFO - [2024-05-23T20:03:43.518+0000] {dag.py:3954} INFO - Setting next_dagrun for example_kubernetes_executor to None, run_after=None
[2024-05-23T20:03:43.542+0000] {processor.py:183} INFO - Processing /home/airflow/.local/lib/python3.12/site-packages/airflow/example_dags/example_kubernetes_executor.py took 0.119 seconds
[2024-05-23T20:04:20.192+0000] {processor.py:161} INFO - Started process (PID=15330) to work on /home/airflow/.local/lib/python3.12/site-packages/airflow/example_dags/example_kubernetes_executor.py
[2024-05-23T20:04:20.198+0000] {processor.py:830} INFO - Processing file /home/airflow/.local/lib/python3.12/site-packages/airflow/example_dags/example_kubernetes_executor.py for tasks to queue
[2024-05-23T20:04:20.205+0000] {logging_mixin.py:188} INFO - [2024-05-23T20:04:20.203+0000] {dagbag.py:545} INFO - Filling up the DagBag from /home/airflow/.local/lib/python3.12/site-packages/airflow/example_dags/example_kubernetes_executor.py
[2024-05-23T20:04:20.273+0000] {processor.py:840} INFO - DAG(s) 'example_kubernetes_executor' retrieved from /home/airflow/.local/lib/python3.12/site-packages/airflow/example_dags/example_kubernetes_executor.py
[2024-05-23T20:04:20.500+0000] {logging_mixin.py:188} INFO - [2024-05-23T20:04:20.499+0000] {dag.py:3096} INFO - Sync 1 DAGs
[2024-05-23T20:04:20.573+0000] {logging_mixin.py:188} INFO - [2024-05-23T20:04:20.572+0000] {dag.py:3954} INFO - Setting next_dagrun for example_kubernetes_executor to None, run_after=None
[2024-05-23T20:04:20.664+0000] {processor.py:183} INFO - Processing /home/airflow/.local/lib/python3.12/site-packages/airflow/example_dags/example_kubernetes_executor.py took 0.505 seconds
[2024-05-23T20:08:14.329+0000] {processor.py:161} INFO - Started process (PID=15593) to work on /home/airflow/.local/lib/python3.12/site-packages/airflow/example_dags/example_kubernetes_executor.py
[2024-05-23T20:08:14.333+0000] {processor.py:830} INFO - Processing file /home/airflow/.local/lib/python3.12/site-packages/airflow/example_dags/example_kubernetes_executor.py for tasks to queue
[2024-05-23T20:08:14.336+0000] {logging_mixin.py:188} INFO - [2024-05-23T20:08:14.335+0000] {dagbag.py:545} INFO - Filling up the DagBag from /home/airflow/.local/lib/python3.12/site-packages/airflow/example_dags/example_kubernetes_executor.py
[2024-05-23T20:08:14.362+0000] {processor.py:840} INFO - DAG(s) 'example_kubernetes_executor' retrieved from /home/airflow/.local/lib/python3.12/site-packages/airflow/example_dags/example_kubernetes_executor.py
[2024-05-23T20:08:14.459+0000] {logging_mixin.py:188} INFO - [2024-05-23T20:08:14.458+0000] {dag.py:3096} INFO - Sync 1 DAGs
[2024-05-23T20:08:14.494+0000] {logging_mixin.py:188} INFO - [2024-05-23T20:08:14.493+0000] {dag.py:3954} INFO - Setting next_dagrun for example_kubernetes_executor to None, run_after=None
[2024-05-23T20:08:14.557+0000] {processor.py:183} INFO - Processing /home/airflow/.local/lib/python3.12/site-packages/airflow/example_dags/example_kubernetes_executor.py took 0.240 seconds
[2024-05-23T20:08:44.882+0000] {processor.py:161} INFO - Started process (PID=15855) to work on /home/airflow/.local/lib/python3.12/site-packages/airflow/example_dags/example_kubernetes_executor.py
[2024-05-23T20:08:44.885+0000] {processor.py:830} INFO - Processing file /home/airflow/.local/lib/python3.12/site-packages/airflow/example_dags/example_kubernetes_executor.py for tasks to queue
[2024-05-23T20:08:44.886+0000] {logging_mixin.py:188} INFO - [2024-05-23T20:08:44.886+0000] {dagbag.py:545} INFO - Filling up the DagBag from /home/airflow/.local/lib/python3.12/site-packages/airflow/example_dags/example_kubernetes_executor.py
[2024-05-23T20:08:44.907+0000] {processor.py:840} INFO - DAG(s) 'example_kubernetes_executor' retrieved from /home/airflow/.local/lib/python3.12/site-packages/airflow/example_dags/example_kubernetes_executor.py
[2024-05-23T20:08:44.959+0000] {logging_mixin.py:188} INFO - [2024-05-23T20:08:44.959+0000] {dag.py:3096} INFO - Sync 1 DAGs
[2024-05-23T20:08:44.979+0000] {logging_mixin.py:188} INFO - [2024-05-23T20:08:44.979+0000] {dag.py:3954} INFO - Setting next_dagrun for example_kubernetes_executor to None, run_after=None
[2024-05-23T20:08:45.009+0000] {processor.py:183} INFO - Processing /home/airflow/.local/lib/python3.12/site-packages/airflow/example_dags/example_kubernetes_executor.py took 0.136 seconds
[2024-05-23T20:09:15.362+0000] {processor.py:161} INFO - Started process (PID=16117) to work on /home/airflow/.local/lib/python3.12/site-packages/airflow/example_dags/example_kubernetes_executor.py
[2024-05-23T20:09:15.364+0000] {processor.py:830} INFO - Processing file /home/airflow/.local/lib/python3.12/site-packages/airflow/example_dags/example_kubernetes_executor.py for tasks to queue
[2024-05-23T20:09:15.366+0000] {logging_mixin.py:188} INFO - [2024-05-23T20:09:15.366+0000] {dagbag.py:545} INFO - Filling up the DagBag from /home/airflow/.local/lib/python3.12/site-packages/airflow/example_dags/example_kubernetes_executor.py
[2024-05-23T20:09:15.384+0000] {processor.py:840} INFO - DAG(s) 'example_kubernetes_executor' retrieved from /home/airflow/.local/lib/python3.12/site-packages/airflow/example_dags/example_kubernetes_executor.py
[2024-05-23T20:09:15.439+0000] {logging_mixin.py:188} INFO - [2024-05-23T20:09:15.438+0000] {dag.py:3096} INFO - Sync 1 DAGs
[2024-05-23T20:09:15.456+0000] {logging_mixin.py:188} INFO - [2024-05-23T20:09:15.456+0000] {dag.py:3954} INFO - Setting next_dagrun for example_kubernetes_executor to None, run_after=None
[2024-05-23T20:09:15.479+0000] {processor.py:183} INFO - Processing /home/airflow/.local/lib/python3.12/site-packages/airflow/example_dags/example_kubernetes_executor.py took 0.125 seconds
[2024-05-23T20:09:45.659+0000] {processor.py:161} INFO - Started process (PID=16379) to work on /home/airflow/.local/lib/python3.12/site-packages/airflow/example_dags/example_kubernetes_executor.py
[2024-05-23T20:09:45.661+0000] {processor.py:830} INFO - Processing file /home/airflow/.local/lib/python3.12/site-packages/airflow/example_dags/example_kubernetes_executor.py for tasks to queue
[2024-05-23T20:09:45.662+0000] {logging_mixin.py:188} INFO - [2024-05-23T20:09:45.662+0000] {dagbag.py:545} INFO - Filling up the DagBag from /home/airflow/.local/lib/python3.12/site-packages/airflow/example_dags/example_kubernetes_executor.py
[2024-05-23T20:09:45.681+0000] {processor.py:840} INFO - DAG(s) 'example_kubernetes_executor' retrieved from /home/airflow/.local/lib/python3.12/site-packages/airflow/example_dags/example_kubernetes_executor.py
[2024-05-23T20:09:45.734+0000] {logging_mixin.py:188} INFO - [2024-05-23T20:09:45.733+0000] {dag.py:3096} INFO - Sync 1 DAGs
[2024-05-23T20:09:45.751+0000] {logging_mixin.py:188} INFO - [2024-05-23T20:09:45.751+0000] {dag.py:3954} INFO - Setting next_dagrun for example_kubernetes_executor to None, run_after=None
[2024-05-23T20:09:45.774+0000] {processor.py:183} INFO - Processing /home/airflow/.local/lib/python3.12/site-packages/airflow/example_dags/example_kubernetes_executor.py took 0.124 seconds
[2024-05-23T20:10:16.150+0000] {processor.py:161} INFO - Started process (PID=16641) to work on /home/airflow/.local/lib/python3.12/site-packages/airflow/example_dags/example_kubernetes_executor.py
[2024-05-23T20:10:16.152+0000] {processor.py:830} INFO - Processing file /home/airflow/.local/lib/python3.12/site-packages/airflow/example_dags/example_kubernetes_executor.py for tasks to queue
[2024-05-23T20:10:16.153+0000] {logging_mixin.py:188} INFO - [2024-05-23T20:10:16.153+0000] {dagbag.py:545} INFO - Filling up the DagBag from /home/airflow/.local/lib/python3.12/site-packages/airflow/example_dags/example_kubernetes_executor.py
[2024-05-23T20:10:16.171+0000] {processor.py:840} INFO - DAG(s) 'example_kubernetes_executor' retrieved from /home/airflow/.local/lib/python3.12/site-packages/airflow/example_dags/example_kubernetes_executor.py
[2024-05-23T20:10:16.224+0000] {logging_mixin.py:188} INFO - [2024-05-23T20:10:16.224+0000] {dag.py:3096} INFO - Sync 1 DAGs
[2024-05-23T20:10:16.242+0000] {logging_mixin.py:188} INFO - [2024-05-23T20:10:16.241+0000] {dag.py:3954} INFO - Setting next_dagrun for example_kubernetes_executor to None, run_after=None
[2024-05-23T20:10:16.270+0000] {processor.py:183} INFO - Processing /home/airflow/.local/lib/python3.12/site-packages/airflow/example_dags/example_kubernetes_executor.py took 0.129 seconds
[2024-05-23T20:10:46.417+0000] {processor.py:161} INFO - Started process (PID=16903) to work on /home/airflow/.local/lib/python3.12/site-packages/airflow/example_dags/example_kubernetes_executor.py
[2024-05-23T20:10:46.418+0000] {processor.py:830} INFO - Processing file /home/airflow/.local/lib/python3.12/site-packages/airflow/example_dags/example_kubernetes_executor.py for tasks to queue
[2024-05-23T20:10:46.420+0000] {logging_mixin.py:188} INFO - [2024-05-23T20:10:46.419+0000] {dagbag.py:545} INFO - Filling up the DagBag from /home/airflow/.local/lib/python3.12/site-packages/airflow/example_dags/example_kubernetes_executor.py
[2024-05-23T20:10:46.436+0000] {processor.py:840} INFO - DAG(s) 'example_kubernetes_executor' retrieved from /home/airflow/.local/lib/python3.12/site-packages/airflow/example_dags/example_kubernetes_executor.py
[2024-05-23T20:10:46.488+0000] {logging_mixin.py:188} INFO - [2024-05-23T20:10:46.488+0000] {dag.py:3096} INFO - Sync 1 DAGs
[2024-05-23T20:10:46.504+0000] {logging_mixin.py:188} INFO - [2024-05-23T20:10:46.504+0000] {dag.py:3954} INFO - Setting next_dagrun for example_kubernetes_executor to None, run_after=None
[2024-05-23T20:10:46.526+0000] {processor.py:183} INFO - Processing /home/airflow/.local/lib/python3.12/site-packages/airflow/example_dags/example_kubernetes_executor.py took 0.118 seconds
[2024-05-23T20:11:17.435+0000] {processor.py:161} INFO - Started process (PID=17166) to work on /home/airflow/.local/lib/python3.12/site-packages/airflow/example_dags/example_kubernetes_executor.py
[2024-05-23T20:11:17.436+0000] {processor.py:830} INFO - Processing file /home/airflow/.local/lib/python3.12/site-packages/airflow/example_dags/example_kubernetes_executor.py for tasks to queue
[2024-05-23T20:11:17.438+0000] {logging_mixin.py:188} INFO - [2024-05-23T20:11:17.437+0000] {dagbag.py:545} INFO - Filling up the DagBag from /home/airflow/.local/lib/python3.12/site-packages/airflow/example_dags/example_kubernetes_executor.py
[2024-05-23T20:11:17.454+0000] {processor.py:840} INFO - DAG(s) 'example_kubernetes_executor' retrieved from /home/airflow/.local/lib/python3.12/site-packages/airflow/example_dags/example_kubernetes_executor.py
[2024-05-23T20:11:17.502+0000] {logging_mixin.py:188} INFO - [2024-05-23T20:11:17.502+0000] {dag.py:3096} INFO - Sync 1 DAGs
[2024-05-23T20:11:17.518+0000] {logging_mixin.py:188} INFO - [2024-05-23T20:11:17.518+0000] {dag.py:3954} INFO - Setting next_dagrun for example_kubernetes_executor to None, run_after=None
[2024-05-23T20:11:17.542+0000] {processor.py:183} INFO - Processing /home/airflow/.local/lib/python3.12/site-packages/airflow/example_dags/example_kubernetes_executor.py took 0.118 seconds
[2024-05-23T20:11:47.688+0000] {processor.py:161} INFO - Started process (PID=17426) to work on /home/airflow/.local/lib/python3.12/site-packages/airflow/example_dags/example_kubernetes_executor.py
[2024-05-23T20:11:47.689+0000] {processor.py:830} INFO - Processing file /home/airflow/.local/lib/python3.12/site-packages/airflow/example_dags/example_kubernetes_executor.py for tasks to queue
[2024-05-23T20:11:47.691+0000] {logging_mixin.py:188} INFO - [2024-05-23T20:11:47.691+0000] {dagbag.py:545} INFO - Filling up the DagBag from /home/airflow/.local/lib/python3.12/site-packages/airflow/example_dags/example_kubernetes_executor.py
[2024-05-23T20:11:47.704+0000] {processor.py:840} INFO - DAG(s) 'example_kubernetes_executor' retrieved from /home/airflow/.local/lib/python3.12/site-packages/airflow/example_dags/example_kubernetes_executor.py
[2024-05-23T20:11:47.750+0000] {logging_mixin.py:188} INFO - [2024-05-23T20:11:47.750+0000] {dag.py:3096} INFO - Sync 1 DAGs
[2024-05-23T20:11:47.767+0000] {logging_mixin.py:188} INFO - [2024-05-23T20:11:47.767+0000] {dag.py:3954} INFO - Setting next_dagrun for example_kubernetes_executor to None, run_after=None
[2024-05-23T20:11:47.785+0000] {processor.py:183} INFO - Processing /home/airflow/.local/lib/python3.12/site-packages/airflow/example_dags/example_kubernetes_executor.py took 0.103 seconds
[2024-05-23T20:12:18.658+0000] {processor.py:161} INFO - Started process (PID=17688) to work on /home/airflow/.local/lib/python3.12/site-packages/airflow/example_dags/example_kubernetes_executor.py
[2024-05-23T20:12:18.660+0000] {processor.py:830} INFO - Processing file /home/airflow/.local/lib/python3.12/site-packages/airflow/example_dags/example_kubernetes_executor.py for tasks to queue
[2024-05-23T20:12:18.662+0000] {logging_mixin.py:188} INFO - [2024-05-23T20:12:18.661+0000] {dagbag.py:545} INFO - Filling up the DagBag from /home/airflow/.local/lib/python3.12/site-packages/airflow/example_dags/example_kubernetes_executor.py
[2024-05-23T20:12:18.684+0000] {processor.py:840} INFO - DAG(s) 'example_kubernetes_executor' retrieved from /home/airflow/.local/lib/python3.12/site-packages/airflow/example_dags/example_kubernetes_executor.py
[2024-05-23T20:12:18.743+0000] {logging_mixin.py:188} INFO - [2024-05-23T20:12:18.743+0000] {dag.py:3096} INFO - Sync 1 DAGs
[2024-05-23T20:12:18.764+0000] {logging_mixin.py:188} INFO - [2024-05-23T20:12:18.764+0000] {dag.py:3954} INFO - Setting next_dagrun for example_kubernetes_executor to None, run_after=None
[2024-05-23T20:12:18.794+0000] {processor.py:183} INFO - Processing /home/airflow/.local/lib/python3.12/site-packages/airflow/example_dags/example_kubernetes_executor.py took 0.147 seconds
[2024-05-23T20:12:49.016+0000] {processor.py:161} INFO - Started process (PID=17950) to work on /home/airflow/.local/lib/python3.12/site-packages/airflow/example_dags/example_kubernetes_executor.py
[2024-05-23T20:12:49.018+0000] {processor.py:830} INFO - Processing file /home/airflow/.local/lib/python3.12/site-packages/airflow/example_dags/example_kubernetes_executor.py for tasks to queue
[2024-05-23T20:12:49.020+0000] {logging_mixin.py:188} INFO - [2024-05-23T20:12:49.019+0000] {dagbag.py:545} INFO - Filling up the DagBag from /home/airflow/.local/lib/python3.12/site-packages/airflow/example_dags/example_kubernetes_executor.py
[2024-05-23T20:12:49.040+0000] {processor.py:840} INFO - DAG(s) 'example_kubernetes_executor' retrieved from /home/airflow/.local/lib/python3.12/site-packages/airflow/example_dags/example_kubernetes_executor.py
[2024-05-23T20:12:49.106+0000] {logging_mixin.py:188} INFO - [2024-05-23T20:12:49.105+0000] {dag.py:3096} INFO - Sync 1 DAGs
[2024-05-23T20:12:49.151+0000] {logging_mixin.py:188} INFO - [2024-05-23T20:12:49.150+0000] {dag.py:3954} INFO - Setting next_dagrun for example_kubernetes_executor to None, run_after=None
[2024-05-23T20:12:49.185+0000] {processor.py:183} INFO - Processing /home/airflow/.local/lib/python3.12/site-packages/airflow/example_dags/example_kubernetes_executor.py took 0.177 seconds
[2024-05-23T20:13:19.335+0000] {processor.py:161} INFO - Started process (PID=18212) to work on /home/airflow/.local/lib/python3.12/site-packages/airflow/example_dags/example_kubernetes_executor.py
[2024-05-23T20:13:19.337+0000] {processor.py:830} INFO - Processing file /home/airflow/.local/lib/python3.12/site-packages/airflow/example_dags/example_kubernetes_executor.py for tasks to queue
[2024-05-23T20:13:19.338+0000] {logging_mixin.py:188} INFO - [2024-05-23T20:13:19.338+0000] {dagbag.py:545} INFO - Filling up the DagBag from /home/airflow/.local/lib/python3.12/site-packages/airflow/example_dags/example_kubernetes_executor.py
[2024-05-23T20:13:19.356+0000] {processor.py:840} INFO - DAG(s) 'example_kubernetes_executor' retrieved from /home/airflow/.local/lib/python3.12/site-packages/airflow/example_dags/example_kubernetes_executor.py
[2024-05-23T20:13:19.419+0000] {logging_mixin.py:188} INFO - [2024-05-23T20:13:19.418+0000] {dag.py:3096} INFO - Sync 1 DAGs
[2024-05-23T20:13:19.443+0000] {logging_mixin.py:188} INFO - [2024-05-23T20:13:19.442+0000] {dag.py:3954} INFO - Setting next_dagrun for example_kubernetes_executor to None, run_after=None
[2024-05-23T20:13:19.472+0000] {processor.py:183} INFO - Processing /home/airflow/.local/lib/python3.12/site-packages/airflow/example_dags/example_kubernetes_executor.py took 0.146 seconds
