[2024-05-23T19:29:55.860+0000] {processor.py:161} INFO - Started process (PID=357) to work on /home/airflow/.local/lib/python3.12/site-packages/airflow/example_dags/example_branch_python_dop_operator_3.py
[2024-05-23T19:29:55.862+0000] {processor.py:830} INFO - Processing file /home/airflow/.local/lib/python3.12/site-packages/airflow/example_dags/example_branch_python_dop_operator_3.py for tasks to queue
[2024-05-23T19:29:55.865+0000] {logging_mixin.py:188} INFO - [2024-05-23T19:29:55.865+0000] {dagbag.py:545} INFO - Filling up the DagBag from /home/airflow/.local/lib/python3.12/site-packages/airflow/example_dags/example_branch_python_dop_operator_3.py
[2024-05-23T19:29:55.881+0000] {processor.py:840} INFO - DAG(s) 'example_branch_dop_operator_v3' retrieved from /home/airflow/.local/lib/python3.12/site-packages/airflow/example_dags/example_branch_python_dop_operator_3.py
[2024-05-23T19:29:56.101+0000] {logging_mixin.py:188} INFO - [2024-05-23T19:29:56.101+0000] {dag.py:3096} INFO - Sync 1 DAGs
[2024-05-23T19:29:56.153+0000] {logging_mixin.py:188} INFO - [2024-05-23T19:29:56.153+0000] {dag.py:3954} INFO - Setting next_dagrun for example_branch_dop_operator_v3 to 2024-05-23 19:28:00+00:00, run_after=2024-05-23 19:29:00+00:00
[2024-05-23T19:29:56.193+0000] {processor.py:183} INFO - Processing /home/airflow/.local/lib/python3.12/site-packages/airflow/example_dags/example_branch_python_dop_operator_3.py took 0.346 seconds
[2024-05-23T19:30:26.735+0000] {processor.py:161} INFO - Started process (PID=619) to work on /home/airflow/.local/lib/python3.12/site-packages/airflow/example_dags/example_branch_python_dop_operator_3.py
[2024-05-23T19:30:26.741+0000] {processor.py:830} INFO - Processing file /home/airflow/.local/lib/python3.12/site-packages/airflow/example_dags/example_branch_python_dop_operator_3.py for tasks to queue
[2024-05-23T19:30:26.744+0000] {logging_mixin.py:188} INFO - [2024-05-23T19:30:26.744+0000] {dagbag.py:545} INFO - Filling up the DagBag from /home/airflow/.local/lib/python3.12/site-packages/airflow/example_dags/example_branch_python_dop_operator_3.py
[2024-05-23T19:30:26.761+0000] {processor.py:840} INFO - DAG(s) 'example_branch_dop_operator_v3' retrieved from /home/airflow/.local/lib/python3.12/site-packages/airflow/example_dags/example_branch_python_dop_operator_3.py
[2024-05-23T19:30:26.804+0000] {logging_mixin.py:188} INFO - [2024-05-23T19:30:26.804+0000] {dag.py:3096} INFO - Sync 1 DAGs
[2024-05-23T19:30:26.850+0000] {logging_mixin.py:188} INFO - [2024-05-23T19:30:26.849+0000] {dag.py:3954} INFO - Setting next_dagrun for example_branch_dop_operator_v3 to 2024-05-23 19:29:00+00:00, run_after=2024-05-23 19:30:00+00:00
[2024-05-23T19:30:26.883+0000] {processor.py:183} INFO - Processing /home/airflow/.local/lib/python3.12/site-packages/airflow/example_dags/example_branch_python_dop_operator_3.py took 0.171 seconds
[2024-05-23T19:30:57.455+0000] {processor.py:161} INFO - Started process (PID=881) to work on /home/airflow/.local/lib/python3.12/site-packages/airflow/example_dags/example_branch_python_dop_operator_3.py
[2024-05-23T19:30:57.457+0000] {processor.py:830} INFO - Processing file /home/airflow/.local/lib/python3.12/site-packages/airflow/example_dags/example_branch_python_dop_operator_3.py for tasks to queue
[2024-05-23T19:30:57.461+0000] {logging_mixin.py:188} INFO - [2024-05-23T19:30:57.461+0000] {dagbag.py:545} INFO - Filling up the DagBag from /home/airflow/.local/lib/python3.12/site-packages/airflow/example_dags/example_branch_python_dop_operator_3.py
[2024-05-23T19:30:57.474+0000] {processor.py:840} INFO - DAG(s) 'example_branch_dop_operator_v3' retrieved from /home/airflow/.local/lib/python3.12/site-packages/airflow/example_dags/example_branch_python_dop_operator_3.py
[2024-05-23T19:30:57.509+0000] {logging_mixin.py:188} INFO - [2024-05-23T19:30:57.508+0000] {dag.py:3096} INFO - Sync 1 DAGs
[2024-05-23T19:30:57.554+0000] {logging_mixin.py:188} INFO - [2024-05-23T19:30:57.554+0000] {dag.py:3954} INFO - Setting next_dagrun for example_branch_dop_operator_v3 to 2024-05-23 19:29:00+00:00, run_after=2024-05-23 19:30:00+00:00
[2024-05-23T19:30:57.584+0000] {processor.py:183} INFO - Processing /home/airflow/.local/lib/python3.12/site-packages/airflow/example_dags/example_branch_python_dop_operator_3.py took 0.138 seconds
[2024-05-23T19:31:28.583+0000] {processor.py:161} INFO - Started process (PID=1143) to work on /home/airflow/.local/lib/python3.12/site-packages/airflow/example_dags/example_branch_python_dop_operator_3.py
[2024-05-23T19:31:28.584+0000] {processor.py:830} INFO - Processing file /home/airflow/.local/lib/python3.12/site-packages/airflow/example_dags/example_branch_python_dop_operator_3.py for tasks to queue
[2024-05-23T19:31:28.587+0000] {logging_mixin.py:188} INFO - [2024-05-23T19:31:28.586+0000] {dagbag.py:545} INFO - Filling up the DagBag from /home/airflow/.local/lib/python3.12/site-packages/airflow/example_dags/example_branch_python_dop_operator_3.py
[2024-05-23T19:31:28.600+0000] {processor.py:840} INFO - DAG(s) 'example_branch_dop_operator_v3' retrieved from /home/airflow/.local/lib/python3.12/site-packages/airflow/example_dags/example_branch_python_dop_operator_3.py
[2024-05-23T19:31:28.631+0000] {logging_mixin.py:188} INFO - [2024-05-23T19:31:28.630+0000] {dag.py:3096} INFO - Sync 1 DAGs
[2024-05-23T19:31:28.674+0000] {logging_mixin.py:188} INFO - [2024-05-23T19:31:28.674+0000] {dag.py:3954} INFO - Setting next_dagrun for example_branch_dop_operator_v3 to 2024-05-23 19:30:00+00:00, run_after=2024-05-23 19:31:00+00:00
[2024-05-23T19:31:28.702+0000] {processor.py:183} INFO - Processing /home/airflow/.local/lib/python3.12/site-packages/airflow/example_dags/example_branch_python_dop_operator_3.py took 0.128 seconds
[2024-05-23T19:31:58.901+0000] {processor.py:161} INFO - Started process (PID=1405) to work on /home/airflow/.local/lib/python3.12/site-packages/airflow/example_dags/example_branch_python_dop_operator_3.py
[2024-05-23T19:31:58.903+0000] {processor.py:830} INFO - Processing file /home/airflow/.local/lib/python3.12/site-packages/airflow/example_dags/example_branch_python_dop_operator_3.py for tasks to queue
[2024-05-23T19:31:58.906+0000] {logging_mixin.py:188} INFO - [2024-05-23T19:31:58.905+0000] {dagbag.py:545} INFO - Filling up the DagBag from /home/airflow/.local/lib/python3.12/site-packages/airflow/example_dags/example_branch_python_dop_operator_3.py
[2024-05-23T19:31:58.921+0000] {processor.py:840} INFO - DAG(s) 'example_branch_dop_operator_v3' retrieved from /home/airflow/.local/lib/python3.12/site-packages/airflow/example_dags/example_branch_python_dop_operator_3.py
[2024-05-23T19:31:58.955+0000] {logging_mixin.py:188} INFO - [2024-05-23T19:31:58.955+0000] {dag.py:3096} INFO - Sync 1 DAGs
[2024-05-23T19:31:58.998+0000] {logging_mixin.py:188} INFO - [2024-05-23T19:31:58.998+0000] {dag.py:3954} INFO - Setting next_dagrun for example_branch_dop_operator_v3 to 2024-05-23 19:30:00+00:00, run_after=2024-05-23 19:31:00+00:00
[2024-05-23T19:31:59.026+0000] {processor.py:183} INFO - Processing /home/airflow/.local/lib/python3.12/site-packages/airflow/example_dags/example_branch_python_dop_operator_3.py took 0.136 seconds
[2024-05-23T19:32:29.500+0000] {processor.py:161} INFO - Started process (PID=1667) to work on /home/airflow/.local/lib/python3.12/site-packages/airflow/example_dags/example_branch_python_dop_operator_3.py
[2024-05-23T19:32:29.502+0000] {processor.py:830} INFO - Processing file /home/airflow/.local/lib/python3.12/site-packages/airflow/example_dags/example_branch_python_dop_operator_3.py for tasks to queue
[2024-05-23T19:32:29.506+0000] {logging_mixin.py:188} INFO - [2024-05-23T19:32:29.505+0000] {dagbag.py:545} INFO - Filling up the DagBag from /home/airflow/.local/lib/python3.12/site-packages/airflow/example_dags/example_branch_python_dop_operator_3.py
[2024-05-23T19:32:29.520+0000] {processor.py:840} INFO - DAG(s) 'example_branch_dop_operator_v3' retrieved from /home/airflow/.local/lib/python3.12/site-packages/airflow/example_dags/example_branch_python_dop_operator_3.py
[2024-05-23T19:32:29.553+0000] {logging_mixin.py:188} INFO - [2024-05-23T19:32:29.553+0000] {dag.py:3096} INFO - Sync 1 DAGs
[2024-05-23T19:32:29.599+0000] {logging_mixin.py:188} INFO - [2024-05-23T19:32:29.598+0000] {dag.py:3954} INFO - Setting next_dagrun for example_branch_dop_operator_v3 to 2024-05-23 19:31:00+00:00, run_after=2024-05-23 19:32:00+00:00
[2024-05-23T19:32:29.629+0000] {processor.py:183} INFO - Processing /home/airflow/.local/lib/python3.12/site-packages/airflow/example_dags/example_branch_python_dop_operator_3.py took 0.139 seconds
[2024-05-23T19:32:59.779+0000] {processor.py:161} INFO - Started process (PID=1929) to work on /home/airflow/.local/lib/python3.12/site-packages/airflow/example_dags/example_branch_python_dop_operator_3.py
[2024-05-23T19:32:59.781+0000] {processor.py:830} INFO - Processing file /home/airflow/.local/lib/python3.12/site-packages/airflow/example_dags/example_branch_python_dop_operator_3.py for tasks to queue
[2024-05-23T19:32:59.784+0000] {logging_mixin.py:188} INFO - [2024-05-23T19:32:59.784+0000] {dagbag.py:545} INFO - Filling up the DagBag from /home/airflow/.local/lib/python3.12/site-packages/airflow/example_dags/example_branch_python_dop_operator_3.py
[2024-05-23T19:32:59.797+0000] {processor.py:840} INFO - DAG(s) 'example_branch_dop_operator_v3' retrieved from /home/airflow/.local/lib/python3.12/site-packages/airflow/example_dags/example_branch_python_dop_operator_3.py
[2024-05-23T19:32:59.829+0000] {logging_mixin.py:188} INFO - [2024-05-23T19:32:59.828+0000] {dag.py:3096} INFO - Sync 1 DAGs
[2024-05-23T19:32:59.869+0000] {logging_mixin.py:188} INFO - [2024-05-23T19:32:59.869+0000] {dag.py:3954} INFO - Setting next_dagrun for example_branch_dop_operator_v3 to 2024-05-23 19:31:00+00:00, run_after=2024-05-23 19:32:00+00:00
[2024-05-23T19:32:59.896+0000] {processor.py:183} INFO - Processing /home/airflow/.local/lib/python3.12/site-packages/airflow/example_dags/example_branch_python_dop_operator_3.py took 0.126 seconds
[2024-05-23T19:33:30.148+0000] {processor.py:161} INFO - Started process (PID=2191) to work on /home/airflow/.local/lib/python3.12/site-packages/airflow/example_dags/example_branch_python_dop_operator_3.py
[2024-05-23T19:33:30.150+0000] {processor.py:830} INFO - Processing file /home/airflow/.local/lib/python3.12/site-packages/airflow/example_dags/example_branch_python_dop_operator_3.py for tasks to queue
[2024-05-23T19:33:30.152+0000] {logging_mixin.py:188} INFO - [2024-05-23T19:33:30.152+0000] {dagbag.py:545} INFO - Filling up the DagBag from /home/airflow/.local/lib/python3.12/site-packages/airflow/example_dags/example_branch_python_dop_operator_3.py
[2024-05-23T19:33:30.166+0000] {processor.py:840} INFO - DAG(s) 'example_branch_dop_operator_v3' retrieved from /home/airflow/.local/lib/python3.12/site-packages/airflow/example_dags/example_branch_python_dop_operator_3.py
[2024-05-23T19:33:30.213+0000] {logging_mixin.py:188} INFO - [2024-05-23T19:33:30.212+0000] {dag.py:3096} INFO - Sync 1 DAGs
[2024-05-23T19:33:30.298+0000] {logging_mixin.py:188} INFO - [2024-05-23T19:33:30.297+0000] {dag.py:3954} INFO - Setting next_dagrun for example_branch_dop_operator_v3 to 2024-05-23 19:32:00+00:00, run_after=2024-05-23 19:33:00+00:00
[2024-05-23T19:33:30.347+0000] {processor.py:183} INFO - Processing /home/airflow/.local/lib/python3.12/site-packages/airflow/example_dags/example_branch_python_dop_operator_3.py took 0.209 seconds
[2024-05-23T19:34:00.863+0000] {processor.py:161} INFO - Started process (PID=2453) to work on /home/airflow/.local/lib/python3.12/site-packages/airflow/example_dags/example_branch_python_dop_operator_3.py
[2024-05-23T19:34:00.865+0000] {processor.py:830} INFO - Processing file /home/airflow/.local/lib/python3.12/site-packages/airflow/example_dags/example_branch_python_dop_operator_3.py for tasks to queue
[2024-05-23T19:34:00.869+0000] {logging_mixin.py:188} INFO - [2024-05-23T19:34:00.868+0000] {dagbag.py:545} INFO - Filling up the DagBag from /home/airflow/.local/lib/python3.12/site-packages/airflow/example_dags/example_branch_python_dop_operator_3.py
[2024-05-23T19:34:00.886+0000] {processor.py:840} INFO - DAG(s) 'example_branch_dop_operator_v3' retrieved from /home/airflow/.local/lib/python3.12/site-packages/airflow/example_dags/example_branch_python_dop_operator_3.py
[2024-05-23T19:34:00.927+0000] {logging_mixin.py:188} INFO - [2024-05-23T19:34:00.927+0000] {dag.py:3096} INFO - Sync 1 DAGs
[2024-05-23T19:34:00.988+0000] {logging_mixin.py:188} INFO - [2024-05-23T19:34:00.988+0000] {dag.py:3954} INFO - Setting next_dagrun for example_branch_dop_operator_v3 to 2024-05-23 19:33:00+00:00, run_after=2024-05-23 19:34:00+00:00
[2024-05-23T19:34:01.030+0000] {processor.py:183} INFO - Processing /home/airflow/.local/lib/python3.12/site-packages/airflow/example_dags/example_branch_python_dop_operator_3.py took 0.177 seconds
[2024-05-23T19:34:31.187+0000] {processor.py:161} INFO - Started process (PID=2714) to work on /home/airflow/.local/lib/python3.12/site-packages/airflow/example_dags/example_branch_python_dop_operator_3.py
[2024-05-23T19:34:31.189+0000] {processor.py:830} INFO - Processing file /home/airflow/.local/lib/python3.12/site-packages/airflow/example_dags/example_branch_python_dop_operator_3.py for tasks to queue
[2024-05-23T19:34:31.191+0000] {logging_mixin.py:188} INFO - [2024-05-23T19:34:31.191+0000] {dagbag.py:545} INFO - Filling up the DagBag from /home/airflow/.local/lib/python3.12/site-packages/airflow/example_dags/example_branch_python_dop_operator_3.py
[2024-05-23T19:34:31.205+0000] {processor.py:840} INFO - DAG(s) 'example_branch_dop_operator_v3' retrieved from /home/airflow/.local/lib/python3.12/site-packages/airflow/example_dags/example_branch_python_dop_operator_3.py
[2024-05-23T19:34:31.256+0000] {logging_mixin.py:188} INFO - [2024-05-23T19:34:31.255+0000] {dag.py:3096} INFO - Sync 1 DAGs
[2024-05-23T19:34:31.316+0000] {logging_mixin.py:188} INFO - [2024-05-23T19:34:31.315+0000] {dag.py:3954} INFO - Setting next_dagrun for example_branch_dop_operator_v3 to 2024-05-23 19:33:00+00:00, run_after=2024-05-23 19:34:00+00:00
[2024-05-23T19:34:31.344+0000] {processor.py:183} INFO - Processing /home/airflow/.local/lib/python3.12/site-packages/airflow/example_dags/example_branch_python_dop_operator_3.py took 0.166 seconds
[2024-05-23T19:35:01.966+0000] {processor.py:161} INFO - Started process (PID=3001) to work on /home/airflow/.local/lib/python3.12/site-packages/airflow/example_dags/example_branch_python_dop_operator_3.py
[2024-05-23T19:35:01.968+0000] {processor.py:830} INFO - Processing file /home/airflow/.local/lib/python3.12/site-packages/airflow/example_dags/example_branch_python_dop_operator_3.py for tasks to queue
[2024-05-23T19:35:01.971+0000] {logging_mixin.py:188} INFO - [2024-05-23T19:35:01.971+0000] {dagbag.py:545} INFO - Filling up the DagBag from /home/airflow/.local/lib/python3.12/site-packages/airflow/example_dags/example_branch_python_dop_operator_3.py
[2024-05-23T19:35:01.985+0000] {processor.py:840} INFO - DAG(s) 'example_branch_dop_operator_v3' retrieved from /home/airflow/.local/lib/python3.12/site-packages/airflow/example_dags/example_branch_python_dop_operator_3.py
[2024-05-23T19:35:02.016+0000] {logging_mixin.py:188} INFO - [2024-05-23T19:35:02.016+0000] {dag.py:3096} INFO - Sync 1 DAGs
[2024-05-23T19:35:02.058+0000] {logging_mixin.py:188} INFO - [2024-05-23T19:35:02.058+0000] {dag.py:3954} INFO - Setting next_dagrun for example_branch_dop_operator_v3 to 2024-05-23 19:34:00+00:00, run_after=2024-05-23 19:35:00+00:00
[2024-05-23T19:35:02.087+0000] {processor.py:183} INFO - Processing /home/airflow/.local/lib/python3.12/site-packages/airflow/example_dags/example_branch_python_dop_operator_3.py took 0.130 seconds
[2024-05-23T19:35:32.365+0000] {processor.py:161} INFO - Started process (PID=3263) to work on /home/airflow/.local/lib/python3.12/site-packages/airflow/example_dags/example_branch_python_dop_operator_3.py
[2024-05-23T19:35:32.367+0000] {processor.py:830} INFO - Processing file /home/airflow/.local/lib/python3.12/site-packages/airflow/example_dags/example_branch_python_dop_operator_3.py for tasks to queue
[2024-05-23T19:35:32.372+0000] {logging_mixin.py:188} INFO - [2024-05-23T19:35:32.371+0000] {dagbag.py:545} INFO - Filling up the DagBag from /home/airflow/.local/lib/python3.12/site-packages/airflow/example_dags/example_branch_python_dop_operator_3.py
[2024-05-23T19:35:32.388+0000] {processor.py:840} INFO - DAG(s) 'example_branch_dop_operator_v3' retrieved from /home/airflow/.local/lib/python3.12/site-packages/airflow/example_dags/example_branch_python_dop_operator_3.py
[2024-05-23T19:35:32.425+0000] {logging_mixin.py:188} INFO - [2024-05-23T19:35:32.425+0000] {dag.py:3096} INFO - Sync 1 DAGs
[2024-05-23T19:35:32.471+0000] {logging_mixin.py:188} INFO - [2024-05-23T19:35:32.471+0000] {dag.py:3954} INFO - Setting next_dagrun for example_branch_dop_operator_v3 to 2024-05-23 19:34:00+00:00, run_after=2024-05-23 19:35:00+00:00
[2024-05-23T19:35:32.503+0000] {processor.py:183} INFO - Processing /home/airflow/.local/lib/python3.12/site-packages/airflow/example_dags/example_branch_python_dop_operator_3.py took 0.149 seconds
[2024-05-23T19:36:02.622+0000] {processor.py:161} INFO - Started process (PID=3525) to work on /home/airflow/.local/lib/python3.12/site-packages/airflow/example_dags/example_branch_python_dop_operator_3.py
[2024-05-23T19:36:02.624+0000] {processor.py:830} INFO - Processing file /home/airflow/.local/lib/python3.12/site-packages/airflow/example_dags/example_branch_python_dop_operator_3.py for tasks to queue
[2024-05-23T19:36:02.627+0000] {logging_mixin.py:188} INFO - [2024-05-23T19:36:02.626+0000] {dagbag.py:545} INFO - Filling up the DagBag from /home/airflow/.local/lib/python3.12/site-packages/airflow/example_dags/example_branch_python_dop_operator_3.py
[2024-05-23T19:36:02.640+0000] {processor.py:840} INFO - DAG(s) 'example_branch_dop_operator_v3' retrieved from /home/airflow/.local/lib/python3.12/site-packages/airflow/example_dags/example_branch_python_dop_operator_3.py
[2024-05-23T19:36:02.671+0000] {logging_mixin.py:188} INFO - [2024-05-23T19:36:02.670+0000] {dag.py:3096} INFO - Sync 1 DAGs
[2024-05-23T19:36:02.710+0000] {logging_mixin.py:188} INFO - [2024-05-23T19:36:02.710+0000] {dag.py:3954} INFO - Setting next_dagrun for example_branch_dop_operator_v3 to 2024-05-23 19:35:00+00:00, run_after=2024-05-23 19:36:00+00:00
[2024-05-23T19:36:02.738+0000] {processor.py:183} INFO - Processing /home/airflow/.local/lib/python3.12/site-packages/airflow/example_dags/example_branch_python_dop_operator_3.py took 0.125 seconds
[2024-05-23T19:36:33.024+0000] {processor.py:161} INFO - Started process (PID=3787) to work on /home/airflow/.local/lib/python3.12/site-packages/airflow/example_dags/example_branch_python_dop_operator_3.py
[2024-05-23T19:36:33.025+0000] {processor.py:830} INFO - Processing file /home/airflow/.local/lib/python3.12/site-packages/airflow/example_dags/example_branch_python_dop_operator_3.py for tasks to queue
[2024-05-23T19:36:33.029+0000] {logging_mixin.py:188} INFO - [2024-05-23T19:36:33.029+0000] {dagbag.py:545} INFO - Filling up the DagBag from /home/airflow/.local/lib/python3.12/site-packages/airflow/example_dags/example_branch_python_dop_operator_3.py
[2024-05-23T19:36:33.041+0000] {processor.py:840} INFO - DAG(s) 'example_branch_dop_operator_v3' retrieved from /home/airflow/.local/lib/python3.12/site-packages/airflow/example_dags/example_branch_python_dop_operator_3.py
[2024-05-23T19:36:33.070+0000] {logging_mixin.py:188} INFO - [2024-05-23T19:36:33.070+0000] {dag.py:3096} INFO - Sync 1 DAGs
[2024-05-23T19:36:33.113+0000] {logging_mixin.py:188} INFO - [2024-05-23T19:36:33.112+0000] {dag.py:3954} INFO - Setting next_dagrun for example_branch_dop_operator_v3 to 2024-05-23 19:35:00+00:00, run_after=2024-05-23 19:36:00+00:00
[2024-05-23T19:36:33.137+0000] {processor.py:183} INFO - Processing /home/airflow/.local/lib/python3.12/site-packages/airflow/example_dags/example_branch_python_dop_operator_3.py took 0.123 seconds
[2024-05-23T19:37:03.582+0000] {processor.py:161} INFO - Started process (PID=4049) to work on /home/airflow/.local/lib/python3.12/site-packages/airflow/example_dags/example_branch_python_dop_operator_3.py
[2024-05-23T19:37:03.584+0000] {processor.py:830} INFO - Processing file /home/airflow/.local/lib/python3.12/site-packages/airflow/example_dags/example_branch_python_dop_operator_3.py for tasks to queue
[2024-05-23T19:37:03.587+0000] {logging_mixin.py:188} INFO - [2024-05-23T19:37:03.586+0000] {dagbag.py:545} INFO - Filling up the DagBag from /home/airflow/.local/lib/python3.12/site-packages/airflow/example_dags/example_branch_python_dop_operator_3.py
[2024-05-23T19:37:03.601+0000] {processor.py:840} INFO - DAG(s) 'example_branch_dop_operator_v3' retrieved from /home/airflow/.local/lib/python3.12/site-packages/airflow/example_dags/example_branch_python_dop_operator_3.py
[2024-05-23T19:37:03.633+0000] {logging_mixin.py:188} INFO - [2024-05-23T19:37:03.633+0000] {dag.py:3096} INFO - Sync 1 DAGs
[2024-05-23T19:37:03.684+0000] {logging_mixin.py:188} INFO - [2024-05-23T19:37:03.684+0000] {dag.py:3954} INFO - Setting next_dagrun for example_branch_dop_operator_v3 to 2024-05-23 19:36:00+00:00, run_after=2024-05-23 19:37:00+00:00
[2024-05-23T19:37:03.716+0000] {processor.py:183} INFO - Processing /home/airflow/.local/lib/python3.12/site-packages/airflow/example_dags/example_branch_python_dop_operator_3.py took 0.144 seconds
[2024-05-23T19:37:34.531+0000] {processor.py:161} INFO - Started process (PID=4311) to work on /home/airflow/.local/lib/python3.12/site-packages/airflow/example_dags/example_branch_python_dop_operator_3.py
[2024-05-23T19:37:34.532+0000] {processor.py:830} INFO - Processing file /home/airflow/.local/lib/python3.12/site-packages/airflow/example_dags/example_branch_python_dop_operator_3.py for tasks to queue
[2024-05-23T19:37:34.535+0000] {logging_mixin.py:188} INFO - [2024-05-23T19:37:34.535+0000] {dagbag.py:545} INFO - Filling up the DagBag from /home/airflow/.local/lib/python3.12/site-packages/airflow/example_dags/example_branch_python_dop_operator_3.py
[2024-05-23T19:37:34.550+0000] {processor.py:840} INFO - DAG(s) 'example_branch_dop_operator_v3' retrieved from /home/airflow/.local/lib/python3.12/site-packages/airflow/example_dags/example_branch_python_dop_operator_3.py
[2024-05-23T19:37:34.583+0000] {logging_mixin.py:188} INFO - [2024-05-23T19:37:34.583+0000] {dag.py:3096} INFO - Sync 1 DAGs
[2024-05-23T19:37:34.626+0000] {logging_mixin.py:188} INFO - [2024-05-23T19:37:34.626+0000] {dag.py:3954} INFO - Setting next_dagrun for example_branch_dop_operator_v3 to 2024-05-23 19:36:00+00:00, run_after=2024-05-23 19:37:00+00:00
[2024-05-23T19:37:34.656+0000] {processor.py:183} INFO - Processing /home/airflow/.local/lib/python3.12/site-packages/airflow/example_dags/example_branch_python_dop_operator_3.py took 0.134 seconds
[2024-05-23T19:38:05.336+0000] {processor.py:161} INFO - Started process (PID=4573) to work on /home/airflow/.local/lib/python3.12/site-packages/airflow/example_dags/example_branch_python_dop_operator_3.py
[2024-05-23T19:38:05.338+0000] {processor.py:830} INFO - Processing file /home/airflow/.local/lib/python3.12/site-packages/airflow/example_dags/example_branch_python_dop_operator_3.py for tasks to queue
[2024-05-23T19:38:05.341+0000] {logging_mixin.py:188} INFO - [2024-05-23T19:38:05.340+0000] {dagbag.py:545} INFO - Filling up the DagBag from /home/airflow/.local/lib/python3.12/site-packages/airflow/example_dags/example_branch_python_dop_operator_3.py
[2024-05-23T19:38:05.354+0000] {processor.py:840} INFO - DAG(s) 'example_branch_dop_operator_v3' retrieved from /home/airflow/.local/lib/python3.12/site-packages/airflow/example_dags/example_branch_python_dop_operator_3.py
[2024-05-23T19:38:05.385+0000] {logging_mixin.py:188} INFO - [2024-05-23T19:38:05.385+0000] {dag.py:3096} INFO - Sync 1 DAGs
[2024-05-23T19:38:05.430+0000] {logging_mixin.py:188} INFO - [2024-05-23T19:38:05.430+0000] {dag.py:3954} INFO - Setting next_dagrun for example_branch_dop_operator_v3 to 2024-05-23 19:37:00+00:00, run_after=2024-05-23 19:38:00+00:00
[2024-05-23T19:38:05.458+0000] {processor.py:183} INFO - Processing /home/airflow/.local/lib/python3.12/site-packages/airflow/example_dags/example_branch_python_dop_operator_3.py took 0.131 seconds
[2024-05-23T19:38:35.776+0000] {processor.py:161} INFO - Started process (PID=4835) to work on /home/airflow/.local/lib/python3.12/site-packages/airflow/example_dags/example_branch_python_dop_operator_3.py
[2024-05-23T19:38:35.778+0000] {processor.py:830} INFO - Processing file /home/airflow/.local/lib/python3.12/site-packages/airflow/example_dags/example_branch_python_dop_operator_3.py for tasks to queue
[2024-05-23T19:38:35.781+0000] {logging_mixin.py:188} INFO - [2024-05-23T19:38:35.780+0000] {dagbag.py:545} INFO - Filling up the DagBag from /home/airflow/.local/lib/python3.12/site-packages/airflow/example_dags/example_branch_python_dop_operator_3.py
[2024-05-23T19:38:35.796+0000] {processor.py:840} INFO - DAG(s) 'example_branch_dop_operator_v3' retrieved from /home/airflow/.local/lib/python3.12/site-packages/airflow/example_dags/example_branch_python_dop_operator_3.py
[2024-05-23T19:38:35.827+0000] {logging_mixin.py:188} INFO - [2024-05-23T19:38:35.827+0000] {dag.py:3096} INFO - Sync 1 DAGs
[2024-05-23T19:38:35.868+0000] {logging_mixin.py:188} INFO - [2024-05-23T19:38:35.868+0000] {dag.py:3954} INFO - Setting next_dagrun for example_branch_dop_operator_v3 to 2024-05-23 19:37:00+00:00, run_after=2024-05-23 19:38:00+00:00
[2024-05-23T19:38:35.896+0000] {processor.py:183} INFO - Processing /home/airflow/.local/lib/python3.12/site-packages/airflow/example_dags/example_branch_python_dop_operator_3.py took 0.130 seconds
[2024-05-23T19:39:06.379+0000] {processor.py:161} INFO - Started process (PID=5097) to work on /home/airflow/.local/lib/python3.12/site-packages/airflow/example_dags/example_branch_python_dop_operator_3.py
[2024-05-23T19:39:06.381+0000] {processor.py:830} INFO - Processing file /home/airflow/.local/lib/python3.12/site-packages/airflow/example_dags/example_branch_python_dop_operator_3.py for tasks to queue
[2024-05-23T19:39:06.384+0000] {logging_mixin.py:188} INFO - [2024-05-23T19:39:06.383+0000] {dagbag.py:545} INFO - Filling up the DagBag from /home/airflow/.local/lib/python3.12/site-packages/airflow/example_dags/example_branch_python_dop_operator_3.py
[2024-05-23T19:39:06.398+0000] {processor.py:840} INFO - DAG(s) 'example_branch_dop_operator_v3' retrieved from /home/airflow/.local/lib/python3.12/site-packages/airflow/example_dags/example_branch_python_dop_operator_3.py
[2024-05-23T19:39:06.437+0000] {logging_mixin.py:188} INFO - [2024-05-23T19:39:06.436+0000] {dag.py:3096} INFO - Sync 1 DAGs
[2024-05-23T19:39:06.479+0000] {logging_mixin.py:188} INFO - [2024-05-23T19:39:06.479+0000] {dag.py:3954} INFO - Setting next_dagrun for example_branch_dop_operator_v3 to 2024-05-23 19:38:00+00:00, run_after=2024-05-23 19:39:00+00:00
[2024-05-23T19:39:06.507+0000] {processor.py:183} INFO - Processing /home/airflow/.local/lib/python3.12/site-packages/airflow/example_dags/example_branch_python_dop_operator_3.py took 0.138 seconds
[2024-05-23T19:39:36.995+0000] {processor.py:161} INFO - Started process (PID=5359) to work on /home/airflow/.local/lib/python3.12/site-packages/airflow/example_dags/example_branch_python_dop_operator_3.py
[2024-05-23T19:39:36.997+0000] {processor.py:830} INFO - Processing file /home/airflow/.local/lib/python3.12/site-packages/airflow/example_dags/example_branch_python_dop_operator_3.py for tasks to queue
[2024-05-23T19:39:37.000+0000] {logging_mixin.py:188} INFO - [2024-05-23T19:39:36.999+0000] {dagbag.py:545} INFO - Filling up the DagBag from /home/airflow/.local/lib/python3.12/site-packages/airflow/example_dags/example_branch_python_dop_operator_3.py
[2024-05-23T19:39:37.013+0000] {processor.py:840} INFO - DAG(s) 'example_branch_dop_operator_v3' retrieved from /home/airflow/.local/lib/python3.12/site-packages/airflow/example_dags/example_branch_python_dop_operator_3.py
[2024-05-23T19:39:37.043+0000] {logging_mixin.py:188} INFO - [2024-05-23T19:39:37.043+0000] {dag.py:3096} INFO - Sync 1 DAGs
[2024-05-23T19:39:37.082+0000] {logging_mixin.py:188} INFO - [2024-05-23T19:39:37.082+0000] {dag.py:3954} INFO - Setting next_dagrun for example_branch_dop_operator_v3 to 2024-05-23 19:38:00+00:00, run_after=2024-05-23 19:39:00+00:00
[2024-05-23T19:39:37.111+0000] {processor.py:183} INFO - Processing /home/airflow/.local/lib/python3.12/site-packages/airflow/example_dags/example_branch_python_dop_operator_3.py took 0.125 seconds
[2024-05-23T19:40:07.706+0000] {processor.py:161} INFO - Started process (PID=5621) to work on /home/airflow/.local/lib/python3.12/site-packages/airflow/example_dags/example_branch_python_dop_operator_3.py
[2024-05-23T19:40:07.709+0000] {processor.py:830} INFO - Processing file /home/airflow/.local/lib/python3.12/site-packages/airflow/example_dags/example_branch_python_dop_operator_3.py for tasks to queue
[2024-05-23T19:40:07.711+0000] {logging_mixin.py:188} INFO - [2024-05-23T19:40:07.711+0000] {dagbag.py:545} INFO - Filling up the DagBag from /home/airflow/.local/lib/python3.12/site-packages/airflow/example_dags/example_branch_python_dop_operator_3.py
[2024-05-23T19:40:07.724+0000] {processor.py:840} INFO - DAG(s) 'example_branch_dop_operator_v3' retrieved from /home/airflow/.local/lib/python3.12/site-packages/airflow/example_dags/example_branch_python_dop_operator_3.py
[2024-05-23T19:40:07.753+0000] {logging_mixin.py:188} INFO - [2024-05-23T19:40:07.753+0000] {dag.py:3096} INFO - Sync 1 DAGs
[2024-05-23T19:40:07.794+0000] {logging_mixin.py:188} INFO - [2024-05-23T19:40:07.794+0000] {dag.py:3954} INFO - Setting next_dagrun for example_branch_dop_operator_v3 to 2024-05-23 19:39:00+00:00, run_after=2024-05-23 19:40:00+00:00
[2024-05-23T19:40:07.820+0000] {processor.py:183} INFO - Processing /home/airflow/.local/lib/python3.12/site-packages/airflow/example_dags/example_branch_python_dop_operator_3.py took 0.123 seconds
[2024-05-23T19:40:38.402+0000] {processor.py:161} INFO - Started process (PID=5883) to work on /home/airflow/.local/lib/python3.12/site-packages/airflow/example_dags/example_branch_python_dop_operator_3.py
[2024-05-23T19:40:38.404+0000] {processor.py:830} INFO - Processing file /home/airflow/.local/lib/python3.12/site-packages/airflow/example_dags/example_branch_python_dop_operator_3.py for tasks to queue
[2024-05-23T19:40:38.407+0000] {logging_mixin.py:188} INFO - [2024-05-23T19:40:38.407+0000] {dagbag.py:545} INFO - Filling up the DagBag from /home/airflow/.local/lib/python3.12/site-packages/airflow/example_dags/example_branch_python_dop_operator_3.py
[2024-05-23T19:40:38.421+0000] {processor.py:840} INFO - DAG(s) 'example_branch_dop_operator_v3' retrieved from /home/airflow/.local/lib/python3.12/site-packages/airflow/example_dags/example_branch_python_dop_operator_3.py
[2024-05-23T19:40:38.457+0000] {logging_mixin.py:188} INFO - [2024-05-23T19:40:38.456+0000] {dag.py:3096} INFO - Sync 1 DAGs
[2024-05-23T19:40:38.515+0000] {logging_mixin.py:188} INFO - [2024-05-23T19:40:38.514+0000] {dag.py:3954} INFO - Setting next_dagrun for example_branch_dop_operator_v3 to 2024-05-23 19:39:00+00:00, run_after=2024-05-23 19:40:00+00:00
[2024-05-23T19:40:38.546+0000] {processor.py:183} INFO - Processing /home/airflow/.local/lib/python3.12/site-packages/airflow/example_dags/example_branch_python_dop_operator_3.py took 0.152 seconds
[2024-05-23T19:41:09.053+0000] {processor.py:161} INFO - Started process (PID=6145) to work on /home/airflow/.local/lib/python3.12/site-packages/airflow/example_dags/example_branch_python_dop_operator_3.py
[2024-05-23T19:41:09.055+0000] {processor.py:830} INFO - Processing file /home/airflow/.local/lib/python3.12/site-packages/airflow/example_dags/example_branch_python_dop_operator_3.py for tasks to queue
[2024-05-23T19:41:09.058+0000] {logging_mixin.py:188} INFO - [2024-05-23T19:41:09.057+0000] {dagbag.py:545} INFO - Filling up the DagBag from /home/airflow/.local/lib/python3.12/site-packages/airflow/example_dags/example_branch_python_dop_operator_3.py
[2024-05-23T19:41:09.073+0000] {processor.py:840} INFO - DAG(s) 'example_branch_dop_operator_v3' retrieved from /home/airflow/.local/lib/python3.12/site-packages/airflow/example_dags/example_branch_python_dop_operator_3.py
[2024-05-23T19:41:09.114+0000] {logging_mixin.py:188} INFO - [2024-05-23T19:41:09.113+0000] {dag.py:3096} INFO - Sync 1 DAGs
[2024-05-23T19:41:09.162+0000] {logging_mixin.py:188} INFO - [2024-05-23T19:41:09.162+0000] {dag.py:3954} INFO - Setting next_dagrun for example_branch_dop_operator_v3 to 2024-05-23 19:40:00+00:00, run_after=2024-05-23 19:41:00+00:00
[2024-05-23T19:41:09.194+0000] {processor.py:183} INFO - Processing /home/airflow/.local/lib/python3.12/site-packages/airflow/example_dags/example_branch_python_dop_operator_3.py took 0.150 seconds
[2024-05-23T19:41:39.932+0000] {processor.py:161} INFO - Started process (PID=6407) to work on /home/airflow/.local/lib/python3.12/site-packages/airflow/example_dags/example_branch_python_dop_operator_3.py
[2024-05-23T19:41:39.935+0000] {processor.py:830} INFO - Processing file /home/airflow/.local/lib/python3.12/site-packages/airflow/example_dags/example_branch_python_dop_operator_3.py for tasks to queue
[2024-05-23T19:41:39.938+0000] {logging_mixin.py:188} INFO - [2024-05-23T19:41:39.937+0000] {dagbag.py:545} INFO - Filling up the DagBag from /home/airflow/.local/lib/python3.12/site-packages/airflow/example_dags/example_branch_python_dop_operator_3.py
[2024-05-23T19:41:39.953+0000] {processor.py:840} INFO - DAG(s) 'example_branch_dop_operator_v3' retrieved from /home/airflow/.local/lib/python3.12/site-packages/airflow/example_dags/example_branch_python_dop_operator_3.py
[2024-05-23T19:41:39.989+0000] {logging_mixin.py:188} INFO - [2024-05-23T19:41:39.989+0000] {dag.py:3096} INFO - Sync 1 DAGs
[2024-05-23T19:41:40.035+0000] {logging_mixin.py:188} INFO - [2024-05-23T19:41:40.035+0000] {dag.py:3954} INFO - Setting next_dagrun for example_branch_dop_operator_v3 to 2024-05-23 19:40:00+00:00, run_after=2024-05-23 19:41:00+00:00
[2024-05-23T19:41:40.065+0000] {processor.py:183} INFO - Processing /home/airflow/.local/lib/python3.12/site-packages/airflow/example_dags/example_branch_python_dop_operator_3.py took 0.143 seconds
[2024-05-23T19:42:10.183+0000] {processor.py:161} INFO - Started process (PID=6668) to work on /home/airflow/.local/lib/python3.12/site-packages/airflow/example_dags/example_branch_python_dop_operator_3.py
[2024-05-23T19:42:10.184+0000] {processor.py:830} INFO - Processing file /home/airflow/.local/lib/python3.12/site-packages/airflow/example_dags/example_branch_python_dop_operator_3.py for tasks to queue
[2024-05-23T19:42:10.187+0000] {logging_mixin.py:188} INFO - [2024-05-23T19:42:10.187+0000] {dagbag.py:545} INFO - Filling up the DagBag from /home/airflow/.local/lib/python3.12/site-packages/airflow/example_dags/example_branch_python_dop_operator_3.py
[2024-05-23T19:42:10.201+0000] {processor.py:840} INFO - DAG(s) 'example_branch_dop_operator_v3' retrieved from /home/airflow/.local/lib/python3.12/site-packages/airflow/example_dags/example_branch_python_dop_operator_3.py
[2024-05-23T19:42:10.233+0000] {logging_mixin.py:188} INFO - [2024-05-23T19:42:10.233+0000] {dag.py:3096} INFO - Sync 1 DAGs
[2024-05-23T19:42:10.274+0000] {logging_mixin.py:188} INFO - [2024-05-23T19:42:10.274+0000] {dag.py:3954} INFO - Setting next_dagrun for example_branch_dop_operator_v3 to 2024-05-23 19:41:00+00:00, run_after=2024-05-23 19:42:00+00:00
[2024-05-23T19:42:10.303+0000] {processor.py:183} INFO - Processing /home/airflow/.local/lib/python3.12/site-packages/airflow/example_dags/example_branch_python_dop_operator_3.py took 0.129 seconds
[2024-05-23T19:42:40.574+0000] {processor.py:161} INFO - Started process (PID=6930) to work on /home/airflow/.local/lib/python3.12/site-packages/airflow/example_dags/example_branch_python_dop_operator_3.py
[2024-05-23T19:42:40.576+0000] {processor.py:830} INFO - Processing file /home/airflow/.local/lib/python3.12/site-packages/airflow/example_dags/example_branch_python_dop_operator_3.py for tasks to queue
[2024-05-23T19:42:40.578+0000] {logging_mixin.py:188} INFO - [2024-05-23T19:42:40.578+0000] {dagbag.py:545} INFO - Filling up the DagBag from /home/airflow/.local/lib/python3.12/site-packages/airflow/example_dags/example_branch_python_dop_operator_3.py
[2024-05-23T19:42:40.590+0000] {processor.py:840} INFO - DAG(s) 'example_branch_dop_operator_v3' retrieved from /home/airflow/.local/lib/python3.12/site-packages/airflow/example_dags/example_branch_python_dop_operator_3.py
[2024-05-23T19:42:40.617+0000] {logging_mixin.py:188} INFO - [2024-05-23T19:42:40.617+0000] {dag.py:3096} INFO - Sync 1 DAGs
[2024-05-23T19:42:40.653+0000] {logging_mixin.py:188} INFO - [2024-05-23T19:42:40.653+0000] {dag.py:3954} INFO - Setting next_dagrun for example_branch_dop_operator_v3 to 2024-05-23 19:41:00+00:00, run_after=2024-05-23 19:42:00+00:00
[2024-05-23T19:42:40.676+0000] {processor.py:183} INFO - Processing /home/airflow/.local/lib/python3.12/site-packages/airflow/example_dags/example_branch_python_dop_operator_3.py took 0.110 seconds
[2024-05-23T19:43:10.978+0000] {processor.py:161} INFO - Started process (PID=7192) to work on /home/airflow/.local/lib/python3.12/site-packages/airflow/example_dags/example_branch_python_dop_operator_3.py
[2024-05-23T19:43:10.980+0000] {processor.py:830} INFO - Processing file /home/airflow/.local/lib/python3.12/site-packages/airflow/example_dags/example_branch_python_dop_operator_3.py for tasks to queue
[2024-05-23T19:43:10.982+0000] {logging_mixin.py:188} INFO - [2024-05-23T19:43:10.982+0000] {dagbag.py:545} INFO - Filling up the DagBag from /home/airflow/.local/lib/python3.12/site-packages/airflow/example_dags/example_branch_python_dop_operator_3.py
[2024-05-23T19:43:10.995+0000] {processor.py:840} INFO - DAG(s) 'example_branch_dop_operator_v3' retrieved from /home/airflow/.local/lib/python3.12/site-packages/airflow/example_dags/example_branch_python_dop_operator_3.py
[2024-05-23T19:43:11.024+0000] {logging_mixin.py:188} INFO - [2024-05-23T19:43:11.024+0000] {dag.py:3096} INFO - Sync 1 DAGs
[2024-05-23T19:43:11.063+0000] {logging_mixin.py:188} INFO - [2024-05-23T19:43:11.063+0000] {dag.py:3954} INFO - Setting next_dagrun for example_branch_dop_operator_v3 to 2024-05-23 19:42:00+00:00, run_after=2024-05-23 19:43:00+00:00
[2024-05-23T19:43:11.090+0000] {processor.py:183} INFO - Processing /home/airflow/.local/lib/python3.12/site-packages/airflow/example_dags/example_branch_python_dop_operator_3.py took 0.120 seconds
[2024-05-23T19:43:41.526+0000] {processor.py:161} INFO - Started process (PID=7454) to work on /home/airflow/.local/lib/python3.12/site-packages/airflow/example_dags/example_branch_python_dop_operator_3.py
[2024-05-23T19:43:41.527+0000] {processor.py:830} INFO - Processing file /home/airflow/.local/lib/python3.12/site-packages/airflow/example_dags/example_branch_python_dop_operator_3.py for tasks to queue
[2024-05-23T19:43:41.532+0000] {logging_mixin.py:188} INFO - [2024-05-23T19:43:41.531+0000] {dagbag.py:545} INFO - Filling up the DagBag from /home/airflow/.local/lib/python3.12/site-packages/airflow/example_dags/example_branch_python_dop_operator_3.py
[2024-05-23T19:43:41.546+0000] {processor.py:840} INFO - DAG(s) 'example_branch_dop_operator_v3' retrieved from /home/airflow/.local/lib/python3.12/site-packages/airflow/example_dags/example_branch_python_dop_operator_3.py
[2024-05-23T19:43:41.578+0000] {logging_mixin.py:188} INFO - [2024-05-23T19:43:41.577+0000] {dag.py:3096} INFO - Sync 1 DAGs
[2024-05-23T19:43:41.618+0000] {logging_mixin.py:188} INFO - [2024-05-23T19:43:41.618+0000] {dag.py:3954} INFO - Setting next_dagrun for example_branch_dop_operator_v3 to 2024-05-23 19:42:00+00:00, run_after=2024-05-23 19:43:00+00:00
[2024-05-23T19:43:41.646+0000] {processor.py:183} INFO - Processing /home/airflow/.local/lib/python3.12/site-packages/airflow/example_dags/example_branch_python_dop_operator_3.py took 0.130 seconds
[2024-05-23T19:44:11.989+0000] {processor.py:161} INFO - Started process (PID=7716) to work on /home/airflow/.local/lib/python3.12/site-packages/airflow/example_dags/example_branch_python_dop_operator_3.py
[2024-05-23T19:44:11.991+0000] {processor.py:830} INFO - Processing file /home/airflow/.local/lib/python3.12/site-packages/airflow/example_dags/example_branch_python_dop_operator_3.py for tasks to queue
[2024-05-23T19:44:11.993+0000] {logging_mixin.py:188} INFO - [2024-05-23T19:44:11.993+0000] {dagbag.py:545} INFO - Filling up the DagBag from /home/airflow/.local/lib/python3.12/site-packages/airflow/example_dags/example_branch_python_dop_operator_3.py
[2024-05-23T19:44:12.005+0000] {processor.py:840} INFO - DAG(s) 'example_branch_dop_operator_v3' retrieved from /home/airflow/.local/lib/python3.12/site-packages/airflow/example_dags/example_branch_python_dop_operator_3.py
[2024-05-23T19:44:12.036+0000] {logging_mixin.py:188} INFO - [2024-05-23T19:44:12.036+0000] {dag.py:3096} INFO - Sync 1 DAGs
[2024-05-23T19:44:12.075+0000] {logging_mixin.py:188} INFO - [2024-05-23T19:44:12.075+0000] {dag.py:3954} INFO - Setting next_dagrun for example_branch_dop_operator_v3 to 2024-05-23 19:43:00+00:00, run_after=2024-05-23 19:44:00+00:00
[2024-05-23T19:44:12.102+0000] {processor.py:183} INFO - Processing /home/airflow/.local/lib/python3.12/site-packages/airflow/example_dags/example_branch_python_dop_operator_3.py took 0.121 seconds
[2024-05-23T19:44:42.488+0000] {processor.py:161} INFO - Started process (PID=7978) to work on /home/airflow/.local/lib/python3.12/site-packages/airflow/example_dags/example_branch_python_dop_operator_3.py
[2024-05-23T19:44:42.489+0000] {processor.py:830} INFO - Processing file /home/airflow/.local/lib/python3.12/site-packages/airflow/example_dags/example_branch_python_dop_operator_3.py for tasks to queue
[2024-05-23T19:44:42.492+0000] {logging_mixin.py:188} INFO - [2024-05-23T19:44:42.491+0000] {dagbag.py:545} INFO - Filling up the DagBag from /home/airflow/.local/lib/python3.12/site-packages/airflow/example_dags/example_branch_python_dop_operator_3.py
[2024-05-23T19:44:42.503+0000] {processor.py:840} INFO - DAG(s) 'example_branch_dop_operator_v3' retrieved from /home/airflow/.local/lib/python3.12/site-packages/airflow/example_dags/example_branch_python_dop_operator_3.py
[2024-05-23T19:44:42.531+0000] {logging_mixin.py:188} INFO - [2024-05-23T19:44:42.531+0000] {dag.py:3096} INFO - Sync 1 DAGs
[2024-05-23T19:44:42.568+0000] {logging_mixin.py:188} INFO - [2024-05-23T19:44:42.568+0000] {dag.py:3954} INFO - Setting next_dagrun for example_branch_dop_operator_v3 to 2024-05-23 19:43:00+00:00, run_after=2024-05-23 19:44:00+00:00
[2024-05-23T19:44:42.597+0000] {processor.py:183} INFO - Processing /home/airflow/.local/lib/python3.12/site-packages/airflow/example_dags/example_branch_python_dop_operator_3.py took 0.117 seconds
[2024-05-23T19:45:13.025+0000] {processor.py:161} INFO - Started process (PID=8240) to work on /home/airflow/.local/lib/python3.12/site-packages/airflow/example_dags/example_branch_python_dop_operator_3.py
[2024-05-23T19:45:13.027+0000] {processor.py:830} INFO - Processing file /home/airflow/.local/lib/python3.12/site-packages/airflow/example_dags/example_branch_python_dop_operator_3.py for tasks to queue
[2024-05-23T19:45:13.029+0000] {logging_mixin.py:188} INFO - [2024-05-23T19:45:13.029+0000] {dagbag.py:545} INFO - Filling up the DagBag from /home/airflow/.local/lib/python3.12/site-packages/airflow/example_dags/example_branch_python_dop_operator_3.py
[2024-05-23T19:45:13.041+0000] {processor.py:840} INFO - DAG(s) 'example_branch_dop_operator_v3' retrieved from /home/airflow/.local/lib/python3.12/site-packages/airflow/example_dags/example_branch_python_dop_operator_3.py
[2024-05-23T19:45:13.068+0000] {logging_mixin.py:188} INFO - [2024-05-23T19:45:13.068+0000] {dag.py:3096} INFO - Sync 1 DAGs
[2024-05-23T19:45:13.105+0000] {logging_mixin.py:188} INFO - [2024-05-23T19:45:13.105+0000] {dag.py:3954} INFO - Setting next_dagrun for example_branch_dop_operator_v3 to 2024-05-23 19:44:00+00:00, run_after=2024-05-23 19:45:00+00:00
[2024-05-23T19:45:13.131+0000] {processor.py:183} INFO - Processing /home/airflow/.local/lib/python3.12/site-packages/airflow/example_dags/example_branch_python_dop_operator_3.py took 0.114 seconds
[2024-05-23T19:45:44.126+0000] {processor.py:161} INFO - Started process (PID=8502) to work on /home/airflow/.local/lib/python3.12/site-packages/airflow/example_dags/example_branch_python_dop_operator_3.py
[2024-05-23T19:45:44.127+0000] {processor.py:830} INFO - Processing file /home/airflow/.local/lib/python3.12/site-packages/airflow/example_dags/example_branch_python_dop_operator_3.py for tasks to queue
[2024-05-23T19:45:44.130+0000] {logging_mixin.py:188} INFO - [2024-05-23T19:45:44.130+0000] {dagbag.py:545} INFO - Filling up the DagBag from /home/airflow/.local/lib/python3.12/site-packages/airflow/example_dags/example_branch_python_dop_operator_3.py
[2024-05-23T19:45:44.142+0000] {processor.py:840} INFO - DAG(s) 'example_branch_dop_operator_v3' retrieved from /home/airflow/.local/lib/python3.12/site-packages/airflow/example_dags/example_branch_python_dop_operator_3.py
[2024-05-23T19:45:44.168+0000] {logging_mixin.py:188} INFO - [2024-05-23T19:45:44.168+0000] {dag.py:3096} INFO - Sync 1 DAGs
[2024-05-23T19:45:44.203+0000] {logging_mixin.py:188} INFO - [2024-05-23T19:45:44.203+0000] {dag.py:3954} INFO - Setting next_dagrun for example_branch_dop_operator_v3 to 2024-05-23 19:44:00+00:00, run_after=2024-05-23 19:45:00+00:00
[2024-05-23T19:45:44.230+0000] {processor.py:183} INFO - Processing /home/airflow/.local/lib/python3.12/site-packages/airflow/example_dags/example_branch_python_dop_operator_3.py took 0.112 seconds
[2024-05-23T19:46:15.245+0000] {processor.py:161} INFO - Started process (PID=8770) to work on /home/airflow/.local/lib/python3.12/site-packages/airflow/example_dags/example_branch_python_dop_operator_3.py
[2024-05-23T19:46:15.247+0000] {processor.py:830} INFO - Processing file /home/airflow/.local/lib/python3.12/site-packages/airflow/example_dags/example_branch_python_dop_operator_3.py for tasks to queue
[2024-05-23T19:46:15.250+0000] {logging_mixin.py:188} INFO - [2024-05-23T19:46:15.249+0000] {dagbag.py:545} INFO - Filling up the DagBag from /home/airflow/.local/lib/python3.12/site-packages/airflow/example_dags/example_branch_python_dop_operator_3.py
[2024-05-23T19:46:15.264+0000] {processor.py:840} INFO - DAG(s) 'example_branch_dop_operator_v3' retrieved from /home/airflow/.local/lib/python3.12/site-packages/airflow/example_dags/example_branch_python_dop_operator_3.py
[2024-05-23T19:46:15.294+0000] {logging_mixin.py:188} INFO - [2024-05-23T19:46:15.293+0000] {dag.py:3096} INFO - Sync 1 DAGs
[2024-05-23T19:46:15.332+0000] {logging_mixin.py:188} INFO - [2024-05-23T19:46:15.331+0000] {dag.py:3954} INFO - Setting next_dagrun for example_branch_dop_operator_v3 to 2024-05-23 19:45:00+00:00, run_after=2024-05-23 19:46:00+00:00
[2024-05-23T19:46:15.359+0000] {processor.py:183} INFO - Processing /home/airflow/.local/lib/python3.12/site-packages/airflow/example_dags/example_branch_python_dop_operator_3.py took 0.123 seconds
[2024-05-23T19:46:45.591+0000] {processor.py:161} INFO - Started process (PID=9032) to work on /home/airflow/.local/lib/python3.12/site-packages/airflow/example_dags/example_branch_python_dop_operator_3.py
[2024-05-23T19:46:45.593+0000] {processor.py:830} INFO - Processing file /home/airflow/.local/lib/python3.12/site-packages/airflow/example_dags/example_branch_python_dop_operator_3.py for tasks to queue
[2024-05-23T19:46:45.595+0000] {logging_mixin.py:188} INFO - [2024-05-23T19:46:45.595+0000] {dagbag.py:545} INFO - Filling up the DagBag from /home/airflow/.local/lib/python3.12/site-packages/airflow/example_dags/example_branch_python_dop_operator_3.py
[2024-05-23T19:46:45.607+0000] {processor.py:840} INFO - DAG(s) 'example_branch_dop_operator_v3' retrieved from /home/airflow/.local/lib/python3.12/site-packages/airflow/example_dags/example_branch_python_dop_operator_3.py
[2024-05-23T19:46:45.633+0000] {logging_mixin.py:188} INFO - [2024-05-23T19:46:45.633+0000] {dag.py:3096} INFO - Sync 1 DAGs
[2024-05-23T19:46:45.661+0000] {logging_mixin.py:188} INFO - [2024-05-23T19:46:45.660+0000] {dag.py:3954} INFO - Setting next_dagrun for example_branch_dop_operator_v3 to 2024-05-23 19:45:00+00:00, run_after=2024-05-23 19:46:00+00:00
[2024-05-23T19:46:45.679+0000] {processor.py:183} INFO - Processing /home/airflow/.local/lib/python3.12/site-packages/airflow/example_dags/example_branch_python_dop_operator_3.py took 0.095 seconds
[2024-05-23T19:47:16.886+0000] {processor.py:161} INFO - Started process (PID=9294) to work on /home/airflow/.local/lib/python3.12/site-packages/airflow/example_dags/example_branch_python_dop_operator_3.py
[2024-05-23T19:47:16.887+0000] {processor.py:830} INFO - Processing file /home/airflow/.local/lib/python3.12/site-packages/airflow/example_dags/example_branch_python_dop_operator_3.py for tasks to queue
[2024-05-23T19:47:16.890+0000] {logging_mixin.py:188} INFO - [2024-05-23T19:47:16.889+0000] {dagbag.py:545} INFO - Filling up the DagBag from /home/airflow/.local/lib/python3.12/site-packages/airflow/example_dags/example_branch_python_dop_operator_3.py
[2024-05-23T19:47:16.901+0000] {processor.py:840} INFO - DAG(s) 'example_branch_dop_operator_v3' retrieved from /home/airflow/.local/lib/python3.12/site-packages/airflow/example_dags/example_branch_python_dop_operator_3.py
[2024-05-23T19:47:16.928+0000] {logging_mixin.py:188} INFO - [2024-05-23T19:47:16.928+0000] {dag.py:3096} INFO - Sync 1 DAGs
[2024-05-23T19:47:16.962+0000] {logging_mixin.py:188} INFO - [2024-05-23T19:47:16.962+0000] {dag.py:3954} INFO - Setting next_dagrun for example_branch_dop_operator_v3 to 2024-05-23 19:46:00+00:00, run_after=2024-05-23 19:47:00+00:00
[2024-05-23T19:47:16.987+0000] {processor.py:183} INFO - Processing /home/airflow/.local/lib/python3.12/site-packages/airflow/example_dags/example_branch_python_dop_operator_3.py took 0.109 seconds
[2024-05-23T19:47:48.008+0000] {processor.py:161} INFO - Started process (PID=9556) to work on /home/airflow/.local/lib/python3.12/site-packages/airflow/example_dags/example_branch_python_dop_operator_3.py
[2024-05-23T19:47:48.010+0000] {processor.py:830} INFO - Processing file /home/airflow/.local/lib/python3.12/site-packages/airflow/example_dags/example_branch_python_dop_operator_3.py for tasks to queue
[2024-05-23T19:47:48.013+0000] {logging_mixin.py:188} INFO - [2024-05-23T19:47:48.012+0000] {dagbag.py:545} INFO - Filling up the DagBag from /home/airflow/.local/lib/python3.12/site-packages/airflow/example_dags/example_branch_python_dop_operator_3.py
[2024-05-23T19:47:48.026+0000] {processor.py:840} INFO - DAG(s) 'example_branch_dop_operator_v3' retrieved from /home/airflow/.local/lib/python3.12/site-packages/airflow/example_dags/example_branch_python_dop_operator_3.py
[2024-05-23T19:47:48.056+0000] {logging_mixin.py:188} INFO - [2024-05-23T19:47:48.056+0000] {dag.py:3096} INFO - Sync 1 DAGs
[2024-05-23T19:47:48.097+0000] {logging_mixin.py:188} INFO - [2024-05-23T19:47:48.097+0000] {dag.py:3954} INFO - Setting next_dagrun for example_branch_dop_operator_v3 to 2024-05-23 19:46:00+00:00, run_after=2024-05-23 19:47:00+00:00
[2024-05-23T19:47:48.123+0000] {processor.py:183} INFO - Processing /home/airflow/.local/lib/python3.12/site-packages/airflow/example_dags/example_branch_python_dop_operator_3.py took 0.123 seconds
[2024-05-23T19:48:18.229+0000] {processor.py:161} INFO - Started process (PID=9813) to work on /home/airflow/.local/lib/python3.12/site-packages/airflow/example_dags/example_branch_python_dop_operator_3.py
[2024-05-23T19:48:18.231+0000] {processor.py:830} INFO - Processing file /home/airflow/.local/lib/python3.12/site-packages/airflow/example_dags/example_branch_python_dop_operator_3.py for tasks to queue
[2024-05-23T19:48:18.233+0000] {logging_mixin.py:188} INFO - [2024-05-23T19:48:18.233+0000] {dagbag.py:545} INFO - Filling up the DagBag from /home/airflow/.local/lib/python3.12/site-packages/airflow/example_dags/example_branch_python_dop_operator_3.py
[2024-05-23T19:48:18.246+0000] {processor.py:840} INFO - DAG(s) 'example_branch_dop_operator_v3' retrieved from /home/airflow/.local/lib/python3.12/site-packages/airflow/example_dags/example_branch_python_dop_operator_3.py
[2024-05-23T19:48:18.278+0000] {logging_mixin.py:188} INFO - [2024-05-23T19:48:18.278+0000] {dag.py:3096} INFO - Sync 1 DAGs
[2024-05-23T19:48:18.318+0000] {logging_mixin.py:188} INFO - [2024-05-23T19:48:18.318+0000] {dag.py:3954} INFO - Setting next_dagrun for example_branch_dop_operator_v3 to 2024-05-23 19:47:00+00:00, run_after=2024-05-23 19:48:00+00:00
[2024-05-23T19:48:18.349+0000] {processor.py:183} INFO - Processing /home/airflow/.local/lib/python3.12/site-packages/airflow/example_dags/example_branch_python_dop_operator_3.py took 0.128 seconds
[2024-05-23T19:48:48.635+0000] {processor.py:161} INFO - Started process (PID=10075) to work on /home/airflow/.local/lib/python3.12/site-packages/airflow/example_dags/example_branch_python_dop_operator_3.py
[2024-05-23T19:48:48.638+0000] {processor.py:830} INFO - Processing file /home/airflow/.local/lib/python3.12/site-packages/airflow/example_dags/example_branch_python_dop_operator_3.py for tasks to queue
[2024-05-23T19:48:48.641+0000] {logging_mixin.py:188} INFO - [2024-05-23T19:48:48.641+0000] {dagbag.py:545} INFO - Filling up the DagBag from /home/airflow/.local/lib/python3.12/site-packages/airflow/example_dags/example_branch_python_dop_operator_3.py
[2024-05-23T19:48:48.654+0000] {processor.py:840} INFO - DAG(s) 'example_branch_dop_operator_v3' retrieved from /home/airflow/.local/lib/python3.12/site-packages/airflow/example_dags/example_branch_python_dop_operator_3.py
[2024-05-23T19:48:48.685+0000] {logging_mixin.py:188} INFO - [2024-05-23T19:48:48.685+0000] {dag.py:3096} INFO - Sync 1 DAGs
[2024-05-23T19:48:48.727+0000] {logging_mixin.py:188} INFO - [2024-05-23T19:48:48.726+0000] {dag.py:3954} INFO - Setting next_dagrun for example_branch_dop_operator_v3 to 2024-05-23 19:47:00+00:00, run_after=2024-05-23 19:48:00+00:00
[2024-05-23T19:48:48.755+0000] {processor.py:183} INFO - Processing /home/airflow/.local/lib/python3.12/site-packages/airflow/example_dags/example_branch_python_dop_operator_3.py took 0.128 seconds
[2024-05-23T19:49:18.883+0000] {processor.py:161} INFO - Started process (PID=10334) to work on /home/airflow/.local/lib/python3.12/site-packages/airflow/example_dags/example_branch_python_dop_operator_3.py
[2024-05-23T19:49:18.884+0000] {processor.py:830} INFO - Processing file /home/airflow/.local/lib/python3.12/site-packages/airflow/example_dags/example_branch_python_dop_operator_3.py for tasks to queue
[2024-05-23T19:49:18.888+0000] {logging_mixin.py:188} INFO - [2024-05-23T19:49:18.887+0000] {dagbag.py:545} INFO - Filling up the DagBag from /home/airflow/.local/lib/python3.12/site-packages/airflow/example_dags/example_branch_python_dop_operator_3.py
[2024-05-23T19:49:18.901+0000] {processor.py:840} INFO - DAG(s) 'example_branch_dop_operator_v3' retrieved from /home/airflow/.local/lib/python3.12/site-packages/airflow/example_dags/example_branch_python_dop_operator_3.py
[2024-05-23T19:49:18.932+0000] {logging_mixin.py:188} INFO - [2024-05-23T19:49:18.931+0000] {dag.py:3096} INFO - Sync 1 DAGs
[2024-05-23T19:49:19.130+0000] {logging_mixin.py:188} INFO - [2024-05-23T19:49:19.130+0000] {dag.py:3954} INFO - Setting next_dagrun for example_branch_dop_operator_v3 to 2024-05-23 19:48:00+00:00, run_after=2024-05-23 19:49:00+00:00
[2024-05-23T19:49:19.166+0000] {processor.py:183} INFO - Processing /home/airflow/.local/lib/python3.12/site-packages/airflow/example_dags/example_branch_python_dop_operator_3.py took 0.292 seconds
[2024-05-23T19:49:49.424+0000] {processor.py:161} INFO - Started process (PID=10596) to work on /home/airflow/.local/lib/python3.12/site-packages/airflow/example_dags/example_branch_python_dop_operator_3.py
[2024-05-23T19:49:49.425+0000] {processor.py:830} INFO - Processing file /home/airflow/.local/lib/python3.12/site-packages/airflow/example_dags/example_branch_python_dop_operator_3.py for tasks to queue
[2024-05-23T19:49:49.427+0000] {logging_mixin.py:188} INFO - [2024-05-23T19:49:49.427+0000] {dagbag.py:545} INFO - Filling up the DagBag from /home/airflow/.local/lib/python3.12/site-packages/airflow/example_dags/example_branch_python_dop_operator_3.py
[2024-05-23T19:49:49.441+0000] {processor.py:840} INFO - DAG(s) 'example_branch_dop_operator_v3' retrieved from /home/airflow/.local/lib/python3.12/site-packages/airflow/example_dags/example_branch_python_dop_operator_3.py
[2024-05-23T19:49:49.472+0000] {logging_mixin.py:188} INFO - [2024-05-23T19:49:49.471+0000] {dag.py:3096} INFO - Sync 1 DAGs
[2024-05-23T19:49:49.509+0000] {logging_mixin.py:188} INFO - [2024-05-23T19:49:49.509+0000] {dag.py:3954} INFO - Setting next_dagrun for example_branch_dop_operator_v3 to 2024-05-23 19:48:00+00:00, run_after=2024-05-23 19:49:00+00:00
[2024-05-23T19:49:49.686+0000] {processor.py:183} INFO - Processing /home/airflow/.local/lib/python3.12/site-packages/airflow/example_dags/example_branch_python_dop_operator_3.py took 0.272 seconds
[2024-05-23T19:50:20.019+0000] {processor.py:161} INFO - Started process (PID=10858) to work on /home/airflow/.local/lib/python3.12/site-packages/airflow/example_dags/example_branch_python_dop_operator_3.py
[2024-05-23T19:50:20.021+0000] {processor.py:830} INFO - Processing file /home/airflow/.local/lib/python3.12/site-packages/airflow/example_dags/example_branch_python_dop_operator_3.py for tasks to queue
[2024-05-23T19:50:20.024+0000] {logging_mixin.py:188} INFO - [2024-05-23T19:50:20.024+0000] {dagbag.py:545} INFO - Filling up the DagBag from /home/airflow/.local/lib/python3.12/site-packages/airflow/example_dags/example_branch_python_dop_operator_3.py
[2024-05-23T19:50:20.037+0000] {processor.py:840} INFO - DAG(s) 'example_branch_dop_operator_v3' retrieved from /home/airflow/.local/lib/python3.12/site-packages/airflow/example_dags/example_branch_python_dop_operator_3.py
[2024-05-23T19:50:20.066+0000] {logging_mixin.py:188} INFO - [2024-05-23T19:50:20.066+0000] {dag.py:3096} INFO - Sync 1 DAGs
[2024-05-23T19:50:20.103+0000] {logging_mixin.py:188} INFO - [2024-05-23T19:50:20.103+0000] {dag.py:3954} INFO - Setting next_dagrun for example_branch_dop_operator_v3 to 2024-05-23 19:49:00+00:00, run_after=2024-05-23 19:50:00+00:00
[2024-05-23T19:50:20.131+0000] {processor.py:183} INFO - Processing /home/airflow/.local/lib/python3.12/site-packages/airflow/example_dags/example_branch_python_dop_operator_3.py took 0.120 seconds
[2024-05-23T19:50:50.475+0000] {processor.py:161} INFO - Started process (PID=11120) to work on /home/airflow/.local/lib/python3.12/site-packages/airflow/example_dags/example_branch_python_dop_operator_3.py
[2024-05-23T19:50:50.477+0000] {processor.py:830} INFO - Processing file /home/airflow/.local/lib/python3.12/site-packages/airflow/example_dags/example_branch_python_dop_operator_3.py for tasks to queue
[2024-05-23T19:50:50.480+0000] {logging_mixin.py:188} INFO - [2024-05-23T19:50:50.479+0000] {dagbag.py:545} INFO - Filling up the DagBag from /home/airflow/.local/lib/python3.12/site-packages/airflow/example_dags/example_branch_python_dop_operator_3.py
[2024-05-23T19:50:50.493+0000] {processor.py:840} INFO - DAG(s) 'example_branch_dop_operator_v3' retrieved from /home/airflow/.local/lib/python3.12/site-packages/airflow/example_dags/example_branch_python_dop_operator_3.py
[2024-05-23T19:50:50.524+0000] {logging_mixin.py:188} INFO - [2024-05-23T19:50:50.523+0000] {dag.py:3096} INFO - Sync 1 DAGs
[2024-05-23T19:50:50.562+0000] {logging_mixin.py:188} INFO - [2024-05-23T19:50:50.562+0000] {dag.py:3954} INFO - Setting next_dagrun for example_branch_dop_operator_v3 to 2024-05-23 19:49:00+00:00, run_after=2024-05-23 19:50:00+00:00
[2024-05-23T19:50:50.587+0000] {processor.py:183} INFO - Processing /home/airflow/.local/lib/python3.12/site-packages/airflow/example_dags/example_branch_python_dop_operator_3.py took 0.123 seconds
[2024-05-23T19:51:20.908+0000] {processor.py:161} INFO - Started process (PID=11385) to work on /home/airflow/.local/lib/python3.12/site-packages/airflow/example_dags/example_branch_python_dop_operator_3.py
[2024-05-23T19:51:20.909+0000] {processor.py:830} INFO - Processing file /home/airflow/.local/lib/python3.12/site-packages/airflow/example_dags/example_branch_python_dop_operator_3.py for tasks to queue
[2024-05-23T19:51:20.911+0000] {logging_mixin.py:188} INFO - [2024-05-23T19:51:20.911+0000] {dagbag.py:545} INFO - Filling up the DagBag from /home/airflow/.local/lib/python3.12/site-packages/airflow/example_dags/example_branch_python_dop_operator_3.py
[2024-05-23T19:51:20.925+0000] {processor.py:840} INFO - DAG(s) 'example_branch_dop_operator_v3' retrieved from /home/airflow/.local/lib/python3.12/site-packages/airflow/example_dags/example_branch_python_dop_operator_3.py
[2024-05-23T19:51:20.956+0000] {logging_mixin.py:188} INFO - [2024-05-23T19:51:20.956+0000] {dag.py:3096} INFO - Sync 1 DAGs
[2024-05-23T19:51:20.994+0000] {logging_mixin.py:188} INFO - [2024-05-23T19:51:20.994+0000] {dag.py:3954} INFO - Setting next_dagrun for example_branch_dop_operator_v3 to 2024-05-23 19:50:00+00:00, run_after=2024-05-23 19:51:00+00:00
[2024-05-23T19:51:21.021+0000] {processor.py:183} INFO - Processing /home/airflow/.local/lib/python3.12/site-packages/airflow/example_dags/example_branch_python_dop_operator_3.py took 0.123 seconds
[2024-05-23T19:51:51.215+0000] {processor.py:161} INFO - Started process (PID=11647) to work on /home/airflow/.local/lib/python3.12/site-packages/airflow/example_dags/example_branch_python_dop_operator_3.py
[2024-05-23T19:51:51.217+0000] {processor.py:830} INFO - Processing file /home/airflow/.local/lib/python3.12/site-packages/airflow/example_dags/example_branch_python_dop_operator_3.py for tasks to queue
[2024-05-23T19:51:51.219+0000] {logging_mixin.py:188} INFO - [2024-05-23T19:51:51.219+0000] {dagbag.py:545} INFO - Filling up the DagBag from /home/airflow/.local/lib/python3.12/site-packages/airflow/example_dags/example_branch_python_dop_operator_3.py
[2024-05-23T19:51:51.233+0000] {processor.py:840} INFO - DAG(s) 'example_branch_dop_operator_v3' retrieved from /home/airflow/.local/lib/python3.12/site-packages/airflow/example_dags/example_branch_python_dop_operator_3.py
[2024-05-23T19:51:51.265+0000] {logging_mixin.py:188} INFO - [2024-05-23T19:51:51.265+0000] {dag.py:3096} INFO - Sync 1 DAGs
[2024-05-23T19:51:51.308+0000] {logging_mixin.py:188} INFO - [2024-05-23T19:51:51.308+0000] {dag.py:3954} INFO - Setting next_dagrun for example_branch_dop_operator_v3 to 2024-05-23 19:50:00+00:00, run_after=2024-05-23 19:51:00+00:00
[2024-05-23T19:51:51.336+0000] {processor.py:183} INFO - Processing /home/airflow/.local/lib/python3.12/site-packages/airflow/example_dags/example_branch_python_dop_operator_3.py took 0.131 seconds
[2024-05-23T19:52:21.438+0000] {processor.py:161} INFO - Started process (PID=11906) to work on /home/airflow/.local/lib/python3.12/site-packages/airflow/example_dags/example_branch_python_dop_operator_3.py
[2024-05-23T19:52:21.439+0000] {processor.py:830} INFO - Processing file /home/airflow/.local/lib/python3.12/site-packages/airflow/example_dags/example_branch_python_dop_operator_3.py for tasks to queue
[2024-05-23T19:52:21.443+0000] {logging_mixin.py:188} INFO - [2024-05-23T19:52:21.443+0000] {dagbag.py:545} INFO - Filling up the DagBag from /home/airflow/.local/lib/python3.12/site-packages/airflow/example_dags/example_branch_python_dop_operator_3.py
[2024-05-23T19:52:21.456+0000] {processor.py:840} INFO - DAG(s) 'example_branch_dop_operator_v3' retrieved from /home/airflow/.local/lib/python3.12/site-packages/airflow/example_dags/example_branch_python_dop_operator_3.py
[2024-05-23T19:52:21.486+0000] {logging_mixin.py:188} INFO - [2024-05-23T19:52:21.486+0000] {dag.py:3096} INFO - Sync 1 DAGs
[2024-05-23T19:52:21.527+0000] {logging_mixin.py:188} INFO - [2024-05-23T19:52:21.527+0000] {dag.py:3954} INFO - Setting next_dagrun for example_branch_dop_operator_v3 to 2024-05-23 19:51:00+00:00, run_after=2024-05-23 19:52:00+00:00
[2024-05-23T19:52:21.554+0000] {processor.py:183} INFO - Processing /home/airflow/.local/lib/python3.12/site-packages/airflow/example_dags/example_branch_python_dop_operator_3.py took 0.125 seconds
[2024-05-23T19:52:51.653+0000] {processor.py:161} INFO - Started process (PID=12162) to work on /home/airflow/.local/lib/python3.12/site-packages/airflow/example_dags/example_branch_python_dop_operator_3.py
[2024-05-23T19:52:51.655+0000] {processor.py:830} INFO - Processing file /home/airflow/.local/lib/python3.12/site-packages/airflow/example_dags/example_branch_python_dop_operator_3.py for tasks to queue
[2024-05-23T19:52:51.657+0000] {logging_mixin.py:188} INFO - [2024-05-23T19:52:51.657+0000] {dagbag.py:545} INFO - Filling up the DagBag from /home/airflow/.local/lib/python3.12/site-packages/airflow/example_dags/example_branch_python_dop_operator_3.py
[2024-05-23T19:52:51.671+0000] {processor.py:840} INFO - DAG(s) 'example_branch_dop_operator_v3' retrieved from /home/airflow/.local/lib/python3.12/site-packages/airflow/example_dags/example_branch_python_dop_operator_3.py
[2024-05-23T19:52:51.701+0000] {logging_mixin.py:188} INFO - [2024-05-23T19:52:51.700+0000] {dag.py:3096} INFO - Sync 1 DAGs
[2024-05-23T19:52:51.739+0000] {logging_mixin.py:188} INFO - [2024-05-23T19:52:51.738+0000] {dag.py:3954} INFO - Setting next_dagrun for example_branch_dop_operator_v3 to 2024-05-23 19:51:00+00:00, run_after=2024-05-23 19:52:00+00:00
[2024-05-23T19:52:51.766+0000] {processor.py:183} INFO - Processing /home/airflow/.local/lib/python3.12/site-packages/airflow/example_dags/example_branch_python_dop_operator_3.py took 0.122 seconds
[2024-05-23T19:53:21.994+0000] {processor.py:161} INFO - Started process (PID=12424) to work on /home/airflow/.local/lib/python3.12/site-packages/airflow/example_dags/example_branch_python_dop_operator_3.py
[2024-05-23T19:53:21.995+0000] {processor.py:830} INFO - Processing file /home/airflow/.local/lib/python3.12/site-packages/airflow/example_dags/example_branch_python_dop_operator_3.py for tasks to queue
[2024-05-23T19:53:21.998+0000] {logging_mixin.py:188} INFO - [2024-05-23T19:53:21.998+0000] {dagbag.py:545} INFO - Filling up the DagBag from /home/airflow/.local/lib/python3.12/site-packages/airflow/example_dags/example_branch_python_dop_operator_3.py
[2024-05-23T19:53:22.011+0000] {processor.py:840} INFO - DAG(s) 'example_branch_dop_operator_v3' retrieved from /home/airflow/.local/lib/python3.12/site-packages/airflow/example_dags/example_branch_python_dop_operator_3.py
[2024-05-23T19:53:22.044+0000] {logging_mixin.py:188} INFO - [2024-05-23T19:53:22.043+0000] {dag.py:3096} INFO - Sync 1 DAGs
[2024-05-23T19:53:22.083+0000] {logging_mixin.py:188} INFO - [2024-05-23T19:53:22.082+0000] {dag.py:3954} INFO - Setting next_dagrun for example_branch_dop_operator_v3 to 2024-05-23 19:52:00+00:00, run_after=2024-05-23 19:53:00+00:00
[2024-05-23T19:53:22.112+0000] {processor.py:183} INFO - Processing /home/airflow/.local/lib/python3.12/site-packages/airflow/example_dags/example_branch_python_dop_operator_3.py took 0.128 seconds
[2024-05-23T19:53:52.210+0000] {processor.py:161} INFO - Started process (PID=12686) to work on /home/airflow/.local/lib/python3.12/site-packages/airflow/example_dags/example_branch_python_dop_operator_3.py
[2024-05-23T19:53:52.212+0000] {processor.py:830} INFO - Processing file /home/airflow/.local/lib/python3.12/site-packages/airflow/example_dags/example_branch_python_dop_operator_3.py for tasks to queue
[2024-05-23T19:53:52.214+0000] {logging_mixin.py:188} INFO - [2024-05-23T19:53:52.214+0000] {dagbag.py:545} INFO - Filling up the DagBag from /home/airflow/.local/lib/python3.12/site-packages/airflow/example_dags/example_branch_python_dop_operator_3.py
[2024-05-23T19:53:52.228+0000] {processor.py:840} INFO - DAG(s) 'example_branch_dop_operator_v3' retrieved from /home/airflow/.local/lib/python3.12/site-packages/airflow/example_dags/example_branch_python_dop_operator_3.py
[2024-05-23T19:53:52.257+0000] {logging_mixin.py:188} INFO - [2024-05-23T19:53:52.257+0000] {dag.py:3096} INFO - Sync 1 DAGs
[2024-05-23T19:53:52.295+0000] {logging_mixin.py:188} INFO - [2024-05-23T19:53:52.295+0000] {dag.py:3954} INFO - Setting next_dagrun for example_branch_dop_operator_v3 to 2024-05-23 19:52:00+00:00, run_after=2024-05-23 19:53:00+00:00
[2024-05-23T19:53:52.320+0000] {processor.py:183} INFO - Processing /home/airflow/.local/lib/python3.12/site-packages/airflow/example_dags/example_branch_python_dop_operator_3.py took 0.119 seconds
[2024-05-23T19:54:22.814+0000] {processor.py:161} INFO - Started process (PID=12948) to work on /home/airflow/.local/lib/python3.12/site-packages/airflow/example_dags/example_branch_python_dop_operator_3.py
[2024-05-23T19:54:22.816+0000] {processor.py:830} INFO - Processing file /home/airflow/.local/lib/python3.12/site-packages/airflow/example_dags/example_branch_python_dop_operator_3.py for tasks to queue
[2024-05-23T19:54:22.819+0000] {logging_mixin.py:188} INFO - [2024-05-23T19:54:22.818+0000] {dagbag.py:545} INFO - Filling up the DagBag from /home/airflow/.local/lib/python3.12/site-packages/airflow/example_dags/example_branch_python_dop_operator_3.py
[2024-05-23T19:54:22.832+0000] {processor.py:840} INFO - DAG(s) 'example_branch_dop_operator_v3' retrieved from /home/airflow/.local/lib/python3.12/site-packages/airflow/example_dags/example_branch_python_dop_operator_3.py
[2024-05-23T19:54:22.863+0000] {logging_mixin.py:188} INFO - [2024-05-23T19:54:22.862+0000] {dag.py:3096} INFO - Sync 1 DAGs
[2024-05-23T19:54:22.900+0000] {logging_mixin.py:188} INFO - [2024-05-23T19:54:22.900+0000] {dag.py:3954} INFO - Setting next_dagrun for example_branch_dop_operator_v3 to 2024-05-23 19:53:00+00:00, run_after=2024-05-23 19:54:00+00:00
[2024-05-23T19:54:22.927+0000] {processor.py:183} INFO - Processing /home/airflow/.local/lib/python3.12/site-packages/airflow/example_dags/example_branch_python_dop_operator_3.py took 0.122 seconds
[2024-05-23T19:54:53.673+0000] {processor.py:161} INFO - Started process (PID=13210) to work on /home/airflow/.local/lib/python3.12/site-packages/airflow/example_dags/example_branch_python_dop_operator_3.py
[2024-05-23T19:54:53.675+0000] {processor.py:830} INFO - Processing file /home/airflow/.local/lib/python3.12/site-packages/airflow/example_dags/example_branch_python_dop_operator_3.py for tasks to queue
[2024-05-23T19:54:53.677+0000] {logging_mixin.py:188} INFO - [2024-05-23T19:54:53.677+0000] {dagbag.py:545} INFO - Filling up the DagBag from /home/airflow/.local/lib/python3.12/site-packages/airflow/example_dags/example_branch_python_dop_operator_3.py
[2024-05-23T19:54:53.689+0000] {processor.py:840} INFO - DAG(s) 'example_branch_dop_operator_v3' retrieved from /home/airflow/.local/lib/python3.12/site-packages/airflow/example_dags/example_branch_python_dop_operator_3.py
[2024-05-23T19:54:53.716+0000] {logging_mixin.py:188} INFO - [2024-05-23T19:54:53.716+0000] {dag.py:3096} INFO - Sync 1 DAGs
[2024-05-23T19:54:53.750+0000] {logging_mixin.py:188} INFO - [2024-05-23T19:54:53.750+0000] {dag.py:3954} INFO - Setting next_dagrun for example_branch_dop_operator_v3 to 2024-05-23 19:53:00+00:00, run_after=2024-05-23 19:54:00+00:00
[2024-05-23T19:54:53.773+0000] {processor.py:183} INFO - Processing /home/airflow/.local/lib/python3.12/site-packages/airflow/example_dags/example_branch_python_dop_operator_3.py took 0.108 seconds
[2024-05-23T19:55:24.492+0000] {processor.py:161} INFO - Started process (PID=13472) to work on /home/airflow/.local/lib/python3.12/site-packages/airflow/example_dags/example_branch_python_dop_operator_3.py
[2024-05-23T19:55:24.494+0000] {processor.py:830} INFO - Processing file /home/airflow/.local/lib/python3.12/site-packages/airflow/example_dags/example_branch_python_dop_operator_3.py for tasks to queue
[2024-05-23T19:55:24.497+0000] {logging_mixin.py:188} INFO - [2024-05-23T19:55:24.496+0000] {dagbag.py:545} INFO - Filling up the DagBag from /home/airflow/.local/lib/python3.12/site-packages/airflow/example_dags/example_branch_python_dop_operator_3.py
[2024-05-23T19:55:24.511+0000] {processor.py:840} INFO - DAG(s) 'example_branch_dop_operator_v3' retrieved from /home/airflow/.local/lib/python3.12/site-packages/airflow/example_dags/example_branch_python_dop_operator_3.py
[2024-05-23T19:55:24.544+0000] {logging_mixin.py:188} INFO - [2024-05-23T19:55:24.543+0000] {dag.py:3096} INFO - Sync 1 DAGs
[2024-05-23T19:55:24.583+0000] {logging_mixin.py:188} INFO - [2024-05-23T19:55:24.583+0000] {dag.py:3954} INFO - Setting next_dagrun for example_branch_dop_operator_v3 to 2024-05-23 19:54:00+00:00, run_after=2024-05-23 19:55:00+00:00
[2024-05-23T19:55:24.609+0000] {processor.py:183} INFO - Processing /home/airflow/.local/lib/python3.12/site-packages/airflow/example_dags/example_branch_python_dop_operator_3.py took 0.127 seconds
[2024-05-23T19:55:55.060+0000] {processor.py:161} INFO - Started process (PID=13734) to work on /home/airflow/.local/lib/python3.12/site-packages/airflow/example_dags/example_branch_python_dop_operator_3.py
[2024-05-23T19:55:55.062+0000] {processor.py:830} INFO - Processing file /home/airflow/.local/lib/python3.12/site-packages/airflow/example_dags/example_branch_python_dop_operator_3.py for tasks to queue
[2024-05-23T19:55:55.065+0000] {logging_mixin.py:188} INFO - [2024-05-23T19:55:55.064+0000] {dagbag.py:545} INFO - Filling up the DagBag from /home/airflow/.local/lib/python3.12/site-packages/airflow/example_dags/example_branch_python_dop_operator_3.py
[2024-05-23T19:55:55.077+0000] {processor.py:840} INFO - DAG(s) 'example_branch_dop_operator_v3' retrieved from /home/airflow/.local/lib/python3.12/site-packages/airflow/example_dags/example_branch_python_dop_operator_3.py
[2024-05-23T19:55:55.104+0000] {logging_mixin.py:188} INFO - [2024-05-23T19:55:55.104+0000] {dag.py:3096} INFO - Sync 1 DAGs
[2024-05-23T19:55:55.138+0000] {logging_mixin.py:188} INFO - [2024-05-23T19:55:55.138+0000] {dag.py:3954} INFO - Setting next_dagrun for example_branch_dop_operator_v3 to 2024-05-23 19:54:00+00:00, run_after=2024-05-23 19:55:00+00:00
[2024-05-23T19:55:55.164+0000] {processor.py:183} INFO - Processing /home/airflow/.local/lib/python3.12/site-packages/airflow/example_dags/example_branch_python_dop_operator_3.py took 0.112 seconds
[2024-05-23T19:56:25.292+0000] {processor.py:161} INFO - Started process (PID=13996) to work on /home/airflow/.local/lib/python3.12/site-packages/airflow/example_dags/example_branch_python_dop_operator_3.py
[2024-05-23T19:56:25.294+0000] {processor.py:830} INFO - Processing file /home/airflow/.local/lib/python3.12/site-packages/airflow/example_dags/example_branch_python_dop_operator_3.py for tasks to queue
[2024-05-23T19:56:25.296+0000] {logging_mixin.py:188} INFO - [2024-05-23T19:56:25.296+0000] {dagbag.py:545} INFO - Filling up the DagBag from /home/airflow/.local/lib/python3.12/site-packages/airflow/example_dags/example_branch_python_dop_operator_3.py
[2024-05-23T19:56:25.309+0000] {processor.py:840} INFO - DAG(s) 'example_branch_dop_operator_v3' retrieved from /home/airflow/.local/lib/python3.12/site-packages/airflow/example_dags/example_branch_python_dop_operator_3.py
[2024-05-23T19:56:25.335+0000] {logging_mixin.py:188} INFO - [2024-05-23T19:56:25.335+0000] {dag.py:3096} INFO - Sync 1 DAGs
[2024-05-23T19:56:25.370+0000] {logging_mixin.py:188} INFO - [2024-05-23T19:56:25.369+0000] {dag.py:3954} INFO - Setting next_dagrun for example_branch_dop_operator_v3 to 2024-05-23 19:55:00+00:00, run_after=2024-05-23 19:56:00+00:00
[2024-05-23T19:56:25.393+0000] {processor.py:183} INFO - Processing /home/airflow/.local/lib/python3.12/site-packages/airflow/example_dags/example_branch_python_dop_operator_3.py took 0.109 seconds
[2024-05-23T19:56:56.093+0000] {processor.py:161} INFO - Started process (PID=14258) to work on /home/airflow/.local/lib/python3.12/site-packages/airflow/example_dags/example_branch_python_dop_operator_3.py
[2024-05-23T19:56:56.095+0000] {processor.py:830} INFO - Processing file /home/airflow/.local/lib/python3.12/site-packages/airflow/example_dags/example_branch_python_dop_operator_3.py for tasks to queue
[2024-05-23T19:56:56.098+0000] {logging_mixin.py:188} INFO - [2024-05-23T19:56:56.098+0000] {dagbag.py:545} INFO - Filling up the DagBag from /home/airflow/.local/lib/python3.12/site-packages/airflow/example_dags/example_branch_python_dop_operator_3.py
[2024-05-23T19:56:56.110+0000] {processor.py:840} INFO - DAG(s) 'example_branch_dop_operator_v3' retrieved from /home/airflow/.local/lib/python3.12/site-packages/airflow/example_dags/example_branch_python_dop_operator_3.py
[2024-05-23T19:56:56.136+0000] {logging_mixin.py:188} INFO - [2024-05-23T19:56:56.136+0000] {dag.py:3096} INFO - Sync 1 DAGs
[2024-05-23T19:56:56.173+0000] {logging_mixin.py:188} INFO - [2024-05-23T19:56:56.172+0000] {dag.py:3954} INFO - Setting next_dagrun for example_branch_dop_operator_v3 to 2024-05-23 19:55:00+00:00, run_after=2024-05-23 19:56:00+00:00
[2024-05-23T19:56:56.198+0000] {processor.py:183} INFO - Processing /home/airflow/.local/lib/python3.12/site-packages/airflow/example_dags/example_branch_python_dop_operator_3.py took 0.114 seconds
[2024-05-23T19:57:26.623+0000] {processor.py:161} INFO - Started process (PID=14520) to work on /home/airflow/.local/lib/python3.12/site-packages/airflow/example_dags/example_branch_python_dop_operator_3.py
[2024-05-23T19:57:26.624+0000] {processor.py:830} INFO - Processing file /home/airflow/.local/lib/python3.12/site-packages/airflow/example_dags/example_branch_python_dop_operator_3.py for tasks to queue
[2024-05-23T19:57:26.626+0000] {logging_mixin.py:188} INFO - [2024-05-23T19:57:26.626+0000] {dagbag.py:545} INFO - Filling up the DagBag from /home/airflow/.local/lib/python3.12/site-packages/airflow/example_dags/example_branch_python_dop_operator_3.py
[2024-05-23T19:57:26.635+0000] {processor.py:840} INFO - DAG(s) 'example_branch_dop_operator_v3' retrieved from /home/airflow/.local/lib/python3.12/site-packages/airflow/example_dags/example_branch_python_dop_operator_3.py
[2024-05-23T19:57:26.663+0000] {logging_mixin.py:188} INFO - [2024-05-23T19:57:26.662+0000] {dag.py:3096} INFO - Sync 1 DAGs
[2024-05-23T19:57:26.700+0000] {logging_mixin.py:188} INFO - [2024-05-23T19:57:26.700+0000] {dag.py:3954} INFO - Setting next_dagrun for example_branch_dop_operator_v3 to 2024-05-23 19:56:00+00:00, run_after=2024-05-23 19:57:00+00:00
[2024-05-23T19:57:26.727+0000] {processor.py:183} INFO - Processing /home/airflow/.local/lib/python3.12/site-packages/airflow/example_dags/example_branch_python_dop_operator_3.py took 0.110 seconds
[2024-05-23T19:58:12.158+0000] {processor.py:161} INFO - Started process (PID=14790) to work on /home/airflow/.local/lib/python3.12/site-packages/airflow/example_dags/example_branch_python_dop_operator_3.py
[2024-05-23T19:58:12.160+0000] {processor.py:830} INFO - Processing file /home/airflow/.local/lib/python3.12/site-packages/airflow/example_dags/example_branch_python_dop_operator_3.py for tasks to queue
[2024-05-23T19:58:12.163+0000] {logging_mixin.py:188} INFO - [2024-05-23T19:58:12.162+0000] {dagbag.py:545} INFO - Filling up the DagBag from /home/airflow/.local/lib/python3.12/site-packages/airflow/example_dags/example_branch_python_dop_operator_3.py
[2024-05-23T19:58:12.174+0000] {processor.py:840} INFO - DAG(s) 'example_branch_dop_operator_v3' retrieved from /home/airflow/.local/lib/python3.12/site-packages/airflow/example_dags/example_branch_python_dop_operator_3.py
[2024-05-23T19:58:12.203+0000] {logging_mixin.py:188} INFO - [2024-05-23T19:58:12.203+0000] {dag.py:3096} INFO - Sync 1 DAGs
[2024-05-23T19:58:12.242+0000] {logging_mixin.py:188} INFO - [2024-05-23T19:58:12.241+0000] {dag.py:3954} INFO - Setting next_dagrun for example_branch_dop_operator_v3 to 2024-05-23 19:57:00+00:00, run_after=2024-05-23 19:58:00+00:00
[2024-05-23T19:58:12.269+0000] {processor.py:183} INFO - Processing /home/airflow/.local/lib/python3.12/site-packages/airflow/example_dags/example_branch_python_dop_operator_3.py took 0.123 seconds
[2024-05-23T20:03:44.289+0000] {processor.py:161} INFO - Started process (PID=15123) to work on /home/airflow/.local/lib/python3.12/site-packages/airflow/example_dags/example_branch_python_dop_operator_3.py
[2024-05-23T20:03:44.291+0000] {processor.py:830} INFO - Processing file /home/airflow/.local/lib/python3.12/site-packages/airflow/example_dags/example_branch_python_dop_operator_3.py for tasks to queue
[2024-05-23T20:03:44.292+0000] {logging_mixin.py:188} INFO - [2024-05-23T20:03:44.292+0000] {dagbag.py:545} INFO - Filling up the DagBag from /home/airflow/.local/lib/python3.12/site-packages/airflow/example_dags/example_branch_python_dop_operator_3.py
[2024-05-23T20:03:44.305+0000] {processor.py:840} INFO - DAG(s) 'example_branch_dop_operator_v3' retrieved from /home/airflow/.local/lib/python3.12/site-packages/airflow/example_dags/example_branch_python_dop_operator_3.py
[2024-05-23T20:03:44.333+0000] {logging_mixin.py:188} INFO - [2024-05-23T20:03:44.333+0000] {dag.py:3096} INFO - Sync 1 DAGs
[2024-05-23T20:03:44.365+0000] {logging_mixin.py:188} INFO - [2024-05-23T20:03:44.365+0000] {dag.py:3954} INFO - Setting next_dagrun for example_branch_dop_operator_v3 to 2024-05-23 20:02:00+00:00, run_after=2024-05-23 20:03:00+00:00
[2024-05-23T20:03:44.388+0000] {processor.py:183} INFO - Processing /home/airflow/.local/lib/python3.12/site-packages/airflow/example_dags/example_branch_python_dop_operator_3.py took 0.108 seconds
[2024-05-23T20:04:23.693+0000] {processor.py:161} INFO - Started process (PID=15385) to work on /home/airflow/.local/lib/python3.12/site-packages/airflow/example_dags/example_branch_python_dop_operator_3.py
[2024-05-23T20:04:23.698+0000] {processor.py:830} INFO - Processing file /home/airflow/.local/lib/python3.12/site-packages/airflow/example_dags/example_branch_python_dop_operator_3.py for tasks to queue
[2024-05-23T20:04:23.704+0000] {logging_mixin.py:188} INFO - [2024-05-23T20:04:23.703+0000] {dagbag.py:545} INFO - Filling up the DagBag from /home/airflow/.local/lib/python3.12/site-packages/airflow/example_dags/example_branch_python_dop_operator_3.py
[2024-05-23T20:04:23.746+0000] {processor.py:840} INFO - DAG(s) 'example_branch_dop_operator_v3' retrieved from /home/airflow/.local/lib/python3.12/site-packages/airflow/example_dags/example_branch_python_dop_operator_3.py
[2024-05-23T20:04:23.858+0000] {logging_mixin.py:188} INFO - [2024-05-23T20:04:23.857+0000] {dag.py:3096} INFO - Sync 1 DAGs
[2024-05-23T20:04:23.989+0000] {logging_mixin.py:188} INFO - [2024-05-23T20:04:23.988+0000] {dag.py:3954} INFO - Setting next_dagrun for example_branch_dop_operator_v3 to 2024-05-23 20:03:00+00:00, run_after=2024-05-23 20:04:00+00:00
[2024-05-23T20:04:24.079+0000] {processor.py:183} INFO - Processing /home/airflow/.local/lib/python3.12/site-packages/airflow/example_dags/example_branch_python_dop_operator_3.py took 0.420 seconds
[2024-05-23T20:08:15.537+0000] {processor.py:161} INFO - Started process (PID=15648) to work on /home/airflow/.local/lib/python3.12/site-packages/airflow/example_dags/example_branch_python_dop_operator_3.py
[2024-05-23T20:08:15.538+0000] {processor.py:830} INFO - Processing file /home/airflow/.local/lib/python3.12/site-packages/airflow/example_dags/example_branch_python_dop_operator_3.py for tasks to queue
[2024-05-23T20:08:15.540+0000] {logging_mixin.py:188} INFO - [2024-05-23T20:08:15.540+0000] {dagbag.py:545} INFO - Filling up the DagBag from /home/airflow/.local/lib/python3.12/site-packages/airflow/example_dags/example_branch_python_dop_operator_3.py
[2024-05-23T20:08:15.551+0000] {processor.py:840} INFO - DAG(s) 'example_branch_dop_operator_v3' retrieved from /home/airflow/.local/lib/python3.12/site-packages/airflow/example_dags/example_branch_python_dop_operator_3.py
[2024-05-23T20:08:15.580+0000] {logging_mixin.py:188} INFO - [2024-05-23T20:08:15.580+0000] {dag.py:3096} INFO - Sync 1 DAGs
[2024-05-23T20:08:15.613+0000] {logging_mixin.py:188} INFO - [2024-05-23T20:08:15.613+0000] {dag.py:3954} INFO - Setting next_dagrun for example_branch_dop_operator_v3 to 2024-05-23 20:07:00+00:00, run_after=2024-05-23 20:08:00+00:00
[2024-05-23T20:08:15.637+0000] {processor.py:183} INFO - Processing /home/airflow/.local/lib/python3.12/site-packages/airflow/example_dags/example_branch_python_dop_operator_3.py took 0.109 seconds
[2024-05-23T20:08:45.838+0000] {processor.py:161} INFO - Started process (PID=15910) to work on /home/airflow/.local/lib/python3.12/site-packages/airflow/example_dags/example_branch_python_dop_operator_3.py
[2024-05-23T20:08:45.840+0000] {processor.py:830} INFO - Processing file /home/airflow/.local/lib/python3.12/site-packages/airflow/example_dags/example_branch_python_dop_operator_3.py for tasks to queue
[2024-05-23T20:08:45.842+0000] {logging_mixin.py:188} INFO - [2024-05-23T20:08:45.841+0000] {dagbag.py:545} INFO - Filling up the DagBag from /home/airflow/.local/lib/python3.12/site-packages/airflow/example_dags/example_branch_python_dop_operator_3.py
[2024-05-23T20:08:45.853+0000] {processor.py:840} INFO - DAG(s) 'example_branch_dop_operator_v3' retrieved from /home/airflow/.local/lib/python3.12/site-packages/airflow/example_dags/example_branch_python_dop_operator_3.py
[2024-05-23T20:08:45.882+0000] {logging_mixin.py:188} INFO - [2024-05-23T20:08:45.881+0000] {dag.py:3096} INFO - Sync 1 DAGs
[2024-05-23T20:08:45.916+0000] {logging_mixin.py:188} INFO - [2024-05-23T20:08:45.916+0000] {dag.py:3954} INFO - Setting next_dagrun for example_branch_dop_operator_v3 to 2024-05-23 20:07:00+00:00, run_after=2024-05-23 20:08:00+00:00
[2024-05-23T20:08:45.941+0000] {processor.py:183} INFO - Processing /home/airflow/.local/lib/python3.12/site-packages/airflow/example_dags/example_branch_python_dop_operator_3.py took 0.113 seconds
[2024-05-23T20:09:16.083+0000] {processor.py:161} INFO - Started process (PID=16167) to work on /home/airflow/.local/lib/python3.12/site-packages/airflow/example_dags/example_branch_python_dop_operator_3.py
[2024-05-23T20:09:16.085+0000] {processor.py:830} INFO - Processing file /home/airflow/.local/lib/python3.12/site-packages/airflow/example_dags/example_branch_python_dop_operator_3.py for tasks to queue
[2024-05-23T20:09:16.087+0000] {logging_mixin.py:188} INFO - [2024-05-23T20:09:16.086+0000] {dagbag.py:545} INFO - Filling up the DagBag from /home/airflow/.local/lib/python3.12/site-packages/airflow/example_dags/example_branch_python_dop_operator_3.py
[2024-05-23T20:09:16.097+0000] {processor.py:840} INFO - DAG(s) 'example_branch_dop_operator_v3' retrieved from /home/airflow/.local/lib/python3.12/site-packages/airflow/example_dags/example_branch_python_dop_operator_3.py
[2024-05-23T20:09:16.127+0000] {logging_mixin.py:188} INFO - [2024-05-23T20:09:16.126+0000] {dag.py:3096} INFO - Sync 1 DAGs
[2024-05-23T20:09:16.161+0000] {logging_mixin.py:188} INFO - [2024-05-23T20:09:16.160+0000] {dag.py:3954} INFO - Setting next_dagrun for example_branch_dop_operator_v3 to 2024-05-23 20:08:00+00:00, run_after=2024-05-23 20:09:00+00:00
[2024-05-23T20:09:16.187+0000] {processor.py:183} INFO - Processing /home/airflow/.local/lib/python3.12/site-packages/airflow/example_dags/example_branch_python_dop_operator_3.py took 0.113 seconds
[2024-05-23T20:09:46.414+0000] {processor.py:161} INFO - Started process (PID=16429) to work on /home/airflow/.local/lib/python3.12/site-packages/airflow/example_dags/example_branch_python_dop_operator_3.py
[2024-05-23T20:09:46.416+0000] {processor.py:830} INFO - Processing file /home/airflow/.local/lib/python3.12/site-packages/airflow/example_dags/example_branch_python_dop_operator_3.py for tasks to queue
[2024-05-23T20:09:46.418+0000] {logging_mixin.py:188} INFO - [2024-05-23T20:09:46.418+0000] {dagbag.py:545} INFO - Filling up the DagBag from /home/airflow/.local/lib/python3.12/site-packages/airflow/example_dags/example_branch_python_dop_operator_3.py
[2024-05-23T20:09:46.430+0000] {processor.py:840} INFO - DAG(s) 'example_branch_dop_operator_v3' retrieved from /home/airflow/.local/lib/python3.12/site-packages/airflow/example_dags/example_branch_python_dop_operator_3.py
[2024-05-23T20:09:46.462+0000] {logging_mixin.py:188} INFO - [2024-05-23T20:09:46.462+0000] {dag.py:3096} INFO - Sync 1 DAGs
[2024-05-23T20:09:46.499+0000] {logging_mixin.py:188} INFO - [2024-05-23T20:09:46.499+0000] {dag.py:3954} INFO - Setting next_dagrun for example_branch_dop_operator_v3 to 2024-05-23 20:08:00+00:00, run_after=2024-05-23 20:09:00+00:00
[2024-05-23T20:09:46.526+0000] {processor.py:183} INFO - Processing /home/airflow/.local/lib/python3.12/site-packages/airflow/example_dags/example_branch_python_dop_operator_3.py took 0.122 seconds
[2024-05-23T20:10:16.879+0000] {processor.py:161} INFO - Started process (PID=16691) to work on /home/airflow/.local/lib/python3.12/site-packages/airflow/example_dags/example_branch_python_dop_operator_3.py
[2024-05-23T20:10:16.880+0000] {processor.py:830} INFO - Processing file /home/airflow/.local/lib/python3.12/site-packages/airflow/example_dags/example_branch_python_dop_operator_3.py for tasks to queue
[2024-05-23T20:10:16.882+0000] {logging_mixin.py:188} INFO - [2024-05-23T20:10:16.881+0000] {dagbag.py:545} INFO - Filling up the DagBag from /home/airflow/.local/lib/python3.12/site-packages/airflow/example_dags/example_branch_python_dop_operator_3.py
[2024-05-23T20:10:16.892+0000] {processor.py:840} INFO - DAG(s) 'example_branch_dop_operator_v3' retrieved from /home/airflow/.local/lib/python3.12/site-packages/airflow/example_dags/example_branch_python_dop_operator_3.py
[2024-05-23T20:10:16.925+0000] {logging_mixin.py:188} INFO - [2024-05-23T20:10:16.924+0000] {dag.py:3096} INFO - Sync 1 DAGs
[2024-05-23T20:10:16.960+0000] {logging_mixin.py:188} INFO - [2024-05-23T20:10:16.959+0000] {dag.py:3954} INFO - Setting next_dagrun for example_branch_dop_operator_v3 to 2024-05-23 20:09:00+00:00, run_after=2024-05-23 20:10:00+00:00
[2024-05-23T20:10:16.984+0000] {processor.py:183} INFO - Processing /home/airflow/.local/lib/python3.12/site-packages/airflow/example_dags/example_branch_python_dop_operator_3.py took 0.114 seconds
[2024-05-23T20:10:47.097+0000] {processor.py:161} INFO - Started process (PID=16953) to work on /home/airflow/.local/lib/python3.12/site-packages/airflow/example_dags/example_branch_python_dop_operator_3.py
[2024-05-23T20:10:47.098+0000] {processor.py:830} INFO - Processing file /home/airflow/.local/lib/python3.12/site-packages/airflow/example_dags/example_branch_python_dop_operator_3.py for tasks to queue
[2024-05-23T20:10:47.099+0000] {logging_mixin.py:188} INFO - [2024-05-23T20:10:47.099+0000] {dagbag.py:545} INFO - Filling up the DagBag from /home/airflow/.local/lib/python3.12/site-packages/airflow/example_dags/example_branch_python_dop_operator_3.py
[2024-05-23T20:10:47.109+0000] {processor.py:840} INFO - DAG(s) 'example_branch_dop_operator_v3' retrieved from /home/airflow/.local/lib/python3.12/site-packages/airflow/example_dags/example_branch_python_dop_operator_3.py
[2024-05-23T20:10:47.136+0000] {logging_mixin.py:188} INFO - [2024-05-23T20:10:47.136+0000] {dag.py:3096} INFO - Sync 1 DAGs
[2024-05-23T20:10:47.169+0000] {logging_mixin.py:188} INFO - [2024-05-23T20:10:47.169+0000] {dag.py:3954} INFO - Setting next_dagrun for example_branch_dop_operator_v3 to 2024-05-23 20:09:00+00:00, run_after=2024-05-23 20:10:00+00:00
[2024-05-23T20:10:47.200+0000] {processor.py:183} INFO - Processing /home/airflow/.local/lib/python3.12/site-packages/airflow/example_dags/example_branch_python_dop_operator_3.py took 0.112 seconds
[2024-05-23T20:11:18.244+0000] {processor.py:161} INFO - Started process (PID=17219) to work on /home/airflow/.local/lib/python3.12/site-packages/airflow/example_dags/example_branch_python_dop_operator_3.py
[2024-05-23T20:11:18.245+0000] {processor.py:830} INFO - Processing file /home/airflow/.local/lib/python3.12/site-packages/airflow/example_dags/example_branch_python_dop_operator_3.py for tasks to queue
[2024-05-23T20:11:18.247+0000] {logging_mixin.py:188} INFO - [2024-05-23T20:11:18.246+0000] {dagbag.py:545} INFO - Filling up the DagBag from /home/airflow/.local/lib/python3.12/site-packages/airflow/example_dags/example_branch_python_dop_operator_3.py
[2024-05-23T20:11:18.256+0000] {processor.py:840} INFO - DAG(s) 'example_branch_dop_operator_v3' retrieved from /home/airflow/.local/lib/python3.12/site-packages/airflow/example_dags/example_branch_python_dop_operator_3.py
[2024-05-23T20:11:18.283+0000] {logging_mixin.py:188} INFO - [2024-05-23T20:11:18.282+0000] {dag.py:3096} INFO - Sync 1 DAGs
[2024-05-23T20:11:18.313+0000] {logging_mixin.py:188} INFO - [2024-05-23T20:11:18.313+0000] {dag.py:3954} INFO - Setting next_dagrun for example_branch_dop_operator_v3 to 2024-05-23 20:10:00+00:00, run_after=2024-05-23 20:11:00+00:00
[2024-05-23T20:11:18.335+0000] {processor.py:183} INFO - Processing /home/airflow/.local/lib/python3.12/site-packages/airflow/example_dags/example_branch_python_dop_operator_3.py took 0.099 seconds
[2024-05-23T20:11:49.419+0000] {processor.py:161} INFO - Started process (PID=17481) to work on /home/airflow/.local/lib/python3.12/site-packages/airflow/example_dags/example_branch_python_dop_operator_3.py
[2024-05-23T20:11:49.420+0000] {processor.py:830} INFO - Processing file /home/airflow/.local/lib/python3.12/site-packages/airflow/example_dags/example_branch_python_dop_operator_3.py for tasks to queue
[2024-05-23T20:11:49.421+0000] {logging_mixin.py:188} INFO - [2024-05-23T20:11:49.421+0000] {dagbag.py:545} INFO - Filling up the DagBag from /home/airflow/.local/lib/python3.12/site-packages/airflow/example_dags/example_branch_python_dop_operator_3.py
[2024-05-23T20:11:49.430+0000] {processor.py:840} INFO - DAG(s) 'example_branch_dop_operator_v3' retrieved from /home/airflow/.local/lib/python3.12/site-packages/airflow/example_dags/example_branch_python_dop_operator_3.py
[2024-05-23T20:11:49.454+0000] {logging_mixin.py:188} INFO - [2024-05-23T20:11:49.454+0000] {dag.py:3096} INFO - Sync 1 DAGs
[2024-05-23T20:11:49.479+0000] {logging_mixin.py:188} INFO - [2024-05-23T20:11:49.478+0000] {dag.py:3954} INFO - Setting next_dagrun for example_branch_dop_operator_v3 to 2024-05-23 20:10:00+00:00, run_after=2024-05-23 20:11:00+00:00
[2024-05-23T20:11:49.496+0000] {processor.py:183} INFO - Processing /home/airflow/.local/lib/python3.12/site-packages/airflow/example_dags/example_branch_python_dop_operator_3.py took 0.084 seconds
[2024-05-23T20:12:20.575+0000] {processor.py:161} INFO - Started process (PID=17743) to work on /home/airflow/.local/lib/python3.12/site-packages/airflow/example_dags/example_branch_python_dop_operator_3.py
[2024-05-23T20:12:20.576+0000] {processor.py:830} INFO - Processing file /home/airflow/.local/lib/python3.12/site-packages/airflow/example_dags/example_branch_python_dop_operator_3.py for tasks to queue
[2024-05-23T20:12:20.578+0000] {logging_mixin.py:188} INFO - [2024-05-23T20:12:20.577+0000] {dagbag.py:545} INFO - Filling up the DagBag from /home/airflow/.local/lib/python3.12/site-packages/airflow/example_dags/example_branch_python_dop_operator_3.py
[2024-05-23T20:12:20.590+0000] {processor.py:840} INFO - DAG(s) 'example_branch_dop_operator_v3' retrieved from /home/airflow/.local/lib/python3.12/site-packages/airflow/example_dags/example_branch_python_dop_operator_3.py
[2024-05-23T20:12:20.762+0000] {logging_mixin.py:188} INFO - [2024-05-23T20:12:20.761+0000] {dag.py:3096} INFO - Sync 1 DAGs
[2024-05-23T20:12:20.804+0000] {logging_mixin.py:188} INFO - [2024-05-23T20:12:20.804+0000] {dag.py:3954} INFO - Setting next_dagrun for example_branch_dop_operator_v3 to 2024-05-23 20:11:00+00:00, run_after=2024-05-23 20:12:00+00:00
[2024-05-23T20:12:20.831+0000] {processor.py:183} INFO - Processing /home/airflow/.local/lib/python3.12/site-packages/airflow/example_dags/example_branch_python_dop_operator_3.py took 0.266 seconds
[2024-05-23T20:12:51.073+0000] {processor.py:161} INFO - Started process (PID=18005) to work on /home/airflow/.local/lib/python3.12/site-packages/airflow/example_dags/example_branch_python_dop_operator_3.py
[2024-05-23T20:12:51.076+0000] {processor.py:830} INFO - Processing file /home/airflow/.local/lib/python3.12/site-packages/airflow/example_dags/example_branch_python_dop_operator_3.py for tasks to queue
[2024-05-23T20:12:51.077+0000] {logging_mixin.py:188} INFO - [2024-05-23T20:12:51.077+0000] {dagbag.py:545} INFO - Filling up the DagBag from /home/airflow/.local/lib/python3.12/site-packages/airflow/example_dags/example_branch_python_dop_operator_3.py
[2024-05-23T20:12:51.088+0000] {processor.py:840} INFO - DAG(s) 'example_branch_dop_operator_v3' retrieved from /home/airflow/.local/lib/python3.12/site-packages/airflow/example_dags/example_branch_python_dop_operator_3.py
[2024-05-23T20:12:51.117+0000] {logging_mixin.py:188} INFO - [2024-05-23T20:12:51.117+0000] {dag.py:3096} INFO - Sync 1 DAGs
[2024-05-23T20:12:51.151+0000] {logging_mixin.py:188} INFO - [2024-05-23T20:12:51.151+0000] {dag.py:3954} INFO - Setting next_dagrun for example_branch_dop_operator_v3 to 2024-05-23 20:11:00+00:00, run_after=2024-05-23 20:12:00+00:00
[2024-05-23T20:12:51.181+0000] {processor.py:183} INFO - Processing /home/airflow/.local/lib/python3.12/site-packages/airflow/example_dags/example_branch_python_dop_operator_3.py took 0.118 seconds
[2024-05-23T20:13:21.435+0000] {processor.py:161} INFO - Started process (PID=18267) to work on /home/airflow/.local/lib/python3.12/site-packages/airflow/example_dags/example_branch_python_dop_operator_3.py
[2024-05-23T20:13:21.437+0000] {processor.py:830} INFO - Processing file /home/airflow/.local/lib/python3.12/site-packages/airflow/example_dags/example_branch_python_dop_operator_3.py for tasks to queue
[2024-05-23T20:13:21.438+0000] {logging_mixin.py:188} INFO - [2024-05-23T20:13:21.438+0000] {dagbag.py:545} INFO - Filling up the DagBag from /home/airflow/.local/lib/python3.12/site-packages/airflow/example_dags/example_branch_python_dop_operator_3.py
[2024-05-23T20:13:21.450+0000] {processor.py:840} INFO - DAG(s) 'example_branch_dop_operator_v3' retrieved from /home/airflow/.local/lib/python3.12/site-packages/airflow/example_dags/example_branch_python_dop_operator_3.py
[2024-05-23T20:13:21.478+0000] {logging_mixin.py:188} INFO - [2024-05-23T20:13:21.478+0000] {dag.py:3096} INFO - Sync 1 DAGs
[2024-05-23T20:13:21.511+0000] {logging_mixin.py:188} INFO - [2024-05-23T20:13:21.511+0000] {dag.py:3954} INFO - Setting next_dagrun for example_branch_dop_operator_v3 to 2024-05-23 20:12:00+00:00, run_after=2024-05-23 20:13:00+00:00
[2024-05-23T20:13:21.536+0000] {processor.py:183} INFO - Processing /home/airflow/.local/lib/python3.12/site-packages/airflow/example_dags/example_branch_python_dop_operator_3.py took 0.109 seconds
