[2024-05-23T19:29:49.595+0000] {processor.py:161} INFO - Started process (PID=247) to work on /home/airflow/.local/lib/python3.12/site-packages/airflow/example_dags/example_short_circuit_operator.py
[2024-05-23T19:29:49.598+0000] {processor.py:830} INFO - Processing file /home/airflow/.local/lib/python3.12/site-packages/airflow/example_dags/example_short_circuit_operator.py for tasks to queue
[2024-05-23T19:29:49.602+0000] {logging_mixin.py:188} INFO - [2024-05-23T19:29:49.602+0000] {dagbag.py:545} INFO - Filling up the DagBag from /home/airflow/.local/lib/python3.12/site-packages/airflow/example_dags/example_short_circuit_operator.py
[2024-05-23T19:29:49.620+0000] {processor.py:840} INFO - DAG(s) 'example_short_circuit_operator' retrieved from /home/airflow/.local/lib/python3.12/site-packages/airflow/example_dags/example_short_circuit_operator.py
[2024-05-23T19:29:50.069+0000] {logging_mixin.py:188} INFO - [2024-05-23T19:29:50.068+0000] {dag.py:3096} INFO - Sync 1 DAGs
[2024-05-23T19:29:50.135+0000] {logging_mixin.py:188} INFO - [2024-05-23T19:29:50.134+0000] {dag.py:3954} INFO - Setting next_dagrun for example_short_circuit_operator to 2024-05-22 00:00:00+00:00, run_after=2024-05-23 00:00:00+00:00
[2024-05-23T19:29:50.180+0000] {processor.py:183} INFO - Processing /home/airflow/.local/lib/python3.12/site-packages/airflow/example_dags/example_short_circuit_operator.py took 0.601 seconds
[2024-05-23T19:30:20.866+0000] {processor.py:161} INFO - Started process (PID=509) to work on /home/airflow/.local/lib/python3.12/site-packages/airflow/example_dags/example_short_circuit_operator.py
[2024-05-23T19:30:20.868+0000] {processor.py:830} INFO - Processing file /home/airflow/.local/lib/python3.12/site-packages/airflow/example_dags/example_short_circuit_operator.py for tasks to queue
[2024-05-23T19:30:20.873+0000] {logging_mixin.py:188} INFO - [2024-05-23T19:30:20.872+0000] {dagbag.py:545} INFO - Filling up the DagBag from /home/airflow/.local/lib/python3.12/site-packages/airflow/example_dags/example_short_circuit_operator.py
[2024-05-23T19:30:20.892+0000] {processor.py:840} INFO - DAG(s) 'example_short_circuit_operator' retrieved from /home/airflow/.local/lib/python3.12/site-packages/airflow/example_dags/example_short_circuit_operator.py
[2024-05-23T19:30:20.954+0000] {logging_mixin.py:188} INFO - [2024-05-23T19:30:20.953+0000] {dag.py:3096} INFO - Sync 1 DAGs
[2024-05-23T19:30:21.015+0000] {logging_mixin.py:188} INFO - [2024-05-23T19:30:21.015+0000] {dag.py:3954} INFO - Setting next_dagrun for example_short_circuit_operator to 2024-05-22 00:00:00+00:00, run_after=2024-05-23 00:00:00+00:00
[2024-05-23T19:30:21.059+0000] {processor.py:183} INFO - Processing /home/airflow/.local/lib/python3.12/site-packages/airflow/example_dags/example_short_circuit_operator.py took 0.208 seconds
[2024-05-23T19:30:51.256+0000] {processor.py:161} INFO - Started process (PID=771) to work on /home/airflow/.local/lib/python3.12/site-packages/airflow/example_dags/example_short_circuit_operator.py
[2024-05-23T19:30:51.259+0000] {processor.py:830} INFO - Processing file /home/airflow/.local/lib/python3.12/site-packages/airflow/example_dags/example_short_circuit_operator.py for tasks to queue
[2024-05-23T19:30:51.262+0000] {logging_mixin.py:188} INFO - [2024-05-23T19:30:51.261+0000] {dagbag.py:545} INFO - Filling up the DagBag from /home/airflow/.local/lib/python3.12/site-packages/airflow/example_dags/example_short_circuit_operator.py
[2024-05-23T19:30:51.275+0000] {processor.py:840} INFO - DAG(s) 'example_short_circuit_operator' retrieved from /home/airflow/.local/lib/python3.12/site-packages/airflow/example_dags/example_short_circuit_operator.py
[2024-05-23T19:30:51.317+0000] {logging_mixin.py:188} INFO - [2024-05-23T19:30:51.316+0000] {dag.py:3096} INFO - Sync 1 DAGs
[2024-05-23T19:30:51.358+0000] {logging_mixin.py:188} INFO - [2024-05-23T19:30:51.358+0000] {dag.py:3954} INFO - Setting next_dagrun for example_short_circuit_operator to 2024-05-22 00:00:00+00:00, run_after=2024-05-23 00:00:00+00:00
[2024-05-23T19:30:51.393+0000] {processor.py:183} INFO - Processing /home/airflow/.local/lib/python3.12/site-packages/airflow/example_dags/example_short_circuit_operator.py took 0.147 seconds
[2024-05-23T19:31:21.495+0000] {processor.py:161} INFO - Started process (PID=1033) to work on /home/airflow/.local/lib/python3.12/site-packages/airflow/example_dags/example_short_circuit_operator.py
[2024-05-23T19:31:21.497+0000] {processor.py:830} INFO - Processing file /home/airflow/.local/lib/python3.12/site-packages/airflow/example_dags/example_short_circuit_operator.py for tasks to queue
[2024-05-23T19:31:21.500+0000] {logging_mixin.py:188} INFO - [2024-05-23T19:31:21.499+0000] {dagbag.py:545} INFO - Filling up the DagBag from /home/airflow/.local/lib/python3.12/site-packages/airflow/example_dags/example_short_circuit_operator.py
[2024-05-23T19:31:21.512+0000] {processor.py:840} INFO - DAG(s) 'example_short_circuit_operator' retrieved from /home/airflow/.local/lib/python3.12/site-packages/airflow/example_dags/example_short_circuit_operator.py
[2024-05-23T19:31:21.550+0000] {logging_mixin.py:188} INFO - [2024-05-23T19:31:21.550+0000] {dag.py:3096} INFO - Sync 1 DAGs
[2024-05-23T19:31:21.584+0000] {logging_mixin.py:188} INFO - [2024-05-23T19:31:21.584+0000] {dag.py:3954} INFO - Setting next_dagrun for example_short_circuit_operator to 2024-05-22 00:00:00+00:00, run_after=2024-05-23 00:00:00+00:00
[2024-05-23T19:31:21.612+0000] {processor.py:183} INFO - Processing /home/airflow/.local/lib/python3.12/site-packages/airflow/example_dags/example_short_circuit_operator.py took 0.126 seconds
[2024-05-23T19:31:51.758+0000] {processor.py:161} INFO - Started process (PID=1295) to work on /home/airflow/.local/lib/python3.12/site-packages/airflow/example_dags/example_short_circuit_operator.py
[2024-05-23T19:31:51.759+0000] {processor.py:830} INFO - Processing file /home/airflow/.local/lib/python3.12/site-packages/airflow/example_dags/example_short_circuit_operator.py for tasks to queue
[2024-05-23T19:31:51.762+0000] {logging_mixin.py:188} INFO - [2024-05-23T19:31:51.762+0000] {dagbag.py:545} INFO - Filling up the DagBag from /home/airflow/.local/lib/python3.12/site-packages/airflow/example_dags/example_short_circuit_operator.py
[2024-05-23T19:31:51.773+0000] {processor.py:840} INFO - DAG(s) 'example_short_circuit_operator' retrieved from /home/airflow/.local/lib/python3.12/site-packages/airflow/example_dags/example_short_circuit_operator.py
[2024-05-23T19:31:51.809+0000] {logging_mixin.py:188} INFO - [2024-05-23T19:31:51.809+0000] {dag.py:3096} INFO - Sync 1 DAGs
[2024-05-23T19:31:51.845+0000] {logging_mixin.py:188} INFO - [2024-05-23T19:31:51.844+0000] {dag.py:3954} INFO - Setting next_dagrun for example_short_circuit_operator to 2024-05-22 00:00:00+00:00, run_after=2024-05-23 00:00:00+00:00
[2024-05-23T19:31:51.872+0000] {processor.py:183} INFO - Processing /home/airflow/.local/lib/python3.12/site-packages/airflow/example_dags/example_short_circuit_operator.py took 0.124 seconds
[2024-05-23T19:32:22.268+0000] {processor.py:161} INFO - Started process (PID=1557) to work on /home/airflow/.local/lib/python3.12/site-packages/airflow/example_dags/example_short_circuit_operator.py
[2024-05-23T19:32:22.270+0000] {processor.py:830} INFO - Processing file /home/airflow/.local/lib/python3.12/site-packages/airflow/example_dags/example_short_circuit_operator.py for tasks to queue
[2024-05-23T19:32:22.275+0000] {logging_mixin.py:188} INFO - [2024-05-23T19:32:22.275+0000] {dagbag.py:545} INFO - Filling up the DagBag from /home/airflow/.local/lib/python3.12/site-packages/airflow/example_dags/example_short_circuit_operator.py
[2024-05-23T19:32:22.290+0000] {processor.py:840} INFO - DAG(s) 'example_short_circuit_operator' retrieved from /home/airflow/.local/lib/python3.12/site-packages/airflow/example_dags/example_short_circuit_operator.py
[2024-05-23T19:32:22.341+0000] {logging_mixin.py:188} INFO - [2024-05-23T19:32:22.340+0000] {dag.py:3096} INFO - Sync 1 DAGs
[2024-05-23T19:32:22.392+0000] {logging_mixin.py:188} INFO - [2024-05-23T19:32:22.392+0000] {dag.py:3954} INFO - Setting next_dagrun for example_short_circuit_operator to 2024-05-22 00:00:00+00:00, run_after=2024-05-23 00:00:00+00:00
[2024-05-23T19:32:22.428+0000] {processor.py:183} INFO - Processing /home/airflow/.local/lib/python3.12/site-packages/airflow/example_dags/example_short_circuit_operator.py took 0.171 seconds
[2024-05-23T19:32:53.380+0000] {processor.py:161} INFO - Started process (PID=1819) to work on /home/airflow/.local/lib/python3.12/site-packages/airflow/example_dags/example_short_circuit_operator.py
[2024-05-23T19:32:53.381+0000] {processor.py:830} INFO - Processing file /home/airflow/.local/lib/python3.12/site-packages/airflow/example_dags/example_short_circuit_operator.py for tasks to queue
[2024-05-23T19:32:53.385+0000] {logging_mixin.py:188} INFO - [2024-05-23T19:32:53.384+0000] {dagbag.py:545} INFO - Filling up the DagBag from /home/airflow/.local/lib/python3.12/site-packages/airflow/example_dags/example_short_circuit_operator.py
[2024-05-23T19:32:53.397+0000] {processor.py:840} INFO - DAG(s) 'example_short_circuit_operator' retrieved from /home/airflow/.local/lib/python3.12/site-packages/airflow/example_dags/example_short_circuit_operator.py
[2024-05-23T19:32:53.435+0000] {logging_mixin.py:188} INFO - [2024-05-23T19:32:53.435+0000] {dag.py:3096} INFO - Sync 1 DAGs
[2024-05-23T19:32:53.470+0000] {logging_mixin.py:188} INFO - [2024-05-23T19:32:53.470+0000] {dag.py:3954} INFO - Setting next_dagrun for example_short_circuit_operator to 2024-05-22 00:00:00+00:00, run_after=2024-05-23 00:00:00+00:00
[2024-05-23T19:32:53.501+0000] {processor.py:183} INFO - Processing /home/airflow/.local/lib/python3.12/site-packages/airflow/example_dags/example_short_circuit_operator.py took 0.131 seconds
[2024-05-23T19:33:23.948+0000] {processor.py:161} INFO - Started process (PID=2081) to work on /home/airflow/.local/lib/python3.12/site-packages/airflow/example_dags/example_short_circuit_operator.py
[2024-05-23T19:33:23.950+0000] {processor.py:830} INFO - Processing file /home/airflow/.local/lib/python3.12/site-packages/airflow/example_dags/example_short_circuit_operator.py for tasks to queue
[2024-05-23T19:33:23.953+0000] {logging_mixin.py:188} INFO - [2024-05-23T19:33:23.952+0000] {dagbag.py:545} INFO - Filling up the DagBag from /home/airflow/.local/lib/python3.12/site-packages/airflow/example_dags/example_short_circuit_operator.py
[2024-05-23T19:33:23.964+0000] {processor.py:840} INFO - DAG(s) 'example_short_circuit_operator' retrieved from /home/airflow/.local/lib/python3.12/site-packages/airflow/example_dags/example_short_circuit_operator.py
[2024-05-23T19:33:24.001+0000] {logging_mixin.py:188} INFO - [2024-05-23T19:33:24.001+0000] {dag.py:3096} INFO - Sync 1 DAGs
[2024-05-23T19:33:24.034+0000] {logging_mixin.py:188} INFO - [2024-05-23T19:33:24.034+0000] {dag.py:3954} INFO - Setting next_dagrun for example_short_circuit_operator to 2024-05-22 00:00:00+00:00, run_after=2024-05-23 00:00:00+00:00
[2024-05-23T19:33:24.062+0000] {processor.py:183} INFO - Processing /home/airflow/.local/lib/python3.12/site-packages/airflow/example_dags/example_short_circuit_operator.py took 0.123 seconds
[2024-05-23T19:33:54.368+0000] {processor.py:161} INFO - Started process (PID=2343) to work on /home/airflow/.local/lib/python3.12/site-packages/airflow/example_dags/example_short_circuit_operator.py
[2024-05-23T19:33:54.370+0000] {processor.py:830} INFO - Processing file /home/airflow/.local/lib/python3.12/site-packages/airflow/example_dags/example_short_circuit_operator.py for tasks to queue
[2024-05-23T19:33:54.373+0000] {logging_mixin.py:188} INFO - [2024-05-23T19:33:54.372+0000] {dagbag.py:545} INFO - Filling up the DagBag from /home/airflow/.local/lib/python3.12/site-packages/airflow/example_dags/example_short_circuit_operator.py
[2024-05-23T19:33:54.386+0000] {processor.py:840} INFO - DAG(s) 'example_short_circuit_operator' retrieved from /home/airflow/.local/lib/python3.12/site-packages/airflow/example_dags/example_short_circuit_operator.py
[2024-05-23T19:33:54.430+0000] {logging_mixin.py:188} INFO - [2024-05-23T19:33:54.430+0000] {dag.py:3096} INFO - Sync 1 DAGs
[2024-05-23T19:33:54.469+0000] {logging_mixin.py:188} INFO - [2024-05-23T19:33:54.469+0000] {dag.py:3954} INFO - Setting next_dagrun for example_short_circuit_operator to 2024-05-22 00:00:00+00:00, run_after=2024-05-23 00:00:00+00:00
[2024-05-23T19:33:54.500+0000] {processor.py:183} INFO - Processing /home/airflow/.local/lib/python3.12/site-packages/airflow/example_dags/example_short_circuit_operator.py took 0.143 seconds
[2024-05-23T19:34:25.177+0000] {processor.py:161} INFO - Started process (PID=2604) to work on /home/airflow/.local/lib/python3.12/site-packages/airflow/example_dags/example_short_circuit_operator.py
[2024-05-23T19:34:25.179+0000] {processor.py:830} INFO - Processing file /home/airflow/.local/lib/python3.12/site-packages/airflow/example_dags/example_short_circuit_operator.py for tasks to queue
[2024-05-23T19:34:25.182+0000] {logging_mixin.py:188} INFO - [2024-05-23T19:34:25.182+0000] {dagbag.py:545} INFO - Filling up the DagBag from /home/airflow/.local/lib/python3.12/site-packages/airflow/example_dags/example_short_circuit_operator.py
[2024-05-23T19:34:25.194+0000] {processor.py:840} INFO - DAG(s) 'example_short_circuit_operator' retrieved from /home/airflow/.local/lib/python3.12/site-packages/airflow/example_dags/example_short_circuit_operator.py
[2024-05-23T19:34:25.238+0000] {logging_mixin.py:188} INFO - [2024-05-23T19:34:25.238+0000] {dag.py:3096} INFO - Sync 1 DAGs
[2024-05-23T19:34:25.276+0000] {logging_mixin.py:188} INFO - [2024-05-23T19:34:25.276+0000] {dag.py:3954} INFO - Setting next_dagrun for example_short_circuit_operator to 2024-05-22 00:00:00+00:00, run_after=2024-05-23 00:00:00+00:00
[2024-05-23T19:34:25.309+0000] {processor.py:183} INFO - Processing /home/airflow/.local/lib/python3.12/site-packages/airflow/example_dags/example_short_circuit_operator.py took 0.141 seconds
[2024-05-23T19:34:55.738+0000] {processor.py:161} INFO - Started process (PID=2881) to work on /home/airflow/.local/lib/python3.12/site-packages/airflow/example_dags/example_short_circuit_operator.py
[2024-05-23T19:34:55.743+0000] {processor.py:830} INFO - Processing file /home/airflow/.local/lib/python3.12/site-packages/airflow/example_dags/example_short_circuit_operator.py for tasks to queue
[2024-05-23T19:34:55.754+0000] {logging_mixin.py:188} INFO - [2024-05-23T19:34:55.752+0000] {dagbag.py:545} INFO - Filling up the DagBag from /home/airflow/.local/lib/python3.12/site-packages/airflow/example_dags/example_short_circuit_operator.py
[2024-05-23T19:34:55.797+0000] {processor.py:840} INFO - DAG(s) 'example_short_circuit_operator' retrieved from /home/airflow/.local/lib/python3.12/site-packages/airflow/example_dags/example_short_circuit_operator.py
[2024-05-23T19:34:55.871+0000] {logging_mixin.py:188} INFO - [2024-05-23T19:34:55.871+0000] {dag.py:3096} INFO - Sync 1 DAGs
[2024-05-23T19:34:55.926+0000] {logging_mixin.py:188} INFO - [2024-05-23T19:34:55.926+0000] {dag.py:3954} INFO - Setting next_dagrun for example_short_circuit_operator to 2024-05-22 00:00:00+00:00, run_after=2024-05-23 00:00:00+00:00
[2024-05-23T19:34:55.975+0000] {processor.py:183} INFO - Processing /home/airflow/.local/lib/python3.12/site-packages/airflow/example_dags/example_short_circuit_operator.py took 0.267 seconds
[2024-05-23T19:35:26.170+0000] {processor.py:161} INFO - Started process (PID=3153) to work on /home/airflow/.local/lib/python3.12/site-packages/airflow/example_dags/example_short_circuit_operator.py
[2024-05-23T19:35:26.172+0000] {processor.py:830} INFO - Processing file /home/airflow/.local/lib/python3.12/site-packages/airflow/example_dags/example_short_circuit_operator.py for tasks to queue
[2024-05-23T19:35:26.176+0000] {logging_mixin.py:188} INFO - [2024-05-23T19:35:26.175+0000] {dagbag.py:545} INFO - Filling up the DagBag from /home/airflow/.local/lib/python3.12/site-packages/airflow/example_dags/example_short_circuit_operator.py
[2024-05-23T19:35:26.188+0000] {processor.py:840} INFO - DAG(s) 'example_short_circuit_operator' retrieved from /home/airflow/.local/lib/python3.12/site-packages/airflow/example_dags/example_short_circuit_operator.py
[2024-05-23T19:35:26.230+0000] {logging_mixin.py:188} INFO - [2024-05-23T19:35:26.229+0000] {dag.py:3096} INFO - Sync 1 DAGs
[2024-05-23T19:35:26.267+0000] {logging_mixin.py:188} INFO - [2024-05-23T19:35:26.267+0000] {dag.py:3954} INFO - Setting next_dagrun for example_short_circuit_operator to 2024-05-22 00:00:00+00:00, run_after=2024-05-23 00:00:00+00:00
[2024-05-23T19:35:26.300+0000] {processor.py:183} INFO - Processing /home/airflow/.local/lib/python3.12/site-packages/airflow/example_dags/example_short_circuit_operator.py took 0.140 seconds
[2024-05-23T19:35:56.377+0000] {processor.py:161} INFO - Started process (PID=3415) to work on /home/airflow/.local/lib/python3.12/site-packages/airflow/example_dags/example_short_circuit_operator.py
[2024-05-23T19:35:56.382+0000] {processor.py:830} INFO - Processing file /home/airflow/.local/lib/python3.12/site-packages/airflow/example_dags/example_short_circuit_operator.py for tasks to queue
[2024-05-23T19:35:56.384+0000] {logging_mixin.py:188} INFO - [2024-05-23T19:35:56.384+0000] {dagbag.py:545} INFO - Filling up the DagBag from /home/airflow/.local/lib/python3.12/site-packages/airflow/example_dags/example_short_circuit_operator.py
[2024-05-23T19:35:56.396+0000] {processor.py:840} INFO - DAG(s) 'example_short_circuit_operator' retrieved from /home/airflow/.local/lib/python3.12/site-packages/airflow/example_dags/example_short_circuit_operator.py
[2024-05-23T19:35:56.432+0000] {logging_mixin.py:188} INFO - [2024-05-23T19:35:56.432+0000] {dag.py:3096} INFO - Sync 1 DAGs
[2024-05-23T19:35:56.468+0000] {logging_mixin.py:188} INFO - [2024-05-23T19:35:56.468+0000] {dag.py:3954} INFO - Setting next_dagrun for example_short_circuit_operator to 2024-05-22 00:00:00+00:00, run_after=2024-05-23 00:00:00+00:00
[2024-05-23T19:35:56.497+0000] {processor.py:183} INFO - Processing /home/airflow/.local/lib/python3.12/site-packages/airflow/example_dags/example_short_circuit_operator.py took 0.131 seconds
[2024-05-23T19:36:26.781+0000] {processor.py:161} INFO - Started process (PID=3677) to work on /home/airflow/.local/lib/python3.12/site-packages/airflow/example_dags/example_short_circuit_operator.py
[2024-05-23T19:36:26.782+0000] {processor.py:830} INFO - Processing file /home/airflow/.local/lib/python3.12/site-packages/airflow/example_dags/example_short_circuit_operator.py for tasks to queue
[2024-05-23T19:36:26.785+0000] {logging_mixin.py:188} INFO - [2024-05-23T19:36:26.784+0000] {dagbag.py:545} INFO - Filling up the DagBag from /home/airflow/.local/lib/python3.12/site-packages/airflow/example_dags/example_short_circuit_operator.py
[2024-05-23T19:36:26.799+0000] {processor.py:840} INFO - DAG(s) 'example_short_circuit_operator' retrieved from /home/airflow/.local/lib/python3.12/site-packages/airflow/example_dags/example_short_circuit_operator.py
[2024-05-23T19:36:26.831+0000] {logging_mixin.py:188} INFO - [2024-05-23T19:36:26.830+0000] {dag.py:3096} INFO - Sync 1 DAGs
[2024-05-23T19:36:26.865+0000] {logging_mixin.py:188} INFO - [2024-05-23T19:36:26.865+0000] {dag.py:3954} INFO - Setting next_dagrun for example_short_circuit_operator to 2024-05-22 00:00:00+00:00, run_after=2024-05-23 00:00:00+00:00
[2024-05-23T19:36:26.886+0000] {processor.py:183} INFO - Processing /home/airflow/.local/lib/python3.12/site-packages/airflow/example_dags/example_short_circuit_operator.py took 0.112 seconds
[2024-05-23T19:36:57.037+0000] {processor.py:161} INFO - Started process (PID=3939) to work on /home/airflow/.local/lib/python3.12/site-packages/airflow/example_dags/example_short_circuit_operator.py
[2024-05-23T19:36:57.038+0000] {processor.py:830} INFO - Processing file /home/airflow/.local/lib/python3.12/site-packages/airflow/example_dags/example_short_circuit_operator.py for tasks to queue
[2024-05-23T19:36:57.041+0000] {logging_mixin.py:188} INFO - [2024-05-23T19:36:57.041+0000] {dagbag.py:545} INFO - Filling up the DagBag from /home/airflow/.local/lib/python3.12/site-packages/airflow/example_dags/example_short_circuit_operator.py
[2024-05-23T19:36:57.053+0000] {processor.py:840} INFO - DAG(s) 'example_short_circuit_operator' retrieved from /home/airflow/.local/lib/python3.12/site-packages/airflow/example_dags/example_short_circuit_operator.py
[2024-05-23T19:36:57.089+0000] {logging_mixin.py:188} INFO - [2024-05-23T19:36:57.089+0000] {dag.py:3096} INFO - Sync 1 DAGs
[2024-05-23T19:36:57.126+0000] {logging_mixin.py:188} INFO - [2024-05-23T19:36:57.126+0000] {dag.py:3954} INFO - Setting next_dagrun for example_short_circuit_operator to 2024-05-22 00:00:00+00:00, run_after=2024-05-23 00:00:00+00:00
[2024-05-23T19:36:57.162+0000] {processor.py:183} INFO - Processing /home/airflow/.local/lib/python3.12/site-packages/airflow/example_dags/example_short_circuit_operator.py took 0.134 seconds
[2024-05-23T19:37:27.297+0000] {processor.py:161} INFO - Started process (PID=4201) to work on /home/airflow/.local/lib/python3.12/site-packages/airflow/example_dags/example_short_circuit_operator.py
[2024-05-23T19:37:27.298+0000] {processor.py:830} INFO - Processing file /home/airflow/.local/lib/python3.12/site-packages/airflow/example_dags/example_short_circuit_operator.py for tasks to queue
[2024-05-23T19:37:27.302+0000] {logging_mixin.py:188} INFO - [2024-05-23T19:37:27.301+0000] {dagbag.py:545} INFO - Filling up the DagBag from /home/airflow/.local/lib/python3.12/site-packages/airflow/example_dags/example_short_circuit_operator.py
[2024-05-23T19:37:27.314+0000] {processor.py:840} INFO - DAG(s) 'example_short_circuit_operator' retrieved from /home/airflow/.local/lib/python3.12/site-packages/airflow/example_dags/example_short_circuit_operator.py
[2024-05-23T19:37:27.356+0000] {logging_mixin.py:188} INFO - [2024-05-23T19:37:27.356+0000] {dag.py:3096} INFO - Sync 1 DAGs
[2024-05-23T19:37:27.395+0000] {logging_mixin.py:188} INFO - [2024-05-23T19:37:27.395+0000] {dag.py:3954} INFO - Setting next_dagrun for example_short_circuit_operator to 2024-05-22 00:00:00+00:00, run_after=2024-05-23 00:00:00+00:00
[2024-05-23T19:37:27.426+0000] {processor.py:183} INFO - Processing /home/airflow/.local/lib/python3.12/site-packages/airflow/example_dags/example_short_circuit_operator.py took 0.140 seconds
[2024-05-23T19:37:57.607+0000] {processor.py:161} INFO - Started process (PID=4463) to work on /home/airflow/.local/lib/python3.12/site-packages/airflow/example_dags/example_short_circuit_operator.py
[2024-05-23T19:37:57.608+0000] {processor.py:830} INFO - Processing file /home/airflow/.local/lib/python3.12/site-packages/airflow/example_dags/example_short_circuit_operator.py for tasks to queue
[2024-05-23T19:37:57.612+0000] {logging_mixin.py:188} INFO - [2024-05-23T19:37:57.611+0000] {dagbag.py:545} INFO - Filling up the DagBag from /home/airflow/.local/lib/python3.12/site-packages/airflow/example_dags/example_short_circuit_operator.py
[2024-05-23T19:37:57.623+0000] {processor.py:840} INFO - DAG(s) 'example_short_circuit_operator' retrieved from /home/airflow/.local/lib/python3.12/site-packages/airflow/example_dags/example_short_circuit_operator.py
[2024-05-23T19:37:57.658+0000] {logging_mixin.py:188} INFO - [2024-05-23T19:37:57.658+0000] {dag.py:3096} INFO - Sync 1 DAGs
[2024-05-23T19:37:57.692+0000] {logging_mixin.py:188} INFO - [2024-05-23T19:37:57.692+0000] {dag.py:3954} INFO - Setting next_dagrun for example_short_circuit_operator to 2024-05-22 00:00:00+00:00, run_after=2024-05-23 00:00:00+00:00
[2024-05-23T19:37:57.719+0000] {processor.py:183} INFO - Processing /home/airflow/.local/lib/python3.12/site-packages/airflow/example_dags/example_short_circuit_operator.py took 0.120 seconds
[2024-05-23T19:38:28.013+0000] {processor.py:161} INFO - Started process (PID=4725) to work on /home/airflow/.local/lib/python3.12/site-packages/airflow/example_dags/example_short_circuit_operator.py
[2024-05-23T19:38:28.015+0000] {processor.py:830} INFO - Processing file /home/airflow/.local/lib/python3.12/site-packages/airflow/example_dags/example_short_circuit_operator.py for tasks to queue
[2024-05-23T19:38:28.017+0000] {logging_mixin.py:188} INFO - [2024-05-23T19:38:28.017+0000] {dagbag.py:545} INFO - Filling up the DagBag from /home/airflow/.local/lib/python3.12/site-packages/airflow/example_dags/example_short_circuit_operator.py
[2024-05-23T19:38:28.028+0000] {processor.py:840} INFO - DAG(s) 'example_short_circuit_operator' retrieved from /home/airflow/.local/lib/python3.12/site-packages/airflow/example_dags/example_short_circuit_operator.py
[2024-05-23T19:38:28.064+0000] {logging_mixin.py:188} INFO - [2024-05-23T19:38:28.064+0000] {dag.py:3096} INFO - Sync 1 DAGs
[2024-05-23T19:38:28.098+0000] {logging_mixin.py:188} INFO - [2024-05-23T19:38:28.098+0000] {dag.py:3954} INFO - Setting next_dagrun for example_short_circuit_operator to 2024-05-22 00:00:00+00:00, run_after=2024-05-23 00:00:00+00:00
[2024-05-23T19:38:28.125+0000] {processor.py:183} INFO - Processing /home/airflow/.local/lib/python3.12/site-packages/airflow/example_dags/example_short_circuit_operator.py took 0.120 seconds
[2024-05-23T19:38:58.446+0000] {processor.py:161} INFO - Started process (PID=4987) to work on /home/airflow/.local/lib/python3.12/site-packages/airflow/example_dags/example_short_circuit_operator.py
[2024-05-23T19:38:58.451+0000] {processor.py:830} INFO - Processing file /home/airflow/.local/lib/python3.12/site-packages/airflow/example_dags/example_short_circuit_operator.py for tasks to queue
[2024-05-23T19:38:58.454+0000] {logging_mixin.py:188} INFO - [2024-05-23T19:38:58.454+0000] {dagbag.py:545} INFO - Filling up the DagBag from /home/airflow/.local/lib/python3.12/site-packages/airflow/example_dags/example_short_circuit_operator.py
[2024-05-23T19:38:58.468+0000] {processor.py:840} INFO - DAG(s) 'example_short_circuit_operator' retrieved from /home/airflow/.local/lib/python3.12/site-packages/airflow/example_dags/example_short_circuit_operator.py
[2024-05-23T19:38:58.505+0000] {logging_mixin.py:188} INFO - [2024-05-23T19:38:58.504+0000] {dag.py:3096} INFO - Sync 1 DAGs
[2024-05-23T19:38:58.543+0000] {logging_mixin.py:188} INFO - [2024-05-23T19:38:58.543+0000] {dag.py:3954} INFO - Setting next_dagrun for example_short_circuit_operator to 2024-05-22 00:00:00+00:00, run_after=2024-05-23 00:00:00+00:00
[2024-05-23T19:38:58.570+0000] {processor.py:183} INFO - Processing /home/airflow/.local/lib/python3.12/site-packages/airflow/example_dags/example_short_circuit_operator.py took 0.134 seconds
[2024-05-23T19:39:29.163+0000] {processor.py:161} INFO - Started process (PID=5249) to work on /home/airflow/.local/lib/python3.12/site-packages/airflow/example_dags/example_short_circuit_operator.py
[2024-05-23T19:39:29.165+0000] {processor.py:830} INFO - Processing file /home/airflow/.local/lib/python3.12/site-packages/airflow/example_dags/example_short_circuit_operator.py for tasks to queue
[2024-05-23T19:39:29.168+0000] {logging_mixin.py:188} INFO - [2024-05-23T19:39:29.167+0000] {dagbag.py:545} INFO - Filling up the DagBag from /home/airflow/.local/lib/python3.12/site-packages/airflow/example_dags/example_short_circuit_operator.py
[2024-05-23T19:39:29.180+0000] {processor.py:840} INFO - DAG(s) 'example_short_circuit_operator' retrieved from /home/airflow/.local/lib/python3.12/site-packages/airflow/example_dags/example_short_circuit_operator.py
[2024-05-23T19:39:29.218+0000] {logging_mixin.py:188} INFO - [2024-05-23T19:39:29.217+0000] {dag.py:3096} INFO - Sync 1 DAGs
[2024-05-23T19:39:29.251+0000] {logging_mixin.py:188} INFO - [2024-05-23T19:39:29.250+0000] {dag.py:3954} INFO - Setting next_dagrun for example_short_circuit_operator to 2024-05-22 00:00:00+00:00, run_after=2024-05-23 00:00:00+00:00
[2024-05-23T19:39:29.280+0000] {processor.py:183} INFO - Processing /home/airflow/.local/lib/python3.12/site-packages/airflow/example_dags/example_short_circuit_operator.py took 0.127 seconds
[2024-05-23T19:39:59.692+0000] {processor.py:161} INFO - Started process (PID=5511) to work on /home/airflow/.local/lib/python3.12/site-packages/airflow/example_dags/example_short_circuit_operator.py
[2024-05-23T19:39:59.693+0000] {processor.py:830} INFO - Processing file /home/airflow/.local/lib/python3.12/site-packages/airflow/example_dags/example_short_circuit_operator.py for tasks to queue
[2024-05-23T19:39:59.696+0000] {logging_mixin.py:188} INFO - [2024-05-23T19:39:59.696+0000] {dagbag.py:545} INFO - Filling up the DagBag from /home/airflow/.local/lib/python3.12/site-packages/airflow/example_dags/example_short_circuit_operator.py
[2024-05-23T19:39:59.709+0000] {processor.py:840} INFO - DAG(s) 'example_short_circuit_operator' retrieved from /home/airflow/.local/lib/python3.12/site-packages/airflow/example_dags/example_short_circuit_operator.py
[2024-05-23T19:39:59.746+0000] {logging_mixin.py:188} INFO - [2024-05-23T19:39:59.746+0000] {dag.py:3096} INFO - Sync 1 DAGs
[2024-05-23T19:39:59.778+0000] {logging_mixin.py:188} INFO - [2024-05-23T19:39:59.778+0000] {dag.py:3954} INFO - Setting next_dagrun for example_short_circuit_operator to 2024-05-22 00:00:00+00:00, run_after=2024-05-23 00:00:00+00:00
[2024-05-23T19:39:59.805+0000] {processor.py:183} INFO - Processing /home/airflow/.local/lib/python3.12/site-packages/airflow/example_dags/example_short_circuit_operator.py took 0.123 seconds
[2024-05-23T19:40:30.238+0000] {processor.py:161} INFO - Started process (PID=5773) to work on /home/airflow/.local/lib/python3.12/site-packages/airflow/example_dags/example_short_circuit_operator.py
[2024-05-23T19:40:30.239+0000] {processor.py:830} INFO - Processing file /home/airflow/.local/lib/python3.12/site-packages/airflow/example_dags/example_short_circuit_operator.py for tasks to queue
[2024-05-23T19:40:30.242+0000] {logging_mixin.py:188} INFO - [2024-05-23T19:40:30.242+0000] {dagbag.py:545} INFO - Filling up the DagBag from /home/airflow/.local/lib/python3.12/site-packages/airflow/example_dags/example_short_circuit_operator.py
[2024-05-23T19:40:30.255+0000] {processor.py:840} INFO - DAG(s) 'example_short_circuit_operator' retrieved from /home/airflow/.local/lib/python3.12/site-packages/airflow/example_dags/example_short_circuit_operator.py
[2024-05-23T19:40:30.292+0000] {logging_mixin.py:188} INFO - [2024-05-23T19:40:30.291+0000] {dag.py:3096} INFO - Sync 1 DAGs
[2024-05-23T19:40:30.328+0000] {logging_mixin.py:188} INFO - [2024-05-23T19:40:30.327+0000] {dag.py:3954} INFO - Setting next_dagrun for example_short_circuit_operator to 2024-05-22 00:00:00+00:00, run_after=2024-05-23 00:00:00+00:00
[2024-05-23T19:40:30.352+0000] {processor.py:183} INFO - Processing /home/airflow/.local/lib/python3.12/site-packages/airflow/example_dags/example_short_circuit_operator.py took 0.124 seconds
[2024-05-23T19:41:00.576+0000] {processor.py:161} INFO - Started process (PID=6035) to work on /home/airflow/.local/lib/python3.12/site-packages/airflow/example_dags/example_short_circuit_operator.py
[2024-05-23T19:41:00.578+0000] {processor.py:830} INFO - Processing file /home/airflow/.local/lib/python3.12/site-packages/airflow/example_dags/example_short_circuit_operator.py for tasks to queue
[2024-05-23T19:41:00.580+0000] {logging_mixin.py:188} INFO - [2024-05-23T19:41:00.580+0000] {dagbag.py:545} INFO - Filling up the DagBag from /home/airflow/.local/lib/python3.12/site-packages/airflow/example_dags/example_short_circuit_operator.py
[2024-05-23T19:41:00.594+0000] {processor.py:840} INFO - DAG(s) 'example_short_circuit_operator' retrieved from /home/airflow/.local/lib/python3.12/site-packages/airflow/example_dags/example_short_circuit_operator.py
[2024-05-23T19:41:00.630+0000] {logging_mixin.py:188} INFO - [2024-05-23T19:41:00.629+0000] {dag.py:3096} INFO - Sync 1 DAGs
[2024-05-23T19:41:00.663+0000] {logging_mixin.py:188} INFO - [2024-05-23T19:41:00.662+0000] {dag.py:3954} INFO - Setting next_dagrun for example_short_circuit_operator to 2024-05-22 00:00:00+00:00, run_after=2024-05-23 00:00:00+00:00
[2024-05-23T19:41:00.690+0000] {processor.py:183} INFO - Processing /home/airflow/.local/lib/python3.12/site-packages/airflow/example_dags/example_short_circuit_operator.py took 0.123 seconds
[2024-05-23T19:41:31.216+0000] {processor.py:161} INFO - Started process (PID=6297) to work on /home/airflow/.local/lib/python3.12/site-packages/airflow/example_dags/example_short_circuit_operator.py
[2024-05-23T19:41:31.217+0000] {processor.py:830} INFO - Processing file /home/airflow/.local/lib/python3.12/site-packages/airflow/example_dags/example_short_circuit_operator.py for tasks to queue
[2024-05-23T19:41:31.221+0000] {logging_mixin.py:188} INFO - [2024-05-23T19:41:31.220+0000] {dagbag.py:545} INFO - Filling up the DagBag from /home/airflow/.local/lib/python3.12/site-packages/airflow/example_dags/example_short_circuit_operator.py
[2024-05-23T19:41:31.232+0000] {processor.py:840} INFO - DAG(s) 'example_short_circuit_operator' retrieved from /home/airflow/.local/lib/python3.12/site-packages/airflow/example_dags/example_short_circuit_operator.py
[2024-05-23T19:41:31.268+0000] {logging_mixin.py:188} INFO - [2024-05-23T19:41:31.268+0000] {dag.py:3096} INFO - Sync 1 DAGs
[2024-05-23T19:41:31.304+0000] {logging_mixin.py:188} INFO - [2024-05-23T19:41:31.303+0000] {dag.py:3954} INFO - Setting next_dagrun for example_short_circuit_operator to 2024-05-22 00:00:00+00:00, run_after=2024-05-23 00:00:00+00:00
[2024-05-23T19:41:31.332+0000] {processor.py:183} INFO - Processing /home/airflow/.local/lib/python3.12/site-packages/airflow/example_dags/example_short_circuit_operator.py took 0.125 seconds
[2024-05-23T19:42:01.684+0000] {processor.py:161} INFO - Started process (PID=6558) to work on /home/airflow/.local/lib/python3.12/site-packages/airflow/example_dags/example_short_circuit_operator.py
[2024-05-23T19:42:01.686+0000] {processor.py:830} INFO - Processing file /home/airflow/.local/lib/python3.12/site-packages/airflow/example_dags/example_short_circuit_operator.py for tasks to queue
[2024-05-23T19:42:01.690+0000] {logging_mixin.py:188} INFO - [2024-05-23T19:42:01.689+0000] {dagbag.py:545} INFO - Filling up the DagBag from /home/airflow/.local/lib/python3.12/site-packages/airflow/example_dags/example_short_circuit_operator.py
[2024-05-23T19:42:01.702+0000] {processor.py:840} INFO - DAG(s) 'example_short_circuit_operator' retrieved from /home/airflow/.local/lib/python3.12/site-packages/airflow/example_dags/example_short_circuit_operator.py
[2024-05-23T19:42:01.739+0000] {logging_mixin.py:188} INFO - [2024-05-23T19:42:01.739+0000] {dag.py:3096} INFO - Sync 1 DAGs
[2024-05-23T19:42:01.777+0000] {logging_mixin.py:188} INFO - [2024-05-23T19:42:01.776+0000] {dag.py:3954} INFO - Setting next_dagrun for example_short_circuit_operator to 2024-05-22 00:00:00+00:00, run_after=2024-05-23 00:00:00+00:00
[2024-05-23T19:42:01.813+0000] {processor.py:183} INFO - Processing /home/airflow/.local/lib/python3.12/site-packages/airflow/example_dags/example_short_circuit_operator.py took 0.138 seconds
[2024-05-23T19:42:31.849+0000] {processor.py:161} INFO - Started process (PID=6817) to work on /home/airflow/.local/lib/python3.12/site-packages/airflow/example_dags/example_short_circuit_operator.py
[2024-05-23T19:42:31.851+0000] {processor.py:830} INFO - Processing file /home/airflow/.local/lib/python3.12/site-packages/airflow/example_dags/example_short_circuit_operator.py for tasks to queue
[2024-05-23T19:42:31.854+0000] {logging_mixin.py:188} INFO - [2024-05-23T19:42:31.853+0000] {dagbag.py:545} INFO - Filling up the DagBag from /home/airflow/.local/lib/python3.12/site-packages/airflow/example_dags/example_short_circuit_operator.py
[2024-05-23T19:42:31.865+0000] {processor.py:840} INFO - DAG(s) 'example_short_circuit_operator' retrieved from /home/airflow/.local/lib/python3.12/site-packages/airflow/example_dags/example_short_circuit_operator.py
[2024-05-23T19:42:31.902+0000] {logging_mixin.py:188} INFO - [2024-05-23T19:42:31.902+0000] {dag.py:3096} INFO - Sync 1 DAGs
[2024-05-23T19:42:31.936+0000] {logging_mixin.py:188} INFO - [2024-05-23T19:42:31.935+0000] {dag.py:3954} INFO - Setting next_dagrun for example_short_circuit_operator to 2024-05-22 00:00:00+00:00, run_after=2024-05-23 00:00:00+00:00
[2024-05-23T19:42:31.961+0000] {processor.py:183} INFO - Processing /home/airflow/.local/lib/python3.12/site-packages/airflow/example_dags/example_short_circuit_operator.py took 0.121 seconds
[2024-05-23T19:43:02.223+0000] {processor.py:161} INFO - Started process (PID=7082) to work on /home/airflow/.local/lib/python3.12/site-packages/airflow/example_dags/example_short_circuit_operator.py
[2024-05-23T19:43:02.224+0000] {processor.py:830} INFO - Processing file /home/airflow/.local/lib/python3.12/site-packages/airflow/example_dags/example_short_circuit_operator.py for tasks to queue
[2024-05-23T19:43:02.227+0000] {logging_mixin.py:188} INFO - [2024-05-23T19:43:02.227+0000] {dagbag.py:545} INFO - Filling up the DagBag from /home/airflow/.local/lib/python3.12/site-packages/airflow/example_dags/example_short_circuit_operator.py
[2024-05-23T19:43:02.239+0000] {processor.py:840} INFO - DAG(s) 'example_short_circuit_operator' retrieved from /home/airflow/.local/lib/python3.12/site-packages/airflow/example_dags/example_short_circuit_operator.py
[2024-05-23T19:43:02.274+0000] {logging_mixin.py:188} INFO - [2024-05-23T19:43:02.273+0000] {dag.py:3096} INFO - Sync 1 DAGs
[2024-05-23T19:43:02.305+0000] {logging_mixin.py:188} INFO - [2024-05-23T19:43:02.305+0000] {dag.py:3954} INFO - Setting next_dagrun for example_short_circuit_operator to 2024-05-22 00:00:00+00:00, run_after=2024-05-23 00:00:00+00:00
[2024-05-23T19:43:02.333+0000] {processor.py:183} INFO - Processing /home/airflow/.local/lib/python3.12/site-packages/airflow/example_dags/example_short_circuit_operator.py took 0.118 seconds
[2024-05-23T19:43:32.544+0000] {processor.py:161} INFO - Started process (PID=7344) to work on /home/airflow/.local/lib/python3.12/site-packages/airflow/example_dags/example_short_circuit_operator.py
[2024-05-23T19:43:32.547+0000] {processor.py:830} INFO - Processing file /home/airflow/.local/lib/python3.12/site-packages/airflow/example_dags/example_short_circuit_operator.py for tasks to queue
[2024-05-23T19:43:32.551+0000] {logging_mixin.py:188} INFO - [2024-05-23T19:43:32.550+0000] {dagbag.py:545} INFO - Filling up the DagBag from /home/airflow/.local/lib/python3.12/site-packages/airflow/example_dags/example_short_circuit_operator.py
[2024-05-23T19:43:32.561+0000] {processor.py:840} INFO - DAG(s) 'example_short_circuit_operator' retrieved from /home/airflow/.local/lib/python3.12/site-packages/airflow/example_dags/example_short_circuit_operator.py
[2024-05-23T19:43:32.594+0000] {logging_mixin.py:188} INFO - [2024-05-23T19:43:32.594+0000] {dag.py:3096} INFO - Sync 1 DAGs
[2024-05-23T19:43:32.626+0000] {logging_mixin.py:188} INFO - [2024-05-23T19:43:32.626+0000] {dag.py:3954} INFO - Setting next_dagrun for example_short_circuit_operator to 2024-05-22 00:00:00+00:00, run_after=2024-05-23 00:00:00+00:00
[2024-05-23T19:43:32.653+0000] {processor.py:183} INFO - Processing /home/airflow/.local/lib/python3.12/site-packages/airflow/example_dags/example_short_circuit_operator.py took 0.118 seconds
[2024-05-23T19:44:03.211+0000] {processor.py:161} INFO - Started process (PID=7606) to work on /home/airflow/.local/lib/python3.12/site-packages/airflow/example_dags/example_short_circuit_operator.py
[2024-05-23T19:44:03.212+0000] {processor.py:830} INFO - Processing file /home/airflow/.local/lib/python3.12/site-packages/airflow/example_dags/example_short_circuit_operator.py for tasks to queue
[2024-05-23T19:44:03.218+0000] {logging_mixin.py:188} INFO - [2024-05-23T19:44:03.217+0000] {dagbag.py:545} INFO - Filling up the DagBag from /home/airflow/.local/lib/python3.12/site-packages/airflow/example_dags/example_short_circuit_operator.py
[2024-05-23T19:44:03.228+0000] {processor.py:840} INFO - DAG(s) 'example_short_circuit_operator' retrieved from /home/airflow/.local/lib/python3.12/site-packages/airflow/example_dags/example_short_circuit_operator.py
[2024-05-23T19:44:03.266+0000] {logging_mixin.py:188} INFO - [2024-05-23T19:44:03.266+0000] {dag.py:3096} INFO - Sync 1 DAGs
[2024-05-23T19:44:03.300+0000] {logging_mixin.py:188} INFO - [2024-05-23T19:44:03.300+0000] {dag.py:3954} INFO - Setting next_dagrun for example_short_circuit_operator to 2024-05-22 00:00:00+00:00, run_after=2024-05-23 00:00:00+00:00
[2024-05-23T19:44:03.329+0000] {processor.py:183} INFO - Processing /home/airflow/.local/lib/python3.12/site-packages/airflow/example_dags/example_short_circuit_operator.py took 0.126 seconds
[2024-05-23T19:44:33.527+0000] {processor.py:161} INFO - Started process (PID=7868) to work on /home/airflow/.local/lib/python3.12/site-packages/airflow/example_dags/example_short_circuit_operator.py
[2024-05-23T19:44:33.528+0000] {processor.py:830} INFO - Processing file /home/airflow/.local/lib/python3.12/site-packages/airflow/example_dags/example_short_circuit_operator.py for tasks to queue
[2024-05-23T19:44:33.532+0000] {logging_mixin.py:188} INFO - [2024-05-23T19:44:33.532+0000] {dagbag.py:545} INFO - Filling up the DagBag from /home/airflow/.local/lib/python3.12/site-packages/airflow/example_dags/example_short_circuit_operator.py
[2024-05-23T19:44:33.543+0000] {processor.py:840} INFO - DAG(s) 'example_short_circuit_operator' retrieved from /home/airflow/.local/lib/python3.12/site-packages/airflow/example_dags/example_short_circuit_operator.py
[2024-05-23T19:44:33.578+0000] {logging_mixin.py:188} INFO - [2024-05-23T19:44:33.577+0000] {dag.py:3096} INFO - Sync 1 DAGs
[2024-05-23T19:44:33.611+0000] {logging_mixin.py:188} INFO - [2024-05-23T19:44:33.611+0000] {dag.py:3954} INFO - Setting next_dagrun for example_short_circuit_operator to 2024-05-22 00:00:00+00:00, run_after=2024-05-23 00:00:00+00:00
[2024-05-23T19:44:33.639+0000] {processor.py:183} INFO - Processing /home/airflow/.local/lib/python3.12/site-packages/airflow/example_dags/example_short_circuit_operator.py took 0.120 seconds
[2024-05-23T19:45:04.375+0000] {processor.py:161} INFO - Started process (PID=8124) to work on /home/airflow/.local/lib/python3.12/site-packages/airflow/example_dags/example_short_circuit_operator.py
[2024-05-23T19:45:04.376+0000] {processor.py:830} INFO - Processing file /home/airflow/.local/lib/python3.12/site-packages/airflow/example_dags/example_short_circuit_operator.py for tasks to queue
[2024-05-23T19:45:04.379+0000] {logging_mixin.py:188} INFO - [2024-05-23T19:45:04.378+0000] {dagbag.py:545} INFO - Filling up the DagBag from /home/airflow/.local/lib/python3.12/site-packages/airflow/example_dags/example_short_circuit_operator.py
[2024-05-23T19:45:04.389+0000] {processor.py:840} INFO - DAG(s) 'example_short_circuit_operator' retrieved from /home/airflow/.local/lib/python3.12/site-packages/airflow/example_dags/example_short_circuit_operator.py
[2024-05-23T19:45:04.421+0000] {logging_mixin.py:188} INFO - [2024-05-23T19:45:04.421+0000] {dag.py:3096} INFO - Sync 1 DAGs
[2024-05-23T19:45:04.452+0000] {logging_mixin.py:188} INFO - [2024-05-23T19:45:04.451+0000] {dag.py:3954} INFO - Setting next_dagrun for example_short_circuit_operator to 2024-05-22 00:00:00+00:00, run_after=2024-05-23 00:00:00+00:00
[2024-05-23T19:45:04.476+0000] {processor.py:183} INFO - Processing /home/airflow/.local/lib/python3.12/site-packages/airflow/example_dags/example_short_circuit_operator.py took 0.110 seconds
[2024-05-23T19:45:34.830+0000] {processor.py:161} INFO - Started process (PID=8386) to work on /home/airflow/.local/lib/python3.12/site-packages/airflow/example_dags/example_short_circuit_operator.py
[2024-05-23T19:45:34.831+0000] {processor.py:830} INFO - Processing file /home/airflow/.local/lib/python3.12/site-packages/airflow/example_dags/example_short_circuit_operator.py for tasks to queue
[2024-05-23T19:45:34.834+0000] {logging_mixin.py:188} INFO - [2024-05-23T19:45:34.833+0000] {dagbag.py:545} INFO - Filling up the DagBag from /home/airflow/.local/lib/python3.12/site-packages/airflow/example_dags/example_short_circuit_operator.py
[2024-05-23T19:45:34.843+0000] {processor.py:840} INFO - DAG(s) 'example_short_circuit_operator' retrieved from /home/airflow/.local/lib/python3.12/site-packages/airflow/example_dags/example_short_circuit_operator.py
[2024-05-23T19:45:34.876+0000] {logging_mixin.py:188} INFO - [2024-05-23T19:45:34.876+0000] {dag.py:3096} INFO - Sync 1 DAGs
[2024-05-23T19:45:34.906+0000] {logging_mixin.py:188} INFO - [2024-05-23T19:45:34.905+0000] {dag.py:3954} INFO - Setting next_dagrun for example_short_circuit_operator to 2024-05-22 00:00:00+00:00, run_after=2024-05-23 00:00:00+00:00
[2024-05-23T19:45:34.930+0000] {processor.py:183} INFO - Processing /home/airflow/.local/lib/python3.12/site-packages/airflow/example_dags/example_short_circuit_operator.py took 0.109 seconds
[2024-05-23T19:46:05.075+0000] {processor.py:161} INFO - Started process (PID=8648) to work on /home/airflow/.local/lib/python3.12/site-packages/airflow/example_dags/example_short_circuit_operator.py
[2024-05-23T19:46:05.077+0000] {processor.py:830} INFO - Processing file /home/airflow/.local/lib/python3.12/site-packages/airflow/example_dags/example_short_circuit_operator.py for tasks to queue
[2024-05-23T19:46:05.079+0000] {logging_mixin.py:188} INFO - [2024-05-23T19:46:05.079+0000] {dagbag.py:545} INFO - Filling up the DagBag from /home/airflow/.local/lib/python3.12/site-packages/airflow/example_dags/example_short_circuit_operator.py
[2024-05-23T19:46:05.089+0000] {processor.py:840} INFO - DAG(s) 'example_short_circuit_operator' retrieved from /home/airflow/.local/lib/python3.12/site-packages/airflow/example_dags/example_short_circuit_operator.py
[2024-05-23T19:46:05.121+0000] {logging_mixin.py:188} INFO - [2024-05-23T19:46:05.121+0000] {dag.py:3096} INFO - Sync 1 DAGs
[2024-05-23T19:46:05.151+0000] {logging_mixin.py:188} INFO - [2024-05-23T19:46:05.150+0000] {dag.py:3954} INFO - Setting next_dagrun for example_short_circuit_operator to 2024-05-22 00:00:00+00:00, run_after=2024-05-23 00:00:00+00:00
[2024-05-23T19:46:05.174+0000] {processor.py:183} INFO - Processing /home/airflow/.local/lib/python3.12/site-packages/airflow/example_dags/example_short_circuit_operator.py took 0.107 seconds
[2024-05-23T19:46:35.325+0000] {processor.py:161} INFO - Started process (PID=8910) to work on /home/airflow/.local/lib/python3.12/site-packages/airflow/example_dags/example_short_circuit_operator.py
[2024-05-23T19:46:35.326+0000] {processor.py:830} INFO - Processing file /home/airflow/.local/lib/python3.12/site-packages/airflow/example_dags/example_short_circuit_operator.py for tasks to queue
[2024-05-23T19:46:35.329+0000] {logging_mixin.py:188} INFO - [2024-05-23T19:46:35.328+0000] {dagbag.py:545} INFO - Filling up the DagBag from /home/airflow/.local/lib/python3.12/site-packages/airflow/example_dags/example_short_circuit_operator.py
[2024-05-23T19:46:35.339+0000] {processor.py:840} INFO - DAG(s) 'example_short_circuit_operator' retrieved from /home/airflow/.local/lib/python3.12/site-packages/airflow/example_dags/example_short_circuit_operator.py
[2024-05-23T19:46:35.372+0000] {logging_mixin.py:188} INFO - [2024-05-23T19:46:35.372+0000] {dag.py:3096} INFO - Sync 1 DAGs
[2024-05-23T19:46:35.402+0000] {logging_mixin.py:188} INFO - [2024-05-23T19:46:35.402+0000] {dag.py:3954} INFO - Setting next_dagrun for example_short_circuit_operator to 2024-05-22 00:00:00+00:00, run_after=2024-05-23 00:00:00+00:00
[2024-05-23T19:46:35.427+0000] {processor.py:183} INFO - Processing /home/airflow/.local/lib/python3.12/site-packages/airflow/example_dags/example_short_circuit_operator.py took 0.111 seconds
[2024-05-23T19:47:05.595+0000] {processor.py:161} INFO - Started process (PID=9172) to work on /home/airflow/.local/lib/python3.12/site-packages/airflow/example_dags/example_short_circuit_operator.py
[2024-05-23T19:47:05.596+0000] {processor.py:830} INFO - Processing file /home/airflow/.local/lib/python3.12/site-packages/airflow/example_dags/example_short_circuit_operator.py for tasks to queue
[2024-05-23T19:47:05.599+0000] {logging_mixin.py:188} INFO - [2024-05-23T19:47:05.598+0000] {dagbag.py:545} INFO - Filling up the DagBag from /home/airflow/.local/lib/python3.12/site-packages/airflow/example_dags/example_short_circuit_operator.py
[2024-05-23T19:47:05.609+0000] {processor.py:840} INFO - DAG(s) 'example_short_circuit_operator' retrieved from /home/airflow/.local/lib/python3.12/site-packages/airflow/example_dags/example_short_circuit_operator.py
[2024-05-23T19:47:05.641+0000] {logging_mixin.py:188} INFO - [2024-05-23T19:47:05.641+0000] {dag.py:3096} INFO - Sync 1 DAGs
[2024-05-23T19:47:05.671+0000] {logging_mixin.py:188} INFO - [2024-05-23T19:47:05.670+0000] {dag.py:3954} INFO - Setting next_dagrun for example_short_circuit_operator to 2024-05-22 00:00:00+00:00, run_after=2024-05-23 00:00:00+00:00
[2024-05-23T19:47:05.695+0000] {processor.py:183} INFO - Processing /home/airflow/.local/lib/python3.12/site-packages/airflow/example_dags/example_short_circuit_operator.py took 0.108 seconds
[2024-05-23T19:47:35.761+0000] {processor.py:161} INFO - Started process (PID=9434) to work on /home/airflow/.local/lib/python3.12/site-packages/airflow/example_dags/example_short_circuit_operator.py
[2024-05-23T19:47:35.762+0000] {processor.py:830} INFO - Processing file /home/airflow/.local/lib/python3.12/site-packages/airflow/example_dags/example_short_circuit_operator.py for tasks to queue
[2024-05-23T19:47:35.765+0000] {logging_mixin.py:188} INFO - [2024-05-23T19:47:35.765+0000] {dagbag.py:545} INFO - Filling up the DagBag from /home/airflow/.local/lib/python3.12/site-packages/airflow/example_dags/example_short_circuit_operator.py
[2024-05-23T19:47:35.775+0000] {processor.py:840} INFO - DAG(s) 'example_short_circuit_operator' retrieved from /home/airflow/.local/lib/python3.12/site-packages/airflow/example_dags/example_short_circuit_operator.py
[2024-05-23T19:47:35.809+0000] {logging_mixin.py:188} INFO - [2024-05-23T19:47:35.808+0000] {dag.py:3096} INFO - Sync 1 DAGs
[2024-05-23T19:47:35.840+0000] {logging_mixin.py:188} INFO - [2024-05-23T19:47:35.840+0000] {dag.py:3954} INFO - Setting next_dagrun for example_short_circuit_operator to 2024-05-22 00:00:00+00:00, run_after=2024-05-23 00:00:00+00:00
[2024-05-23T19:47:35.866+0000] {processor.py:183} INFO - Processing /home/airflow/.local/lib/python3.12/site-packages/airflow/example_dags/example_short_circuit_operator.py took 0.113 seconds
[2024-05-23T19:48:06.047+0000] {processor.py:161} INFO - Started process (PID=9696) to work on /home/airflow/.local/lib/python3.12/site-packages/airflow/example_dags/example_short_circuit_operator.py
[2024-05-23T19:48:06.049+0000] {processor.py:830} INFO - Processing file /home/airflow/.local/lib/python3.12/site-packages/airflow/example_dags/example_short_circuit_operator.py for tasks to queue
[2024-05-23T19:48:06.051+0000] {logging_mixin.py:188} INFO - [2024-05-23T19:48:06.051+0000] {dagbag.py:545} INFO - Filling up the DagBag from /home/airflow/.local/lib/python3.12/site-packages/airflow/example_dags/example_short_circuit_operator.py
[2024-05-23T19:48:06.061+0000] {processor.py:840} INFO - DAG(s) 'example_short_circuit_operator' retrieved from /home/airflow/.local/lib/python3.12/site-packages/airflow/example_dags/example_short_circuit_operator.py
[2024-05-23T19:48:06.094+0000] {logging_mixin.py:188} INFO - [2024-05-23T19:48:06.093+0000] {dag.py:3096} INFO - Sync 1 DAGs
[2024-05-23T19:48:06.125+0000] {logging_mixin.py:188} INFO - [2024-05-23T19:48:06.125+0000] {dag.py:3954} INFO - Setting next_dagrun for example_short_circuit_operator to 2024-05-22 00:00:00+00:00, run_after=2024-05-23 00:00:00+00:00
[2024-05-23T19:48:06.297+0000] {processor.py:183} INFO - Processing /home/airflow/.local/lib/python3.12/site-packages/airflow/example_dags/example_short_circuit_operator.py took 0.257 seconds
[2024-05-23T19:48:36.753+0000] {processor.py:161} INFO - Started process (PID=9958) to work on /home/airflow/.local/lib/python3.12/site-packages/airflow/example_dags/example_short_circuit_operator.py
[2024-05-23T19:48:36.755+0000] {processor.py:830} INFO - Processing file /home/airflow/.local/lib/python3.12/site-packages/airflow/example_dags/example_short_circuit_operator.py for tasks to queue
[2024-05-23T19:48:36.758+0000] {logging_mixin.py:188} INFO - [2024-05-23T19:48:36.758+0000] {dagbag.py:545} INFO - Filling up the DagBag from /home/airflow/.local/lib/python3.12/site-packages/airflow/example_dags/example_short_circuit_operator.py
[2024-05-23T19:48:36.771+0000] {processor.py:840} INFO - DAG(s) 'example_short_circuit_operator' retrieved from /home/airflow/.local/lib/python3.12/site-packages/airflow/example_dags/example_short_circuit_operator.py
[2024-05-23T19:48:36.805+0000] {logging_mixin.py:188} INFO - [2024-05-23T19:48:36.804+0000] {dag.py:3096} INFO - Sync 1 DAGs
[2024-05-23T19:48:36.835+0000] {logging_mixin.py:188} INFO - [2024-05-23T19:48:36.835+0000] {dag.py:3954} INFO - Setting next_dagrun for example_short_circuit_operator to 2024-05-22 00:00:00+00:00, run_after=2024-05-23 00:00:00+00:00
[2024-05-23T19:48:36.864+0000] {processor.py:183} INFO - Processing /home/airflow/.local/lib/python3.12/site-packages/airflow/example_dags/example_short_circuit_operator.py took 0.121 seconds
[2024-05-23T19:49:06.992+0000] {processor.py:161} INFO - Started process (PID=10220) to work on /home/airflow/.local/lib/python3.12/site-packages/airflow/example_dags/example_short_circuit_operator.py
[2024-05-23T19:49:06.993+0000] {processor.py:830} INFO - Processing file /home/airflow/.local/lib/python3.12/site-packages/airflow/example_dags/example_short_circuit_operator.py for tasks to queue
[2024-05-23T19:49:06.996+0000] {logging_mixin.py:188} INFO - [2024-05-23T19:49:06.996+0000] {dagbag.py:545} INFO - Filling up the DagBag from /home/airflow/.local/lib/python3.12/site-packages/airflow/example_dags/example_short_circuit_operator.py
[2024-05-23T19:49:07.008+0000] {processor.py:840} INFO - DAG(s) 'example_short_circuit_operator' retrieved from /home/airflow/.local/lib/python3.12/site-packages/airflow/example_dags/example_short_circuit_operator.py
[2024-05-23T19:49:07.043+0000] {logging_mixin.py:188} INFO - [2024-05-23T19:49:07.043+0000] {dag.py:3096} INFO - Sync 1 DAGs
[2024-05-23T19:49:07.075+0000] {logging_mixin.py:188} INFO - [2024-05-23T19:49:07.074+0000] {dag.py:3954} INFO - Setting next_dagrun for example_short_circuit_operator to 2024-05-22 00:00:00+00:00, run_after=2024-05-23 00:00:00+00:00
[2024-05-23T19:49:07.101+0000] {processor.py:183} INFO - Processing /home/airflow/.local/lib/python3.12/site-packages/airflow/example_dags/example_short_circuit_operator.py took 0.118 seconds
[2024-05-23T19:49:37.318+0000] {processor.py:161} INFO - Started process (PID=10482) to work on /home/airflow/.local/lib/python3.12/site-packages/airflow/example_dags/example_short_circuit_operator.py
[2024-05-23T19:49:37.319+0000] {processor.py:830} INFO - Processing file /home/airflow/.local/lib/python3.12/site-packages/airflow/example_dags/example_short_circuit_operator.py for tasks to queue
[2024-05-23T19:49:37.323+0000] {logging_mixin.py:188} INFO - [2024-05-23T19:49:37.323+0000] {dagbag.py:545} INFO - Filling up the DagBag from /home/airflow/.local/lib/python3.12/site-packages/airflow/example_dags/example_short_circuit_operator.py
[2024-05-23T19:49:37.334+0000] {processor.py:840} INFO - DAG(s) 'example_short_circuit_operator' retrieved from /home/airflow/.local/lib/python3.12/site-packages/airflow/example_dags/example_short_circuit_operator.py
[2024-05-23T19:49:37.372+0000] {logging_mixin.py:188} INFO - [2024-05-23T19:49:37.372+0000] {dag.py:3096} INFO - Sync 1 DAGs
[2024-05-23T19:49:37.405+0000] {logging_mixin.py:188} INFO - [2024-05-23T19:49:37.405+0000] {dag.py:3954} INFO - Setting next_dagrun for example_short_circuit_operator to 2024-05-22 00:00:00+00:00, run_after=2024-05-23 00:00:00+00:00
[2024-05-23T19:49:37.432+0000] {processor.py:183} INFO - Processing /home/airflow/.local/lib/python3.12/site-packages/airflow/example_dags/example_short_circuit_operator.py took 0.124 seconds
[2024-05-23T19:50:07.800+0000] {processor.py:161} INFO - Started process (PID=10744) to work on /home/airflow/.local/lib/python3.12/site-packages/airflow/example_dags/example_short_circuit_operator.py
[2024-05-23T19:50:07.801+0000] {processor.py:830} INFO - Processing file /home/airflow/.local/lib/python3.12/site-packages/airflow/example_dags/example_short_circuit_operator.py for tasks to queue
[2024-05-23T19:50:07.804+0000] {logging_mixin.py:188} INFO - [2024-05-23T19:50:07.803+0000] {dagbag.py:545} INFO - Filling up the DagBag from /home/airflow/.local/lib/python3.12/site-packages/airflow/example_dags/example_short_circuit_operator.py
[2024-05-23T19:50:07.815+0000] {processor.py:840} INFO - DAG(s) 'example_short_circuit_operator' retrieved from /home/airflow/.local/lib/python3.12/site-packages/airflow/example_dags/example_short_circuit_operator.py
[2024-05-23T19:50:07.851+0000] {logging_mixin.py:188} INFO - [2024-05-23T19:50:07.851+0000] {dag.py:3096} INFO - Sync 1 DAGs
[2024-05-23T19:50:07.884+0000] {logging_mixin.py:188} INFO - [2024-05-23T19:50:07.884+0000] {dag.py:3954} INFO - Setting next_dagrun for example_short_circuit_operator to 2024-05-22 00:00:00+00:00, run_after=2024-05-23 00:00:00+00:00
[2024-05-23T19:50:07.912+0000] {processor.py:183} INFO - Processing /home/airflow/.local/lib/python3.12/site-packages/airflow/example_dags/example_short_circuit_operator.py took 0.121 seconds
[2024-05-23T19:50:39.171+0000] {processor.py:161} INFO - Started process (PID=11006) to work on /home/airflow/.local/lib/python3.12/site-packages/airflow/example_dags/example_short_circuit_operator.py
[2024-05-23T19:50:39.174+0000] {processor.py:830} INFO - Processing file /home/airflow/.local/lib/python3.12/site-packages/airflow/example_dags/example_short_circuit_operator.py for tasks to queue
[2024-05-23T19:50:39.177+0000] {logging_mixin.py:188} INFO - [2024-05-23T19:50:39.176+0000] {dagbag.py:545} INFO - Filling up the DagBag from /home/airflow/.local/lib/python3.12/site-packages/airflow/example_dags/example_short_circuit_operator.py
[2024-05-23T19:50:39.189+0000] {processor.py:840} INFO - DAG(s) 'example_short_circuit_operator' retrieved from /home/airflow/.local/lib/python3.12/site-packages/airflow/example_dags/example_short_circuit_operator.py
[2024-05-23T19:50:39.427+0000] {logging_mixin.py:188} INFO - [2024-05-23T19:50:39.426+0000] {dag.py:3096} INFO - Sync 1 DAGs
[2024-05-23T19:50:39.460+0000] {logging_mixin.py:188} INFO - [2024-05-23T19:50:39.460+0000] {dag.py:3954} INFO - Setting next_dagrun for example_short_circuit_operator to 2024-05-22 00:00:00+00:00, run_after=2024-05-23 00:00:00+00:00
[2024-05-23T19:50:39.486+0000] {processor.py:183} INFO - Processing /home/airflow/.local/lib/python3.12/site-packages/airflow/example_dags/example_short_circuit_operator.py took 0.325 seconds
[2024-05-23T19:51:10.371+0000] {processor.py:161} INFO - Started process (PID=11270) to work on /home/airflow/.local/lib/python3.12/site-packages/airflow/example_dags/example_short_circuit_operator.py
[2024-05-23T19:51:10.373+0000] {processor.py:830} INFO - Processing file /home/airflow/.local/lib/python3.12/site-packages/airflow/example_dags/example_short_circuit_operator.py for tasks to queue
[2024-05-23T19:51:10.376+0000] {logging_mixin.py:188} INFO - [2024-05-23T19:51:10.375+0000] {dagbag.py:545} INFO - Filling up the DagBag from /home/airflow/.local/lib/python3.12/site-packages/airflow/example_dags/example_short_circuit_operator.py
[2024-05-23T19:51:10.386+0000] {processor.py:840} INFO - DAG(s) 'example_short_circuit_operator' retrieved from /home/airflow/.local/lib/python3.12/site-packages/airflow/example_dags/example_short_circuit_operator.py
[2024-05-23T19:51:10.421+0000] {logging_mixin.py:188} INFO - [2024-05-23T19:51:10.421+0000] {dag.py:3096} INFO - Sync 1 DAGs
[2024-05-23T19:51:10.454+0000] {logging_mixin.py:188} INFO - [2024-05-23T19:51:10.454+0000] {dag.py:3954} INFO - Setting next_dagrun for example_short_circuit_operator to 2024-05-22 00:00:00+00:00, run_after=2024-05-23 00:00:00+00:00
[2024-05-23T19:51:10.483+0000] {processor.py:183} INFO - Processing /home/airflow/.local/lib/python3.12/site-packages/airflow/example_dags/example_short_circuit_operator.py took 0.121 seconds
[2024-05-23T19:51:41.378+0000] {processor.py:161} INFO - Started process (PID=11532) to work on /home/airflow/.local/lib/python3.12/site-packages/airflow/example_dags/example_short_circuit_operator.py
[2024-05-23T19:51:41.379+0000] {processor.py:830} INFO - Processing file /home/airflow/.local/lib/python3.12/site-packages/airflow/example_dags/example_short_circuit_operator.py for tasks to queue
[2024-05-23T19:51:41.382+0000] {logging_mixin.py:188} INFO - [2024-05-23T19:51:41.381+0000] {dagbag.py:545} INFO - Filling up the DagBag from /home/airflow/.local/lib/python3.12/site-packages/airflow/example_dags/example_short_circuit_operator.py
[2024-05-23T19:51:41.394+0000] {processor.py:840} INFO - DAG(s) 'example_short_circuit_operator' retrieved from /home/airflow/.local/lib/python3.12/site-packages/airflow/example_dags/example_short_circuit_operator.py
[2024-05-23T19:51:41.433+0000] {logging_mixin.py:188} INFO - [2024-05-23T19:51:41.433+0000] {dag.py:3096} INFO - Sync 1 DAGs
[2024-05-23T19:51:41.474+0000] {logging_mixin.py:188} INFO - [2024-05-23T19:51:41.473+0000] {dag.py:3954} INFO - Setting next_dagrun for example_short_circuit_operator to 2024-05-22 00:00:00+00:00, run_after=2024-05-23 00:00:00+00:00
[2024-05-23T19:51:41.504+0000] {processor.py:183} INFO - Processing /home/airflow/.local/lib/python3.12/site-packages/airflow/example_dags/example_short_circuit_operator.py took 0.135 seconds
[2024-05-23T19:52:11.782+0000] {processor.py:161} INFO - Started process (PID=11794) to work on /home/airflow/.local/lib/python3.12/site-packages/airflow/example_dags/example_short_circuit_operator.py
[2024-05-23T19:52:11.784+0000] {processor.py:830} INFO - Processing file /home/airflow/.local/lib/python3.12/site-packages/airflow/example_dags/example_short_circuit_operator.py for tasks to queue
[2024-05-23T19:52:11.787+0000] {logging_mixin.py:188} INFO - [2024-05-23T19:52:11.786+0000] {dagbag.py:545} INFO - Filling up the DagBag from /home/airflow/.local/lib/python3.12/site-packages/airflow/example_dags/example_short_circuit_operator.py
[2024-05-23T19:52:11.798+0000] {processor.py:840} INFO - DAG(s) 'example_short_circuit_operator' retrieved from /home/airflow/.local/lib/python3.12/site-packages/airflow/example_dags/example_short_circuit_operator.py
[2024-05-23T19:52:11.834+0000] {logging_mixin.py:188} INFO - [2024-05-23T19:52:11.833+0000] {dag.py:3096} INFO - Sync 1 DAGs
[2024-05-23T19:52:11.871+0000] {logging_mixin.py:188} INFO - [2024-05-23T19:52:11.871+0000] {dag.py:3954} INFO - Setting next_dagrun for example_short_circuit_operator to 2024-05-22 00:00:00+00:00, run_after=2024-05-23 00:00:00+00:00
[2024-05-23T19:52:11.928+0000] {processor.py:183} INFO - Processing /home/airflow/.local/lib/python3.12/site-packages/airflow/example_dags/example_short_circuit_operator.py took 0.155 seconds
[2024-05-23T19:52:42.135+0000] {processor.py:161} INFO - Started process (PID=12056) to work on /home/airflow/.local/lib/python3.12/site-packages/airflow/example_dags/example_short_circuit_operator.py
[2024-05-23T19:52:42.136+0000] {processor.py:830} INFO - Processing file /home/airflow/.local/lib/python3.12/site-packages/airflow/example_dags/example_short_circuit_operator.py for tasks to queue
[2024-05-23T19:52:42.139+0000] {logging_mixin.py:188} INFO - [2024-05-23T19:52:42.139+0000] {dagbag.py:545} INFO - Filling up the DagBag from /home/airflow/.local/lib/python3.12/site-packages/airflow/example_dags/example_short_circuit_operator.py
[2024-05-23T19:52:42.152+0000] {processor.py:840} INFO - DAG(s) 'example_short_circuit_operator' retrieved from /home/airflow/.local/lib/python3.12/site-packages/airflow/example_dags/example_short_circuit_operator.py
[2024-05-23T19:52:42.189+0000] {logging_mixin.py:188} INFO - [2024-05-23T19:52:42.188+0000] {dag.py:3096} INFO - Sync 1 DAGs
[2024-05-23T19:52:42.222+0000] {logging_mixin.py:188} INFO - [2024-05-23T19:52:42.222+0000] {dag.py:3954} INFO - Setting next_dagrun for example_short_circuit_operator to 2024-05-22 00:00:00+00:00, run_after=2024-05-23 00:00:00+00:00
[2024-05-23T19:52:42.249+0000] {processor.py:183} INFO - Processing /home/airflow/.local/lib/python3.12/site-packages/airflow/example_dags/example_short_circuit_operator.py took 0.123 seconds
[2024-05-23T19:53:12.472+0000] {processor.py:161} INFO - Started process (PID=12318) to work on /home/airflow/.local/lib/python3.12/site-packages/airflow/example_dags/example_short_circuit_operator.py
[2024-05-23T19:53:12.474+0000] {processor.py:830} INFO - Processing file /home/airflow/.local/lib/python3.12/site-packages/airflow/example_dags/example_short_circuit_operator.py for tasks to queue
[2024-05-23T19:53:12.477+0000] {logging_mixin.py:188} INFO - [2024-05-23T19:53:12.477+0000] {dagbag.py:545} INFO - Filling up the DagBag from /home/airflow/.local/lib/python3.12/site-packages/airflow/example_dags/example_short_circuit_operator.py
[2024-05-23T19:53:12.488+0000] {processor.py:840} INFO - DAG(s) 'example_short_circuit_operator' retrieved from /home/airflow/.local/lib/python3.12/site-packages/airflow/example_dags/example_short_circuit_operator.py
[2024-05-23T19:53:12.524+0000] {logging_mixin.py:188} INFO - [2024-05-23T19:53:12.524+0000] {dag.py:3096} INFO - Sync 1 DAGs
[2024-05-23T19:53:12.557+0000] {logging_mixin.py:188} INFO - [2024-05-23T19:53:12.557+0000] {dag.py:3954} INFO - Setting next_dagrun for example_short_circuit_operator to 2024-05-22 00:00:00+00:00, run_after=2024-05-23 00:00:00+00:00
[2024-05-23T19:53:12.584+0000] {processor.py:183} INFO - Processing /home/airflow/.local/lib/python3.12/site-packages/airflow/example_dags/example_short_circuit_operator.py took 0.120 seconds
[2024-05-23T19:53:42.736+0000] {processor.py:161} INFO - Started process (PID=12580) to work on /home/airflow/.local/lib/python3.12/site-packages/airflow/example_dags/example_short_circuit_operator.py
[2024-05-23T19:53:42.738+0000] {processor.py:830} INFO - Processing file /home/airflow/.local/lib/python3.12/site-packages/airflow/example_dags/example_short_circuit_operator.py for tasks to queue
[2024-05-23T19:53:42.740+0000] {logging_mixin.py:188} INFO - [2024-05-23T19:53:42.740+0000] {dagbag.py:545} INFO - Filling up the DagBag from /home/airflow/.local/lib/python3.12/site-packages/airflow/example_dags/example_short_circuit_operator.py
[2024-05-23T19:53:42.752+0000] {processor.py:840} INFO - DAG(s) 'example_short_circuit_operator' retrieved from /home/airflow/.local/lib/python3.12/site-packages/airflow/example_dags/example_short_circuit_operator.py
[2024-05-23T19:53:42.789+0000] {logging_mixin.py:188} INFO - [2024-05-23T19:53:42.789+0000] {dag.py:3096} INFO - Sync 1 DAGs
[2024-05-23T19:53:42.823+0000] {logging_mixin.py:188} INFO - [2024-05-23T19:53:42.823+0000] {dag.py:3954} INFO - Setting next_dagrun for example_short_circuit_operator to 2024-05-22 00:00:00+00:00, run_after=2024-05-23 00:00:00+00:00
[2024-05-23T19:53:42.849+0000] {processor.py:183} INFO - Processing /home/airflow/.local/lib/python3.12/site-packages/airflow/example_dags/example_short_circuit_operator.py took 0.122 seconds
[2024-05-23T19:54:13.332+0000] {processor.py:161} INFO - Started process (PID=12842) to work on /home/airflow/.local/lib/python3.12/site-packages/airflow/example_dags/example_short_circuit_operator.py
[2024-05-23T19:54:13.334+0000] {processor.py:830} INFO - Processing file /home/airflow/.local/lib/python3.12/site-packages/airflow/example_dags/example_short_circuit_operator.py for tasks to queue
[2024-05-23T19:54:13.337+0000] {logging_mixin.py:188} INFO - [2024-05-23T19:54:13.337+0000] {dagbag.py:545} INFO - Filling up the DagBag from /home/airflow/.local/lib/python3.12/site-packages/airflow/example_dags/example_short_circuit_operator.py
[2024-05-23T19:54:13.347+0000] {processor.py:840} INFO - DAG(s) 'example_short_circuit_operator' retrieved from /home/airflow/.local/lib/python3.12/site-packages/airflow/example_dags/example_short_circuit_operator.py
[2024-05-23T19:54:13.383+0000] {logging_mixin.py:188} INFO - [2024-05-23T19:54:13.383+0000] {dag.py:3096} INFO - Sync 1 DAGs
[2024-05-23T19:54:13.416+0000] {logging_mixin.py:188} INFO - [2024-05-23T19:54:13.416+0000] {dag.py:3954} INFO - Setting next_dagrun for example_short_circuit_operator to 2024-05-22 00:00:00+00:00, run_after=2024-05-23 00:00:00+00:00
[2024-05-23T19:54:13.443+0000] {processor.py:183} INFO - Processing /home/airflow/.local/lib/python3.12/site-packages/airflow/example_dags/example_short_circuit_operator.py took 0.119 seconds
[2024-05-23T19:54:44.064+0000] {processor.py:161} INFO - Started process (PID=13102) to work on /home/airflow/.local/lib/python3.12/site-packages/airflow/example_dags/example_short_circuit_operator.py
[2024-05-23T19:54:44.066+0000] {processor.py:830} INFO - Processing file /home/airflow/.local/lib/python3.12/site-packages/airflow/example_dags/example_short_circuit_operator.py for tasks to queue
[2024-05-23T19:54:44.069+0000] {logging_mixin.py:188} INFO - [2024-05-23T19:54:44.068+0000] {dagbag.py:545} INFO - Filling up the DagBag from /home/airflow/.local/lib/python3.12/site-packages/airflow/example_dags/example_short_circuit_operator.py
[2024-05-23T19:54:44.079+0000] {processor.py:840} INFO - DAG(s) 'example_short_circuit_operator' retrieved from /home/airflow/.local/lib/python3.12/site-packages/airflow/example_dags/example_short_circuit_operator.py
[2024-05-23T19:54:44.112+0000] {logging_mixin.py:188} INFO - [2024-05-23T19:54:44.112+0000] {dag.py:3096} INFO - Sync 1 DAGs
[2024-05-23T19:54:44.141+0000] {logging_mixin.py:188} INFO - [2024-05-23T19:54:44.140+0000] {dag.py:3954} INFO - Setting next_dagrun for example_short_circuit_operator to 2024-05-22 00:00:00+00:00, run_after=2024-05-23 00:00:00+00:00
[2024-05-23T19:54:44.165+0000] {processor.py:183} INFO - Processing /home/airflow/.local/lib/python3.12/site-packages/airflow/example_dags/example_short_circuit_operator.py took 0.108 seconds
[2024-05-23T19:55:14.914+0000] {processor.py:161} INFO - Started process (PID=13366) to work on /home/airflow/.local/lib/python3.12/site-packages/airflow/example_dags/example_short_circuit_operator.py
[2024-05-23T19:55:14.915+0000] {processor.py:830} INFO - Processing file /home/airflow/.local/lib/python3.12/site-packages/airflow/example_dags/example_short_circuit_operator.py for tasks to queue
[2024-05-23T19:55:14.918+0000] {logging_mixin.py:188} INFO - [2024-05-23T19:55:14.918+0000] {dagbag.py:545} INFO - Filling up the DagBag from /home/airflow/.local/lib/python3.12/site-packages/airflow/example_dags/example_short_circuit_operator.py
[2024-05-23T19:55:14.931+0000] {processor.py:840} INFO - DAG(s) 'example_short_circuit_operator' retrieved from /home/airflow/.local/lib/python3.12/site-packages/airflow/example_dags/example_short_circuit_operator.py
[2024-05-23T19:55:14.977+0000] {logging_mixin.py:188} INFO - [2024-05-23T19:55:14.977+0000] {dag.py:3096} INFO - Sync 1 DAGs
[2024-05-23T19:55:15.018+0000] {logging_mixin.py:188} INFO - [2024-05-23T19:55:15.018+0000] {dag.py:3954} INFO - Setting next_dagrun for example_short_circuit_operator to 2024-05-22 00:00:00+00:00, run_after=2024-05-23 00:00:00+00:00
[2024-05-23T19:55:15.051+0000] {processor.py:183} INFO - Processing /home/airflow/.local/lib/python3.12/site-packages/airflow/example_dags/example_short_circuit_operator.py took 0.146 seconds
[2024-05-23T19:55:45.545+0000] {processor.py:161} INFO - Started process (PID=13628) to work on /home/airflow/.local/lib/python3.12/site-packages/airflow/example_dags/example_short_circuit_operator.py
[2024-05-23T19:55:45.546+0000] {processor.py:830} INFO - Processing file /home/airflow/.local/lib/python3.12/site-packages/airflow/example_dags/example_short_circuit_operator.py for tasks to queue
[2024-05-23T19:55:45.549+0000] {logging_mixin.py:188} INFO - [2024-05-23T19:55:45.548+0000] {dagbag.py:545} INFO - Filling up the DagBag from /home/airflow/.local/lib/python3.12/site-packages/airflow/example_dags/example_short_circuit_operator.py
[2024-05-23T19:55:45.561+0000] {processor.py:840} INFO - DAG(s) 'example_short_circuit_operator' retrieved from /home/airflow/.local/lib/python3.12/site-packages/airflow/example_dags/example_short_circuit_operator.py
[2024-05-23T19:55:45.598+0000] {logging_mixin.py:188} INFO - [2024-05-23T19:55:45.598+0000] {dag.py:3096} INFO - Sync 1 DAGs
[2024-05-23T19:55:45.631+0000] {logging_mixin.py:188} INFO - [2024-05-23T19:55:45.631+0000] {dag.py:3954} INFO - Setting next_dagrun for example_short_circuit_operator to 2024-05-22 00:00:00+00:00, run_after=2024-05-23 00:00:00+00:00
[2024-05-23T19:55:45.661+0000] {processor.py:183} INFO - Processing /home/airflow/.local/lib/python3.12/site-packages/airflow/example_dags/example_short_circuit_operator.py took 0.127 seconds
[2024-05-23T19:56:15.842+0000] {processor.py:161} INFO - Started process (PID=13890) to work on /home/airflow/.local/lib/python3.12/site-packages/airflow/example_dags/example_short_circuit_operator.py
[2024-05-23T19:56:15.844+0000] {processor.py:830} INFO - Processing file /home/airflow/.local/lib/python3.12/site-packages/airflow/example_dags/example_short_circuit_operator.py for tasks to queue
[2024-05-23T19:56:15.847+0000] {logging_mixin.py:188} INFO - [2024-05-23T19:56:15.846+0000] {dagbag.py:545} INFO - Filling up the DagBag from /home/airflow/.local/lib/python3.12/site-packages/airflow/example_dags/example_short_circuit_operator.py
[2024-05-23T19:56:15.860+0000] {processor.py:840} INFO - DAG(s) 'example_short_circuit_operator' retrieved from /home/airflow/.local/lib/python3.12/site-packages/airflow/example_dags/example_short_circuit_operator.py
[2024-05-23T19:56:15.898+0000] {logging_mixin.py:188} INFO - [2024-05-23T19:56:15.898+0000] {dag.py:3096} INFO - Sync 1 DAGs
[2024-05-23T19:56:15.931+0000] {logging_mixin.py:188} INFO - [2024-05-23T19:56:15.931+0000] {dag.py:3954} INFO - Setting next_dagrun for example_short_circuit_operator to 2024-05-22 00:00:00+00:00, run_after=2024-05-23 00:00:00+00:00
[2024-05-23T19:56:15.966+0000] {processor.py:183} INFO - Processing /home/airflow/.local/lib/python3.12/site-packages/airflow/example_dags/example_short_circuit_operator.py took 0.132 seconds
[2024-05-23T19:56:46.661+0000] {processor.py:161} INFO - Started process (PID=14158) to work on /home/airflow/.local/lib/python3.12/site-packages/airflow/example_dags/example_short_circuit_operator.py
[2024-05-23T19:56:46.662+0000] {processor.py:830} INFO - Processing file /home/airflow/.local/lib/python3.12/site-packages/airflow/example_dags/example_short_circuit_operator.py for tasks to queue
[2024-05-23T19:56:46.665+0000] {logging_mixin.py:188} INFO - [2024-05-23T19:56:46.664+0000] {dagbag.py:545} INFO - Filling up the DagBag from /home/airflow/.local/lib/python3.12/site-packages/airflow/example_dags/example_short_circuit_operator.py
[2024-05-23T19:56:46.674+0000] {processor.py:840} INFO - DAG(s) 'example_short_circuit_operator' retrieved from /home/airflow/.local/lib/python3.12/site-packages/airflow/example_dags/example_short_circuit_operator.py
[2024-05-23T19:56:46.708+0000] {logging_mixin.py:188} INFO - [2024-05-23T19:56:46.708+0000] {dag.py:3096} INFO - Sync 1 DAGs
[2024-05-23T19:56:46.742+0000] {logging_mixin.py:188} INFO - [2024-05-23T19:56:46.742+0000] {dag.py:3954} INFO - Setting next_dagrun for example_short_circuit_operator to 2024-05-22 00:00:00+00:00, run_after=2024-05-23 00:00:00+00:00
[2024-05-23T19:56:46.770+0000] {processor.py:183} INFO - Processing /home/airflow/.local/lib/python3.12/site-packages/airflow/example_dags/example_short_circuit_operator.py took 0.117 seconds
[2024-05-23T19:57:17.230+0000] {processor.py:161} INFO - Started process (PID=14420) to work on /home/airflow/.local/lib/python3.12/site-packages/airflow/example_dags/example_short_circuit_operator.py
[2024-05-23T19:57:17.231+0000] {processor.py:830} INFO - Processing file /home/airflow/.local/lib/python3.12/site-packages/airflow/example_dags/example_short_circuit_operator.py for tasks to queue
[2024-05-23T19:57:17.233+0000] {logging_mixin.py:188} INFO - [2024-05-23T19:57:17.233+0000] {dagbag.py:545} INFO - Filling up the DagBag from /home/airflow/.local/lib/python3.12/site-packages/airflow/example_dags/example_short_circuit_operator.py
[2024-05-23T19:57:17.246+0000] {processor.py:840} INFO - DAG(s) 'example_short_circuit_operator' retrieved from /home/airflow/.local/lib/python3.12/site-packages/airflow/example_dags/example_short_circuit_operator.py
[2024-05-23T19:57:17.278+0000] {logging_mixin.py:188} INFO - [2024-05-23T19:57:17.278+0000] {dag.py:3096} INFO - Sync 1 DAGs
[2024-05-23T19:57:17.311+0000] {logging_mixin.py:188} INFO - [2024-05-23T19:57:17.311+0000] {dag.py:3954} INFO - Setting next_dagrun for example_short_circuit_operator to 2024-05-22 00:00:00+00:00, run_after=2024-05-23 00:00:00+00:00
[2024-05-23T19:57:17.335+0000] {processor.py:183} INFO - Processing /home/airflow/.local/lib/python3.12/site-packages/airflow/example_dags/example_short_circuit_operator.py took 0.113 seconds
[2024-05-23T19:58:10.067+0000] {processor.py:161} INFO - Started process (PID=14680) to work on /home/airflow/.local/lib/python3.12/site-packages/airflow/example_dags/example_short_circuit_operator.py
[2024-05-23T19:58:10.081+0000] {processor.py:830} INFO - Processing file /home/airflow/.local/lib/python3.12/site-packages/airflow/example_dags/example_short_circuit_operator.py for tasks to queue
[2024-05-23T19:58:10.087+0000] {logging_mixin.py:188} INFO - [2024-05-23T19:58:10.086+0000] {dagbag.py:545} INFO - Filling up the DagBag from /home/airflow/.local/lib/python3.12/site-packages/airflow/example_dags/example_short_circuit_operator.py
[2024-05-23T19:58:10.113+0000] {processor.py:840} INFO - DAG(s) 'example_short_circuit_operator' retrieved from /home/airflow/.local/lib/python3.12/site-packages/airflow/example_dags/example_short_circuit_operator.py
[2024-05-23T19:58:10.188+0000] {logging_mixin.py:188} INFO - [2024-05-23T19:58:10.188+0000] {dag.py:3096} INFO - Sync 1 DAGs
[2024-05-23T19:58:10.234+0000] {logging_mixin.py:188} INFO - [2024-05-23T19:58:10.234+0000] {dag.py:3954} INFO - Setting next_dagrun for example_short_circuit_operator to 2024-05-22 00:00:00+00:00, run_after=2024-05-23 00:00:00+00:00
[2024-05-23T19:58:10.269+0000] {processor.py:183} INFO - Processing /home/airflow/.local/lib/python3.12/site-packages/airflow/example_dags/example_short_circuit_operator.py took 0.215 seconds
[2024-05-23T20:03:42.498+0000] {processor.py:161} INFO - Started process (PID=15013) to work on /home/airflow/.local/lib/python3.12/site-packages/airflow/example_dags/example_short_circuit_operator.py
[2024-05-23T20:03:42.499+0000] {processor.py:830} INFO - Processing file /home/airflow/.local/lib/python3.12/site-packages/airflow/example_dags/example_short_circuit_operator.py for tasks to queue
[2024-05-23T20:03:42.501+0000] {logging_mixin.py:188} INFO - [2024-05-23T20:03:42.501+0000] {dagbag.py:545} INFO - Filling up the DagBag from /home/airflow/.local/lib/python3.12/site-packages/airflow/example_dags/example_short_circuit_operator.py
[2024-05-23T20:03:42.512+0000] {processor.py:840} INFO - DAG(s) 'example_short_circuit_operator' retrieved from /home/airflow/.local/lib/python3.12/site-packages/airflow/example_dags/example_short_circuit_operator.py
[2024-05-23T20:03:42.565+0000] {logging_mixin.py:188} INFO - [2024-05-23T20:03:42.565+0000] {dag.py:3096} INFO - Sync 1 DAGs
[2024-05-23T20:03:42.597+0000] {logging_mixin.py:188} INFO - [2024-05-23T20:03:42.597+0000] {dag.py:3954} INFO - Setting next_dagrun for example_short_circuit_operator to 2024-05-22 00:00:00+00:00, run_after=2024-05-23 00:00:00+00:00
[2024-05-23T20:03:42.638+0000] {processor.py:183} INFO - Processing /home/airflow/.local/lib/python3.12/site-packages/airflow/example_dags/example_short_circuit_operator.py took 0.151 seconds
[2024-05-23T20:04:16.006+0000] {processor.py:161} INFO - Started process (PID=15275) to work on /home/airflow/.local/lib/python3.12/site-packages/airflow/example_dags/example_short_circuit_operator.py
[2024-05-23T20:04:16.012+0000] {processor.py:830} INFO - Processing file /home/airflow/.local/lib/python3.12/site-packages/airflow/example_dags/example_short_circuit_operator.py for tasks to queue
[2024-05-23T20:04:16.018+0000] {logging_mixin.py:188} INFO - [2024-05-23T20:04:16.016+0000] {dagbag.py:545} INFO - Filling up the DagBag from /home/airflow/.local/lib/python3.12/site-packages/airflow/example_dags/example_short_circuit_operator.py
[2024-05-23T20:04:16.055+0000] {processor.py:840} INFO - DAG(s) 'example_short_circuit_operator' retrieved from /home/airflow/.local/lib/python3.12/site-packages/airflow/example_dags/example_short_circuit_operator.py
[2024-05-23T20:04:16.186+0000] {logging_mixin.py:188} INFO - [2024-05-23T20:04:16.184+0000] {dag.py:3096} INFO - Sync 1 DAGs
[2024-05-23T20:04:16.296+0000] {logging_mixin.py:188} INFO - [2024-05-23T20:04:16.294+0000] {dag.py:3954} INFO - Setting next_dagrun for example_short_circuit_operator to 2024-05-22 00:00:00+00:00, run_after=2024-05-23 00:00:00+00:00
[2024-05-23T20:04:16.400+0000] {processor.py:183} INFO - Processing /home/airflow/.local/lib/python3.12/site-packages/airflow/example_dags/example_short_circuit_operator.py took 0.431 seconds
[2024-05-23T20:08:12.677+0000] {processor.py:161} INFO - Started process (PID=15538) to work on /home/airflow/.local/lib/python3.12/site-packages/airflow/example_dags/example_short_circuit_operator.py
[2024-05-23T20:08:12.679+0000] {processor.py:830} INFO - Processing file /home/airflow/.local/lib/python3.12/site-packages/airflow/example_dags/example_short_circuit_operator.py for tasks to queue
[2024-05-23T20:08:12.681+0000] {logging_mixin.py:188} INFO - [2024-05-23T20:08:12.680+0000] {dagbag.py:545} INFO - Filling up the DagBag from /home/airflow/.local/lib/python3.12/site-packages/airflow/example_dags/example_short_circuit_operator.py
[2024-05-23T20:08:12.690+0000] {processor.py:840} INFO - DAG(s) 'example_short_circuit_operator' retrieved from /home/airflow/.local/lib/python3.12/site-packages/airflow/example_dags/example_short_circuit_operator.py
[2024-05-23T20:08:12.725+0000] {logging_mixin.py:188} INFO - [2024-05-23T20:08:12.724+0000] {dag.py:3096} INFO - Sync 1 DAGs
[2024-05-23T20:08:12.781+0000] {logging_mixin.py:188} INFO - [2024-05-23T20:08:12.781+0000] {dag.py:3954} INFO - Setting next_dagrun for example_short_circuit_operator to 2024-05-22 00:00:00+00:00, run_after=2024-05-23 00:00:00+00:00
[2024-05-23T20:08:12.823+0000] {processor.py:183} INFO - Processing /home/airflow/.local/lib/python3.12/site-packages/airflow/example_dags/example_short_circuit_operator.py took 0.154 seconds
[2024-05-23T20:08:42.875+0000] {processor.py:161} INFO - Started process (PID=15800) to work on /home/airflow/.local/lib/python3.12/site-packages/airflow/example_dags/example_short_circuit_operator.py
[2024-05-23T20:08:42.878+0000] {processor.py:830} INFO - Processing file /home/airflow/.local/lib/python3.12/site-packages/airflow/example_dags/example_short_circuit_operator.py for tasks to queue
[2024-05-23T20:08:42.880+0000] {logging_mixin.py:188} INFO - [2024-05-23T20:08:42.879+0000] {dagbag.py:545} INFO - Filling up the DagBag from /home/airflow/.local/lib/python3.12/site-packages/airflow/example_dags/example_short_circuit_operator.py
[2024-05-23T20:08:42.892+0000] {processor.py:840} INFO - DAG(s) 'example_short_circuit_operator' retrieved from /home/airflow/.local/lib/python3.12/site-packages/airflow/example_dags/example_short_circuit_operator.py
[2024-05-23T20:08:42.934+0000] {logging_mixin.py:188} INFO - [2024-05-23T20:08:42.933+0000] {dag.py:3096} INFO - Sync 1 DAGs
[2024-05-23T20:08:42.977+0000] {logging_mixin.py:188} INFO - [2024-05-23T20:08:42.977+0000] {dag.py:3954} INFO - Setting next_dagrun for example_short_circuit_operator to 2024-05-22 00:00:00+00:00, run_after=2024-05-23 00:00:00+00:00
[2024-05-23T20:08:43.020+0000] {processor.py:183} INFO - Processing /home/airflow/.local/lib/python3.12/site-packages/airflow/example_dags/example_short_circuit_operator.py took 0.155 seconds
[2024-05-23T20:09:13.403+0000] {processor.py:161} INFO - Started process (PID=16062) to work on /home/airflow/.local/lib/python3.12/site-packages/airflow/example_dags/example_short_circuit_operator.py
[2024-05-23T20:09:13.405+0000] {processor.py:830} INFO - Processing file /home/airflow/.local/lib/python3.12/site-packages/airflow/example_dags/example_short_circuit_operator.py for tasks to queue
[2024-05-23T20:09:13.406+0000] {logging_mixin.py:188} INFO - [2024-05-23T20:09:13.406+0000] {dagbag.py:545} INFO - Filling up the DagBag from /home/airflow/.local/lib/python3.12/site-packages/airflow/example_dags/example_short_circuit_operator.py
[2024-05-23T20:09:13.415+0000] {processor.py:840} INFO - DAG(s) 'example_short_circuit_operator' retrieved from /home/airflow/.local/lib/python3.12/site-packages/airflow/example_dags/example_short_circuit_operator.py
[2024-05-23T20:09:13.452+0000] {logging_mixin.py:188} INFO - [2024-05-23T20:09:13.451+0000] {dag.py:3096} INFO - Sync 1 DAGs
[2024-05-23T20:09:13.479+0000] {logging_mixin.py:188} INFO - [2024-05-23T20:09:13.478+0000] {dag.py:3954} INFO - Setting next_dagrun for example_short_circuit_operator to 2024-05-22 00:00:00+00:00, run_after=2024-05-23 00:00:00+00:00
[2024-05-23T20:09:13.503+0000] {processor.py:183} INFO - Processing /home/airflow/.local/lib/python3.12/site-packages/airflow/example_dags/example_short_circuit_operator.py took 0.110 seconds
[2024-05-23T20:09:43.794+0000] {processor.py:161} INFO - Started process (PID=16324) to work on /home/airflow/.local/lib/python3.12/site-packages/airflow/example_dags/example_short_circuit_operator.py
[2024-05-23T20:09:43.795+0000] {processor.py:830} INFO - Processing file /home/airflow/.local/lib/python3.12/site-packages/airflow/example_dags/example_short_circuit_operator.py for tasks to queue
[2024-05-23T20:09:43.796+0000] {logging_mixin.py:188} INFO - [2024-05-23T20:09:43.796+0000] {dagbag.py:545} INFO - Filling up the DagBag from /home/airflow/.local/lib/python3.12/site-packages/airflow/example_dags/example_short_circuit_operator.py
[2024-05-23T20:09:43.806+0000] {processor.py:840} INFO - DAG(s) 'example_short_circuit_operator' retrieved from /home/airflow/.local/lib/python3.12/site-packages/airflow/example_dags/example_short_circuit_operator.py
[2024-05-23T20:09:43.841+0000] {logging_mixin.py:188} INFO - [2024-05-23T20:09:43.840+0000] {dag.py:3096} INFO - Sync 1 DAGs
[2024-05-23T20:09:43.868+0000] {logging_mixin.py:188} INFO - [2024-05-23T20:09:43.868+0000] {dag.py:3954} INFO - Setting next_dagrun for example_short_circuit_operator to 2024-05-22 00:00:00+00:00, run_after=2024-05-23 00:00:00+00:00
[2024-05-23T20:09:43.893+0000] {processor.py:183} INFO - Processing /home/airflow/.local/lib/python3.12/site-packages/airflow/example_dags/example_short_circuit_operator.py took 0.107 seconds
[2024-05-23T20:10:14.108+0000] {processor.py:161} INFO - Started process (PID=16586) to work on /home/airflow/.local/lib/python3.12/site-packages/airflow/example_dags/example_short_circuit_operator.py
[2024-05-23T20:10:14.109+0000] {processor.py:830} INFO - Processing file /home/airflow/.local/lib/python3.12/site-packages/airflow/example_dags/example_short_circuit_operator.py for tasks to queue
[2024-05-23T20:10:14.111+0000] {logging_mixin.py:188} INFO - [2024-05-23T20:10:14.111+0000] {dagbag.py:545} INFO - Filling up the DagBag from /home/airflow/.local/lib/python3.12/site-packages/airflow/example_dags/example_short_circuit_operator.py
[2024-05-23T20:10:14.121+0000] {processor.py:840} INFO - DAG(s) 'example_short_circuit_operator' retrieved from /home/airflow/.local/lib/python3.12/site-packages/airflow/example_dags/example_short_circuit_operator.py
[2024-05-23T20:10:14.158+0000] {logging_mixin.py:188} INFO - [2024-05-23T20:10:14.157+0000] {dag.py:3096} INFO - Sync 1 DAGs
[2024-05-23T20:10:14.315+0000] {logging_mixin.py:188} INFO - [2024-05-23T20:10:14.314+0000] {dag.py:3954} INFO - Setting next_dagrun for example_short_circuit_operator to 2024-05-22 00:00:00+00:00, run_after=2024-05-23 00:00:00+00:00
[2024-05-23T20:10:14.369+0000] {processor.py:183} INFO - Processing /home/airflow/.local/lib/python3.12/site-packages/airflow/example_dags/example_short_circuit_operator.py took 0.270 seconds
[2024-05-23T20:10:44.476+0000] {processor.py:161} INFO - Started process (PID=16850) to work on /home/airflow/.local/lib/python3.12/site-packages/airflow/example_dags/example_short_circuit_operator.py
[2024-05-23T20:10:44.478+0000] {processor.py:830} INFO - Processing file /home/airflow/.local/lib/python3.12/site-packages/airflow/example_dags/example_short_circuit_operator.py for tasks to queue
[2024-05-23T20:10:44.479+0000] {logging_mixin.py:188} INFO - [2024-05-23T20:10:44.479+0000] {dagbag.py:545} INFO - Filling up the DagBag from /home/airflow/.local/lib/python3.12/site-packages/airflow/example_dags/example_short_circuit_operator.py
[2024-05-23T20:10:44.488+0000] {processor.py:840} INFO - DAG(s) 'example_short_circuit_operator' retrieved from /home/airflow/.local/lib/python3.12/site-packages/airflow/example_dags/example_short_circuit_operator.py
[2024-05-23T20:10:44.523+0000] {logging_mixin.py:188} INFO - [2024-05-23T20:10:44.523+0000] {dag.py:3096} INFO - Sync 1 DAGs
[2024-05-23T20:10:44.550+0000] {logging_mixin.py:188} INFO - [2024-05-23T20:10:44.550+0000] {dag.py:3954} INFO - Setting next_dagrun for example_short_circuit_operator to 2024-05-22 00:00:00+00:00, run_after=2024-05-23 00:00:00+00:00
[2024-05-23T20:10:44.580+0000] {processor.py:183} INFO - Processing /home/airflow/.local/lib/python3.12/site-packages/airflow/example_dags/example_short_circuit_operator.py took 0.113 seconds
[2024-05-23T20:11:14.641+0000] {processor.py:161} INFO - Started process (PID=17111) to work on /home/airflow/.local/lib/python3.12/site-packages/airflow/example_dags/example_short_circuit_operator.py
[2024-05-23T20:11:14.642+0000] {processor.py:830} INFO - Processing file /home/airflow/.local/lib/python3.12/site-packages/airflow/example_dags/example_short_circuit_operator.py for tasks to queue
[2024-05-23T20:11:14.644+0000] {logging_mixin.py:188} INFO - [2024-05-23T20:11:14.643+0000] {dagbag.py:545} INFO - Filling up the DagBag from /home/airflow/.local/lib/python3.12/site-packages/airflow/example_dags/example_short_circuit_operator.py
[2024-05-23T20:11:14.652+0000] {processor.py:840} INFO - DAG(s) 'example_short_circuit_operator' retrieved from /home/airflow/.local/lib/python3.12/site-packages/airflow/example_dags/example_short_circuit_operator.py
[2024-05-23T20:11:14.684+0000] {logging_mixin.py:188} INFO - [2024-05-23T20:11:14.683+0000] {dag.py:3096} INFO - Sync 1 DAGs
[2024-05-23T20:11:14.708+0000] {logging_mixin.py:188} INFO - [2024-05-23T20:11:14.707+0000] {dag.py:3954} INFO - Setting next_dagrun for example_short_circuit_operator to 2024-05-22 00:00:00+00:00, run_after=2024-05-23 00:00:00+00:00
[2024-05-23T20:11:14.725+0000] {processor.py:183} INFO - Processing /home/airflow/.local/lib/python3.12/site-packages/airflow/example_dags/example_short_circuit_operator.py took 0.092 seconds
[2024-05-23T20:11:45.037+0000] {processor.py:161} INFO - Started process (PID=17371) to work on /home/airflow/.local/lib/python3.12/site-packages/airflow/example_dags/example_short_circuit_operator.py
[2024-05-23T20:11:45.039+0000] {processor.py:830} INFO - Processing file /home/airflow/.local/lib/python3.12/site-packages/airflow/example_dags/example_short_circuit_operator.py for tasks to queue
[2024-05-23T20:11:45.041+0000] {logging_mixin.py:188} INFO - [2024-05-23T20:11:45.040+0000] {dagbag.py:545} INFO - Filling up the DagBag from /home/airflow/.local/lib/python3.12/site-packages/airflow/example_dags/example_short_circuit_operator.py
[2024-05-23T20:11:45.051+0000] {processor.py:840} INFO - DAG(s) 'example_short_circuit_operator' retrieved from /home/airflow/.local/lib/python3.12/site-packages/airflow/example_dags/example_short_circuit_operator.py
[2024-05-23T20:11:45.089+0000] {logging_mixin.py:188} INFO - [2024-05-23T20:11:45.089+0000] {dag.py:3096} INFO - Sync 1 DAGs
[2024-05-23T20:11:45.117+0000] {logging_mixin.py:188} INFO - [2024-05-23T20:11:45.116+0000] {dag.py:3954} INFO - Setting next_dagrun for example_short_circuit_operator to 2024-05-22 00:00:00+00:00, run_after=2024-05-23 00:00:00+00:00
[2024-05-23T20:11:45.144+0000] {processor.py:183} INFO - Processing /home/airflow/.local/lib/python3.12/site-packages/airflow/example_dags/example_short_circuit_operator.py took 0.117 seconds
[2024-05-23T20:12:15.680+0000] {processor.py:161} INFO - Started process (PID=17633) to work on /home/airflow/.local/lib/python3.12/site-packages/airflow/example_dags/example_short_circuit_operator.py
[2024-05-23T20:12:15.682+0000] {processor.py:830} INFO - Processing file /home/airflow/.local/lib/python3.12/site-packages/airflow/example_dags/example_short_circuit_operator.py for tasks to queue
[2024-05-23T20:12:15.684+0000] {logging_mixin.py:188} INFO - [2024-05-23T20:12:15.683+0000] {dagbag.py:545} INFO - Filling up the DagBag from /home/airflow/.local/lib/python3.12/site-packages/airflow/example_dags/example_short_circuit_operator.py
[2024-05-23T20:12:15.694+0000] {processor.py:840} INFO - DAG(s) 'example_short_circuit_operator' retrieved from /home/airflow/.local/lib/python3.12/site-packages/airflow/example_dags/example_short_circuit_operator.py
[2024-05-23T20:12:15.734+0000] {logging_mixin.py:188} INFO - [2024-05-23T20:12:15.734+0000] {dag.py:3096} INFO - Sync 1 DAGs
[2024-05-23T20:12:15.767+0000] {logging_mixin.py:188} INFO - [2024-05-23T20:12:15.767+0000] {dag.py:3954} INFO - Setting next_dagrun for example_short_circuit_operator to 2024-05-22 00:00:00+00:00, run_after=2024-05-23 00:00:00+00:00
[2024-05-23T20:12:15.796+0000] {processor.py:183} INFO - Processing /home/airflow/.local/lib/python3.12/site-packages/airflow/example_dags/example_short_circuit_operator.py took 0.126 seconds
[2024-05-23T20:12:46.063+0000] {processor.py:161} INFO - Started process (PID=17895) to work on /home/airflow/.local/lib/python3.12/site-packages/airflow/example_dags/example_short_circuit_operator.py
[2024-05-23T20:12:46.065+0000] {processor.py:830} INFO - Processing file /home/airflow/.local/lib/python3.12/site-packages/airflow/example_dags/example_short_circuit_operator.py for tasks to queue
[2024-05-23T20:12:46.067+0000] {logging_mixin.py:188} INFO - [2024-05-23T20:12:46.066+0000] {dagbag.py:545} INFO - Filling up the DagBag from /home/airflow/.local/lib/python3.12/site-packages/airflow/example_dags/example_short_circuit_operator.py
[2024-05-23T20:12:46.075+0000] {processor.py:840} INFO - DAG(s) 'example_short_circuit_operator' retrieved from /home/airflow/.local/lib/python3.12/site-packages/airflow/example_dags/example_short_circuit_operator.py
[2024-05-23T20:12:46.112+0000] {logging_mixin.py:188} INFO - [2024-05-23T20:12:46.111+0000] {dag.py:3096} INFO - Sync 1 DAGs
[2024-05-23T20:12:46.141+0000] {logging_mixin.py:188} INFO - [2024-05-23T20:12:46.141+0000] {dag.py:3954} INFO - Setting next_dagrun for example_short_circuit_operator to 2024-05-22 00:00:00+00:00, run_after=2024-05-23 00:00:00+00:00
[2024-05-23T20:12:46.167+0000] {processor.py:183} INFO - Processing /home/airflow/.local/lib/python3.12/site-packages/airflow/example_dags/example_short_circuit_operator.py took 0.112 seconds
[2024-05-23T20:13:16.311+0000] {processor.py:161} INFO - Started process (PID=18157) to work on /home/airflow/.local/lib/python3.12/site-packages/airflow/example_dags/example_short_circuit_operator.py
[2024-05-23T20:13:16.312+0000] {processor.py:830} INFO - Processing file /home/airflow/.local/lib/python3.12/site-packages/airflow/example_dags/example_short_circuit_operator.py for tasks to queue
[2024-05-23T20:13:16.314+0000] {logging_mixin.py:188} INFO - [2024-05-23T20:13:16.313+0000] {dagbag.py:545} INFO - Filling up the DagBag from /home/airflow/.local/lib/python3.12/site-packages/airflow/example_dags/example_short_circuit_operator.py
[2024-05-23T20:13:16.323+0000] {processor.py:840} INFO - DAG(s) 'example_short_circuit_operator' retrieved from /home/airflow/.local/lib/python3.12/site-packages/airflow/example_dags/example_short_circuit_operator.py
[2024-05-23T20:13:16.360+0000] {logging_mixin.py:188} INFO - [2024-05-23T20:13:16.360+0000] {dag.py:3096} INFO - Sync 1 DAGs
[2024-05-23T20:13:16.388+0000] {logging_mixin.py:188} INFO - [2024-05-23T20:13:16.388+0000] {dag.py:3954} INFO - Setting next_dagrun for example_short_circuit_operator to 2024-05-22 00:00:00+00:00, run_after=2024-05-23 00:00:00+00:00
[2024-05-23T20:13:16.415+0000] {processor.py:183} INFO - Processing /home/airflow/.local/lib/python3.12/site-packages/airflow/example_dags/example_short_circuit_operator.py took 0.115 seconds
