[2024-05-23T19:29:54.487+0000] {processor.py:161} INFO - Started process (PID=327) to work on /home/airflow/.local/lib/python3.12/site-packages/airflow/example_dags/example_python_decorator.py
[2024-05-23T19:29:54.490+0000] {processor.py:830} INFO - Processing file /home/airflow/.local/lib/python3.12/site-packages/airflow/example_dags/example_python_decorator.py for tasks to queue
[2024-05-23T19:29:54.497+0000] {logging_mixin.py:188} INFO - [2024-05-23T19:29:54.496+0000] {dagbag.py:545} INFO - Filling up the DagBag from /home/airflow/.local/lib/python3.12/site-packages/airflow/example_dags/example_python_decorator.py
[2024-05-23T19:29:54.533+0000] {processor.py:840} INFO - DAG(s) 'example_python_decorator' retrieved from /home/airflow/.local/lib/python3.12/site-packages/airflow/example_dags/example_python_decorator.py
[2024-05-23T19:29:54.768+0000] {logging_mixin.py:188} INFO - [2024-05-23T19:29:54.768+0000] {dag.py:3096} INFO - Sync 1 DAGs
[2024-05-23T19:29:54.789+0000] {logging_mixin.py:188} INFO - [2024-05-23T19:29:54.789+0000] {dag.py:3954} INFO - Setting next_dagrun for example_python_decorator to None, run_after=None
[2024-05-23T19:29:54.823+0000] {processor.py:183} INFO - Processing /home/airflow/.local/lib/python3.12/site-packages/airflow/example_dags/example_python_decorator.py took 0.352 seconds
[2024-05-23T19:30:25.385+0000] {processor.py:161} INFO - Started process (PID=589) to work on /home/airflow/.local/lib/python3.12/site-packages/airflow/example_dags/example_python_decorator.py
[2024-05-23T19:30:25.387+0000] {processor.py:830} INFO - Processing file /home/airflow/.local/lib/python3.12/site-packages/airflow/example_dags/example_python_decorator.py for tasks to queue
[2024-05-23T19:30:25.391+0000] {logging_mixin.py:188} INFO - [2024-05-23T19:30:25.390+0000] {dagbag.py:545} INFO - Filling up the DagBag from /home/airflow/.local/lib/python3.12/site-packages/airflow/example_dags/example_python_decorator.py
[2024-05-23T19:30:25.413+0000] {processor.py:840} INFO - DAG(s) 'example_python_decorator' retrieved from /home/airflow/.local/lib/python3.12/site-packages/airflow/example_dags/example_python_decorator.py
[2024-05-23T19:30:25.453+0000] {logging_mixin.py:188} INFO - [2024-05-23T19:30:25.452+0000] {dag.py:3096} INFO - Sync 1 DAGs
[2024-05-23T19:30:25.474+0000] {logging_mixin.py:188} INFO - [2024-05-23T19:30:25.473+0000] {dag.py:3954} INFO - Setting next_dagrun for example_python_decorator to None, run_after=None
[2024-05-23T19:30:25.506+0000] {processor.py:183} INFO - Processing /home/airflow/.local/lib/python3.12/site-packages/airflow/example_dags/example_python_decorator.py took 0.131 seconds
[2024-05-23T19:30:55.737+0000] {processor.py:161} INFO - Started process (PID=851) to work on /home/airflow/.local/lib/python3.12/site-packages/airflow/example_dags/example_python_decorator.py
[2024-05-23T19:30:55.739+0000] {processor.py:830} INFO - Processing file /home/airflow/.local/lib/python3.12/site-packages/airflow/example_dags/example_python_decorator.py for tasks to queue
[2024-05-23T19:30:55.742+0000] {logging_mixin.py:188} INFO - [2024-05-23T19:30:55.742+0000] {dagbag.py:545} INFO - Filling up the DagBag from /home/airflow/.local/lib/python3.12/site-packages/airflow/example_dags/example_python_decorator.py
[2024-05-23T19:30:55.764+0000] {processor.py:840} INFO - DAG(s) 'example_python_decorator' retrieved from /home/airflow/.local/lib/python3.12/site-packages/airflow/example_dags/example_python_decorator.py
[2024-05-23T19:30:55.801+0000] {logging_mixin.py:188} INFO - [2024-05-23T19:30:55.800+0000] {dag.py:3096} INFO - Sync 1 DAGs
[2024-05-23T19:30:55.821+0000] {logging_mixin.py:188} INFO - [2024-05-23T19:30:55.821+0000] {dag.py:3954} INFO - Setting next_dagrun for example_python_decorator to None, run_after=None
[2024-05-23T19:30:55.851+0000] {processor.py:183} INFO - Processing /home/airflow/.local/lib/python3.12/site-packages/airflow/example_dags/example_python_decorator.py took 0.123 seconds
[2024-05-23T19:31:25.915+0000] {processor.py:161} INFO - Started process (PID=1113) to work on /home/airflow/.local/lib/python3.12/site-packages/airflow/example_dags/example_python_decorator.py
[2024-05-23T19:31:25.917+0000] {processor.py:830} INFO - Processing file /home/airflow/.local/lib/python3.12/site-packages/airflow/example_dags/example_python_decorator.py for tasks to queue
[2024-05-23T19:31:25.919+0000] {logging_mixin.py:188} INFO - [2024-05-23T19:31:25.919+0000] {dagbag.py:545} INFO - Filling up the DagBag from /home/airflow/.local/lib/python3.12/site-packages/airflow/example_dags/example_python_decorator.py
[2024-05-23T19:31:25.940+0000] {processor.py:840} INFO - DAG(s) 'example_python_decorator' retrieved from /home/airflow/.local/lib/python3.12/site-packages/airflow/example_dags/example_python_decorator.py
[2024-05-23T19:31:25.975+0000] {logging_mixin.py:188} INFO - [2024-05-23T19:31:25.975+0000] {dag.py:3096} INFO - Sync 1 DAGs
[2024-05-23T19:31:25.995+0000] {logging_mixin.py:188} INFO - [2024-05-23T19:31:25.995+0000] {dag.py:3954} INFO - Setting next_dagrun for example_python_decorator to None, run_after=None
[2024-05-23T19:31:26.023+0000] {processor.py:183} INFO - Processing /home/airflow/.local/lib/python3.12/site-packages/airflow/example_dags/example_python_decorator.py took 0.117 seconds
[2024-05-23T19:31:56.215+0000] {processor.py:161} INFO - Started process (PID=1375) to work on /home/airflow/.local/lib/python3.12/site-packages/airflow/example_dags/example_python_decorator.py
[2024-05-23T19:31:56.216+0000] {processor.py:830} INFO - Processing file /home/airflow/.local/lib/python3.12/site-packages/airflow/example_dags/example_python_decorator.py for tasks to queue
[2024-05-23T19:31:56.219+0000] {logging_mixin.py:188} INFO - [2024-05-23T19:31:56.219+0000] {dagbag.py:545} INFO - Filling up the DagBag from /home/airflow/.local/lib/python3.12/site-packages/airflow/example_dags/example_python_decorator.py
[2024-05-23T19:31:56.240+0000] {processor.py:840} INFO - DAG(s) 'example_python_decorator' retrieved from /home/airflow/.local/lib/python3.12/site-packages/airflow/example_dags/example_python_decorator.py
[2024-05-23T19:31:56.279+0000] {logging_mixin.py:188} INFO - [2024-05-23T19:31:56.278+0000] {dag.py:3096} INFO - Sync 1 DAGs
[2024-05-23T19:31:56.305+0000] {logging_mixin.py:188} INFO - [2024-05-23T19:31:56.305+0000] {dag.py:3954} INFO - Setting next_dagrun for example_python_decorator to None, run_after=None
[2024-05-23T19:31:56.333+0000] {processor.py:183} INFO - Processing /home/airflow/.local/lib/python3.12/site-packages/airflow/example_dags/example_python_decorator.py took 0.128 seconds
[2024-05-23T19:32:26.765+0000] {processor.py:161} INFO - Started process (PID=1637) to work on /home/airflow/.local/lib/python3.12/site-packages/airflow/example_dags/example_python_decorator.py
[2024-05-23T19:32:26.767+0000] {processor.py:830} INFO - Processing file /home/airflow/.local/lib/python3.12/site-packages/airflow/example_dags/example_python_decorator.py for tasks to queue
[2024-05-23T19:32:26.770+0000] {logging_mixin.py:188} INFO - [2024-05-23T19:32:26.769+0000] {dagbag.py:545} INFO - Filling up the DagBag from /home/airflow/.local/lib/python3.12/site-packages/airflow/example_dags/example_python_decorator.py
[2024-05-23T19:32:26.793+0000] {processor.py:840} INFO - DAG(s) 'example_python_decorator' retrieved from /home/airflow/.local/lib/python3.12/site-packages/airflow/example_dags/example_python_decorator.py
[2024-05-23T19:32:26.833+0000] {logging_mixin.py:188} INFO - [2024-05-23T19:32:26.832+0000] {dag.py:3096} INFO - Sync 1 DAGs
[2024-05-23T19:32:26.856+0000] {logging_mixin.py:188} INFO - [2024-05-23T19:32:26.855+0000] {dag.py:3954} INFO - Setting next_dagrun for example_python_decorator to None, run_after=None
[2024-05-23T19:32:26.888+0000] {processor.py:183} INFO - Processing /home/airflow/.local/lib/python3.12/site-packages/airflow/example_dags/example_python_decorator.py took 0.134 seconds
[2024-05-23T19:32:57.089+0000] {processor.py:161} INFO - Started process (PID=1899) to work on /home/airflow/.local/lib/python3.12/site-packages/airflow/example_dags/example_python_decorator.py
[2024-05-23T19:32:57.091+0000] {processor.py:830} INFO - Processing file /home/airflow/.local/lib/python3.12/site-packages/airflow/example_dags/example_python_decorator.py for tasks to queue
[2024-05-23T19:32:57.094+0000] {logging_mixin.py:188} INFO - [2024-05-23T19:32:57.093+0000] {dagbag.py:545} INFO - Filling up the DagBag from /home/airflow/.local/lib/python3.12/site-packages/airflow/example_dags/example_python_decorator.py
[2024-05-23T19:32:57.120+0000] {processor.py:840} INFO - DAG(s) 'example_python_decorator' retrieved from /home/airflow/.local/lib/python3.12/site-packages/airflow/example_dags/example_python_decorator.py
[2024-05-23T19:32:57.166+0000] {logging_mixin.py:188} INFO - [2024-05-23T19:32:57.165+0000] {dag.py:3096} INFO - Sync 1 DAGs
[2024-05-23T19:32:57.189+0000] {logging_mixin.py:188} INFO - [2024-05-23T19:32:57.189+0000] {dag.py:3954} INFO - Setting next_dagrun for example_python_decorator to None, run_after=None
[2024-05-23T19:32:57.221+0000] {processor.py:183} INFO - Processing /home/airflow/.local/lib/python3.12/site-packages/airflow/example_dags/example_python_decorator.py took 0.141 seconds
[2024-05-23T19:33:27.596+0000] {processor.py:161} INFO - Started process (PID=2163) to work on /home/airflow/.local/lib/python3.12/site-packages/airflow/example_dags/example_python_decorator.py
[2024-05-23T19:33:27.598+0000] {processor.py:830} INFO - Processing file /home/airflow/.local/lib/python3.12/site-packages/airflow/example_dags/example_python_decorator.py for tasks to queue
[2024-05-23T19:33:27.601+0000] {logging_mixin.py:188} INFO - [2024-05-23T19:33:27.601+0000] {dagbag.py:545} INFO - Filling up the DagBag from /home/airflow/.local/lib/python3.12/site-packages/airflow/example_dags/example_python_decorator.py
[2024-05-23T19:33:27.623+0000] {processor.py:840} INFO - DAG(s) 'example_python_decorator' retrieved from /home/airflow/.local/lib/python3.12/site-packages/airflow/example_dags/example_python_decorator.py
[2024-05-23T19:33:27.661+0000] {logging_mixin.py:188} INFO - [2024-05-23T19:33:27.661+0000] {dag.py:3096} INFO - Sync 1 DAGs
[2024-05-23T19:33:27.682+0000] {logging_mixin.py:188} INFO - [2024-05-23T19:33:27.681+0000] {dag.py:3954} INFO - Setting next_dagrun for example_python_decorator to None, run_after=None
[2024-05-23T19:33:27.718+0000] {processor.py:183} INFO - Processing /home/airflow/.local/lib/python3.12/site-packages/airflow/example_dags/example_python_decorator.py took 0.134 seconds
[2024-05-23T19:33:58.237+0000] {processor.py:161} INFO - Started process (PID=2423) to work on /home/airflow/.local/lib/python3.12/site-packages/airflow/example_dags/example_python_decorator.py
[2024-05-23T19:33:58.239+0000] {processor.py:830} INFO - Processing file /home/airflow/.local/lib/python3.12/site-packages/airflow/example_dags/example_python_decorator.py for tasks to queue
[2024-05-23T19:33:58.242+0000] {logging_mixin.py:188} INFO - [2024-05-23T19:33:58.242+0000] {dagbag.py:545} INFO - Filling up the DagBag from /home/airflow/.local/lib/python3.12/site-packages/airflow/example_dags/example_python_decorator.py
[2024-05-23T19:33:58.265+0000] {processor.py:840} INFO - DAG(s) 'example_python_decorator' retrieved from /home/airflow/.local/lib/python3.12/site-packages/airflow/example_dags/example_python_decorator.py
[2024-05-23T19:33:58.305+0000] {logging_mixin.py:188} INFO - [2024-05-23T19:33:58.305+0000] {dag.py:3096} INFO - Sync 1 DAGs
[2024-05-23T19:33:58.328+0000] {logging_mixin.py:188} INFO - [2024-05-23T19:33:58.328+0000] {dag.py:3954} INFO - Setting next_dagrun for example_python_decorator to None, run_after=None
[2024-05-23T19:33:58.361+0000] {processor.py:183} INFO - Processing /home/airflow/.local/lib/python3.12/site-packages/airflow/example_dags/example_python_decorator.py took 0.135 seconds
[2024-05-23T19:34:28.608+0000] {processor.py:161} INFO - Started process (PID=2684) to work on /home/airflow/.local/lib/python3.12/site-packages/airflow/example_dags/example_python_decorator.py
[2024-05-23T19:34:28.610+0000] {processor.py:830} INFO - Processing file /home/airflow/.local/lib/python3.12/site-packages/airflow/example_dags/example_python_decorator.py for tasks to queue
[2024-05-23T19:34:28.613+0000] {logging_mixin.py:188} INFO - [2024-05-23T19:34:28.613+0000] {dagbag.py:545} INFO - Filling up the DagBag from /home/airflow/.local/lib/python3.12/site-packages/airflow/example_dags/example_python_decorator.py
[2024-05-23T19:34:28.635+0000] {processor.py:840} INFO - DAG(s) 'example_python_decorator' retrieved from /home/airflow/.local/lib/python3.12/site-packages/airflow/example_dags/example_python_decorator.py
[2024-05-23T19:34:28.674+0000] {logging_mixin.py:188} INFO - [2024-05-23T19:34:28.674+0000] {dag.py:3096} INFO - Sync 1 DAGs
[2024-05-23T19:34:28.695+0000] {logging_mixin.py:188} INFO - [2024-05-23T19:34:28.695+0000] {dag.py:3954} INFO - Setting next_dagrun for example_python_decorator to None, run_after=None
[2024-05-23T19:34:28.727+0000] {processor.py:183} INFO - Processing /home/airflow/.local/lib/python3.12/site-packages/airflow/example_dags/example_python_decorator.py took 0.129 seconds
[2024-05-23T19:34:59.338+0000] {processor.py:161} INFO - Started process (PID=2968) to work on /home/airflow/.local/lib/python3.12/site-packages/airflow/example_dags/example_python_decorator.py
[2024-05-23T19:34:59.340+0000] {processor.py:830} INFO - Processing file /home/airflow/.local/lib/python3.12/site-packages/airflow/example_dags/example_python_decorator.py for tasks to queue
[2024-05-23T19:34:59.344+0000] {logging_mixin.py:188} INFO - [2024-05-23T19:34:59.343+0000] {dagbag.py:545} INFO - Filling up the DagBag from /home/airflow/.local/lib/python3.12/site-packages/airflow/example_dags/example_python_decorator.py
[2024-05-23T19:34:59.369+0000] {processor.py:840} INFO - DAG(s) 'example_python_decorator' retrieved from /home/airflow/.local/lib/python3.12/site-packages/airflow/example_dags/example_python_decorator.py
[2024-05-23T19:34:59.412+0000] {logging_mixin.py:188} INFO - [2024-05-23T19:34:59.411+0000] {dag.py:3096} INFO - Sync 1 DAGs
[2024-05-23T19:34:59.435+0000] {logging_mixin.py:188} INFO - [2024-05-23T19:34:59.434+0000] {dag.py:3954} INFO - Setting next_dagrun for example_python_decorator to None, run_after=None
[2024-05-23T19:34:59.477+0000] {processor.py:183} INFO - Processing /home/airflow/.local/lib/python3.12/site-packages/airflow/example_dags/example_python_decorator.py took 0.149 seconds
[2024-05-23T19:35:29.743+0000] {processor.py:161} INFO - Started process (PID=3233) to work on /home/airflow/.local/lib/python3.12/site-packages/airflow/example_dags/example_python_decorator.py
[2024-05-23T19:35:29.745+0000] {processor.py:830} INFO - Processing file /home/airflow/.local/lib/python3.12/site-packages/airflow/example_dags/example_python_decorator.py for tasks to queue
[2024-05-23T19:35:29.748+0000] {logging_mixin.py:188} INFO - [2024-05-23T19:35:29.747+0000] {dagbag.py:545} INFO - Filling up the DagBag from /home/airflow/.local/lib/python3.12/site-packages/airflow/example_dags/example_python_decorator.py
[2024-05-23T19:35:29.771+0000] {processor.py:840} INFO - DAG(s) 'example_python_decorator' retrieved from /home/airflow/.local/lib/python3.12/site-packages/airflow/example_dags/example_python_decorator.py
[2024-05-23T19:35:29.813+0000] {logging_mixin.py:188} INFO - [2024-05-23T19:35:29.813+0000] {dag.py:3096} INFO - Sync 1 DAGs
[2024-05-23T19:35:29.838+0000] {logging_mixin.py:188} INFO - [2024-05-23T19:35:29.838+0000] {dag.py:3954} INFO - Setting next_dagrun for example_python_decorator to None, run_after=None
[2024-05-23T19:35:29.872+0000] {processor.py:183} INFO - Processing /home/airflow/.local/lib/python3.12/site-packages/airflow/example_dags/example_python_decorator.py took 0.140 seconds
[2024-05-23T19:36:00.096+0000] {processor.py:161} INFO - Started process (PID=3495) to work on /home/airflow/.local/lib/python3.12/site-packages/airflow/example_dags/example_python_decorator.py
[2024-05-23T19:36:00.098+0000] {processor.py:830} INFO - Processing file /home/airflow/.local/lib/python3.12/site-packages/airflow/example_dags/example_python_decorator.py for tasks to queue
[2024-05-23T19:36:00.102+0000] {logging_mixin.py:188} INFO - [2024-05-23T19:36:00.101+0000] {dagbag.py:545} INFO - Filling up the DagBag from /home/airflow/.local/lib/python3.12/site-packages/airflow/example_dags/example_python_decorator.py
[2024-05-23T19:36:00.123+0000] {processor.py:840} INFO - DAG(s) 'example_python_decorator' retrieved from /home/airflow/.local/lib/python3.12/site-packages/airflow/example_dags/example_python_decorator.py
[2024-05-23T19:36:00.161+0000] {logging_mixin.py:188} INFO - [2024-05-23T19:36:00.161+0000] {dag.py:3096} INFO - Sync 1 DAGs
[2024-05-23T19:36:00.183+0000] {logging_mixin.py:188} INFO - [2024-05-23T19:36:00.183+0000] {dag.py:3954} INFO - Setting next_dagrun for example_python_decorator to None, run_after=None
[2024-05-23T19:36:00.215+0000] {processor.py:183} INFO - Processing /home/airflow/.local/lib/python3.12/site-packages/airflow/example_dags/example_python_decorator.py took 0.131 seconds
[2024-05-23T19:36:30.542+0000] {processor.py:161} INFO - Started process (PID=3759) to work on /home/airflow/.local/lib/python3.12/site-packages/airflow/example_dags/example_python_decorator.py
[2024-05-23T19:36:30.545+0000] {processor.py:830} INFO - Processing file /home/airflow/.local/lib/python3.12/site-packages/airflow/example_dags/example_python_decorator.py for tasks to queue
[2024-05-23T19:36:30.549+0000] {logging_mixin.py:188} INFO - [2024-05-23T19:36:30.548+0000] {dagbag.py:545} INFO - Filling up the DagBag from /home/airflow/.local/lib/python3.12/site-packages/airflow/example_dags/example_python_decorator.py
[2024-05-23T19:36:30.570+0000] {processor.py:840} INFO - DAG(s) 'example_python_decorator' retrieved from /home/airflow/.local/lib/python3.12/site-packages/airflow/example_dags/example_python_decorator.py
[2024-05-23T19:36:30.604+0000] {logging_mixin.py:188} INFO - [2024-05-23T19:36:30.604+0000] {dag.py:3096} INFO - Sync 1 DAGs
[2024-05-23T19:36:30.622+0000] {logging_mixin.py:188} INFO - [2024-05-23T19:36:30.622+0000] {dag.py:3954} INFO - Setting next_dagrun for example_python_decorator to None, run_after=None
[2024-05-23T19:36:30.647+0000] {processor.py:183} INFO - Processing /home/airflow/.local/lib/python3.12/site-packages/airflow/example_dags/example_python_decorator.py took 0.114 seconds
[2024-05-23T19:37:01.037+0000] {processor.py:161} INFO - Started process (PID=4020) to work on /home/airflow/.local/lib/python3.12/site-packages/airflow/example_dags/example_python_decorator.py
[2024-05-23T19:37:01.039+0000] {processor.py:830} INFO - Processing file /home/airflow/.local/lib/python3.12/site-packages/airflow/example_dags/example_python_decorator.py for tasks to queue
[2024-05-23T19:37:01.043+0000] {logging_mixin.py:188} INFO - [2024-05-23T19:37:01.042+0000] {dagbag.py:545} INFO - Filling up the DagBag from /home/airflow/.local/lib/python3.12/site-packages/airflow/example_dags/example_python_decorator.py
[2024-05-23T19:37:01.065+0000] {processor.py:840} INFO - DAG(s) 'example_python_decorator' retrieved from /home/airflow/.local/lib/python3.12/site-packages/airflow/example_dags/example_python_decorator.py
[2024-05-23T19:37:01.103+0000] {logging_mixin.py:188} INFO - [2024-05-23T19:37:01.103+0000] {dag.py:3096} INFO - Sync 1 DAGs
[2024-05-23T19:37:01.124+0000] {logging_mixin.py:188} INFO - [2024-05-23T19:37:01.124+0000] {dag.py:3954} INFO - Setting next_dagrun for example_python_decorator to None, run_after=None
[2024-05-23T19:37:01.156+0000] {processor.py:183} INFO - Processing /home/airflow/.local/lib/python3.12/site-packages/airflow/example_dags/example_python_decorator.py took 0.128 seconds
[2024-05-23T19:37:32.013+0000] {processor.py:161} INFO - Started process (PID=4281) to work on /home/airflow/.local/lib/python3.12/site-packages/airflow/example_dags/example_python_decorator.py
[2024-05-23T19:37:32.015+0000] {processor.py:830} INFO - Processing file /home/airflow/.local/lib/python3.12/site-packages/airflow/example_dags/example_python_decorator.py for tasks to queue
[2024-05-23T19:37:32.017+0000] {logging_mixin.py:188} INFO - [2024-05-23T19:37:32.017+0000] {dagbag.py:545} INFO - Filling up the DagBag from /home/airflow/.local/lib/python3.12/site-packages/airflow/example_dags/example_python_decorator.py
[2024-05-23T19:37:32.038+0000] {processor.py:840} INFO - DAG(s) 'example_python_decorator' retrieved from /home/airflow/.local/lib/python3.12/site-packages/airflow/example_dags/example_python_decorator.py
[2024-05-23T19:37:32.075+0000] {logging_mixin.py:188} INFO - [2024-05-23T19:37:32.075+0000] {dag.py:3096} INFO - Sync 1 DAGs
[2024-05-23T19:37:32.100+0000] {logging_mixin.py:188} INFO - [2024-05-23T19:37:32.100+0000] {dag.py:3954} INFO - Setting next_dagrun for example_python_decorator to None, run_after=None
[2024-05-23T19:37:32.126+0000] {processor.py:183} INFO - Processing /home/airflow/.local/lib/python3.12/site-packages/airflow/example_dags/example_python_decorator.py took 0.124 seconds
[2024-05-23T19:38:02.888+0000] {processor.py:161} INFO - Started process (PID=4543) to work on /home/airflow/.local/lib/python3.12/site-packages/airflow/example_dags/example_python_decorator.py
[2024-05-23T19:38:02.889+0000] {processor.py:830} INFO - Processing file /home/airflow/.local/lib/python3.12/site-packages/airflow/example_dags/example_python_decorator.py for tasks to queue
[2024-05-23T19:38:02.892+0000] {logging_mixin.py:188} INFO - [2024-05-23T19:38:02.891+0000] {dagbag.py:545} INFO - Filling up the DagBag from /home/airflow/.local/lib/python3.12/site-packages/airflow/example_dags/example_python_decorator.py
[2024-05-23T19:38:02.909+0000] {processor.py:840} INFO - DAG(s) 'example_python_decorator' retrieved from /home/airflow/.local/lib/python3.12/site-packages/airflow/example_dags/example_python_decorator.py
[2024-05-23T19:38:02.936+0000] {logging_mixin.py:188} INFO - [2024-05-23T19:38:02.935+0000] {dag.py:3096} INFO - Sync 1 DAGs
[2024-05-23T19:38:02.953+0000] {logging_mixin.py:188} INFO - [2024-05-23T19:38:02.953+0000] {dag.py:3954} INFO - Setting next_dagrun for example_python_decorator to None, run_after=None
[2024-05-23T19:38:02.977+0000] {processor.py:183} INFO - Processing /home/airflow/.local/lib/python3.12/site-packages/airflow/example_dags/example_python_decorator.py took 0.096 seconds
[2024-05-23T19:38:33.281+0000] {processor.py:161} INFO - Started process (PID=4805) to work on /home/airflow/.local/lib/python3.12/site-packages/airflow/example_dags/example_python_decorator.py
[2024-05-23T19:38:33.282+0000] {processor.py:830} INFO - Processing file /home/airflow/.local/lib/python3.12/site-packages/airflow/example_dags/example_python_decorator.py for tasks to queue
[2024-05-23T19:38:33.285+0000] {logging_mixin.py:188} INFO - [2024-05-23T19:38:33.285+0000] {dagbag.py:545} INFO - Filling up the DagBag from /home/airflow/.local/lib/python3.12/site-packages/airflow/example_dags/example_python_decorator.py
[2024-05-23T19:38:33.304+0000] {processor.py:840} INFO - DAG(s) 'example_python_decorator' retrieved from /home/airflow/.local/lib/python3.12/site-packages/airflow/example_dags/example_python_decorator.py
[2024-05-23T19:38:33.337+0000] {logging_mixin.py:188} INFO - [2024-05-23T19:38:33.337+0000] {dag.py:3096} INFO - Sync 1 DAGs
[2024-05-23T19:38:33.361+0000] {logging_mixin.py:188} INFO - [2024-05-23T19:38:33.361+0000] {dag.py:3954} INFO - Setting next_dagrun for example_python_decorator to None, run_after=None
[2024-05-23T19:38:33.387+0000] {processor.py:183} INFO - Processing /home/airflow/.local/lib/python3.12/site-packages/airflow/example_dags/example_python_decorator.py took 0.116 seconds
[2024-05-23T19:39:03.866+0000] {processor.py:161} INFO - Started process (PID=5067) to work on /home/airflow/.local/lib/python3.12/site-packages/airflow/example_dags/example_python_decorator.py
[2024-05-23T19:39:03.867+0000] {processor.py:830} INFO - Processing file /home/airflow/.local/lib/python3.12/site-packages/airflow/example_dags/example_python_decorator.py for tasks to queue
[2024-05-23T19:39:03.870+0000] {logging_mixin.py:188} INFO - [2024-05-23T19:39:03.869+0000] {dagbag.py:545} INFO - Filling up the DagBag from /home/airflow/.local/lib/python3.12/site-packages/airflow/example_dags/example_python_decorator.py
[2024-05-23T19:39:03.892+0000] {processor.py:840} INFO - DAG(s) 'example_python_decorator' retrieved from /home/airflow/.local/lib/python3.12/site-packages/airflow/example_dags/example_python_decorator.py
[2024-05-23T19:39:03.926+0000] {logging_mixin.py:188} INFO - [2024-05-23T19:39:03.926+0000] {dag.py:3096} INFO - Sync 1 DAGs
[2024-05-23T19:39:03.951+0000] {logging_mixin.py:188} INFO - [2024-05-23T19:39:03.951+0000] {dag.py:3954} INFO - Setting next_dagrun for example_python_decorator to None, run_after=None
[2024-05-23T19:39:03.980+0000] {processor.py:183} INFO - Processing /home/airflow/.local/lib/python3.12/site-packages/airflow/example_dags/example_python_decorator.py took 0.123 seconds
[2024-05-23T19:39:34.497+0000] {processor.py:161} INFO - Started process (PID=5329) to work on /home/airflow/.local/lib/python3.12/site-packages/airflow/example_dags/example_python_decorator.py
[2024-05-23T19:39:34.499+0000] {processor.py:830} INFO - Processing file /home/airflow/.local/lib/python3.12/site-packages/airflow/example_dags/example_python_decorator.py for tasks to queue
[2024-05-23T19:39:34.502+0000] {logging_mixin.py:188} INFO - [2024-05-23T19:39:34.501+0000] {dagbag.py:545} INFO - Filling up the DagBag from /home/airflow/.local/lib/python3.12/site-packages/airflow/example_dags/example_python_decorator.py
[2024-05-23T19:39:34.522+0000] {processor.py:840} INFO - DAG(s) 'example_python_decorator' retrieved from /home/airflow/.local/lib/python3.12/site-packages/airflow/example_dags/example_python_decorator.py
[2024-05-23T19:39:34.555+0000] {logging_mixin.py:188} INFO - [2024-05-23T19:39:34.555+0000] {dag.py:3096} INFO - Sync 1 DAGs
[2024-05-23T19:39:34.576+0000] {logging_mixin.py:188} INFO - [2024-05-23T19:39:34.576+0000] {dag.py:3954} INFO - Setting next_dagrun for example_python_decorator to None, run_after=None
[2024-05-23T19:39:34.602+0000] {processor.py:183} INFO - Processing /home/airflow/.local/lib/python3.12/site-packages/airflow/example_dags/example_python_decorator.py took 0.114 seconds
[2024-05-23T19:40:05.187+0000] {processor.py:161} INFO - Started process (PID=5591) to work on /home/airflow/.local/lib/python3.12/site-packages/airflow/example_dags/example_python_decorator.py
[2024-05-23T19:40:05.189+0000] {processor.py:830} INFO - Processing file /home/airflow/.local/lib/python3.12/site-packages/airflow/example_dags/example_python_decorator.py for tasks to queue
[2024-05-23T19:40:05.193+0000] {logging_mixin.py:188} INFO - [2024-05-23T19:40:05.192+0000] {dagbag.py:545} INFO - Filling up the DagBag from /home/airflow/.local/lib/python3.12/site-packages/airflow/example_dags/example_python_decorator.py
[2024-05-23T19:40:05.214+0000] {processor.py:840} INFO - DAG(s) 'example_python_decorator' retrieved from /home/airflow/.local/lib/python3.12/site-packages/airflow/example_dags/example_python_decorator.py
[2024-05-23T19:40:05.249+0000] {logging_mixin.py:188} INFO - [2024-05-23T19:40:05.249+0000] {dag.py:3096} INFO - Sync 1 DAGs
[2024-05-23T19:40:05.272+0000] {logging_mixin.py:188} INFO - [2024-05-23T19:40:05.272+0000] {dag.py:3954} INFO - Setting next_dagrun for example_python_decorator to None, run_after=None
[2024-05-23T19:40:05.300+0000] {processor.py:183} INFO - Processing /home/airflow/.local/lib/python3.12/site-packages/airflow/example_dags/example_python_decorator.py took 0.122 seconds
[2024-05-23T19:40:35.761+0000] {processor.py:161} INFO - Started process (PID=5853) to work on /home/airflow/.local/lib/python3.12/site-packages/airflow/example_dags/example_python_decorator.py
[2024-05-23T19:40:35.768+0000] {processor.py:830} INFO - Processing file /home/airflow/.local/lib/python3.12/site-packages/airflow/example_dags/example_python_decorator.py for tasks to queue
[2024-05-23T19:40:35.773+0000] {logging_mixin.py:188} INFO - [2024-05-23T19:40:35.773+0000] {dagbag.py:545} INFO - Filling up the DagBag from /home/airflow/.local/lib/python3.12/site-packages/airflow/example_dags/example_python_decorator.py
[2024-05-23T19:40:35.806+0000] {processor.py:840} INFO - DAG(s) 'example_python_decorator' retrieved from /home/airflow/.local/lib/python3.12/site-packages/airflow/example_dags/example_python_decorator.py
[2024-05-23T19:40:35.851+0000] {logging_mixin.py:188} INFO - [2024-05-23T19:40:35.851+0000] {dag.py:3096} INFO - Sync 1 DAGs
[2024-05-23T19:40:35.874+0000] {logging_mixin.py:188} INFO - [2024-05-23T19:40:35.874+0000] {dag.py:3954} INFO - Setting next_dagrun for example_python_decorator to None, run_after=None
[2024-05-23T19:40:35.911+0000] {processor.py:183} INFO - Processing /home/airflow/.local/lib/python3.12/site-packages/airflow/example_dags/example_python_decorator.py took 0.164 seconds
[2024-05-23T19:41:05.968+0000] {processor.py:161} INFO - Started process (PID=6111) to work on /home/airflow/.local/lib/python3.12/site-packages/airflow/example_dags/example_python_decorator.py
[2024-05-23T19:41:05.969+0000] {processor.py:830} INFO - Processing file /home/airflow/.local/lib/python3.12/site-packages/airflow/example_dags/example_python_decorator.py for tasks to queue
[2024-05-23T19:41:05.972+0000] {logging_mixin.py:188} INFO - [2024-05-23T19:41:05.972+0000] {dagbag.py:545} INFO - Filling up the DagBag from /home/airflow/.local/lib/python3.12/site-packages/airflow/example_dags/example_python_decorator.py
[2024-05-23T19:41:05.993+0000] {processor.py:840} INFO - DAG(s) 'example_python_decorator' retrieved from /home/airflow/.local/lib/python3.12/site-packages/airflow/example_dags/example_python_decorator.py
[2024-05-23T19:41:06.029+0000] {logging_mixin.py:188} INFO - [2024-05-23T19:41:06.029+0000] {dag.py:3096} INFO - Sync 1 DAGs
[2024-05-23T19:41:06.049+0000] {logging_mixin.py:188} INFO - [2024-05-23T19:41:06.049+0000] {dag.py:3954} INFO - Setting next_dagrun for example_python_decorator to None, run_after=None
[2024-05-23T19:41:06.082+0000] {processor.py:183} INFO - Processing /home/airflow/.local/lib/python3.12/site-packages/airflow/example_dags/example_python_decorator.py took 0.125 seconds
[2024-05-23T19:41:36.270+0000] {processor.py:161} INFO - Started process (PID=6373) to work on /home/airflow/.local/lib/python3.12/site-packages/airflow/example_dags/example_python_decorator.py
[2024-05-23T19:41:36.272+0000] {processor.py:830} INFO - Processing file /home/airflow/.local/lib/python3.12/site-packages/airflow/example_dags/example_python_decorator.py for tasks to queue
[2024-05-23T19:41:36.275+0000] {logging_mixin.py:188} INFO - [2024-05-23T19:41:36.275+0000] {dagbag.py:545} INFO - Filling up the DagBag from /home/airflow/.local/lib/python3.12/site-packages/airflow/example_dags/example_python_decorator.py
[2024-05-23T19:41:36.298+0000] {processor.py:840} INFO - DAG(s) 'example_python_decorator' retrieved from /home/airflow/.local/lib/python3.12/site-packages/airflow/example_dags/example_python_decorator.py
[2024-05-23T19:41:36.333+0000] {logging_mixin.py:188} INFO - [2024-05-23T19:41:36.333+0000] {dag.py:3096} INFO - Sync 1 DAGs
[2024-05-23T19:41:36.352+0000] {logging_mixin.py:188} INFO - [2024-05-23T19:41:36.352+0000] {dag.py:3954} INFO - Setting next_dagrun for example_python_decorator to None, run_after=None
[2024-05-23T19:41:36.378+0000] {processor.py:183} INFO - Processing /home/airflow/.local/lib/python3.12/site-packages/airflow/example_dags/example_python_decorator.py took 0.117 seconds
[2024-05-23T19:42:07.348+0000] {processor.py:161} INFO - Started process (PID=6635) to work on /home/airflow/.local/lib/python3.12/site-packages/airflow/example_dags/example_python_decorator.py
[2024-05-23T19:42:07.351+0000] {processor.py:830} INFO - Processing file /home/airflow/.local/lib/python3.12/site-packages/airflow/example_dags/example_python_decorator.py for tasks to queue
[2024-05-23T19:42:07.357+0000] {logging_mixin.py:188} INFO - [2024-05-23T19:42:07.356+0000] {dagbag.py:545} INFO - Filling up the DagBag from /home/airflow/.local/lib/python3.12/site-packages/airflow/example_dags/example_python_decorator.py
[2024-05-23T19:42:07.394+0000] {processor.py:840} INFO - DAG(s) 'example_python_decorator' retrieved from /home/airflow/.local/lib/python3.12/site-packages/airflow/example_dags/example_python_decorator.py
[2024-05-23T19:42:07.455+0000] {logging_mixin.py:188} INFO - [2024-05-23T19:42:07.454+0000] {dag.py:3096} INFO - Sync 1 DAGs
[2024-05-23T19:42:07.482+0000] {logging_mixin.py:188} INFO - [2024-05-23T19:42:07.482+0000] {dag.py:3954} INFO - Setting next_dagrun for example_python_decorator to None, run_after=None
[2024-05-23T19:42:07.531+0000] {processor.py:183} INFO - Processing /home/airflow/.local/lib/python3.12/site-packages/airflow/example_dags/example_python_decorator.py took 0.195 seconds
[2024-05-23T19:42:38.085+0000] {processor.py:161} INFO - Started process (PID=6897) to work on /home/airflow/.local/lib/python3.12/site-packages/airflow/example_dags/example_python_decorator.py
[2024-05-23T19:42:38.087+0000] {processor.py:830} INFO - Processing file /home/airflow/.local/lib/python3.12/site-packages/airflow/example_dags/example_python_decorator.py for tasks to queue
[2024-05-23T19:42:38.089+0000] {logging_mixin.py:188} INFO - [2024-05-23T19:42:38.089+0000] {dagbag.py:545} INFO - Filling up the DagBag from /home/airflow/.local/lib/python3.12/site-packages/airflow/example_dags/example_python_decorator.py
[2024-05-23T19:42:38.108+0000] {processor.py:840} INFO - DAG(s) 'example_python_decorator' retrieved from /home/airflow/.local/lib/python3.12/site-packages/airflow/example_dags/example_python_decorator.py
[2024-05-23T19:42:38.139+0000] {logging_mixin.py:188} INFO - [2024-05-23T19:42:38.138+0000] {dag.py:3096} INFO - Sync 1 DAGs
[2024-05-23T19:42:38.157+0000] {logging_mixin.py:188} INFO - [2024-05-23T19:42:38.157+0000] {dag.py:3954} INFO - Setting next_dagrun for example_python_decorator to None, run_after=None
[2024-05-23T19:42:38.181+0000] {processor.py:183} INFO - Processing /home/airflow/.local/lib/python3.12/site-packages/airflow/example_dags/example_python_decorator.py took 0.104 seconds
[2024-05-23T19:43:08.448+0000] {processor.py:161} INFO - Started process (PID=7159) to work on /home/airflow/.local/lib/python3.12/site-packages/airflow/example_dags/example_python_decorator.py
[2024-05-23T19:43:08.450+0000] {processor.py:830} INFO - Processing file /home/airflow/.local/lib/python3.12/site-packages/airflow/example_dags/example_python_decorator.py for tasks to queue
[2024-05-23T19:43:08.452+0000] {logging_mixin.py:188} INFO - [2024-05-23T19:43:08.452+0000] {dagbag.py:545} INFO - Filling up the DagBag from /home/airflow/.local/lib/python3.12/site-packages/airflow/example_dags/example_python_decorator.py
[2024-05-23T19:43:08.471+0000] {processor.py:840} INFO - DAG(s) 'example_python_decorator' retrieved from /home/airflow/.local/lib/python3.12/site-packages/airflow/example_dags/example_python_decorator.py
[2024-05-23T19:43:08.503+0000] {logging_mixin.py:188} INFO - [2024-05-23T19:43:08.503+0000] {dag.py:3096} INFO - Sync 1 DAGs
[2024-05-23T19:43:08.523+0000] {logging_mixin.py:188} INFO - [2024-05-23T19:43:08.523+0000] {dag.py:3954} INFO - Setting next_dagrun for example_python_decorator to None, run_after=None
[2024-05-23T19:43:08.557+0000] {processor.py:183} INFO - Processing /home/airflow/.local/lib/python3.12/site-packages/airflow/example_dags/example_python_decorator.py took 0.118 seconds
[2024-05-23T19:43:38.965+0000] {processor.py:161} INFO - Started process (PID=7421) to work on /home/airflow/.local/lib/python3.12/site-packages/airflow/example_dags/example_python_decorator.py
[2024-05-23T19:43:38.967+0000] {processor.py:830} INFO - Processing file /home/airflow/.local/lib/python3.12/site-packages/airflow/example_dags/example_python_decorator.py for tasks to queue
[2024-05-23T19:43:38.970+0000] {logging_mixin.py:188} INFO - [2024-05-23T19:43:38.969+0000] {dagbag.py:545} INFO - Filling up the DagBag from /home/airflow/.local/lib/python3.12/site-packages/airflow/example_dags/example_python_decorator.py
[2024-05-23T19:43:38.990+0000] {processor.py:840} INFO - DAG(s) 'example_python_decorator' retrieved from /home/airflow/.local/lib/python3.12/site-packages/airflow/example_dags/example_python_decorator.py
[2024-05-23T19:43:39.025+0000] {logging_mixin.py:188} INFO - [2024-05-23T19:43:39.025+0000] {dag.py:3096} INFO - Sync 1 DAGs
[2024-05-23T19:43:39.044+0000] {logging_mixin.py:188} INFO - [2024-05-23T19:43:39.044+0000] {dag.py:3954} INFO - Setting next_dagrun for example_python_decorator to None, run_after=None
[2024-05-23T19:43:39.074+0000] {processor.py:183} INFO - Processing /home/airflow/.local/lib/python3.12/site-packages/airflow/example_dags/example_python_decorator.py took 0.120 seconds
[2024-05-23T19:44:09.463+0000] {processor.py:161} INFO - Started process (PID=7683) to work on /home/airflow/.local/lib/python3.12/site-packages/airflow/example_dags/example_python_decorator.py
[2024-05-23T19:44:09.465+0000] {processor.py:830} INFO - Processing file /home/airflow/.local/lib/python3.12/site-packages/airflow/example_dags/example_python_decorator.py for tasks to queue
[2024-05-23T19:44:09.468+0000] {logging_mixin.py:188} INFO - [2024-05-23T19:44:09.467+0000] {dagbag.py:545} INFO - Filling up the DagBag from /home/airflow/.local/lib/python3.12/site-packages/airflow/example_dags/example_python_decorator.py
[2024-05-23T19:44:09.486+0000] {processor.py:840} INFO - DAG(s) 'example_python_decorator' retrieved from /home/airflow/.local/lib/python3.12/site-packages/airflow/example_dags/example_python_decorator.py
[2024-05-23T19:44:09.520+0000] {logging_mixin.py:188} INFO - [2024-05-23T19:44:09.520+0000] {dag.py:3096} INFO - Sync 1 DAGs
[2024-05-23T19:44:09.540+0000] {logging_mixin.py:188} INFO - [2024-05-23T19:44:09.540+0000] {dag.py:3954} INFO - Setting next_dagrun for example_python_decorator to None, run_after=None
[2024-05-23T19:44:09.567+0000] {processor.py:183} INFO - Processing /home/airflow/.local/lib/python3.12/site-packages/airflow/example_dags/example_python_decorator.py took 0.112 seconds
[2024-05-23T19:44:39.935+0000] {processor.py:161} INFO - Started process (PID=7945) to work on /home/airflow/.local/lib/python3.12/site-packages/airflow/example_dags/example_python_decorator.py
[2024-05-23T19:44:39.937+0000] {processor.py:830} INFO - Processing file /home/airflow/.local/lib/python3.12/site-packages/airflow/example_dags/example_python_decorator.py for tasks to queue
[2024-05-23T19:44:39.939+0000] {logging_mixin.py:188} INFO - [2024-05-23T19:44:39.939+0000] {dagbag.py:545} INFO - Filling up the DagBag from /home/airflow/.local/lib/python3.12/site-packages/airflow/example_dags/example_python_decorator.py
[2024-05-23T19:44:39.957+0000] {processor.py:840} INFO - DAG(s) 'example_python_decorator' retrieved from /home/airflow/.local/lib/python3.12/site-packages/airflow/example_dags/example_python_decorator.py
[2024-05-23T19:44:39.987+0000] {logging_mixin.py:188} INFO - [2024-05-23T19:44:39.986+0000] {dag.py:3096} INFO - Sync 1 DAGs
[2024-05-23T19:44:40.007+0000] {logging_mixin.py:188} INFO - [2024-05-23T19:44:40.007+0000] {dag.py:3954} INFO - Setting next_dagrun for example_python_decorator to None, run_after=None
[2024-05-23T19:44:40.033+0000] {processor.py:183} INFO - Processing /home/airflow/.local/lib/python3.12/site-packages/airflow/example_dags/example_python_decorator.py took 0.106 seconds
[2024-05-23T19:45:10.117+0000] {processor.py:161} INFO - Started process (PID=8205) to work on /home/airflow/.local/lib/python3.12/site-packages/airflow/example_dags/example_python_decorator.py
[2024-05-23T19:45:10.118+0000] {processor.py:830} INFO - Processing file /home/airflow/.local/lib/python3.12/site-packages/airflow/example_dags/example_python_decorator.py for tasks to queue
[2024-05-23T19:45:10.121+0000] {logging_mixin.py:188} INFO - [2024-05-23T19:45:10.121+0000] {dagbag.py:545} INFO - Filling up the DagBag from /home/airflow/.local/lib/python3.12/site-packages/airflow/example_dags/example_python_decorator.py
[2024-05-23T19:45:10.139+0000] {processor.py:840} INFO - DAG(s) 'example_python_decorator' retrieved from /home/airflow/.local/lib/python3.12/site-packages/airflow/example_dags/example_python_decorator.py
[2024-05-23T19:45:10.171+0000] {logging_mixin.py:188} INFO - [2024-05-23T19:45:10.171+0000] {dag.py:3096} INFO - Sync 1 DAGs
[2024-05-23T19:45:10.189+0000] {logging_mixin.py:188} INFO - [2024-05-23T19:45:10.189+0000] {dag.py:3954} INFO - Setting next_dagrun for example_python_decorator to None, run_after=None
[2024-05-23T19:45:10.215+0000] {processor.py:183} INFO - Processing /home/airflow/.local/lib/python3.12/site-packages/airflow/example_dags/example_python_decorator.py took 0.106 seconds
[2024-05-23T19:45:40.465+0000] {processor.py:161} INFO - Started process (PID=8469) to work on /home/airflow/.local/lib/python3.12/site-packages/airflow/example_dags/example_python_decorator.py
[2024-05-23T19:45:40.466+0000] {processor.py:830} INFO - Processing file /home/airflow/.local/lib/python3.12/site-packages/airflow/example_dags/example_python_decorator.py for tasks to queue
[2024-05-23T19:45:40.469+0000] {logging_mixin.py:188} INFO - [2024-05-23T19:45:40.468+0000] {dagbag.py:545} INFO - Filling up the DagBag from /home/airflow/.local/lib/python3.12/site-packages/airflow/example_dags/example_python_decorator.py
[2024-05-23T19:45:40.486+0000] {processor.py:840} INFO - DAG(s) 'example_python_decorator' retrieved from /home/airflow/.local/lib/python3.12/site-packages/airflow/example_dags/example_python_decorator.py
[2024-05-23T19:45:40.515+0000] {logging_mixin.py:188} INFO - [2024-05-23T19:45:40.515+0000] {dag.py:3096} INFO - Sync 1 DAGs
[2024-05-23T19:45:40.532+0000] {logging_mixin.py:188} INFO - [2024-05-23T19:45:40.531+0000] {dag.py:3954} INFO - Setting next_dagrun for example_python_decorator to None, run_after=None
[2024-05-23T19:45:40.554+0000] {processor.py:183} INFO - Processing /home/airflow/.local/lib/python3.12/site-packages/airflow/example_dags/example_python_decorator.py took 0.096 seconds
[2024-05-23T19:46:10.649+0000] {processor.py:161} INFO - Started process (PID=8731) to work on /home/airflow/.local/lib/python3.12/site-packages/airflow/example_dags/example_python_decorator.py
[2024-05-23T19:46:10.651+0000] {processor.py:830} INFO - Processing file /home/airflow/.local/lib/python3.12/site-packages/airflow/example_dags/example_python_decorator.py for tasks to queue
[2024-05-23T19:46:10.653+0000] {logging_mixin.py:188} INFO - [2024-05-23T19:46:10.653+0000] {dagbag.py:545} INFO - Filling up the DagBag from /home/airflow/.local/lib/python3.12/site-packages/airflow/example_dags/example_python_decorator.py
[2024-05-23T19:46:10.670+0000] {processor.py:840} INFO - DAG(s) 'example_python_decorator' retrieved from /home/airflow/.local/lib/python3.12/site-packages/airflow/example_dags/example_python_decorator.py
[2024-05-23T19:46:10.700+0000] {logging_mixin.py:188} INFO - [2024-05-23T19:46:10.700+0000] {dag.py:3096} INFO - Sync 1 DAGs
[2024-05-23T19:46:10.717+0000] {logging_mixin.py:188} INFO - [2024-05-23T19:46:10.717+0000] {dag.py:3954} INFO - Setting next_dagrun for example_python_decorator to None, run_after=None
[2024-05-23T19:46:10.741+0000] {processor.py:183} INFO - Processing /home/airflow/.local/lib/python3.12/site-packages/airflow/example_dags/example_python_decorator.py took 0.100 seconds
[2024-05-23T19:46:40.826+0000] {processor.py:161} INFO - Started process (PID=8991) to work on /home/airflow/.local/lib/python3.12/site-packages/airflow/example_dags/example_python_decorator.py
[2024-05-23T19:46:40.828+0000] {processor.py:830} INFO - Processing file /home/airflow/.local/lib/python3.12/site-packages/airflow/example_dags/example_python_decorator.py for tasks to queue
[2024-05-23T19:46:40.831+0000] {logging_mixin.py:188} INFO - [2024-05-23T19:46:40.830+0000] {dagbag.py:545} INFO - Filling up the DagBag from /home/airflow/.local/lib/python3.12/site-packages/airflow/example_dags/example_python_decorator.py
[2024-05-23T19:46:40.848+0000] {processor.py:840} INFO - DAG(s) 'example_python_decorator' retrieved from /home/airflow/.local/lib/python3.12/site-packages/airflow/example_dags/example_python_decorator.py
[2024-05-23T19:46:40.878+0000] {logging_mixin.py:188} INFO - [2024-05-23T19:46:40.877+0000] {dag.py:3096} INFO - Sync 1 DAGs
[2024-05-23T19:46:40.895+0000] {logging_mixin.py:188} INFO - [2024-05-23T19:46:40.895+0000] {dag.py:3954} INFO - Setting next_dagrun for example_python_decorator to None, run_after=None
[2024-05-23T19:46:40.919+0000] {processor.py:183} INFO - Processing /home/airflow/.local/lib/python3.12/site-packages/airflow/example_dags/example_python_decorator.py took 0.101 seconds
[2024-05-23T19:47:11.150+0000] {processor.py:161} INFO - Started process (PID=9253) to work on /home/airflow/.local/lib/python3.12/site-packages/airflow/example_dags/example_python_decorator.py
[2024-05-23T19:47:11.152+0000] {processor.py:830} INFO - Processing file /home/airflow/.local/lib/python3.12/site-packages/airflow/example_dags/example_python_decorator.py for tasks to queue
[2024-05-23T19:47:11.155+0000] {logging_mixin.py:188} INFO - [2024-05-23T19:47:11.154+0000] {dagbag.py:545} INFO - Filling up the DagBag from /home/airflow/.local/lib/python3.12/site-packages/airflow/example_dags/example_python_decorator.py
[2024-05-23T19:47:11.173+0000] {processor.py:840} INFO - DAG(s) 'example_python_decorator' retrieved from /home/airflow/.local/lib/python3.12/site-packages/airflow/example_dags/example_python_decorator.py
[2024-05-23T19:47:11.204+0000] {logging_mixin.py:188} INFO - [2024-05-23T19:47:11.203+0000] {dag.py:3096} INFO - Sync 1 DAGs
[2024-05-23T19:47:11.221+0000] {logging_mixin.py:188} INFO - [2024-05-23T19:47:11.221+0000] {dag.py:3954} INFO - Setting next_dagrun for example_python_decorator to None, run_after=None
[2024-05-23T19:47:11.246+0000] {processor.py:183} INFO - Processing /home/airflow/.local/lib/python3.12/site-packages/airflow/example_dags/example_python_decorator.py took 0.105 seconds
[2024-05-23T19:47:41.904+0000] {processor.py:161} INFO - Started process (PID=9509) to work on /home/airflow/.local/lib/python3.12/site-packages/airflow/example_dags/example_python_decorator.py
[2024-05-23T19:47:41.906+0000] {processor.py:830} INFO - Processing file /home/airflow/.local/lib/python3.12/site-packages/airflow/example_dags/example_python_decorator.py for tasks to queue
[2024-05-23T19:47:41.909+0000] {logging_mixin.py:188} INFO - [2024-05-23T19:47:41.908+0000] {dagbag.py:545} INFO - Filling up the DagBag from /home/airflow/.local/lib/python3.12/site-packages/airflow/example_dags/example_python_decorator.py
[2024-05-23T19:47:41.927+0000] {processor.py:840} INFO - DAG(s) 'example_python_decorator' retrieved from /home/airflow/.local/lib/python3.12/site-packages/airflow/example_dags/example_python_decorator.py
[2024-05-23T19:47:41.962+0000] {logging_mixin.py:188} INFO - [2024-05-23T19:47:41.962+0000] {dag.py:3096} INFO - Sync 1 DAGs
[2024-05-23T19:47:41.982+0000] {logging_mixin.py:188} INFO - [2024-05-23T19:47:41.981+0000] {dag.py:3954} INFO - Setting next_dagrun for example_python_decorator to None, run_after=None
[2024-05-23T19:47:42.007+0000] {processor.py:183} INFO - Processing /home/airflow/.local/lib/python3.12/site-packages/airflow/example_dags/example_python_decorator.py took 0.111 seconds
[2024-05-23T19:48:12.669+0000] {processor.py:161} INFO - Started process (PID=9771) to work on /home/airflow/.local/lib/python3.12/site-packages/airflow/example_dags/example_python_decorator.py
[2024-05-23T19:48:12.671+0000] {processor.py:830} INFO - Processing file /home/airflow/.local/lib/python3.12/site-packages/airflow/example_dags/example_python_decorator.py for tasks to queue
[2024-05-23T19:48:12.674+0000] {logging_mixin.py:188} INFO - [2024-05-23T19:48:12.674+0000] {dagbag.py:545} INFO - Filling up the DagBag from /home/airflow/.local/lib/python3.12/site-packages/airflow/example_dags/example_python_decorator.py
[2024-05-23T19:48:12.693+0000] {processor.py:840} INFO - DAG(s) 'example_python_decorator' retrieved from /home/airflow/.local/lib/python3.12/site-packages/airflow/example_dags/example_python_decorator.py
[2024-05-23T19:48:12.726+0000] {logging_mixin.py:188} INFO - [2024-05-23T19:48:12.726+0000] {dag.py:3096} INFO - Sync 1 DAGs
[2024-05-23T19:48:12.746+0000] {logging_mixin.py:188} INFO - [2024-05-23T19:48:12.746+0000] {dag.py:3954} INFO - Setting next_dagrun for example_python_decorator to None, run_after=None
[2024-05-23T19:48:12.774+0000] {processor.py:183} INFO - Processing /home/airflow/.local/lib/python3.12/site-packages/airflow/example_dags/example_python_decorator.py took 0.114 seconds
[2024-05-23T19:48:43.537+0000] {processor.py:161} INFO - Started process (PID=10035) to work on /home/airflow/.local/lib/python3.12/site-packages/airflow/example_dags/example_python_decorator.py
[2024-05-23T19:48:43.539+0000] {processor.py:830} INFO - Processing file /home/airflow/.local/lib/python3.12/site-packages/airflow/example_dags/example_python_decorator.py for tasks to queue
[2024-05-23T19:48:43.542+0000] {logging_mixin.py:188} INFO - [2024-05-23T19:48:43.542+0000] {dagbag.py:545} INFO - Filling up the DagBag from /home/airflow/.local/lib/python3.12/site-packages/airflow/example_dags/example_python_decorator.py
[2024-05-23T19:48:43.561+0000] {processor.py:840} INFO - DAG(s) 'example_python_decorator' retrieved from /home/airflow/.local/lib/python3.12/site-packages/airflow/example_dags/example_python_decorator.py
[2024-05-23T19:48:43.594+0000] {logging_mixin.py:188} INFO - [2024-05-23T19:48:43.593+0000] {dag.py:3096} INFO - Sync 1 DAGs
[2024-05-23T19:48:43.768+0000] {logging_mixin.py:188} INFO - [2024-05-23T19:48:43.767+0000] {dag.py:3954} INFO - Setting next_dagrun for example_python_decorator to None, run_after=None
[2024-05-23T19:48:43.801+0000] {processor.py:183} INFO - Processing /home/airflow/.local/lib/python3.12/site-packages/airflow/example_dags/example_python_decorator.py took 0.273 seconds
[2024-05-23T19:49:14.207+0000] {processor.py:161} INFO - Started process (PID=10296) to work on /home/airflow/.local/lib/python3.12/site-packages/airflow/example_dags/example_python_decorator.py
[2024-05-23T19:49:14.208+0000] {processor.py:830} INFO - Processing file /home/airflow/.local/lib/python3.12/site-packages/airflow/example_dags/example_python_decorator.py for tasks to queue
[2024-05-23T19:49:14.211+0000] {logging_mixin.py:188} INFO - [2024-05-23T19:49:14.211+0000] {dagbag.py:545} INFO - Filling up the DagBag from /home/airflow/.local/lib/python3.12/site-packages/airflow/example_dags/example_python_decorator.py
[2024-05-23T19:49:14.230+0000] {processor.py:840} INFO - DAG(s) 'example_python_decorator' retrieved from /home/airflow/.local/lib/python3.12/site-packages/airflow/example_dags/example_python_decorator.py
[2024-05-23T19:49:14.264+0000] {logging_mixin.py:188} INFO - [2024-05-23T19:49:14.263+0000] {dag.py:3096} INFO - Sync 1 DAGs
[2024-05-23T19:49:14.283+0000] {logging_mixin.py:188} INFO - [2024-05-23T19:49:14.283+0000] {dag.py:3954} INFO - Setting next_dagrun for example_python_decorator to None, run_after=None
[2024-05-23T19:49:14.311+0000] {processor.py:183} INFO - Processing /home/airflow/.local/lib/python3.12/site-packages/airflow/example_dags/example_python_decorator.py took 0.112 seconds
[2024-05-23T19:49:44.552+0000] {processor.py:161} INFO - Started process (PID=10558) to work on /home/airflow/.local/lib/python3.12/site-packages/airflow/example_dags/example_python_decorator.py
[2024-05-23T19:49:44.554+0000] {processor.py:830} INFO - Processing file /home/airflow/.local/lib/python3.12/site-packages/airflow/example_dags/example_python_decorator.py for tasks to queue
[2024-05-23T19:49:44.557+0000] {logging_mixin.py:188} INFO - [2024-05-23T19:49:44.557+0000] {dagbag.py:545} INFO - Filling up the DagBag from /home/airflow/.local/lib/python3.12/site-packages/airflow/example_dags/example_python_decorator.py
[2024-05-23T19:49:44.576+0000] {processor.py:840} INFO - DAG(s) 'example_python_decorator' retrieved from /home/airflow/.local/lib/python3.12/site-packages/airflow/example_dags/example_python_decorator.py
[2024-05-23T19:49:44.609+0000] {logging_mixin.py:188} INFO - [2024-05-23T19:49:44.609+0000] {dag.py:3096} INFO - Sync 1 DAGs
[2024-05-23T19:49:44.628+0000] {logging_mixin.py:188} INFO - [2024-05-23T19:49:44.628+0000] {dag.py:3954} INFO - Setting next_dagrun for example_python_decorator to None, run_after=None
[2024-05-23T19:49:44.657+0000] {processor.py:183} INFO - Processing /home/airflow/.local/lib/python3.12/site-packages/airflow/example_dags/example_python_decorator.py took 0.113 seconds
[2024-05-23T19:50:15.039+0000] {processor.py:161} INFO - Started process (PID=10820) to work on /home/airflow/.local/lib/python3.12/site-packages/airflow/example_dags/example_python_decorator.py
[2024-05-23T19:50:15.041+0000] {processor.py:830} INFO - Processing file /home/airflow/.local/lib/python3.12/site-packages/airflow/example_dags/example_python_decorator.py for tasks to queue
[2024-05-23T19:50:15.044+0000] {logging_mixin.py:188} INFO - [2024-05-23T19:50:15.043+0000] {dagbag.py:545} INFO - Filling up the DagBag from /home/airflow/.local/lib/python3.12/site-packages/airflow/example_dags/example_python_decorator.py
[2024-05-23T19:50:15.062+0000] {processor.py:840} INFO - DAG(s) 'example_python_decorator' retrieved from /home/airflow/.local/lib/python3.12/site-packages/airflow/example_dags/example_python_decorator.py
[2024-05-23T19:50:15.106+0000] {logging_mixin.py:188} INFO - [2024-05-23T19:50:15.106+0000] {dag.py:3096} INFO - Sync 1 DAGs
[2024-05-23T19:50:15.126+0000] {logging_mixin.py:188} INFO - [2024-05-23T19:50:15.126+0000] {dag.py:3954} INFO - Setting next_dagrun for example_python_decorator to None, run_after=None
[2024-05-23T19:50:15.158+0000] {processor.py:183} INFO - Processing /home/airflow/.local/lib/python3.12/site-packages/airflow/example_dags/example_python_decorator.py took 0.128 seconds
[2024-05-23T19:50:45.796+0000] {processor.py:161} INFO - Started process (PID=11089) to work on /home/airflow/.local/lib/python3.12/site-packages/airflow/example_dags/example_python_decorator.py
[2024-05-23T19:50:45.798+0000] {processor.py:830} INFO - Processing file /home/airflow/.local/lib/python3.12/site-packages/airflow/example_dags/example_python_decorator.py for tasks to queue
[2024-05-23T19:50:45.801+0000] {logging_mixin.py:188} INFO - [2024-05-23T19:50:45.800+0000] {dagbag.py:545} INFO - Filling up the DagBag from /home/airflow/.local/lib/python3.12/site-packages/airflow/example_dags/example_python_decorator.py
[2024-05-23T19:50:45.820+0000] {processor.py:840} INFO - DAG(s) 'example_python_decorator' retrieved from /home/airflow/.local/lib/python3.12/site-packages/airflow/example_dags/example_python_decorator.py
[2024-05-23T19:50:45.855+0000] {logging_mixin.py:188} INFO - [2024-05-23T19:50:45.854+0000] {dag.py:3096} INFO - Sync 1 DAGs
[2024-05-23T19:50:45.875+0000] {logging_mixin.py:188} INFO - [2024-05-23T19:50:45.874+0000] {dag.py:3954} INFO - Setting next_dagrun for example_python_decorator to None, run_after=None
[2024-05-23T19:50:45.902+0000] {processor.py:183} INFO - Processing /home/airflow/.local/lib/python3.12/site-packages/airflow/example_dags/example_python_decorator.py took 0.116 seconds
[2024-05-23T19:51:16.472+0000] {processor.py:161} INFO - Started process (PID=11350) to work on /home/airflow/.local/lib/python3.12/site-packages/airflow/example_dags/example_python_decorator.py
[2024-05-23T19:51:16.475+0000] {processor.py:830} INFO - Processing file /home/airflow/.local/lib/python3.12/site-packages/airflow/example_dags/example_python_decorator.py for tasks to queue
[2024-05-23T19:51:16.478+0000] {logging_mixin.py:188} INFO - [2024-05-23T19:51:16.477+0000] {dagbag.py:545} INFO - Filling up the DagBag from /home/airflow/.local/lib/python3.12/site-packages/airflow/example_dags/example_python_decorator.py
[2024-05-23T19:51:16.498+0000] {processor.py:840} INFO - DAG(s) 'example_python_decorator' retrieved from /home/airflow/.local/lib/python3.12/site-packages/airflow/example_dags/example_python_decorator.py
[2024-05-23T19:51:16.530+0000] {logging_mixin.py:188} INFO - [2024-05-23T19:51:16.530+0000] {dag.py:3096} INFO - Sync 1 DAGs
[2024-05-23T19:51:16.550+0000] {logging_mixin.py:188} INFO - [2024-05-23T19:51:16.550+0000] {dag.py:3954} INFO - Setting next_dagrun for example_python_decorator to None, run_after=None
[2024-05-23T19:51:16.578+0000] {processor.py:183} INFO - Processing /home/airflow/.local/lib/python3.12/site-packages/airflow/example_dags/example_python_decorator.py took 0.114 seconds
[2024-05-23T19:51:46.673+0000] {processor.py:161} INFO - Started process (PID=11611) to work on /home/airflow/.local/lib/python3.12/site-packages/airflow/example_dags/example_python_decorator.py
[2024-05-23T19:51:46.676+0000] {processor.py:830} INFO - Processing file /home/airflow/.local/lib/python3.12/site-packages/airflow/example_dags/example_python_decorator.py for tasks to queue
[2024-05-23T19:51:46.679+0000] {logging_mixin.py:188} INFO - [2024-05-23T19:51:46.678+0000] {dagbag.py:545} INFO - Filling up the DagBag from /home/airflow/.local/lib/python3.12/site-packages/airflow/example_dags/example_python_decorator.py
[2024-05-23T19:51:46.698+0000] {processor.py:840} INFO - DAG(s) 'example_python_decorator' retrieved from /home/airflow/.local/lib/python3.12/site-packages/airflow/example_dags/example_python_decorator.py
[2024-05-23T19:51:46.731+0000] {logging_mixin.py:188} INFO - [2024-05-23T19:51:46.730+0000] {dag.py:3096} INFO - Sync 1 DAGs
[2024-05-23T19:51:46.750+0000] {logging_mixin.py:188} INFO - [2024-05-23T19:51:46.749+0000] {dag.py:3954} INFO - Setting next_dagrun for example_python_decorator to None, run_after=None
[2024-05-23T19:51:46.779+0000] {processor.py:183} INFO - Processing /home/airflow/.local/lib/python3.12/site-packages/airflow/example_dags/example_python_decorator.py took 0.114 seconds
[2024-05-23T19:52:16.931+0000] {processor.py:161} INFO - Started process (PID=11873) to work on /home/airflow/.local/lib/python3.12/site-packages/airflow/example_dags/example_python_decorator.py
[2024-05-23T19:52:16.932+0000] {processor.py:830} INFO - Processing file /home/airflow/.local/lib/python3.12/site-packages/airflow/example_dags/example_python_decorator.py for tasks to queue
[2024-05-23T19:52:16.936+0000] {logging_mixin.py:188} INFO - [2024-05-23T19:52:16.936+0000] {dagbag.py:545} INFO - Filling up the DagBag from /home/airflow/.local/lib/python3.12/site-packages/airflow/example_dags/example_python_decorator.py
[2024-05-23T19:52:16.956+0000] {processor.py:840} INFO - DAG(s) 'example_python_decorator' retrieved from /home/airflow/.local/lib/python3.12/site-packages/airflow/example_dags/example_python_decorator.py
[2024-05-23T19:52:16.989+0000] {logging_mixin.py:188} INFO - [2024-05-23T19:52:16.988+0000] {dag.py:3096} INFO - Sync 1 DAGs
[2024-05-23T19:52:17.009+0000] {logging_mixin.py:188} INFO - [2024-05-23T19:52:17.009+0000] {dag.py:3954} INFO - Setting next_dagrun for example_python_decorator to None, run_after=None
[2024-05-23T19:52:17.037+0000] {processor.py:183} INFO - Processing /home/airflow/.local/lib/python3.12/site-packages/airflow/example_dags/example_python_decorator.py took 0.116 seconds
[2024-05-23T19:52:47.298+0000] {processor.py:161} INFO - Started process (PID=12136) to work on /home/airflow/.local/lib/python3.12/site-packages/airflow/example_dags/example_python_decorator.py
[2024-05-23T19:52:47.300+0000] {processor.py:830} INFO - Processing file /home/airflow/.local/lib/python3.12/site-packages/airflow/example_dags/example_python_decorator.py for tasks to queue
[2024-05-23T19:52:47.302+0000] {logging_mixin.py:188} INFO - [2024-05-23T19:52:47.302+0000] {dagbag.py:545} INFO - Filling up the DagBag from /home/airflow/.local/lib/python3.12/site-packages/airflow/example_dags/example_python_decorator.py
[2024-05-23T19:52:47.322+0000] {processor.py:840} INFO - DAG(s) 'example_python_decorator' retrieved from /home/airflow/.local/lib/python3.12/site-packages/airflow/example_dags/example_python_decorator.py
[2024-05-23T19:52:47.356+0000] {logging_mixin.py:188} INFO - [2024-05-23T19:52:47.355+0000] {dag.py:3096} INFO - Sync 1 DAGs
[2024-05-23T19:52:47.376+0000] {logging_mixin.py:188} INFO - [2024-05-23T19:52:47.376+0000] {dag.py:3954} INFO - Setting next_dagrun for example_python_decorator to None, run_after=None
[2024-05-23T19:52:47.402+0000] {processor.py:183} INFO - Processing /home/airflow/.local/lib/python3.12/site-packages/airflow/example_dags/example_python_decorator.py took 0.113 seconds
[2024-05-23T19:53:17.619+0000] {processor.py:161} INFO - Started process (PID=12397) to work on /home/airflow/.local/lib/python3.12/site-packages/airflow/example_dags/example_python_decorator.py
[2024-05-23T19:53:17.620+0000] {processor.py:830} INFO - Processing file /home/airflow/.local/lib/python3.12/site-packages/airflow/example_dags/example_python_decorator.py for tasks to queue
[2024-05-23T19:53:17.623+0000] {logging_mixin.py:188} INFO - [2024-05-23T19:53:17.623+0000] {dagbag.py:545} INFO - Filling up the DagBag from /home/airflow/.local/lib/python3.12/site-packages/airflow/example_dags/example_python_decorator.py
[2024-05-23T19:53:17.645+0000] {processor.py:840} INFO - DAG(s) 'example_python_decorator' retrieved from /home/airflow/.local/lib/python3.12/site-packages/airflow/example_dags/example_python_decorator.py
[2024-05-23T19:53:17.684+0000] {logging_mixin.py:188} INFO - [2024-05-23T19:53:17.683+0000] {dag.py:3096} INFO - Sync 1 DAGs
[2024-05-23T19:53:17.713+0000] {logging_mixin.py:188} INFO - [2024-05-23T19:53:17.713+0000] {dag.py:3954} INFO - Setting next_dagrun for example_python_decorator to None, run_after=None
[2024-05-23T19:53:17.744+0000] {processor.py:183} INFO - Processing /home/airflow/.local/lib/python3.12/site-packages/airflow/example_dags/example_python_decorator.py took 0.134 seconds
[2024-05-23T19:53:47.859+0000] {processor.py:161} INFO - Started process (PID=12659) to work on /home/airflow/.local/lib/python3.12/site-packages/airflow/example_dags/example_python_decorator.py
[2024-05-23T19:53:47.861+0000] {processor.py:830} INFO - Processing file /home/airflow/.local/lib/python3.12/site-packages/airflow/example_dags/example_python_decorator.py for tasks to queue
[2024-05-23T19:53:47.864+0000] {logging_mixin.py:188} INFO - [2024-05-23T19:53:47.863+0000] {dagbag.py:545} INFO - Filling up the DagBag from /home/airflow/.local/lib/python3.12/site-packages/airflow/example_dags/example_python_decorator.py
[2024-05-23T19:53:47.883+0000] {processor.py:840} INFO - DAG(s) 'example_python_decorator' retrieved from /home/airflow/.local/lib/python3.12/site-packages/airflow/example_dags/example_python_decorator.py
[2024-05-23T19:53:47.916+0000] {logging_mixin.py:188} INFO - [2024-05-23T19:53:47.915+0000] {dag.py:3096} INFO - Sync 1 DAGs
[2024-05-23T19:53:47.934+0000] {logging_mixin.py:188} INFO - [2024-05-23T19:53:47.934+0000] {dag.py:3954} INFO - Setting next_dagrun for example_python_decorator to None, run_after=None
[2024-05-23T19:53:47.961+0000] {processor.py:183} INFO - Processing /home/airflow/.local/lib/python3.12/site-packages/airflow/example_dags/example_python_decorator.py took 0.111 seconds
[2024-05-23T19:54:18.462+0000] {processor.py:161} INFO - Started process (PID=12923) to work on /home/airflow/.local/lib/python3.12/site-packages/airflow/example_dags/example_python_decorator.py
[2024-05-23T19:54:18.463+0000] {processor.py:830} INFO - Processing file /home/airflow/.local/lib/python3.12/site-packages/airflow/example_dags/example_python_decorator.py for tasks to queue
[2024-05-23T19:54:18.466+0000] {logging_mixin.py:188} INFO - [2024-05-23T19:54:18.465+0000] {dagbag.py:545} INFO - Filling up the DagBag from /home/airflow/.local/lib/python3.12/site-packages/airflow/example_dags/example_python_decorator.py
[2024-05-23T19:54:18.485+0000] {processor.py:840} INFO - DAG(s) 'example_python_decorator' retrieved from /home/airflow/.local/lib/python3.12/site-packages/airflow/example_dags/example_python_decorator.py
[2024-05-23T19:54:18.520+0000] {logging_mixin.py:188} INFO - [2024-05-23T19:54:18.519+0000] {dag.py:3096} INFO - Sync 1 DAGs
[2024-05-23T19:54:18.539+0000] {logging_mixin.py:188} INFO - [2024-05-23T19:54:18.539+0000] {dag.py:3954} INFO - Setting next_dagrun for example_python_decorator to None, run_after=None
[2024-05-23T19:54:18.567+0000] {processor.py:183} INFO - Processing /home/airflow/.local/lib/python3.12/site-packages/airflow/example_dags/example_python_decorator.py took 0.114 seconds
[2024-05-23T19:54:49.350+0000] {processor.py:161} INFO - Started process (PID=13184) to work on /home/airflow/.local/lib/python3.12/site-packages/airflow/example_dags/example_python_decorator.py
[2024-05-23T19:54:49.352+0000] {processor.py:830} INFO - Processing file /home/airflow/.local/lib/python3.12/site-packages/airflow/example_dags/example_python_decorator.py for tasks to queue
[2024-05-23T19:54:49.355+0000] {logging_mixin.py:188} INFO - [2024-05-23T19:54:49.355+0000] {dagbag.py:545} INFO - Filling up the DagBag from /home/airflow/.local/lib/python3.12/site-packages/airflow/example_dags/example_python_decorator.py
[2024-05-23T19:54:49.374+0000] {processor.py:840} INFO - DAG(s) 'example_python_decorator' retrieved from /home/airflow/.local/lib/python3.12/site-packages/airflow/example_dags/example_python_decorator.py
[2024-05-23T19:54:49.405+0000] {logging_mixin.py:188} INFO - [2024-05-23T19:54:49.404+0000] {dag.py:3096} INFO - Sync 1 DAGs
[2024-05-23T19:54:49.422+0000] {logging_mixin.py:188} INFO - [2024-05-23T19:54:49.422+0000] {dag.py:3954} INFO - Setting next_dagrun for example_python_decorator to None, run_after=None
[2024-05-23T19:54:49.446+0000] {processor.py:183} INFO - Processing /home/airflow/.local/lib/python3.12/site-packages/airflow/example_dags/example_python_decorator.py took 0.104 seconds
[2024-05-23T19:55:20.097+0000] {processor.py:161} INFO - Started process (PID=13447) to work on /home/airflow/.local/lib/python3.12/site-packages/airflow/example_dags/example_python_decorator.py
[2024-05-23T19:55:20.099+0000] {processor.py:830} INFO - Processing file /home/airflow/.local/lib/python3.12/site-packages/airflow/example_dags/example_python_decorator.py for tasks to queue
[2024-05-23T19:55:20.102+0000] {logging_mixin.py:188} INFO - [2024-05-23T19:55:20.101+0000] {dagbag.py:545} INFO - Filling up the DagBag from /home/airflow/.local/lib/python3.12/site-packages/airflow/example_dags/example_python_decorator.py
[2024-05-23T19:55:20.122+0000] {processor.py:840} INFO - DAG(s) 'example_python_decorator' retrieved from /home/airflow/.local/lib/python3.12/site-packages/airflow/example_dags/example_python_decorator.py
[2024-05-23T19:55:20.156+0000] {logging_mixin.py:188} INFO - [2024-05-23T19:55:20.156+0000] {dag.py:3096} INFO - Sync 1 DAGs
[2024-05-23T19:55:20.175+0000] {logging_mixin.py:188} INFO - [2024-05-23T19:55:20.175+0000] {dag.py:3954} INFO - Setting next_dagrun for example_python_decorator to None, run_after=None
[2024-05-23T19:55:20.202+0000] {processor.py:183} INFO - Processing /home/airflow/.local/lib/python3.12/site-packages/airflow/example_dags/example_python_decorator.py took 0.114 seconds
[2024-05-23T19:55:50.710+0000] {processor.py:161} INFO - Started process (PID=13707) to work on /home/airflow/.local/lib/python3.12/site-packages/airflow/example_dags/example_python_decorator.py
[2024-05-23T19:55:50.712+0000] {processor.py:830} INFO - Processing file /home/airflow/.local/lib/python3.12/site-packages/airflow/example_dags/example_python_decorator.py for tasks to queue
[2024-05-23T19:55:50.715+0000] {logging_mixin.py:188} INFO - [2024-05-23T19:55:50.714+0000] {dagbag.py:545} INFO - Filling up the DagBag from /home/airflow/.local/lib/python3.12/site-packages/airflow/example_dags/example_python_decorator.py
[2024-05-23T19:55:50.736+0000] {processor.py:840} INFO - DAG(s) 'example_python_decorator' retrieved from /home/airflow/.local/lib/python3.12/site-packages/airflow/example_dags/example_python_decorator.py
[2024-05-23T19:55:50.778+0000] {logging_mixin.py:188} INFO - [2024-05-23T19:55:50.778+0000] {dag.py:3096} INFO - Sync 1 DAGs
[2024-05-23T19:55:50.800+0000] {logging_mixin.py:188} INFO - [2024-05-23T19:55:50.800+0000] {dag.py:3954} INFO - Setting next_dagrun for example_python_decorator to None, run_after=None
[2024-05-23T19:55:50.829+0000] {processor.py:183} INFO - Processing /home/airflow/.local/lib/python3.12/site-packages/airflow/example_dags/example_python_decorator.py took 0.129 seconds
[2024-05-23T19:56:20.879+0000] {processor.py:161} INFO - Started process (PID=13971) to work on /home/airflow/.local/lib/python3.12/site-packages/airflow/example_dags/example_python_decorator.py
[2024-05-23T19:56:20.880+0000] {processor.py:830} INFO - Processing file /home/airflow/.local/lib/python3.12/site-packages/airflow/example_dags/example_python_decorator.py for tasks to queue
[2024-05-23T19:56:20.883+0000] {logging_mixin.py:188} INFO - [2024-05-23T19:56:20.883+0000] {dagbag.py:545} INFO - Filling up the DagBag from /home/airflow/.local/lib/python3.12/site-packages/airflow/example_dags/example_python_decorator.py
[2024-05-23T19:56:20.901+0000] {processor.py:840} INFO - DAG(s) 'example_python_decorator' retrieved from /home/airflow/.local/lib/python3.12/site-packages/airflow/example_dags/example_python_decorator.py
[2024-05-23T19:56:20.932+0000] {logging_mixin.py:188} INFO - [2024-05-23T19:56:20.931+0000] {dag.py:3096} INFO - Sync 1 DAGs
[2024-05-23T19:56:20.950+0000] {logging_mixin.py:188} INFO - [2024-05-23T19:56:20.949+0000] {dag.py:3954} INFO - Setting next_dagrun for example_python_decorator to None, run_after=None
[2024-05-23T19:56:20.973+0000] {processor.py:183} INFO - Processing /home/airflow/.local/lib/python3.12/site-packages/airflow/example_dags/example_python_decorator.py took 0.102 seconds
[2024-05-23T19:56:51.728+0000] {processor.py:161} INFO - Started process (PID=14231) to work on /home/airflow/.local/lib/python3.12/site-packages/airflow/example_dags/example_python_decorator.py
[2024-05-23T19:56:51.729+0000] {processor.py:830} INFO - Processing file /home/airflow/.local/lib/python3.12/site-packages/airflow/example_dags/example_python_decorator.py for tasks to queue
[2024-05-23T19:56:51.732+0000] {logging_mixin.py:188} INFO - [2024-05-23T19:56:51.732+0000] {dagbag.py:545} INFO - Filling up the DagBag from /home/airflow/.local/lib/python3.12/site-packages/airflow/example_dags/example_python_decorator.py
[2024-05-23T19:56:51.753+0000] {processor.py:840} INFO - DAG(s) 'example_python_decorator' retrieved from /home/airflow/.local/lib/python3.12/site-packages/airflow/example_dags/example_python_decorator.py
[2024-05-23T19:56:51.785+0000] {logging_mixin.py:188} INFO - [2024-05-23T19:56:51.785+0000] {dag.py:3096} INFO - Sync 1 DAGs
[2024-05-23T19:56:51.810+0000] {logging_mixin.py:188} INFO - [2024-05-23T19:56:51.809+0000] {dag.py:3954} INFO - Setting next_dagrun for example_python_decorator to None, run_after=None
[2024-05-23T19:56:51.835+0000] {processor.py:183} INFO - Processing /home/airflow/.local/lib/python3.12/site-packages/airflow/example_dags/example_python_decorator.py took 0.115 seconds
[2024-05-23T19:57:22.297+0000] {processor.py:161} INFO - Started process (PID=14495) to work on /home/airflow/.local/lib/python3.12/site-packages/airflow/example_dags/example_python_decorator.py
[2024-05-23T19:57:22.299+0000] {processor.py:830} INFO - Processing file /home/airflow/.local/lib/python3.12/site-packages/airflow/example_dags/example_python_decorator.py for tasks to queue
[2024-05-23T19:57:22.302+0000] {logging_mixin.py:188} INFO - [2024-05-23T19:57:22.301+0000] {dagbag.py:545} INFO - Filling up the DagBag from /home/airflow/.local/lib/python3.12/site-packages/airflow/example_dags/example_python_decorator.py
[2024-05-23T19:57:22.319+0000] {processor.py:840} INFO - DAG(s) 'example_python_decorator' retrieved from /home/airflow/.local/lib/python3.12/site-packages/airflow/example_dags/example_python_decorator.py
[2024-05-23T19:57:22.353+0000] {logging_mixin.py:188} INFO - [2024-05-23T19:57:22.353+0000] {dag.py:3096} INFO - Sync 1 DAGs
[2024-05-23T19:57:22.371+0000] {logging_mixin.py:188} INFO - [2024-05-23T19:57:22.370+0000] {dag.py:3954} INFO - Setting next_dagrun for example_python_decorator to None, run_after=None
[2024-05-23T19:57:22.399+0000] {processor.py:183} INFO - Processing /home/airflow/.local/lib/python3.12/site-packages/airflow/example_dags/example_python_decorator.py took 0.112 seconds
[2024-05-23T19:58:11.534+0000] {processor.py:161} INFO - Started process (PID=14760) to work on /home/airflow/.local/lib/python3.12/site-packages/airflow/example_dags/example_python_decorator.py
[2024-05-23T19:58:11.536+0000] {processor.py:830} INFO - Processing file /home/airflow/.local/lib/python3.12/site-packages/airflow/example_dags/example_python_decorator.py for tasks to queue
[2024-05-23T19:58:11.540+0000] {logging_mixin.py:188} INFO - [2024-05-23T19:58:11.540+0000] {dagbag.py:545} INFO - Filling up the DagBag from /home/airflow/.local/lib/python3.12/site-packages/airflow/example_dags/example_python_decorator.py
[2024-05-23T19:58:11.566+0000] {processor.py:840} INFO - DAG(s) 'example_python_decorator' retrieved from /home/airflow/.local/lib/python3.12/site-packages/airflow/example_dags/example_python_decorator.py
[2024-05-23T19:58:11.603+0000] {logging_mixin.py:188} INFO - [2024-05-23T19:58:11.602+0000] {dag.py:3096} INFO - Sync 1 DAGs
[2024-05-23T19:58:11.633+0000] {logging_mixin.py:188} INFO - [2024-05-23T19:58:11.633+0000] {dag.py:3954} INFO - Setting next_dagrun for example_python_decorator to None, run_after=None
[2024-05-23T19:58:11.695+0000] {processor.py:183} INFO - Processing /home/airflow/.local/lib/python3.12/site-packages/airflow/example_dags/example_python_decorator.py took 0.170 seconds
[2024-05-23T20:03:43.815+0000] {processor.py:161} INFO - Started process (PID=15093) to work on /home/airflow/.local/lib/python3.12/site-packages/airflow/example_dags/example_python_decorator.py
[2024-05-23T20:03:43.819+0000] {processor.py:830} INFO - Processing file /home/airflow/.local/lib/python3.12/site-packages/airflow/example_dags/example_python_decorator.py for tasks to queue
[2024-05-23T20:03:43.821+0000] {logging_mixin.py:188} INFO - [2024-05-23T20:03:43.820+0000] {dagbag.py:545} INFO - Filling up the DagBag from /home/airflow/.local/lib/python3.12/site-packages/airflow/example_dags/example_python_decorator.py
[2024-05-23T20:03:43.843+0000] {processor.py:840} INFO - DAG(s) 'example_python_decorator' retrieved from /home/airflow/.local/lib/python3.12/site-packages/airflow/example_dags/example_python_decorator.py
[2024-05-23T20:03:43.874+0000] {logging_mixin.py:188} INFO - [2024-05-23T20:03:43.873+0000] {dag.py:3096} INFO - Sync 1 DAGs
[2024-05-23T20:03:43.891+0000] {logging_mixin.py:188} INFO - [2024-05-23T20:03:43.891+0000] {dag.py:3954} INFO - Setting next_dagrun for example_python_decorator to None, run_after=None
[2024-05-23T20:03:43.918+0000] {processor.py:183} INFO - Processing /home/airflow/.local/lib/python3.12/site-packages/airflow/example_dags/example_python_decorator.py took 0.111 seconds
[2024-05-23T20:04:21.654+0000] {processor.py:161} INFO - Started process (PID=15355) to work on /home/airflow/.local/lib/python3.12/site-packages/airflow/example_dags/example_python_decorator.py
[2024-05-23T20:04:21.662+0000] {processor.py:830} INFO - Processing file /home/airflow/.local/lib/python3.12/site-packages/airflow/example_dags/example_python_decorator.py for tasks to queue
[2024-05-23T20:04:21.668+0000] {logging_mixin.py:188} INFO - [2024-05-23T20:04:21.666+0000] {dagbag.py:545} INFO - Filling up the DagBag from /home/airflow/.local/lib/python3.12/site-packages/airflow/example_dags/example_python_decorator.py
[2024-05-23T20:04:21.755+0000] {processor.py:840} INFO - DAG(s) 'example_python_decorator' retrieved from /home/airflow/.local/lib/python3.12/site-packages/airflow/example_dags/example_python_decorator.py
[2024-05-23T20:04:21.899+0000] {logging_mixin.py:188} INFO - [2024-05-23T20:04:21.896+0000] {dag.py:3096} INFO - Sync 1 DAGs
[2024-05-23T20:04:22.010+0000] {logging_mixin.py:188} INFO - [2024-05-23T20:04:22.008+0000] {dag.py:3954} INFO - Setting next_dagrun for example_python_decorator to None, run_after=None
[2024-05-23T20:04:22.164+0000] {processor.py:183} INFO - Processing /home/airflow/.local/lib/python3.12/site-packages/airflow/example_dags/example_python_decorator.py took 0.552 seconds
[2024-05-23T20:08:14.907+0000] {processor.py:161} INFO - Started process (PID=15618) to work on /home/airflow/.local/lib/python3.12/site-packages/airflow/example_dags/example_python_decorator.py
[2024-05-23T20:08:14.909+0000] {processor.py:830} INFO - Processing file /home/airflow/.local/lib/python3.12/site-packages/airflow/example_dags/example_python_decorator.py for tasks to queue
[2024-05-23T20:08:14.911+0000] {logging_mixin.py:188} INFO - [2024-05-23T20:08:14.910+0000] {dagbag.py:545} INFO - Filling up the DagBag from /home/airflow/.local/lib/python3.12/site-packages/airflow/example_dags/example_python_decorator.py
[2024-05-23T20:08:14.929+0000] {processor.py:840} INFO - DAG(s) 'example_python_decorator' retrieved from /home/airflow/.local/lib/python3.12/site-packages/airflow/example_dags/example_python_decorator.py
[2024-05-23T20:08:14.965+0000] {logging_mixin.py:188} INFO - [2024-05-23T20:08:14.964+0000] {dag.py:3096} INFO - Sync 1 DAGs
[2024-05-23T20:08:14.984+0000] {logging_mixin.py:188} INFO - [2024-05-23T20:08:14.983+0000] {dag.py:3954} INFO - Setting next_dagrun for example_python_decorator to None, run_after=None
[2024-05-23T20:08:15.048+0000] {processor.py:183} INFO - Processing /home/airflow/.local/lib/python3.12/site-packages/airflow/example_dags/example_python_decorator.py took 0.157 seconds
[2024-05-23T20:08:45.357+0000] {processor.py:161} INFO - Started process (PID=15882) to work on /home/airflow/.local/lib/python3.12/site-packages/airflow/example_dags/example_python_decorator.py
[2024-05-23T20:08:45.358+0000] {processor.py:830} INFO - Processing file /home/airflow/.local/lib/python3.12/site-packages/airflow/example_dags/example_python_decorator.py for tasks to queue
[2024-05-23T20:08:45.360+0000] {logging_mixin.py:188} INFO - [2024-05-23T20:08:45.359+0000] {dagbag.py:545} INFO - Filling up the DagBag from /home/airflow/.local/lib/python3.12/site-packages/airflow/example_dags/example_python_decorator.py
[2024-05-23T20:08:45.379+0000] {processor.py:840} INFO - DAG(s) 'example_python_decorator' retrieved from /home/airflow/.local/lib/python3.12/site-packages/airflow/example_dags/example_python_decorator.py
[2024-05-23T20:08:45.412+0000] {logging_mixin.py:188} INFO - [2024-05-23T20:08:45.411+0000] {dag.py:3096} INFO - Sync 1 DAGs
[2024-05-23T20:08:45.430+0000] {logging_mixin.py:188} INFO - [2024-05-23T20:08:45.429+0000] {dag.py:3954} INFO - Setting next_dagrun for example_python_decorator to None, run_after=None
[2024-05-23T20:08:45.455+0000] {processor.py:183} INFO - Processing /home/airflow/.local/lib/python3.12/site-packages/airflow/example_dags/example_python_decorator.py took 0.107 seconds
[2024-05-23T20:09:15.706+0000] {processor.py:161} INFO - Started process (PID=16142) to work on /home/airflow/.local/lib/python3.12/site-packages/airflow/example_dags/example_python_decorator.py
[2024-05-23T20:09:15.707+0000] {processor.py:830} INFO - Processing file /home/airflow/.local/lib/python3.12/site-packages/airflow/example_dags/example_python_decorator.py for tasks to queue
[2024-05-23T20:09:15.709+0000] {logging_mixin.py:188} INFO - [2024-05-23T20:09:15.709+0000] {dagbag.py:545} INFO - Filling up the DagBag from /home/airflow/.local/lib/python3.12/site-packages/airflow/example_dags/example_python_decorator.py
[2024-05-23T20:09:15.728+0000] {processor.py:840} INFO - DAG(s) 'example_python_decorator' retrieved from /home/airflow/.local/lib/python3.12/site-packages/airflow/example_dags/example_python_decorator.py
[2024-05-23T20:09:15.761+0000] {logging_mixin.py:188} INFO - [2024-05-23T20:09:15.761+0000] {dag.py:3096} INFO - Sync 1 DAGs
[2024-05-23T20:09:15.782+0000] {logging_mixin.py:188} INFO - [2024-05-23T20:09:15.782+0000] {dag.py:3954} INFO - Setting next_dagrun for example_python_decorator to None, run_after=None
[2024-05-23T20:09:15.808+0000] {processor.py:183} INFO - Processing /home/airflow/.local/lib/python3.12/site-packages/airflow/example_dags/example_python_decorator.py took 0.111 seconds
[2024-05-23T20:09:46.005+0000] {processor.py:161} INFO - Started process (PID=16404) to work on /home/airflow/.local/lib/python3.12/site-packages/airflow/example_dags/example_python_decorator.py
[2024-05-23T20:09:46.006+0000] {processor.py:830} INFO - Processing file /home/airflow/.local/lib/python3.12/site-packages/airflow/example_dags/example_python_decorator.py for tasks to queue
[2024-05-23T20:09:46.008+0000] {logging_mixin.py:188} INFO - [2024-05-23T20:09:46.007+0000] {dagbag.py:545} INFO - Filling up the DagBag from /home/airflow/.local/lib/python3.12/site-packages/airflow/example_dags/example_python_decorator.py
[2024-05-23T20:09:46.028+0000] {processor.py:840} INFO - DAG(s) 'example_python_decorator' retrieved from /home/airflow/.local/lib/python3.12/site-packages/airflow/example_dags/example_python_decorator.py
[2024-05-23T20:09:46.059+0000] {logging_mixin.py:188} INFO - [2024-05-23T20:09:46.059+0000] {dag.py:3096} INFO - Sync 1 DAGs
[2024-05-23T20:09:46.077+0000] {logging_mixin.py:188} INFO - [2024-05-23T20:09:46.077+0000] {dag.py:3954} INFO - Setting next_dagrun for example_python_decorator to None, run_after=None
[2024-05-23T20:09:46.103+0000] {processor.py:183} INFO - Processing /home/airflow/.local/lib/python3.12/site-packages/airflow/example_dags/example_python_decorator.py took 0.107 seconds
[2024-05-23T20:10:16.479+0000] {processor.py:161} INFO - Started process (PID=16666) to work on /home/airflow/.local/lib/python3.12/site-packages/airflow/example_dags/example_python_decorator.py
[2024-05-23T20:10:16.480+0000] {processor.py:830} INFO - Processing file /home/airflow/.local/lib/python3.12/site-packages/airflow/example_dags/example_python_decorator.py for tasks to queue
[2024-05-23T20:10:16.482+0000] {logging_mixin.py:188} INFO - [2024-05-23T20:10:16.481+0000] {dagbag.py:545} INFO - Filling up the DagBag from /home/airflow/.local/lib/python3.12/site-packages/airflow/example_dags/example_python_decorator.py
[2024-05-23T20:10:16.501+0000] {processor.py:840} INFO - DAG(s) 'example_python_decorator' retrieved from /home/airflow/.local/lib/python3.12/site-packages/airflow/example_dags/example_python_decorator.py
[2024-05-23T20:10:16.534+0000] {logging_mixin.py:188} INFO - [2024-05-23T20:10:16.534+0000] {dag.py:3096} INFO - Sync 1 DAGs
[2024-05-23T20:10:16.553+0000] {logging_mixin.py:188} INFO - [2024-05-23T20:10:16.552+0000] {dag.py:3954} INFO - Setting next_dagrun for example_python_decorator to None, run_after=None
[2024-05-23T20:10:16.578+0000] {processor.py:183} INFO - Processing /home/airflow/.local/lib/python3.12/site-packages/airflow/example_dags/example_python_decorator.py took 0.108 seconds
[2024-05-23T20:10:46.760+0000] {processor.py:161} INFO - Started process (PID=16928) to work on /home/airflow/.local/lib/python3.12/site-packages/airflow/example_dags/example_python_decorator.py
[2024-05-23T20:10:46.762+0000] {processor.py:830} INFO - Processing file /home/airflow/.local/lib/python3.12/site-packages/airflow/example_dags/example_python_decorator.py for tasks to queue
[2024-05-23T20:10:46.763+0000] {logging_mixin.py:188} INFO - [2024-05-23T20:10:46.763+0000] {dagbag.py:545} INFO - Filling up the DagBag from /home/airflow/.local/lib/python3.12/site-packages/airflow/example_dags/example_python_decorator.py
[2024-05-23T20:10:46.781+0000] {processor.py:840} INFO - DAG(s) 'example_python_decorator' retrieved from /home/airflow/.local/lib/python3.12/site-packages/airflow/example_dags/example_python_decorator.py
[2024-05-23T20:10:46.812+0000] {logging_mixin.py:188} INFO - [2024-05-23T20:10:46.812+0000] {dag.py:3096} INFO - Sync 1 DAGs
[2024-05-23T20:10:46.829+0000] {logging_mixin.py:188} INFO - [2024-05-23T20:10:46.829+0000] {dag.py:3954} INFO - Setting next_dagrun for example_python_decorator to None, run_after=None
[2024-05-23T20:10:46.853+0000] {processor.py:183} INFO - Processing /home/airflow/.local/lib/python3.12/site-packages/airflow/example_dags/example_python_decorator.py took 0.101 seconds
[2024-05-23T20:11:17.816+0000] {processor.py:161} INFO - Started process (PID=17189) to work on /home/airflow/.local/lib/python3.12/site-packages/airflow/example_dags/example_python_decorator.py
[2024-05-23T20:11:17.817+0000] {processor.py:830} INFO - Processing file /home/airflow/.local/lib/python3.12/site-packages/airflow/example_dags/example_python_decorator.py for tasks to queue
[2024-05-23T20:11:17.819+0000] {logging_mixin.py:188} INFO - [2024-05-23T20:11:17.818+0000] {dagbag.py:545} INFO - Filling up the DagBag from /home/airflow/.local/lib/python3.12/site-packages/airflow/example_dags/example_python_decorator.py
[2024-05-23T20:11:17.836+0000] {processor.py:840} INFO - DAG(s) 'example_python_decorator' retrieved from /home/airflow/.local/lib/python3.12/site-packages/airflow/example_dags/example_python_decorator.py
[2024-05-23T20:11:17.865+0000] {logging_mixin.py:188} INFO - [2024-05-23T20:11:17.865+0000] {dag.py:3096} INFO - Sync 1 DAGs
[2024-05-23T20:11:17.881+0000] {logging_mixin.py:188} INFO - [2024-05-23T20:11:17.881+0000] {dag.py:3954} INFO - Setting next_dagrun for example_python_decorator to None, run_after=None
[2024-05-23T20:11:17.904+0000] {processor.py:183} INFO - Processing /home/airflow/.local/lib/python3.12/site-packages/airflow/example_dags/example_python_decorator.py took 0.095 seconds
[2024-05-23T20:11:48.926+0000] {processor.py:161} INFO - Started process (PID=17451) to work on /home/airflow/.local/lib/python3.12/site-packages/airflow/example_dags/example_python_decorator.py
[2024-05-23T20:11:48.927+0000] {processor.py:830} INFO - Processing file /home/airflow/.local/lib/python3.12/site-packages/airflow/example_dags/example_python_decorator.py for tasks to queue
[2024-05-23T20:11:48.929+0000] {logging_mixin.py:188} INFO - [2024-05-23T20:11:48.928+0000] {dagbag.py:545} INFO - Filling up the DagBag from /home/airflow/.local/lib/python3.12/site-packages/airflow/example_dags/example_python_decorator.py
[2024-05-23T20:11:48.950+0000] {processor.py:840} INFO - DAG(s) 'example_python_decorator' retrieved from /home/airflow/.local/lib/python3.12/site-packages/airflow/example_dags/example_python_decorator.py
[2024-05-23T20:11:48.979+0000] {logging_mixin.py:188} INFO - [2024-05-23T20:11:48.979+0000] {dag.py:3096} INFO - Sync 1 DAGs
[2024-05-23T20:11:48.996+0000] {logging_mixin.py:188} INFO - [2024-05-23T20:11:48.996+0000] {dag.py:3954} INFO - Setting next_dagrun for example_python_decorator to None, run_after=None
[2024-05-23T20:11:49.018+0000] {processor.py:183} INFO - Processing /home/airflow/.local/lib/python3.12/site-packages/airflow/example_dags/example_python_decorator.py took 0.100 seconds
[2024-05-23T20:12:19.993+0000] {processor.py:161} INFO - Started process (PID=17713) to work on /home/airflow/.local/lib/python3.12/site-packages/airflow/example_dags/example_python_decorator.py
[2024-05-23T20:12:19.995+0000] {processor.py:830} INFO - Processing file /home/airflow/.local/lib/python3.12/site-packages/airflow/example_dags/example_python_decorator.py for tasks to queue
[2024-05-23T20:12:19.997+0000] {logging_mixin.py:188} INFO - [2024-05-23T20:12:19.996+0000] {dagbag.py:545} INFO - Filling up the DagBag from /home/airflow/.local/lib/python3.12/site-packages/airflow/example_dags/example_python_decorator.py
[2024-05-23T20:12:20.016+0000] {processor.py:840} INFO - DAG(s) 'example_python_decorator' retrieved from /home/airflow/.local/lib/python3.12/site-packages/airflow/example_dags/example_python_decorator.py
[2024-05-23T20:12:20.042+0000] {logging_mixin.py:188} INFO - [2024-05-23T20:12:20.042+0000] {dag.py:3096} INFO - Sync 1 DAGs
[2024-05-23T20:12:20.059+0000] {logging_mixin.py:188} INFO - [2024-05-23T20:12:20.059+0000] {dag.py:3954} INFO - Setting next_dagrun for example_python_decorator to None, run_after=None
[2024-05-23T20:12:20.079+0000] {processor.py:183} INFO - Processing /home/airflow/.local/lib/python3.12/site-packages/airflow/example_dags/example_python_decorator.py took 0.095 seconds
[2024-05-23T20:12:50.383+0000] {processor.py:161} INFO - Started process (PID=17975) to work on /home/airflow/.local/lib/python3.12/site-packages/airflow/example_dags/example_python_decorator.py
[2024-05-23T20:12:50.384+0000] {processor.py:830} INFO - Processing file /home/airflow/.local/lib/python3.12/site-packages/airflow/example_dags/example_python_decorator.py for tasks to queue
[2024-05-23T20:12:50.386+0000] {logging_mixin.py:188} INFO - [2024-05-23T20:12:50.385+0000] {dagbag.py:545} INFO - Filling up the DagBag from /home/airflow/.local/lib/python3.12/site-packages/airflow/example_dags/example_python_decorator.py
[2024-05-23T20:12:50.410+0000] {processor.py:840} INFO - DAG(s) 'example_python_decorator' retrieved from /home/airflow/.local/lib/python3.12/site-packages/airflow/example_dags/example_python_decorator.py
[2024-05-23T20:12:50.443+0000] {logging_mixin.py:188} INFO - [2024-05-23T20:12:50.442+0000] {dag.py:3096} INFO - Sync 1 DAGs
[2024-05-23T20:12:50.462+0000] {logging_mixin.py:188} INFO - [2024-05-23T20:12:50.461+0000] {dag.py:3954} INFO - Setting next_dagrun for example_python_decorator to None, run_after=None
[2024-05-23T20:12:50.490+0000] {processor.py:183} INFO - Processing /home/airflow/.local/lib/python3.12/site-packages/airflow/example_dags/example_python_decorator.py took 0.120 seconds
[2024-05-23T20:13:20.684+0000] {processor.py:161} INFO - Started process (PID=18237) to work on /home/airflow/.local/lib/python3.12/site-packages/airflow/example_dags/example_python_decorator.py
[2024-05-23T20:13:20.686+0000] {processor.py:830} INFO - Processing file /home/airflow/.local/lib/python3.12/site-packages/airflow/example_dags/example_python_decorator.py for tasks to queue
[2024-05-23T20:13:20.688+0000] {logging_mixin.py:188} INFO - [2024-05-23T20:13:20.687+0000] {dagbag.py:545} INFO - Filling up the DagBag from /home/airflow/.local/lib/python3.12/site-packages/airflow/example_dags/example_python_decorator.py
[2024-05-23T20:13:20.719+0000] {processor.py:840} INFO - DAG(s) 'example_python_decorator' retrieved from /home/airflow/.local/lib/python3.12/site-packages/airflow/example_dags/example_python_decorator.py
[2024-05-23T20:13:20.763+0000] {logging_mixin.py:188} INFO - [2024-05-23T20:13:20.763+0000] {dag.py:3096} INFO - Sync 1 DAGs
[2024-05-23T20:13:20.869+0000] {logging_mixin.py:188} INFO - [2024-05-23T20:13:20.869+0000] {dag.py:3954} INFO - Setting next_dagrun for example_python_decorator to None, run_after=None
[2024-05-23T20:13:20.902+0000] {processor.py:183} INFO - Processing /home/airflow/.local/lib/python3.12/site-packages/airflow/example_dags/example_python_decorator.py took 0.232 seconds
