[2024-05-23T19:29:52.758+0000] {processor.py:161} INFO - Started process (PID=287) to work on /home/airflow/.local/lib/python3.12/site-packages/airflow/example_dags/example_python_operator.py
[2024-05-23T19:29:52.760+0000] {processor.py:830} INFO - Processing file /home/airflow/.local/lib/python3.12/site-packages/airflow/example_dags/example_python_operator.py for tasks to queue
[2024-05-23T19:29:52.763+0000] {logging_mixin.py:188} INFO - [2024-05-23T19:29:52.763+0000] {dagbag.py:545} INFO - Filling up the DagBag from /home/airflow/.local/lib/python3.12/site-packages/airflow/example_dags/example_python_operator.py
[2024-05-23T19:29:52.794+0000] {processor.py:840} INFO - DAG(s) 'example_python_operator' retrieved from /home/airflow/.local/lib/python3.12/site-packages/airflow/example_dags/example_python_operator.py
[2024-05-23T19:29:53.100+0000] {logging_mixin.py:188} INFO - [2024-05-23T19:29:53.099+0000] {dag.py:3096} INFO - Sync 1 DAGs
[2024-05-23T19:29:53.132+0000] {logging_mixin.py:188} INFO - [2024-05-23T19:29:53.131+0000] {dag.py:3954} INFO - Setting next_dagrun for example_python_operator to None, run_after=None
[2024-05-23T19:29:53.178+0000] {processor.py:183} INFO - Processing /home/airflow/.local/lib/python3.12/site-packages/airflow/example_dags/example_python_operator.py took 0.432 seconds
[2024-05-23T19:30:23.647+0000] {processor.py:161} INFO - Started process (PID=551) to work on /home/airflow/.local/lib/python3.12/site-packages/airflow/example_dags/example_python_operator.py
[2024-05-23T19:30:23.649+0000] {processor.py:830} INFO - Processing file /home/airflow/.local/lib/python3.12/site-packages/airflow/example_dags/example_python_operator.py for tasks to queue
[2024-05-23T19:30:23.652+0000] {logging_mixin.py:188} INFO - [2024-05-23T19:30:23.651+0000] {dagbag.py:545} INFO - Filling up the DagBag from /home/airflow/.local/lib/python3.12/site-packages/airflow/example_dags/example_python_operator.py
[2024-05-23T19:30:23.670+0000] {processor.py:840} INFO - DAG(s) 'example_python_operator' retrieved from /home/airflow/.local/lib/python3.12/site-packages/airflow/example_dags/example_python_operator.py
[2024-05-23T19:30:23.707+0000] {logging_mixin.py:188} INFO - [2024-05-23T19:30:23.706+0000] {dag.py:3096} INFO - Sync 1 DAGs
[2024-05-23T19:30:23.730+0000] {logging_mixin.py:188} INFO - [2024-05-23T19:30:23.729+0000] {dag.py:3954} INFO - Setting next_dagrun for example_python_operator to None, run_after=None
[2024-05-23T19:30:23.757+0000] {processor.py:183} INFO - Processing /home/airflow/.local/lib/python3.12/site-packages/airflow/example_dags/example_python_operator.py took 0.120 seconds
[2024-05-23T19:30:54.028+0000] {processor.py:161} INFO - Started process (PID=811) to work on /home/airflow/.local/lib/python3.12/site-packages/airflow/example_dags/example_python_operator.py
[2024-05-23T19:30:54.030+0000] {processor.py:830} INFO - Processing file /home/airflow/.local/lib/python3.12/site-packages/airflow/example_dags/example_python_operator.py for tasks to queue
[2024-05-23T19:30:54.034+0000] {logging_mixin.py:188} INFO - [2024-05-23T19:30:54.033+0000] {dagbag.py:545} INFO - Filling up the DagBag from /home/airflow/.local/lib/python3.12/site-packages/airflow/example_dags/example_python_operator.py
[2024-05-23T19:30:54.052+0000] {processor.py:840} INFO - DAG(s) 'example_python_operator' retrieved from /home/airflow/.local/lib/python3.12/site-packages/airflow/example_dags/example_python_operator.py
[2024-05-23T19:30:54.092+0000] {logging_mixin.py:188} INFO - [2024-05-23T19:30:54.091+0000] {dag.py:3096} INFO - Sync 1 DAGs
[2024-05-23T19:30:54.116+0000] {logging_mixin.py:188} INFO - [2024-05-23T19:30:54.116+0000] {dag.py:3954} INFO - Setting next_dagrun for example_python_operator to None, run_after=None
[2024-05-23T19:30:54.157+0000] {processor.py:183} INFO - Processing /home/airflow/.local/lib/python3.12/site-packages/airflow/example_dags/example_python_operator.py took 0.140 seconds
[2024-05-23T19:31:24.300+0000] {processor.py:161} INFO - Started process (PID=1073) to work on /home/airflow/.local/lib/python3.12/site-packages/airflow/example_dags/example_python_operator.py
[2024-05-23T19:31:24.302+0000] {processor.py:830} INFO - Processing file /home/airflow/.local/lib/python3.12/site-packages/airflow/example_dags/example_python_operator.py for tasks to queue
[2024-05-23T19:31:24.305+0000] {logging_mixin.py:188} INFO - [2024-05-23T19:31:24.304+0000] {dagbag.py:545} INFO - Filling up the DagBag from /home/airflow/.local/lib/python3.12/site-packages/airflow/example_dags/example_python_operator.py
[2024-05-23T19:31:24.321+0000] {processor.py:840} INFO - DAG(s) 'example_python_operator' retrieved from /home/airflow/.local/lib/python3.12/site-packages/airflow/example_dags/example_python_operator.py
[2024-05-23T19:31:24.357+0000] {logging_mixin.py:188} INFO - [2024-05-23T19:31:24.357+0000] {dag.py:3096} INFO - Sync 1 DAGs
[2024-05-23T19:31:24.377+0000] {logging_mixin.py:188} INFO - [2024-05-23T19:31:24.377+0000] {dag.py:3954} INFO - Setting next_dagrun for example_python_operator to None, run_after=None
[2024-05-23T19:31:24.405+0000] {processor.py:183} INFO - Processing /home/airflow/.local/lib/python3.12/site-packages/airflow/example_dags/example_python_operator.py took 0.114 seconds
[2024-05-23T19:31:54.663+0000] {processor.py:161} INFO - Started process (PID=1335) to work on /home/airflow/.local/lib/python3.12/site-packages/airflow/example_dags/example_python_operator.py
[2024-05-23T19:31:54.665+0000] {processor.py:830} INFO - Processing file /home/airflow/.local/lib/python3.12/site-packages/airflow/example_dags/example_python_operator.py for tasks to queue
[2024-05-23T19:31:54.668+0000] {logging_mixin.py:188} INFO - [2024-05-23T19:31:54.667+0000] {dagbag.py:545} INFO - Filling up the DagBag from /home/airflow/.local/lib/python3.12/site-packages/airflow/example_dags/example_python_operator.py
[2024-05-23T19:31:54.684+0000] {processor.py:840} INFO - DAG(s) 'example_python_operator' retrieved from /home/airflow/.local/lib/python3.12/site-packages/airflow/example_dags/example_python_operator.py
[2024-05-23T19:31:54.720+0000] {logging_mixin.py:188} INFO - [2024-05-23T19:31:54.720+0000] {dag.py:3096} INFO - Sync 1 DAGs
[2024-05-23T19:31:54.741+0000] {logging_mixin.py:188} INFO - [2024-05-23T19:31:54.740+0000] {dag.py:3954} INFO - Setting next_dagrun for example_python_operator to None, run_after=None
[2024-05-23T19:31:54.772+0000] {processor.py:183} INFO - Processing /home/airflow/.local/lib/python3.12/site-packages/airflow/example_dags/example_python_operator.py took 0.118 seconds
[2024-05-23T19:32:25.151+0000] {processor.py:161} INFO - Started process (PID=1597) to work on /home/airflow/.local/lib/python3.12/site-packages/airflow/example_dags/example_python_operator.py
[2024-05-23T19:32:25.152+0000] {processor.py:830} INFO - Processing file /home/airflow/.local/lib/python3.12/site-packages/airflow/example_dags/example_python_operator.py for tasks to queue
[2024-05-23T19:32:25.156+0000] {logging_mixin.py:188} INFO - [2024-05-23T19:32:25.156+0000] {dagbag.py:545} INFO - Filling up the DagBag from /home/airflow/.local/lib/python3.12/site-packages/airflow/example_dags/example_python_operator.py
[2024-05-23T19:32:25.174+0000] {processor.py:840} INFO - DAG(s) 'example_python_operator' retrieved from /home/airflow/.local/lib/python3.12/site-packages/airflow/example_dags/example_python_operator.py
[2024-05-23T19:32:25.215+0000] {logging_mixin.py:188} INFO - [2024-05-23T19:32:25.215+0000] {dag.py:3096} INFO - Sync 1 DAGs
[2024-05-23T19:32:25.238+0000] {logging_mixin.py:188} INFO - [2024-05-23T19:32:25.238+0000] {dag.py:3954} INFO - Setting next_dagrun for example_python_operator to None, run_after=None
[2024-05-23T19:32:25.269+0000] {processor.py:183} INFO - Processing /home/airflow/.local/lib/python3.12/site-packages/airflow/example_dags/example_python_operator.py took 0.128 seconds
[2024-05-23T19:32:55.323+0000] {processor.py:161} INFO - Started process (PID=1859) to work on /home/airflow/.local/lib/python3.12/site-packages/airflow/example_dags/example_python_operator.py
[2024-05-23T19:32:55.325+0000] {processor.py:830} INFO - Processing file /home/airflow/.local/lib/python3.12/site-packages/airflow/example_dags/example_python_operator.py for tasks to queue
[2024-05-23T19:32:55.328+0000] {logging_mixin.py:188} INFO - [2024-05-23T19:32:55.328+0000] {dagbag.py:545} INFO - Filling up the DagBag from /home/airflow/.local/lib/python3.12/site-packages/airflow/example_dags/example_python_operator.py
[2024-05-23T19:32:55.349+0000] {processor.py:840} INFO - DAG(s) 'example_python_operator' retrieved from /home/airflow/.local/lib/python3.12/site-packages/airflow/example_dags/example_python_operator.py
[2024-05-23T19:32:55.386+0000] {logging_mixin.py:188} INFO - [2024-05-23T19:32:55.386+0000] {dag.py:3096} INFO - Sync 1 DAGs
[2024-05-23T19:32:55.406+0000] {logging_mixin.py:188} INFO - [2024-05-23T19:32:55.406+0000] {dag.py:3954} INFO - Setting next_dagrun for example_python_operator to None, run_after=None
[2024-05-23T19:32:55.445+0000] {processor.py:183} INFO - Processing /home/airflow/.local/lib/python3.12/site-packages/airflow/example_dags/example_python_operator.py took 0.131 seconds
[2024-05-23T19:33:25.655+0000] {processor.py:161} INFO - Started process (PID=2116) to work on /home/airflow/.local/lib/python3.12/site-packages/airflow/example_dags/example_python_operator.py
[2024-05-23T19:33:25.657+0000] {processor.py:830} INFO - Processing file /home/airflow/.local/lib/python3.12/site-packages/airflow/example_dags/example_python_operator.py for tasks to queue
[2024-05-23T19:33:25.660+0000] {logging_mixin.py:188} INFO - [2024-05-23T19:33:25.659+0000] {dagbag.py:545} INFO - Filling up the DagBag from /home/airflow/.local/lib/python3.12/site-packages/airflow/example_dags/example_python_operator.py
[2024-05-23T19:33:25.681+0000] {processor.py:840} INFO - DAG(s) 'example_python_operator' retrieved from /home/airflow/.local/lib/python3.12/site-packages/airflow/example_dags/example_python_operator.py
[2024-05-23T19:33:25.730+0000] {logging_mixin.py:188} INFO - [2024-05-23T19:33:25.729+0000] {dag.py:3096} INFO - Sync 1 DAGs
[2024-05-23T19:33:25.754+0000] {logging_mixin.py:188} INFO - [2024-05-23T19:33:25.753+0000] {dag.py:3954} INFO - Setting next_dagrun for example_python_operator to None, run_after=None
[2024-05-23T19:33:25.786+0000] {processor.py:183} INFO - Processing /home/airflow/.local/lib/python3.12/site-packages/airflow/example_dags/example_python_operator.py took 0.142 seconds
[2024-05-23T19:33:56.241+0000] {processor.py:161} INFO - Started process (PID=2379) to work on /home/airflow/.local/lib/python3.12/site-packages/airflow/example_dags/example_python_operator.py
[2024-05-23T19:33:56.244+0000] {processor.py:830} INFO - Processing file /home/airflow/.local/lib/python3.12/site-packages/airflow/example_dags/example_python_operator.py for tasks to queue
[2024-05-23T19:33:56.247+0000] {logging_mixin.py:188} INFO - [2024-05-23T19:33:56.246+0000] {dagbag.py:545} INFO - Filling up the DagBag from /home/airflow/.local/lib/python3.12/site-packages/airflow/example_dags/example_python_operator.py
[2024-05-23T19:33:56.265+0000] {processor.py:840} INFO - DAG(s) 'example_python_operator' retrieved from /home/airflow/.local/lib/python3.12/site-packages/airflow/example_dags/example_python_operator.py
[2024-05-23T19:33:56.310+0000] {logging_mixin.py:188} INFO - [2024-05-23T19:33:56.310+0000] {dag.py:3096} INFO - Sync 1 DAGs
[2024-05-23T19:33:56.340+0000] {logging_mixin.py:188} INFO - [2024-05-23T19:33:56.339+0000] {dag.py:3954} INFO - Setting next_dagrun for example_python_operator to None, run_after=None
[2024-05-23T19:33:56.378+0000] {processor.py:183} INFO - Processing /home/airflow/.local/lib/python3.12/site-packages/airflow/example_dags/example_python_operator.py took 0.147 seconds
[2024-05-23T19:34:26.867+0000] {processor.py:161} INFO - Started process (PID=2640) to work on /home/airflow/.local/lib/python3.12/site-packages/airflow/example_dags/example_python_operator.py
[2024-05-23T19:34:26.869+0000] {processor.py:830} INFO - Processing file /home/airflow/.local/lib/python3.12/site-packages/airflow/example_dags/example_python_operator.py for tasks to queue
[2024-05-23T19:34:26.873+0000] {logging_mixin.py:188} INFO - [2024-05-23T19:34:26.873+0000] {dagbag.py:545} INFO - Filling up the DagBag from /home/airflow/.local/lib/python3.12/site-packages/airflow/example_dags/example_python_operator.py
[2024-05-23T19:34:26.891+0000] {processor.py:840} INFO - DAG(s) 'example_python_operator' retrieved from /home/airflow/.local/lib/python3.12/site-packages/airflow/example_dags/example_python_operator.py
[2024-05-23T19:34:26.927+0000] {logging_mixin.py:188} INFO - [2024-05-23T19:34:26.927+0000] {dag.py:3096} INFO - Sync 1 DAGs
[2024-05-23T19:34:26.949+0000] {logging_mixin.py:188} INFO - [2024-05-23T19:34:26.949+0000] {dag.py:3954} INFO - Setting next_dagrun for example_python_operator to None, run_after=None
[2024-05-23T19:34:26.978+0000] {processor.py:183} INFO - Processing /home/airflow/.local/lib/python3.12/site-packages/airflow/example_dags/example_python_operator.py took 0.120 seconds
[2024-05-23T19:34:57.606+0000] {processor.py:161} INFO - Started process (PID=2923) to work on /home/airflow/.local/lib/python3.12/site-packages/airflow/example_dags/example_python_operator.py
[2024-05-23T19:34:57.609+0000] {processor.py:830} INFO - Processing file /home/airflow/.local/lib/python3.12/site-packages/airflow/example_dags/example_python_operator.py for tasks to queue
[2024-05-23T19:34:57.612+0000] {logging_mixin.py:188} INFO - [2024-05-23T19:34:57.611+0000] {dagbag.py:545} INFO - Filling up the DagBag from /home/airflow/.local/lib/python3.12/site-packages/airflow/example_dags/example_python_operator.py
[2024-05-23T19:34:57.628+0000] {processor.py:840} INFO - DAG(s) 'example_python_operator' retrieved from /home/airflow/.local/lib/python3.12/site-packages/airflow/example_dags/example_python_operator.py
[2024-05-23T19:34:57.665+0000] {logging_mixin.py:188} INFO - [2024-05-23T19:34:57.665+0000] {dag.py:3096} INFO - Sync 1 DAGs
[2024-05-23T19:34:57.687+0000] {logging_mixin.py:188} INFO - [2024-05-23T19:34:57.687+0000] {dag.py:3954} INFO - Setting next_dagrun for example_python_operator to None, run_after=None
[2024-05-23T19:34:57.719+0000] {processor.py:183} INFO - Processing /home/airflow/.local/lib/python3.12/site-packages/airflow/example_dags/example_python_operator.py took 0.123 seconds
[2024-05-23T19:35:27.906+0000] {processor.py:161} INFO - Started process (PID=3188) to work on /home/airflow/.local/lib/python3.12/site-packages/airflow/example_dags/example_python_operator.py
[2024-05-23T19:35:27.909+0000] {processor.py:830} INFO - Processing file /home/airflow/.local/lib/python3.12/site-packages/airflow/example_dags/example_python_operator.py for tasks to queue
[2024-05-23T19:35:27.913+0000] {logging_mixin.py:188} INFO - [2024-05-23T19:35:27.912+0000] {dagbag.py:545} INFO - Filling up the DagBag from /home/airflow/.local/lib/python3.12/site-packages/airflow/example_dags/example_python_operator.py
[2024-05-23T19:35:27.931+0000] {processor.py:840} INFO - DAG(s) 'example_python_operator' retrieved from /home/airflow/.local/lib/python3.12/site-packages/airflow/example_dags/example_python_operator.py
[2024-05-23T19:35:27.970+0000] {logging_mixin.py:188} INFO - [2024-05-23T19:35:27.969+0000] {dag.py:3096} INFO - Sync 1 DAGs
[2024-05-23T19:35:27.993+0000] {logging_mixin.py:188} INFO - [2024-05-23T19:35:27.992+0000] {dag.py:3954} INFO - Setting next_dagrun for example_python_operator to None, run_after=None
[2024-05-23T19:35:28.025+0000] {processor.py:183} INFO - Processing /home/airflow/.local/lib/python3.12/site-packages/airflow/example_dags/example_python_operator.py took 0.128 seconds
[2024-05-23T19:35:58.162+0000] {processor.py:161} INFO - Started process (PID=3451) to work on /home/airflow/.local/lib/python3.12/site-packages/airflow/example_dags/example_python_operator.py
[2024-05-23T19:35:58.163+0000] {processor.py:830} INFO - Processing file /home/airflow/.local/lib/python3.12/site-packages/airflow/example_dags/example_python_operator.py for tasks to queue
[2024-05-23T19:35:58.166+0000] {logging_mixin.py:188} INFO - [2024-05-23T19:35:58.166+0000] {dagbag.py:545} INFO - Filling up the DagBag from /home/airflow/.local/lib/python3.12/site-packages/airflow/example_dags/example_python_operator.py
[2024-05-23T19:35:58.183+0000] {processor.py:840} INFO - DAG(s) 'example_python_operator' retrieved from /home/airflow/.local/lib/python3.12/site-packages/airflow/example_dags/example_python_operator.py
[2024-05-23T19:35:58.217+0000] {logging_mixin.py:188} INFO - [2024-05-23T19:35:58.217+0000] {dag.py:3096} INFO - Sync 1 DAGs
[2024-05-23T19:35:58.237+0000] {logging_mixin.py:188} INFO - [2024-05-23T19:35:58.237+0000] {dag.py:3954} INFO - Setting next_dagrun for example_python_operator to None, run_after=None
[2024-05-23T19:35:58.265+0000] {processor.py:183} INFO - Processing /home/airflow/.local/lib/python3.12/site-packages/airflow/example_dags/example_python_operator.py took 0.113 seconds
[2024-05-23T19:36:28.429+0000] {processor.py:161} INFO - Started process (PID=3712) to work on /home/airflow/.local/lib/python3.12/site-packages/airflow/example_dags/example_python_operator.py
[2024-05-23T19:36:28.433+0000] {processor.py:830} INFO - Processing file /home/airflow/.local/lib/python3.12/site-packages/airflow/example_dags/example_python_operator.py for tasks to queue
[2024-05-23T19:36:28.436+0000] {logging_mixin.py:188} INFO - [2024-05-23T19:36:28.436+0000] {dagbag.py:545} INFO - Filling up the DagBag from /home/airflow/.local/lib/python3.12/site-packages/airflow/example_dags/example_python_operator.py
[2024-05-23T19:36:28.456+0000] {processor.py:840} INFO - DAG(s) 'example_python_operator' retrieved from /home/airflow/.local/lib/python3.12/site-packages/airflow/example_dags/example_python_operator.py
[2024-05-23T19:36:28.501+0000] {logging_mixin.py:188} INFO - [2024-05-23T19:36:28.500+0000] {dag.py:3096} INFO - Sync 1 DAGs
[2024-05-23T19:36:28.524+0000] {logging_mixin.py:188} INFO - [2024-05-23T19:36:28.523+0000] {dag.py:3954} INFO - Setting next_dagrun for example_python_operator to None, run_after=None
[2024-05-23T19:36:28.555+0000] {processor.py:183} INFO - Processing /home/airflow/.local/lib/python3.12/site-packages/airflow/example_dags/example_python_operator.py took 0.138 seconds
[2024-05-23T19:36:58.713+0000] {processor.py:161} INFO - Started process (PID=3976) to work on /home/airflow/.local/lib/python3.12/site-packages/airflow/example_dags/example_python_operator.py
[2024-05-23T19:36:58.715+0000] {processor.py:830} INFO - Processing file /home/airflow/.local/lib/python3.12/site-packages/airflow/example_dags/example_python_operator.py for tasks to queue
[2024-05-23T19:36:58.717+0000] {logging_mixin.py:188} INFO - [2024-05-23T19:36:58.717+0000] {dagbag.py:545} INFO - Filling up the DagBag from /home/airflow/.local/lib/python3.12/site-packages/airflow/example_dags/example_python_operator.py
[2024-05-23T19:36:58.733+0000] {processor.py:840} INFO - DAG(s) 'example_python_operator' retrieved from /home/airflow/.local/lib/python3.12/site-packages/airflow/example_dags/example_python_operator.py
[2024-05-23T19:36:58.772+0000] {logging_mixin.py:188} INFO - [2024-05-23T19:36:58.771+0000] {dag.py:3096} INFO - Sync 1 DAGs
[2024-05-23T19:36:58.796+0000] {logging_mixin.py:188} INFO - [2024-05-23T19:36:58.795+0000] {dag.py:3954} INFO - Setting next_dagrun for example_python_operator to None, run_after=None
[2024-05-23T19:36:58.828+0000] {processor.py:183} INFO - Processing /home/airflow/.local/lib/python3.12/site-packages/airflow/example_dags/example_python_operator.py took 0.124 seconds
[2024-05-23T19:37:29.201+0000] {processor.py:161} INFO - Started process (PID=4236) to work on /home/airflow/.local/lib/python3.12/site-packages/airflow/example_dags/example_python_operator.py
[2024-05-23T19:37:29.205+0000] {processor.py:830} INFO - Processing file /home/airflow/.local/lib/python3.12/site-packages/airflow/example_dags/example_python_operator.py for tasks to queue
[2024-05-23T19:37:29.209+0000] {logging_mixin.py:188} INFO - [2024-05-23T19:37:29.208+0000] {dagbag.py:545} INFO - Filling up the DagBag from /home/airflow/.local/lib/python3.12/site-packages/airflow/example_dags/example_python_operator.py
[2024-05-23T19:37:29.227+0000] {processor.py:840} INFO - DAG(s) 'example_python_operator' retrieved from /home/airflow/.local/lib/python3.12/site-packages/airflow/example_dags/example_python_operator.py
[2024-05-23T19:37:29.267+0000] {logging_mixin.py:188} INFO - [2024-05-23T19:37:29.267+0000] {dag.py:3096} INFO - Sync 1 DAGs
[2024-05-23T19:37:29.288+0000] {logging_mixin.py:188} INFO - [2024-05-23T19:37:29.288+0000] {dag.py:3954} INFO - Setting next_dagrun for example_python_operator to None, run_after=None
[2024-05-23T19:37:29.321+0000] {processor.py:183} INFO - Processing /home/airflow/.local/lib/python3.12/site-packages/airflow/example_dags/example_python_operator.py took 0.137 seconds
[2024-05-23T19:38:00.273+0000] {processor.py:161} INFO - Started process (PID=4498) to work on /home/airflow/.local/lib/python3.12/site-packages/airflow/example_dags/example_python_operator.py
[2024-05-23T19:38:00.274+0000] {processor.py:830} INFO - Processing file /home/airflow/.local/lib/python3.12/site-packages/airflow/example_dags/example_python_operator.py for tasks to queue
[2024-05-23T19:38:00.276+0000] {logging_mixin.py:188} INFO - [2024-05-23T19:38:00.276+0000] {dagbag.py:545} INFO - Filling up the DagBag from /home/airflow/.local/lib/python3.12/site-packages/airflow/example_dags/example_python_operator.py
[2024-05-23T19:38:00.291+0000] {processor.py:840} INFO - DAG(s) 'example_python_operator' retrieved from /home/airflow/.local/lib/python3.12/site-packages/airflow/example_dags/example_python_operator.py
[2024-05-23T19:38:00.322+0000] {logging_mixin.py:188} INFO - [2024-05-23T19:38:00.321+0000] {dag.py:3096} INFO - Sync 1 DAGs
[2024-05-23T19:38:00.338+0000] {logging_mixin.py:188} INFO - [2024-05-23T19:38:00.338+0000] {dag.py:3954} INFO - Setting next_dagrun for example_python_operator to None, run_after=None
[2024-05-23T19:38:00.363+0000] {processor.py:183} INFO - Processing /home/airflow/.local/lib/python3.12/site-packages/airflow/example_dags/example_python_operator.py took 0.098 seconds
[2024-05-23T19:38:30.509+0000] {processor.py:161} INFO - Started process (PID=4760) to work on /home/airflow/.local/lib/python3.12/site-packages/airflow/example_dags/example_python_operator.py
[2024-05-23T19:38:30.513+0000] {processor.py:830} INFO - Processing file /home/airflow/.local/lib/python3.12/site-packages/airflow/example_dags/example_python_operator.py for tasks to queue
[2024-05-23T19:38:30.516+0000] {logging_mixin.py:188} INFO - [2024-05-23T19:38:30.516+0000] {dagbag.py:545} INFO - Filling up the DagBag from /home/airflow/.local/lib/python3.12/site-packages/airflow/example_dags/example_python_operator.py
[2024-05-23T19:38:30.533+0000] {processor.py:840} INFO - DAG(s) 'example_python_operator' retrieved from /home/airflow/.local/lib/python3.12/site-packages/airflow/example_dags/example_python_operator.py
[2024-05-23T19:38:30.569+0000] {logging_mixin.py:188} INFO - [2024-05-23T19:38:30.568+0000] {dag.py:3096} INFO - Sync 1 DAGs
[2024-05-23T19:38:30.591+0000] {logging_mixin.py:188} INFO - [2024-05-23T19:38:30.590+0000] {dag.py:3954} INFO - Setting next_dagrun for example_python_operator to None, run_after=None
[2024-05-23T19:38:30.618+0000] {processor.py:183} INFO - Processing /home/airflow/.local/lib/python3.12/site-packages/airflow/example_dags/example_python_operator.py took 0.118 seconds
[2024-05-23T19:39:01.094+0000] {processor.py:161} INFO - Started process (PID=5022) to work on /home/airflow/.local/lib/python3.12/site-packages/airflow/example_dags/example_python_operator.py
[2024-05-23T19:39:01.096+0000] {processor.py:830} INFO - Processing file /home/airflow/.local/lib/python3.12/site-packages/airflow/example_dags/example_python_operator.py for tasks to queue
[2024-05-23T19:39:01.099+0000] {logging_mixin.py:188} INFO - [2024-05-23T19:39:01.099+0000] {dagbag.py:545} INFO - Filling up the DagBag from /home/airflow/.local/lib/python3.12/site-packages/airflow/example_dags/example_python_operator.py
[2024-05-23T19:39:01.117+0000] {processor.py:840} INFO - DAG(s) 'example_python_operator' retrieved from /home/airflow/.local/lib/python3.12/site-packages/airflow/example_dags/example_python_operator.py
[2024-05-23T19:39:01.153+0000] {logging_mixin.py:188} INFO - [2024-05-23T19:39:01.152+0000] {dag.py:3096} INFO - Sync 1 DAGs
[2024-05-23T19:39:01.175+0000] {logging_mixin.py:188} INFO - [2024-05-23T19:39:01.174+0000] {dag.py:3954} INFO - Setting next_dagrun for example_python_operator to None, run_after=None
[2024-05-23T19:39:01.202+0000] {processor.py:183} INFO - Processing /home/airflow/.local/lib/python3.12/site-packages/airflow/example_dags/example_python_operator.py took 0.117 seconds
[2024-05-23T19:39:31.681+0000] {processor.py:161} INFO - Started process (PID=5284) to work on /home/airflow/.local/lib/python3.12/site-packages/airflow/example_dags/example_python_operator.py
[2024-05-23T19:39:31.683+0000] {processor.py:830} INFO - Processing file /home/airflow/.local/lib/python3.12/site-packages/airflow/example_dags/example_python_operator.py for tasks to queue
[2024-05-23T19:39:31.686+0000] {logging_mixin.py:188} INFO - [2024-05-23T19:39:31.686+0000] {dagbag.py:545} INFO - Filling up the DagBag from /home/airflow/.local/lib/python3.12/site-packages/airflow/example_dags/example_python_operator.py
[2024-05-23T19:39:31.702+0000] {processor.py:840} INFO - DAG(s) 'example_python_operator' retrieved from /home/airflow/.local/lib/python3.12/site-packages/airflow/example_dags/example_python_operator.py
[2024-05-23T19:39:31.738+0000] {logging_mixin.py:188} INFO - [2024-05-23T19:39:31.737+0000] {dag.py:3096} INFO - Sync 1 DAGs
[2024-05-23T19:39:31.759+0000] {logging_mixin.py:188} INFO - [2024-05-23T19:39:31.758+0000] {dag.py:3954} INFO - Setting next_dagrun for example_python_operator to None, run_after=None
[2024-05-23T19:39:31.787+0000] {processor.py:183} INFO - Processing /home/airflow/.local/lib/python3.12/site-packages/airflow/example_dags/example_python_operator.py took 0.117 seconds
[2024-05-23T19:40:02.404+0000] {processor.py:161} INFO - Started process (PID=5547) to work on /home/airflow/.local/lib/python3.12/site-packages/airflow/example_dags/example_python_operator.py
[2024-05-23T19:40:02.406+0000] {processor.py:830} INFO - Processing file /home/airflow/.local/lib/python3.12/site-packages/airflow/example_dags/example_python_operator.py for tasks to queue
[2024-05-23T19:40:02.410+0000] {logging_mixin.py:188} INFO - [2024-05-23T19:40:02.409+0000] {dagbag.py:545} INFO - Filling up the DagBag from /home/airflow/.local/lib/python3.12/site-packages/airflow/example_dags/example_python_operator.py
[2024-05-23T19:40:02.426+0000] {processor.py:840} INFO - DAG(s) 'example_python_operator' retrieved from /home/airflow/.local/lib/python3.12/site-packages/airflow/example_dags/example_python_operator.py
[2024-05-23T19:40:02.460+0000] {logging_mixin.py:188} INFO - [2024-05-23T19:40:02.460+0000] {dag.py:3096} INFO - Sync 1 DAGs
[2024-05-23T19:40:02.479+0000] {logging_mixin.py:188} INFO - [2024-05-23T19:40:02.479+0000] {dag.py:3954} INFO - Setting next_dagrun for example_python_operator to None, run_after=None
[2024-05-23T19:40:02.506+0000] {processor.py:183} INFO - Processing /home/airflow/.local/lib/python3.12/site-packages/airflow/example_dags/example_python_operator.py took 0.111 seconds
[2024-05-23T19:40:33.015+0000] {processor.py:161} INFO - Started process (PID=5808) to work on /home/airflow/.local/lib/python3.12/site-packages/airflow/example_dags/example_python_operator.py
[2024-05-23T19:40:33.017+0000] {processor.py:830} INFO - Processing file /home/airflow/.local/lib/python3.12/site-packages/airflow/example_dags/example_python_operator.py for tasks to queue
[2024-05-23T19:40:33.020+0000] {logging_mixin.py:188} INFO - [2024-05-23T19:40:33.019+0000] {dagbag.py:545} INFO - Filling up the DagBag from /home/airflow/.local/lib/python3.12/site-packages/airflow/example_dags/example_python_operator.py
[2024-05-23T19:40:33.034+0000] {processor.py:840} INFO - DAG(s) 'example_python_operator' retrieved from /home/airflow/.local/lib/python3.12/site-packages/airflow/example_dags/example_python_operator.py
[2024-05-23T19:40:33.066+0000] {logging_mixin.py:188} INFO - [2024-05-23T19:40:33.066+0000] {dag.py:3096} INFO - Sync 1 DAGs
[2024-05-23T19:40:33.086+0000] {logging_mixin.py:188} INFO - [2024-05-23T19:40:33.085+0000] {dag.py:3954} INFO - Setting next_dagrun for example_python_operator to None, run_after=None
[2024-05-23T19:40:33.111+0000] {processor.py:183} INFO - Processing /home/airflow/.local/lib/python3.12/site-packages/airflow/example_dags/example_python_operator.py took 0.104 seconds
[2024-05-23T19:41:03.215+0000] {processor.py:161} INFO - Started process (PID=6072) to work on /home/airflow/.local/lib/python3.12/site-packages/airflow/example_dags/example_python_operator.py
[2024-05-23T19:41:03.216+0000] {processor.py:830} INFO - Processing file /home/airflow/.local/lib/python3.12/site-packages/airflow/example_dags/example_python_operator.py for tasks to queue
[2024-05-23T19:41:03.219+0000] {logging_mixin.py:188} INFO - [2024-05-23T19:41:03.218+0000] {dagbag.py:545} INFO - Filling up the DagBag from /home/airflow/.local/lib/python3.12/site-packages/airflow/example_dags/example_python_operator.py
[2024-05-23T19:41:03.235+0000] {processor.py:840} INFO - DAG(s) 'example_python_operator' retrieved from /home/airflow/.local/lib/python3.12/site-packages/airflow/example_dags/example_python_operator.py
[2024-05-23T19:41:03.270+0000] {logging_mixin.py:188} INFO - [2024-05-23T19:41:03.269+0000] {dag.py:3096} INFO - Sync 1 DAGs
[2024-05-23T19:41:03.291+0000] {logging_mixin.py:188} INFO - [2024-05-23T19:41:03.291+0000] {dag.py:3954} INFO - Setting next_dagrun for example_python_operator to None, run_after=None
[2024-05-23T19:41:03.320+0000] {processor.py:183} INFO - Processing /home/airflow/.local/lib/python3.12/site-packages/airflow/example_dags/example_python_operator.py took 0.115 seconds
[2024-05-23T19:41:33.689+0000] {processor.py:161} INFO - Started process (PID=6333) to work on /home/airflow/.local/lib/python3.12/site-packages/airflow/example_dags/example_python_operator.py
[2024-05-23T19:41:33.690+0000] {processor.py:830} INFO - Processing file /home/airflow/.local/lib/python3.12/site-packages/airflow/example_dags/example_python_operator.py for tasks to queue
[2024-05-23T19:41:33.694+0000] {logging_mixin.py:188} INFO - [2024-05-23T19:41:33.694+0000] {dagbag.py:545} INFO - Filling up the DagBag from /home/airflow/.local/lib/python3.12/site-packages/airflow/example_dags/example_python_operator.py
[2024-05-23T19:41:33.707+0000] {processor.py:840} INFO - DAG(s) 'example_python_operator' retrieved from /home/airflow/.local/lib/python3.12/site-packages/airflow/example_dags/example_python_operator.py
[2024-05-23T19:41:33.742+0000] {logging_mixin.py:188} INFO - [2024-05-23T19:41:33.741+0000] {dag.py:3096} INFO - Sync 1 DAGs
[2024-05-23T19:41:33.764+0000] {logging_mixin.py:188} INFO - [2024-05-23T19:41:33.764+0000] {dag.py:3954} INFO - Setting next_dagrun for example_python_operator to None, run_after=None
[2024-05-23T19:41:33.789+0000] {processor.py:183} INFO - Processing /home/airflow/.local/lib/python3.12/site-packages/airflow/example_dags/example_python_operator.py took 0.107 seconds
[2024-05-23T19:42:04.359+0000] {processor.py:161} INFO - Started process (PID=6593) to work on /home/airflow/.local/lib/python3.12/site-packages/airflow/example_dags/example_python_operator.py
[2024-05-23T19:42:04.361+0000] {processor.py:830} INFO - Processing file /home/airflow/.local/lib/python3.12/site-packages/airflow/example_dags/example_python_operator.py for tasks to queue
[2024-05-23T19:42:04.364+0000] {logging_mixin.py:188} INFO - [2024-05-23T19:42:04.363+0000] {dagbag.py:545} INFO - Filling up the DagBag from /home/airflow/.local/lib/python3.12/site-packages/airflow/example_dags/example_python_operator.py
[2024-05-23T19:42:04.382+0000] {processor.py:840} INFO - DAG(s) 'example_python_operator' retrieved from /home/airflow/.local/lib/python3.12/site-packages/airflow/example_dags/example_python_operator.py
[2024-05-23T19:42:04.418+0000] {logging_mixin.py:188} INFO - [2024-05-23T19:42:04.418+0000] {dag.py:3096} INFO - Sync 1 DAGs
[2024-05-23T19:42:04.439+0000] {logging_mixin.py:188} INFO - [2024-05-23T19:42:04.439+0000] {dag.py:3954} INFO - Setting next_dagrun for example_python_operator to None, run_after=None
[2024-05-23T19:42:04.474+0000] {processor.py:183} INFO - Processing /home/airflow/.local/lib/python3.12/site-packages/airflow/example_dags/example_python_operator.py took 0.124 seconds
[2024-05-23T19:42:34.540+0000] {processor.py:161} INFO - Started process (PID=6857) to work on /home/airflow/.local/lib/python3.12/site-packages/airflow/example_dags/example_python_operator.py
[2024-05-23T19:42:34.542+0000] {processor.py:830} INFO - Processing file /home/airflow/.local/lib/python3.12/site-packages/airflow/example_dags/example_python_operator.py for tasks to queue
[2024-05-23T19:42:34.544+0000] {logging_mixin.py:188} INFO - [2024-05-23T19:42:34.544+0000] {dagbag.py:545} INFO - Filling up the DagBag from /home/airflow/.local/lib/python3.12/site-packages/airflow/example_dags/example_python_operator.py
[2024-05-23T19:42:34.558+0000] {processor.py:840} INFO - DAG(s) 'example_python_operator' retrieved from /home/airflow/.local/lib/python3.12/site-packages/airflow/example_dags/example_python_operator.py
[2024-05-23T19:42:34.588+0000] {logging_mixin.py:188} INFO - [2024-05-23T19:42:34.588+0000] {dag.py:3096} INFO - Sync 1 DAGs
[2024-05-23T19:42:34.606+0000] {logging_mixin.py:188} INFO - [2024-05-23T19:42:34.606+0000] {dag.py:3954} INFO - Setting next_dagrun for example_python_operator to None, run_after=None
[2024-05-23T19:42:34.631+0000] {processor.py:183} INFO - Processing /home/airflow/.local/lib/python3.12/site-packages/airflow/example_dags/example_python_operator.py took 0.099 seconds
[2024-05-23T19:43:04.855+0000] {processor.py:161} INFO - Started process (PID=7118) to work on /home/airflow/.local/lib/python3.12/site-packages/airflow/example_dags/example_python_operator.py
[2024-05-23T19:43:04.856+0000] {processor.py:830} INFO - Processing file /home/airflow/.local/lib/python3.12/site-packages/airflow/example_dags/example_python_operator.py for tasks to queue
[2024-05-23T19:43:04.859+0000] {logging_mixin.py:188} INFO - [2024-05-23T19:43:04.859+0000] {dagbag.py:545} INFO - Filling up the DagBag from /home/airflow/.local/lib/python3.12/site-packages/airflow/example_dags/example_python_operator.py
[2024-05-23T19:43:04.874+0000] {processor.py:840} INFO - DAG(s) 'example_python_operator' retrieved from /home/airflow/.local/lib/python3.12/site-packages/airflow/example_dags/example_python_operator.py
[2024-05-23T19:43:04.907+0000] {logging_mixin.py:188} INFO - [2024-05-23T19:43:04.907+0000] {dag.py:3096} INFO - Sync 1 DAGs
[2024-05-23T19:43:04.926+0000] {logging_mixin.py:188} INFO - [2024-05-23T19:43:04.926+0000] {dag.py:3954} INFO - Setting next_dagrun for example_python_operator to None, run_after=None
[2024-05-23T19:43:04.952+0000] {processor.py:183} INFO - Processing /home/airflow/.local/lib/python3.12/site-packages/airflow/example_dags/example_python_operator.py took 0.106 seconds
[2024-05-23T19:43:35.318+0000] {processor.py:161} INFO - Started process (PID=7379) to work on /home/airflow/.local/lib/python3.12/site-packages/airflow/example_dags/example_python_operator.py
[2024-05-23T19:43:35.320+0000] {processor.py:830} INFO - Processing file /home/airflow/.local/lib/python3.12/site-packages/airflow/example_dags/example_python_operator.py for tasks to queue
[2024-05-23T19:43:35.323+0000] {logging_mixin.py:188} INFO - [2024-05-23T19:43:35.322+0000] {dagbag.py:545} INFO - Filling up the DagBag from /home/airflow/.local/lib/python3.12/site-packages/airflow/example_dags/example_python_operator.py
[2024-05-23T19:43:35.340+0000] {processor.py:840} INFO - DAG(s) 'example_python_operator' retrieved from /home/airflow/.local/lib/python3.12/site-packages/airflow/example_dags/example_python_operator.py
[2024-05-23T19:43:35.375+0000] {logging_mixin.py:188} INFO - [2024-05-23T19:43:35.374+0000] {dag.py:3096} INFO - Sync 1 DAGs
[2024-05-23T19:43:35.398+0000] {logging_mixin.py:188} INFO - [2024-05-23T19:43:35.397+0000] {dag.py:3954} INFO - Setting next_dagrun for example_python_operator to None, run_after=None
[2024-05-23T19:43:35.428+0000] {processor.py:183} INFO - Processing /home/airflow/.local/lib/python3.12/site-packages/airflow/example_dags/example_python_operator.py took 0.119 seconds
[2024-05-23T19:44:05.863+0000] {processor.py:161} INFO - Started process (PID=7641) to work on /home/airflow/.local/lib/python3.12/site-packages/airflow/example_dags/example_python_operator.py
[2024-05-23T19:44:05.866+0000] {processor.py:830} INFO - Processing file /home/airflow/.local/lib/python3.12/site-packages/airflow/example_dags/example_python_operator.py for tasks to queue
[2024-05-23T19:44:05.869+0000] {logging_mixin.py:188} INFO - [2024-05-23T19:44:05.868+0000] {dagbag.py:545} INFO - Filling up the DagBag from /home/airflow/.local/lib/python3.12/site-packages/airflow/example_dags/example_python_operator.py
[2024-05-23T19:44:05.888+0000] {processor.py:840} INFO - DAG(s) 'example_python_operator' retrieved from /home/airflow/.local/lib/python3.12/site-packages/airflow/example_dags/example_python_operator.py
[2024-05-23T19:44:05.923+0000] {logging_mixin.py:188} INFO - [2024-05-23T19:44:05.923+0000] {dag.py:3096} INFO - Sync 1 DAGs
[2024-05-23T19:44:05.943+0000] {logging_mixin.py:188} INFO - [2024-05-23T19:44:05.943+0000] {dag.py:3954} INFO - Setting next_dagrun for example_python_operator to None, run_after=None
[2024-05-23T19:44:05.971+0000] {processor.py:183} INFO - Processing /home/airflow/.local/lib/python3.12/site-packages/airflow/example_dags/example_python_operator.py took 0.117 seconds
[2024-05-23T19:44:36.278+0000] {processor.py:161} INFO - Started process (PID=7903) to work on /home/airflow/.local/lib/python3.12/site-packages/airflow/example_dags/example_python_operator.py
[2024-05-23T19:44:36.281+0000] {processor.py:830} INFO - Processing file /home/airflow/.local/lib/python3.12/site-packages/airflow/example_dags/example_python_operator.py for tasks to queue
[2024-05-23T19:44:36.284+0000] {logging_mixin.py:188} INFO - [2024-05-23T19:44:36.284+0000] {dagbag.py:545} INFO - Filling up the DagBag from /home/airflow/.local/lib/python3.12/site-packages/airflow/example_dags/example_python_operator.py
[2024-05-23T19:44:36.301+0000] {processor.py:840} INFO - DAG(s) 'example_python_operator' retrieved from /home/airflow/.local/lib/python3.12/site-packages/airflow/example_dags/example_python_operator.py
[2024-05-23T19:44:36.334+0000] {logging_mixin.py:188} INFO - [2024-05-23T19:44:36.334+0000] {dag.py:3096} INFO - Sync 1 DAGs
[2024-05-23T19:44:36.354+0000] {logging_mixin.py:188} INFO - [2024-05-23T19:44:36.354+0000] {dag.py:3954} INFO - Setting next_dagrun for example_python_operator to None, run_after=None
[2024-05-23T19:44:36.383+0000] {processor.py:183} INFO - Processing /home/airflow/.local/lib/python3.12/site-packages/airflow/example_dags/example_python_operator.py took 0.113 seconds
[2024-05-23T19:45:06.580+0000] {processor.py:161} INFO - Started process (PID=8166) to work on /home/airflow/.local/lib/python3.12/site-packages/airflow/example_dags/example_python_operator.py
[2024-05-23T19:45:06.581+0000] {processor.py:830} INFO - Processing file /home/airflow/.local/lib/python3.12/site-packages/airflow/example_dags/example_python_operator.py for tasks to queue
[2024-05-23T19:45:06.584+0000] {logging_mixin.py:188} INFO - [2024-05-23T19:45:06.584+0000] {dagbag.py:545} INFO - Filling up the DagBag from /home/airflow/.local/lib/python3.12/site-packages/airflow/example_dags/example_python_operator.py
[2024-05-23T19:45:06.599+0000] {processor.py:840} INFO - DAG(s) 'example_python_operator' retrieved from /home/airflow/.local/lib/python3.12/site-packages/airflow/example_dags/example_python_operator.py
[2024-05-23T19:45:06.629+0000] {logging_mixin.py:188} INFO - [2024-05-23T19:45:06.629+0000] {dag.py:3096} INFO - Sync 1 DAGs
[2024-05-23T19:45:06.647+0000] {logging_mixin.py:188} INFO - [2024-05-23T19:45:06.647+0000] {dag.py:3954} INFO - Setting next_dagrun for example_python_operator to None, run_after=None
[2024-05-23T19:45:06.672+0000] {processor.py:183} INFO - Processing /home/airflow/.local/lib/python3.12/site-packages/airflow/example_dags/example_python_operator.py took 0.101 seconds
[2024-05-23T19:45:36.923+0000] {processor.py:161} INFO - Started process (PID=8427) to work on /home/airflow/.local/lib/python3.12/site-packages/airflow/example_dags/example_python_operator.py
[2024-05-23T19:45:36.925+0000] {processor.py:830} INFO - Processing file /home/airflow/.local/lib/python3.12/site-packages/airflow/example_dags/example_python_operator.py for tasks to queue
[2024-05-23T19:45:36.928+0000] {logging_mixin.py:188} INFO - [2024-05-23T19:45:36.927+0000] {dagbag.py:545} INFO - Filling up the DagBag from /home/airflow/.local/lib/python3.12/site-packages/airflow/example_dags/example_python_operator.py
[2024-05-23T19:45:36.942+0000] {processor.py:840} INFO - DAG(s) 'example_python_operator' retrieved from /home/airflow/.local/lib/python3.12/site-packages/airflow/example_dags/example_python_operator.py
[2024-05-23T19:45:36.972+0000] {logging_mixin.py:188} INFO - [2024-05-23T19:45:36.972+0000] {dag.py:3096} INFO - Sync 1 DAGs
[2024-05-23T19:45:36.989+0000] {logging_mixin.py:188} INFO - [2024-05-23T19:45:36.989+0000] {dag.py:3954} INFO - Setting next_dagrun for example_python_operator to None, run_after=None
[2024-05-23T19:45:37.013+0000] {processor.py:183} INFO - Processing /home/airflow/.local/lib/python3.12/site-packages/airflow/example_dags/example_python_operator.py took 0.097 seconds
[2024-05-23T19:46:07.619+0000] {processor.py:161} INFO - Started process (PID=8684) to work on /home/airflow/.local/lib/python3.12/site-packages/airflow/example_dags/example_python_operator.py
[2024-05-23T19:46:07.620+0000] {processor.py:830} INFO - Processing file /home/airflow/.local/lib/python3.12/site-packages/airflow/example_dags/example_python_operator.py for tasks to queue
[2024-05-23T19:46:07.623+0000] {logging_mixin.py:188} INFO - [2024-05-23T19:46:07.622+0000] {dagbag.py:545} INFO - Filling up the DagBag from /home/airflow/.local/lib/python3.12/site-packages/airflow/example_dags/example_python_operator.py
[2024-05-23T19:46:07.636+0000] {processor.py:840} INFO - DAG(s) 'example_python_operator' retrieved from /home/airflow/.local/lib/python3.12/site-packages/airflow/example_dags/example_python_operator.py
[2024-05-23T19:46:07.666+0000] {logging_mixin.py:188} INFO - [2024-05-23T19:46:07.666+0000] {dag.py:3096} INFO - Sync 1 DAGs
[2024-05-23T19:46:07.683+0000] {logging_mixin.py:188} INFO - [2024-05-23T19:46:07.683+0000] {dag.py:3954} INFO - Setting next_dagrun for example_python_operator to None, run_after=None
[2024-05-23T19:46:07.707+0000] {processor.py:183} INFO - Processing /home/airflow/.local/lib/python3.12/site-packages/airflow/example_dags/example_python_operator.py took 0.096 seconds
[2024-05-23T19:46:37.879+0000] {processor.py:161} INFO - Started process (PID=8945) to work on /home/airflow/.local/lib/python3.12/site-packages/airflow/example_dags/example_python_operator.py
[2024-05-23T19:46:37.880+0000] {processor.py:830} INFO - Processing file /home/airflow/.local/lib/python3.12/site-packages/airflow/example_dags/example_python_operator.py for tasks to queue
[2024-05-23T19:46:37.883+0000] {logging_mixin.py:188} INFO - [2024-05-23T19:46:37.883+0000] {dagbag.py:545} INFO - Filling up the DagBag from /home/airflow/.local/lib/python3.12/site-packages/airflow/example_dags/example_python_operator.py
[2024-05-23T19:46:37.897+0000] {processor.py:840} INFO - DAG(s) 'example_python_operator' retrieved from /home/airflow/.local/lib/python3.12/site-packages/airflow/example_dags/example_python_operator.py
[2024-05-23T19:46:37.926+0000] {logging_mixin.py:188} INFO - [2024-05-23T19:46:37.926+0000] {dag.py:3096} INFO - Sync 1 DAGs
[2024-05-23T19:46:37.944+0000] {logging_mixin.py:188} INFO - [2024-05-23T19:46:37.943+0000] {dag.py:3954} INFO - Setting next_dagrun for example_python_operator to None, run_after=None
[2024-05-23T19:46:37.967+0000] {processor.py:183} INFO - Processing /home/airflow/.local/lib/python3.12/site-packages/airflow/example_dags/example_python_operator.py took 0.096 seconds
[2024-05-23T19:47:08.149+0000] {processor.py:161} INFO - Started process (PID=9208) to work on /home/airflow/.local/lib/python3.12/site-packages/airflow/example_dags/example_python_operator.py
[2024-05-23T19:47:08.150+0000] {processor.py:830} INFO - Processing file /home/airflow/.local/lib/python3.12/site-packages/airflow/example_dags/example_python_operator.py for tasks to queue
[2024-05-23T19:47:08.153+0000] {logging_mixin.py:188} INFO - [2024-05-23T19:47:08.153+0000] {dagbag.py:545} INFO - Filling up the DagBag from /home/airflow/.local/lib/python3.12/site-packages/airflow/example_dags/example_python_operator.py
[2024-05-23T19:47:08.167+0000] {processor.py:840} INFO - DAG(s) 'example_python_operator' retrieved from /home/airflow/.local/lib/python3.12/site-packages/airflow/example_dags/example_python_operator.py
[2024-05-23T19:47:08.196+0000] {logging_mixin.py:188} INFO - [2024-05-23T19:47:08.196+0000] {dag.py:3096} INFO - Sync 1 DAGs
[2024-05-23T19:47:08.214+0000] {logging_mixin.py:188} INFO - [2024-05-23T19:47:08.213+0000] {dag.py:3954} INFO - Setting next_dagrun for example_python_operator to None, run_after=None
[2024-05-23T19:47:08.237+0000] {processor.py:183} INFO - Processing /home/airflow/.local/lib/python3.12/site-packages/airflow/example_dags/example_python_operator.py took 0.096 seconds
[2024-05-23T19:47:38.342+0000] {processor.py:161} INFO - Started process (PID=9469) to work on /home/airflow/.local/lib/python3.12/site-packages/airflow/example_dags/example_python_operator.py
[2024-05-23T19:47:38.343+0000] {processor.py:830} INFO - Processing file /home/airflow/.local/lib/python3.12/site-packages/airflow/example_dags/example_python_operator.py for tasks to queue
[2024-05-23T19:47:38.346+0000] {logging_mixin.py:188} INFO - [2024-05-23T19:47:38.346+0000] {dagbag.py:545} INFO - Filling up the DagBag from /home/airflow/.local/lib/python3.12/site-packages/airflow/example_dags/example_python_operator.py
[2024-05-23T19:47:38.361+0000] {processor.py:840} INFO - DAG(s) 'example_python_operator' retrieved from /home/airflow/.local/lib/python3.12/site-packages/airflow/example_dags/example_python_operator.py
[2024-05-23T19:47:38.390+0000] {logging_mixin.py:188} INFO - [2024-05-23T19:47:38.389+0000] {dag.py:3096} INFO - Sync 1 DAGs
[2024-05-23T19:47:38.407+0000] {logging_mixin.py:188} INFO - [2024-05-23T19:47:38.407+0000] {dag.py:3954} INFO - Setting next_dagrun for example_python_operator to None, run_after=None
[2024-05-23T19:47:38.431+0000] {processor.py:183} INFO - Processing /home/airflow/.local/lib/python3.12/site-packages/airflow/example_dags/example_python_operator.py took 0.098 seconds
[2024-05-23T19:48:09.068+0000] {processor.py:161} INFO - Started process (PID=9731) to work on /home/airflow/.local/lib/python3.12/site-packages/airflow/example_dags/example_python_operator.py
[2024-05-23T19:48:09.070+0000] {processor.py:830} INFO - Processing file /home/airflow/.local/lib/python3.12/site-packages/airflow/example_dags/example_python_operator.py for tasks to queue
[2024-05-23T19:48:09.072+0000] {logging_mixin.py:188} INFO - [2024-05-23T19:48:09.072+0000] {dagbag.py:545} INFO - Filling up the DagBag from /home/airflow/.local/lib/python3.12/site-packages/airflow/example_dags/example_python_operator.py
[2024-05-23T19:48:09.087+0000] {processor.py:840} INFO - DAG(s) 'example_python_operator' retrieved from /home/airflow/.local/lib/python3.12/site-packages/airflow/example_dags/example_python_operator.py
[2024-05-23T19:48:09.124+0000] {logging_mixin.py:188} INFO - [2024-05-23T19:48:09.124+0000] {dag.py:3096} INFO - Sync 1 DAGs
[2024-05-23T19:48:09.145+0000] {logging_mixin.py:188} INFO - [2024-05-23T19:48:09.145+0000] {dag.py:3954} INFO - Setting next_dagrun for example_python_operator to None, run_after=None
[2024-05-23T19:48:09.175+0000] {processor.py:183} INFO - Processing /home/airflow/.local/lib/python3.12/site-packages/airflow/example_dags/example_python_operator.py took 0.115 seconds
[2024-05-23T19:48:39.246+0000] {processor.py:161} INFO - Started process (PID=9988) to work on /home/airflow/.local/lib/python3.12/site-packages/airflow/example_dags/example_python_operator.py
[2024-05-23T19:48:39.254+0000] {processor.py:830} INFO - Processing file /home/airflow/.local/lib/python3.12/site-packages/airflow/example_dags/example_python_operator.py for tasks to queue
[2024-05-23T19:48:39.257+0000] {logging_mixin.py:188} INFO - [2024-05-23T19:48:39.256+0000] {dagbag.py:545} INFO - Filling up the DagBag from /home/airflow/.local/lib/python3.12/site-packages/airflow/example_dags/example_python_operator.py
[2024-05-23T19:48:39.274+0000] {processor.py:840} INFO - DAG(s) 'example_python_operator' retrieved from /home/airflow/.local/lib/python3.12/site-packages/airflow/example_dags/example_python_operator.py
[2024-05-23T19:48:39.311+0000] {logging_mixin.py:188} INFO - [2024-05-23T19:48:39.311+0000] {dag.py:3096} INFO - Sync 1 DAGs
[2024-05-23T19:48:39.331+0000] {logging_mixin.py:188} INFO - [2024-05-23T19:48:39.331+0000] {dag.py:3954} INFO - Setting next_dagrun for example_python_operator to None, run_after=None
[2024-05-23T19:48:39.360+0000] {processor.py:183} INFO - Processing /home/airflow/.local/lib/python3.12/site-packages/airflow/example_dags/example_python_operator.py took 0.130 seconds
[2024-05-23T19:49:09.448+0000] {processor.py:161} INFO - Started process (PID=10250) to work on /home/airflow/.local/lib/python3.12/site-packages/airflow/example_dags/example_python_operator.py
[2024-05-23T19:49:09.450+0000] {processor.py:830} INFO - Processing file /home/airflow/.local/lib/python3.12/site-packages/airflow/example_dags/example_python_operator.py for tasks to queue
[2024-05-23T19:49:09.452+0000] {logging_mixin.py:188} INFO - [2024-05-23T19:49:09.452+0000] {dagbag.py:545} INFO - Filling up the DagBag from /home/airflow/.local/lib/python3.12/site-packages/airflow/example_dags/example_python_operator.py
[2024-05-23T19:49:09.468+0000] {processor.py:840} INFO - DAG(s) 'example_python_operator' retrieved from /home/airflow/.local/lib/python3.12/site-packages/airflow/example_dags/example_python_operator.py
[2024-05-23T19:49:09.500+0000] {logging_mixin.py:188} INFO - [2024-05-23T19:49:09.500+0000] {dag.py:3096} INFO - Sync 1 DAGs
[2024-05-23T19:49:09.520+0000] {logging_mixin.py:188} INFO - [2024-05-23T19:49:09.520+0000] {dag.py:3954} INFO - Setting next_dagrun for example_python_operator to None, run_after=None
[2024-05-23T19:49:09.547+0000] {processor.py:183} INFO - Processing /home/airflow/.local/lib/python3.12/site-packages/airflow/example_dags/example_python_operator.py took 0.107 seconds
[2024-05-23T19:49:39.941+0000] {processor.py:161} INFO - Started process (PID=10518) to work on /home/airflow/.local/lib/python3.12/site-packages/airflow/example_dags/example_python_operator.py
[2024-05-23T19:49:39.956+0000] {processor.py:830} INFO - Processing file /home/airflow/.local/lib/python3.12/site-packages/airflow/example_dags/example_python_operator.py for tasks to queue
[2024-05-23T19:49:39.959+0000] {logging_mixin.py:188} INFO - [2024-05-23T19:49:39.958+0000] {dagbag.py:545} INFO - Filling up the DagBag from /home/airflow/.local/lib/python3.12/site-packages/airflow/example_dags/example_python_operator.py
[2024-05-23T19:49:39.974+0000] {processor.py:840} INFO - DAG(s) 'example_python_operator' retrieved from /home/airflow/.local/lib/python3.12/site-packages/airflow/example_dags/example_python_operator.py
[2024-05-23T19:49:40.006+0000] {logging_mixin.py:188} INFO - [2024-05-23T19:49:40.006+0000] {dag.py:3096} INFO - Sync 1 DAGs
[2024-05-23T19:49:40.026+0000] {logging_mixin.py:188} INFO - [2024-05-23T19:49:40.025+0000] {dag.py:3954} INFO - Setting next_dagrun for example_python_operator to None, run_after=None
[2024-05-23T19:49:40.053+0000] {processor.py:183} INFO - Processing /home/airflow/.local/lib/python3.12/site-packages/airflow/example_dags/example_python_operator.py took 0.120 seconds
[2024-05-23T19:50:10.425+0000] {processor.py:161} INFO - Started process (PID=10779) to work on /home/airflow/.local/lib/python3.12/site-packages/airflow/example_dags/example_python_operator.py
[2024-05-23T19:50:10.427+0000] {processor.py:830} INFO - Processing file /home/airflow/.local/lib/python3.12/site-packages/airflow/example_dags/example_python_operator.py for tasks to queue
[2024-05-23T19:50:10.430+0000] {logging_mixin.py:188} INFO - [2024-05-23T19:50:10.429+0000] {dagbag.py:545} INFO - Filling up the DagBag from /home/airflow/.local/lib/python3.12/site-packages/airflow/example_dags/example_python_operator.py
[2024-05-23T19:50:10.448+0000] {processor.py:840} INFO - DAG(s) 'example_python_operator' retrieved from /home/airflow/.local/lib/python3.12/site-packages/airflow/example_dags/example_python_operator.py
[2024-05-23T19:50:10.481+0000] {logging_mixin.py:188} INFO - [2024-05-23T19:50:10.481+0000] {dag.py:3096} INFO - Sync 1 DAGs
[2024-05-23T19:50:10.501+0000] {logging_mixin.py:188} INFO - [2024-05-23T19:50:10.501+0000] {dag.py:3954} INFO - Setting next_dagrun for example_python_operator to None, run_after=None
[2024-05-23T19:50:10.528+0000] {processor.py:183} INFO - Processing /home/airflow/.local/lib/python3.12/site-packages/airflow/example_dags/example_python_operator.py took 0.112 seconds
[2024-05-23T19:50:41.005+0000] {processor.py:161} INFO - Started process (PID=11042) to work on /home/airflow/.local/lib/python3.12/site-packages/airflow/example_dags/example_python_operator.py
[2024-05-23T19:50:41.007+0000] {processor.py:830} INFO - Processing file /home/airflow/.local/lib/python3.12/site-packages/airflow/example_dags/example_python_operator.py for tasks to queue
[2024-05-23T19:50:41.011+0000] {logging_mixin.py:188} INFO - [2024-05-23T19:50:41.010+0000] {dagbag.py:545} INFO - Filling up the DagBag from /home/airflow/.local/lib/python3.12/site-packages/airflow/example_dags/example_python_operator.py
[2024-05-23T19:50:41.029+0000] {processor.py:840} INFO - DAG(s) 'example_python_operator' retrieved from /home/airflow/.local/lib/python3.12/site-packages/airflow/example_dags/example_python_operator.py
[2024-05-23T19:50:41.236+0000] {logging_mixin.py:188} INFO - [2024-05-23T19:50:41.235+0000] {dag.py:3096} INFO - Sync 1 DAGs
[2024-05-23T19:50:41.255+0000] {logging_mixin.py:188} INFO - [2024-05-23T19:50:41.254+0000] {dag.py:3954} INFO - Setting next_dagrun for example_python_operator to None, run_after=None
[2024-05-23T19:50:41.335+0000] {processor.py:183} INFO - Processing /home/airflow/.local/lib/python3.12/site-packages/airflow/example_dags/example_python_operator.py took 0.340 seconds
[2024-05-23T19:51:11.863+0000] {processor.py:161} INFO - Started process (PID=11303) to work on /home/airflow/.local/lib/python3.12/site-packages/airflow/example_dags/example_python_operator.py
[2024-05-23T19:51:11.864+0000] {processor.py:830} INFO - Processing file /home/airflow/.local/lib/python3.12/site-packages/airflow/example_dags/example_python_operator.py for tasks to queue
[2024-05-23T19:51:11.868+0000] {logging_mixin.py:188} INFO - [2024-05-23T19:51:11.867+0000] {dagbag.py:545} INFO - Filling up the DagBag from /home/airflow/.local/lib/python3.12/site-packages/airflow/example_dags/example_python_operator.py
[2024-05-23T19:51:11.883+0000] {processor.py:840} INFO - DAG(s) 'example_python_operator' retrieved from /home/airflow/.local/lib/python3.12/site-packages/airflow/example_dags/example_python_operator.py
[2024-05-23T19:51:11.917+0000] {logging_mixin.py:188} INFO - [2024-05-23T19:51:11.916+0000] {dag.py:3096} INFO - Sync 1 DAGs
[2024-05-23T19:51:11.936+0000] {logging_mixin.py:188} INFO - [2024-05-23T19:51:11.936+0000] {dag.py:3954} INFO - Setting next_dagrun for example_python_operator to None, run_after=None
[2024-05-23T19:51:11.963+0000] {processor.py:183} INFO - Processing /home/airflow/.local/lib/python3.12/site-packages/airflow/example_dags/example_python_operator.py took 0.110 seconds
[2024-05-23T19:51:42.054+0000] {processor.py:161} INFO - Started process (PID=11565) to work on /home/airflow/.local/lib/python3.12/site-packages/airflow/example_dags/example_python_operator.py
[2024-05-23T19:51:42.057+0000] {processor.py:830} INFO - Processing file /home/airflow/.local/lib/python3.12/site-packages/airflow/example_dags/example_python_operator.py for tasks to queue
[2024-05-23T19:51:42.060+0000] {logging_mixin.py:188} INFO - [2024-05-23T19:51:42.059+0000] {dagbag.py:545} INFO - Filling up the DagBag from /home/airflow/.local/lib/python3.12/site-packages/airflow/example_dags/example_python_operator.py
[2024-05-23T19:51:42.080+0000] {processor.py:840} INFO - DAG(s) 'example_python_operator' retrieved from /home/airflow/.local/lib/python3.12/site-packages/airflow/example_dags/example_python_operator.py
[2024-05-23T19:51:42.115+0000] {logging_mixin.py:188} INFO - [2024-05-23T19:51:42.115+0000] {dag.py:3096} INFO - Sync 1 DAGs
[2024-05-23T19:51:42.135+0000] {logging_mixin.py:188} INFO - [2024-05-23T19:51:42.135+0000] {dag.py:3954} INFO - Setting next_dagrun for example_python_operator to None, run_after=None
[2024-05-23T19:51:42.164+0000] {processor.py:183} INFO - Processing /home/airflow/.local/lib/python3.12/site-packages/airflow/example_dags/example_python_operator.py took 0.119 seconds
[2024-05-23T19:52:12.296+0000] {processor.py:161} INFO - Started process (PID=11827) to work on /home/airflow/.local/lib/python3.12/site-packages/airflow/example_dags/example_python_operator.py
[2024-05-23T19:52:12.297+0000] {processor.py:830} INFO - Processing file /home/airflow/.local/lib/python3.12/site-packages/airflow/example_dags/example_python_operator.py for tasks to queue
[2024-05-23T19:52:12.300+0000] {logging_mixin.py:188} INFO - [2024-05-23T19:52:12.299+0000] {dagbag.py:545} INFO - Filling up the DagBag from /home/airflow/.local/lib/python3.12/site-packages/airflow/example_dags/example_python_operator.py
[2024-05-23T19:52:12.315+0000] {processor.py:840} INFO - DAG(s) 'example_python_operator' retrieved from /home/airflow/.local/lib/python3.12/site-packages/airflow/example_dags/example_python_operator.py
[2024-05-23T19:52:12.349+0000] {logging_mixin.py:188} INFO - [2024-05-23T19:52:12.349+0000] {dag.py:3096} INFO - Sync 1 DAGs
[2024-05-23T19:52:12.368+0000] {logging_mixin.py:188} INFO - [2024-05-23T19:52:12.368+0000] {dag.py:3954} INFO - Setting next_dagrun for example_python_operator to None, run_after=None
[2024-05-23T19:52:12.395+0000] {processor.py:183} INFO - Processing /home/airflow/.local/lib/python3.12/site-packages/airflow/example_dags/example_python_operator.py took 0.110 seconds
[2024-05-23T19:52:42.655+0000] {processor.py:161} INFO - Started process (PID=12089) to work on /home/airflow/.local/lib/python3.12/site-packages/airflow/example_dags/example_python_operator.py
[2024-05-23T19:52:42.657+0000] {processor.py:830} INFO - Processing file /home/airflow/.local/lib/python3.12/site-packages/airflow/example_dags/example_python_operator.py for tasks to queue
[2024-05-23T19:52:42.660+0000] {logging_mixin.py:188} INFO - [2024-05-23T19:52:42.660+0000] {dagbag.py:545} INFO - Filling up the DagBag from /home/airflow/.local/lib/python3.12/site-packages/airflow/example_dags/example_python_operator.py
[2024-05-23T19:52:42.676+0000] {processor.py:840} INFO - DAG(s) 'example_python_operator' retrieved from /home/airflow/.local/lib/python3.12/site-packages/airflow/example_dags/example_python_operator.py
[2024-05-23T19:52:42.713+0000] {logging_mixin.py:188} INFO - [2024-05-23T19:52:42.713+0000] {dag.py:3096} INFO - Sync 1 DAGs
[2024-05-23T19:52:42.734+0000] {logging_mixin.py:188} INFO - [2024-05-23T19:52:42.733+0000] {dag.py:3954} INFO - Setting next_dagrun for example_python_operator to None, run_after=None
[2024-05-23T19:52:42.762+0000] {processor.py:183} INFO - Processing /home/airflow/.local/lib/python3.12/site-packages/airflow/example_dags/example_python_operator.py took 0.116 seconds
[2024-05-23T19:53:12.971+0000] {processor.py:161} INFO - Started process (PID=12351) to work on /home/airflow/.local/lib/python3.12/site-packages/airflow/example_dags/example_python_operator.py
[2024-05-23T19:53:12.972+0000] {processor.py:830} INFO - Processing file /home/airflow/.local/lib/python3.12/site-packages/airflow/example_dags/example_python_operator.py for tasks to queue
[2024-05-23T19:53:12.976+0000] {logging_mixin.py:188} INFO - [2024-05-23T19:53:12.975+0000] {dagbag.py:545} INFO - Filling up the DagBag from /home/airflow/.local/lib/python3.12/site-packages/airflow/example_dags/example_python_operator.py
[2024-05-23T19:53:12.991+0000] {processor.py:840} INFO - DAG(s) 'example_python_operator' retrieved from /home/airflow/.local/lib/python3.12/site-packages/airflow/example_dags/example_python_operator.py
[2024-05-23T19:53:13.027+0000] {logging_mixin.py:188} INFO - [2024-05-23T19:53:13.026+0000] {dag.py:3096} INFO - Sync 1 DAGs
[2024-05-23T19:53:13.047+0000] {logging_mixin.py:188} INFO - [2024-05-23T19:53:13.047+0000] {dag.py:3954} INFO - Setting next_dagrun for example_python_operator to None, run_after=None
[2024-05-23T19:53:13.074+0000] {processor.py:183} INFO - Processing /home/airflow/.local/lib/python3.12/site-packages/airflow/example_dags/example_python_operator.py took 0.113 seconds
[2024-05-23T19:53:43.239+0000] {processor.py:161} INFO - Started process (PID=12613) to work on /home/airflow/.local/lib/python3.12/site-packages/airflow/example_dags/example_python_operator.py
[2024-05-23T19:53:43.241+0000] {processor.py:830} INFO - Processing file /home/airflow/.local/lib/python3.12/site-packages/airflow/example_dags/example_python_operator.py for tasks to queue
[2024-05-23T19:53:43.244+0000] {logging_mixin.py:188} INFO - [2024-05-23T19:53:43.243+0000] {dagbag.py:545} INFO - Filling up the DagBag from /home/airflow/.local/lib/python3.12/site-packages/airflow/example_dags/example_python_operator.py
[2024-05-23T19:53:43.259+0000] {processor.py:840} INFO - DAG(s) 'example_python_operator' retrieved from /home/airflow/.local/lib/python3.12/site-packages/airflow/example_dags/example_python_operator.py
[2024-05-23T19:53:43.295+0000] {logging_mixin.py:188} INFO - [2024-05-23T19:53:43.294+0000] {dag.py:3096} INFO - Sync 1 DAGs
[2024-05-23T19:53:43.315+0000] {logging_mixin.py:188} INFO - [2024-05-23T19:53:43.314+0000] {dag.py:3954} INFO - Setting next_dagrun for example_python_operator to None, run_after=None
[2024-05-23T19:53:43.341+0000] {processor.py:183} INFO - Processing /home/airflow/.local/lib/python3.12/site-packages/airflow/example_dags/example_python_operator.py took 0.110 seconds
[2024-05-23T19:54:13.823+0000] {processor.py:161} INFO - Started process (PID=12875) to work on /home/airflow/.local/lib/python3.12/site-packages/airflow/example_dags/example_python_operator.py
[2024-05-23T19:54:13.824+0000] {processor.py:830} INFO - Processing file /home/airflow/.local/lib/python3.12/site-packages/airflow/example_dags/example_python_operator.py for tasks to queue
[2024-05-23T19:54:13.828+0000] {logging_mixin.py:188} INFO - [2024-05-23T19:54:13.828+0000] {dagbag.py:545} INFO - Filling up the DagBag from /home/airflow/.local/lib/python3.12/site-packages/airflow/example_dags/example_python_operator.py
[2024-05-23T19:54:13.844+0000] {processor.py:840} INFO - DAG(s) 'example_python_operator' retrieved from /home/airflow/.local/lib/python3.12/site-packages/airflow/example_dags/example_python_operator.py
[2024-05-23T19:54:13.879+0000] {logging_mixin.py:188} INFO - [2024-05-23T19:54:13.878+0000] {dag.py:3096} INFO - Sync 1 DAGs
[2024-05-23T19:54:13.899+0000] {logging_mixin.py:188} INFO - [2024-05-23T19:54:13.899+0000] {dag.py:3954} INFO - Setting next_dagrun for example_python_operator to None, run_after=None
[2024-05-23T19:54:13.929+0000] {processor.py:183} INFO - Processing /home/airflow/.local/lib/python3.12/site-packages/airflow/example_dags/example_python_operator.py took 0.115 seconds
[2024-05-23T19:54:44.759+0000] {processor.py:161} INFO - Started process (PID=13139) to work on /home/airflow/.local/lib/python3.12/site-packages/airflow/example_dags/example_python_operator.py
[2024-05-23T19:54:44.761+0000] {processor.py:830} INFO - Processing file /home/airflow/.local/lib/python3.12/site-packages/airflow/example_dags/example_python_operator.py for tasks to queue
[2024-05-23T19:54:44.763+0000] {logging_mixin.py:188} INFO - [2024-05-23T19:54:44.763+0000] {dagbag.py:545} INFO - Filling up the DagBag from /home/airflow/.local/lib/python3.12/site-packages/airflow/example_dags/example_python_operator.py
[2024-05-23T19:54:44.779+0000] {processor.py:840} INFO - DAG(s) 'example_python_operator' retrieved from /home/airflow/.local/lib/python3.12/site-packages/airflow/example_dags/example_python_operator.py
[2024-05-23T19:54:44.813+0000] {logging_mixin.py:188} INFO - [2024-05-23T19:54:44.813+0000] {dag.py:3096} INFO - Sync 1 DAGs
[2024-05-23T19:54:44.831+0000] {logging_mixin.py:188} INFO - [2024-05-23T19:54:44.831+0000] {dag.py:3954} INFO - Setting next_dagrun for example_python_operator to None, run_after=None
[2024-05-23T19:54:44.857+0000] {processor.py:183} INFO - Processing /home/airflow/.local/lib/python3.12/site-packages/airflow/example_dags/example_python_operator.py took 0.106 seconds
[2024-05-23T19:55:15.475+0000] {processor.py:161} INFO - Started process (PID=13399) to work on /home/airflow/.local/lib/python3.12/site-packages/airflow/example_dags/example_python_operator.py
[2024-05-23T19:55:15.478+0000] {processor.py:830} INFO - Processing file /home/airflow/.local/lib/python3.12/site-packages/airflow/example_dags/example_python_operator.py for tasks to queue
[2024-05-23T19:55:15.481+0000] {logging_mixin.py:188} INFO - [2024-05-23T19:55:15.481+0000] {dagbag.py:545} INFO - Filling up the DagBag from /home/airflow/.local/lib/python3.12/site-packages/airflow/example_dags/example_python_operator.py
[2024-05-23T19:55:15.497+0000] {processor.py:840} INFO - DAG(s) 'example_python_operator' retrieved from /home/airflow/.local/lib/python3.12/site-packages/airflow/example_dags/example_python_operator.py
[2024-05-23T19:55:15.534+0000] {logging_mixin.py:188} INFO - [2024-05-23T19:55:15.533+0000] {dag.py:3096} INFO - Sync 1 DAGs
[2024-05-23T19:55:15.556+0000] {logging_mixin.py:188} INFO - [2024-05-23T19:55:15.556+0000] {dag.py:3954} INFO - Setting next_dagrun for example_python_operator to None, run_after=None
[2024-05-23T19:55:15.583+0000] {processor.py:183} INFO - Processing /home/airflow/.local/lib/python3.12/site-packages/airflow/example_dags/example_python_operator.py took 0.117 seconds
[2024-05-23T19:55:46.083+0000] {processor.py:161} INFO - Started process (PID=13667) to work on /home/airflow/.local/lib/python3.12/site-packages/airflow/example_dags/example_python_operator.py
[2024-05-23T19:55:46.084+0000] {processor.py:830} INFO - Processing file /home/airflow/.local/lib/python3.12/site-packages/airflow/example_dags/example_python_operator.py for tasks to queue
[2024-05-23T19:55:46.088+0000] {logging_mixin.py:188} INFO - [2024-05-23T19:55:46.087+0000] {dagbag.py:545} INFO - Filling up the DagBag from /home/airflow/.local/lib/python3.12/site-packages/airflow/example_dags/example_python_operator.py
[2024-05-23T19:55:46.104+0000] {processor.py:840} INFO - DAG(s) 'example_python_operator' retrieved from /home/airflow/.local/lib/python3.12/site-packages/airflow/example_dags/example_python_operator.py
[2024-05-23T19:55:46.141+0000] {logging_mixin.py:188} INFO - [2024-05-23T19:55:46.140+0000] {dag.py:3096} INFO - Sync 1 DAGs
[2024-05-23T19:55:46.161+0000] {logging_mixin.py:188} INFO - [2024-05-23T19:55:46.161+0000] {dag.py:3954} INFO - Setting next_dagrun for example_python_operator to None, run_after=None
[2024-05-23T19:55:46.189+0000] {processor.py:183} INFO - Processing /home/airflow/.local/lib/python3.12/site-packages/airflow/example_dags/example_python_operator.py took 0.116 seconds
[2024-05-23T19:56:16.326+0000] {processor.py:161} INFO - Started process (PID=13929) to work on /home/airflow/.local/lib/python3.12/site-packages/airflow/example_dags/example_python_operator.py
[2024-05-23T19:56:16.327+0000] {processor.py:830} INFO - Processing file /home/airflow/.local/lib/python3.12/site-packages/airflow/example_dags/example_python_operator.py for tasks to queue
[2024-05-23T19:56:16.330+0000] {logging_mixin.py:188} INFO - [2024-05-23T19:56:16.329+0000] {dagbag.py:545} INFO - Filling up the DagBag from /home/airflow/.local/lib/python3.12/site-packages/airflow/example_dags/example_python_operator.py
[2024-05-23T19:56:16.348+0000] {processor.py:840} INFO - DAG(s) 'example_python_operator' retrieved from /home/airflow/.local/lib/python3.12/site-packages/airflow/example_dags/example_python_operator.py
[2024-05-23T19:56:16.381+0000] {logging_mixin.py:188} INFO - [2024-05-23T19:56:16.380+0000] {dag.py:3096} INFO - Sync 1 DAGs
[2024-05-23T19:56:16.401+0000] {logging_mixin.py:188} INFO - [2024-05-23T19:56:16.401+0000] {dag.py:3954} INFO - Setting next_dagrun for example_python_operator to None, run_after=None
[2024-05-23T19:56:16.428+0000] {processor.py:183} INFO - Processing /home/airflow/.local/lib/python3.12/site-packages/airflow/example_dags/example_python_operator.py took 0.110 seconds
[2024-05-23T19:56:47.132+0000] {processor.py:161} INFO - Started process (PID=14191) to work on /home/airflow/.local/lib/python3.12/site-packages/airflow/example_dags/example_python_operator.py
[2024-05-23T19:56:47.133+0000] {processor.py:830} INFO - Processing file /home/airflow/.local/lib/python3.12/site-packages/airflow/example_dags/example_python_operator.py for tasks to queue
[2024-05-23T19:56:47.136+0000] {logging_mixin.py:188} INFO - [2024-05-23T19:56:47.135+0000] {dagbag.py:545} INFO - Filling up the DagBag from /home/airflow/.local/lib/python3.12/site-packages/airflow/example_dags/example_python_operator.py
[2024-05-23T19:56:47.153+0000] {processor.py:840} INFO - DAG(s) 'example_python_operator' retrieved from /home/airflow/.local/lib/python3.12/site-packages/airflow/example_dags/example_python_operator.py
[2024-05-23T19:56:47.184+0000] {logging_mixin.py:188} INFO - [2024-05-23T19:56:47.184+0000] {dag.py:3096} INFO - Sync 1 DAGs
[2024-05-23T19:56:47.206+0000] {logging_mixin.py:188} INFO - [2024-05-23T19:56:47.205+0000] {dag.py:3954} INFO - Setting next_dagrun for example_python_operator to None, run_after=None
[2024-05-23T19:56:47.230+0000] {processor.py:183} INFO - Processing /home/airflow/.local/lib/python3.12/site-packages/airflow/example_dags/example_python_operator.py took 0.106 seconds
[2024-05-23T19:57:17.700+0000] {processor.py:161} INFO - Started process (PID=14453) to work on /home/airflow/.local/lib/python3.12/site-packages/airflow/example_dags/example_python_operator.py
[2024-05-23T19:57:17.701+0000] {processor.py:830} INFO - Processing file /home/airflow/.local/lib/python3.12/site-packages/airflow/example_dags/example_python_operator.py for tasks to queue
[2024-05-23T19:57:17.704+0000] {logging_mixin.py:188} INFO - [2024-05-23T19:57:17.703+0000] {dagbag.py:545} INFO - Filling up the DagBag from /home/airflow/.local/lib/python3.12/site-packages/airflow/example_dags/example_python_operator.py
[2024-05-23T19:57:17.718+0000] {processor.py:840} INFO - DAG(s) 'example_python_operator' retrieved from /home/airflow/.local/lib/python3.12/site-packages/airflow/example_dags/example_python_operator.py
[2024-05-23T19:57:17.752+0000] {logging_mixin.py:188} INFO - [2024-05-23T19:57:17.752+0000] {dag.py:3096} INFO - Sync 1 DAGs
[2024-05-23T19:57:17.772+0000] {logging_mixin.py:188} INFO - [2024-05-23T19:57:17.772+0000] {dag.py:3954} INFO - Setting next_dagrun for example_python_operator to None, run_after=None
[2024-05-23T19:57:17.800+0000] {processor.py:183} INFO - Processing /home/airflow/.local/lib/python3.12/site-packages/airflow/example_dags/example_python_operator.py took 0.111 seconds
[2024-05-23T19:58:10.930+0000] {processor.py:161} INFO - Started process (PID=14720) to work on /home/airflow/.local/lib/python3.12/site-packages/airflow/example_dags/example_python_operator.py
[2024-05-23T19:58:10.931+0000] {processor.py:830} INFO - Processing file /home/airflow/.local/lib/python3.12/site-packages/airflow/example_dags/example_python_operator.py for tasks to queue
[2024-05-23T19:58:10.934+0000] {logging_mixin.py:188} INFO - [2024-05-23T19:58:10.934+0000] {dagbag.py:545} INFO - Filling up the DagBag from /home/airflow/.local/lib/python3.12/site-packages/airflow/example_dags/example_python_operator.py
[2024-05-23T19:58:10.950+0000] {processor.py:840} INFO - DAG(s) 'example_python_operator' retrieved from /home/airflow/.local/lib/python3.12/site-packages/airflow/example_dags/example_python_operator.py
[2024-05-23T19:58:10.983+0000] {logging_mixin.py:188} INFO - [2024-05-23T19:58:10.983+0000] {dag.py:3096} INFO - Sync 1 DAGs
[2024-05-23T19:58:11.004+0000] {logging_mixin.py:188} INFO - [2024-05-23T19:58:11.004+0000] {dag.py:3954} INFO - Setting next_dagrun for example_python_operator to None, run_after=None
[2024-05-23T19:58:11.033+0000] {processor.py:183} INFO - Processing /home/airflow/.local/lib/python3.12/site-packages/airflow/example_dags/example_python_operator.py took 0.113 seconds
[2024-05-23T20:03:43.176+0000] {processor.py:161} INFO - Started process (PID=15053) to work on /home/airflow/.local/lib/python3.12/site-packages/airflow/example_dags/example_python_operator.py
[2024-05-23T20:03:43.178+0000] {processor.py:830} INFO - Processing file /home/airflow/.local/lib/python3.12/site-packages/airflow/example_dags/example_python_operator.py for tasks to queue
[2024-05-23T20:03:43.179+0000] {logging_mixin.py:188} INFO - [2024-05-23T20:03:43.179+0000] {dagbag.py:545} INFO - Filling up the DagBag from /home/airflow/.local/lib/python3.12/site-packages/airflow/example_dags/example_python_operator.py
[2024-05-23T20:03:43.195+0000] {processor.py:840} INFO - DAG(s) 'example_python_operator' retrieved from /home/airflow/.local/lib/python3.12/site-packages/airflow/example_dags/example_python_operator.py
[2024-05-23T20:03:43.228+0000] {logging_mixin.py:188} INFO - [2024-05-23T20:03:43.228+0000] {dag.py:3096} INFO - Sync 1 DAGs
[2024-05-23T20:03:43.244+0000] {logging_mixin.py:188} INFO - [2024-05-23T20:03:43.244+0000] {dag.py:3954} INFO - Setting next_dagrun for example_python_operator to None, run_after=None
[2024-05-23T20:03:43.268+0000] {processor.py:183} INFO - Processing /home/airflow/.local/lib/python3.12/site-packages/airflow/example_dags/example_python_operator.py took 0.100 seconds
[2024-05-23T20:04:19.134+0000] {processor.py:161} INFO - Started process (PID=15315) to work on /home/airflow/.local/lib/python3.12/site-packages/airflow/example_dags/example_python_operator.py
[2024-05-23T20:04:19.140+0000] {processor.py:830} INFO - Processing file /home/airflow/.local/lib/python3.12/site-packages/airflow/example_dags/example_python_operator.py for tasks to queue
[2024-05-23T20:04:19.146+0000] {logging_mixin.py:188} INFO - [2024-05-23T20:04:19.144+0000] {dagbag.py:545} INFO - Filling up the DagBag from /home/airflow/.local/lib/python3.12/site-packages/airflow/example_dags/example_python_operator.py
[2024-05-23T20:04:19.203+0000] {processor.py:840} INFO - DAG(s) 'example_python_operator' retrieved from /home/airflow/.local/lib/python3.12/site-packages/airflow/example_dags/example_python_operator.py
[2024-05-23T20:04:19.329+0000] {logging_mixin.py:188} INFO - [2024-05-23T20:04:19.328+0000] {dag.py:3096} INFO - Sync 1 DAGs
[2024-05-23T20:04:19.405+0000] {logging_mixin.py:188} INFO - [2024-05-23T20:04:19.403+0000] {dag.py:3954} INFO - Setting next_dagrun for example_python_operator to None, run_after=None
[2024-05-23T20:04:19.494+0000] {processor.py:183} INFO - Processing /home/airflow/.local/lib/python3.12/site-packages/airflow/example_dags/example_python_operator.py took 0.394 seconds
[2024-05-23T20:08:13.872+0000] {processor.py:161} INFO - Started process (PID=15578) to work on /home/airflow/.local/lib/python3.12/site-packages/airflow/example_dags/example_python_operator.py
[2024-05-23T20:08:13.874+0000] {processor.py:830} INFO - Processing file /home/airflow/.local/lib/python3.12/site-packages/airflow/example_dags/example_python_operator.py for tasks to queue
[2024-05-23T20:08:13.875+0000] {logging_mixin.py:188} INFO - [2024-05-23T20:08:13.875+0000] {dagbag.py:545} INFO - Filling up the DagBag from /home/airflow/.local/lib/python3.12/site-packages/airflow/example_dags/example_python_operator.py
[2024-05-23T20:08:13.891+0000] {processor.py:840} INFO - DAG(s) 'example_python_operator' retrieved from /home/airflow/.local/lib/python3.12/site-packages/airflow/example_dags/example_python_operator.py
[2024-05-23T20:08:13.924+0000] {logging_mixin.py:188} INFO - [2024-05-23T20:08:13.924+0000] {dag.py:3096} INFO - Sync 1 DAGs
[2024-05-23T20:08:13.944+0000] {logging_mixin.py:188} INFO - [2024-05-23T20:08:13.944+0000] {dag.py:3954} INFO - Setting next_dagrun for example_python_operator to None, run_after=None
[2024-05-23T20:08:14.081+0000] {processor.py:183} INFO - Processing /home/airflow/.local/lib/python3.12/site-packages/airflow/example_dags/example_python_operator.py took 0.220 seconds
[2024-05-23T20:08:44.625+0000] {processor.py:161} INFO - Started process (PID=15840) to work on /home/airflow/.local/lib/python3.12/site-packages/airflow/example_dags/example_python_operator.py
[2024-05-23T20:08:44.627+0000] {processor.py:830} INFO - Processing file /home/airflow/.local/lib/python3.12/site-packages/airflow/example_dags/example_python_operator.py for tasks to queue
[2024-05-23T20:08:44.628+0000] {logging_mixin.py:188} INFO - [2024-05-23T20:08:44.628+0000] {dagbag.py:545} INFO - Filling up the DagBag from /home/airflow/.local/lib/python3.12/site-packages/airflow/example_dags/example_python_operator.py
[2024-05-23T20:08:44.643+0000] {processor.py:840} INFO - DAG(s) 'example_python_operator' retrieved from /home/airflow/.local/lib/python3.12/site-packages/airflow/example_dags/example_python_operator.py
[2024-05-23T20:08:44.677+0000] {logging_mixin.py:188} INFO - [2024-05-23T20:08:44.677+0000] {dag.py:3096} INFO - Sync 1 DAGs
[2024-05-23T20:08:44.695+0000] {logging_mixin.py:188} INFO - [2024-05-23T20:08:44.695+0000] {dag.py:3954} INFO - Setting next_dagrun for example_python_operator to None, run_after=None
[2024-05-23T20:08:44.721+0000] {processor.py:183} INFO - Processing /home/airflow/.local/lib/python3.12/site-packages/airflow/example_dags/example_python_operator.py took 0.105 seconds
[2024-05-23T20:09:15.150+0000] {processor.py:161} INFO - Started process (PID=16102) to work on /home/airflow/.local/lib/python3.12/site-packages/airflow/example_dags/example_python_operator.py
[2024-05-23T20:09:15.152+0000] {processor.py:830} INFO - Processing file /home/airflow/.local/lib/python3.12/site-packages/airflow/example_dags/example_python_operator.py for tasks to queue
[2024-05-23T20:09:15.154+0000] {logging_mixin.py:188} INFO - [2024-05-23T20:09:15.153+0000] {dagbag.py:545} INFO - Filling up the DagBag from /home/airflow/.local/lib/python3.12/site-packages/airflow/example_dags/example_python_operator.py
[2024-05-23T20:09:15.170+0000] {processor.py:840} INFO - DAG(s) 'example_python_operator' retrieved from /home/airflow/.local/lib/python3.12/site-packages/airflow/example_dags/example_python_operator.py
[2024-05-23T20:09:15.205+0000] {logging_mixin.py:188} INFO - [2024-05-23T20:09:15.205+0000] {dag.py:3096} INFO - Sync 1 DAGs
[2024-05-23T20:09:15.223+0000] {logging_mixin.py:188} INFO - [2024-05-23T20:09:15.223+0000] {dag.py:3954} INFO - Setting next_dagrun for example_python_operator to None, run_after=None
[2024-05-23T20:09:15.250+0000] {processor.py:183} INFO - Processing /home/airflow/.local/lib/python3.12/site-packages/airflow/example_dags/example_python_operator.py took 0.109 seconds
[2024-05-23T20:09:45.407+0000] {processor.py:161} INFO - Started process (PID=16364) to work on /home/airflow/.local/lib/python3.12/site-packages/airflow/example_dags/example_python_operator.py
[2024-05-23T20:09:45.410+0000] {processor.py:830} INFO - Processing file /home/airflow/.local/lib/python3.12/site-packages/airflow/example_dags/example_python_operator.py for tasks to queue
[2024-05-23T20:09:45.411+0000] {logging_mixin.py:188} INFO - [2024-05-23T20:09:45.411+0000] {dagbag.py:545} INFO - Filling up the DagBag from /home/airflow/.local/lib/python3.12/site-packages/airflow/example_dags/example_python_operator.py
[2024-05-23T20:09:45.427+0000] {processor.py:840} INFO - DAG(s) 'example_python_operator' retrieved from /home/airflow/.local/lib/python3.12/site-packages/airflow/example_dags/example_python_operator.py
[2024-05-23T20:09:45.461+0000] {logging_mixin.py:188} INFO - [2024-05-23T20:09:45.461+0000] {dag.py:3096} INFO - Sync 1 DAGs
[2024-05-23T20:09:45.480+0000] {logging_mixin.py:188} INFO - [2024-05-23T20:09:45.480+0000] {dag.py:3954} INFO - Setting next_dagrun for example_python_operator to None, run_after=None
[2024-05-23T20:09:45.506+0000] {processor.py:183} INFO - Processing /home/airflow/.local/lib/python3.12/site-packages/airflow/example_dags/example_python_operator.py took 0.109 seconds
[2024-05-23T20:10:15.908+0000] {processor.py:161} INFO - Started process (PID=16626) to work on /home/airflow/.local/lib/python3.12/site-packages/airflow/example_dags/example_python_operator.py
[2024-05-23T20:10:15.910+0000] {processor.py:830} INFO - Processing file /home/airflow/.local/lib/python3.12/site-packages/airflow/example_dags/example_python_operator.py for tasks to queue
[2024-05-23T20:10:15.912+0000] {logging_mixin.py:188} INFO - [2024-05-23T20:10:15.911+0000] {dagbag.py:545} INFO - Filling up the DagBag from /home/airflow/.local/lib/python3.12/site-packages/airflow/example_dags/example_python_operator.py
[2024-05-23T20:10:15.927+0000] {processor.py:840} INFO - DAG(s) 'example_python_operator' retrieved from /home/airflow/.local/lib/python3.12/site-packages/airflow/example_dags/example_python_operator.py
[2024-05-23T20:10:15.959+0000] {logging_mixin.py:188} INFO - [2024-05-23T20:10:15.959+0000] {dag.py:3096} INFO - Sync 1 DAGs
[2024-05-23T20:10:15.978+0000] {logging_mixin.py:188} INFO - [2024-05-23T20:10:15.977+0000] {dag.py:3954} INFO - Setting next_dagrun for example_python_operator to None, run_after=None
[2024-05-23T20:10:16.004+0000] {processor.py:183} INFO - Processing /home/airflow/.local/lib/python3.12/site-packages/airflow/example_dags/example_python_operator.py took 0.104 seconds
[2024-05-23T20:10:46.166+0000] {processor.py:161} INFO - Started process (PID=16888) to work on /home/airflow/.local/lib/python3.12/site-packages/airflow/example_dags/example_python_operator.py
[2024-05-23T20:10:46.168+0000] {processor.py:830} INFO - Processing file /home/airflow/.local/lib/python3.12/site-packages/airflow/example_dags/example_python_operator.py for tasks to queue
[2024-05-23T20:10:46.169+0000] {logging_mixin.py:188} INFO - [2024-05-23T20:10:46.169+0000] {dagbag.py:545} INFO - Filling up the DagBag from /home/airflow/.local/lib/python3.12/site-packages/airflow/example_dags/example_python_operator.py
[2024-05-23T20:10:46.183+0000] {processor.py:840} INFO - DAG(s) 'example_python_operator' retrieved from /home/airflow/.local/lib/python3.12/site-packages/airflow/example_dags/example_python_operator.py
[2024-05-23T20:10:46.214+0000] {logging_mixin.py:188} INFO - [2024-05-23T20:10:46.214+0000] {dag.py:3096} INFO - Sync 1 DAGs
[2024-05-23T20:10:46.231+0000] {logging_mixin.py:188} INFO - [2024-05-23T20:10:46.231+0000] {dag.py:3954} INFO - Setting next_dagrun for example_python_operator to None, run_after=None
[2024-05-23T20:10:46.255+0000] {processor.py:183} INFO - Processing /home/airflow/.local/lib/python3.12/site-packages/airflow/example_dags/example_python_operator.py took 0.097 seconds
[2024-05-23T20:11:17.188+0000] {processor.py:161} INFO - Started process (PID=17151) to work on /home/airflow/.local/lib/python3.12/site-packages/airflow/example_dags/example_python_operator.py
[2024-05-23T20:11:17.189+0000] {processor.py:830} INFO - Processing file /home/airflow/.local/lib/python3.12/site-packages/airflow/example_dags/example_python_operator.py for tasks to queue
[2024-05-23T20:11:17.191+0000] {logging_mixin.py:188} INFO - [2024-05-23T20:11:17.190+0000] {dagbag.py:545} INFO - Filling up the DagBag from /home/airflow/.local/lib/python3.12/site-packages/airflow/example_dags/example_python_operator.py
[2024-05-23T20:11:17.204+0000] {processor.py:840} INFO - DAG(s) 'example_python_operator' retrieved from /home/airflow/.local/lib/python3.12/site-packages/airflow/example_dags/example_python_operator.py
[2024-05-23T20:11:17.234+0000] {logging_mixin.py:188} INFO - [2024-05-23T20:11:17.233+0000] {dag.py:3096} INFO - Sync 1 DAGs
[2024-05-23T20:11:17.250+0000] {logging_mixin.py:188} INFO - [2024-05-23T20:11:17.250+0000] {dag.py:3954} INFO - Setting next_dagrun for example_python_operator to None, run_after=None
[2024-05-23T20:11:17.272+0000] {processor.py:183} INFO - Processing /home/airflow/.local/lib/python3.12/site-packages/airflow/example_dags/example_python_operator.py took 0.092 seconds
[2024-05-23T20:11:47.493+0000] {processor.py:161} INFO - Started process (PID=17411) to work on /home/airflow/.local/lib/python3.12/site-packages/airflow/example_dags/example_python_operator.py
[2024-05-23T20:11:47.496+0000] {processor.py:830} INFO - Processing file /home/airflow/.local/lib/python3.12/site-packages/airflow/example_dags/example_python_operator.py for tasks to queue
[2024-05-23T20:11:47.498+0000] {logging_mixin.py:188} INFO - [2024-05-23T20:11:47.497+0000] {dagbag.py:545} INFO - Filling up the DagBag from /home/airflow/.local/lib/python3.12/site-packages/airflow/example_dags/example_python_operator.py
[2024-05-23T20:11:47.512+0000] {processor.py:840} INFO - DAG(s) 'example_python_operator' retrieved from /home/airflow/.local/lib/python3.12/site-packages/airflow/example_dags/example_python_operator.py
[2024-05-23T20:11:47.537+0000] {logging_mixin.py:188} INFO - [2024-05-23T20:11:47.537+0000] {dag.py:3096} INFO - Sync 1 DAGs
[2024-05-23T20:11:47.549+0000] {logging_mixin.py:188} INFO - [2024-05-23T20:11:47.549+0000] {dag.py:3954} INFO - Setting next_dagrun for example_python_operator to None, run_after=None
[2024-05-23T20:11:47.569+0000] {processor.py:183} INFO - Processing /home/airflow/.local/lib/python3.12/site-packages/airflow/example_dags/example_python_operator.py took 0.083 seconds
[2024-05-23T20:12:18.371+0000] {processor.py:161} INFO - Started process (PID=17673) to work on /home/airflow/.local/lib/python3.12/site-packages/airflow/example_dags/example_python_operator.py
[2024-05-23T20:12:18.373+0000] {processor.py:830} INFO - Processing file /home/airflow/.local/lib/python3.12/site-packages/airflow/example_dags/example_python_operator.py for tasks to queue
[2024-05-23T20:12:18.374+0000] {logging_mixin.py:188} INFO - [2024-05-23T20:12:18.374+0000] {dagbag.py:545} INFO - Filling up the DagBag from /home/airflow/.local/lib/python3.12/site-packages/airflow/example_dags/example_python_operator.py
[2024-05-23T20:12:18.389+0000] {processor.py:840} INFO - DAG(s) 'example_python_operator' retrieved from /home/airflow/.local/lib/python3.12/site-packages/airflow/example_dags/example_python_operator.py
[2024-05-23T20:12:18.419+0000] {logging_mixin.py:188} INFO - [2024-05-23T20:12:18.419+0000] {dag.py:3096} INFO - Sync 1 DAGs
[2024-05-23T20:12:18.437+0000] {logging_mixin.py:188} INFO - [2024-05-23T20:12:18.437+0000] {dag.py:3954} INFO - Setting next_dagrun for example_python_operator to None, run_after=None
[2024-05-23T20:12:18.461+0000] {processor.py:183} INFO - Processing /home/airflow/.local/lib/python3.12/site-packages/airflow/example_dags/example_python_operator.py took 0.097 seconds
[2024-05-23T20:12:48.802+0000] {processor.py:161} INFO - Started process (PID=17935) to work on /home/airflow/.local/lib/python3.12/site-packages/airflow/example_dags/example_python_operator.py
[2024-05-23T20:12:48.803+0000] {processor.py:830} INFO - Processing file /home/airflow/.local/lib/python3.12/site-packages/airflow/example_dags/example_python_operator.py for tasks to queue
[2024-05-23T20:12:48.805+0000] {logging_mixin.py:188} INFO - [2024-05-23T20:12:48.805+0000] {dagbag.py:545} INFO - Filling up the DagBag from /home/airflow/.local/lib/python3.12/site-packages/airflow/example_dags/example_python_operator.py
[2024-05-23T20:12:48.821+0000] {processor.py:840} INFO - DAG(s) 'example_python_operator' retrieved from /home/airflow/.local/lib/python3.12/site-packages/airflow/example_dags/example_python_operator.py
[2024-05-23T20:12:48.854+0000] {logging_mixin.py:188} INFO - [2024-05-23T20:12:48.854+0000] {dag.py:3096} INFO - Sync 1 DAGs
[2024-05-23T20:12:48.879+0000] {logging_mixin.py:188} INFO - [2024-05-23T20:12:48.879+0000] {dag.py:3954} INFO - Setting next_dagrun for example_python_operator to None, run_after=None
[2024-05-23T20:12:48.908+0000] {processor.py:183} INFO - Processing /home/airflow/.local/lib/python3.12/site-packages/airflow/example_dags/example_python_operator.py took 0.116 seconds
[2024-05-23T20:13:19.044+0000] {processor.py:161} INFO - Started process (PID=18197) to work on /home/airflow/.local/lib/python3.12/site-packages/airflow/example_dags/example_python_operator.py
[2024-05-23T20:13:19.045+0000] {processor.py:830} INFO - Processing file /home/airflow/.local/lib/python3.12/site-packages/airflow/example_dags/example_python_operator.py for tasks to queue
[2024-05-23T20:13:19.047+0000] {logging_mixin.py:188} INFO - [2024-05-23T20:13:19.046+0000] {dagbag.py:545} INFO - Filling up the DagBag from /home/airflow/.local/lib/python3.12/site-packages/airflow/example_dags/example_python_operator.py
[2024-05-23T20:13:19.062+0000] {processor.py:840} INFO - DAG(s) 'example_python_operator' retrieved from /home/airflow/.local/lib/python3.12/site-packages/airflow/example_dags/example_python_operator.py
[2024-05-23T20:13:19.097+0000] {logging_mixin.py:188} INFO - [2024-05-23T20:13:19.097+0000] {dag.py:3096} INFO - Sync 1 DAGs
[2024-05-23T20:13:19.117+0000] {logging_mixin.py:188} INFO - [2024-05-23T20:13:19.116+0000] {dag.py:3954} INFO - Setting next_dagrun for example_python_operator to None, run_after=None
[2024-05-23T20:13:19.143+0000] {processor.py:183} INFO - Processing /home/airflow/.local/lib/python3.12/site-packages/airflow/example_dags/example_python_operator.py took 0.110 seconds
