[2024-05-23T19:29:57.215+0000] {processor.py:161} INFO - Started process (PID=387) to work on /home/airflow/.local/lib/python3.12/site-packages/airflow/example_dags/example_time_delta_sensor_async.py
[2024-05-23T19:29:57.218+0000] {processor.py:830} INFO - Processing file /home/airflow/.local/lib/python3.12/site-packages/airflow/example_dags/example_time_delta_sensor_async.py for tasks to queue
[2024-05-23T19:29:57.222+0000] {logging_mixin.py:188} INFO - [2024-05-23T19:29:57.221+0000] {dagbag.py:545} INFO - Filling up the DagBag from /home/airflow/.local/lib/python3.12/site-packages/airflow/example_dags/example_time_delta_sensor_async.py
[2024-05-23T19:29:57.233+0000] {processor.py:840} INFO - DAG(s) 'example_time_delta_sensor_async' retrieved from /home/airflow/.local/lib/python3.12/site-packages/airflow/example_dags/example_time_delta_sensor_async.py
[2024-05-23T19:29:57.495+0000] {logging_mixin.py:188} INFO - [2024-05-23T19:29:57.494+0000] {dag.py:3096} INFO - Sync 1 DAGs
[2024-05-23T19:29:57.518+0000] {logging_mixin.py:188} INFO - [2024-05-23T19:29:57.518+0000] {dag.py:3954} INFO - Setting next_dagrun for example_time_delta_sensor_async to None, run_after=None
[2024-05-23T19:29:57.559+0000] {processor.py:183} INFO - Processing /home/airflow/.local/lib/python3.12/site-packages/airflow/example_dags/example_time_delta_sensor_async.py took 0.356 seconds
[2024-05-23T19:30:28.342+0000] {processor.py:161} INFO - Started process (PID=649) to work on /home/airflow/.local/lib/python3.12/site-packages/airflow/example_dags/example_time_delta_sensor_async.py
[2024-05-23T19:30:28.344+0000] {processor.py:830} INFO - Processing file /home/airflow/.local/lib/python3.12/site-packages/airflow/example_dags/example_time_delta_sensor_async.py for tasks to queue
[2024-05-23T19:30:28.348+0000] {logging_mixin.py:188} INFO - [2024-05-23T19:30:28.347+0000] {dagbag.py:545} INFO - Filling up the DagBag from /home/airflow/.local/lib/python3.12/site-packages/airflow/example_dags/example_time_delta_sensor_async.py
[2024-05-23T19:30:28.356+0000] {processor.py:840} INFO - DAG(s) 'example_time_delta_sensor_async' retrieved from /home/airflow/.local/lib/python3.12/site-packages/airflow/example_dags/example_time_delta_sensor_async.py
[2024-05-23T19:30:28.390+0000] {logging_mixin.py:188} INFO - [2024-05-23T19:30:28.390+0000] {dag.py:3096} INFO - Sync 1 DAGs
[2024-05-23T19:30:28.414+0000] {logging_mixin.py:188} INFO - [2024-05-23T19:30:28.414+0000] {dag.py:3954} INFO - Setting next_dagrun for example_time_delta_sensor_async to None, run_after=None
[2024-05-23T19:30:28.452+0000] {processor.py:183} INFO - Processing /home/airflow/.local/lib/python3.12/site-packages/airflow/example_dags/example_time_delta_sensor_async.py took 0.120 seconds
[2024-05-23T19:30:58.953+0000] {processor.py:161} INFO - Started process (PID=911) to work on /home/airflow/.local/lib/python3.12/site-packages/airflow/example_dags/example_time_delta_sensor_async.py
[2024-05-23T19:30:58.955+0000] {processor.py:830} INFO - Processing file /home/airflow/.local/lib/python3.12/site-packages/airflow/example_dags/example_time_delta_sensor_async.py for tasks to queue
[2024-05-23T19:30:58.959+0000] {logging_mixin.py:188} INFO - [2024-05-23T19:30:58.959+0000] {dagbag.py:545} INFO - Filling up the DagBag from /home/airflow/.local/lib/python3.12/site-packages/airflow/example_dags/example_time_delta_sensor_async.py
[2024-05-23T19:30:58.969+0000] {processor.py:840} INFO - DAG(s) 'example_time_delta_sensor_async' retrieved from /home/airflow/.local/lib/python3.12/site-packages/airflow/example_dags/example_time_delta_sensor_async.py
[2024-05-23T19:30:59.006+0000] {logging_mixin.py:188} INFO - [2024-05-23T19:30:59.006+0000] {dag.py:3096} INFO - Sync 1 DAGs
[2024-05-23T19:30:59.060+0000] {logging_mixin.py:188} INFO - [2024-05-23T19:30:59.060+0000] {dag.py:3954} INFO - Setting next_dagrun for example_time_delta_sensor_async to None, run_after=None
[2024-05-23T19:30:59.097+0000] {processor.py:183} INFO - Processing /home/airflow/.local/lib/python3.12/site-packages/airflow/example_dags/example_time_delta_sensor_async.py took 0.154 seconds
[2024-05-23T19:31:29.953+0000] {processor.py:161} INFO - Started process (PID=1173) to work on /home/airflow/.local/lib/python3.12/site-packages/airflow/example_dags/example_time_delta_sensor_async.py
[2024-05-23T19:31:29.955+0000] {processor.py:830} INFO - Processing file /home/airflow/.local/lib/python3.12/site-packages/airflow/example_dags/example_time_delta_sensor_async.py for tasks to queue
[2024-05-23T19:31:29.957+0000] {logging_mixin.py:188} INFO - [2024-05-23T19:31:29.957+0000] {dagbag.py:545} INFO - Filling up the DagBag from /home/airflow/.local/lib/python3.12/site-packages/airflow/example_dags/example_time_delta_sensor_async.py
[2024-05-23T19:31:29.964+0000] {processor.py:840} INFO - DAG(s) 'example_time_delta_sensor_async' retrieved from /home/airflow/.local/lib/python3.12/site-packages/airflow/example_dags/example_time_delta_sensor_async.py
[2024-05-23T19:31:29.995+0000] {logging_mixin.py:188} INFO - [2024-05-23T19:31:29.995+0000] {dag.py:3096} INFO - Sync 1 DAGs
[2024-05-23T19:31:30.025+0000] {logging_mixin.py:188} INFO - [2024-05-23T19:31:30.025+0000] {dag.py:3954} INFO - Setting next_dagrun for example_time_delta_sensor_async to None, run_after=None
[2024-05-23T19:31:30.057+0000] {processor.py:183} INFO - Processing /home/airflow/.local/lib/python3.12/site-packages/airflow/example_dags/example_time_delta_sensor_async.py took 0.113 seconds
[2024-05-23T19:32:00.286+0000] {processor.py:161} INFO - Started process (PID=1435) to work on /home/airflow/.local/lib/python3.12/site-packages/airflow/example_dags/example_time_delta_sensor_async.py
[2024-05-23T19:32:00.287+0000] {processor.py:830} INFO - Processing file /home/airflow/.local/lib/python3.12/site-packages/airflow/example_dags/example_time_delta_sensor_async.py for tasks to queue
[2024-05-23T19:32:00.290+0000] {logging_mixin.py:188} INFO - [2024-05-23T19:32:00.289+0000] {dagbag.py:545} INFO - Filling up the DagBag from /home/airflow/.local/lib/python3.12/site-packages/airflow/example_dags/example_time_delta_sensor_async.py
[2024-05-23T19:32:00.296+0000] {processor.py:840} INFO - DAG(s) 'example_time_delta_sensor_async' retrieved from /home/airflow/.local/lib/python3.12/site-packages/airflow/example_dags/example_time_delta_sensor_async.py
[2024-05-23T19:32:00.330+0000] {logging_mixin.py:188} INFO - [2024-05-23T19:32:00.330+0000] {dag.py:3096} INFO - Sync 1 DAGs
[2024-05-23T19:32:00.353+0000] {logging_mixin.py:188} INFO - [2024-05-23T19:32:00.353+0000] {dag.py:3954} INFO - Setting next_dagrun for example_time_delta_sensor_async to None, run_after=None
[2024-05-23T19:32:00.382+0000] {processor.py:183} INFO - Processing /home/airflow/.local/lib/python3.12/site-packages/airflow/example_dags/example_time_delta_sensor_async.py took 0.106 seconds
[2024-05-23T19:32:30.911+0000] {processor.py:161} INFO - Started process (PID=1697) to work on /home/airflow/.local/lib/python3.12/site-packages/airflow/example_dags/example_time_delta_sensor_async.py
[2024-05-23T19:32:30.912+0000] {processor.py:830} INFO - Processing file /home/airflow/.local/lib/python3.12/site-packages/airflow/example_dags/example_time_delta_sensor_async.py for tasks to queue
[2024-05-23T19:32:30.916+0000] {logging_mixin.py:188} INFO - [2024-05-23T19:32:30.915+0000] {dagbag.py:545} INFO - Filling up the DagBag from /home/airflow/.local/lib/python3.12/site-packages/airflow/example_dags/example_time_delta_sensor_async.py
[2024-05-23T19:32:30.923+0000] {processor.py:840} INFO - DAG(s) 'example_time_delta_sensor_async' retrieved from /home/airflow/.local/lib/python3.12/site-packages/airflow/example_dags/example_time_delta_sensor_async.py
[2024-05-23T19:32:30.958+0000] {logging_mixin.py:188} INFO - [2024-05-23T19:32:30.957+0000] {dag.py:3096} INFO - Sync 1 DAGs
[2024-05-23T19:32:30.980+0000] {logging_mixin.py:188} INFO - [2024-05-23T19:32:30.980+0000] {dag.py:3954} INFO - Setting next_dagrun for example_time_delta_sensor_async to None, run_after=None
[2024-05-23T19:32:31.011+0000] {processor.py:183} INFO - Processing /home/airflow/.local/lib/python3.12/site-packages/airflow/example_dags/example_time_delta_sensor_async.py took 0.111 seconds
[2024-05-23T19:33:01.147+0000] {processor.py:161} INFO - Started process (PID=1959) to work on /home/airflow/.local/lib/python3.12/site-packages/airflow/example_dags/example_time_delta_sensor_async.py
[2024-05-23T19:33:01.150+0000] {processor.py:830} INFO - Processing file /home/airflow/.local/lib/python3.12/site-packages/airflow/example_dags/example_time_delta_sensor_async.py for tasks to queue
[2024-05-23T19:33:01.153+0000] {logging_mixin.py:188} INFO - [2024-05-23T19:33:01.153+0000] {dagbag.py:545} INFO - Filling up the DagBag from /home/airflow/.local/lib/python3.12/site-packages/airflow/example_dags/example_time_delta_sensor_async.py
[2024-05-23T19:33:01.161+0000] {processor.py:840} INFO - DAG(s) 'example_time_delta_sensor_async' retrieved from /home/airflow/.local/lib/python3.12/site-packages/airflow/example_dags/example_time_delta_sensor_async.py
[2024-05-23T19:33:01.193+0000] {logging_mixin.py:188} INFO - [2024-05-23T19:33:01.193+0000] {dag.py:3096} INFO - Sync 1 DAGs
[2024-05-23T19:33:01.214+0000] {logging_mixin.py:188} INFO - [2024-05-23T19:33:01.214+0000] {dag.py:3954} INFO - Setting next_dagrun for example_time_delta_sensor_async to None, run_after=None
[2024-05-23T19:33:01.242+0000] {processor.py:183} INFO - Processing /home/airflow/.local/lib/python3.12/site-packages/airflow/example_dags/example_time_delta_sensor_async.py took 0.104 seconds
[2024-05-23T19:33:31.679+0000] {processor.py:161} INFO - Started process (PID=2221) to work on /home/airflow/.local/lib/python3.12/site-packages/airflow/example_dags/example_time_delta_sensor_async.py
[2024-05-23T19:33:31.681+0000] {processor.py:830} INFO - Processing file /home/airflow/.local/lib/python3.12/site-packages/airflow/example_dags/example_time_delta_sensor_async.py for tasks to queue
[2024-05-23T19:33:31.684+0000] {logging_mixin.py:188} INFO - [2024-05-23T19:33:31.683+0000] {dagbag.py:545} INFO - Filling up the DagBag from /home/airflow/.local/lib/python3.12/site-packages/airflow/example_dags/example_time_delta_sensor_async.py
[2024-05-23T19:33:31.690+0000] {processor.py:840} INFO - DAG(s) 'example_time_delta_sensor_async' retrieved from /home/airflow/.local/lib/python3.12/site-packages/airflow/example_dags/example_time_delta_sensor_async.py
[2024-05-23T19:33:31.722+0000] {logging_mixin.py:188} INFO - [2024-05-23T19:33:31.722+0000] {dag.py:3096} INFO - Sync 1 DAGs
[2024-05-23T19:33:31.743+0000] {logging_mixin.py:188} INFO - [2024-05-23T19:33:31.743+0000] {dag.py:3954} INFO - Setting next_dagrun for example_time_delta_sensor_async to None, run_after=None
[2024-05-23T19:33:31.772+0000] {processor.py:183} INFO - Processing /home/airflow/.local/lib/python3.12/site-packages/airflow/example_dags/example_time_delta_sensor_async.py took 0.102 seconds
[2024-05-23T19:34:02.347+0000] {processor.py:161} INFO - Started process (PID=2483) to work on /home/airflow/.local/lib/python3.12/site-packages/airflow/example_dags/example_time_delta_sensor_async.py
[2024-05-23T19:34:02.349+0000] {processor.py:830} INFO - Processing file /home/airflow/.local/lib/python3.12/site-packages/airflow/example_dags/example_time_delta_sensor_async.py for tasks to queue
[2024-05-23T19:34:02.353+0000] {logging_mixin.py:188} INFO - [2024-05-23T19:34:02.352+0000] {dagbag.py:545} INFO - Filling up the DagBag from /home/airflow/.local/lib/python3.12/site-packages/airflow/example_dags/example_time_delta_sensor_async.py
[2024-05-23T19:34:02.361+0000] {processor.py:840} INFO - DAG(s) 'example_time_delta_sensor_async' retrieved from /home/airflow/.local/lib/python3.12/site-packages/airflow/example_dags/example_time_delta_sensor_async.py
[2024-05-23T19:34:02.397+0000] {logging_mixin.py:188} INFO - [2024-05-23T19:34:02.397+0000] {dag.py:3096} INFO - Sync 1 DAGs
[2024-05-23T19:34:02.421+0000] {logging_mixin.py:188} INFO - [2024-05-23T19:34:02.420+0000] {dag.py:3954} INFO - Setting next_dagrun for example_time_delta_sensor_async to None, run_after=None
[2024-05-23T19:34:02.455+0000] {processor.py:183} INFO - Processing /home/airflow/.local/lib/python3.12/site-packages/airflow/example_dags/example_time_delta_sensor_async.py took 0.119 seconds
[2024-05-23T19:34:32.638+0000] {processor.py:161} INFO - Started process (PID=2744) to work on /home/airflow/.local/lib/python3.12/site-packages/airflow/example_dags/example_time_delta_sensor_async.py
[2024-05-23T19:34:32.640+0000] {processor.py:830} INFO - Processing file /home/airflow/.local/lib/python3.12/site-packages/airflow/example_dags/example_time_delta_sensor_async.py for tasks to queue
[2024-05-23T19:34:32.643+0000] {logging_mixin.py:188} INFO - [2024-05-23T19:34:32.642+0000] {dagbag.py:545} INFO - Filling up the DagBag from /home/airflow/.local/lib/python3.12/site-packages/airflow/example_dags/example_time_delta_sensor_async.py
[2024-05-23T19:34:32.650+0000] {processor.py:840} INFO - DAG(s) 'example_time_delta_sensor_async' retrieved from /home/airflow/.local/lib/python3.12/site-packages/airflow/example_dags/example_time_delta_sensor_async.py
[2024-05-23T19:34:32.682+0000] {logging_mixin.py:188} INFO - [2024-05-23T19:34:32.682+0000] {dag.py:3096} INFO - Sync 1 DAGs
[2024-05-23T19:34:32.703+0000] {logging_mixin.py:188} INFO - [2024-05-23T19:34:32.703+0000] {dag.py:3954} INFO - Setting next_dagrun for example_time_delta_sensor_async to None, run_after=None
[2024-05-23T19:34:32.732+0000] {processor.py:183} INFO - Processing /home/airflow/.local/lib/python3.12/site-packages/airflow/example_dags/example_time_delta_sensor_async.py took 0.103 seconds
[2024-05-23T19:35:03.343+0000] {processor.py:161} INFO - Started process (PID=3031) to work on /home/airflow/.local/lib/python3.12/site-packages/airflow/example_dags/example_time_delta_sensor_async.py
[2024-05-23T19:35:03.344+0000] {processor.py:830} INFO - Processing file /home/airflow/.local/lib/python3.12/site-packages/airflow/example_dags/example_time_delta_sensor_async.py for tasks to queue
[2024-05-23T19:35:03.347+0000] {logging_mixin.py:188} INFO - [2024-05-23T19:35:03.347+0000] {dagbag.py:545} INFO - Filling up the DagBag from /home/airflow/.local/lib/python3.12/site-packages/airflow/example_dags/example_time_delta_sensor_async.py
[2024-05-23T19:35:03.354+0000] {processor.py:840} INFO - DAG(s) 'example_time_delta_sensor_async' retrieved from /home/airflow/.local/lib/python3.12/site-packages/airflow/example_dags/example_time_delta_sensor_async.py
[2024-05-23T19:35:03.386+0000] {logging_mixin.py:188} INFO - [2024-05-23T19:35:03.386+0000] {dag.py:3096} INFO - Sync 1 DAGs
[2024-05-23T19:35:03.407+0000] {logging_mixin.py:188} INFO - [2024-05-23T19:35:03.406+0000] {dag.py:3954} INFO - Setting next_dagrun for example_time_delta_sensor_async to None, run_after=None
[2024-05-23T19:35:03.436+0000] {processor.py:183} INFO - Processing /home/airflow/.local/lib/python3.12/site-packages/airflow/example_dags/example_time_delta_sensor_async.py took 0.103 seconds
[2024-05-23T19:35:33.784+0000] {processor.py:161} INFO - Started process (PID=3293) to work on /home/airflow/.local/lib/python3.12/site-packages/airflow/example_dags/example_time_delta_sensor_async.py
[2024-05-23T19:35:33.786+0000] {processor.py:830} INFO - Processing file /home/airflow/.local/lib/python3.12/site-packages/airflow/example_dags/example_time_delta_sensor_async.py for tasks to queue
[2024-05-23T19:35:33.789+0000] {logging_mixin.py:188} INFO - [2024-05-23T19:35:33.789+0000] {dagbag.py:545} INFO - Filling up the DagBag from /home/airflow/.local/lib/python3.12/site-packages/airflow/example_dags/example_time_delta_sensor_async.py
[2024-05-23T19:35:33.797+0000] {processor.py:840} INFO - DAG(s) 'example_time_delta_sensor_async' retrieved from /home/airflow/.local/lib/python3.12/site-packages/airflow/example_dags/example_time_delta_sensor_async.py
[2024-05-23T19:35:33.833+0000] {logging_mixin.py:188} INFO - [2024-05-23T19:35:33.833+0000] {dag.py:3096} INFO - Sync 1 DAGs
[2024-05-23T19:35:33.859+0000] {logging_mixin.py:188} INFO - [2024-05-23T19:35:33.859+0000] {dag.py:3954} INFO - Setting next_dagrun for example_time_delta_sensor_async to None, run_after=None
[2024-05-23T19:35:33.893+0000] {processor.py:183} INFO - Processing /home/airflow/.local/lib/python3.12/site-packages/airflow/example_dags/example_time_delta_sensor_async.py took 0.120 seconds
[2024-05-23T19:36:04.071+0000] {processor.py:161} INFO - Started process (PID=3555) to work on /home/airflow/.local/lib/python3.12/site-packages/airflow/example_dags/example_time_delta_sensor_async.py
[2024-05-23T19:36:04.072+0000] {processor.py:830} INFO - Processing file /home/airflow/.local/lib/python3.12/site-packages/airflow/example_dags/example_time_delta_sensor_async.py for tasks to queue
[2024-05-23T19:36:04.074+0000] {logging_mixin.py:188} INFO - [2024-05-23T19:36:04.074+0000] {dagbag.py:545} INFO - Filling up the DagBag from /home/airflow/.local/lib/python3.12/site-packages/airflow/example_dags/example_time_delta_sensor_async.py
[2024-05-23T19:36:04.080+0000] {processor.py:840} INFO - DAG(s) 'example_time_delta_sensor_async' retrieved from /home/airflow/.local/lib/python3.12/site-packages/airflow/example_dags/example_time_delta_sensor_async.py
[2024-05-23T19:36:04.111+0000] {logging_mixin.py:188} INFO - [2024-05-23T19:36:04.110+0000] {dag.py:3096} INFO - Sync 1 DAGs
[2024-05-23T19:36:04.132+0000] {logging_mixin.py:188} INFO - [2024-05-23T19:36:04.131+0000] {dag.py:3954} INFO - Setting next_dagrun for example_time_delta_sensor_async to None, run_after=None
[2024-05-23T19:36:04.157+0000] {processor.py:183} INFO - Processing /home/airflow/.local/lib/python3.12/site-packages/airflow/example_dags/example_time_delta_sensor_async.py took 0.095 seconds
[2024-05-23T19:36:34.384+0000] {processor.py:161} INFO - Started process (PID=3817) to work on /home/airflow/.local/lib/python3.12/site-packages/airflow/example_dags/example_time_delta_sensor_async.py
[2024-05-23T19:36:34.385+0000] {processor.py:830} INFO - Processing file /home/airflow/.local/lib/python3.12/site-packages/airflow/example_dags/example_time_delta_sensor_async.py for tasks to queue
[2024-05-23T19:36:34.388+0000] {logging_mixin.py:188} INFO - [2024-05-23T19:36:34.387+0000] {dagbag.py:545} INFO - Filling up the DagBag from /home/airflow/.local/lib/python3.12/site-packages/airflow/example_dags/example_time_delta_sensor_async.py
[2024-05-23T19:36:34.394+0000] {processor.py:840} INFO - DAG(s) 'example_time_delta_sensor_async' retrieved from /home/airflow/.local/lib/python3.12/site-packages/airflow/example_dags/example_time_delta_sensor_async.py
[2024-05-23T19:36:34.419+0000] {logging_mixin.py:188} INFO - [2024-05-23T19:36:34.418+0000] {dag.py:3096} INFO - Sync 1 DAGs
[2024-05-23T19:36:34.435+0000] {logging_mixin.py:188} INFO - [2024-05-23T19:36:34.435+0000] {dag.py:3954} INFO - Setting next_dagrun for example_time_delta_sensor_async to None, run_after=None
[2024-05-23T19:36:34.462+0000] {processor.py:183} INFO - Processing /home/airflow/.local/lib/python3.12/site-packages/airflow/example_dags/example_time_delta_sensor_async.py took 0.084 seconds
[2024-05-23T19:37:04.988+0000] {processor.py:161} INFO - Started process (PID=4079) to work on /home/airflow/.local/lib/python3.12/site-packages/airflow/example_dags/example_time_delta_sensor_async.py
[2024-05-23T19:37:04.989+0000] {processor.py:830} INFO - Processing file /home/airflow/.local/lib/python3.12/site-packages/airflow/example_dags/example_time_delta_sensor_async.py for tasks to queue
[2024-05-23T19:37:04.991+0000] {logging_mixin.py:188} INFO - [2024-05-23T19:37:04.991+0000] {dagbag.py:545} INFO - Filling up the DagBag from /home/airflow/.local/lib/python3.12/site-packages/airflow/example_dags/example_time_delta_sensor_async.py
[2024-05-23T19:37:04.999+0000] {processor.py:840} INFO - DAG(s) 'example_time_delta_sensor_async' retrieved from /home/airflow/.local/lib/python3.12/site-packages/airflow/example_dags/example_time_delta_sensor_async.py
[2024-05-23T19:37:05.026+0000] {logging_mixin.py:188} INFO - [2024-05-23T19:37:05.026+0000] {dag.py:3096} INFO - Sync 1 DAGs
[2024-05-23T19:37:05.046+0000] {logging_mixin.py:188} INFO - [2024-05-23T19:37:05.045+0000] {dag.py:3954} INFO - Setting next_dagrun for example_time_delta_sensor_async to None, run_after=None
[2024-05-23T19:37:05.072+0000] {processor.py:183} INFO - Processing /home/airflow/.local/lib/python3.12/site-packages/airflow/example_dags/example_time_delta_sensor_async.py took 0.092 seconds
[2024-05-23T19:37:35.918+0000] {processor.py:161} INFO - Started process (PID=4341) to work on /home/airflow/.local/lib/python3.12/site-packages/airflow/example_dags/example_time_delta_sensor_async.py
[2024-05-23T19:37:35.919+0000] {processor.py:830} INFO - Processing file /home/airflow/.local/lib/python3.12/site-packages/airflow/example_dags/example_time_delta_sensor_async.py for tasks to queue
[2024-05-23T19:37:35.922+0000] {logging_mixin.py:188} INFO - [2024-05-23T19:37:35.922+0000] {dagbag.py:545} INFO - Filling up the DagBag from /home/airflow/.local/lib/python3.12/site-packages/airflow/example_dags/example_time_delta_sensor_async.py
[2024-05-23T19:37:35.929+0000] {processor.py:840} INFO - DAG(s) 'example_time_delta_sensor_async' retrieved from /home/airflow/.local/lib/python3.12/site-packages/airflow/example_dags/example_time_delta_sensor_async.py
[2024-05-23T19:37:35.962+0000] {logging_mixin.py:188} INFO - [2024-05-23T19:37:35.961+0000] {dag.py:3096} INFO - Sync 1 DAGs
[2024-05-23T19:37:36.005+0000] {logging_mixin.py:188} INFO - [2024-05-23T19:37:36.005+0000] {dag.py:3954} INFO - Setting next_dagrun for example_time_delta_sensor_async to None, run_after=None
[2024-05-23T19:37:36.034+0000] {processor.py:183} INFO - Processing /home/airflow/.local/lib/python3.12/site-packages/airflow/example_dags/example_time_delta_sensor_async.py took 0.125 seconds
[2024-05-23T19:38:06.708+0000] {processor.py:161} INFO - Started process (PID=4603) to work on /home/airflow/.local/lib/python3.12/site-packages/airflow/example_dags/example_time_delta_sensor_async.py
[2024-05-23T19:38:06.709+0000] {processor.py:830} INFO - Processing file /home/airflow/.local/lib/python3.12/site-packages/airflow/example_dags/example_time_delta_sensor_async.py for tasks to queue
[2024-05-23T19:38:06.713+0000] {logging_mixin.py:188} INFO - [2024-05-23T19:38:06.712+0000] {dagbag.py:545} INFO - Filling up the DagBag from /home/airflow/.local/lib/python3.12/site-packages/airflow/example_dags/example_time_delta_sensor_async.py
[2024-05-23T19:38:06.719+0000] {processor.py:840} INFO - DAG(s) 'example_time_delta_sensor_async' retrieved from /home/airflow/.local/lib/python3.12/site-packages/airflow/example_dags/example_time_delta_sensor_async.py
[2024-05-23T19:38:06.750+0000] {logging_mixin.py:188} INFO - [2024-05-23T19:38:06.749+0000] {dag.py:3096} INFO - Sync 1 DAGs
[2024-05-23T19:38:06.769+0000] {logging_mixin.py:188} INFO - [2024-05-23T19:38:06.768+0000] {dag.py:3954} INFO - Setting next_dagrun for example_time_delta_sensor_async to None, run_after=None
[2024-05-23T19:38:06.797+0000] {processor.py:183} INFO - Processing /home/airflow/.local/lib/python3.12/site-packages/airflow/example_dags/example_time_delta_sensor_async.py took 0.099 seconds
[2024-05-23T19:38:37.138+0000] {processor.py:161} INFO - Started process (PID=4865) to work on /home/airflow/.local/lib/python3.12/site-packages/airflow/example_dags/example_time_delta_sensor_async.py
[2024-05-23T19:38:37.140+0000] {processor.py:830} INFO - Processing file /home/airflow/.local/lib/python3.12/site-packages/airflow/example_dags/example_time_delta_sensor_async.py for tasks to queue
[2024-05-23T19:38:37.143+0000] {logging_mixin.py:188} INFO - [2024-05-23T19:38:37.143+0000] {dagbag.py:545} INFO - Filling up the DagBag from /home/airflow/.local/lib/python3.12/site-packages/airflow/example_dags/example_time_delta_sensor_async.py
[2024-05-23T19:38:37.150+0000] {processor.py:840} INFO - DAG(s) 'example_time_delta_sensor_async' retrieved from /home/airflow/.local/lib/python3.12/site-packages/airflow/example_dags/example_time_delta_sensor_async.py
[2024-05-23T19:38:37.181+0000] {logging_mixin.py:188} INFO - [2024-05-23T19:38:37.181+0000] {dag.py:3096} INFO - Sync 1 DAGs
[2024-05-23T19:38:37.204+0000] {logging_mixin.py:188} INFO - [2024-05-23T19:38:37.204+0000] {dag.py:3954} INFO - Setting next_dagrun for example_time_delta_sensor_async to None, run_after=None
[2024-05-23T19:38:37.233+0000] {processor.py:183} INFO - Processing /home/airflow/.local/lib/python3.12/site-packages/airflow/example_dags/example_time_delta_sensor_async.py took 0.103 seconds
[2024-05-23T19:39:07.808+0000] {processor.py:161} INFO - Started process (PID=5127) to work on /home/airflow/.local/lib/python3.12/site-packages/airflow/example_dags/example_time_delta_sensor_async.py
[2024-05-23T19:39:07.810+0000] {processor.py:830} INFO - Processing file /home/airflow/.local/lib/python3.12/site-packages/airflow/example_dags/example_time_delta_sensor_async.py for tasks to queue
[2024-05-23T19:39:07.812+0000] {logging_mixin.py:188} INFO - [2024-05-23T19:39:07.812+0000] {dagbag.py:545} INFO - Filling up the DagBag from /home/airflow/.local/lib/python3.12/site-packages/airflow/example_dags/example_time_delta_sensor_async.py
[2024-05-23T19:39:07.819+0000] {processor.py:840} INFO - DAG(s) 'example_time_delta_sensor_async' retrieved from /home/airflow/.local/lib/python3.12/site-packages/airflow/example_dags/example_time_delta_sensor_async.py
[2024-05-23T19:39:07.851+0000] {logging_mixin.py:188} INFO - [2024-05-23T19:39:07.850+0000] {dag.py:3096} INFO - Sync 1 DAGs
[2024-05-23T19:39:07.872+0000] {logging_mixin.py:188} INFO - [2024-05-23T19:39:07.871+0000] {dag.py:3954} INFO - Setting next_dagrun for example_time_delta_sensor_async to None, run_after=None
[2024-05-23T19:39:07.903+0000] {processor.py:183} INFO - Processing /home/airflow/.local/lib/python3.12/site-packages/airflow/example_dags/example_time_delta_sensor_async.py took 0.106 seconds
[2024-05-23T19:39:38.368+0000] {processor.py:161} INFO - Started process (PID=5389) to work on /home/airflow/.local/lib/python3.12/site-packages/airflow/example_dags/example_time_delta_sensor_async.py
[2024-05-23T19:39:38.370+0000] {processor.py:830} INFO - Processing file /home/airflow/.local/lib/python3.12/site-packages/airflow/example_dags/example_time_delta_sensor_async.py for tasks to queue
[2024-05-23T19:39:38.372+0000] {logging_mixin.py:188} INFO - [2024-05-23T19:39:38.372+0000] {dagbag.py:545} INFO - Filling up the DagBag from /home/airflow/.local/lib/python3.12/site-packages/airflow/example_dags/example_time_delta_sensor_async.py
[2024-05-23T19:39:38.379+0000] {processor.py:840} INFO - DAG(s) 'example_time_delta_sensor_async' retrieved from /home/airflow/.local/lib/python3.12/site-packages/airflow/example_dags/example_time_delta_sensor_async.py
[2024-05-23T19:39:38.408+0000] {logging_mixin.py:188} INFO - [2024-05-23T19:39:38.408+0000] {dag.py:3096} INFO - Sync 1 DAGs
[2024-05-23T19:39:38.429+0000] {logging_mixin.py:188} INFO - [2024-05-23T19:39:38.429+0000] {dag.py:3954} INFO - Setting next_dagrun for example_time_delta_sensor_async to None, run_after=None
[2024-05-23T19:39:38.456+0000] {processor.py:183} INFO - Processing /home/airflow/.local/lib/python3.12/site-packages/airflow/example_dags/example_time_delta_sensor_async.py took 0.096 seconds
[2024-05-23T19:40:09.070+0000] {processor.py:161} INFO - Started process (PID=5651) to work on /home/airflow/.local/lib/python3.12/site-packages/airflow/example_dags/example_time_delta_sensor_async.py
[2024-05-23T19:40:09.073+0000] {processor.py:830} INFO - Processing file /home/airflow/.local/lib/python3.12/site-packages/airflow/example_dags/example_time_delta_sensor_async.py for tasks to queue
[2024-05-23T19:40:09.077+0000] {logging_mixin.py:188} INFO - [2024-05-23T19:40:09.076+0000] {dagbag.py:545} INFO - Filling up the DagBag from /home/airflow/.local/lib/python3.12/site-packages/airflow/example_dags/example_time_delta_sensor_async.py
[2024-05-23T19:40:09.086+0000] {processor.py:840} INFO - DAG(s) 'example_time_delta_sensor_async' retrieved from /home/airflow/.local/lib/python3.12/site-packages/airflow/example_dags/example_time_delta_sensor_async.py
[2024-05-23T19:40:09.129+0000] {logging_mixin.py:188} INFO - [2024-05-23T19:40:09.129+0000] {dag.py:3096} INFO - Sync 1 DAGs
[2024-05-23T19:40:09.153+0000] {logging_mixin.py:188} INFO - [2024-05-23T19:40:09.152+0000] {dag.py:3954} INFO - Setting next_dagrun for example_time_delta_sensor_async to None, run_after=None
[2024-05-23T19:40:09.186+0000] {processor.py:183} INFO - Processing /home/airflow/.local/lib/python3.12/site-packages/airflow/example_dags/example_time_delta_sensor_async.py took 0.125 seconds
[2024-05-23T19:40:39.810+0000] {processor.py:161} INFO - Started process (PID=5913) to work on /home/airflow/.local/lib/python3.12/site-packages/airflow/example_dags/example_time_delta_sensor_async.py
[2024-05-23T19:40:39.812+0000] {processor.py:830} INFO - Processing file /home/airflow/.local/lib/python3.12/site-packages/airflow/example_dags/example_time_delta_sensor_async.py for tasks to queue
[2024-05-23T19:40:39.815+0000] {logging_mixin.py:188} INFO - [2024-05-23T19:40:39.814+0000] {dagbag.py:545} INFO - Filling up the DagBag from /home/airflow/.local/lib/python3.12/site-packages/airflow/example_dags/example_time_delta_sensor_async.py
[2024-05-23T19:40:39.822+0000] {processor.py:840} INFO - DAG(s) 'example_time_delta_sensor_async' retrieved from /home/airflow/.local/lib/python3.12/site-packages/airflow/example_dags/example_time_delta_sensor_async.py
[2024-05-23T19:40:39.856+0000] {logging_mixin.py:188} INFO - [2024-05-23T19:40:39.855+0000] {dag.py:3096} INFO - Sync 1 DAGs
[2024-05-23T19:40:39.877+0000] {logging_mixin.py:188} INFO - [2024-05-23T19:40:39.877+0000] {dag.py:3954} INFO - Setting next_dagrun for example_time_delta_sensor_async to None, run_after=None
[2024-05-23T19:40:39.907+0000] {processor.py:183} INFO - Processing /home/airflow/.local/lib/python3.12/site-packages/airflow/example_dags/example_time_delta_sensor_async.py took 0.108 seconds
[2024-05-23T19:41:10.447+0000] {processor.py:161} INFO - Started process (PID=6175) to work on /home/airflow/.local/lib/python3.12/site-packages/airflow/example_dags/example_time_delta_sensor_async.py
[2024-05-23T19:41:10.449+0000] {processor.py:830} INFO - Processing file /home/airflow/.local/lib/python3.12/site-packages/airflow/example_dags/example_time_delta_sensor_async.py for tasks to queue
[2024-05-23T19:41:10.452+0000] {logging_mixin.py:188} INFO - [2024-05-23T19:41:10.451+0000] {dagbag.py:545} INFO - Filling up the DagBag from /home/airflow/.local/lib/python3.12/site-packages/airflow/example_dags/example_time_delta_sensor_async.py
[2024-05-23T19:41:10.459+0000] {processor.py:840} INFO - DAG(s) 'example_time_delta_sensor_async' retrieved from /home/airflow/.local/lib/python3.12/site-packages/airflow/example_dags/example_time_delta_sensor_async.py
[2024-05-23T19:41:10.496+0000] {logging_mixin.py:188} INFO - [2024-05-23T19:41:10.495+0000] {dag.py:3096} INFO - Sync 1 DAGs
[2024-05-23T19:41:10.518+0000] {logging_mixin.py:188} INFO - [2024-05-23T19:41:10.517+0000] {dag.py:3954} INFO - Setting next_dagrun for example_time_delta_sensor_async to None, run_after=None
[2024-05-23T19:41:10.550+0000] {processor.py:183} INFO - Processing /home/airflow/.local/lib/python3.12/site-packages/airflow/example_dags/example_time_delta_sensor_async.py took 0.113 seconds
[2024-05-23T19:41:41.333+0000] {processor.py:161} INFO - Started process (PID=6437) to work on /home/airflow/.local/lib/python3.12/site-packages/airflow/example_dags/example_time_delta_sensor_async.py
[2024-05-23T19:41:41.334+0000] {processor.py:830} INFO - Processing file /home/airflow/.local/lib/python3.12/site-packages/airflow/example_dags/example_time_delta_sensor_async.py for tasks to queue
[2024-05-23T19:41:41.339+0000] {logging_mixin.py:188} INFO - [2024-05-23T19:41:41.338+0000] {dagbag.py:545} INFO - Filling up the DagBag from /home/airflow/.local/lib/python3.12/site-packages/airflow/example_dags/example_time_delta_sensor_async.py
[2024-05-23T19:41:41.348+0000] {processor.py:840} INFO - DAG(s) 'example_time_delta_sensor_async' retrieved from /home/airflow/.local/lib/python3.12/site-packages/airflow/example_dags/example_time_delta_sensor_async.py
[2024-05-23T19:41:41.386+0000] {logging_mixin.py:188} INFO - [2024-05-23T19:41:41.386+0000] {dag.py:3096} INFO - Sync 1 DAGs
[2024-05-23T19:41:41.420+0000] {logging_mixin.py:188} INFO - [2024-05-23T19:41:41.419+0000] {dag.py:3954} INFO - Setting next_dagrun for example_time_delta_sensor_async to None, run_after=None
[2024-05-23T19:41:41.467+0000] {processor.py:183} INFO - Processing /home/airflow/.local/lib/python3.12/site-packages/airflow/example_dags/example_time_delta_sensor_async.py took 0.144 seconds
[2024-05-23T19:42:11.768+0000] {processor.py:161} INFO - Started process (PID=6698) to work on /home/airflow/.local/lib/python3.12/site-packages/airflow/example_dags/example_time_delta_sensor_async.py
[2024-05-23T19:42:11.770+0000] {processor.py:830} INFO - Processing file /home/airflow/.local/lib/python3.12/site-packages/airflow/example_dags/example_time_delta_sensor_async.py for tasks to queue
[2024-05-23T19:42:11.772+0000] {logging_mixin.py:188} INFO - [2024-05-23T19:42:11.772+0000] {dagbag.py:545} INFO - Filling up the DagBag from /home/airflow/.local/lib/python3.12/site-packages/airflow/example_dags/example_time_delta_sensor_async.py
[2024-05-23T19:42:11.779+0000] {processor.py:840} INFO - DAG(s) 'example_time_delta_sensor_async' retrieved from /home/airflow/.local/lib/python3.12/site-packages/airflow/example_dags/example_time_delta_sensor_async.py
[2024-05-23T19:42:11.810+0000] {logging_mixin.py:188} INFO - [2024-05-23T19:42:11.809+0000] {dag.py:3096} INFO - Sync 1 DAGs
[2024-05-23T19:42:11.832+0000] {logging_mixin.py:188} INFO - [2024-05-23T19:42:11.832+0000] {dag.py:3954} INFO - Setting next_dagrun for example_time_delta_sensor_async to None, run_after=None
[2024-05-23T19:42:11.862+0000] {processor.py:183} INFO - Processing /home/airflow/.local/lib/python3.12/site-packages/airflow/example_dags/example_time_delta_sensor_async.py took 0.103 seconds
[2024-05-23T19:42:41.897+0000] {processor.py:161} INFO - Started process (PID=6957) to work on /home/airflow/.local/lib/python3.12/site-packages/airflow/example_dags/example_time_delta_sensor_async.py
[2024-05-23T19:42:41.898+0000] {processor.py:830} INFO - Processing file /home/airflow/.local/lib/python3.12/site-packages/airflow/example_dags/example_time_delta_sensor_async.py for tasks to queue
[2024-05-23T19:42:41.900+0000] {logging_mixin.py:188} INFO - [2024-05-23T19:42:41.900+0000] {dagbag.py:545} INFO - Filling up the DagBag from /home/airflow/.local/lib/python3.12/site-packages/airflow/example_dags/example_time_delta_sensor_async.py
[2024-05-23T19:42:41.907+0000] {processor.py:840} INFO - DAG(s) 'example_time_delta_sensor_async' retrieved from /home/airflow/.local/lib/python3.12/site-packages/airflow/example_dags/example_time_delta_sensor_async.py
[2024-05-23T19:42:41.935+0000] {logging_mixin.py:188} INFO - [2024-05-23T19:42:41.934+0000] {dag.py:3096} INFO - Sync 1 DAGs
[2024-05-23T19:42:41.952+0000] {logging_mixin.py:188} INFO - [2024-05-23T19:42:41.952+0000] {dag.py:3954} INFO - Setting next_dagrun for example_time_delta_sensor_async to None, run_after=None
[2024-05-23T19:42:41.979+0000] {processor.py:183} INFO - Processing /home/airflow/.local/lib/python3.12/site-packages/airflow/example_dags/example_time_delta_sensor_async.py took 0.090 seconds
[2024-05-23T19:43:12.336+0000] {processor.py:161} INFO - Started process (PID=7222) to work on /home/airflow/.local/lib/python3.12/site-packages/airflow/example_dags/example_time_delta_sensor_async.py
[2024-05-23T19:43:12.337+0000] {processor.py:830} INFO - Processing file /home/airflow/.local/lib/python3.12/site-packages/airflow/example_dags/example_time_delta_sensor_async.py for tasks to queue
[2024-05-23T19:43:12.340+0000] {logging_mixin.py:188} INFO - [2024-05-23T19:43:12.340+0000] {dagbag.py:545} INFO - Filling up the DagBag from /home/airflow/.local/lib/python3.12/site-packages/airflow/example_dags/example_time_delta_sensor_async.py
[2024-05-23T19:43:12.347+0000] {processor.py:840} INFO - DAG(s) 'example_time_delta_sensor_async' retrieved from /home/airflow/.local/lib/python3.12/site-packages/airflow/example_dags/example_time_delta_sensor_async.py
[2024-05-23T19:43:12.375+0000] {logging_mixin.py:188} INFO - [2024-05-23T19:43:12.375+0000] {dag.py:3096} INFO - Sync 1 DAGs
[2024-05-23T19:43:12.396+0000] {logging_mixin.py:188} INFO - [2024-05-23T19:43:12.395+0000] {dag.py:3954} INFO - Setting next_dagrun for example_time_delta_sensor_async to None, run_after=None
[2024-05-23T19:43:12.422+0000] {processor.py:183} INFO - Processing /home/airflow/.local/lib/python3.12/site-packages/airflow/example_dags/example_time_delta_sensor_async.py took 0.095 seconds
[2024-05-23T19:43:42.896+0000] {processor.py:161} INFO - Started process (PID=7484) to work on /home/airflow/.local/lib/python3.12/site-packages/airflow/example_dags/example_time_delta_sensor_async.py
[2024-05-23T19:43:42.898+0000] {processor.py:830} INFO - Processing file /home/airflow/.local/lib/python3.12/site-packages/airflow/example_dags/example_time_delta_sensor_async.py for tasks to queue
[2024-05-23T19:43:42.901+0000] {logging_mixin.py:188} INFO - [2024-05-23T19:43:42.900+0000] {dagbag.py:545} INFO - Filling up the DagBag from /home/airflow/.local/lib/python3.12/site-packages/airflow/example_dags/example_time_delta_sensor_async.py
[2024-05-23T19:43:42.907+0000] {processor.py:840} INFO - DAG(s) 'example_time_delta_sensor_async' retrieved from /home/airflow/.local/lib/python3.12/site-packages/airflow/example_dags/example_time_delta_sensor_async.py
[2024-05-23T19:43:42.938+0000] {logging_mixin.py:188} INFO - [2024-05-23T19:43:42.937+0000] {dag.py:3096} INFO - Sync 1 DAGs
[2024-05-23T19:43:42.958+0000] {logging_mixin.py:188} INFO - [2024-05-23T19:43:42.958+0000] {dag.py:3954} INFO - Setting next_dagrun for example_time_delta_sensor_async to None, run_after=None
[2024-05-23T19:43:42.986+0000] {processor.py:183} INFO - Processing /home/airflow/.local/lib/python3.12/site-packages/airflow/example_dags/example_time_delta_sensor_async.py took 0.100 seconds
[2024-05-23T19:44:13.340+0000] {processor.py:161} INFO - Started process (PID=7746) to work on /home/airflow/.local/lib/python3.12/site-packages/airflow/example_dags/example_time_delta_sensor_async.py
[2024-05-23T19:44:13.342+0000] {processor.py:830} INFO - Processing file /home/airflow/.local/lib/python3.12/site-packages/airflow/example_dags/example_time_delta_sensor_async.py for tasks to queue
[2024-05-23T19:44:13.344+0000] {logging_mixin.py:188} INFO - [2024-05-23T19:44:13.344+0000] {dagbag.py:545} INFO - Filling up the DagBag from /home/airflow/.local/lib/python3.12/site-packages/airflow/example_dags/example_time_delta_sensor_async.py
[2024-05-23T19:44:13.351+0000] {processor.py:840} INFO - DAG(s) 'example_time_delta_sensor_async' retrieved from /home/airflow/.local/lib/python3.12/site-packages/airflow/example_dags/example_time_delta_sensor_async.py
[2024-05-23T19:44:13.381+0000] {logging_mixin.py:188} INFO - [2024-05-23T19:44:13.380+0000] {dag.py:3096} INFO - Sync 1 DAGs
[2024-05-23T19:44:13.400+0000] {logging_mixin.py:188} INFO - [2024-05-23T19:44:13.400+0000] {dag.py:3954} INFO - Setting next_dagrun for example_time_delta_sensor_async to None, run_after=None
[2024-05-23T19:44:13.427+0000] {processor.py:183} INFO - Processing /home/airflow/.local/lib/python3.12/site-packages/airflow/example_dags/example_time_delta_sensor_async.py took 0.095 seconds
[2024-05-23T19:44:43.818+0000] {processor.py:161} INFO - Started process (PID=8008) to work on /home/airflow/.local/lib/python3.12/site-packages/airflow/example_dags/example_time_delta_sensor_async.py
[2024-05-23T19:44:43.819+0000] {processor.py:830} INFO - Processing file /home/airflow/.local/lib/python3.12/site-packages/airflow/example_dags/example_time_delta_sensor_async.py for tasks to queue
[2024-05-23T19:44:43.822+0000] {logging_mixin.py:188} INFO - [2024-05-23T19:44:43.822+0000] {dagbag.py:545} INFO - Filling up the DagBag from /home/airflow/.local/lib/python3.12/site-packages/airflow/example_dags/example_time_delta_sensor_async.py
[2024-05-23T19:44:43.828+0000] {processor.py:840} INFO - DAG(s) 'example_time_delta_sensor_async' retrieved from /home/airflow/.local/lib/python3.12/site-packages/airflow/example_dags/example_time_delta_sensor_async.py
[2024-05-23T19:44:43.856+0000] {logging_mixin.py:188} INFO - [2024-05-23T19:44:43.855+0000] {dag.py:3096} INFO - Sync 1 DAGs
[2024-05-23T19:44:43.873+0000] {logging_mixin.py:188} INFO - [2024-05-23T19:44:43.873+0000] {dag.py:3954} INFO - Setting next_dagrun for example_time_delta_sensor_async to None, run_after=None
[2024-05-23T19:44:43.902+0000] {processor.py:183} INFO - Processing /home/airflow/.local/lib/python3.12/site-packages/airflow/example_dags/example_time_delta_sensor_async.py took 0.093 seconds
[2024-05-23T19:45:14.347+0000] {processor.py:161} INFO - Started process (PID=8270) to work on /home/airflow/.local/lib/python3.12/site-packages/airflow/example_dags/example_time_delta_sensor_async.py
[2024-05-23T19:45:14.349+0000] {processor.py:830} INFO - Processing file /home/airflow/.local/lib/python3.12/site-packages/airflow/example_dags/example_time_delta_sensor_async.py for tasks to queue
[2024-05-23T19:45:14.352+0000] {logging_mixin.py:188} INFO - [2024-05-23T19:45:14.352+0000] {dagbag.py:545} INFO - Filling up the DagBag from /home/airflow/.local/lib/python3.12/site-packages/airflow/example_dags/example_time_delta_sensor_async.py
[2024-05-23T19:45:14.358+0000] {processor.py:840} INFO - DAG(s) 'example_time_delta_sensor_async' retrieved from /home/airflow/.local/lib/python3.12/site-packages/airflow/example_dags/example_time_delta_sensor_async.py
[2024-05-23T19:45:14.389+0000] {logging_mixin.py:188} INFO - [2024-05-23T19:45:14.389+0000] {dag.py:3096} INFO - Sync 1 DAGs
[2024-05-23T19:45:14.407+0000] {logging_mixin.py:188} INFO - [2024-05-23T19:45:14.406+0000] {dag.py:3954} INFO - Setting next_dagrun for example_time_delta_sensor_async to None, run_after=None
[2024-05-23T19:45:14.437+0000] {processor.py:183} INFO - Processing /home/airflow/.local/lib/python3.12/site-packages/airflow/example_dags/example_time_delta_sensor_async.py took 0.099 seconds
[2024-05-23T19:45:44.510+0000] {processor.py:161} INFO - Started process (PID=8532) to work on /home/airflow/.local/lib/python3.12/site-packages/airflow/example_dags/example_time_delta_sensor_async.py
[2024-05-23T19:45:44.512+0000] {processor.py:830} INFO - Processing file /home/airflow/.local/lib/python3.12/site-packages/airflow/example_dags/example_time_delta_sensor_async.py for tasks to queue
[2024-05-23T19:45:44.514+0000] {logging_mixin.py:188} INFO - [2024-05-23T19:45:44.514+0000] {dagbag.py:545} INFO - Filling up the DagBag from /home/airflow/.local/lib/python3.12/site-packages/airflow/example_dags/example_time_delta_sensor_async.py
[2024-05-23T19:45:44.521+0000] {processor.py:840} INFO - DAG(s) 'example_time_delta_sensor_async' retrieved from /home/airflow/.local/lib/python3.12/site-packages/airflow/example_dags/example_time_delta_sensor_async.py
[2024-05-23T19:45:44.547+0000] {logging_mixin.py:188} INFO - [2024-05-23T19:45:44.547+0000] {dag.py:3096} INFO - Sync 1 DAGs
[2024-05-23T19:45:44.568+0000] {logging_mixin.py:188} INFO - [2024-05-23T19:45:44.567+0000] {dag.py:3954} INFO - Setting next_dagrun for example_time_delta_sensor_async to None, run_after=None
[2024-05-23T19:45:44.592+0000] {processor.py:183} INFO - Processing /home/airflow/.local/lib/python3.12/site-packages/airflow/example_dags/example_time_delta_sensor_async.py took 0.092 seconds
[2024-05-23T19:46:15.763+0000] {processor.py:161} INFO - Started process (PID=8800) to work on /home/airflow/.local/lib/python3.12/site-packages/airflow/example_dags/example_time_delta_sensor_async.py
[2024-05-23T19:46:15.765+0000] {processor.py:830} INFO - Processing file /home/airflow/.local/lib/python3.12/site-packages/airflow/example_dags/example_time_delta_sensor_async.py for tasks to queue
[2024-05-23T19:46:15.767+0000] {logging_mixin.py:188} INFO - [2024-05-23T19:46:15.767+0000] {dagbag.py:545} INFO - Filling up the DagBag from /home/airflow/.local/lib/python3.12/site-packages/airflow/example_dags/example_time_delta_sensor_async.py
[2024-05-23T19:46:15.774+0000] {processor.py:840} INFO - DAG(s) 'example_time_delta_sensor_async' retrieved from /home/airflow/.local/lib/python3.12/site-packages/airflow/example_dags/example_time_delta_sensor_async.py
[2024-05-23T19:46:15.805+0000] {logging_mixin.py:188} INFO - [2024-05-23T19:46:15.804+0000] {dag.py:3096} INFO - Sync 1 DAGs
[2024-05-23T19:46:15.824+0000] {logging_mixin.py:188} INFO - [2024-05-23T19:46:15.824+0000] {dag.py:3954} INFO - Setting next_dagrun for example_time_delta_sensor_async to None, run_after=None
[2024-05-23T19:46:15.853+0000] {processor.py:183} INFO - Processing /home/airflow/.local/lib/python3.12/site-packages/airflow/example_dags/example_time_delta_sensor_async.py took 0.098 seconds
[2024-05-23T19:46:46.142+0000] {processor.py:161} INFO - Started process (PID=9062) to work on /home/airflow/.local/lib/python3.12/site-packages/airflow/example_dags/example_time_delta_sensor_async.py
[2024-05-23T19:46:46.144+0000] {processor.py:830} INFO - Processing file /home/airflow/.local/lib/python3.12/site-packages/airflow/example_dags/example_time_delta_sensor_async.py for tasks to queue
[2024-05-23T19:46:46.146+0000] {logging_mixin.py:188} INFO - [2024-05-23T19:46:46.146+0000] {dagbag.py:545} INFO - Filling up the DagBag from /home/airflow/.local/lib/python3.12/site-packages/airflow/example_dags/example_time_delta_sensor_async.py
[2024-05-23T19:46:46.152+0000] {processor.py:840} INFO - DAG(s) 'example_time_delta_sensor_async' retrieved from /home/airflow/.local/lib/python3.12/site-packages/airflow/example_dags/example_time_delta_sensor_async.py
[2024-05-23T19:46:46.178+0000] {logging_mixin.py:188} INFO - [2024-05-23T19:46:46.178+0000] {dag.py:3096} INFO - Sync 1 DAGs
[2024-05-23T19:46:46.197+0000] {logging_mixin.py:188} INFO - [2024-05-23T19:46:46.196+0000] {dag.py:3954} INFO - Setting next_dagrun for example_time_delta_sensor_async to None, run_after=None
[2024-05-23T19:46:46.221+0000] {processor.py:183} INFO - Processing /home/airflow/.local/lib/python3.12/site-packages/airflow/example_dags/example_time_delta_sensor_async.py took 0.087 seconds
[2024-05-23T19:47:17.260+0000] {processor.py:161} INFO - Started process (PID=9324) to work on /home/airflow/.local/lib/python3.12/site-packages/airflow/example_dags/example_time_delta_sensor_async.py
[2024-05-23T19:47:17.262+0000] {processor.py:830} INFO - Processing file /home/airflow/.local/lib/python3.12/site-packages/airflow/example_dags/example_time_delta_sensor_async.py for tasks to queue
[2024-05-23T19:47:17.265+0000] {logging_mixin.py:188} INFO - [2024-05-23T19:47:17.264+0000] {dagbag.py:545} INFO - Filling up the DagBag from /home/airflow/.local/lib/python3.12/site-packages/airflow/example_dags/example_time_delta_sensor_async.py
[2024-05-23T19:47:17.271+0000] {processor.py:840} INFO - DAG(s) 'example_time_delta_sensor_async' retrieved from /home/airflow/.local/lib/python3.12/site-packages/airflow/example_dags/example_time_delta_sensor_async.py
[2024-05-23T19:47:17.297+0000] {logging_mixin.py:188} INFO - [2024-05-23T19:47:17.296+0000] {dag.py:3096} INFO - Sync 1 DAGs
[2024-05-23T19:47:17.314+0000] {logging_mixin.py:188} INFO - [2024-05-23T19:47:17.314+0000] {dag.py:3954} INFO - Setting next_dagrun for example_time_delta_sensor_async to None, run_after=None
[2024-05-23T19:47:17.340+0000] {processor.py:183} INFO - Processing /home/airflow/.local/lib/python3.12/site-packages/airflow/example_dags/example_time_delta_sensor_async.py took 0.087 seconds
[2024-05-23T19:47:48.513+0000] {processor.py:161} INFO - Started process (PID=9586) to work on /home/airflow/.local/lib/python3.12/site-packages/airflow/example_dags/example_time_delta_sensor_async.py
[2024-05-23T19:47:48.514+0000] {processor.py:830} INFO - Processing file /home/airflow/.local/lib/python3.12/site-packages/airflow/example_dags/example_time_delta_sensor_async.py for tasks to queue
[2024-05-23T19:47:48.517+0000] {logging_mixin.py:188} INFO - [2024-05-23T19:47:48.516+0000] {dagbag.py:545} INFO - Filling up the DagBag from /home/airflow/.local/lib/python3.12/site-packages/airflow/example_dags/example_time_delta_sensor_async.py
[2024-05-23T19:47:48.523+0000] {processor.py:840} INFO - DAG(s) 'example_time_delta_sensor_async' retrieved from /home/airflow/.local/lib/python3.12/site-packages/airflow/example_dags/example_time_delta_sensor_async.py
[2024-05-23T19:47:48.550+0000] {logging_mixin.py:188} INFO - [2024-05-23T19:47:48.550+0000] {dag.py:3096} INFO - Sync 1 DAGs
[2024-05-23T19:47:48.569+0000] {logging_mixin.py:188} INFO - [2024-05-23T19:47:48.569+0000] {dag.py:3954} INFO - Setting next_dagrun for example_time_delta_sensor_async to None, run_after=None
[2024-05-23T19:47:48.595+0000] {processor.py:183} INFO - Processing /home/airflow/.local/lib/python3.12/site-packages/airflow/example_dags/example_time_delta_sensor_async.py took 0.091 seconds
[2024-05-23T19:48:18.954+0000] {processor.py:161} INFO - Started process (PID=9848) to work on /home/airflow/.local/lib/python3.12/site-packages/airflow/example_dags/example_time_delta_sensor_async.py
[2024-05-23T19:48:18.955+0000] {processor.py:830} INFO - Processing file /home/airflow/.local/lib/python3.12/site-packages/airflow/example_dags/example_time_delta_sensor_async.py for tasks to queue
[2024-05-23T19:48:18.958+0000] {logging_mixin.py:188} INFO - [2024-05-23T19:48:18.958+0000] {dagbag.py:545} INFO - Filling up the DagBag from /home/airflow/.local/lib/python3.12/site-packages/airflow/example_dags/example_time_delta_sensor_async.py
[2024-05-23T19:48:18.965+0000] {processor.py:840} INFO - DAG(s) 'example_time_delta_sensor_async' retrieved from /home/airflow/.local/lib/python3.12/site-packages/airflow/example_dags/example_time_delta_sensor_async.py
[2024-05-23T19:48:18.994+0000] {logging_mixin.py:188} INFO - [2024-05-23T19:48:18.994+0000] {dag.py:3096} INFO - Sync 1 DAGs
[2024-05-23T19:48:19.014+0000] {logging_mixin.py:188} INFO - [2024-05-23T19:48:19.014+0000] {dag.py:3954} INFO - Setting next_dagrun for example_time_delta_sensor_async to None, run_after=None
[2024-05-23T19:48:19.043+0000] {processor.py:183} INFO - Processing /home/airflow/.local/lib/python3.12/site-packages/airflow/example_dags/example_time_delta_sensor_async.py took 0.099 seconds
[2024-05-23T19:48:49.429+0000] {processor.py:161} INFO - Started process (PID=10110) to work on /home/airflow/.local/lib/python3.12/site-packages/airflow/example_dags/example_time_delta_sensor_async.py
[2024-05-23T19:48:49.431+0000] {processor.py:830} INFO - Processing file /home/airflow/.local/lib/python3.12/site-packages/airflow/example_dags/example_time_delta_sensor_async.py for tasks to queue
[2024-05-23T19:48:49.433+0000] {logging_mixin.py:188} INFO - [2024-05-23T19:48:49.433+0000] {dagbag.py:545} INFO - Filling up the DagBag from /home/airflow/.local/lib/python3.12/site-packages/airflow/example_dags/example_time_delta_sensor_async.py
[2024-05-23T19:48:49.440+0000] {processor.py:840} INFO - DAG(s) 'example_time_delta_sensor_async' retrieved from /home/airflow/.local/lib/python3.12/site-packages/airflow/example_dags/example_time_delta_sensor_async.py
[2024-05-23T19:48:49.470+0000] {logging_mixin.py:188} INFO - [2024-05-23T19:48:49.469+0000] {dag.py:3096} INFO - Sync 1 DAGs
[2024-05-23T19:48:49.490+0000] {logging_mixin.py:188} INFO - [2024-05-23T19:48:49.490+0000] {dag.py:3954} INFO - Setting next_dagrun for example_time_delta_sensor_async to None, run_after=None
[2024-05-23T19:48:49.522+0000] {processor.py:183} INFO - Processing /home/airflow/.local/lib/python3.12/site-packages/airflow/example_dags/example_time_delta_sensor_async.py took 0.101 seconds
[2024-05-23T19:49:20.493+0000] {processor.py:161} INFO - Started process (PID=10372) to work on /home/airflow/.local/lib/python3.12/site-packages/airflow/example_dags/example_time_delta_sensor_async.py
[2024-05-23T19:49:20.495+0000] {processor.py:830} INFO - Processing file /home/airflow/.local/lib/python3.12/site-packages/airflow/example_dags/example_time_delta_sensor_async.py for tasks to queue
[2024-05-23T19:49:20.498+0000] {logging_mixin.py:188} INFO - [2024-05-23T19:49:20.497+0000] {dagbag.py:545} INFO - Filling up the DagBag from /home/airflow/.local/lib/python3.12/site-packages/airflow/example_dags/example_time_delta_sensor_async.py
[2024-05-23T19:49:20.505+0000] {processor.py:840} INFO - DAG(s) 'example_time_delta_sensor_async' retrieved from /home/airflow/.local/lib/python3.12/site-packages/airflow/example_dags/example_time_delta_sensor_async.py
[2024-05-23T19:49:20.538+0000] {logging_mixin.py:188} INFO - [2024-05-23T19:49:20.537+0000] {dag.py:3096} INFO - Sync 1 DAGs
[2024-05-23T19:49:20.716+0000] {logging_mixin.py:188} INFO - [2024-05-23T19:49:20.715+0000] {dag.py:3954} INFO - Setting next_dagrun for example_time_delta_sensor_async to None, run_after=None
[2024-05-23T19:49:20.743+0000] {processor.py:183} INFO - Processing /home/airflow/.local/lib/python3.12/site-packages/airflow/example_dags/example_time_delta_sensor_async.py took 0.260 seconds
[2024-05-23T19:49:50.935+0000] {processor.py:161} INFO - Started process (PID=10634) to work on /home/airflow/.local/lib/python3.12/site-packages/airflow/example_dags/example_time_delta_sensor_async.py
[2024-05-23T19:49:50.937+0000] {processor.py:830} INFO - Processing file /home/airflow/.local/lib/python3.12/site-packages/airflow/example_dags/example_time_delta_sensor_async.py for tasks to queue
[2024-05-23T19:49:50.940+0000] {logging_mixin.py:188} INFO - [2024-05-23T19:49:50.940+0000] {dagbag.py:545} INFO - Filling up the DagBag from /home/airflow/.local/lib/python3.12/site-packages/airflow/example_dags/example_time_delta_sensor_async.py
[2024-05-23T19:49:50.948+0000] {processor.py:840} INFO - DAG(s) 'example_time_delta_sensor_async' retrieved from /home/airflow/.local/lib/python3.12/site-packages/airflow/example_dags/example_time_delta_sensor_async.py
[2024-05-23T19:49:50.978+0000] {logging_mixin.py:188} INFO - [2024-05-23T19:49:50.978+0000] {dag.py:3096} INFO - Sync 1 DAGs
[2024-05-23T19:49:50.999+0000] {logging_mixin.py:188} INFO - [2024-05-23T19:49:50.999+0000] {dag.py:3954} INFO - Setting next_dagrun for example_time_delta_sensor_async to None, run_after=None
[2024-05-23T19:49:51.175+0000] {processor.py:183} INFO - Processing /home/airflow/.local/lib/python3.12/site-packages/airflow/example_dags/example_time_delta_sensor_async.py took 0.248 seconds
[2024-05-23T19:50:22.173+0000] {processor.py:161} INFO - Started process (PID=10896) to work on /home/airflow/.local/lib/python3.12/site-packages/airflow/example_dags/example_time_delta_sensor_async.py
[2024-05-23T19:50:22.174+0000] {processor.py:830} INFO - Processing file /home/airflow/.local/lib/python3.12/site-packages/airflow/example_dags/example_time_delta_sensor_async.py for tasks to queue
[2024-05-23T19:50:22.177+0000] {logging_mixin.py:188} INFO - [2024-05-23T19:50:22.176+0000] {dagbag.py:545} INFO - Filling up the DagBag from /home/airflow/.local/lib/python3.12/site-packages/airflow/example_dags/example_time_delta_sensor_async.py
[2024-05-23T19:50:22.184+0000] {processor.py:840} INFO - DAG(s) 'example_time_delta_sensor_async' retrieved from /home/airflow/.local/lib/python3.12/site-packages/airflow/example_dags/example_time_delta_sensor_async.py
[2024-05-23T19:50:22.215+0000] {logging_mixin.py:188} INFO - [2024-05-23T19:50:22.215+0000] {dag.py:3096} INFO - Sync 1 DAGs
[2024-05-23T19:50:22.235+0000] {logging_mixin.py:188} INFO - [2024-05-23T19:50:22.234+0000] {dag.py:3954} INFO - Setting next_dagrun for example_time_delta_sensor_async to None, run_after=None
[2024-05-23T19:50:22.263+0000] {processor.py:183} INFO - Processing /home/airflow/.local/lib/python3.12/site-packages/airflow/example_dags/example_time_delta_sensor_async.py took 0.100 seconds
[2024-05-23T19:50:52.405+0000] {processor.py:161} INFO - Started process (PID=11158) to work on /home/airflow/.local/lib/python3.12/site-packages/airflow/example_dags/example_time_delta_sensor_async.py
[2024-05-23T19:50:52.411+0000] {processor.py:830} INFO - Processing file /home/airflow/.local/lib/python3.12/site-packages/airflow/example_dags/example_time_delta_sensor_async.py for tasks to queue
[2024-05-23T19:50:52.414+0000] {logging_mixin.py:188} INFO - [2024-05-23T19:50:52.413+0000] {dagbag.py:545} INFO - Filling up the DagBag from /home/airflow/.local/lib/python3.12/site-packages/airflow/example_dags/example_time_delta_sensor_async.py
[2024-05-23T19:50:52.420+0000] {processor.py:840} INFO - DAG(s) 'example_time_delta_sensor_async' retrieved from /home/airflow/.local/lib/python3.12/site-packages/airflow/example_dags/example_time_delta_sensor_async.py
[2024-05-23T19:50:52.454+0000] {logging_mixin.py:188} INFO - [2024-05-23T19:50:52.453+0000] {dag.py:3096} INFO - Sync 1 DAGs
[2024-05-23T19:50:52.475+0000] {logging_mixin.py:188} INFO - [2024-05-23T19:50:52.475+0000] {dag.py:3954} INFO - Setting next_dagrun for example_time_delta_sensor_async to None, run_after=None
[2024-05-23T19:50:52.503+0000] {processor.py:183} INFO - Processing /home/airflow/.local/lib/python3.12/site-packages/airflow/example_dags/example_time_delta_sensor_async.py took 0.108 seconds
[2024-05-23T19:51:22.583+0000] {processor.py:161} INFO - Started process (PID=11417) to work on /home/airflow/.local/lib/python3.12/site-packages/airflow/example_dags/example_time_delta_sensor_async.py
[2024-05-23T19:51:22.585+0000] {processor.py:830} INFO - Processing file /home/airflow/.local/lib/python3.12/site-packages/airflow/example_dags/example_time_delta_sensor_async.py for tasks to queue
[2024-05-23T19:51:22.587+0000] {logging_mixin.py:188} INFO - [2024-05-23T19:51:22.587+0000] {dagbag.py:545} INFO - Filling up the DagBag from /home/airflow/.local/lib/python3.12/site-packages/airflow/example_dags/example_time_delta_sensor_async.py
[2024-05-23T19:51:22.594+0000] {processor.py:840} INFO - DAG(s) 'example_time_delta_sensor_async' retrieved from /home/airflow/.local/lib/python3.12/site-packages/airflow/example_dags/example_time_delta_sensor_async.py
[2024-05-23T19:51:22.623+0000] {logging_mixin.py:188} INFO - [2024-05-23T19:51:22.623+0000] {dag.py:3096} INFO - Sync 1 DAGs
[2024-05-23T19:51:22.645+0000] {logging_mixin.py:188} INFO - [2024-05-23T19:51:22.644+0000] {dag.py:3954} INFO - Setting next_dagrun for example_time_delta_sensor_async to None, run_after=None
[2024-05-23T19:51:22.675+0000] {processor.py:183} INFO - Processing /home/airflow/.local/lib/python3.12/site-packages/airflow/example_dags/example_time_delta_sensor_async.py took 0.100 seconds
[2024-05-23T19:51:52.715+0000] {processor.py:161} INFO - Started process (PID=11677) to work on /home/airflow/.local/lib/python3.12/site-packages/airflow/example_dags/example_time_delta_sensor_async.py
[2024-05-23T19:51:52.716+0000] {processor.py:830} INFO - Processing file /home/airflow/.local/lib/python3.12/site-packages/airflow/example_dags/example_time_delta_sensor_async.py for tasks to queue
[2024-05-23T19:51:52.719+0000] {logging_mixin.py:188} INFO - [2024-05-23T19:51:52.719+0000] {dagbag.py:545} INFO - Filling up the DagBag from /home/airflow/.local/lib/python3.12/site-packages/airflow/example_dags/example_time_delta_sensor_async.py
[2024-05-23T19:51:52.726+0000] {processor.py:840} INFO - DAG(s) 'example_time_delta_sensor_async' retrieved from /home/airflow/.local/lib/python3.12/site-packages/airflow/example_dags/example_time_delta_sensor_async.py
[2024-05-23T19:51:52.755+0000] {logging_mixin.py:188} INFO - [2024-05-23T19:51:52.755+0000] {dag.py:3096} INFO - Sync 1 DAGs
[2024-05-23T19:51:52.776+0000] {logging_mixin.py:188} INFO - [2024-05-23T19:51:52.776+0000] {dag.py:3954} INFO - Setting next_dagrun for example_time_delta_sensor_async to None, run_after=None
[2024-05-23T19:51:52.807+0000] {processor.py:183} INFO - Processing /home/airflow/.local/lib/python3.12/site-packages/airflow/example_dags/example_time_delta_sensor_async.py took 0.101 seconds
[2024-05-23T19:52:22.985+0000] {processor.py:161} INFO - Started process (PID=11939) to work on /home/airflow/.local/lib/python3.12/site-packages/airflow/example_dags/example_time_delta_sensor_async.py
[2024-05-23T19:52:22.986+0000] {processor.py:830} INFO - Processing file /home/airflow/.local/lib/python3.12/site-packages/airflow/example_dags/example_time_delta_sensor_async.py for tasks to queue
[2024-05-23T19:52:22.989+0000] {logging_mixin.py:188} INFO - [2024-05-23T19:52:22.988+0000] {dagbag.py:545} INFO - Filling up the DagBag from /home/airflow/.local/lib/python3.12/site-packages/airflow/example_dags/example_time_delta_sensor_async.py
[2024-05-23T19:52:22.996+0000] {processor.py:840} INFO - DAG(s) 'example_time_delta_sensor_async' retrieved from /home/airflow/.local/lib/python3.12/site-packages/airflow/example_dags/example_time_delta_sensor_async.py
[2024-05-23T19:52:23.028+0000] {logging_mixin.py:188} INFO - [2024-05-23T19:52:23.028+0000] {dag.py:3096} INFO - Sync 1 DAGs
[2024-05-23T19:52:23.049+0000] {logging_mixin.py:188} INFO - [2024-05-23T19:52:23.048+0000] {dag.py:3954} INFO - Setting next_dagrun for example_time_delta_sensor_async to None, run_after=None
[2024-05-23T19:52:23.078+0000] {processor.py:183} INFO - Processing /home/airflow/.local/lib/python3.12/site-packages/airflow/example_dags/example_time_delta_sensor_async.py took 0.101 seconds
[2024-05-23T19:52:53.409+0000] {processor.py:161} INFO - Started process (PID=12201) to work on /home/airflow/.local/lib/python3.12/site-packages/airflow/example_dags/example_time_delta_sensor_async.py
[2024-05-23T19:52:53.410+0000] {processor.py:830} INFO - Processing file /home/airflow/.local/lib/python3.12/site-packages/airflow/example_dags/example_time_delta_sensor_async.py for tasks to queue
[2024-05-23T19:52:53.413+0000] {logging_mixin.py:188} INFO - [2024-05-23T19:52:53.413+0000] {dagbag.py:545} INFO - Filling up the DagBag from /home/airflow/.local/lib/python3.12/site-packages/airflow/example_dags/example_time_delta_sensor_async.py
[2024-05-23T19:52:53.420+0000] {processor.py:840} INFO - DAG(s) 'example_time_delta_sensor_async' retrieved from /home/airflow/.local/lib/python3.12/site-packages/airflow/example_dags/example_time_delta_sensor_async.py
[2024-05-23T19:52:53.456+0000] {logging_mixin.py:188} INFO - [2024-05-23T19:52:53.455+0000] {dag.py:3096} INFO - Sync 1 DAGs
[2024-05-23T19:52:53.480+0000] {logging_mixin.py:188} INFO - [2024-05-23T19:52:53.480+0000] {dag.py:3954} INFO - Setting next_dagrun for example_time_delta_sensor_async to None, run_after=None
[2024-05-23T19:52:53.514+0000] {processor.py:183} INFO - Processing /home/airflow/.local/lib/python3.12/site-packages/airflow/example_dags/example_time_delta_sensor_async.py took 0.115 seconds
[2024-05-23T19:53:23.925+0000] {processor.py:161} INFO - Started process (PID=12463) to work on /home/airflow/.local/lib/python3.12/site-packages/airflow/example_dags/example_time_delta_sensor_async.py
[2024-05-23T19:53:23.928+0000] {processor.py:830} INFO - Processing file /home/airflow/.local/lib/python3.12/site-packages/airflow/example_dags/example_time_delta_sensor_async.py for tasks to queue
[2024-05-23T19:53:23.934+0000] {logging_mixin.py:188} INFO - [2024-05-23T19:53:23.933+0000] {dagbag.py:545} INFO - Filling up the DagBag from /home/airflow/.local/lib/python3.12/site-packages/airflow/example_dags/example_time_delta_sensor_async.py
[2024-05-23T19:53:23.946+0000] {processor.py:840} INFO - DAG(s) 'example_time_delta_sensor_async' retrieved from /home/airflow/.local/lib/python3.12/site-packages/airflow/example_dags/example_time_delta_sensor_async.py
[2024-05-23T19:53:24.040+0000] {logging_mixin.py:188} INFO - [2024-05-23T19:53:24.039+0000] {dag.py:3096} INFO - Sync 1 DAGs
[2024-05-23T19:53:24.078+0000] {logging_mixin.py:188} INFO - [2024-05-23T19:53:24.076+0000] {dag.py:3954} INFO - Setting next_dagrun for example_time_delta_sensor_async to None, run_after=None
[2024-05-23T19:53:24.133+0000] {processor.py:183} INFO - Processing /home/airflow/.local/lib/python3.12/site-packages/airflow/example_dags/example_time_delta_sensor_async.py took 0.222 seconds
[2024-05-23T19:53:54.655+0000] {processor.py:161} INFO - Started process (PID=12725) to work on /home/airflow/.local/lib/python3.12/site-packages/airflow/example_dags/example_time_delta_sensor_async.py
[2024-05-23T19:53:54.656+0000] {processor.py:830} INFO - Processing file /home/airflow/.local/lib/python3.12/site-packages/airflow/example_dags/example_time_delta_sensor_async.py for tasks to queue
[2024-05-23T19:53:54.660+0000] {logging_mixin.py:188} INFO - [2024-05-23T19:53:54.659+0000] {dagbag.py:545} INFO - Filling up the DagBag from /home/airflow/.local/lib/python3.12/site-packages/airflow/example_dags/example_time_delta_sensor_async.py
[2024-05-23T19:53:54.667+0000] {processor.py:840} INFO - DAG(s) 'example_time_delta_sensor_async' retrieved from /home/airflow/.local/lib/python3.12/site-packages/airflow/example_dags/example_time_delta_sensor_async.py
[2024-05-23T19:53:54.697+0000] {logging_mixin.py:188} INFO - [2024-05-23T19:53:54.697+0000] {dag.py:3096} INFO - Sync 1 DAGs
[2024-05-23T19:53:54.716+0000] {logging_mixin.py:188} INFO - [2024-05-23T19:53:54.716+0000] {dag.py:3954} INFO - Setting next_dagrun for example_time_delta_sensor_async to None, run_after=None
[2024-05-23T19:53:54.743+0000] {processor.py:183} INFO - Processing /home/airflow/.local/lib/python3.12/site-packages/airflow/example_dags/example_time_delta_sensor_async.py took 0.097 seconds
[2024-05-23T19:54:25.344+0000] {processor.py:161} INFO - Started process (PID=12987) to work on /home/airflow/.local/lib/python3.12/site-packages/airflow/example_dags/example_time_delta_sensor_async.py
[2024-05-23T19:54:25.346+0000] {processor.py:830} INFO - Processing file /home/airflow/.local/lib/python3.12/site-packages/airflow/example_dags/example_time_delta_sensor_async.py for tasks to queue
[2024-05-23T19:54:25.349+0000] {logging_mixin.py:188} INFO - [2024-05-23T19:54:25.348+0000] {dagbag.py:545} INFO - Filling up the DagBag from /home/airflow/.local/lib/python3.12/site-packages/airflow/example_dags/example_time_delta_sensor_async.py
[2024-05-23T19:54:25.355+0000] {processor.py:840} INFO - DAG(s) 'example_time_delta_sensor_async' retrieved from /home/airflow/.local/lib/python3.12/site-packages/airflow/example_dags/example_time_delta_sensor_async.py
[2024-05-23T19:54:25.386+0000] {logging_mixin.py:188} INFO - [2024-05-23T19:54:25.385+0000] {dag.py:3096} INFO - Sync 1 DAGs
[2024-05-23T19:54:25.405+0000] {logging_mixin.py:188} INFO - [2024-05-23T19:54:25.405+0000] {dag.py:3954} INFO - Setting next_dagrun for example_time_delta_sensor_async to None, run_after=None
[2024-05-23T19:54:25.432+0000] {processor.py:183} INFO - Processing /home/airflow/.local/lib/python3.12/site-packages/airflow/example_dags/example_time_delta_sensor_async.py took 0.097 seconds
[2024-05-23T19:54:56.095+0000] {processor.py:161} INFO - Started process (PID=13249) to work on /home/airflow/.local/lib/python3.12/site-packages/airflow/example_dags/example_time_delta_sensor_async.py
[2024-05-23T19:54:56.096+0000] {processor.py:830} INFO - Processing file /home/airflow/.local/lib/python3.12/site-packages/airflow/example_dags/example_time_delta_sensor_async.py for tasks to queue
[2024-05-23T19:54:56.098+0000] {logging_mixin.py:188} INFO - [2024-05-23T19:54:56.098+0000] {dagbag.py:545} INFO - Filling up the DagBag from /home/airflow/.local/lib/python3.12/site-packages/airflow/example_dags/example_time_delta_sensor_async.py
[2024-05-23T19:54:56.104+0000] {processor.py:840} INFO - DAG(s) 'example_time_delta_sensor_async' retrieved from /home/airflow/.local/lib/python3.12/site-packages/airflow/example_dags/example_time_delta_sensor_async.py
[2024-05-23T19:54:56.131+0000] {logging_mixin.py:188} INFO - [2024-05-23T19:54:56.130+0000] {dag.py:3096} INFO - Sync 1 DAGs
[2024-05-23T19:54:56.149+0000] {logging_mixin.py:188} INFO - [2024-05-23T19:54:56.148+0000] {dag.py:3954} INFO - Setting next_dagrun for example_time_delta_sensor_async to None, run_after=None
[2024-05-23T19:54:56.173+0000] {processor.py:183} INFO - Processing /home/airflow/.local/lib/python3.12/site-packages/airflow/example_dags/example_time_delta_sensor_async.py took 0.086 seconds
[2024-05-23T19:55:26.464+0000] {processor.py:161} INFO - Started process (PID=13511) to work on /home/airflow/.local/lib/python3.12/site-packages/airflow/example_dags/example_time_delta_sensor_async.py
[2024-05-23T19:55:26.465+0000] {processor.py:830} INFO - Processing file /home/airflow/.local/lib/python3.12/site-packages/airflow/example_dags/example_time_delta_sensor_async.py for tasks to queue
[2024-05-23T19:55:26.468+0000] {logging_mixin.py:188} INFO - [2024-05-23T19:55:26.467+0000] {dagbag.py:545} INFO - Filling up the DagBag from /home/airflow/.local/lib/python3.12/site-packages/airflow/example_dags/example_time_delta_sensor_async.py
[2024-05-23T19:55:26.474+0000] {processor.py:840} INFO - DAG(s) 'example_time_delta_sensor_async' retrieved from /home/airflow/.local/lib/python3.12/site-packages/airflow/example_dags/example_time_delta_sensor_async.py
[2024-05-23T19:55:26.503+0000] {logging_mixin.py:188} INFO - [2024-05-23T19:55:26.502+0000] {dag.py:3096} INFO - Sync 1 DAGs
[2024-05-23T19:55:26.522+0000] {logging_mixin.py:188} INFO - [2024-05-23T19:55:26.521+0000] {dag.py:3954} INFO - Setting next_dagrun for example_time_delta_sensor_async to None, run_after=None
[2024-05-23T19:55:26.551+0000] {processor.py:183} INFO - Processing /home/airflow/.local/lib/python3.12/site-packages/airflow/example_dags/example_time_delta_sensor_async.py took 0.096 seconds
[2024-05-23T19:55:56.813+0000] {processor.py:161} INFO - Started process (PID=13773) to work on /home/airflow/.local/lib/python3.12/site-packages/airflow/example_dags/example_time_delta_sensor_async.py
[2024-05-23T19:55:56.814+0000] {processor.py:830} INFO - Processing file /home/airflow/.local/lib/python3.12/site-packages/airflow/example_dags/example_time_delta_sensor_async.py for tasks to queue
[2024-05-23T19:55:56.817+0000] {logging_mixin.py:188} INFO - [2024-05-23T19:55:56.816+0000] {dagbag.py:545} INFO - Filling up the DagBag from /home/airflow/.local/lib/python3.12/site-packages/airflow/example_dags/example_time_delta_sensor_async.py
[2024-05-23T19:55:56.823+0000] {processor.py:840} INFO - DAG(s) 'example_time_delta_sensor_async' retrieved from /home/airflow/.local/lib/python3.12/site-packages/airflow/example_dags/example_time_delta_sensor_async.py
[2024-05-23T19:55:56.853+0000] {logging_mixin.py:188} INFO - [2024-05-23T19:55:56.853+0000] {dag.py:3096} INFO - Sync 1 DAGs
[2024-05-23T19:55:56.872+0000] {logging_mixin.py:188} INFO - [2024-05-23T19:55:56.872+0000] {dag.py:3954} INFO - Setting next_dagrun for example_time_delta_sensor_async to None, run_after=None
[2024-05-23T19:55:56.898+0000] {processor.py:183} INFO - Processing /home/airflow/.local/lib/python3.12/site-packages/airflow/example_dags/example_time_delta_sensor_async.py took 0.094 seconds
[2024-05-23T19:56:27.661+0000] {processor.py:161} INFO - Started process (PID=14029) to work on /home/airflow/.local/lib/python3.12/site-packages/airflow/example_dags/example_time_delta_sensor_async.py
[2024-05-23T19:56:27.662+0000] {processor.py:830} INFO - Processing file /home/airflow/.local/lib/python3.12/site-packages/airflow/example_dags/example_time_delta_sensor_async.py for tasks to queue
[2024-05-23T19:56:27.665+0000] {logging_mixin.py:188} INFO - [2024-05-23T19:56:27.664+0000] {dagbag.py:545} INFO - Filling up the DagBag from /home/airflow/.local/lib/python3.12/site-packages/airflow/example_dags/example_time_delta_sensor_async.py
[2024-05-23T19:56:27.671+0000] {processor.py:840} INFO - DAG(s) 'example_time_delta_sensor_async' retrieved from /home/airflow/.local/lib/python3.12/site-packages/airflow/example_dags/example_time_delta_sensor_async.py
[2024-05-23T19:56:27.697+0000] {logging_mixin.py:188} INFO - [2024-05-23T19:56:27.697+0000] {dag.py:3096} INFO - Sync 1 DAGs
[2024-05-23T19:56:27.716+0000] {logging_mixin.py:188} INFO - [2024-05-23T19:56:27.715+0000] {dag.py:3954} INFO - Setting next_dagrun for example_time_delta_sensor_async to None, run_after=None
[2024-05-23T19:56:27.740+0000] {processor.py:183} INFO - Processing /home/airflow/.local/lib/python3.12/site-packages/airflow/example_dags/example_time_delta_sensor_async.py took 0.087 seconds
[2024-05-23T19:56:58.416+0000] {processor.py:161} INFO - Started process (PID=14291) to work on /home/airflow/.local/lib/python3.12/site-packages/airflow/example_dags/example_time_delta_sensor_async.py
[2024-05-23T19:56:58.418+0000] {processor.py:830} INFO - Processing file /home/airflow/.local/lib/python3.12/site-packages/airflow/example_dags/example_time_delta_sensor_async.py for tasks to queue
[2024-05-23T19:56:58.420+0000] {logging_mixin.py:188} INFO - [2024-05-23T19:56:58.420+0000] {dagbag.py:545} INFO - Filling up the DagBag from /home/airflow/.local/lib/python3.12/site-packages/airflow/example_dags/example_time_delta_sensor_async.py
[2024-05-23T19:56:58.426+0000] {processor.py:840} INFO - DAG(s) 'example_time_delta_sensor_async' retrieved from /home/airflow/.local/lib/python3.12/site-packages/airflow/example_dags/example_time_delta_sensor_async.py
[2024-05-23T19:56:58.456+0000] {logging_mixin.py:188} INFO - [2024-05-23T19:56:58.455+0000] {dag.py:3096} INFO - Sync 1 DAGs
[2024-05-23T19:56:58.474+0000] {logging_mixin.py:188} INFO - [2024-05-23T19:56:58.474+0000] {dag.py:3954} INFO - Setting next_dagrun for example_time_delta_sensor_async to None, run_after=None
[2024-05-23T19:56:58.500+0000] {processor.py:183} INFO - Processing /home/airflow/.local/lib/python3.12/site-packages/airflow/example_dags/example_time_delta_sensor_async.py took 0.092 seconds
[2024-05-23T19:57:28.958+0000] {processor.py:161} INFO - Started process (PID=14553) to work on /home/airflow/.local/lib/python3.12/site-packages/airflow/example_dags/example_time_delta_sensor_async.py
[2024-05-23T19:57:28.959+0000] {processor.py:830} INFO - Processing file /home/airflow/.local/lib/python3.12/site-packages/airflow/example_dags/example_time_delta_sensor_async.py for tasks to queue
[2024-05-23T19:57:28.962+0000] {logging_mixin.py:188} INFO - [2024-05-23T19:57:28.962+0000] {dagbag.py:545} INFO - Filling up the DagBag from /home/airflow/.local/lib/python3.12/site-packages/airflow/example_dags/example_time_delta_sensor_async.py
[2024-05-23T19:57:28.968+0000] {processor.py:840} INFO - DAG(s) 'example_time_delta_sensor_async' retrieved from /home/airflow/.local/lib/python3.12/site-packages/airflow/example_dags/example_time_delta_sensor_async.py
[2024-05-23T19:57:28.996+0000] {logging_mixin.py:188} INFO - [2024-05-23T19:57:28.996+0000] {dag.py:3096} INFO - Sync 1 DAGs
[2024-05-23T19:57:29.014+0000] {logging_mixin.py:188} INFO - [2024-05-23T19:57:29.014+0000] {dag.py:3954} INFO - Setting next_dagrun for example_time_delta_sensor_async to None, run_after=None
[2024-05-23T19:57:29.038+0000] {processor.py:183} INFO - Processing /home/airflow/.local/lib/python3.12/site-packages/airflow/example_dags/example_time_delta_sensor_async.py took 0.088 seconds
[2024-05-23T19:58:12.674+0000] {processor.py:161} INFO - Started process (PID=14820) to work on /home/airflow/.local/lib/python3.12/site-packages/airflow/example_dags/example_time_delta_sensor_async.py
[2024-05-23T19:58:12.675+0000] {processor.py:830} INFO - Processing file /home/airflow/.local/lib/python3.12/site-packages/airflow/example_dags/example_time_delta_sensor_async.py for tasks to queue
[2024-05-23T19:58:12.678+0000] {logging_mixin.py:188} INFO - [2024-05-23T19:58:12.677+0000] {dagbag.py:545} INFO - Filling up the DagBag from /home/airflow/.local/lib/python3.12/site-packages/airflow/example_dags/example_time_delta_sensor_async.py
[2024-05-23T19:58:12.684+0000] {processor.py:840} INFO - DAG(s) 'example_time_delta_sensor_async' retrieved from /home/airflow/.local/lib/python3.12/site-packages/airflow/example_dags/example_time_delta_sensor_async.py
[2024-05-23T19:58:12.716+0000] {logging_mixin.py:188} INFO - [2024-05-23T19:58:12.716+0000] {dag.py:3096} INFO - Sync 1 DAGs
[2024-05-23T19:58:12.735+0000] {logging_mixin.py:188} INFO - [2024-05-23T19:58:12.734+0000] {dag.py:3954} INFO - Setting next_dagrun for example_time_delta_sensor_async to None, run_after=None
[2024-05-23T19:58:12.764+0000] {processor.py:183} INFO - Processing /home/airflow/.local/lib/python3.12/site-packages/airflow/example_dags/example_time_delta_sensor_async.py took 0.099 seconds
[2024-05-23T20:03:44.654+0000] {processor.py:161} INFO - Started process (PID=15153) to work on /home/airflow/.local/lib/python3.12/site-packages/airflow/example_dags/example_time_delta_sensor_async.py
[2024-05-23T20:03:44.655+0000] {processor.py:830} INFO - Processing file /home/airflow/.local/lib/python3.12/site-packages/airflow/example_dags/example_time_delta_sensor_async.py for tasks to queue
[2024-05-23T20:03:44.657+0000] {logging_mixin.py:188} INFO - [2024-05-23T20:03:44.656+0000] {dagbag.py:545} INFO - Filling up the DagBag from /home/airflow/.local/lib/python3.12/site-packages/airflow/example_dags/example_time_delta_sensor_async.py
[2024-05-23T20:03:44.663+0000] {processor.py:840} INFO - DAG(s) 'example_time_delta_sensor_async' retrieved from /home/airflow/.local/lib/python3.12/site-packages/airflow/example_dags/example_time_delta_sensor_async.py
[2024-05-23T20:03:44.690+0000] {logging_mixin.py:188} INFO - [2024-05-23T20:03:44.690+0000] {dag.py:3096} INFO - Sync 1 DAGs
[2024-05-23T20:03:44.706+0000] {logging_mixin.py:188} INFO - [2024-05-23T20:03:44.706+0000] {dag.py:3954} INFO - Setting next_dagrun for example_time_delta_sensor_async to None, run_after=None
[2024-05-23T20:03:44.728+0000] {processor.py:183} INFO - Processing /home/airflow/.local/lib/python3.12/site-packages/airflow/example_dags/example_time_delta_sensor_async.py took 0.082 seconds
[2024-05-23T20:04:25.396+0000] {processor.py:161} INFO - Started process (PID=15415) to work on /home/airflow/.local/lib/python3.12/site-packages/airflow/example_dags/example_time_delta_sensor_async.py
[2024-05-23T20:04:25.402+0000] {processor.py:830} INFO - Processing file /home/airflow/.local/lib/python3.12/site-packages/airflow/example_dags/example_time_delta_sensor_async.py for tasks to queue
[2024-05-23T20:04:25.409+0000] {logging_mixin.py:188} INFO - [2024-05-23T20:04:25.407+0000] {dagbag.py:545} INFO - Filling up the DagBag from /home/airflow/.local/lib/python3.12/site-packages/airflow/example_dags/example_time_delta_sensor_async.py
[2024-05-23T20:04:25.434+0000] {processor.py:840} INFO - DAG(s) 'example_time_delta_sensor_async' retrieved from /home/airflow/.local/lib/python3.12/site-packages/airflow/example_dags/example_time_delta_sensor_async.py
[2024-05-23T20:04:25.540+0000] {logging_mixin.py:188} INFO - [2024-05-23T20:04:25.539+0000] {dag.py:3096} INFO - Sync 1 DAGs
[2024-05-23T20:04:25.609+0000] {logging_mixin.py:188} INFO - [2024-05-23T20:04:25.608+0000] {dag.py:3954} INFO - Setting next_dagrun for example_time_delta_sensor_async to None, run_after=None
[2024-05-23T20:04:25.700+0000] {processor.py:183} INFO - Processing /home/airflow/.local/lib/python3.12/site-packages/airflow/example_dags/example_time_delta_sensor_async.py took 0.338 seconds
[2024-05-23T20:08:15.920+0000] {processor.py:161} INFO - Started process (PID=15678) to work on /home/airflow/.local/lib/python3.12/site-packages/airflow/example_dags/example_time_delta_sensor_async.py
[2024-05-23T20:08:15.921+0000] {processor.py:830} INFO - Processing file /home/airflow/.local/lib/python3.12/site-packages/airflow/example_dags/example_time_delta_sensor_async.py for tasks to queue
[2024-05-23T20:08:15.923+0000] {logging_mixin.py:188} INFO - [2024-05-23T20:08:15.922+0000] {dagbag.py:545} INFO - Filling up the DagBag from /home/airflow/.local/lib/python3.12/site-packages/airflow/example_dags/example_time_delta_sensor_async.py
[2024-05-23T20:08:15.930+0000] {processor.py:840} INFO - DAG(s) 'example_time_delta_sensor_async' retrieved from /home/airflow/.local/lib/python3.12/site-packages/airflow/example_dags/example_time_delta_sensor_async.py
[2024-05-23T20:08:15.958+0000] {logging_mixin.py:188} INFO - [2024-05-23T20:08:15.958+0000] {dag.py:3096} INFO - Sync 1 DAGs
[2024-05-23T20:08:15.978+0000] {logging_mixin.py:188} INFO - [2024-05-23T20:08:15.977+0000] {dag.py:3954} INFO - Setting next_dagrun for example_time_delta_sensor_async to None, run_after=None
[2024-05-23T20:08:16.015+0000] {processor.py:183} INFO - Processing /home/airflow/.local/lib/python3.12/site-packages/airflow/example_dags/example_time_delta_sensor_async.py took 0.104 seconds
[2024-05-23T20:08:46.471+0000] {processor.py:161} INFO - Started process (PID=15942) to work on /home/airflow/.local/lib/python3.12/site-packages/airflow/example_dags/example_time_delta_sensor_async.py
[2024-05-23T20:08:46.474+0000] {processor.py:830} INFO - Processing file /home/airflow/.local/lib/python3.12/site-packages/airflow/example_dags/example_time_delta_sensor_async.py for tasks to queue
[2024-05-23T20:08:46.477+0000] {logging_mixin.py:188} INFO - [2024-05-23T20:08:46.477+0000] {dagbag.py:545} INFO - Filling up the DagBag from /home/airflow/.local/lib/python3.12/site-packages/airflow/example_dags/example_time_delta_sensor_async.py
[2024-05-23T20:08:46.487+0000] {processor.py:840} INFO - DAG(s) 'example_time_delta_sensor_async' retrieved from /home/airflow/.local/lib/python3.12/site-packages/airflow/example_dags/example_time_delta_sensor_async.py
[2024-05-23T20:08:46.529+0000] {logging_mixin.py:188} INFO - [2024-05-23T20:08:46.528+0000] {dag.py:3096} INFO - Sync 1 DAGs
[2024-05-23T20:08:46.549+0000] {logging_mixin.py:188} INFO - [2024-05-23T20:08:46.549+0000] {dag.py:3954} INFO - Setting next_dagrun for example_time_delta_sensor_async to None, run_after=None
[2024-05-23T20:08:46.577+0000] {processor.py:183} INFO - Processing /home/airflow/.local/lib/python3.12/site-packages/airflow/example_dags/example_time_delta_sensor_async.py took 0.118 seconds
[2024-05-23T20:09:16.616+0000] {processor.py:161} INFO - Started process (PID=16202) to work on /home/airflow/.local/lib/python3.12/site-packages/airflow/example_dags/example_time_delta_sensor_async.py
[2024-05-23T20:09:16.618+0000] {processor.py:830} INFO - Processing file /home/airflow/.local/lib/python3.12/site-packages/airflow/example_dags/example_time_delta_sensor_async.py for tasks to queue
[2024-05-23T20:09:16.619+0000] {logging_mixin.py:188} INFO - [2024-05-23T20:09:16.619+0000] {dagbag.py:545} INFO - Filling up the DagBag from /home/airflow/.local/lib/python3.12/site-packages/airflow/example_dags/example_time_delta_sensor_async.py
[2024-05-23T20:09:16.625+0000] {processor.py:840} INFO - DAG(s) 'example_time_delta_sensor_async' retrieved from /home/airflow/.local/lib/python3.12/site-packages/airflow/example_dags/example_time_delta_sensor_async.py
[2024-05-23T20:09:16.653+0000] {logging_mixin.py:188} INFO - [2024-05-23T20:09:16.653+0000] {dag.py:3096} INFO - Sync 1 DAGs
[2024-05-23T20:09:16.671+0000] {logging_mixin.py:188} INFO - [2024-05-23T20:09:16.671+0000] {dag.py:3954} INFO - Setting next_dagrun for example_time_delta_sensor_async to None, run_after=None
[2024-05-23T20:09:16.695+0000] {processor.py:183} INFO - Processing /home/airflow/.local/lib/python3.12/site-packages/airflow/example_dags/example_time_delta_sensor_async.py took 0.088 seconds
[2024-05-23T20:09:47.092+0000] {processor.py:161} INFO - Started process (PID=16464) to work on /home/airflow/.local/lib/python3.12/site-packages/airflow/example_dags/example_time_delta_sensor_async.py
[2024-05-23T20:09:47.094+0000] {processor.py:830} INFO - Processing file /home/airflow/.local/lib/python3.12/site-packages/airflow/example_dags/example_time_delta_sensor_async.py for tasks to queue
[2024-05-23T20:09:47.095+0000] {logging_mixin.py:188} INFO - [2024-05-23T20:09:47.095+0000] {dagbag.py:545} INFO - Filling up the DagBag from /home/airflow/.local/lib/python3.12/site-packages/airflow/example_dags/example_time_delta_sensor_async.py
[2024-05-23T20:09:47.102+0000] {processor.py:840} INFO - DAG(s) 'example_time_delta_sensor_async' retrieved from /home/airflow/.local/lib/python3.12/site-packages/airflow/example_dags/example_time_delta_sensor_async.py
[2024-05-23T20:09:47.128+0000] {logging_mixin.py:188} INFO - [2024-05-23T20:09:47.128+0000] {dag.py:3096} INFO - Sync 1 DAGs
[2024-05-23T20:09:47.146+0000] {logging_mixin.py:188} INFO - [2024-05-23T20:09:47.146+0000] {dag.py:3954} INFO - Setting next_dagrun for example_time_delta_sensor_async to None, run_after=None
[2024-05-23T20:09:47.170+0000] {processor.py:183} INFO - Processing /home/airflow/.local/lib/python3.12/site-packages/airflow/example_dags/example_time_delta_sensor_async.py took 0.086 seconds
[2024-05-23T20:10:17.669+0000] {processor.py:161} INFO - Started process (PID=16726) to work on /home/airflow/.local/lib/python3.12/site-packages/airflow/example_dags/example_time_delta_sensor_async.py
[2024-05-23T20:10:17.672+0000] {processor.py:830} INFO - Processing file /home/airflow/.local/lib/python3.12/site-packages/airflow/example_dags/example_time_delta_sensor_async.py for tasks to queue
[2024-05-23T20:10:17.673+0000] {logging_mixin.py:188} INFO - [2024-05-23T20:10:17.673+0000] {dagbag.py:545} INFO - Filling up the DagBag from /home/airflow/.local/lib/python3.12/site-packages/airflow/example_dags/example_time_delta_sensor_async.py
[2024-05-23T20:10:17.681+0000] {processor.py:840} INFO - DAG(s) 'example_time_delta_sensor_async' retrieved from /home/airflow/.local/lib/python3.12/site-packages/airflow/example_dags/example_time_delta_sensor_async.py
[2024-05-23T20:10:17.720+0000] {logging_mixin.py:188} INFO - [2024-05-23T20:10:17.719+0000] {dag.py:3096} INFO - Sync 1 DAGs
[2024-05-23T20:10:17.738+0000] {logging_mixin.py:188} INFO - [2024-05-23T20:10:17.738+0000] {dag.py:3954} INFO - Setting next_dagrun for example_time_delta_sensor_async to None, run_after=None
[2024-05-23T20:10:17.772+0000] {processor.py:183} INFO - Processing /home/airflow/.local/lib/python3.12/site-packages/airflow/example_dags/example_time_delta_sensor_async.py took 0.116 seconds
[2024-05-23T20:10:48.641+0000] {processor.py:161} INFO - Started process (PID=16988) to work on /home/airflow/.local/lib/python3.12/site-packages/airflow/example_dags/example_time_delta_sensor_async.py
[2024-05-23T20:10:48.642+0000] {processor.py:830} INFO - Processing file /home/airflow/.local/lib/python3.12/site-packages/airflow/example_dags/example_time_delta_sensor_async.py for tasks to queue
[2024-05-23T20:10:48.644+0000] {logging_mixin.py:188} INFO - [2024-05-23T20:10:48.643+0000] {dagbag.py:545} INFO - Filling up the DagBag from /home/airflow/.local/lib/python3.12/site-packages/airflow/example_dags/example_time_delta_sensor_async.py
[2024-05-23T20:10:48.650+0000] {processor.py:840} INFO - DAG(s) 'example_time_delta_sensor_async' retrieved from /home/airflow/.local/lib/python3.12/site-packages/airflow/example_dags/example_time_delta_sensor_async.py
[2024-05-23T20:10:48.681+0000] {logging_mixin.py:188} INFO - [2024-05-23T20:10:48.680+0000] {dag.py:3096} INFO - Sync 1 DAGs
[2024-05-23T20:10:48.697+0000] {logging_mixin.py:188} INFO - [2024-05-23T20:10:48.696+0000] {dag.py:3954} INFO - Setting next_dagrun for example_time_delta_sensor_async to None, run_after=None
[2024-05-23T20:10:48.724+0000] {processor.py:183} INFO - Processing /home/airflow/.local/lib/python3.12/site-packages/airflow/example_dags/example_time_delta_sensor_async.py took 0.091 seconds
[2024-05-23T20:11:19.638+0000] {processor.py:161} INFO - Started process (PID=17249) to work on /home/airflow/.local/lib/python3.12/site-packages/airflow/example_dags/example_time_delta_sensor_async.py
[2024-05-23T20:11:19.640+0000] {processor.py:830} INFO - Processing file /home/airflow/.local/lib/python3.12/site-packages/airflow/example_dags/example_time_delta_sensor_async.py for tasks to queue
[2024-05-23T20:11:19.641+0000] {logging_mixin.py:188} INFO - [2024-05-23T20:11:19.640+0000] {dagbag.py:545} INFO - Filling up the DagBag from /home/airflow/.local/lib/python3.12/site-packages/airflow/example_dags/example_time_delta_sensor_async.py
[2024-05-23T20:11:19.647+0000] {processor.py:840} INFO - DAG(s) 'example_time_delta_sensor_async' retrieved from /home/airflow/.local/lib/python3.12/site-packages/airflow/example_dags/example_time_delta_sensor_async.py
[2024-05-23T20:11:19.673+0000] {logging_mixin.py:188} INFO - [2024-05-23T20:11:19.673+0000] {dag.py:3096} INFO - Sync 1 DAGs
[2024-05-23T20:11:19.689+0000] {logging_mixin.py:188} INFO - [2024-05-23T20:11:19.689+0000] {dag.py:3954} INFO - Setting next_dagrun for example_time_delta_sensor_async to None, run_after=None
[2024-05-23T20:11:19.714+0000] {processor.py:183} INFO - Processing /home/airflow/.local/lib/python3.12/site-packages/airflow/example_dags/example_time_delta_sensor_async.py took 0.084 seconds
[2024-05-23T20:11:49.848+0000] {processor.py:161} INFO - Started process (PID=17511) to work on /home/airflow/.local/lib/python3.12/site-packages/airflow/example_dags/example_time_delta_sensor_async.py
[2024-05-23T20:11:49.850+0000] {processor.py:830} INFO - Processing file /home/airflow/.local/lib/python3.12/site-packages/airflow/example_dags/example_time_delta_sensor_async.py for tasks to queue
[2024-05-23T20:11:49.852+0000] {logging_mixin.py:188} INFO - [2024-05-23T20:11:49.851+0000] {dagbag.py:545} INFO - Filling up the DagBag from /home/airflow/.local/lib/python3.12/site-packages/airflow/example_dags/example_time_delta_sensor_async.py
[2024-05-23T20:11:49.859+0000] {processor.py:840} INFO - DAG(s) 'example_time_delta_sensor_async' retrieved from /home/airflow/.local/lib/python3.12/site-packages/airflow/example_dags/example_time_delta_sensor_async.py
[2024-05-23T20:11:49.890+0000] {logging_mixin.py:188} INFO - [2024-05-23T20:11:49.889+0000] {dag.py:3096} INFO - Sync 1 DAGs
[2024-05-23T20:11:49.906+0000] {logging_mixin.py:188} INFO - [2024-05-23T20:11:49.906+0000] {dag.py:3954} INFO - Setting next_dagrun for example_time_delta_sensor_async to None, run_after=None
[2024-05-23T20:11:49.924+0000] {processor.py:183} INFO - Processing /home/airflow/.local/lib/python3.12/site-packages/airflow/example_dags/example_time_delta_sensor_async.py took 0.085 seconds
[2024-05-23T20:12:21.227+0000] {processor.py:161} INFO - Started process (PID=17773) to work on /home/airflow/.local/lib/python3.12/site-packages/airflow/example_dags/example_time_delta_sensor_async.py
[2024-05-23T20:12:21.228+0000] {processor.py:830} INFO - Processing file /home/airflow/.local/lib/python3.12/site-packages/airflow/example_dags/example_time_delta_sensor_async.py for tasks to queue
[2024-05-23T20:12:21.230+0000] {logging_mixin.py:188} INFO - [2024-05-23T20:12:21.229+0000] {dagbag.py:545} INFO - Filling up the DagBag from /home/airflow/.local/lib/python3.12/site-packages/airflow/example_dags/example_time_delta_sensor_async.py
[2024-05-23T20:12:21.236+0000] {processor.py:840} INFO - DAG(s) 'example_time_delta_sensor_async' retrieved from /home/airflow/.local/lib/python3.12/site-packages/airflow/example_dags/example_time_delta_sensor_async.py
[2024-05-23T20:12:21.289+0000] {logging_mixin.py:188} INFO - [2024-05-23T20:12:21.288+0000] {dag.py:3096} INFO - Sync 1 DAGs
[2024-05-23T20:12:21.327+0000] {logging_mixin.py:188} INFO - [2024-05-23T20:12:21.327+0000] {dag.py:3954} INFO - Setting next_dagrun for example_time_delta_sensor_async to None, run_after=None
[2024-05-23T20:12:21.353+0000] {processor.py:183} INFO - Processing /home/airflow/.local/lib/python3.12/site-packages/airflow/example_dags/example_time_delta_sensor_async.py took 0.136 seconds
[2024-05-23T20:12:51.610+0000] {processor.py:161} INFO - Started process (PID=18035) to work on /home/airflow/.local/lib/python3.12/site-packages/airflow/example_dags/example_time_delta_sensor_async.py
[2024-05-23T20:12:51.612+0000] {processor.py:830} INFO - Processing file /home/airflow/.local/lib/python3.12/site-packages/airflow/example_dags/example_time_delta_sensor_async.py for tasks to queue
[2024-05-23T20:12:51.613+0000] {logging_mixin.py:188} INFO - [2024-05-23T20:12:51.613+0000] {dagbag.py:545} INFO - Filling up the DagBag from /home/airflow/.local/lib/python3.12/site-packages/airflow/example_dags/example_time_delta_sensor_async.py
[2024-05-23T20:12:51.620+0000] {processor.py:840} INFO - DAG(s) 'example_time_delta_sensor_async' retrieved from /home/airflow/.local/lib/python3.12/site-packages/airflow/example_dags/example_time_delta_sensor_async.py
[2024-05-23T20:12:51.649+0000] {logging_mixin.py:188} INFO - [2024-05-23T20:12:51.649+0000] {dag.py:3096} INFO - Sync 1 DAGs
[2024-05-23T20:12:51.669+0000] {logging_mixin.py:188} INFO - [2024-05-23T20:12:51.669+0000] {dag.py:3954} INFO - Setting next_dagrun for example_time_delta_sensor_async to None, run_after=None
[2024-05-23T20:12:51.701+0000] {processor.py:183} INFO - Processing /home/airflow/.local/lib/python3.12/site-packages/airflow/example_dags/example_time_delta_sensor_async.py took 0.101 seconds
[2024-05-23T20:13:21.902+0000] {processor.py:161} INFO - Started process (PID=18297) to work on /home/airflow/.local/lib/python3.12/site-packages/airflow/example_dags/example_time_delta_sensor_async.py
[2024-05-23T20:13:21.903+0000] {processor.py:830} INFO - Processing file /home/airflow/.local/lib/python3.12/site-packages/airflow/example_dags/example_time_delta_sensor_async.py for tasks to queue
[2024-05-23T20:13:21.904+0000] {logging_mixin.py:188} INFO - [2024-05-23T20:13:21.904+0000] {dagbag.py:545} INFO - Filling up the DagBag from /home/airflow/.local/lib/python3.12/site-packages/airflow/example_dags/example_time_delta_sensor_async.py
[2024-05-23T20:13:21.911+0000] {processor.py:840} INFO - DAG(s) 'example_time_delta_sensor_async' retrieved from /home/airflow/.local/lib/python3.12/site-packages/airflow/example_dags/example_time_delta_sensor_async.py
[2024-05-23T20:13:21.937+0000] {logging_mixin.py:188} INFO - [2024-05-23T20:13:21.936+0000] {dag.py:3096} INFO - Sync 1 DAGs
[2024-05-23T20:13:21.955+0000] {logging_mixin.py:188} INFO - [2024-05-23T20:13:21.955+0000] {dag.py:3954} INFO - Setting next_dagrun for example_time_delta_sensor_async to None, run_after=None
[2024-05-23T20:13:21.977+0000] {processor.py:183} INFO - Processing /home/airflow/.local/lib/python3.12/site-packages/airflow/example_dags/example_time_delta_sensor_async.py took 0.084 seconds
