[2024-05-23T19:29:49.216+0000] {processor.py:161} INFO - Started process (PID=242) to work on /home/airflow/.local/lib/python3.12/site-packages/airflow/example_dags/example_task_group_decorator.py
[2024-05-23T19:29:49.218+0000] {processor.py:830} INFO - Processing file /home/airflow/.local/lib/python3.12/site-packages/airflow/example_dags/example_task_group_decorator.py for tasks to queue
[2024-05-23T19:29:49.222+0000] {logging_mixin.py:188} INFO - [2024-05-23T19:29:49.221+0000] {dagbag.py:545} INFO - Filling up the DagBag from /home/airflow/.local/lib/python3.12/site-packages/airflow/example_dags/example_task_group_decorator.py
[2024-05-23T19:29:49.250+0000] {processor.py:840} INFO - DAG(s) 'example_task_group_decorator' retrieved from /home/airflow/.local/lib/python3.12/site-packages/airflow/example_dags/example_task_group_decorator.py
[2024-05-23T19:29:49.623+0000] {logging_mixin.py:188} INFO - [2024-05-23T19:29:49.623+0000] {dag.py:3096} INFO - Sync 1 DAGs
[2024-05-23T19:29:49.672+0000] {logging_mixin.py:188} INFO - [2024-05-23T19:29:49.671+0000] {dag.py:3954} INFO - Setting next_dagrun for example_task_group_decorator to 2024-05-22 00:00:00+00:00, run_after=2024-05-23 00:00:00+00:00
[2024-05-23T19:29:49.712+0000] {processor.py:183} INFO - Processing /home/airflow/.local/lib/python3.12/site-packages/airflow/example_dags/example_task_group_decorator.py took 0.514 seconds
[2024-05-23T19:30:20.714+0000] {processor.py:161} INFO - Started process (PID=504) to work on /home/airflow/.local/lib/python3.12/site-packages/airflow/example_dags/example_task_group_decorator.py
[2024-05-23T19:30:20.717+0000] {processor.py:830} INFO - Processing file /home/airflow/.local/lib/python3.12/site-packages/airflow/example_dags/example_task_group_decorator.py for tasks to queue
[2024-05-23T19:30:20.722+0000] {logging_mixin.py:188} INFO - [2024-05-23T19:30:20.721+0000] {dagbag.py:545} INFO - Filling up the DagBag from /home/airflow/.local/lib/python3.12/site-packages/airflow/example_dags/example_task_group_decorator.py
[2024-05-23T19:30:20.761+0000] {processor.py:840} INFO - DAG(s) 'example_task_group_decorator' retrieved from /home/airflow/.local/lib/python3.12/site-packages/airflow/example_dags/example_task_group_decorator.py
[2024-05-23T19:30:20.830+0000] {logging_mixin.py:188} INFO - [2024-05-23T19:30:20.829+0000] {dag.py:3096} INFO - Sync 1 DAGs
[2024-05-23T19:30:20.889+0000] {logging_mixin.py:188} INFO - [2024-05-23T19:30:20.889+0000] {dag.py:3954} INFO - Setting next_dagrun for example_task_group_decorator to 2024-05-22 00:00:00+00:00, run_after=2024-05-23 00:00:00+00:00
[2024-05-23T19:30:20.934+0000] {processor.py:183} INFO - Processing /home/airflow/.local/lib/python3.12/site-packages/airflow/example_dags/example_task_group_decorator.py took 0.234 seconds
[2024-05-23T19:30:51.201+0000] {processor.py:161} INFO - Started process (PID=766) to work on /home/airflow/.local/lib/python3.12/site-packages/airflow/example_dags/example_task_group_decorator.py
[2024-05-23T19:30:51.204+0000] {processor.py:830} INFO - Processing file /home/airflow/.local/lib/python3.12/site-packages/airflow/example_dags/example_task_group_decorator.py for tasks to queue
[2024-05-23T19:30:51.207+0000] {logging_mixin.py:188} INFO - [2024-05-23T19:30:51.207+0000] {dagbag.py:545} INFO - Filling up the DagBag from /home/airflow/.local/lib/python3.12/site-packages/airflow/example_dags/example_task_group_decorator.py
[2024-05-23T19:30:51.245+0000] {processor.py:840} INFO - DAG(s) 'example_task_group_decorator' retrieved from /home/airflow/.local/lib/python3.12/site-packages/airflow/example_dags/example_task_group_decorator.py
[2024-05-23T19:30:51.289+0000] {logging_mixin.py:188} INFO - [2024-05-23T19:30:51.289+0000] {dag.py:3096} INFO - Sync 1 DAGs
[2024-05-23T19:30:51.328+0000] {logging_mixin.py:188} INFO - [2024-05-23T19:30:51.328+0000] {dag.py:3954} INFO - Setting next_dagrun for example_task_group_decorator to 2024-05-22 00:00:00+00:00, run_after=2024-05-23 00:00:00+00:00
[2024-05-23T19:30:51.361+0000] {processor.py:183} INFO - Processing /home/airflow/.local/lib/python3.12/site-packages/airflow/example_dags/example_task_group_decorator.py took 0.172 seconds
[2024-05-23T19:31:21.489+0000] {processor.py:161} INFO - Started process (PID=1030) to work on /home/airflow/.local/lib/python3.12/site-packages/airflow/example_dags/example_task_group_decorator.py
[2024-05-23T19:31:21.491+0000] {processor.py:830} INFO - Processing file /home/airflow/.local/lib/python3.12/site-packages/airflow/example_dags/example_task_group_decorator.py for tasks to queue
[2024-05-23T19:31:21.494+0000] {logging_mixin.py:188} INFO - [2024-05-23T19:31:21.493+0000] {dagbag.py:545} INFO - Filling up the DagBag from /home/airflow/.local/lib/python3.12/site-packages/airflow/example_dags/example_task_group_decorator.py
[2024-05-23T19:31:21.517+0000] {processor.py:840} INFO - DAG(s) 'example_task_group_decorator' retrieved from /home/airflow/.local/lib/python3.12/site-packages/airflow/example_dags/example_task_group_decorator.py
[2024-05-23T19:31:21.557+0000] {logging_mixin.py:188} INFO - [2024-05-23T19:31:21.557+0000] {dag.py:3096} INFO - Sync 1 DAGs
[2024-05-23T19:31:21.590+0000] {logging_mixin.py:188} INFO - [2024-05-23T19:31:21.590+0000] {dag.py:3954} INFO - Setting next_dagrun for example_task_group_decorator to 2024-05-22 00:00:00+00:00, run_after=2024-05-23 00:00:00+00:00
[2024-05-23T19:31:21.617+0000] {processor.py:183} INFO - Processing /home/airflow/.local/lib/python3.12/site-packages/airflow/example_dags/example_task_group_decorator.py took 0.137 seconds
[2024-05-23T19:31:51.750+0000] {processor.py:161} INFO - Started process (PID=1292) to work on /home/airflow/.local/lib/python3.12/site-packages/airflow/example_dags/example_task_group_decorator.py
[2024-05-23T19:31:51.752+0000] {processor.py:830} INFO - Processing file /home/airflow/.local/lib/python3.12/site-packages/airflow/example_dags/example_task_group_decorator.py for tasks to queue
[2024-05-23T19:31:51.755+0000] {logging_mixin.py:188} INFO - [2024-05-23T19:31:51.754+0000] {dagbag.py:545} INFO - Filling up the DagBag from /home/airflow/.local/lib/python3.12/site-packages/airflow/example_dags/example_task_group_decorator.py
[2024-05-23T19:31:51.778+0000] {processor.py:840} INFO - DAG(s) 'example_task_group_decorator' retrieved from /home/airflow/.local/lib/python3.12/site-packages/airflow/example_dags/example_task_group_decorator.py
[2024-05-23T19:31:51.818+0000] {logging_mixin.py:188} INFO - [2024-05-23T19:31:51.817+0000] {dag.py:3096} INFO - Sync 1 DAGs
[2024-05-23T19:31:51.852+0000] {logging_mixin.py:188} INFO - [2024-05-23T19:31:51.851+0000] {dag.py:3954} INFO - Setting next_dagrun for example_task_group_decorator to 2024-05-22 00:00:00+00:00, run_after=2024-05-23 00:00:00+00:00
[2024-05-23T19:31:51.877+0000] {processor.py:183} INFO - Processing /home/airflow/.local/lib/python3.12/site-packages/airflow/example_dags/example_task_group_decorator.py took 0.137 seconds
[2024-05-23T19:32:22.222+0000] {processor.py:161} INFO - Started process (PID=1552) to work on /home/airflow/.local/lib/python3.12/site-packages/airflow/example_dags/example_task_group_decorator.py
[2024-05-23T19:32:22.224+0000] {processor.py:830} INFO - Processing file /home/airflow/.local/lib/python3.12/site-packages/airflow/example_dags/example_task_group_decorator.py for tasks to queue
[2024-05-23T19:32:22.227+0000] {logging_mixin.py:188} INFO - [2024-05-23T19:32:22.226+0000] {dagbag.py:545} INFO - Filling up the DagBag from /home/airflow/.local/lib/python3.12/site-packages/airflow/example_dags/example_task_group_decorator.py
[2024-05-23T19:32:22.259+0000] {processor.py:840} INFO - DAG(s) 'example_task_group_decorator' retrieved from /home/airflow/.local/lib/python3.12/site-packages/airflow/example_dags/example_task_group_decorator.py
[2024-05-23T19:32:22.309+0000] {logging_mixin.py:188} INFO - [2024-05-23T19:32:22.309+0000] {dag.py:3096} INFO - Sync 1 DAGs
[2024-05-23T19:32:22.355+0000] {logging_mixin.py:188} INFO - [2024-05-23T19:32:22.355+0000] {dag.py:3954} INFO - Setting next_dagrun for example_task_group_decorator to 2024-05-22 00:00:00+00:00, run_after=2024-05-23 00:00:00+00:00
[2024-05-23T19:32:22.399+0000] {processor.py:183} INFO - Processing /home/airflow/.local/lib/python3.12/site-packages/airflow/example_dags/example_task_group_decorator.py took 0.188 seconds
[2024-05-23T19:32:53.374+0000] {processor.py:161} INFO - Started process (PID=1816) to work on /home/airflow/.local/lib/python3.12/site-packages/airflow/example_dags/example_task_group_decorator.py
[2024-05-23T19:32:53.376+0000] {processor.py:830} INFO - Processing file /home/airflow/.local/lib/python3.12/site-packages/airflow/example_dags/example_task_group_decorator.py for tasks to queue
[2024-05-23T19:32:53.379+0000] {logging_mixin.py:188} INFO - [2024-05-23T19:32:53.379+0000] {dagbag.py:545} INFO - Filling up the DagBag from /home/airflow/.local/lib/python3.12/site-packages/airflow/example_dags/example_task_group_decorator.py
[2024-05-23T19:32:53.404+0000] {processor.py:840} INFO - DAG(s) 'example_task_group_decorator' retrieved from /home/airflow/.local/lib/python3.12/site-packages/airflow/example_dags/example_task_group_decorator.py
[2024-05-23T19:32:53.445+0000] {logging_mixin.py:188} INFO - [2024-05-23T19:32:53.445+0000] {dag.py:3096} INFO - Sync 1 DAGs
[2024-05-23T19:32:53.485+0000] {logging_mixin.py:188} INFO - [2024-05-23T19:32:53.484+0000] {dag.py:3954} INFO - Setting next_dagrun for example_task_group_decorator to 2024-05-22 00:00:00+00:00, run_after=2024-05-23 00:00:00+00:00
[2024-05-23T19:32:53.516+0000] {processor.py:183} INFO - Processing /home/airflow/.local/lib/python3.12/site-packages/airflow/example_dags/example_task_group_decorator.py took 0.152 seconds
[2024-05-23T19:33:23.943+0000] {processor.py:161} INFO - Started process (PID=2078) to work on /home/airflow/.local/lib/python3.12/site-packages/airflow/example_dags/example_task_group_decorator.py
[2024-05-23T19:33:23.945+0000] {processor.py:830} INFO - Processing file /home/airflow/.local/lib/python3.12/site-packages/airflow/example_dags/example_task_group_decorator.py for tasks to queue
[2024-05-23T19:33:23.948+0000] {logging_mixin.py:188} INFO - [2024-05-23T19:33:23.947+0000] {dagbag.py:545} INFO - Filling up the DagBag from /home/airflow/.local/lib/python3.12/site-packages/airflow/example_dags/example_task_group_decorator.py
[2024-05-23T19:33:23.971+0000] {processor.py:840} INFO - DAG(s) 'example_task_group_decorator' retrieved from /home/airflow/.local/lib/python3.12/site-packages/airflow/example_dags/example_task_group_decorator.py
[2024-05-23T19:33:24.010+0000] {logging_mixin.py:188} INFO - [2024-05-23T19:33:24.010+0000] {dag.py:3096} INFO - Sync 1 DAGs
[2024-05-23T19:33:24.044+0000] {logging_mixin.py:188} INFO - [2024-05-23T19:33:24.044+0000] {dag.py:3954} INFO - Setting next_dagrun for example_task_group_decorator to 2024-05-22 00:00:00+00:00, run_after=2024-05-23 00:00:00+00:00
[2024-05-23T19:33:24.071+0000] {processor.py:183} INFO - Processing /home/airflow/.local/lib/python3.12/site-packages/airflow/example_dags/example_task_group_decorator.py took 0.137 seconds
[2024-05-23T19:33:54.362+0000] {processor.py:161} INFO - Started process (PID=2340) to work on /home/airflow/.local/lib/python3.12/site-packages/airflow/example_dags/example_task_group_decorator.py
[2024-05-23T19:33:54.363+0000] {processor.py:830} INFO - Processing file /home/airflow/.local/lib/python3.12/site-packages/airflow/example_dags/example_task_group_decorator.py for tasks to queue
[2024-05-23T19:33:54.367+0000] {logging_mixin.py:188} INFO - [2024-05-23T19:33:54.366+0000] {dagbag.py:545} INFO - Filling up the DagBag from /home/airflow/.local/lib/python3.12/site-packages/airflow/example_dags/example_task_group_decorator.py
[2024-05-23T19:33:54.394+0000] {processor.py:840} INFO - DAG(s) 'example_task_group_decorator' retrieved from /home/airflow/.local/lib/python3.12/site-packages/airflow/example_dags/example_task_group_decorator.py
[2024-05-23T19:33:54.439+0000] {logging_mixin.py:188} INFO - [2024-05-23T19:33:54.439+0000] {dag.py:3096} INFO - Sync 1 DAGs
[2024-05-23T19:33:54.478+0000] {logging_mixin.py:188} INFO - [2024-05-23T19:33:54.478+0000] {dag.py:3954} INFO - Setting next_dagrun for example_task_group_decorator to 2024-05-22 00:00:00+00:00, run_after=2024-05-23 00:00:00+00:00
[2024-05-23T19:33:54.508+0000] {processor.py:183} INFO - Processing /home/airflow/.local/lib/python3.12/site-packages/airflow/example_dags/example_task_group_decorator.py took 0.159 seconds
[2024-05-23T19:34:25.171+0000] {processor.py:161} INFO - Started process (PID=2601) to work on /home/airflow/.local/lib/python3.12/site-packages/airflow/example_dags/example_task_group_decorator.py
[2024-05-23T19:34:25.173+0000] {processor.py:830} INFO - Processing file /home/airflow/.local/lib/python3.12/site-packages/airflow/example_dags/example_task_group_decorator.py for tasks to queue
[2024-05-23T19:34:25.176+0000] {logging_mixin.py:188} INFO - [2024-05-23T19:34:25.176+0000] {dagbag.py:545} INFO - Filling up the DagBag from /home/airflow/.local/lib/python3.12/site-packages/airflow/example_dags/example_task_group_decorator.py
[2024-05-23T19:34:25.201+0000] {processor.py:840} INFO - DAG(s) 'example_task_group_decorator' retrieved from /home/airflow/.local/lib/python3.12/site-packages/airflow/example_dags/example_task_group_decorator.py
[2024-05-23T19:34:25.249+0000] {logging_mixin.py:188} INFO - [2024-05-23T19:34:25.248+0000] {dag.py:3096} INFO - Sync 1 DAGs
[2024-05-23T19:34:25.287+0000] {logging_mixin.py:188} INFO - [2024-05-23T19:34:25.287+0000] {dag.py:3954} INFO - Setting next_dagrun for example_task_group_decorator to 2024-05-22 00:00:00+00:00, run_after=2024-05-23 00:00:00+00:00
[2024-05-23T19:34:25.317+0000] {processor.py:183} INFO - Processing /home/airflow/.local/lib/python3.12/site-packages/airflow/example_dags/example_task_group_decorator.py took 0.155 seconds
[2024-05-23T19:34:55.713+0000] {processor.py:161} INFO - Started process (PID=2878) to work on /home/airflow/.local/lib/python3.12/site-packages/airflow/example_dags/example_task_group_decorator.py
[2024-05-23T19:34:55.718+0000] {processor.py:830} INFO - Processing file /home/airflow/.local/lib/python3.12/site-packages/airflow/example_dags/example_task_group_decorator.py for tasks to queue
[2024-05-23T19:34:55.729+0000] {logging_mixin.py:188} INFO - [2024-05-23T19:34:55.727+0000] {dagbag.py:545} INFO - Filling up the DagBag from /home/airflow/.local/lib/python3.12/site-packages/airflow/example_dags/example_task_group_decorator.py
[2024-05-23T19:34:55.801+0000] {processor.py:840} INFO - DAG(s) 'example_task_group_decorator' retrieved from /home/airflow/.local/lib/python3.12/site-packages/airflow/example_dags/example_task_group_decorator.py
[2024-05-23T19:34:55.878+0000] {logging_mixin.py:188} INFO - [2024-05-23T19:34:55.878+0000] {dag.py:3096} INFO - Sync 1 DAGs
[2024-05-23T19:34:55.935+0000] {logging_mixin.py:188} INFO - [2024-05-23T19:34:55.934+0000] {dag.py:3954} INFO - Setting next_dagrun for example_task_group_decorator to 2024-05-22 00:00:00+00:00, run_after=2024-05-23 00:00:00+00:00
[2024-05-23T19:34:55.979+0000] {processor.py:183} INFO - Processing /home/airflow/.local/lib/python3.12/site-packages/airflow/example_dags/example_task_group_decorator.py took 0.302 seconds
[2024-05-23T19:35:26.164+0000] {processor.py:161} INFO - Started process (PID=3150) to work on /home/airflow/.local/lib/python3.12/site-packages/airflow/example_dags/example_task_group_decorator.py
[2024-05-23T19:35:26.166+0000] {processor.py:830} INFO - Processing file /home/airflow/.local/lib/python3.12/site-packages/airflow/example_dags/example_task_group_decorator.py for tasks to queue
[2024-05-23T19:35:26.169+0000] {logging_mixin.py:188} INFO - [2024-05-23T19:35:26.168+0000] {dagbag.py:545} INFO - Filling up the DagBag from /home/airflow/.local/lib/python3.12/site-packages/airflow/example_dags/example_task_group_decorator.py
[2024-05-23T19:35:26.196+0000] {processor.py:840} INFO - DAG(s) 'example_task_group_decorator' retrieved from /home/airflow/.local/lib/python3.12/site-packages/airflow/example_dags/example_task_group_decorator.py
[2024-05-23T19:35:26.238+0000] {logging_mixin.py:188} INFO - [2024-05-23T19:35:26.238+0000] {dag.py:3096} INFO - Sync 1 DAGs
[2024-05-23T19:35:26.276+0000] {logging_mixin.py:188} INFO - [2024-05-23T19:35:26.276+0000] {dag.py:3954} INFO - Setting next_dagrun for example_task_group_decorator to 2024-05-22 00:00:00+00:00, run_after=2024-05-23 00:00:00+00:00
[2024-05-23T19:35:26.309+0000] {processor.py:183} INFO - Processing /home/airflow/.local/lib/python3.12/site-packages/airflow/example_dags/example_task_group_decorator.py took 0.155 seconds
[2024-05-23T19:35:56.369+0000] {processor.py:161} INFO - Started process (PID=3412) to work on /home/airflow/.local/lib/python3.12/site-packages/airflow/example_dags/example_task_group_decorator.py
[2024-05-23T19:35:56.371+0000] {processor.py:830} INFO - Processing file /home/airflow/.local/lib/python3.12/site-packages/airflow/example_dags/example_task_group_decorator.py for tasks to queue
[2024-05-23T19:35:56.374+0000] {logging_mixin.py:188} INFO - [2024-05-23T19:35:56.373+0000] {dagbag.py:545} INFO - Filling up the DagBag from /home/airflow/.local/lib/python3.12/site-packages/airflow/example_dags/example_task_group_decorator.py
[2024-05-23T19:35:56.397+0000] {processor.py:840} INFO - DAG(s) 'example_task_group_decorator' retrieved from /home/airflow/.local/lib/python3.12/site-packages/airflow/example_dags/example_task_group_decorator.py
[2024-05-23T19:35:56.437+0000] {logging_mixin.py:188} INFO - [2024-05-23T19:35:56.436+0000] {dag.py:3096} INFO - Sync 1 DAGs
[2024-05-23T19:35:56.469+0000] {logging_mixin.py:188} INFO - [2024-05-23T19:35:56.469+0000] {dag.py:3954} INFO - Setting next_dagrun for example_task_group_decorator to 2024-05-22 00:00:00+00:00, run_after=2024-05-23 00:00:00+00:00
[2024-05-23T19:35:56.497+0000] {processor.py:183} INFO - Processing /home/airflow/.local/lib/python3.12/site-packages/airflow/example_dags/example_task_group_decorator.py took 0.139 seconds
[2024-05-23T19:36:26.778+0000] {processor.py:161} INFO - Started process (PID=3674) to work on /home/airflow/.local/lib/python3.12/site-packages/airflow/example_dags/example_task_group_decorator.py
[2024-05-23T19:36:26.779+0000] {processor.py:830} INFO - Processing file /home/airflow/.local/lib/python3.12/site-packages/airflow/example_dags/example_task_group_decorator.py for tasks to queue
[2024-05-23T19:36:26.781+0000] {logging_mixin.py:188} INFO - [2024-05-23T19:36:26.781+0000] {dagbag.py:545} INFO - Filling up the DagBag from /home/airflow/.local/lib/python3.12/site-packages/airflow/example_dags/example_task_group_decorator.py
[2024-05-23T19:36:26.808+0000] {processor.py:840} INFO - DAG(s) 'example_task_group_decorator' retrieved from /home/airflow/.local/lib/python3.12/site-packages/airflow/example_dags/example_task_group_decorator.py
[2024-05-23T19:36:26.841+0000] {logging_mixin.py:188} INFO - [2024-05-23T19:36:26.840+0000] {dag.py:3096} INFO - Sync 1 DAGs
[2024-05-23T19:36:26.874+0000] {logging_mixin.py:188} INFO - [2024-05-23T19:36:26.873+0000] {dag.py:3954} INFO - Setting next_dagrun for example_task_group_decorator to 2024-05-22 00:00:00+00:00, run_after=2024-05-23 00:00:00+00:00
[2024-05-23T19:36:26.901+0000] {processor.py:183} INFO - Processing /home/airflow/.local/lib/python3.12/site-packages/airflow/example_dags/example_task_group_decorator.py took 0.132 seconds
[2024-05-23T19:36:57.033+0000] {processor.py:161} INFO - Started process (PID=3936) to work on /home/airflow/.local/lib/python3.12/site-packages/airflow/example_dags/example_task_group_decorator.py
[2024-05-23T19:36:57.035+0000] {processor.py:830} INFO - Processing file /home/airflow/.local/lib/python3.12/site-packages/airflow/example_dags/example_task_group_decorator.py for tasks to queue
[2024-05-23T19:36:57.038+0000] {logging_mixin.py:188} INFO - [2024-05-23T19:36:57.037+0000] {dagbag.py:545} INFO - Filling up the DagBag from /home/airflow/.local/lib/python3.12/site-packages/airflow/example_dags/example_task_group_decorator.py
[2024-05-23T19:36:57.061+0000] {processor.py:840} INFO - DAG(s) 'example_task_group_decorator' retrieved from /home/airflow/.local/lib/python3.12/site-packages/airflow/example_dags/example_task_group_decorator.py
[2024-05-23T19:36:57.100+0000] {logging_mixin.py:188} INFO - [2024-05-23T19:36:57.100+0000] {dag.py:3096} INFO - Sync 1 DAGs
[2024-05-23T19:36:57.136+0000] {logging_mixin.py:188} INFO - [2024-05-23T19:36:57.136+0000] {dag.py:3954} INFO - Setting next_dagrun for example_task_group_decorator to 2024-05-22 00:00:00+00:00, run_after=2024-05-23 00:00:00+00:00
[2024-05-23T19:36:57.172+0000] {processor.py:183} INFO - Processing /home/airflow/.local/lib/python3.12/site-packages/airflow/example_dags/example_task_group_decorator.py took 0.149 seconds
[2024-05-23T19:37:27.289+0000] {processor.py:161} INFO - Started process (PID=4198) to work on /home/airflow/.local/lib/python3.12/site-packages/airflow/example_dags/example_task_group_decorator.py
[2024-05-23T19:37:27.291+0000] {processor.py:830} INFO - Processing file /home/airflow/.local/lib/python3.12/site-packages/airflow/example_dags/example_task_group_decorator.py for tasks to queue
[2024-05-23T19:37:27.296+0000] {logging_mixin.py:188} INFO - [2024-05-23T19:37:27.295+0000] {dagbag.py:545} INFO - Filling up the DagBag from /home/airflow/.local/lib/python3.12/site-packages/airflow/example_dags/example_task_group_decorator.py
[2024-05-23T19:37:27.320+0000] {processor.py:840} INFO - DAG(s) 'example_task_group_decorator' retrieved from /home/airflow/.local/lib/python3.12/site-packages/airflow/example_dags/example_task_group_decorator.py
[2024-05-23T19:37:27.366+0000] {logging_mixin.py:188} INFO - [2024-05-23T19:37:27.366+0000] {dag.py:3096} INFO - Sync 1 DAGs
[2024-05-23T19:37:27.405+0000] {logging_mixin.py:188} INFO - [2024-05-23T19:37:27.404+0000] {dag.py:3954} INFO - Setting next_dagrun for example_task_group_decorator to 2024-05-22 00:00:00+00:00, run_after=2024-05-23 00:00:00+00:00
[2024-05-23T19:37:27.439+0000] {processor.py:183} INFO - Processing /home/airflow/.local/lib/python3.12/site-packages/airflow/example_dags/example_task_group_decorator.py took 0.158 seconds
[2024-05-23T19:37:57.601+0000] {processor.py:161} INFO - Started process (PID=4460) to work on /home/airflow/.local/lib/python3.12/site-packages/airflow/example_dags/example_task_group_decorator.py
[2024-05-23T19:37:57.603+0000] {processor.py:830} INFO - Processing file /home/airflow/.local/lib/python3.12/site-packages/airflow/example_dags/example_task_group_decorator.py for tasks to queue
[2024-05-23T19:37:57.606+0000] {logging_mixin.py:188} INFO - [2024-05-23T19:37:57.605+0000] {dagbag.py:545} INFO - Filling up the DagBag from /home/airflow/.local/lib/python3.12/site-packages/airflow/example_dags/example_task_group_decorator.py
[2024-05-23T19:37:57.629+0000] {processor.py:840} INFO - DAG(s) 'example_task_group_decorator' retrieved from /home/airflow/.local/lib/python3.12/site-packages/airflow/example_dags/example_task_group_decorator.py
[2024-05-23T19:37:57.669+0000] {logging_mixin.py:188} INFO - [2024-05-23T19:37:57.669+0000] {dag.py:3096} INFO - Sync 1 DAGs
[2024-05-23T19:37:57.702+0000] {logging_mixin.py:188} INFO - [2024-05-23T19:37:57.702+0000] {dag.py:3954} INFO - Setting next_dagrun for example_task_group_decorator to 2024-05-22 00:00:00+00:00, run_after=2024-05-23 00:00:00+00:00
[2024-05-23T19:37:57.729+0000] {processor.py:183} INFO - Processing /home/airflow/.local/lib/python3.12/site-packages/airflow/example_dags/example_task_group_decorator.py took 0.137 seconds
[2024-05-23T19:38:28.009+0000] {processor.py:161} INFO - Started process (PID=4722) to work on /home/airflow/.local/lib/python3.12/site-packages/airflow/example_dags/example_task_group_decorator.py
[2024-05-23T19:38:28.010+0000] {processor.py:830} INFO - Processing file /home/airflow/.local/lib/python3.12/site-packages/airflow/example_dags/example_task_group_decorator.py for tasks to queue
[2024-05-23T19:38:28.013+0000] {logging_mixin.py:188} INFO - [2024-05-23T19:38:28.013+0000] {dagbag.py:545} INFO - Filling up the DagBag from /home/airflow/.local/lib/python3.12/site-packages/airflow/example_dags/example_task_group_decorator.py
[2024-05-23T19:38:28.036+0000] {processor.py:840} INFO - DAG(s) 'example_task_group_decorator' retrieved from /home/airflow/.local/lib/python3.12/site-packages/airflow/example_dags/example_task_group_decorator.py
[2024-05-23T19:38:28.074+0000] {logging_mixin.py:188} INFO - [2024-05-23T19:38:28.074+0000] {dag.py:3096} INFO - Sync 1 DAGs
[2024-05-23T19:38:28.108+0000] {logging_mixin.py:188} INFO - [2024-05-23T19:38:28.107+0000] {dag.py:3954} INFO - Setting next_dagrun for example_task_group_decorator to 2024-05-22 00:00:00+00:00, run_after=2024-05-23 00:00:00+00:00
[2024-05-23T19:38:28.133+0000] {processor.py:183} INFO - Processing /home/airflow/.local/lib/python3.12/site-packages/airflow/example_dags/example_task_group_decorator.py took 0.133 seconds
[2024-05-23T19:38:58.436+0000] {processor.py:161} INFO - Started process (PID=4984) to work on /home/airflow/.local/lib/python3.12/site-packages/airflow/example_dags/example_task_group_decorator.py
[2024-05-23T19:38:58.437+0000] {processor.py:830} INFO - Processing file /home/airflow/.local/lib/python3.12/site-packages/airflow/example_dags/example_task_group_decorator.py for tasks to queue
[2024-05-23T19:38:58.441+0000] {logging_mixin.py:188} INFO - [2024-05-23T19:38:58.440+0000] {dagbag.py:545} INFO - Filling up the DagBag from /home/airflow/.local/lib/python3.12/site-packages/airflow/example_dags/example_task_group_decorator.py
[2024-05-23T19:38:58.470+0000] {processor.py:840} INFO - DAG(s) 'example_task_group_decorator' retrieved from /home/airflow/.local/lib/python3.12/site-packages/airflow/example_dags/example_task_group_decorator.py
[2024-05-23T19:38:58.509+0000] {logging_mixin.py:188} INFO - [2024-05-23T19:38:58.509+0000] {dag.py:3096} INFO - Sync 1 DAGs
[2024-05-23T19:38:58.543+0000] {logging_mixin.py:188} INFO - [2024-05-23T19:38:58.543+0000] {dag.py:3954} INFO - Setting next_dagrun for example_task_group_decorator to 2024-05-22 00:00:00+00:00, run_after=2024-05-23 00:00:00+00:00
[2024-05-23T19:38:58.570+0000] {processor.py:183} INFO - Processing /home/airflow/.local/lib/python3.12/site-packages/airflow/example_dags/example_task_group_decorator.py took 0.143 seconds
[2024-05-23T19:39:29.155+0000] {processor.py:161} INFO - Started process (PID=5246) to work on /home/airflow/.local/lib/python3.12/site-packages/airflow/example_dags/example_task_group_decorator.py
[2024-05-23T19:39:29.157+0000] {processor.py:830} INFO - Processing file /home/airflow/.local/lib/python3.12/site-packages/airflow/example_dags/example_task_group_decorator.py for tasks to queue
[2024-05-23T19:39:29.161+0000] {logging_mixin.py:188} INFO - [2024-05-23T19:39:29.161+0000] {dagbag.py:545} INFO - Filling up the DagBag from /home/airflow/.local/lib/python3.12/site-packages/airflow/example_dags/example_task_group_decorator.py
[2024-05-23T19:39:29.185+0000] {processor.py:840} INFO - DAG(s) 'example_task_group_decorator' retrieved from /home/airflow/.local/lib/python3.12/site-packages/airflow/example_dags/example_task_group_decorator.py
[2024-05-23T19:39:29.226+0000] {logging_mixin.py:188} INFO - [2024-05-23T19:39:29.226+0000] {dag.py:3096} INFO - Sync 1 DAGs
[2024-05-23T19:39:29.260+0000] {logging_mixin.py:188} INFO - [2024-05-23T19:39:29.260+0000] {dag.py:3954} INFO - Setting next_dagrun for example_task_group_decorator to 2024-05-22 00:00:00+00:00, run_after=2024-05-23 00:00:00+00:00
[2024-05-23T19:39:29.288+0000] {processor.py:183} INFO - Processing /home/airflow/.local/lib/python3.12/site-packages/airflow/example_dags/example_task_group_decorator.py took 0.146 seconds
[2024-05-23T19:39:59.686+0000] {processor.py:161} INFO - Started process (PID=5508) to work on /home/airflow/.local/lib/python3.12/site-packages/airflow/example_dags/example_task_group_decorator.py
[2024-05-23T19:39:59.688+0000] {processor.py:830} INFO - Processing file /home/airflow/.local/lib/python3.12/site-packages/airflow/example_dags/example_task_group_decorator.py for tasks to queue
[2024-05-23T19:39:59.691+0000] {logging_mixin.py:188} INFO - [2024-05-23T19:39:59.690+0000] {dagbag.py:545} INFO - Filling up the DagBag from /home/airflow/.local/lib/python3.12/site-packages/airflow/example_dags/example_task_group_decorator.py
[2024-05-23T19:39:59.715+0000] {processor.py:840} INFO - DAG(s) 'example_task_group_decorator' retrieved from /home/airflow/.local/lib/python3.12/site-packages/airflow/example_dags/example_task_group_decorator.py
[2024-05-23T19:39:59.753+0000] {logging_mixin.py:188} INFO - [2024-05-23T19:39:59.753+0000] {dag.py:3096} INFO - Sync 1 DAGs
[2024-05-23T19:39:59.786+0000] {logging_mixin.py:188} INFO - [2024-05-23T19:39:59.786+0000] {dag.py:3954} INFO - Setting next_dagrun for example_task_group_decorator to 2024-05-22 00:00:00+00:00, run_after=2024-05-23 00:00:00+00:00
[2024-05-23T19:39:59.813+0000] {processor.py:183} INFO - Processing /home/airflow/.local/lib/python3.12/site-packages/airflow/example_dags/example_task_group_decorator.py took 0.135 seconds
[2024-05-23T19:40:30.232+0000] {processor.py:161} INFO - Started process (PID=5770) to work on /home/airflow/.local/lib/python3.12/site-packages/airflow/example_dags/example_task_group_decorator.py
[2024-05-23T19:40:30.233+0000] {processor.py:830} INFO - Processing file /home/airflow/.local/lib/python3.12/site-packages/airflow/example_dags/example_task_group_decorator.py for tasks to queue
[2024-05-23T19:40:30.237+0000] {logging_mixin.py:188} INFO - [2024-05-23T19:40:30.236+0000] {dagbag.py:545} INFO - Filling up the DagBag from /home/airflow/.local/lib/python3.12/site-packages/airflow/example_dags/example_task_group_decorator.py
[2024-05-23T19:40:30.261+0000] {processor.py:840} INFO - DAG(s) 'example_task_group_decorator' retrieved from /home/airflow/.local/lib/python3.12/site-packages/airflow/example_dags/example_task_group_decorator.py
[2024-05-23T19:40:30.300+0000] {logging_mixin.py:188} INFO - [2024-05-23T19:40:30.300+0000] {dag.py:3096} INFO - Sync 1 DAGs
[2024-05-23T19:40:30.334+0000] {logging_mixin.py:188} INFO - [2024-05-23T19:40:30.334+0000] {dag.py:3954} INFO - Setting next_dagrun for example_task_group_decorator to 2024-05-22 00:00:00+00:00, run_after=2024-05-23 00:00:00+00:00
[2024-05-23T19:40:30.359+0000] {processor.py:183} INFO - Processing /home/airflow/.local/lib/python3.12/site-packages/airflow/example_dags/example_task_group_decorator.py took 0.136 seconds
[2024-05-23T19:41:00.572+0000] {processor.py:161} INFO - Started process (PID=6032) to work on /home/airflow/.local/lib/python3.12/site-packages/airflow/example_dags/example_task_group_decorator.py
[2024-05-23T19:41:00.574+0000] {processor.py:830} INFO - Processing file /home/airflow/.local/lib/python3.12/site-packages/airflow/example_dags/example_task_group_decorator.py for tasks to queue
[2024-05-23T19:41:00.577+0000] {logging_mixin.py:188} INFO - [2024-05-23T19:41:00.576+0000] {dagbag.py:545} INFO - Filling up the DagBag from /home/airflow/.local/lib/python3.12/site-packages/airflow/example_dags/example_task_group_decorator.py
[2024-05-23T19:41:00.599+0000] {processor.py:840} INFO - DAG(s) 'example_task_group_decorator' retrieved from /home/airflow/.local/lib/python3.12/site-packages/airflow/example_dags/example_task_group_decorator.py
[2024-05-23T19:41:00.637+0000] {logging_mixin.py:188} INFO - [2024-05-23T19:41:00.637+0000] {dag.py:3096} INFO - Sync 1 DAGs
[2024-05-23T19:41:00.674+0000] {logging_mixin.py:188} INFO - [2024-05-23T19:41:00.674+0000] {dag.py:3954} INFO - Setting next_dagrun for example_task_group_decorator to 2024-05-22 00:00:00+00:00, run_after=2024-05-23 00:00:00+00:00
[2024-05-23T19:41:00.704+0000] {processor.py:183} INFO - Processing /home/airflow/.local/lib/python3.12/site-packages/airflow/example_dags/example_task_group_decorator.py took 0.140 seconds
[2024-05-23T19:41:31.210+0000] {processor.py:161} INFO - Started process (PID=6294) to work on /home/airflow/.local/lib/python3.12/site-packages/airflow/example_dags/example_task_group_decorator.py
[2024-05-23T19:41:31.212+0000] {processor.py:830} INFO - Processing file /home/airflow/.local/lib/python3.12/site-packages/airflow/example_dags/example_task_group_decorator.py for tasks to queue
[2024-05-23T19:41:31.215+0000] {logging_mixin.py:188} INFO - [2024-05-23T19:41:31.214+0000] {dagbag.py:545} INFO - Filling up the DagBag from /home/airflow/.local/lib/python3.12/site-packages/airflow/example_dags/example_task_group_decorator.py
[2024-05-23T19:41:31.239+0000] {processor.py:840} INFO - DAG(s) 'example_task_group_decorator' retrieved from /home/airflow/.local/lib/python3.12/site-packages/airflow/example_dags/example_task_group_decorator.py
[2024-05-23T19:41:31.279+0000] {logging_mixin.py:188} INFO - [2024-05-23T19:41:31.279+0000] {dag.py:3096} INFO - Sync 1 DAGs
[2024-05-23T19:41:31.315+0000] {logging_mixin.py:188} INFO - [2024-05-23T19:41:31.315+0000] {dag.py:3954} INFO - Setting next_dagrun for example_task_group_decorator to 2024-05-22 00:00:00+00:00, run_after=2024-05-23 00:00:00+00:00
[2024-05-23T19:41:31.345+0000] {processor.py:183} INFO - Processing /home/airflow/.local/lib/python3.12/site-packages/airflow/example_dags/example_task_group_decorator.py took 0.144 seconds
[2024-05-23T19:42:01.680+0000] {processor.py:161} INFO - Started process (PID=6555) to work on /home/airflow/.local/lib/python3.12/site-packages/airflow/example_dags/example_task_group_decorator.py
[2024-05-23T19:42:01.681+0000] {processor.py:830} INFO - Processing file /home/airflow/.local/lib/python3.12/site-packages/airflow/example_dags/example_task_group_decorator.py for tasks to queue
[2024-05-23T19:42:01.685+0000] {logging_mixin.py:188} INFO - [2024-05-23T19:42:01.684+0000] {dagbag.py:545} INFO - Filling up the DagBag from /home/airflow/.local/lib/python3.12/site-packages/airflow/example_dags/example_task_group_decorator.py
[2024-05-23T19:42:01.710+0000] {processor.py:840} INFO - DAG(s) 'example_task_group_decorator' retrieved from /home/airflow/.local/lib/python3.12/site-packages/airflow/example_dags/example_task_group_decorator.py
[2024-05-23T19:42:01.751+0000] {logging_mixin.py:188} INFO - [2024-05-23T19:42:01.751+0000] {dag.py:3096} INFO - Sync 1 DAGs
[2024-05-23T19:42:01.788+0000] {logging_mixin.py:188} INFO - [2024-05-23T19:42:01.788+0000] {dag.py:3954} INFO - Setting next_dagrun for example_task_group_decorator to 2024-05-22 00:00:00+00:00, run_after=2024-05-23 00:00:00+00:00
[2024-05-23T19:42:01.820+0000] {processor.py:183} INFO - Processing /home/airflow/.local/lib/python3.12/site-packages/airflow/example_dags/example_task_group_decorator.py took 0.151 seconds
[2024-05-23T19:42:31.879+0000] {processor.py:161} INFO - Started process (PID=6820) to work on /home/airflow/.local/lib/python3.12/site-packages/airflow/example_dags/example_task_group_decorator.py
[2024-05-23T19:42:31.881+0000] {processor.py:830} INFO - Processing file /home/airflow/.local/lib/python3.12/site-packages/airflow/example_dags/example_task_group_decorator.py for tasks to queue
[2024-05-23T19:42:31.884+0000] {logging_mixin.py:188} INFO - [2024-05-23T19:42:31.883+0000] {dagbag.py:545} INFO - Filling up the DagBag from /home/airflow/.local/lib/python3.12/site-packages/airflow/example_dags/example_task_group_decorator.py
[2024-05-23T19:42:31.907+0000] {processor.py:840} INFO - DAG(s) 'example_task_group_decorator' retrieved from /home/airflow/.local/lib/python3.12/site-packages/airflow/example_dags/example_task_group_decorator.py
[2024-05-23T19:42:31.945+0000] {logging_mixin.py:188} INFO - [2024-05-23T19:42:31.945+0000] {dag.py:3096} INFO - Sync 1 DAGs
[2024-05-23T19:42:31.976+0000] {logging_mixin.py:188} INFO - [2024-05-23T19:42:31.976+0000] {dag.py:3954} INFO - Setting next_dagrun for example_task_group_decorator to 2024-05-22 00:00:00+00:00, run_after=2024-05-23 00:00:00+00:00
[2024-05-23T19:42:32.009+0000] {processor.py:183} INFO - Processing /home/airflow/.local/lib/python3.12/site-packages/airflow/example_dags/example_task_group_decorator.py took 0.141 seconds
[2024-05-23T19:43:02.218+0000] {processor.py:161} INFO - Started process (PID=7079) to work on /home/airflow/.local/lib/python3.12/site-packages/airflow/example_dags/example_task_group_decorator.py
[2024-05-23T19:43:02.219+0000] {processor.py:830} INFO - Processing file /home/airflow/.local/lib/python3.12/site-packages/airflow/example_dags/example_task_group_decorator.py for tasks to queue
[2024-05-23T19:43:02.222+0000] {logging_mixin.py:188} INFO - [2024-05-23T19:43:02.222+0000] {dagbag.py:545} INFO - Filling up the DagBag from /home/airflow/.local/lib/python3.12/site-packages/airflow/example_dags/example_task_group_decorator.py
[2024-05-23T19:43:02.245+0000] {processor.py:840} INFO - DAG(s) 'example_task_group_decorator' retrieved from /home/airflow/.local/lib/python3.12/site-packages/airflow/example_dags/example_task_group_decorator.py
[2024-05-23T19:43:02.282+0000] {logging_mixin.py:188} INFO - [2024-05-23T19:43:02.281+0000] {dag.py:3096} INFO - Sync 1 DAGs
[2024-05-23T19:43:02.315+0000] {logging_mixin.py:188} INFO - [2024-05-23T19:43:02.314+0000] {dag.py:3954} INFO - Setting next_dagrun for example_task_group_decorator to 2024-05-22 00:00:00+00:00, run_after=2024-05-23 00:00:00+00:00
[2024-05-23T19:43:02.339+0000] {processor.py:183} INFO - Processing /home/airflow/.local/lib/python3.12/site-packages/airflow/example_dags/example_task_group_decorator.py took 0.130 seconds
[2024-05-23T19:43:32.539+0000] {processor.py:161} INFO - Started process (PID=7341) to work on /home/airflow/.local/lib/python3.12/site-packages/airflow/example_dags/example_task_group_decorator.py
[2024-05-23T19:43:32.541+0000] {processor.py:830} INFO - Processing file /home/airflow/.local/lib/python3.12/site-packages/airflow/example_dags/example_task_group_decorator.py for tasks to queue
[2024-05-23T19:43:32.543+0000] {logging_mixin.py:188} INFO - [2024-05-23T19:43:32.543+0000] {dagbag.py:545} INFO - Filling up the DagBag from /home/airflow/.local/lib/python3.12/site-packages/airflow/example_dags/example_task_group_decorator.py
[2024-05-23T19:43:32.568+0000] {processor.py:840} INFO - DAG(s) 'example_task_group_decorator' retrieved from /home/airflow/.local/lib/python3.12/site-packages/airflow/example_dags/example_task_group_decorator.py
[2024-05-23T19:43:32.605+0000] {logging_mixin.py:188} INFO - [2024-05-23T19:43:32.605+0000] {dag.py:3096} INFO - Sync 1 DAGs
[2024-05-23T19:43:32.637+0000] {logging_mixin.py:188} INFO - [2024-05-23T19:43:32.636+0000] {dag.py:3954} INFO - Setting next_dagrun for example_task_group_decorator to 2024-05-22 00:00:00+00:00, run_after=2024-05-23 00:00:00+00:00
[2024-05-23T19:43:32.664+0000] {processor.py:183} INFO - Processing /home/airflow/.local/lib/python3.12/site-packages/airflow/example_dags/example_task_group_decorator.py took 0.133 seconds
[2024-05-23T19:44:03.207+0000] {processor.py:161} INFO - Started process (PID=7603) to work on /home/airflow/.local/lib/python3.12/site-packages/airflow/example_dags/example_task_group_decorator.py
[2024-05-23T19:44:03.208+0000] {processor.py:830} INFO - Processing file /home/airflow/.local/lib/python3.12/site-packages/airflow/example_dags/example_task_group_decorator.py for tasks to queue
[2024-05-23T19:44:03.211+0000] {logging_mixin.py:188} INFO - [2024-05-23T19:44:03.210+0000] {dagbag.py:545} INFO - Filling up the DagBag from /home/airflow/.local/lib/python3.12/site-packages/airflow/example_dags/example_task_group_decorator.py
[2024-05-23T19:44:03.234+0000] {processor.py:840} INFO - DAG(s) 'example_task_group_decorator' retrieved from /home/airflow/.local/lib/python3.12/site-packages/airflow/example_dags/example_task_group_decorator.py
[2024-05-23T19:44:03.274+0000] {logging_mixin.py:188} INFO - [2024-05-23T19:44:03.273+0000] {dag.py:3096} INFO - Sync 1 DAGs
[2024-05-23T19:44:03.307+0000] {logging_mixin.py:188} INFO - [2024-05-23T19:44:03.307+0000] {dag.py:3954} INFO - Setting next_dagrun for example_task_group_decorator to 2024-05-22 00:00:00+00:00, run_after=2024-05-23 00:00:00+00:00
[2024-05-23T19:44:03.335+0000] {processor.py:183} INFO - Processing /home/airflow/.local/lib/python3.12/site-packages/airflow/example_dags/example_task_group_decorator.py took 0.137 seconds
[2024-05-23T19:44:33.521+0000] {processor.py:161} INFO - Started process (PID=7865) to work on /home/airflow/.local/lib/python3.12/site-packages/airflow/example_dags/example_task_group_decorator.py
[2024-05-23T19:44:33.522+0000] {processor.py:830} INFO - Processing file /home/airflow/.local/lib/python3.12/site-packages/airflow/example_dags/example_task_group_decorator.py for tasks to queue
[2024-05-23T19:44:33.525+0000] {logging_mixin.py:188} INFO - [2024-05-23T19:44:33.525+0000] {dagbag.py:545} INFO - Filling up the DagBag from /home/airflow/.local/lib/python3.12/site-packages/airflow/example_dags/example_task_group_decorator.py
[2024-05-23T19:44:33.548+0000] {processor.py:840} INFO - DAG(s) 'example_task_group_decorator' retrieved from /home/airflow/.local/lib/python3.12/site-packages/airflow/example_dags/example_task_group_decorator.py
[2024-05-23T19:44:33.587+0000] {logging_mixin.py:188} INFO - [2024-05-23T19:44:33.587+0000] {dag.py:3096} INFO - Sync 1 DAGs
[2024-05-23T19:44:33.620+0000] {logging_mixin.py:188} INFO - [2024-05-23T19:44:33.619+0000] {dag.py:3954} INFO - Setting next_dagrun for example_task_group_decorator to 2024-05-22 00:00:00+00:00, run_after=2024-05-23 00:00:00+00:00
[2024-05-23T19:44:33.645+0000] {processor.py:183} INFO - Processing /home/airflow/.local/lib/python3.12/site-packages/airflow/example_dags/example_task_group_decorator.py took 0.132 seconds
[2024-05-23T19:45:04.370+0000] {processor.py:161} INFO - Started process (PID=8121) to work on /home/airflow/.local/lib/python3.12/site-packages/airflow/example_dags/example_task_group_decorator.py
[2024-05-23T19:45:04.371+0000] {processor.py:830} INFO - Processing file /home/airflow/.local/lib/python3.12/site-packages/airflow/example_dags/example_task_group_decorator.py for tasks to queue
[2024-05-23T19:45:04.374+0000] {logging_mixin.py:188} INFO - [2024-05-23T19:45:04.374+0000] {dagbag.py:545} INFO - Filling up the DagBag from /home/airflow/.local/lib/python3.12/site-packages/airflow/example_dags/example_task_group_decorator.py
[2024-05-23T19:45:04.394+0000] {processor.py:840} INFO - DAG(s) 'example_task_group_decorator' retrieved from /home/airflow/.local/lib/python3.12/site-packages/airflow/example_dags/example_task_group_decorator.py
[2024-05-23T19:45:04.428+0000] {logging_mixin.py:188} INFO - [2024-05-23T19:45:04.428+0000] {dag.py:3096} INFO - Sync 1 DAGs
[2024-05-23T19:45:04.458+0000] {logging_mixin.py:188} INFO - [2024-05-23T19:45:04.458+0000] {dag.py:3954} INFO - Setting next_dagrun for example_task_group_decorator to 2024-05-22 00:00:00+00:00, run_after=2024-05-23 00:00:00+00:00
[2024-05-23T19:45:04.482+0000] {processor.py:183} INFO - Processing /home/airflow/.local/lib/python3.12/site-packages/airflow/example_dags/example_task_group_decorator.py took 0.120 seconds
[2024-05-23T19:45:34.825+0000] {processor.py:161} INFO - Started process (PID=8383) to work on /home/airflow/.local/lib/python3.12/site-packages/airflow/example_dags/example_task_group_decorator.py
[2024-05-23T19:45:34.826+0000] {processor.py:830} INFO - Processing file /home/airflow/.local/lib/python3.12/site-packages/airflow/example_dags/example_task_group_decorator.py for tasks to queue
[2024-05-23T19:45:34.829+0000] {logging_mixin.py:188} INFO - [2024-05-23T19:45:34.829+0000] {dagbag.py:545} INFO - Filling up the DagBag from /home/airflow/.local/lib/python3.12/site-packages/airflow/example_dags/example_task_group_decorator.py
[2024-05-23T19:45:34.849+0000] {processor.py:840} INFO - DAG(s) 'example_task_group_decorator' retrieved from /home/airflow/.local/lib/python3.12/site-packages/airflow/example_dags/example_task_group_decorator.py
[2024-05-23T19:45:34.883+0000] {logging_mixin.py:188} INFO - [2024-05-23T19:45:34.883+0000] {dag.py:3096} INFO - Sync 1 DAGs
[2024-05-23T19:45:34.913+0000] {logging_mixin.py:188} INFO - [2024-05-23T19:45:34.913+0000] {dag.py:3954} INFO - Setting next_dagrun for example_task_group_decorator to 2024-05-22 00:00:00+00:00, run_after=2024-05-23 00:00:00+00:00
[2024-05-23T19:45:34.936+0000] {processor.py:183} INFO - Processing /home/airflow/.local/lib/python3.12/site-packages/airflow/example_dags/example_task_group_decorator.py took 0.120 seconds
[2024-05-23T19:46:05.071+0000] {processor.py:161} INFO - Started process (PID=8645) to work on /home/airflow/.local/lib/python3.12/site-packages/airflow/example_dags/example_task_group_decorator.py
[2024-05-23T19:46:05.073+0000] {processor.py:830} INFO - Processing file /home/airflow/.local/lib/python3.12/site-packages/airflow/example_dags/example_task_group_decorator.py for tasks to queue
[2024-05-23T19:46:05.076+0000] {logging_mixin.py:188} INFO - [2024-05-23T19:46:05.075+0000] {dagbag.py:545} INFO - Filling up the DagBag from /home/airflow/.local/lib/python3.12/site-packages/airflow/example_dags/example_task_group_decorator.py
[2024-05-23T19:46:05.096+0000] {processor.py:840} INFO - DAG(s) 'example_task_group_decorator' retrieved from /home/airflow/.local/lib/python3.12/site-packages/airflow/example_dags/example_task_group_decorator.py
[2024-05-23T19:46:05.130+0000] {logging_mixin.py:188} INFO - [2024-05-23T19:46:05.130+0000] {dag.py:3096} INFO - Sync 1 DAGs
[2024-05-23T19:46:05.160+0000] {logging_mixin.py:188} INFO - [2024-05-23T19:46:05.160+0000] {dag.py:3954} INFO - Setting next_dagrun for example_task_group_decorator to 2024-05-22 00:00:00+00:00, run_after=2024-05-23 00:00:00+00:00
[2024-05-23T19:46:05.183+0000] {processor.py:183} INFO - Processing /home/airflow/.local/lib/python3.12/site-packages/airflow/example_dags/example_task_group_decorator.py took 0.120 seconds
[2024-05-23T19:46:35.321+0000] {processor.py:161} INFO - Started process (PID=8907) to work on /home/airflow/.local/lib/python3.12/site-packages/airflow/example_dags/example_task_group_decorator.py
[2024-05-23T19:46:35.322+0000] {processor.py:830} INFO - Processing file /home/airflow/.local/lib/python3.12/site-packages/airflow/example_dags/example_task_group_decorator.py for tasks to queue
[2024-05-23T19:46:35.325+0000] {logging_mixin.py:188} INFO - [2024-05-23T19:46:35.324+0000] {dagbag.py:545} INFO - Filling up the DagBag from /home/airflow/.local/lib/python3.12/site-packages/airflow/example_dags/example_task_group_decorator.py
[2024-05-23T19:46:35.344+0000] {processor.py:840} INFO - DAG(s) 'example_task_group_decorator' retrieved from /home/airflow/.local/lib/python3.12/site-packages/airflow/example_dags/example_task_group_decorator.py
[2024-05-23T19:46:35.379+0000] {logging_mixin.py:188} INFO - [2024-05-23T19:46:35.379+0000] {dag.py:3096} INFO - Sync 1 DAGs
[2024-05-23T19:46:35.409+0000] {logging_mixin.py:188} INFO - [2024-05-23T19:46:35.409+0000] {dag.py:3954} INFO - Setting next_dagrun for example_task_group_decorator to 2024-05-22 00:00:00+00:00, run_after=2024-05-23 00:00:00+00:00
[2024-05-23T19:46:35.433+0000] {processor.py:183} INFO - Processing /home/airflow/.local/lib/python3.12/site-packages/airflow/example_dags/example_task_group_decorator.py took 0.120 seconds
[2024-05-23T19:47:05.591+0000] {processor.py:161} INFO - Started process (PID=9169) to work on /home/airflow/.local/lib/python3.12/site-packages/airflow/example_dags/example_task_group_decorator.py
[2024-05-23T19:47:05.592+0000] {processor.py:830} INFO - Processing file /home/airflow/.local/lib/python3.12/site-packages/airflow/example_dags/example_task_group_decorator.py for tasks to queue
[2024-05-23T19:47:05.595+0000] {logging_mixin.py:188} INFO - [2024-05-23T19:47:05.594+0000] {dagbag.py:545} INFO - Filling up the DagBag from /home/airflow/.local/lib/python3.12/site-packages/airflow/example_dags/example_task_group_decorator.py
[2024-05-23T19:47:05.615+0000] {processor.py:840} INFO - DAG(s) 'example_task_group_decorator' retrieved from /home/airflow/.local/lib/python3.12/site-packages/airflow/example_dags/example_task_group_decorator.py
[2024-05-23T19:47:05.650+0000] {logging_mixin.py:188} INFO - [2024-05-23T19:47:05.649+0000] {dag.py:3096} INFO - Sync 1 DAGs
[2024-05-23T19:47:05.678+0000] {logging_mixin.py:188} INFO - [2024-05-23T19:47:05.678+0000] {dag.py:3954} INFO - Setting next_dagrun for example_task_group_decorator to 2024-05-22 00:00:00+00:00, run_after=2024-05-23 00:00:00+00:00
[2024-05-23T19:47:05.701+0000] {processor.py:183} INFO - Processing /home/airflow/.local/lib/python3.12/site-packages/airflow/example_dags/example_task_group_decorator.py took 0.119 seconds
[2024-05-23T19:47:35.756+0000] {processor.py:161} INFO - Started process (PID=9431) to work on /home/airflow/.local/lib/python3.12/site-packages/airflow/example_dags/example_task_group_decorator.py
[2024-05-23T19:47:35.759+0000] {processor.py:830} INFO - Processing file /home/airflow/.local/lib/python3.12/site-packages/airflow/example_dags/example_task_group_decorator.py for tasks to queue
[2024-05-23T19:47:35.762+0000] {logging_mixin.py:188} INFO - [2024-05-23T19:47:35.762+0000] {dagbag.py:545} INFO - Filling up the DagBag from /home/airflow/.local/lib/python3.12/site-packages/airflow/example_dags/example_task_group_decorator.py
[2024-05-23T19:47:35.782+0000] {processor.py:840} INFO - DAG(s) 'example_task_group_decorator' retrieved from /home/airflow/.local/lib/python3.12/site-packages/airflow/example_dags/example_task_group_decorator.py
[2024-05-23T19:47:35.817+0000] {logging_mixin.py:188} INFO - [2024-05-23T19:47:35.817+0000] {dag.py:3096} INFO - Sync 1 DAGs
[2024-05-23T19:47:35.850+0000] {logging_mixin.py:188} INFO - [2024-05-23T19:47:35.850+0000] {dag.py:3954} INFO - Setting next_dagrun for example_task_group_decorator to 2024-05-22 00:00:00+00:00, run_after=2024-05-23 00:00:00+00:00
[2024-05-23T19:47:35.875+0000] {processor.py:183} INFO - Processing /home/airflow/.local/lib/python3.12/site-packages/airflow/example_dags/example_task_group_decorator.py took 0.127 seconds
[2024-05-23T19:48:06.042+0000] {processor.py:161} INFO - Started process (PID=9693) to work on /home/airflow/.local/lib/python3.12/site-packages/airflow/example_dags/example_task_group_decorator.py
[2024-05-23T19:48:06.043+0000] {processor.py:830} INFO - Processing file /home/airflow/.local/lib/python3.12/site-packages/airflow/example_dags/example_task_group_decorator.py for tasks to queue
[2024-05-23T19:48:06.046+0000] {logging_mixin.py:188} INFO - [2024-05-23T19:48:06.046+0000] {dagbag.py:545} INFO - Filling up the DagBag from /home/airflow/.local/lib/python3.12/site-packages/airflow/example_dags/example_task_group_decorator.py
[2024-05-23T19:48:06.066+0000] {processor.py:840} INFO - DAG(s) 'example_task_group_decorator' retrieved from /home/airflow/.local/lib/python3.12/site-packages/airflow/example_dags/example_task_group_decorator.py
[2024-05-23T19:48:06.101+0000] {logging_mixin.py:188} INFO - [2024-05-23T19:48:06.101+0000] {dag.py:3096} INFO - Sync 1 DAGs
[2024-05-23T19:48:06.279+0000] {logging_mixin.py:188} INFO - [2024-05-23T19:48:06.279+0000] {dag.py:3954} INFO - Setting next_dagrun for example_task_group_decorator to 2024-05-22 00:00:00+00:00, run_after=2024-05-23 00:00:00+00:00
[2024-05-23T19:48:06.305+0000] {processor.py:183} INFO - Processing /home/airflow/.local/lib/python3.12/site-packages/airflow/example_dags/example_task_group_decorator.py took 0.270 seconds
[2024-05-23T19:48:36.732+0000] {processor.py:161} INFO - Started process (PID=9954) to work on /home/airflow/.local/lib/python3.12/site-packages/airflow/example_dags/example_task_group_decorator.py
[2024-05-23T19:48:36.733+0000] {processor.py:830} INFO - Processing file /home/airflow/.local/lib/python3.12/site-packages/airflow/example_dags/example_task_group_decorator.py for tasks to queue
[2024-05-23T19:48:36.739+0000] {logging_mixin.py:188} INFO - [2024-05-23T19:48:36.739+0000] {dagbag.py:545} INFO - Filling up the DagBag from /home/airflow/.local/lib/python3.12/site-packages/airflow/example_dags/example_task_group_decorator.py
[2024-05-23T19:48:36.765+0000] {processor.py:840} INFO - DAG(s) 'example_task_group_decorator' retrieved from /home/airflow/.local/lib/python3.12/site-packages/airflow/example_dags/example_task_group_decorator.py
[2024-05-23T19:48:36.804+0000] {logging_mixin.py:188} INFO - [2024-05-23T19:48:36.804+0000] {dag.py:3096} INFO - Sync 1 DAGs
[2024-05-23T19:48:36.835+0000] {logging_mixin.py:188} INFO - [2024-05-23T19:48:36.835+0000] {dag.py:3954} INFO - Setting next_dagrun for example_task_group_decorator to 2024-05-22 00:00:00+00:00, run_after=2024-05-23 00:00:00+00:00
[2024-05-23T19:48:36.863+0000] {processor.py:183} INFO - Processing /home/airflow/.local/lib/python3.12/site-packages/airflow/example_dags/example_task_group_decorator.py took 0.140 seconds
[2024-05-23T19:49:06.971+0000] {processor.py:161} INFO - Started process (PID=10215) to work on /home/airflow/.local/lib/python3.12/site-packages/airflow/example_dags/example_task_group_decorator.py
[2024-05-23T19:49:06.973+0000] {processor.py:830} INFO - Processing file /home/airflow/.local/lib/python3.12/site-packages/airflow/example_dags/example_task_group_decorator.py for tasks to queue
[2024-05-23T19:49:06.976+0000] {logging_mixin.py:188} INFO - [2024-05-23T19:49:06.976+0000] {dagbag.py:545} INFO - Filling up the DagBag from /home/airflow/.local/lib/python3.12/site-packages/airflow/example_dags/example_task_group_decorator.py
[2024-05-23T19:49:06.998+0000] {processor.py:840} INFO - DAG(s) 'example_task_group_decorator' retrieved from /home/airflow/.local/lib/python3.12/site-packages/airflow/example_dags/example_task_group_decorator.py
[2024-05-23T19:49:07.036+0000] {logging_mixin.py:188} INFO - [2024-05-23T19:49:07.036+0000] {dag.py:3096} INFO - Sync 1 DAGs
[2024-05-23T19:49:07.068+0000] {logging_mixin.py:188} INFO - [2024-05-23T19:49:07.068+0000] {dag.py:3954} INFO - Setting next_dagrun for example_task_group_decorator to 2024-05-22 00:00:00+00:00, run_after=2024-05-23 00:00:00+00:00
[2024-05-23T19:49:07.094+0000] {processor.py:183} INFO - Processing /home/airflow/.local/lib/python3.12/site-packages/airflow/example_dags/example_task_group_decorator.py took 0.132 seconds
[2024-05-23T19:49:37.300+0000] {processor.py:161} INFO - Started process (PID=10479) to work on /home/airflow/.local/lib/python3.12/site-packages/airflow/example_dags/example_task_group_decorator.py
[2024-05-23T19:49:37.301+0000] {processor.py:830} INFO - Processing file /home/airflow/.local/lib/python3.12/site-packages/airflow/example_dags/example_task_group_decorator.py for tasks to queue
[2024-05-23T19:49:37.305+0000] {logging_mixin.py:188} INFO - [2024-05-23T19:49:37.305+0000] {dagbag.py:545} INFO - Filling up the DagBag from /home/airflow/.local/lib/python3.12/site-packages/airflow/example_dags/example_task_group_decorator.py
[2024-05-23T19:49:37.329+0000] {processor.py:840} INFO - DAG(s) 'example_task_group_decorator' retrieved from /home/airflow/.local/lib/python3.12/site-packages/airflow/example_dags/example_task_group_decorator.py
[2024-05-23T19:49:37.369+0000] {logging_mixin.py:188} INFO - [2024-05-23T19:49:37.369+0000] {dag.py:3096} INFO - Sync 1 DAGs
[2024-05-23T19:49:37.403+0000] {logging_mixin.py:188} INFO - [2024-05-23T19:49:37.403+0000] {dag.py:3954} INFO - Setting next_dagrun for example_task_group_decorator to 2024-05-22 00:00:00+00:00, run_after=2024-05-23 00:00:00+00:00
[2024-05-23T19:49:37.431+0000] {processor.py:183} INFO - Processing /home/airflow/.local/lib/python3.12/site-packages/airflow/example_dags/example_task_group_decorator.py took 0.142 seconds
[2024-05-23T19:50:07.776+0000] {processor.py:161} INFO - Started process (PID=10739) to work on /home/airflow/.local/lib/python3.12/site-packages/airflow/example_dags/example_task_group_decorator.py
[2024-05-23T19:50:07.777+0000] {processor.py:830} INFO - Processing file /home/airflow/.local/lib/python3.12/site-packages/airflow/example_dags/example_task_group_decorator.py for tasks to queue
[2024-05-23T19:50:07.780+0000] {logging_mixin.py:188} INFO - [2024-05-23T19:50:07.779+0000] {dagbag.py:545} INFO - Filling up the DagBag from /home/airflow/.local/lib/python3.12/site-packages/airflow/example_dags/example_task_group_decorator.py
[2024-05-23T19:50:07.804+0000] {processor.py:840} INFO - DAG(s) 'example_task_group_decorator' retrieved from /home/airflow/.local/lib/python3.12/site-packages/airflow/example_dags/example_task_group_decorator.py
[2024-05-23T19:50:07.843+0000] {logging_mixin.py:188} INFO - [2024-05-23T19:50:07.843+0000] {dag.py:3096} INFO - Sync 1 DAGs
[2024-05-23T19:50:07.877+0000] {logging_mixin.py:188} INFO - [2024-05-23T19:50:07.876+0000] {dag.py:3954} INFO - Setting next_dagrun for example_task_group_decorator to 2024-05-22 00:00:00+00:00, run_after=2024-05-23 00:00:00+00:00
[2024-05-23T19:50:07.903+0000] {processor.py:183} INFO - Processing /home/airflow/.local/lib/python3.12/site-packages/airflow/example_dags/example_task_group_decorator.py took 0.137 seconds
[2024-05-23T19:50:39.150+0000] {processor.py:161} INFO - Started process (PID=11003) to work on /home/airflow/.local/lib/python3.12/site-packages/airflow/example_dags/example_task_group_decorator.py
[2024-05-23T19:50:39.152+0000] {processor.py:830} INFO - Processing file /home/airflow/.local/lib/python3.12/site-packages/airflow/example_dags/example_task_group_decorator.py for tasks to queue
[2024-05-23T19:50:39.155+0000] {logging_mixin.py:188} INFO - [2024-05-23T19:50:39.154+0000] {dagbag.py:545} INFO - Filling up the DagBag from /home/airflow/.local/lib/python3.12/site-packages/airflow/example_dags/example_task_group_decorator.py
[2024-05-23T19:50:39.183+0000] {processor.py:840} INFO - DAG(s) 'example_task_group_decorator' retrieved from /home/airflow/.local/lib/python3.12/site-packages/airflow/example_dags/example_task_group_decorator.py
[2024-05-23T19:50:39.429+0000] {logging_mixin.py:188} INFO - [2024-05-23T19:50:39.428+0000] {dag.py:3096} INFO - Sync 1 DAGs
[2024-05-23T19:50:39.461+0000] {logging_mixin.py:188} INFO - [2024-05-23T19:50:39.460+0000] {dag.py:3954} INFO - Setting next_dagrun for example_task_group_decorator to 2024-05-22 00:00:00+00:00, run_after=2024-05-23 00:00:00+00:00
[2024-05-23T19:50:39.486+0000] {processor.py:183} INFO - Processing /home/airflow/.local/lib/python3.12/site-packages/airflow/example_dags/example_task_group_decorator.py took 0.346 seconds
[2024-05-23T19:51:10.202+0000] {processor.py:161} INFO - Started process (PID=11265) to work on /home/airflow/.local/lib/python3.12/site-packages/airflow/example_dags/example_task_group_decorator.py
[2024-05-23T19:51:10.203+0000] {processor.py:830} INFO - Processing file /home/airflow/.local/lib/python3.12/site-packages/airflow/example_dags/example_task_group_decorator.py for tasks to queue
[2024-05-23T19:51:10.207+0000] {logging_mixin.py:188} INFO - [2024-05-23T19:51:10.206+0000] {dagbag.py:545} INFO - Filling up the DagBag from /home/airflow/.local/lib/python3.12/site-packages/airflow/example_dags/example_task_group_decorator.py
[2024-05-23T19:51:10.228+0000] {processor.py:840} INFO - DAG(s) 'example_task_group_decorator' retrieved from /home/airflow/.local/lib/python3.12/site-packages/airflow/example_dags/example_task_group_decorator.py
[2024-05-23T19:51:10.270+0000] {logging_mixin.py:188} INFO - [2024-05-23T19:51:10.270+0000] {dag.py:3096} INFO - Sync 1 DAGs
[2024-05-23T19:51:10.305+0000] {logging_mixin.py:188} INFO - [2024-05-23T19:51:10.305+0000] {dag.py:3954} INFO - Setting next_dagrun for example_task_group_decorator to 2024-05-22 00:00:00+00:00, run_after=2024-05-23 00:00:00+00:00
[2024-05-23T19:51:10.332+0000] {processor.py:183} INFO - Processing /home/airflow/.local/lib/python3.12/site-packages/airflow/example_dags/example_task_group_decorator.py took 0.138 seconds
[2024-05-23T19:51:41.205+0000] {processor.py:161} INFO - Started process (PID=11527) to work on /home/airflow/.local/lib/python3.12/site-packages/airflow/example_dags/example_task_group_decorator.py
[2024-05-23T19:51:41.207+0000] {processor.py:830} INFO - Processing file /home/airflow/.local/lib/python3.12/site-packages/airflow/example_dags/example_task_group_decorator.py for tasks to queue
[2024-05-23T19:51:41.210+0000] {logging_mixin.py:188} INFO - [2024-05-23T19:51:41.210+0000] {dagbag.py:545} INFO - Filling up the DagBag from /home/airflow/.local/lib/python3.12/site-packages/airflow/example_dags/example_task_group_decorator.py
[2024-05-23T19:51:41.233+0000] {processor.py:840} INFO - DAG(s) 'example_task_group_decorator' retrieved from /home/airflow/.local/lib/python3.12/site-packages/airflow/example_dags/example_task_group_decorator.py
[2024-05-23T19:51:41.275+0000] {logging_mixin.py:188} INFO - [2024-05-23T19:51:41.275+0000] {dag.py:3096} INFO - Sync 1 DAGs
[2024-05-23T19:51:41.309+0000] {logging_mixin.py:188} INFO - [2024-05-23T19:51:41.309+0000] {dag.py:3954} INFO - Setting next_dagrun for example_task_group_decorator to 2024-05-22 00:00:00+00:00, run_after=2024-05-23 00:00:00+00:00
[2024-05-23T19:51:41.338+0000] {processor.py:183} INFO - Processing /home/airflow/.local/lib/python3.12/site-packages/airflow/example_dags/example_task_group_decorator.py took 0.144 seconds
[2024-05-23T19:52:11.557+0000] {processor.py:161} INFO - Started process (PID=11789) to work on /home/airflow/.local/lib/python3.12/site-packages/airflow/example_dags/example_task_group_decorator.py
[2024-05-23T19:52:11.568+0000] {processor.py:830} INFO - Processing file /home/airflow/.local/lib/python3.12/site-packages/airflow/example_dags/example_task_group_decorator.py for tasks to queue
[2024-05-23T19:52:11.588+0000] {logging_mixin.py:188} INFO - [2024-05-23T19:52:11.587+0000] {dagbag.py:545} INFO - Filling up the DagBag from /home/airflow/.local/lib/python3.12/site-packages/airflow/example_dags/example_task_group_decorator.py
[2024-05-23T19:52:11.631+0000] {processor.py:840} INFO - DAG(s) 'example_task_group_decorator' retrieved from /home/airflow/.local/lib/python3.12/site-packages/airflow/example_dags/example_task_group_decorator.py
[2024-05-23T19:52:11.684+0000] {logging_mixin.py:188} INFO - [2024-05-23T19:52:11.684+0000] {dag.py:3096} INFO - Sync 1 DAGs
[2024-05-23T19:52:11.716+0000] {logging_mixin.py:188} INFO - [2024-05-23T19:52:11.716+0000] {dag.py:3954} INFO - Setting next_dagrun for example_task_group_decorator to 2024-05-22 00:00:00+00:00, run_after=2024-05-23 00:00:00+00:00
[2024-05-23T19:52:11.744+0000] {processor.py:183} INFO - Processing /home/airflow/.local/lib/python3.12/site-packages/airflow/example_dags/example_task_group_decorator.py took 0.196 seconds
[2024-05-23T19:52:41.965+0000] {processor.py:161} INFO - Started process (PID=12051) to work on /home/airflow/.local/lib/python3.12/site-packages/airflow/example_dags/example_task_group_decorator.py
[2024-05-23T19:52:41.967+0000] {processor.py:830} INFO - Processing file /home/airflow/.local/lib/python3.12/site-packages/airflow/example_dags/example_task_group_decorator.py for tasks to queue
[2024-05-23T19:52:41.969+0000] {logging_mixin.py:188} INFO - [2024-05-23T19:52:41.969+0000] {dagbag.py:545} INFO - Filling up the DagBag from /home/airflow/.local/lib/python3.12/site-packages/airflow/example_dags/example_task_group_decorator.py
[2024-05-23T19:52:41.994+0000] {processor.py:840} INFO - DAG(s) 'example_task_group_decorator' retrieved from /home/airflow/.local/lib/python3.12/site-packages/airflow/example_dags/example_task_group_decorator.py
[2024-05-23T19:52:42.034+0000] {logging_mixin.py:188} INFO - [2024-05-23T19:52:42.034+0000] {dag.py:3096} INFO - Sync 1 DAGs
[2024-05-23T19:52:42.069+0000] {logging_mixin.py:188} INFO - [2024-05-23T19:52:42.068+0000] {dag.py:3954} INFO - Setting next_dagrun for example_task_group_decorator to 2024-05-22 00:00:00+00:00, run_after=2024-05-23 00:00:00+00:00
[2024-05-23T19:52:42.097+0000] {processor.py:183} INFO - Processing /home/airflow/.local/lib/python3.12/site-packages/airflow/example_dags/example_task_group_decorator.py took 0.141 seconds
[2024-05-23T19:53:12.311+0000] {processor.py:161} INFO - Started process (PID=12313) to work on /home/airflow/.local/lib/python3.12/site-packages/airflow/example_dags/example_task_group_decorator.py
[2024-05-23T19:53:12.312+0000] {processor.py:830} INFO - Processing file /home/airflow/.local/lib/python3.12/site-packages/airflow/example_dags/example_task_group_decorator.py for tasks to queue
[2024-05-23T19:53:12.315+0000] {logging_mixin.py:188} INFO - [2024-05-23T19:53:12.315+0000] {dagbag.py:545} INFO - Filling up the DagBag from /home/airflow/.local/lib/python3.12/site-packages/airflow/example_dags/example_task_group_decorator.py
[2024-05-23T19:53:12.336+0000] {processor.py:840} INFO - DAG(s) 'example_task_group_decorator' retrieved from /home/airflow/.local/lib/python3.12/site-packages/airflow/example_dags/example_task_group_decorator.py
[2024-05-23T19:53:12.375+0000] {logging_mixin.py:188} INFO - [2024-05-23T19:53:12.375+0000] {dag.py:3096} INFO - Sync 1 DAGs
[2024-05-23T19:53:12.410+0000] {logging_mixin.py:188} INFO - [2024-05-23T19:53:12.410+0000] {dag.py:3954} INFO - Setting next_dagrun for example_task_group_decorator to 2024-05-22 00:00:00+00:00, run_after=2024-05-23 00:00:00+00:00
[2024-05-23T19:53:12.437+0000] {processor.py:183} INFO - Processing /home/airflow/.local/lib/python3.12/site-packages/airflow/example_dags/example_task_group_decorator.py took 0.135 seconds
[2024-05-23T19:53:42.575+0000] {processor.py:161} INFO - Started process (PID=12575) to work on /home/airflow/.local/lib/python3.12/site-packages/airflow/example_dags/example_task_group_decorator.py
[2024-05-23T19:53:42.577+0000] {processor.py:830} INFO - Processing file /home/airflow/.local/lib/python3.12/site-packages/airflow/example_dags/example_task_group_decorator.py for tasks to queue
[2024-05-23T19:53:42.580+0000] {logging_mixin.py:188} INFO - [2024-05-23T19:53:42.579+0000] {dagbag.py:545} INFO - Filling up the DagBag from /home/airflow/.local/lib/python3.12/site-packages/airflow/example_dags/example_task_group_decorator.py
[2024-05-23T19:53:42.601+0000] {processor.py:840} INFO - DAG(s) 'example_task_group_decorator' retrieved from /home/airflow/.local/lib/python3.12/site-packages/airflow/example_dags/example_task_group_decorator.py
[2024-05-23T19:53:42.639+0000] {logging_mixin.py:188} INFO - [2024-05-23T19:53:42.639+0000] {dag.py:3096} INFO - Sync 1 DAGs
[2024-05-23T19:53:42.673+0000] {logging_mixin.py:188} INFO - [2024-05-23T19:53:42.672+0000] {dag.py:3954} INFO - Setting next_dagrun for example_task_group_decorator to 2024-05-22 00:00:00+00:00, run_after=2024-05-23 00:00:00+00:00
[2024-05-23T19:53:42.700+0000] {processor.py:183} INFO - Processing /home/airflow/.local/lib/python3.12/site-packages/airflow/example_dags/example_task_group_decorator.py took 0.133 seconds
[2024-05-23T19:54:13.175+0000] {processor.py:161} INFO - Started process (PID=12837) to work on /home/airflow/.local/lib/python3.12/site-packages/airflow/example_dags/example_task_group_decorator.py
[2024-05-23T19:54:13.177+0000] {processor.py:830} INFO - Processing file /home/airflow/.local/lib/python3.12/site-packages/airflow/example_dags/example_task_group_decorator.py for tasks to queue
[2024-05-23T19:54:13.180+0000] {logging_mixin.py:188} INFO - [2024-05-23T19:54:13.179+0000] {dagbag.py:545} INFO - Filling up the DagBag from /home/airflow/.local/lib/python3.12/site-packages/airflow/example_dags/example_task_group_decorator.py
[2024-05-23T19:54:13.201+0000] {processor.py:840} INFO - DAG(s) 'example_task_group_decorator' retrieved from /home/airflow/.local/lib/python3.12/site-packages/airflow/example_dags/example_task_group_decorator.py
[2024-05-23T19:54:13.238+0000] {logging_mixin.py:188} INFO - [2024-05-23T19:54:13.238+0000] {dag.py:3096} INFO - Sync 1 DAGs
[2024-05-23T19:54:13.271+0000] {logging_mixin.py:188} INFO - [2024-05-23T19:54:13.271+0000] {dag.py:3954} INFO - Setting next_dagrun for example_task_group_decorator to 2024-05-22 00:00:00+00:00, run_after=2024-05-23 00:00:00+00:00
[2024-05-23T19:54:13.297+0000] {processor.py:183} INFO - Processing /home/airflow/.local/lib/python3.12/site-packages/airflow/example_dags/example_task_group_decorator.py took 0.131 seconds
[2024-05-23T19:54:44.051+0000] {processor.py:161} INFO - Started process (PID=13099) to work on /home/airflow/.local/lib/python3.12/site-packages/airflow/example_dags/example_task_group_decorator.py
[2024-05-23T19:54:44.052+0000] {processor.py:830} INFO - Processing file /home/airflow/.local/lib/python3.12/site-packages/airflow/example_dags/example_task_group_decorator.py for tasks to queue
[2024-05-23T19:54:44.055+0000] {logging_mixin.py:188} INFO - [2024-05-23T19:54:44.054+0000] {dagbag.py:545} INFO - Filling up the DagBag from /home/airflow/.local/lib/python3.12/site-packages/airflow/example_dags/example_task_group_decorator.py
[2024-05-23T19:54:44.074+0000] {processor.py:840} INFO - DAG(s) 'example_task_group_decorator' retrieved from /home/airflow/.local/lib/python3.12/site-packages/airflow/example_dags/example_task_group_decorator.py
[2024-05-23T19:54:44.111+0000] {logging_mixin.py:188} INFO - [2024-05-23T19:54:44.110+0000] {dag.py:3096} INFO - Sync 1 DAGs
[2024-05-23T19:54:44.140+0000] {logging_mixin.py:188} INFO - [2024-05-23T19:54:44.140+0000] {dag.py:3954} INFO - Setting next_dagrun for example_task_group_decorator to 2024-05-22 00:00:00+00:00, run_after=2024-05-23 00:00:00+00:00
[2024-05-23T19:54:44.164+0000] {processor.py:183} INFO - Processing /home/airflow/.local/lib/python3.12/site-packages/airflow/example_dags/example_task_group_decorator.py took 0.121 seconds
[2024-05-23T19:55:14.747+0000] {processor.py:161} INFO - Started process (PID=13361) to work on /home/airflow/.local/lib/python3.12/site-packages/airflow/example_dags/example_task_group_decorator.py
[2024-05-23T19:55:14.748+0000] {processor.py:830} INFO - Processing file /home/airflow/.local/lib/python3.12/site-packages/airflow/example_dags/example_task_group_decorator.py for tasks to queue
[2024-05-23T19:55:14.751+0000] {logging_mixin.py:188} INFO - [2024-05-23T19:55:14.750+0000] {dagbag.py:545} INFO - Filling up the DagBag from /home/airflow/.local/lib/python3.12/site-packages/airflow/example_dags/example_task_group_decorator.py
[2024-05-23T19:55:14.772+0000] {processor.py:840} INFO - DAG(s) 'example_task_group_decorator' retrieved from /home/airflow/.local/lib/python3.12/site-packages/airflow/example_dags/example_task_group_decorator.py
[2024-05-23T19:55:14.812+0000] {logging_mixin.py:188} INFO - [2024-05-23T19:55:14.811+0000] {dag.py:3096} INFO - Sync 1 DAGs
[2024-05-23T19:55:14.847+0000] {logging_mixin.py:188} INFO - [2024-05-23T19:55:14.846+0000] {dag.py:3954} INFO - Setting next_dagrun for example_task_group_decorator to 2024-05-22 00:00:00+00:00, run_after=2024-05-23 00:00:00+00:00
[2024-05-23T19:55:14.875+0000] {processor.py:183} INFO - Processing /home/airflow/.local/lib/python3.12/site-packages/airflow/example_dags/example_task_group_decorator.py took 0.139 seconds
[2024-05-23T19:55:45.377+0000] {processor.py:161} INFO - Started process (PID=13623) to work on /home/airflow/.local/lib/python3.12/site-packages/airflow/example_dags/example_task_group_decorator.py
[2024-05-23T19:55:45.379+0000] {processor.py:830} INFO - Processing file /home/airflow/.local/lib/python3.12/site-packages/airflow/example_dags/example_task_group_decorator.py for tasks to queue
[2024-05-23T19:55:45.382+0000] {logging_mixin.py:188} INFO - [2024-05-23T19:55:45.381+0000] {dagbag.py:545} INFO - Filling up the DagBag from /home/airflow/.local/lib/python3.12/site-packages/airflow/example_dags/example_task_group_decorator.py
[2024-05-23T19:55:45.406+0000] {processor.py:840} INFO - DAG(s) 'example_task_group_decorator' retrieved from /home/airflow/.local/lib/python3.12/site-packages/airflow/example_dags/example_task_group_decorator.py
[2024-05-23T19:55:45.445+0000] {logging_mixin.py:188} INFO - [2024-05-23T19:55:45.445+0000] {dag.py:3096} INFO - Sync 1 DAGs
[2024-05-23T19:55:45.478+0000] {logging_mixin.py:188} INFO - [2024-05-23T19:55:45.478+0000] {dag.py:3954} INFO - Setting next_dagrun for example_task_group_decorator to 2024-05-22 00:00:00+00:00, run_after=2024-05-23 00:00:00+00:00
[2024-05-23T19:55:45.505+0000] {processor.py:183} INFO - Processing /home/airflow/.local/lib/python3.12/site-packages/airflow/example_dags/example_task_group_decorator.py took 0.141 seconds
[2024-05-23T19:56:15.715+0000] {processor.py:161} INFO - Started process (PID=13885) to work on /home/airflow/.local/lib/python3.12/site-packages/airflow/example_dags/example_task_group_decorator.py
[2024-05-23T19:56:15.716+0000] {processor.py:830} INFO - Processing file /home/airflow/.local/lib/python3.12/site-packages/airflow/example_dags/example_task_group_decorator.py for tasks to queue
[2024-05-23T19:56:15.719+0000] {logging_mixin.py:188} INFO - [2024-05-23T19:56:15.718+0000] {dagbag.py:545} INFO - Filling up the DagBag from /home/airflow/.local/lib/python3.12/site-packages/airflow/example_dags/example_task_group_decorator.py
[2024-05-23T19:56:15.738+0000] {processor.py:840} INFO - DAG(s) 'example_task_group_decorator' retrieved from /home/airflow/.local/lib/python3.12/site-packages/airflow/example_dags/example_task_group_decorator.py
[2024-05-23T19:56:15.766+0000] {logging_mixin.py:188} INFO - [2024-05-23T19:56:15.765+0000] {dag.py:3096} INFO - Sync 1 DAGs
[2024-05-23T19:56:15.791+0000] {logging_mixin.py:188} INFO - [2024-05-23T19:56:15.790+0000] {dag.py:3954} INFO - Setting next_dagrun for example_task_group_decorator to 2024-05-22 00:00:00+00:00, run_after=2024-05-23 00:00:00+00:00
[2024-05-23T19:56:15.812+0000] {processor.py:183} INFO - Processing /home/airflow/.local/lib/python3.12/site-packages/airflow/example_dags/example_task_group_decorator.py took 0.105 seconds
[2024-05-23T19:56:46.523+0000] {processor.py:161} INFO - Started process (PID=14153) to work on /home/airflow/.local/lib/python3.12/site-packages/airflow/example_dags/example_task_group_decorator.py
[2024-05-23T19:56:46.524+0000] {processor.py:830} INFO - Processing file /home/airflow/.local/lib/python3.12/site-packages/airflow/example_dags/example_task_group_decorator.py for tasks to queue
[2024-05-23T19:56:46.527+0000] {logging_mixin.py:188} INFO - [2024-05-23T19:56:46.527+0000] {dagbag.py:545} INFO - Filling up the DagBag from /home/airflow/.local/lib/python3.12/site-packages/airflow/example_dags/example_task_group_decorator.py
[2024-05-23T19:56:46.547+0000] {processor.py:840} INFO - DAG(s) 'example_task_group_decorator' retrieved from /home/airflow/.local/lib/python3.12/site-packages/airflow/example_dags/example_task_group_decorator.py
[2024-05-23T19:56:46.580+0000] {logging_mixin.py:188} INFO - [2024-05-23T19:56:46.580+0000] {dag.py:3096} INFO - Sync 1 DAGs
[2024-05-23T19:56:46.607+0000] {logging_mixin.py:188} INFO - [2024-05-23T19:56:46.607+0000] {dag.py:3954} INFO - Setting next_dagrun for example_task_group_decorator to 2024-05-22 00:00:00+00:00, run_after=2024-05-23 00:00:00+00:00
[2024-05-23T19:56:46.630+0000] {processor.py:183} INFO - Processing /home/airflow/.local/lib/python3.12/site-packages/airflow/example_dags/example_task_group_decorator.py took 0.115 seconds
[2024-05-23T19:57:17.078+0000] {processor.py:161} INFO - Started process (PID=14415) to work on /home/airflow/.local/lib/python3.12/site-packages/airflow/example_dags/example_task_group_decorator.py
[2024-05-23T19:57:17.079+0000] {processor.py:830} INFO - Processing file /home/airflow/.local/lib/python3.12/site-packages/airflow/example_dags/example_task_group_decorator.py for tasks to queue
[2024-05-23T19:57:17.082+0000] {logging_mixin.py:188} INFO - [2024-05-23T19:57:17.081+0000] {dagbag.py:545} INFO - Filling up the DagBag from /home/airflow/.local/lib/python3.12/site-packages/airflow/example_dags/example_task_group_decorator.py
[2024-05-23T19:57:17.105+0000] {processor.py:840} INFO - DAG(s) 'example_task_group_decorator' retrieved from /home/airflow/.local/lib/python3.12/site-packages/airflow/example_dags/example_task_group_decorator.py
[2024-05-23T19:57:17.140+0000] {logging_mixin.py:188} INFO - [2024-05-23T19:57:17.140+0000] {dag.py:3096} INFO - Sync 1 DAGs
[2024-05-23T19:57:17.170+0000] {logging_mixin.py:188} INFO - [2024-05-23T19:57:17.170+0000] {dag.py:3954} INFO - Setting next_dagrun for example_task_group_decorator to 2024-05-22 00:00:00+00:00, run_after=2024-05-23 00:00:00+00:00
[2024-05-23T19:57:17.197+0000] {processor.py:183} INFO - Processing /home/airflow/.local/lib/python3.12/site-packages/airflow/example_dags/example_task_group_decorator.py took 0.127 seconds
[2024-05-23T19:58:10.058+0000] {processor.py:161} INFO - Started process (PID=14677) to work on /home/airflow/.local/lib/python3.12/site-packages/airflow/example_dags/example_task_group_decorator.py
[2024-05-23T19:58:10.060+0000] {processor.py:830} INFO - Processing file /home/airflow/.local/lib/python3.12/site-packages/airflow/example_dags/example_task_group_decorator.py for tasks to queue
[2024-05-23T19:58:10.064+0000] {logging_mixin.py:188} INFO - [2024-05-23T19:58:10.063+0000] {dagbag.py:545} INFO - Filling up the DagBag from /home/airflow/.local/lib/python3.12/site-packages/airflow/example_dags/example_task_group_decorator.py
[2024-05-23T19:58:10.136+0000] {processor.py:840} INFO - DAG(s) 'example_task_group_decorator' retrieved from /home/airflow/.local/lib/python3.12/site-packages/airflow/example_dags/example_task_group_decorator.py
[2024-05-23T19:58:10.201+0000] {logging_mixin.py:188} INFO - [2024-05-23T19:58:10.200+0000] {dag.py:3096} INFO - Sync 1 DAGs
[2024-05-23T19:58:10.247+0000] {logging_mixin.py:188} INFO - [2024-05-23T19:58:10.246+0000] {dag.py:3954} INFO - Setting next_dagrun for example_task_group_decorator to 2024-05-22 00:00:00+00:00, run_after=2024-05-23 00:00:00+00:00
[2024-05-23T19:58:10.290+0000] {processor.py:183} INFO - Processing /home/airflow/.local/lib/python3.12/site-packages/airflow/example_dags/example_task_group_decorator.py took 0.245 seconds
[2024-05-23T20:03:42.448+0000] {processor.py:161} INFO - Started process (PID=15008) to work on /home/airflow/.local/lib/python3.12/site-packages/airflow/example_dags/example_task_group_decorator.py
[2024-05-23T20:03:42.449+0000] {processor.py:830} INFO - Processing file /home/airflow/.local/lib/python3.12/site-packages/airflow/example_dags/example_task_group_decorator.py for tasks to queue
[2024-05-23T20:03:42.451+0000] {logging_mixin.py:188} INFO - [2024-05-23T20:03:42.451+0000] {dagbag.py:545} INFO - Filling up the DagBag from /home/airflow/.local/lib/python3.12/site-packages/airflow/example_dags/example_task_group_decorator.py
[2024-05-23T20:03:42.472+0000] {processor.py:840} INFO - DAG(s) 'example_task_group_decorator' retrieved from /home/airflow/.local/lib/python3.12/site-packages/airflow/example_dags/example_task_group_decorator.py
[2024-05-23T20:03:42.524+0000] {logging_mixin.py:188} INFO - [2024-05-23T20:03:42.524+0000] {dag.py:3096} INFO - Sync 1 DAGs
[2024-05-23T20:03:42.558+0000] {logging_mixin.py:188} INFO - [2024-05-23T20:03:42.558+0000] {dag.py:3954} INFO - Setting next_dagrun for example_task_group_decorator to 2024-05-22 00:00:00+00:00, run_after=2024-05-23 00:00:00+00:00
[2024-05-23T20:03:42.585+0000] {processor.py:183} INFO - Processing /home/airflow/.local/lib/python3.12/site-packages/airflow/example_dags/example_task_group_decorator.py took 0.146 seconds
[2024-05-23T20:04:15.863+0000] {processor.py:161} INFO - Started process (PID=15270) to work on /home/airflow/.local/lib/python3.12/site-packages/airflow/example_dags/example_task_group_decorator.py
[2024-05-23T20:04:15.869+0000] {processor.py:830} INFO - Processing file /home/airflow/.local/lib/python3.12/site-packages/airflow/example_dags/example_task_group_decorator.py for tasks to queue
[2024-05-23T20:04:15.876+0000] {logging_mixin.py:188} INFO - [2024-05-23T20:04:15.874+0000] {dagbag.py:545} INFO - Filling up the DagBag from /home/airflow/.local/lib/python3.12/site-packages/airflow/example_dags/example_task_group_decorator.py
[2024-05-23T20:04:15.969+0000] {processor.py:840} INFO - DAG(s) 'example_task_group_decorator' retrieved from /home/airflow/.local/lib/python3.12/site-packages/airflow/example_dags/example_task_group_decorator.py
[2024-05-23T20:04:16.117+0000] {logging_mixin.py:188} INFO - [2024-05-23T20:04:16.115+0000] {dag.py:3096} INFO - Sync 1 DAGs
[2024-05-23T20:04:16.223+0000] {logging_mixin.py:188} INFO - [2024-05-23T20:04:16.222+0000] {dag.py:3954} INFO - Setting next_dagrun for example_task_group_decorator to 2024-05-22 00:00:00+00:00, run_after=2024-05-23 00:00:00+00:00
[2024-05-23T20:04:16.313+0000] {processor.py:183} INFO - Processing /home/airflow/.local/lib/python3.12/site-packages/airflow/example_dags/example_task_group_decorator.py took 0.487 seconds
[2024-05-23T20:08:12.569+0000] {processor.py:161} INFO - Started process (PID=15533) to work on /home/airflow/.local/lib/python3.12/site-packages/airflow/example_dags/example_task_group_decorator.py
[2024-05-23T20:08:12.571+0000] {processor.py:830} INFO - Processing file /home/airflow/.local/lib/python3.12/site-packages/airflow/example_dags/example_task_group_decorator.py for tasks to queue
[2024-05-23T20:08:12.572+0000] {logging_mixin.py:188} INFO - [2024-05-23T20:08:12.572+0000] {dagbag.py:545} INFO - Filling up the DagBag from /home/airflow/.local/lib/python3.12/site-packages/airflow/example_dags/example_task_group_decorator.py
[2024-05-23T20:08:12.592+0000] {processor.py:840} INFO - DAG(s) 'example_task_group_decorator' retrieved from /home/airflow/.local/lib/python3.12/site-packages/airflow/example_dags/example_task_group_decorator.py
[2024-05-23T20:08:12.630+0000] {logging_mixin.py:188} INFO - [2024-05-23T20:08:12.629+0000] {dag.py:3096} INFO - Sync 1 DAGs
[2024-05-23T20:08:12.679+0000] {logging_mixin.py:188} INFO - [2024-05-23T20:08:12.678+0000] {dag.py:3954} INFO - Setting next_dagrun for example_task_group_decorator to 2024-05-22 00:00:00+00:00, run_after=2024-05-23 00:00:00+00:00
[2024-05-23T20:08:12.702+0000] {processor.py:183} INFO - Processing /home/airflow/.local/lib/python3.12/site-packages/airflow/example_dags/example_task_group_decorator.py took 0.142 seconds
[2024-05-23T20:08:42.841+0000] {processor.py:161} INFO - Started process (PID=15795) to work on /home/airflow/.local/lib/python3.12/site-packages/airflow/example_dags/example_task_group_decorator.py
[2024-05-23T20:08:42.843+0000] {processor.py:830} INFO - Processing file /home/airflow/.local/lib/python3.12/site-packages/airflow/example_dags/example_task_group_decorator.py for tasks to queue
[2024-05-23T20:08:42.844+0000] {logging_mixin.py:188} INFO - [2024-05-23T20:08:42.844+0000] {dagbag.py:545} INFO - Filling up the DagBag from /home/airflow/.local/lib/python3.12/site-packages/airflow/example_dags/example_task_group_decorator.py
[2024-05-23T20:08:42.868+0000] {processor.py:840} INFO - DAG(s) 'example_task_group_decorator' retrieved from /home/airflow/.local/lib/python3.12/site-packages/airflow/example_dags/example_task_group_decorator.py
[2024-05-23T20:08:42.914+0000] {logging_mixin.py:188} INFO - [2024-05-23T20:08:42.913+0000] {dag.py:3096} INFO - Sync 1 DAGs
[2024-05-23T20:08:42.947+0000] {logging_mixin.py:188} INFO - [2024-05-23T20:08:42.947+0000] {dag.py:3954} INFO - Setting next_dagrun for example_task_group_decorator to 2024-05-22 00:00:00+00:00, run_after=2024-05-23 00:00:00+00:00
[2024-05-23T20:08:42.996+0000] {processor.py:183} INFO - Processing /home/airflow/.local/lib/python3.12/site-packages/airflow/example_dags/example_task_group_decorator.py took 0.164 seconds
[2024-05-23T20:09:13.396+0000] {processor.py:161} INFO - Started process (PID=16059) to work on /home/airflow/.local/lib/python3.12/site-packages/airflow/example_dags/example_task_group_decorator.py
[2024-05-23T20:09:13.398+0000] {processor.py:830} INFO - Processing file /home/airflow/.local/lib/python3.12/site-packages/airflow/example_dags/example_task_group_decorator.py for tasks to queue
[2024-05-23T20:09:13.401+0000] {logging_mixin.py:188} INFO - [2024-05-23T20:09:13.400+0000] {dagbag.py:545} INFO - Filling up the DagBag from /home/airflow/.local/lib/python3.12/site-packages/airflow/example_dags/example_task_group_decorator.py
[2024-05-23T20:09:13.421+0000] {processor.py:840} INFO - DAG(s) 'example_task_group_decorator' retrieved from /home/airflow/.local/lib/python3.12/site-packages/airflow/example_dags/example_task_group_decorator.py
[2024-05-23T20:09:13.459+0000] {logging_mixin.py:188} INFO - [2024-05-23T20:09:13.459+0000] {dag.py:3096} INFO - Sync 1 DAGs
[2024-05-23T20:09:13.487+0000] {logging_mixin.py:188} INFO - [2024-05-23T20:09:13.487+0000] {dag.py:3954} INFO - Setting next_dagrun for example_task_group_decorator to 2024-05-22 00:00:00+00:00, run_after=2024-05-23 00:00:00+00:00
[2024-05-23T20:09:13.511+0000] {processor.py:183} INFO - Processing /home/airflow/.local/lib/python3.12/site-packages/airflow/example_dags/example_task_group_decorator.py took 0.124 seconds
[2024-05-23T20:09:43.776+0000] {processor.py:161} INFO - Started process (PID=16320) to work on /home/airflow/.local/lib/python3.12/site-packages/airflow/example_dags/example_task_group_decorator.py
[2024-05-23T20:09:43.778+0000] {processor.py:830} INFO - Processing file /home/airflow/.local/lib/python3.12/site-packages/airflow/example_dags/example_task_group_decorator.py for tasks to queue
[2024-05-23T20:09:43.779+0000] {logging_mixin.py:188} INFO - [2024-05-23T20:09:43.779+0000] {dagbag.py:545} INFO - Filling up the DagBag from /home/airflow/.local/lib/python3.12/site-packages/airflow/example_dags/example_task_group_decorator.py
[2024-05-23T20:09:43.800+0000] {processor.py:840} INFO - DAG(s) 'example_task_group_decorator' retrieved from /home/airflow/.local/lib/python3.12/site-packages/airflow/example_dags/example_task_group_decorator.py
[2024-05-23T20:09:43.840+0000] {logging_mixin.py:188} INFO - [2024-05-23T20:09:43.839+0000] {dag.py:3096} INFO - Sync 1 DAGs
[2024-05-23T20:09:43.868+0000] {logging_mixin.py:188} INFO - [2024-05-23T20:09:43.868+0000] {dag.py:3954} INFO - Setting next_dagrun for example_task_group_decorator to 2024-05-22 00:00:00+00:00, run_after=2024-05-23 00:00:00+00:00
[2024-05-23T20:09:43.892+0000] {processor.py:183} INFO - Processing /home/airflow/.local/lib/python3.12/site-packages/airflow/example_dags/example_task_group_decorator.py took 0.123 seconds
[2024-05-23T20:10:14.078+0000] {processor.py:161} INFO - Started process (PID=16581) to work on /home/airflow/.local/lib/python3.12/site-packages/airflow/example_dags/example_task_group_decorator.py
[2024-05-23T20:10:14.079+0000] {processor.py:830} INFO - Processing file /home/airflow/.local/lib/python3.12/site-packages/airflow/example_dags/example_task_group_decorator.py for tasks to queue
[2024-05-23T20:10:14.081+0000] {logging_mixin.py:188} INFO - [2024-05-23T20:10:14.080+0000] {dagbag.py:545} INFO - Filling up the DagBag from /home/airflow/.local/lib/python3.12/site-packages/airflow/example_dags/example_task_group_decorator.py
[2024-05-23T20:10:14.103+0000] {processor.py:840} INFO - DAG(s) 'example_task_group_decorator' retrieved from /home/airflow/.local/lib/python3.12/site-packages/airflow/example_dags/example_task_group_decorator.py
[2024-05-23T20:10:14.140+0000] {logging_mixin.py:188} INFO - [2024-05-23T20:10:14.140+0000] {dag.py:3096} INFO - Sync 1 DAGs
[2024-05-23T20:10:14.186+0000] {logging_mixin.py:188} INFO - [2024-05-23T20:10:14.185+0000] {dag.py:3954} INFO - Setting next_dagrun for example_task_group_decorator to 2024-05-22 00:00:00+00:00, run_after=2024-05-23 00:00:00+00:00
[2024-05-23T20:10:14.249+0000] {processor.py:183} INFO - Processing /home/airflow/.local/lib/python3.12/site-packages/airflow/example_dags/example_task_group_decorator.py took 0.179 seconds
[2024-05-23T20:10:44.326+0000] {processor.py:161} INFO - Started process (PID=16843) to work on /home/airflow/.local/lib/python3.12/site-packages/airflow/example_dags/example_task_group_decorator.py
[2024-05-23T20:10:44.328+0000] {processor.py:830} INFO - Processing file /home/airflow/.local/lib/python3.12/site-packages/airflow/example_dags/example_task_group_decorator.py for tasks to queue
[2024-05-23T20:10:44.329+0000] {logging_mixin.py:188} INFO - [2024-05-23T20:10:44.329+0000] {dagbag.py:545} INFO - Filling up the DagBag from /home/airflow/.local/lib/python3.12/site-packages/airflow/example_dags/example_task_group_decorator.py
[2024-05-23T20:10:44.350+0000] {processor.py:840} INFO - DAG(s) 'example_task_group_decorator' retrieved from /home/airflow/.local/lib/python3.12/site-packages/airflow/example_dags/example_task_group_decorator.py
[2024-05-23T20:10:44.387+0000] {logging_mixin.py:188} INFO - [2024-05-23T20:10:44.387+0000] {dag.py:3096} INFO - Sync 1 DAGs
[2024-05-23T20:10:44.415+0000] {logging_mixin.py:188} INFO - [2024-05-23T20:10:44.415+0000] {dag.py:3954} INFO - Setting next_dagrun for example_task_group_decorator to 2024-05-22 00:00:00+00:00, run_after=2024-05-23 00:00:00+00:00
[2024-05-23T20:10:44.439+0000] {processor.py:183} INFO - Processing /home/airflow/.local/lib/python3.12/site-packages/airflow/example_dags/example_task_group_decorator.py took 0.123 seconds
[2024-05-23T20:11:14.504+0000] {processor.py:161} INFO - Started process (PID=17104) to work on /home/airflow/.local/lib/python3.12/site-packages/airflow/example_dags/example_task_group_decorator.py
[2024-05-23T20:11:14.505+0000] {processor.py:830} INFO - Processing file /home/airflow/.local/lib/python3.12/site-packages/airflow/example_dags/example_task_group_decorator.py for tasks to queue
[2024-05-23T20:11:14.507+0000] {logging_mixin.py:188} INFO - [2024-05-23T20:11:14.506+0000] {dagbag.py:545} INFO - Filling up the DagBag from /home/airflow/.local/lib/python3.12/site-packages/airflow/example_dags/example_task_group_decorator.py
[2024-05-23T20:11:14.527+0000] {processor.py:840} INFO - DAG(s) 'example_task_group_decorator' retrieved from /home/airflow/.local/lib/python3.12/site-packages/airflow/example_dags/example_task_group_decorator.py
[2024-05-23T20:11:14.562+0000] {logging_mixin.py:188} INFO - [2024-05-23T20:11:14.562+0000] {dag.py:3096} INFO - Sync 1 DAGs
[2024-05-23T20:11:14.587+0000] {logging_mixin.py:188} INFO - [2024-05-23T20:11:14.587+0000] {dag.py:3954} INFO - Setting next_dagrun for example_task_group_decorator to 2024-05-22 00:00:00+00:00, run_after=2024-05-23 00:00:00+00:00
[2024-05-23T20:11:14.608+0000] {processor.py:183} INFO - Processing /home/airflow/.local/lib/python3.12/site-packages/airflow/example_dags/example_task_group_decorator.py took 0.114 seconds
[2024-05-23T20:11:45.004+0000] {processor.py:161} INFO - Started process (PID=17366) to work on /home/airflow/.local/lib/python3.12/site-packages/airflow/example_dags/example_task_group_decorator.py
[2024-05-23T20:11:45.006+0000] {processor.py:830} INFO - Processing file /home/airflow/.local/lib/python3.12/site-packages/airflow/example_dags/example_task_group_decorator.py for tasks to queue
[2024-05-23T20:11:45.008+0000] {logging_mixin.py:188} INFO - [2024-05-23T20:11:45.007+0000] {dagbag.py:545} INFO - Filling up the DagBag from /home/airflow/.local/lib/python3.12/site-packages/airflow/example_dags/example_task_group_decorator.py
[2024-05-23T20:11:45.033+0000] {processor.py:840} INFO - DAG(s) 'example_task_group_decorator' retrieved from /home/airflow/.local/lib/python3.12/site-packages/airflow/example_dags/example_task_group_decorator.py
[2024-05-23T20:11:45.071+0000] {logging_mixin.py:188} INFO - [2024-05-23T20:11:45.070+0000] {dag.py:3096} INFO - Sync 1 DAGs
[2024-05-23T20:11:45.100+0000] {logging_mixin.py:188} INFO - [2024-05-23T20:11:45.100+0000] {dag.py:3954} INFO - Setting next_dagrun for example_task_group_decorator to 2024-05-22 00:00:00+00:00, run_after=2024-05-23 00:00:00+00:00
[2024-05-23T20:11:45.143+0000] {processor.py:183} INFO - Processing /home/airflow/.local/lib/python3.12/site-packages/airflow/example_dags/example_task_group_decorator.py took 0.147 seconds
[2024-05-23T20:12:15.642+0000] {processor.py:161} INFO - Started process (PID=17628) to work on /home/airflow/.local/lib/python3.12/site-packages/airflow/example_dags/example_task_group_decorator.py
[2024-05-23T20:12:15.643+0000] {processor.py:830} INFO - Processing file /home/airflow/.local/lib/python3.12/site-packages/airflow/example_dags/example_task_group_decorator.py for tasks to queue
[2024-05-23T20:12:15.645+0000] {logging_mixin.py:188} INFO - [2024-05-23T20:12:15.645+0000] {dagbag.py:545} INFO - Filling up the DagBag from /home/airflow/.local/lib/python3.12/site-packages/airflow/example_dags/example_task_group_decorator.py
[2024-05-23T20:12:15.669+0000] {processor.py:840} INFO - DAG(s) 'example_task_group_decorator' retrieved from /home/airflow/.local/lib/python3.12/site-packages/airflow/example_dags/example_task_group_decorator.py
[2024-05-23T20:12:15.714+0000] {logging_mixin.py:188} INFO - [2024-05-23T20:12:15.714+0000] {dag.py:3096} INFO - Sync 1 DAGs
[2024-05-23T20:12:15.746+0000] {logging_mixin.py:188} INFO - [2024-05-23T20:12:15.746+0000] {dag.py:3954} INFO - Setting next_dagrun for example_task_group_decorator to 2024-05-22 00:00:00+00:00, run_after=2024-05-23 00:00:00+00:00
[2024-05-23T20:12:15.775+0000] {processor.py:183} INFO - Processing /home/airflow/.local/lib/python3.12/site-packages/airflow/example_dags/example_task_group_decorator.py took 0.144 seconds
[2024-05-23T20:12:46.032+0000] {processor.py:161} INFO - Started process (PID=17890) to work on /home/airflow/.local/lib/python3.12/site-packages/airflow/example_dags/example_task_group_decorator.py
[2024-05-23T20:12:46.034+0000] {processor.py:830} INFO - Processing file /home/airflow/.local/lib/python3.12/site-packages/airflow/example_dags/example_task_group_decorator.py for tasks to queue
[2024-05-23T20:12:46.035+0000] {logging_mixin.py:188} INFO - [2024-05-23T20:12:46.035+0000] {dagbag.py:545} INFO - Filling up the DagBag from /home/airflow/.local/lib/python3.12/site-packages/airflow/example_dags/example_task_group_decorator.py
[2024-05-23T20:12:46.058+0000] {processor.py:840} INFO - DAG(s) 'example_task_group_decorator' retrieved from /home/airflow/.local/lib/python3.12/site-packages/airflow/example_dags/example_task_group_decorator.py
[2024-05-23T20:12:46.094+0000] {logging_mixin.py:188} INFO - [2024-05-23T20:12:46.094+0000] {dag.py:3096} INFO - Sync 1 DAGs
[2024-05-23T20:12:46.123+0000] {logging_mixin.py:188} INFO - [2024-05-23T20:12:46.123+0000] {dag.py:3954} INFO - Setting next_dagrun for example_task_group_decorator to 2024-05-22 00:00:00+00:00, run_after=2024-05-23 00:00:00+00:00
[2024-05-23T20:12:46.148+0000] {processor.py:183} INFO - Processing /home/airflow/.local/lib/python3.12/site-packages/airflow/example_dags/example_task_group_decorator.py took 0.124 seconds
[2024-05-23T20:13:16.282+0000] {processor.py:161} INFO - Started process (PID=18152) to work on /home/airflow/.local/lib/python3.12/site-packages/airflow/example_dags/example_task_group_decorator.py
[2024-05-23T20:13:16.284+0000] {processor.py:830} INFO - Processing file /home/airflow/.local/lib/python3.12/site-packages/airflow/example_dags/example_task_group_decorator.py for tasks to queue
[2024-05-23T20:13:16.285+0000] {logging_mixin.py:188} INFO - [2024-05-23T20:13:16.285+0000] {dagbag.py:545} INFO - Filling up the DagBag from /home/airflow/.local/lib/python3.12/site-packages/airflow/example_dags/example_task_group_decorator.py
[2024-05-23T20:13:16.309+0000] {processor.py:840} INFO - DAG(s) 'example_task_group_decorator' retrieved from /home/airflow/.local/lib/python3.12/site-packages/airflow/example_dags/example_task_group_decorator.py
[2024-05-23T20:13:16.349+0000] {logging_mixin.py:188} INFO - [2024-05-23T20:13:16.348+0000] {dag.py:3096} INFO - Sync 1 DAGs
[2024-05-23T20:13:16.378+0000] {logging_mixin.py:188} INFO - [2024-05-23T20:13:16.378+0000] {dag.py:3954} INFO - Setting next_dagrun for example_task_group_decorator to 2024-05-22 00:00:00+00:00, run_after=2024-05-23 00:00:00+00:00
[2024-05-23T20:13:16.402+0000] {processor.py:183} INFO - Processing /home/airflow/.local/lib/python3.12/site-packages/airflow/example_dags/example_task_group_decorator.py took 0.128 seconds
