[2024-05-23T19:29:51.160+0000] {processor.py:161} INFO - Started process (PID=272) to work on /home/airflow/.local/lib/python3.12/site-packages/airflow/example_dags/example_display_name.py
[2024-05-23T19:29:51.163+0000] {processor.py:830} INFO - Processing file /home/airflow/.local/lib/python3.12/site-packages/airflow/example_dags/example_display_name.py for tasks to queue
[2024-05-23T19:29:51.169+0000] {logging_mixin.py:188} INFO - [2024-05-23T19:29:51.168+0000] {dagbag.py:545} INFO - Filling up the DagBag from /home/airflow/.local/lib/python3.12/site-packages/airflow/example_dags/example_display_name.py
[2024-05-23T19:29:51.185+0000] {processor.py:840} INFO - DAG(s) 'example_display_name' retrieved from /home/airflow/.local/lib/python3.12/site-packages/airflow/example_dags/example_display_name.py
[2024-05-23T19:29:51.506+0000] {logging_mixin.py:188} INFO - [2024-05-23T19:29:51.503+0000] {dag.py:3096} INFO - Sync 1 DAGs
[2024-05-23T19:29:51.594+0000] {logging_mixin.py:188} INFO - [2024-05-23T19:29:51.594+0000] {dag.py:3954} INFO - Setting next_dagrun for example_display_name to None, run_after=None
[2024-05-23T19:29:51.823+0000] {processor.py:183} INFO - Processing /home/airflow/.local/lib/python3.12/site-packages/airflow/example_dags/example_display_name.py took 0.681 seconds
[2024-05-23T19:30:22.388+0000] {processor.py:161} INFO - Started process (PID=531) to work on /home/airflow/.local/lib/python3.12/site-packages/airflow/example_dags/example_display_name.py
[2024-05-23T19:30:22.392+0000] {processor.py:830} INFO - Processing file /home/airflow/.local/lib/python3.12/site-packages/airflow/example_dags/example_display_name.py for tasks to queue
[2024-05-23T19:30:22.395+0000] {logging_mixin.py:188} INFO - [2024-05-23T19:30:22.394+0000] {dagbag.py:545} INFO - Filling up the DagBag from /home/airflow/.local/lib/python3.12/site-packages/airflow/example_dags/example_display_name.py
[2024-05-23T19:30:22.406+0000] {processor.py:840} INFO - DAG(s) 'example_display_name' retrieved from /home/airflow/.local/lib/python3.12/site-packages/airflow/example_dags/example_display_name.py
[2024-05-23T19:30:22.452+0000] {logging_mixin.py:188} INFO - [2024-05-23T19:30:22.451+0000] {dag.py:3096} INFO - Sync 1 DAGs
[2024-05-23T19:30:22.490+0000] {logging_mixin.py:188} INFO - [2024-05-23T19:30:22.490+0000] {dag.py:3954} INFO - Setting next_dagrun for example_display_name to None, run_after=None
[2024-05-23T19:30:22.535+0000] {processor.py:183} INFO - Processing /home/airflow/.local/lib/python3.12/site-packages/airflow/example_dags/example_display_name.py took 0.157 seconds
[2024-05-23T19:30:52.626+0000] {processor.py:161} INFO - Started process (PID=793) to work on /home/airflow/.local/lib/python3.12/site-packages/airflow/example_dags/example_display_name.py
[2024-05-23T19:30:52.629+0000] {processor.py:830} INFO - Processing file /home/airflow/.local/lib/python3.12/site-packages/airflow/example_dags/example_display_name.py for tasks to queue
[2024-05-23T19:30:52.632+0000] {logging_mixin.py:188} INFO - [2024-05-23T19:30:52.632+0000] {dagbag.py:545} INFO - Filling up the DagBag from /home/airflow/.local/lib/python3.12/site-packages/airflow/example_dags/example_display_name.py
[2024-05-23T19:30:52.647+0000] {processor.py:840} INFO - DAG(s) 'example_display_name' retrieved from /home/airflow/.local/lib/python3.12/site-packages/airflow/example_dags/example_display_name.py
[2024-05-23T19:30:52.682+0000] {logging_mixin.py:188} INFO - [2024-05-23T19:30:52.681+0000] {dag.py:3096} INFO - Sync 1 DAGs
[2024-05-23T19:30:52.704+0000] {logging_mixin.py:188} INFO - [2024-05-23T19:30:52.704+0000] {dag.py:3954} INFO - Setting next_dagrun for example_display_name to None, run_after=None
[2024-05-23T19:30:52.736+0000] {processor.py:183} INFO - Processing /home/airflow/.local/lib/python3.12/site-packages/airflow/example_dags/example_display_name.py took 0.120 seconds
[2024-05-23T19:31:22.982+0000] {processor.py:161} INFO - Started process (PID=1055) to work on /home/airflow/.local/lib/python3.12/site-packages/airflow/example_dags/example_display_name.py
[2024-05-23T19:31:22.984+0000] {processor.py:830} INFO - Processing file /home/airflow/.local/lib/python3.12/site-packages/airflow/example_dags/example_display_name.py for tasks to queue
[2024-05-23T19:31:22.987+0000] {logging_mixin.py:188} INFO - [2024-05-23T19:31:22.987+0000] {dagbag.py:545} INFO - Filling up the DagBag from /home/airflow/.local/lib/python3.12/site-packages/airflow/example_dags/example_display_name.py
[2024-05-23T19:31:22.996+0000] {processor.py:840} INFO - DAG(s) 'example_display_name' retrieved from /home/airflow/.local/lib/python3.12/site-packages/airflow/example_dags/example_display_name.py
[2024-05-23T19:31:23.026+0000] {logging_mixin.py:188} INFO - [2024-05-23T19:31:23.025+0000] {dag.py:3096} INFO - Sync 1 DAGs
[2024-05-23T19:31:23.046+0000] {logging_mixin.py:188} INFO - [2024-05-23T19:31:23.045+0000] {dag.py:3954} INFO - Setting next_dagrun for example_display_name to None, run_after=None
[2024-05-23T19:31:23.074+0000] {processor.py:183} INFO - Processing /home/airflow/.local/lib/python3.12/site-packages/airflow/example_dags/example_display_name.py took 0.101 seconds
[2024-05-23T19:31:53.309+0000] {processor.py:161} INFO - Started process (PID=1317) to work on /home/airflow/.local/lib/python3.12/site-packages/airflow/example_dags/example_display_name.py
[2024-05-23T19:31:53.311+0000] {processor.py:830} INFO - Processing file /home/airflow/.local/lib/python3.12/site-packages/airflow/example_dags/example_display_name.py for tasks to queue
[2024-05-23T19:31:53.313+0000] {logging_mixin.py:188} INFO - [2024-05-23T19:31:53.313+0000] {dagbag.py:545} INFO - Filling up the DagBag from /home/airflow/.local/lib/python3.12/site-packages/airflow/example_dags/example_display_name.py
[2024-05-23T19:31:53.322+0000] {processor.py:840} INFO - DAG(s) 'example_display_name' retrieved from /home/airflow/.local/lib/python3.12/site-packages/airflow/example_dags/example_display_name.py
[2024-05-23T19:31:53.351+0000] {logging_mixin.py:188} INFO - [2024-05-23T19:31:53.350+0000] {dag.py:3096} INFO - Sync 1 DAGs
[2024-05-23T19:31:53.370+0000] {logging_mixin.py:188} INFO - [2024-05-23T19:31:53.370+0000] {dag.py:3954} INFO - Setting next_dagrun for example_display_name to None, run_after=None
[2024-05-23T19:31:53.398+0000] {processor.py:183} INFO - Processing /home/airflow/.local/lib/python3.12/site-packages/airflow/example_dags/example_display_name.py took 0.097 seconds
[2024-05-23T19:32:23.764+0000] {processor.py:161} INFO - Started process (PID=1579) to work on /home/airflow/.local/lib/python3.12/site-packages/airflow/example_dags/example_display_name.py
[2024-05-23T19:32:23.766+0000] {processor.py:830} INFO - Processing file /home/airflow/.local/lib/python3.12/site-packages/airflow/example_dags/example_display_name.py for tasks to queue
[2024-05-23T19:32:23.769+0000] {logging_mixin.py:188} INFO - [2024-05-23T19:32:23.769+0000] {dagbag.py:545} INFO - Filling up the DagBag from /home/airflow/.local/lib/python3.12/site-packages/airflow/example_dags/example_display_name.py
[2024-05-23T19:32:23.781+0000] {processor.py:840} INFO - DAG(s) 'example_display_name' retrieved from /home/airflow/.local/lib/python3.12/site-packages/airflow/example_dags/example_display_name.py
[2024-05-23T19:32:23.819+0000] {logging_mixin.py:188} INFO - [2024-05-23T19:32:23.819+0000] {dag.py:3096} INFO - Sync 1 DAGs
[2024-05-23T19:32:23.844+0000] {logging_mixin.py:188} INFO - [2024-05-23T19:32:23.844+0000] {dag.py:3954} INFO - Setting next_dagrun for example_display_name to None, run_after=None
[2024-05-23T19:32:23.881+0000] {processor.py:183} INFO - Processing /home/airflow/.local/lib/python3.12/site-packages/airflow/example_dags/example_display_name.py took 0.130 seconds
[2024-05-23T19:32:53.974+0000] {processor.py:161} INFO - Started process (PID=1839) to work on /home/airflow/.local/lib/python3.12/site-packages/airflow/example_dags/example_display_name.py
[2024-05-23T19:32:53.976+0000] {processor.py:830} INFO - Processing file /home/airflow/.local/lib/python3.12/site-packages/airflow/example_dags/example_display_name.py for tasks to queue
[2024-05-23T19:32:53.979+0000] {logging_mixin.py:188} INFO - [2024-05-23T19:32:53.979+0000] {dagbag.py:545} INFO - Filling up the DagBag from /home/airflow/.local/lib/python3.12/site-packages/airflow/example_dags/example_display_name.py
[2024-05-23T19:32:53.990+0000] {processor.py:840} INFO - DAG(s) 'example_display_name' retrieved from /home/airflow/.local/lib/python3.12/site-packages/airflow/example_dags/example_display_name.py
[2024-05-23T19:32:54.025+0000] {logging_mixin.py:188} INFO - [2024-05-23T19:32:54.025+0000] {dag.py:3096} INFO - Sync 1 DAGs
[2024-05-23T19:32:54.048+0000] {logging_mixin.py:188} INFO - [2024-05-23T19:32:54.048+0000] {dag.py:3954} INFO - Setting next_dagrun for example_display_name to None, run_after=None
[2024-05-23T19:32:54.078+0000] {processor.py:183} INFO - Processing /home/airflow/.local/lib/python3.12/site-packages/airflow/example_dags/example_display_name.py took 0.115 seconds
[2024-05-23T19:33:24.286+0000] {processor.py:161} INFO - Started process (PID=2101) to work on /home/airflow/.local/lib/python3.12/site-packages/airflow/example_dags/example_display_name.py
[2024-05-23T19:33:24.288+0000] {processor.py:830} INFO - Processing file /home/airflow/.local/lib/python3.12/site-packages/airflow/example_dags/example_display_name.py for tasks to queue
[2024-05-23T19:33:24.291+0000] {logging_mixin.py:188} INFO - [2024-05-23T19:33:24.291+0000] {dagbag.py:545} INFO - Filling up the DagBag from /home/airflow/.local/lib/python3.12/site-packages/airflow/example_dags/example_display_name.py
[2024-05-23T19:33:24.300+0000] {processor.py:840} INFO - DAG(s) 'example_display_name' retrieved from /home/airflow/.local/lib/python3.12/site-packages/airflow/example_dags/example_display_name.py
[2024-05-23T19:33:24.330+0000] {logging_mixin.py:188} INFO - [2024-05-23T19:33:24.329+0000] {dag.py:3096} INFO - Sync 1 DAGs
[2024-05-23T19:33:24.350+0000] {logging_mixin.py:188} INFO - [2024-05-23T19:33:24.350+0000] {dag.py:3954} INFO - Setting next_dagrun for example_display_name to None, run_after=None
[2024-05-23T19:33:24.377+0000] {processor.py:183} INFO - Processing /home/airflow/.local/lib/python3.12/site-packages/airflow/example_dags/example_display_name.py took 0.100 seconds
[2024-05-23T19:33:54.901+0000] {processor.py:161} INFO - Started process (PID=2363) to work on /home/airflow/.local/lib/python3.12/site-packages/airflow/example_dags/example_display_name.py
[2024-05-23T19:33:54.902+0000] {processor.py:830} INFO - Processing file /home/airflow/.local/lib/python3.12/site-packages/airflow/example_dags/example_display_name.py for tasks to queue
[2024-05-23T19:33:54.906+0000] {logging_mixin.py:188} INFO - [2024-05-23T19:33:54.905+0000] {dagbag.py:545} INFO - Filling up the DagBag from /home/airflow/.local/lib/python3.12/site-packages/airflow/example_dags/example_display_name.py
[2024-05-23T19:33:54.915+0000] {processor.py:840} INFO - DAG(s) 'example_display_name' retrieved from /home/airflow/.local/lib/python3.12/site-packages/airflow/example_dags/example_display_name.py
[2024-05-23T19:33:54.952+0000] {logging_mixin.py:188} INFO - [2024-05-23T19:33:54.952+0000] {dag.py:3096} INFO - Sync 1 DAGs
[2024-05-23T19:33:54.976+0000] {logging_mixin.py:188} INFO - [2024-05-23T19:33:54.976+0000] {dag.py:3954} INFO - Setting next_dagrun for example_display_name to None, run_after=None
[2024-05-23T19:33:55.010+0000] {processor.py:183} INFO - Processing /home/airflow/.local/lib/python3.12/site-packages/airflow/example_dags/example_display_name.py took 0.120 seconds
[2024-05-23T19:34:25.677+0000] {processor.py:161} INFO - Started process (PID=2626) to work on /home/airflow/.local/lib/python3.12/site-packages/airflow/example_dags/example_display_name.py
[2024-05-23T19:34:25.679+0000] {processor.py:830} INFO - Processing file /home/airflow/.local/lib/python3.12/site-packages/airflow/example_dags/example_display_name.py for tasks to queue
[2024-05-23T19:34:25.682+0000] {logging_mixin.py:188} INFO - [2024-05-23T19:34:25.682+0000] {dagbag.py:545} INFO - Filling up the DagBag from /home/airflow/.local/lib/python3.12/site-packages/airflow/example_dags/example_display_name.py
[2024-05-23T19:34:25.691+0000] {processor.py:840} INFO - DAG(s) 'example_display_name' retrieved from /home/airflow/.local/lib/python3.12/site-packages/airflow/example_dags/example_display_name.py
[2024-05-23T19:34:25.720+0000] {logging_mixin.py:188} INFO - [2024-05-23T19:34:25.720+0000] {dag.py:3096} INFO - Sync 1 DAGs
[2024-05-23T19:34:25.741+0000] {logging_mixin.py:188} INFO - [2024-05-23T19:34:25.741+0000] {dag.py:3954} INFO - Setting next_dagrun for example_display_name to None, run_after=None
[2024-05-23T19:34:25.770+0000] {processor.py:183} INFO - Processing /home/airflow/.local/lib/python3.12/site-packages/airflow/example_dags/example_display_name.py took 0.103 seconds
[2024-05-23T19:34:56.428+0000] {processor.py:161} INFO - Started process (PID=2908) to work on /home/airflow/.local/lib/python3.12/site-packages/airflow/example_dags/example_display_name.py
[2024-05-23T19:34:56.430+0000] {processor.py:830} INFO - Processing file /home/airflow/.local/lib/python3.12/site-packages/airflow/example_dags/example_display_name.py for tasks to queue
[2024-05-23T19:34:56.433+0000] {logging_mixin.py:188} INFO - [2024-05-23T19:34:56.432+0000] {dagbag.py:545} INFO - Filling up the DagBag from /home/airflow/.local/lib/python3.12/site-packages/airflow/example_dags/example_display_name.py
[2024-05-23T19:34:56.441+0000] {processor.py:840} INFO - DAG(s) 'example_display_name' retrieved from /home/airflow/.local/lib/python3.12/site-packages/airflow/example_dags/example_display_name.py
[2024-05-23T19:34:56.471+0000] {logging_mixin.py:188} INFO - [2024-05-23T19:34:56.471+0000] {dag.py:3096} INFO - Sync 1 DAGs
[2024-05-23T19:34:56.491+0000] {logging_mixin.py:188} INFO - [2024-05-23T19:34:56.491+0000] {dag.py:3954} INFO - Setting next_dagrun for example_display_name to None, run_after=None
[2024-05-23T19:34:56.522+0000] {processor.py:183} INFO - Processing /home/airflow/.local/lib/python3.12/site-packages/airflow/example_dags/example_display_name.py took 0.103 seconds
[2024-05-23T19:35:26.708+0000] {processor.py:161} INFO - Started process (PID=3175) to work on /home/airflow/.local/lib/python3.12/site-packages/airflow/example_dags/example_display_name.py
[2024-05-23T19:35:26.710+0000] {processor.py:830} INFO - Processing file /home/airflow/.local/lib/python3.12/site-packages/airflow/example_dags/example_display_name.py for tasks to queue
[2024-05-23T19:35:26.713+0000] {logging_mixin.py:188} INFO - [2024-05-23T19:35:26.713+0000] {dagbag.py:545} INFO - Filling up the DagBag from /home/airflow/.local/lib/python3.12/site-packages/airflow/example_dags/example_display_name.py
[2024-05-23T19:35:26.722+0000] {processor.py:840} INFO - DAG(s) 'example_display_name' retrieved from /home/airflow/.local/lib/python3.12/site-packages/airflow/example_dags/example_display_name.py
[2024-05-23T19:35:26.755+0000] {logging_mixin.py:188} INFO - [2024-05-23T19:35:26.755+0000] {dag.py:3096} INFO - Sync 1 DAGs
[2024-05-23T19:35:26.778+0000] {logging_mixin.py:188} INFO - [2024-05-23T19:35:26.778+0000] {dag.py:3954} INFO - Setting next_dagrun for example_display_name to None, run_after=None
[2024-05-23T19:35:26.811+0000] {processor.py:183} INFO - Processing /home/airflow/.local/lib/python3.12/site-packages/airflow/example_dags/example_display_name.py took 0.113 seconds
[2024-05-23T19:35:56.860+0000] {processor.py:161} INFO - Started process (PID=3435) to work on /home/airflow/.local/lib/python3.12/site-packages/airflow/example_dags/example_display_name.py
[2024-05-23T19:35:56.862+0000] {processor.py:830} INFO - Processing file /home/airflow/.local/lib/python3.12/site-packages/airflow/example_dags/example_display_name.py for tasks to queue
[2024-05-23T19:35:56.865+0000] {logging_mixin.py:188} INFO - [2024-05-23T19:35:56.864+0000] {dagbag.py:545} INFO - Filling up the DagBag from /home/airflow/.local/lib/python3.12/site-packages/airflow/example_dags/example_display_name.py
[2024-05-23T19:35:56.874+0000] {processor.py:840} INFO - DAG(s) 'example_display_name' retrieved from /home/airflow/.local/lib/python3.12/site-packages/airflow/example_dags/example_display_name.py
[2024-05-23T19:35:56.905+0000] {logging_mixin.py:188} INFO - [2024-05-23T19:35:56.904+0000] {dag.py:3096} INFO - Sync 1 DAGs
[2024-05-23T19:35:56.925+0000] {logging_mixin.py:188} INFO - [2024-05-23T19:35:56.925+0000] {dag.py:3954} INFO - Setting next_dagrun for example_display_name to None, run_after=None
[2024-05-23T19:35:56.953+0000] {processor.py:183} INFO - Processing /home/airflow/.local/lib/python3.12/site-packages/airflow/example_dags/example_display_name.py took 0.102 seconds
[2024-05-23T19:36:27.102+0000] {processor.py:161} INFO - Started process (PID=3697) to work on /home/airflow/.local/lib/python3.12/site-packages/airflow/example_dags/example_display_name.py
[2024-05-23T19:36:27.104+0000] {processor.py:830} INFO - Processing file /home/airflow/.local/lib/python3.12/site-packages/airflow/example_dags/example_display_name.py for tasks to queue
[2024-05-23T19:36:27.107+0000] {logging_mixin.py:188} INFO - [2024-05-23T19:36:27.106+0000] {dagbag.py:545} INFO - Filling up the DagBag from /home/airflow/.local/lib/python3.12/site-packages/airflow/example_dags/example_display_name.py
[2024-05-23T19:36:27.114+0000] {processor.py:840} INFO - DAG(s) 'example_display_name' retrieved from /home/airflow/.local/lib/python3.12/site-packages/airflow/example_dags/example_display_name.py
[2024-05-23T19:36:27.141+0000] {logging_mixin.py:188} INFO - [2024-05-23T19:36:27.141+0000] {dag.py:3096} INFO - Sync 1 DAGs
[2024-05-23T19:36:27.168+0000] {logging_mixin.py:188} INFO - [2024-05-23T19:36:27.168+0000] {dag.py:3954} INFO - Setting next_dagrun for example_display_name to None, run_after=None
[2024-05-23T19:36:27.200+0000] {processor.py:183} INFO - Processing /home/airflow/.local/lib/python3.12/site-packages/airflow/example_dags/example_display_name.py took 0.105 seconds
[2024-05-23T19:36:57.392+0000] {processor.py:161} INFO - Started process (PID=3959) to work on /home/airflow/.local/lib/python3.12/site-packages/airflow/example_dags/example_display_name.py
[2024-05-23T19:36:57.394+0000] {processor.py:830} INFO - Processing file /home/airflow/.local/lib/python3.12/site-packages/airflow/example_dags/example_display_name.py for tasks to queue
[2024-05-23T19:36:57.398+0000] {logging_mixin.py:188} INFO - [2024-05-23T19:36:57.398+0000] {dagbag.py:545} INFO - Filling up the DagBag from /home/airflow/.local/lib/python3.12/site-packages/airflow/example_dags/example_display_name.py
[2024-05-23T19:36:57.407+0000] {processor.py:840} INFO - DAG(s) 'example_display_name' retrieved from /home/airflow/.local/lib/python3.12/site-packages/airflow/example_dags/example_display_name.py
[2024-05-23T19:36:57.442+0000] {logging_mixin.py:188} INFO - [2024-05-23T19:36:57.441+0000] {dag.py:3096} INFO - Sync 1 DAGs
[2024-05-23T19:36:57.467+0000] {logging_mixin.py:188} INFO - [2024-05-23T19:36:57.467+0000] {dag.py:3954} INFO - Setting next_dagrun for example_display_name to None, run_after=None
[2024-05-23T19:36:57.497+0000] {processor.py:183} INFO - Processing /home/airflow/.local/lib/python3.12/site-packages/airflow/example_dags/example_display_name.py took 0.115 seconds
[2024-05-23T19:37:27.816+0000] {processor.py:161} INFO - Started process (PID=4221) to work on /home/airflow/.local/lib/python3.12/site-packages/airflow/example_dags/example_display_name.py
[2024-05-23T19:37:27.818+0000] {processor.py:830} INFO - Processing file /home/airflow/.local/lib/python3.12/site-packages/airflow/example_dags/example_display_name.py for tasks to queue
[2024-05-23T19:37:27.821+0000] {logging_mixin.py:188} INFO - [2024-05-23T19:37:27.821+0000] {dagbag.py:545} INFO - Filling up the DagBag from /home/airflow/.local/lib/python3.12/site-packages/airflow/example_dags/example_display_name.py
[2024-05-23T19:37:27.831+0000] {processor.py:840} INFO - DAG(s) 'example_display_name' retrieved from /home/airflow/.local/lib/python3.12/site-packages/airflow/example_dags/example_display_name.py
[2024-05-23T19:37:27.862+0000] {logging_mixin.py:188} INFO - [2024-05-23T19:37:27.862+0000] {dag.py:3096} INFO - Sync 1 DAGs
[2024-05-23T19:37:27.883+0000] {logging_mixin.py:188} INFO - [2024-05-23T19:37:27.882+0000] {dag.py:3954} INFO - Setting next_dagrun for example_display_name to None, run_after=None
[2024-05-23T19:37:27.916+0000] {processor.py:183} INFO - Processing /home/airflow/.local/lib/python3.12/site-packages/airflow/example_dags/example_display_name.py took 0.109 seconds
[2024-05-23T19:37:58.024+0000] {processor.py:161} INFO - Started process (PID=4483) to work on /home/airflow/.local/lib/python3.12/site-packages/airflow/example_dags/example_display_name.py
[2024-05-23T19:37:58.025+0000] {processor.py:830} INFO - Processing file /home/airflow/.local/lib/python3.12/site-packages/airflow/example_dags/example_display_name.py for tasks to queue
[2024-05-23T19:37:58.029+0000] {logging_mixin.py:188} INFO - [2024-05-23T19:37:58.029+0000] {dagbag.py:545} INFO - Filling up the DagBag from /home/airflow/.local/lib/python3.12/site-packages/airflow/example_dags/example_display_name.py
[2024-05-23T19:37:58.036+0000] {processor.py:840} INFO - DAG(s) 'example_display_name' retrieved from /home/airflow/.local/lib/python3.12/site-packages/airflow/example_dags/example_display_name.py
[2024-05-23T19:37:58.058+0000] {logging_mixin.py:188} INFO - [2024-05-23T19:37:58.058+0000] {dag.py:3096} INFO - Sync 1 DAGs
[2024-05-23T19:37:58.074+0000] {logging_mixin.py:188} INFO - [2024-05-23T19:37:58.074+0000] {dag.py:3954} INFO - Setting next_dagrun for example_display_name to None, run_after=None
[2024-05-23T19:37:58.097+0000] {processor.py:183} INFO - Processing /home/airflow/.local/lib/python3.12/site-packages/airflow/example_dags/example_display_name.py took 0.080 seconds
[2024-05-23T19:38:28.328+0000] {processor.py:161} INFO - Started process (PID=4745) to work on /home/airflow/.local/lib/python3.12/site-packages/airflow/example_dags/example_display_name.py
[2024-05-23T19:38:28.329+0000] {processor.py:830} INFO - Processing file /home/airflow/.local/lib/python3.12/site-packages/airflow/example_dags/example_display_name.py for tasks to queue
[2024-05-23T19:38:28.332+0000] {logging_mixin.py:188} INFO - [2024-05-23T19:38:28.331+0000] {dagbag.py:545} INFO - Filling up the DagBag from /home/airflow/.local/lib/python3.12/site-packages/airflow/example_dags/example_display_name.py
[2024-05-23T19:38:28.342+0000] {processor.py:840} INFO - DAG(s) 'example_display_name' retrieved from /home/airflow/.local/lib/python3.12/site-packages/airflow/example_dags/example_display_name.py
[2024-05-23T19:38:28.374+0000] {logging_mixin.py:188} INFO - [2024-05-23T19:38:28.374+0000] {dag.py:3096} INFO - Sync 1 DAGs
[2024-05-23T19:38:28.395+0000] {logging_mixin.py:188} INFO - [2024-05-23T19:38:28.395+0000] {dag.py:3954} INFO - Setting next_dagrun for example_display_name to None, run_after=None
[2024-05-23T19:38:28.422+0000] {processor.py:183} INFO - Processing /home/airflow/.local/lib/python3.12/site-packages/airflow/example_dags/example_display_name.py took 0.103 seconds
[2024-05-23T19:38:58.785+0000] {processor.py:161} INFO - Started process (PID=5007) to work on /home/airflow/.local/lib/python3.12/site-packages/airflow/example_dags/example_display_name.py
[2024-05-23T19:38:58.787+0000] {processor.py:830} INFO - Processing file /home/airflow/.local/lib/python3.12/site-packages/airflow/example_dags/example_display_name.py for tasks to queue
[2024-05-23T19:38:58.790+0000] {logging_mixin.py:188} INFO - [2024-05-23T19:38:58.790+0000] {dagbag.py:545} INFO - Filling up the DagBag from /home/airflow/.local/lib/python3.12/site-packages/airflow/example_dags/example_display_name.py
[2024-05-23T19:38:58.799+0000] {processor.py:840} INFO - DAG(s) 'example_display_name' retrieved from /home/airflow/.local/lib/python3.12/site-packages/airflow/example_dags/example_display_name.py
[2024-05-23T19:38:58.828+0000] {logging_mixin.py:188} INFO - [2024-05-23T19:38:58.828+0000] {dag.py:3096} INFO - Sync 1 DAGs
[2024-05-23T19:38:58.848+0000] {logging_mixin.py:188} INFO - [2024-05-23T19:38:58.847+0000] {dag.py:3954} INFO - Setting next_dagrun for example_display_name to None, run_after=None
[2024-05-23T19:38:58.877+0000] {processor.py:183} INFO - Processing /home/airflow/.local/lib/python3.12/site-packages/airflow/example_dags/example_display_name.py took 0.101 seconds
[2024-05-23T19:39:29.494+0000] {processor.py:161} INFO - Started process (PID=5269) to work on /home/airflow/.local/lib/python3.12/site-packages/airflow/example_dags/example_display_name.py
[2024-05-23T19:39:29.495+0000] {processor.py:830} INFO - Processing file /home/airflow/.local/lib/python3.12/site-packages/airflow/example_dags/example_display_name.py for tasks to queue
[2024-05-23T19:39:29.498+0000] {logging_mixin.py:188} INFO - [2024-05-23T19:39:29.497+0000] {dagbag.py:545} INFO - Filling up the DagBag from /home/airflow/.local/lib/python3.12/site-packages/airflow/example_dags/example_display_name.py
[2024-05-23T19:39:29.506+0000] {processor.py:840} INFO - DAG(s) 'example_display_name' retrieved from /home/airflow/.local/lib/python3.12/site-packages/airflow/example_dags/example_display_name.py
[2024-05-23T19:39:29.535+0000] {logging_mixin.py:188} INFO - [2024-05-23T19:39:29.534+0000] {dag.py:3096} INFO - Sync 1 DAGs
[2024-05-23T19:39:29.555+0000] {logging_mixin.py:188} INFO - [2024-05-23T19:39:29.555+0000] {dag.py:3954} INFO - Setting next_dagrun for example_display_name to None, run_after=None
[2024-05-23T19:39:29.582+0000] {processor.py:183} INFO - Processing /home/airflow/.local/lib/python3.12/site-packages/airflow/example_dags/example_display_name.py took 0.098 seconds
[2024-05-23T19:40:00.226+0000] {processor.py:161} INFO - Started process (PID=5533) to work on /home/airflow/.local/lib/python3.12/site-packages/airflow/example_dags/example_display_name.py
[2024-05-23T19:40:00.227+0000] {processor.py:830} INFO - Processing file /home/airflow/.local/lib/python3.12/site-packages/airflow/example_dags/example_display_name.py for tasks to queue
[2024-05-23T19:40:00.230+0000] {logging_mixin.py:188} INFO - [2024-05-23T19:40:00.230+0000] {dagbag.py:545} INFO - Filling up the DagBag from /home/airflow/.local/lib/python3.12/site-packages/airflow/example_dags/example_display_name.py
[2024-05-23T19:40:00.238+0000] {processor.py:840} INFO - DAG(s) 'example_display_name' retrieved from /home/airflow/.local/lib/python3.12/site-packages/airflow/example_dags/example_display_name.py
[2024-05-23T19:40:00.269+0000] {logging_mixin.py:188} INFO - [2024-05-23T19:40:00.268+0000] {dag.py:3096} INFO - Sync 1 DAGs
[2024-05-23T19:40:00.289+0000] {logging_mixin.py:188} INFO - [2024-05-23T19:40:00.289+0000] {dag.py:3954} INFO - Setting next_dagrun for example_display_name to None, run_after=None
[2024-05-23T19:40:00.317+0000] {processor.py:183} INFO - Processing /home/airflow/.local/lib/python3.12/site-packages/airflow/example_dags/example_display_name.py took 0.100 seconds
[2024-05-23T19:40:30.723+0000] {processor.py:161} INFO - Started process (PID=5793) to work on /home/airflow/.local/lib/python3.12/site-packages/airflow/example_dags/example_display_name.py
[2024-05-23T19:40:30.724+0000] {processor.py:830} INFO - Processing file /home/airflow/.local/lib/python3.12/site-packages/airflow/example_dags/example_display_name.py for tasks to queue
[2024-05-23T19:40:30.727+0000] {logging_mixin.py:188} INFO - [2024-05-23T19:40:30.727+0000] {dagbag.py:545} INFO - Filling up the DagBag from /home/airflow/.local/lib/python3.12/site-packages/airflow/example_dags/example_display_name.py
[2024-05-23T19:40:30.736+0000] {processor.py:840} INFO - DAG(s) 'example_display_name' retrieved from /home/airflow/.local/lib/python3.12/site-packages/airflow/example_dags/example_display_name.py
[2024-05-23T19:40:30.764+0000] {logging_mixin.py:188} INFO - [2024-05-23T19:40:30.764+0000] {dag.py:3096} INFO - Sync 1 DAGs
[2024-05-23T19:40:30.786+0000] {logging_mixin.py:188} INFO - [2024-05-23T19:40:30.786+0000] {dag.py:3954} INFO - Setting next_dagrun for example_display_name to None, run_after=None
[2024-05-23T19:40:30.817+0000] {processor.py:183} INFO - Processing /home/airflow/.local/lib/python3.12/site-packages/airflow/example_dags/example_display_name.py took 0.107 seconds
[2024-05-23T19:41:01.034+0000] {processor.py:161} INFO - Started process (PID=6057) to work on /home/airflow/.local/lib/python3.12/site-packages/airflow/example_dags/example_display_name.py
[2024-05-23T19:41:01.036+0000] {processor.py:830} INFO - Processing file /home/airflow/.local/lib/python3.12/site-packages/airflow/example_dags/example_display_name.py for tasks to queue
[2024-05-23T19:41:01.039+0000] {logging_mixin.py:188} INFO - [2024-05-23T19:41:01.038+0000] {dagbag.py:545} INFO - Filling up the DagBag from /home/airflow/.local/lib/python3.12/site-packages/airflow/example_dags/example_display_name.py
[2024-05-23T19:41:01.048+0000] {processor.py:840} INFO - DAG(s) 'example_display_name' retrieved from /home/airflow/.local/lib/python3.12/site-packages/airflow/example_dags/example_display_name.py
[2024-05-23T19:41:01.077+0000] {logging_mixin.py:188} INFO - [2024-05-23T19:41:01.077+0000] {dag.py:3096} INFO - Sync 1 DAGs
[2024-05-23T19:41:01.098+0000] {logging_mixin.py:188} INFO - [2024-05-23T19:41:01.098+0000] {dag.py:3954} INFO - Setting next_dagrun for example_display_name to None, run_after=None
[2024-05-23T19:41:01.124+0000] {processor.py:183} INFO - Processing /home/airflow/.local/lib/python3.12/site-packages/airflow/example_dags/example_display_name.py took 0.100 seconds
[2024-05-23T19:41:31.540+0000] {processor.py:161} INFO - Started process (PID=6317) to work on /home/airflow/.local/lib/python3.12/site-packages/airflow/example_dags/example_display_name.py
[2024-05-23T19:41:31.542+0000] {processor.py:830} INFO - Processing file /home/airflow/.local/lib/python3.12/site-packages/airflow/example_dags/example_display_name.py for tasks to queue
[2024-05-23T19:41:31.546+0000] {logging_mixin.py:188} INFO - [2024-05-23T19:41:31.545+0000] {dagbag.py:545} INFO - Filling up the DagBag from /home/airflow/.local/lib/python3.12/site-packages/airflow/example_dags/example_display_name.py
[2024-05-23T19:41:31.555+0000] {processor.py:840} INFO - DAG(s) 'example_display_name' retrieved from /home/airflow/.local/lib/python3.12/site-packages/airflow/example_dags/example_display_name.py
[2024-05-23T19:41:31.584+0000] {logging_mixin.py:188} INFO - [2024-05-23T19:41:31.584+0000] {dag.py:3096} INFO - Sync 1 DAGs
[2024-05-23T19:41:31.604+0000] {logging_mixin.py:188} INFO - [2024-05-23T19:41:31.604+0000] {dag.py:3954} INFO - Setting next_dagrun for example_display_name to None, run_after=None
[2024-05-23T19:41:31.633+0000] {processor.py:183} INFO - Processing /home/airflow/.local/lib/python3.12/site-packages/airflow/example_dags/example_display_name.py took 0.102 seconds
[2024-05-23T19:42:02.175+0000] {processor.py:161} INFO - Started process (PID=6580) to work on /home/airflow/.local/lib/python3.12/site-packages/airflow/example_dags/example_display_name.py
[2024-05-23T19:42:02.177+0000] {processor.py:830} INFO - Processing file /home/airflow/.local/lib/python3.12/site-packages/airflow/example_dags/example_display_name.py for tasks to queue
[2024-05-23T19:42:02.180+0000] {logging_mixin.py:188} INFO - [2024-05-23T19:42:02.180+0000] {dagbag.py:545} INFO - Filling up the DagBag from /home/airflow/.local/lib/python3.12/site-packages/airflow/example_dags/example_display_name.py
[2024-05-23T19:42:02.188+0000] {processor.py:840} INFO - DAG(s) 'example_display_name' retrieved from /home/airflow/.local/lib/python3.12/site-packages/airflow/example_dags/example_display_name.py
[2024-05-23T19:42:02.216+0000] {logging_mixin.py:188} INFO - [2024-05-23T19:42:02.216+0000] {dag.py:3096} INFO - Sync 1 DAGs
[2024-05-23T19:42:02.237+0000] {logging_mixin.py:188} INFO - [2024-05-23T19:42:02.237+0000] {dag.py:3954} INFO - Setting next_dagrun for example_display_name to None, run_after=None
[2024-05-23T19:42:02.264+0000] {processor.py:183} INFO - Processing /home/airflow/.local/lib/python3.12/site-packages/airflow/example_dags/example_display_name.py took 0.099 seconds
[2024-05-23T19:42:32.381+0000] {processor.py:161} INFO - Started process (PID=6842) to work on /home/airflow/.local/lib/python3.12/site-packages/airflow/example_dags/example_display_name.py
[2024-05-23T19:42:32.382+0000] {processor.py:830} INFO - Processing file /home/airflow/.local/lib/python3.12/site-packages/airflow/example_dags/example_display_name.py for tasks to queue
[2024-05-23T19:42:32.385+0000] {logging_mixin.py:188} INFO - [2024-05-23T19:42:32.384+0000] {dagbag.py:545} INFO - Filling up the DagBag from /home/airflow/.local/lib/python3.12/site-packages/airflow/example_dags/example_display_name.py
[2024-05-23T19:42:32.393+0000] {processor.py:840} INFO - DAG(s) 'example_display_name' retrieved from /home/airflow/.local/lib/python3.12/site-packages/airflow/example_dags/example_display_name.py
[2024-05-23T19:42:32.419+0000] {logging_mixin.py:188} INFO - [2024-05-23T19:42:32.419+0000] {dag.py:3096} INFO - Sync 1 DAGs
[2024-05-23T19:42:32.437+0000] {logging_mixin.py:188} INFO - [2024-05-23T19:42:32.437+0000] {dag.py:3954} INFO - Setting next_dagrun for example_display_name to None, run_after=None
[2024-05-23T19:42:32.462+0000] {processor.py:183} INFO - Processing /home/airflow/.local/lib/python3.12/site-packages/airflow/example_dags/example_display_name.py took 0.089 seconds
[2024-05-23T19:43:02.680+0000] {processor.py:161} INFO - Started process (PID=7104) to work on /home/airflow/.local/lib/python3.12/site-packages/airflow/example_dags/example_display_name.py
[2024-05-23T19:43:02.682+0000] {processor.py:830} INFO - Processing file /home/airflow/.local/lib/python3.12/site-packages/airflow/example_dags/example_display_name.py for tasks to queue
[2024-05-23T19:43:02.684+0000] {logging_mixin.py:188} INFO - [2024-05-23T19:43:02.684+0000] {dagbag.py:545} INFO - Filling up the DagBag from /home/airflow/.local/lib/python3.12/site-packages/airflow/example_dags/example_display_name.py
[2024-05-23T19:43:02.692+0000] {processor.py:840} INFO - DAG(s) 'example_display_name' retrieved from /home/airflow/.local/lib/python3.12/site-packages/airflow/example_dags/example_display_name.py
[2024-05-23T19:43:02.720+0000] {logging_mixin.py:188} INFO - [2024-05-23T19:43:02.720+0000] {dag.py:3096} INFO - Sync 1 DAGs
[2024-05-23T19:43:02.739+0000] {logging_mixin.py:188} INFO - [2024-05-23T19:43:02.739+0000] {dag.py:3954} INFO - Setting next_dagrun for example_display_name to None, run_after=None
[2024-05-23T19:43:02.766+0000] {processor.py:183} INFO - Processing /home/airflow/.local/lib/python3.12/site-packages/airflow/example_dags/example_display_name.py took 0.094 seconds
[2024-05-23T19:43:32.863+0000] {processor.py:161} INFO - Started process (PID=7364) to work on /home/airflow/.local/lib/python3.12/site-packages/airflow/example_dags/example_display_name.py
[2024-05-23T19:43:32.864+0000] {processor.py:830} INFO - Processing file /home/airflow/.local/lib/python3.12/site-packages/airflow/example_dags/example_display_name.py for tasks to queue
[2024-05-23T19:43:32.867+0000] {logging_mixin.py:188} INFO - [2024-05-23T19:43:32.866+0000] {dagbag.py:545} INFO - Filling up the DagBag from /home/airflow/.local/lib/python3.12/site-packages/airflow/example_dags/example_display_name.py
[2024-05-23T19:43:32.875+0000] {processor.py:840} INFO - DAG(s) 'example_display_name' retrieved from /home/airflow/.local/lib/python3.12/site-packages/airflow/example_dags/example_display_name.py
[2024-05-23T19:43:32.903+0000] {logging_mixin.py:188} INFO - [2024-05-23T19:43:32.903+0000] {dag.py:3096} INFO - Sync 1 DAGs
[2024-05-23T19:43:32.923+0000] {logging_mixin.py:188} INFO - [2024-05-23T19:43:32.923+0000] {dag.py:3954} INFO - Setting next_dagrun for example_display_name to None, run_after=None
[2024-05-23T19:43:32.950+0000] {processor.py:183} INFO - Processing /home/airflow/.local/lib/python3.12/site-packages/airflow/example_dags/example_display_name.py took 0.096 seconds
[2024-05-23T19:44:03.674+0000] {processor.py:161} INFO - Started process (PID=7628) to work on /home/airflow/.local/lib/python3.12/site-packages/airflow/example_dags/example_display_name.py
[2024-05-23T19:44:03.675+0000] {processor.py:830} INFO - Processing file /home/airflow/.local/lib/python3.12/site-packages/airflow/example_dags/example_display_name.py for tasks to queue
[2024-05-23T19:44:03.678+0000] {logging_mixin.py:188} INFO - [2024-05-23T19:44:03.677+0000] {dagbag.py:545} INFO - Filling up the DagBag from /home/airflow/.local/lib/python3.12/site-packages/airflow/example_dags/example_display_name.py
[2024-05-23T19:44:03.687+0000] {processor.py:840} INFO - DAG(s) 'example_display_name' retrieved from /home/airflow/.local/lib/python3.12/site-packages/airflow/example_dags/example_display_name.py
[2024-05-23T19:44:03.715+0000] {logging_mixin.py:188} INFO - [2024-05-23T19:44:03.715+0000] {dag.py:3096} INFO - Sync 1 DAGs
[2024-05-23T19:44:03.734+0000] {logging_mixin.py:188} INFO - [2024-05-23T19:44:03.734+0000] {dag.py:3954} INFO - Setting next_dagrun for example_display_name to None, run_after=None
[2024-05-23T19:44:03.760+0000] {processor.py:183} INFO - Processing /home/airflow/.local/lib/python3.12/site-packages/airflow/example_dags/example_display_name.py took 0.094 seconds
[2024-05-23T19:44:33.968+0000] {processor.py:161} INFO - Started process (PID=7888) to work on /home/airflow/.local/lib/python3.12/site-packages/airflow/example_dags/example_display_name.py
[2024-05-23T19:44:33.970+0000] {processor.py:830} INFO - Processing file /home/airflow/.local/lib/python3.12/site-packages/airflow/example_dags/example_display_name.py for tasks to queue
[2024-05-23T19:44:33.972+0000] {logging_mixin.py:188} INFO - [2024-05-23T19:44:33.972+0000] {dagbag.py:545} INFO - Filling up the DagBag from /home/airflow/.local/lib/python3.12/site-packages/airflow/example_dags/example_display_name.py
[2024-05-23T19:44:33.981+0000] {processor.py:840} INFO - DAG(s) 'example_display_name' retrieved from /home/airflow/.local/lib/python3.12/site-packages/airflow/example_dags/example_display_name.py
[2024-05-23T19:44:34.008+0000] {logging_mixin.py:188} INFO - [2024-05-23T19:44:34.008+0000] {dag.py:3096} INFO - Sync 1 DAGs
[2024-05-23T19:44:34.027+0000] {logging_mixin.py:188} INFO - [2024-05-23T19:44:34.027+0000] {dag.py:3954} INFO - Setting next_dagrun for example_display_name to None, run_after=None
[2024-05-23T19:44:34.055+0000] {processor.py:183} INFO - Processing /home/airflow/.local/lib/python3.12/site-packages/airflow/example_dags/example_display_name.py took 0.095 seconds
[2024-05-23T19:45:04.780+0000] {processor.py:161} INFO - Started process (PID=8146) to work on /home/airflow/.local/lib/python3.12/site-packages/airflow/example_dags/example_display_name.py
[2024-05-23T19:45:04.782+0000] {processor.py:830} INFO - Processing file /home/airflow/.local/lib/python3.12/site-packages/airflow/example_dags/example_display_name.py for tasks to queue
[2024-05-23T19:45:04.784+0000] {logging_mixin.py:188} INFO - [2024-05-23T19:45:04.784+0000] {dagbag.py:545} INFO - Filling up the DagBag from /home/airflow/.local/lib/python3.12/site-packages/airflow/example_dags/example_display_name.py
[2024-05-23T19:45:04.792+0000] {processor.py:840} INFO - DAG(s) 'example_display_name' retrieved from /home/airflow/.local/lib/python3.12/site-packages/airflow/example_dags/example_display_name.py
[2024-05-23T19:45:04.818+0000] {logging_mixin.py:188} INFO - [2024-05-23T19:45:04.818+0000] {dag.py:3096} INFO - Sync 1 DAGs
[2024-05-23T19:45:04.835+0000] {logging_mixin.py:188} INFO - [2024-05-23T19:45:04.835+0000] {dag.py:3954} INFO - Setting next_dagrun for example_display_name to None, run_after=None
[2024-05-23T19:45:04.859+0000] {processor.py:183} INFO - Processing /home/airflow/.local/lib/python3.12/site-packages/airflow/example_dags/example_display_name.py took 0.087 seconds
[2024-05-23T19:45:35.229+0000] {processor.py:161} INFO - Started process (PID=8408) to work on /home/airflow/.local/lib/python3.12/site-packages/airflow/example_dags/example_display_name.py
[2024-05-23T19:45:35.231+0000] {processor.py:830} INFO - Processing file /home/airflow/.local/lib/python3.12/site-packages/airflow/example_dags/example_display_name.py for tasks to queue
[2024-05-23T19:45:35.233+0000] {logging_mixin.py:188} INFO - [2024-05-23T19:45:35.233+0000] {dagbag.py:545} INFO - Filling up the DagBag from /home/airflow/.local/lib/python3.12/site-packages/airflow/example_dags/example_display_name.py
[2024-05-23T19:45:35.241+0000] {processor.py:840} INFO - DAG(s) 'example_display_name' retrieved from /home/airflow/.local/lib/python3.12/site-packages/airflow/example_dags/example_display_name.py
[2024-05-23T19:45:35.266+0000] {logging_mixin.py:188} INFO - [2024-05-23T19:45:35.266+0000] {dag.py:3096} INFO - Sync 1 DAGs
[2024-05-23T19:45:35.284+0000] {logging_mixin.py:188} INFO - [2024-05-23T19:45:35.284+0000] {dag.py:3954} INFO - Setting next_dagrun for example_display_name to None, run_after=None
[2024-05-23T19:45:35.308+0000] {processor.py:183} INFO - Processing /home/airflow/.local/lib/python3.12/site-packages/airflow/example_dags/example_display_name.py took 0.086 seconds
[2024-05-23T19:46:05.459+0000] {processor.py:161} INFO - Started process (PID=8670) to work on /home/airflow/.local/lib/python3.12/site-packages/airflow/example_dags/example_display_name.py
[2024-05-23T19:46:05.460+0000] {processor.py:830} INFO - Processing file /home/airflow/.local/lib/python3.12/site-packages/airflow/example_dags/example_display_name.py for tasks to queue
[2024-05-23T19:46:05.463+0000] {logging_mixin.py:188} INFO - [2024-05-23T19:46:05.462+0000] {dagbag.py:545} INFO - Filling up the DagBag from /home/airflow/.local/lib/python3.12/site-packages/airflow/example_dags/example_display_name.py
[2024-05-23T19:46:05.471+0000] {processor.py:840} INFO - DAG(s) 'example_display_name' retrieved from /home/airflow/.local/lib/python3.12/site-packages/airflow/example_dags/example_display_name.py
[2024-05-23T19:46:05.497+0000] {logging_mixin.py:188} INFO - [2024-05-23T19:46:05.496+0000] {dag.py:3096} INFO - Sync 1 DAGs
[2024-05-23T19:46:05.514+0000] {logging_mixin.py:188} INFO - [2024-05-23T19:46:05.514+0000] {dag.py:3954} INFO - Setting next_dagrun for example_display_name to None, run_after=None
[2024-05-23T19:46:05.538+0000] {processor.py:183} INFO - Processing /home/airflow/.local/lib/python3.12/site-packages/airflow/example_dags/example_display_name.py took 0.087 seconds
[2024-05-23T19:46:35.722+0000] {processor.py:161} INFO - Started process (PID=8932) to work on /home/airflow/.local/lib/python3.12/site-packages/airflow/example_dags/example_display_name.py
[2024-05-23T19:46:35.724+0000] {processor.py:830} INFO - Processing file /home/airflow/.local/lib/python3.12/site-packages/airflow/example_dags/example_display_name.py for tasks to queue
[2024-05-23T19:46:35.726+0000] {logging_mixin.py:188} INFO - [2024-05-23T19:46:35.726+0000] {dagbag.py:545} INFO - Filling up the DagBag from /home/airflow/.local/lib/python3.12/site-packages/airflow/example_dags/example_display_name.py
[2024-05-23T19:46:35.734+0000] {processor.py:840} INFO - DAG(s) 'example_display_name' retrieved from /home/airflow/.local/lib/python3.12/site-packages/airflow/example_dags/example_display_name.py
[2024-05-23T19:46:35.760+0000] {logging_mixin.py:188} INFO - [2024-05-23T19:46:35.760+0000] {dag.py:3096} INFO - Sync 1 DAGs
[2024-05-23T19:46:35.777+0000] {logging_mixin.py:188} INFO - [2024-05-23T19:46:35.777+0000] {dag.py:3954} INFO - Setting next_dagrun for example_display_name to None, run_after=None
[2024-05-23T19:46:35.797+0000] {processor.py:183} INFO - Processing /home/airflow/.local/lib/python3.12/site-packages/airflow/example_dags/example_display_name.py took 0.083 seconds
[2024-05-23T19:47:05.990+0000] {processor.py:161} INFO - Started process (PID=9194) to work on /home/airflow/.local/lib/python3.12/site-packages/airflow/example_dags/example_display_name.py
[2024-05-23T19:47:05.991+0000] {processor.py:830} INFO - Processing file /home/airflow/.local/lib/python3.12/site-packages/airflow/example_dags/example_display_name.py for tasks to queue
[2024-05-23T19:47:05.994+0000] {logging_mixin.py:188} INFO - [2024-05-23T19:47:05.993+0000] {dagbag.py:545} INFO - Filling up the DagBag from /home/airflow/.local/lib/python3.12/site-packages/airflow/example_dags/example_display_name.py
[2024-05-23T19:47:06.002+0000] {processor.py:840} INFO - DAG(s) 'example_display_name' retrieved from /home/airflow/.local/lib/python3.12/site-packages/airflow/example_dags/example_display_name.py
[2024-05-23T19:47:06.028+0000] {logging_mixin.py:188} INFO - [2024-05-23T19:47:06.028+0000] {dag.py:3096} INFO - Sync 1 DAGs
[2024-05-23T19:47:06.045+0000] {logging_mixin.py:188} INFO - [2024-05-23T19:47:06.045+0000] {dag.py:3954} INFO - Setting next_dagrun for example_display_name to None, run_after=None
[2024-05-23T19:47:06.066+0000] {processor.py:183} INFO - Processing /home/airflow/.local/lib/python3.12/site-packages/airflow/example_dags/example_display_name.py took 0.085 seconds
[2024-05-23T19:47:36.182+0000] {processor.py:161} INFO - Started process (PID=9456) to work on /home/airflow/.local/lib/python3.12/site-packages/airflow/example_dags/example_display_name.py
[2024-05-23T19:47:36.183+0000] {processor.py:830} INFO - Processing file /home/airflow/.local/lib/python3.12/site-packages/airflow/example_dags/example_display_name.py for tasks to queue
[2024-05-23T19:47:36.186+0000] {logging_mixin.py:188} INFO - [2024-05-23T19:47:36.185+0000] {dagbag.py:545} INFO - Filling up the DagBag from /home/airflow/.local/lib/python3.12/site-packages/airflow/example_dags/example_display_name.py
[2024-05-23T19:47:36.194+0000] {processor.py:840} INFO - DAG(s) 'example_display_name' retrieved from /home/airflow/.local/lib/python3.12/site-packages/airflow/example_dags/example_display_name.py
[2024-05-23T19:47:36.219+0000] {logging_mixin.py:188} INFO - [2024-05-23T19:47:36.219+0000] {dag.py:3096} INFO - Sync 1 DAGs
[2024-05-23T19:47:36.238+0000] {logging_mixin.py:188} INFO - [2024-05-23T19:47:36.238+0000] {dag.py:3954} INFO - Setting next_dagrun for example_display_name to None, run_after=None
[2024-05-23T19:47:36.262+0000] {processor.py:183} INFO - Processing /home/airflow/.local/lib/python3.12/site-packages/airflow/example_dags/example_display_name.py took 0.089 seconds
[2024-05-23T19:48:06.903+0000] {processor.py:161} INFO - Started process (PID=9718) to work on /home/airflow/.local/lib/python3.12/site-packages/airflow/example_dags/example_display_name.py
[2024-05-23T19:48:06.904+0000] {processor.py:830} INFO - Processing file /home/airflow/.local/lib/python3.12/site-packages/airflow/example_dags/example_display_name.py for tasks to queue
[2024-05-23T19:48:06.907+0000] {logging_mixin.py:188} INFO - [2024-05-23T19:48:06.906+0000] {dagbag.py:545} INFO - Filling up the DagBag from /home/airflow/.local/lib/python3.12/site-packages/airflow/example_dags/example_display_name.py
[2024-05-23T19:48:06.914+0000] {processor.py:840} INFO - DAG(s) 'example_display_name' retrieved from /home/airflow/.local/lib/python3.12/site-packages/airflow/example_dags/example_display_name.py
[2024-05-23T19:48:06.941+0000] {logging_mixin.py:188} INFO - [2024-05-23T19:48:06.940+0000] {dag.py:3096} INFO - Sync 1 DAGs
[2024-05-23T19:48:06.959+0000] {logging_mixin.py:188} INFO - [2024-05-23T19:48:06.959+0000] {dag.py:3954} INFO - Setting next_dagrun for example_display_name to None, run_after=None
[2024-05-23T19:48:07.114+0000] {processor.py:183} INFO - Processing /home/airflow/.local/lib/python3.12/site-packages/airflow/example_dags/example_display_name.py took 0.220 seconds
[2024-05-23T19:48:37.198+0000] {processor.py:161} INFO - Started process (PID=9980) to work on /home/airflow/.local/lib/python3.12/site-packages/airflow/example_dags/example_display_name.py
[2024-05-23T19:48:37.200+0000] {processor.py:830} INFO - Processing file /home/airflow/.local/lib/python3.12/site-packages/airflow/example_dags/example_display_name.py for tasks to queue
[2024-05-23T19:48:37.203+0000] {logging_mixin.py:188} INFO - [2024-05-23T19:48:37.202+0000] {dagbag.py:545} INFO - Filling up the DagBag from /home/airflow/.local/lib/python3.12/site-packages/airflow/example_dags/example_display_name.py
[2024-05-23T19:48:37.211+0000] {processor.py:840} INFO - DAG(s) 'example_display_name' retrieved from /home/airflow/.local/lib/python3.12/site-packages/airflow/example_dags/example_display_name.py
[2024-05-23T19:48:37.238+0000] {logging_mixin.py:188} INFO - [2024-05-23T19:48:37.238+0000] {dag.py:3096} INFO - Sync 1 DAGs
[2024-05-23T19:48:37.257+0000] {logging_mixin.py:188} INFO - [2024-05-23T19:48:37.257+0000] {dag.py:3954} INFO - Setting next_dagrun for example_display_name to None, run_after=None
[2024-05-23T19:48:37.283+0000] {processor.py:183} INFO - Processing /home/airflow/.local/lib/python3.12/site-packages/airflow/example_dags/example_display_name.py took 0.093 seconds
[2024-05-23T19:49:07.420+0000] {processor.py:161} INFO - Started process (PID=10242) to work on /home/airflow/.local/lib/python3.12/site-packages/airflow/example_dags/example_display_name.py
[2024-05-23T19:49:07.421+0000] {processor.py:830} INFO - Processing file /home/airflow/.local/lib/python3.12/site-packages/airflow/example_dags/example_display_name.py for tasks to queue
[2024-05-23T19:49:07.424+0000] {logging_mixin.py:188} INFO - [2024-05-23T19:49:07.423+0000] {dagbag.py:545} INFO - Filling up the DagBag from /home/airflow/.local/lib/python3.12/site-packages/airflow/example_dags/example_display_name.py
[2024-05-23T19:49:07.432+0000] {processor.py:840} INFO - DAG(s) 'example_display_name' retrieved from /home/airflow/.local/lib/python3.12/site-packages/airflow/example_dags/example_display_name.py
[2024-05-23T19:49:07.460+0000] {logging_mixin.py:188} INFO - [2024-05-23T19:49:07.460+0000] {dag.py:3096} INFO - Sync 1 DAGs
[2024-05-23T19:49:07.479+0000] {logging_mixin.py:188} INFO - [2024-05-23T19:49:07.478+0000] {dag.py:3954} INFO - Setting next_dagrun for example_display_name to None, run_after=None
[2024-05-23T19:49:07.507+0000] {processor.py:183} INFO - Processing /home/airflow/.local/lib/python3.12/site-packages/airflow/example_dags/example_display_name.py took 0.096 seconds
[2024-05-23T19:49:37.771+0000] {processor.py:161} INFO - Started process (PID=10504) to work on /home/airflow/.local/lib/python3.12/site-packages/airflow/example_dags/example_display_name.py
[2024-05-23T19:49:37.773+0000] {processor.py:830} INFO - Processing file /home/airflow/.local/lib/python3.12/site-packages/airflow/example_dags/example_display_name.py for tasks to queue
[2024-05-23T19:49:37.775+0000] {logging_mixin.py:188} INFO - [2024-05-23T19:49:37.775+0000] {dagbag.py:545} INFO - Filling up the DagBag from /home/airflow/.local/lib/python3.12/site-packages/airflow/example_dags/example_display_name.py
[2024-05-23T19:49:37.783+0000] {processor.py:840} INFO - DAG(s) 'example_display_name' retrieved from /home/airflow/.local/lib/python3.12/site-packages/airflow/example_dags/example_display_name.py
[2024-05-23T19:49:37.811+0000] {logging_mixin.py:188} INFO - [2024-05-23T19:49:37.810+0000] {dag.py:3096} INFO - Sync 1 DAGs
[2024-05-23T19:49:37.830+0000] {logging_mixin.py:188} INFO - [2024-05-23T19:49:37.830+0000] {dag.py:3954} INFO - Setting next_dagrun for example_display_name to None, run_after=None
[2024-05-23T19:49:37.858+0000] {processor.py:183} INFO - Processing /home/airflow/.local/lib/python3.12/site-packages/airflow/example_dags/example_display_name.py took 0.095 seconds
[2024-05-23T19:50:08.236+0000] {processor.py:161} INFO - Started process (PID=10766) to work on /home/airflow/.local/lib/python3.12/site-packages/airflow/example_dags/example_display_name.py
[2024-05-23T19:50:08.238+0000] {processor.py:830} INFO - Processing file /home/airflow/.local/lib/python3.12/site-packages/airflow/example_dags/example_display_name.py for tasks to queue
[2024-05-23T19:50:08.241+0000] {logging_mixin.py:188} INFO - [2024-05-23T19:50:08.240+0000] {dagbag.py:545} INFO - Filling up the DagBag from /home/airflow/.local/lib/python3.12/site-packages/airflow/example_dags/example_display_name.py
[2024-05-23T19:50:08.249+0000] {processor.py:840} INFO - DAG(s) 'example_display_name' retrieved from /home/airflow/.local/lib/python3.12/site-packages/airflow/example_dags/example_display_name.py
[2024-05-23T19:50:08.277+0000] {logging_mixin.py:188} INFO - [2024-05-23T19:50:08.277+0000] {dag.py:3096} INFO - Sync 1 DAGs
[2024-05-23T19:50:08.296+0000] {logging_mixin.py:188} INFO - [2024-05-23T19:50:08.296+0000] {dag.py:3954} INFO - Setting next_dagrun for example_display_name to None, run_after=None
[2024-05-23T19:50:08.322+0000] {processor.py:183} INFO - Processing /home/airflow/.local/lib/python3.12/site-packages/airflow/example_dags/example_display_name.py took 0.094 seconds
[2024-05-23T19:50:40.368+0000] {processor.py:161} INFO - Started process (PID=11027) to work on /home/airflow/.local/lib/python3.12/site-packages/airflow/example_dags/example_display_name.py
[2024-05-23T19:50:40.370+0000] {processor.py:830} INFO - Processing file /home/airflow/.local/lib/python3.12/site-packages/airflow/example_dags/example_display_name.py for tasks to queue
[2024-05-23T19:50:40.374+0000] {logging_mixin.py:188} INFO - [2024-05-23T19:50:40.373+0000] {dagbag.py:545} INFO - Filling up the DagBag from /home/airflow/.local/lib/python3.12/site-packages/airflow/example_dags/example_display_name.py
[2024-05-23T19:50:40.383+0000] {processor.py:840} INFO - DAG(s) 'example_display_name' retrieved from /home/airflow/.local/lib/python3.12/site-packages/airflow/example_dags/example_display_name.py
[2024-05-23T19:50:40.581+0000] {logging_mixin.py:188} INFO - [2024-05-23T19:50:40.581+0000] {dag.py:3096} INFO - Sync 1 DAGs
[2024-05-23T19:50:40.599+0000] {logging_mixin.py:188} INFO - [2024-05-23T19:50:40.599+0000] {dag.py:3954} INFO - Setting next_dagrun for example_display_name to None, run_after=None
[2024-05-23T19:50:40.626+0000] {processor.py:183} INFO - Processing /home/airflow/.local/lib/python3.12/site-packages/airflow/example_dags/example_display_name.py took 0.268 seconds
[2024-05-23T19:51:10.682+0000] {processor.py:161} INFO - Started process (PID=11290) to work on /home/airflow/.local/lib/python3.12/site-packages/airflow/example_dags/example_display_name.py
[2024-05-23T19:51:10.684+0000] {processor.py:830} INFO - Processing file /home/airflow/.local/lib/python3.12/site-packages/airflow/example_dags/example_display_name.py for tasks to queue
[2024-05-23T19:51:10.687+0000] {logging_mixin.py:188} INFO - [2024-05-23T19:51:10.687+0000] {dagbag.py:545} INFO - Filling up the DagBag from /home/airflow/.local/lib/python3.12/site-packages/airflow/example_dags/example_display_name.py
[2024-05-23T19:51:10.696+0000] {processor.py:840} INFO - DAG(s) 'example_display_name' retrieved from /home/airflow/.local/lib/python3.12/site-packages/airflow/example_dags/example_display_name.py
[2024-05-23T19:51:10.724+0000] {logging_mixin.py:188} INFO - [2024-05-23T19:51:10.724+0000] {dag.py:3096} INFO - Sync 1 DAGs
[2024-05-23T19:51:10.745+0000] {logging_mixin.py:188} INFO - [2024-05-23T19:51:10.745+0000] {dag.py:3954} INFO - Setting next_dagrun for example_display_name to None, run_after=None
[2024-05-23T19:51:10.774+0000] {processor.py:183} INFO - Processing /home/airflow/.local/lib/python3.12/site-packages/airflow/example_dags/example_display_name.py took 0.101 seconds
[2024-05-23T19:51:41.711+0000] {processor.py:161} INFO - Started process (PID=11550) to work on /home/airflow/.local/lib/python3.12/site-packages/airflow/example_dags/example_display_name.py
[2024-05-23T19:51:41.717+0000] {processor.py:830} INFO - Processing file /home/airflow/.local/lib/python3.12/site-packages/airflow/example_dags/example_display_name.py for tasks to queue
[2024-05-23T19:51:41.720+0000] {logging_mixin.py:188} INFO - [2024-05-23T19:51:41.719+0000] {dagbag.py:545} INFO - Filling up the DagBag from /home/airflow/.local/lib/python3.12/site-packages/airflow/example_dags/example_display_name.py
[2024-05-23T19:51:41.730+0000] {processor.py:840} INFO - DAG(s) 'example_display_name' retrieved from /home/airflow/.local/lib/python3.12/site-packages/airflow/example_dags/example_display_name.py
[2024-05-23T19:51:41.759+0000] {logging_mixin.py:188} INFO - [2024-05-23T19:51:41.759+0000] {dag.py:3096} INFO - Sync 1 DAGs
[2024-05-23T19:51:41.780+0000] {logging_mixin.py:188} INFO - [2024-05-23T19:51:41.779+0000] {dag.py:3954} INFO - Setting next_dagrun for example_display_name to None, run_after=None
[2024-05-23T19:51:41.812+0000] {processor.py:183} INFO - Processing /home/airflow/.local/lib/python3.12/site-packages/airflow/example_dags/example_display_name.py took 0.112 seconds
[2024-05-23T19:52:12.111+0000] {processor.py:161} INFO - Started process (PID=11812) to work on /home/airflow/.local/lib/python3.12/site-packages/airflow/example_dags/example_display_name.py
[2024-05-23T19:52:12.113+0000] {processor.py:830} INFO - Processing file /home/airflow/.local/lib/python3.12/site-packages/airflow/example_dags/example_display_name.py for tasks to queue
[2024-05-23T19:52:12.116+0000] {logging_mixin.py:188} INFO - [2024-05-23T19:52:12.115+0000] {dagbag.py:545} INFO - Filling up the DagBag from /home/airflow/.local/lib/python3.12/site-packages/airflow/example_dags/example_display_name.py
[2024-05-23T19:52:12.126+0000] {processor.py:840} INFO - DAG(s) 'example_display_name' retrieved from /home/airflow/.local/lib/python3.12/site-packages/airflow/example_dags/example_display_name.py
[2024-05-23T19:52:12.155+0000] {logging_mixin.py:188} INFO - [2024-05-23T19:52:12.155+0000] {dag.py:3096} INFO - Sync 1 DAGs
[2024-05-23T19:52:12.176+0000] {logging_mixin.py:188} INFO - [2024-05-23T19:52:12.175+0000] {dag.py:3954} INFO - Setting next_dagrun for example_display_name to None, run_after=None
[2024-05-23T19:52:12.203+0000] {processor.py:183} INFO - Processing /home/airflow/.local/lib/python3.12/site-packages/airflow/example_dags/example_display_name.py took 0.101 seconds
[2024-05-23T19:52:42.447+0000] {processor.py:161} INFO - Started process (PID=12074) to work on /home/airflow/.local/lib/python3.12/site-packages/airflow/example_dags/example_display_name.py
[2024-05-23T19:52:42.449+0000] {processor.py:830} INFO - Processing file /home/airflow/.local/lib/python3.12/site-packages/airflow/example_dags/example_display_name.py for tasks to queue
[2024-05-23T19:52:42.452+0000] {logging_mixin.py:188} INFO - [2024-05-23T19:52:42.451+0000] {dagbag.py:545} INFO - Filling up the DagBag from /home/airflow/.local/lib/python3.12/site-packages/airflow/example_dags/example_display_name.py
[2024-05-23T19:52:42.462+0000] {processor.py:840} INFO - DAG(s) 'example_display_name' retrieved from /home/airflow/.local/lib/python3.12/site-packages/airflow/example_dags/example_display_name.py
[2024-05-23T19:52:42.489+0000] {logging_mixin.py:188} INFO - [2024-05-23T19:52:42.489+0000] {dag.py:3096} INFO - Sync 1 DAGs
[2024-05-23T19:52:42.510+0000] {logging_mixin.py:188} INFO - [2024-05-23T19:52:42.509+0000] {dag.py:3954} INFO - Setting next_dagrun for example_display_name to None, run_after=None
[2024-05-23T19:52:42.538+0000] {processor.py:183} INFO - Processing /home/airflow/.local/lib/python3.12/site-packages/airflow/example_dags/example_display_name.py took 0.100 seconds
[2024-05-23T19:53:12.760+0000] {processor.py:161} INFO - Started process (PID=12336) to work on /home/airflow/.local/lib/python3.12/site-packages/airflow/example_dags/example_display_name.py
[2024-05-23T19:53:12.761+0000] {processor.py:830} INFO - Processing file /home/airflow/.local/lib/python3.12/site-packages/airflow/example_dags/example_display_name.py for tasks to queue
[2024-05-23T19:53:12.764+0000] {logging_mixin.py:188} INFO - [2024-05-23T19:53:12.764+0000] {dagbag.py:545} INFO - Filling up the DagBag from /home/airflow/.local/lib/python3.12/site-packages/airflow/example_dags/example_display_name.py
[2024-05-23T19:53:12.773+0000] {processor.py:840} INFO - DAG(s) 'example_display_name' retrieved from /home/airflow/.local/lib/python3.12/site-packages/airflow/example_dags/example_display_name.py
[2024-05-23T19:53:12.800+0000] {logging_mixin.py:188} INFO - [2024-05-23T19:53:12.800+0000] {dag.py:3096} INFO - Sync 1 DAGs
[2024-05-23T19:53:12.821+0000] {logging_mixin.py:188} INFO - [2024-05-23T19:53:12.821+0000] {dag.py:3954} INFO - Setting next_dagrun for example_display_name to None, run_after=None
[2024-05-23T19:53:12.848+0000] {processor.py:183} INFO - Processing /home/airflow/.local/lib/python3.12/site-packages/airflow/example_dags/example_display_name.py took 0.098 seconds
[2024-05-23T19:53:43.027+0000] {processor.py:161} INFO - Started process (PID=12598) to work on /home/airflow/.local/lib/python3.12/site-packages/airflow/example_dags/example_display_name.py
[2024-05-23T19:53:43.029+0000] {processor.py:830} INFO - Processing file /home/airflow/.local/lib/python3.12/site-packages/airflow/example_dags/example_display_name.py for tasks to queue
[2024-05-23T19:53:43.032+0000] {logging_mixin.py:188} INFO - [2024-05-23T19:53:43.031+0000] {dagbag.py:545} INFO - Filling up the DagBag from /home/airflow/.local/lib/python3.12/site-packages/airflow/example_dags/example_display_name.py
[2024-05-23T19:53:43.040+0000] {processor.py:840} INFO - DAG(s) 'example_display_name' retrieved from /home/airflow/.local/lib/python3.12/site-packages/airflow/example_dags/example_display_name.py
[2024-05-23T19:53:43.070+0000] {logging_mixin.py:188} INFO - [2024-05-23T19:53:43.069+0000] {dag.py:3096} INFO - Sync 1 DAGs
[2024-05-23T19:53:43.089+0000] {logging_mixin.py:188} INFO - [2024-05-23T19:53:43.089+0000] {dag.py:3954} INFO - Setting next_dagrun for example_display_name to None, run_after=None
[2024-05-23T19:53:43.117+0000] {processor.py:183} INFO - Processing /home/airflow/.local/lib/python3.12/site-packages/airflow/example_dags/example_display_name.py took 0.100 seconds
[2024-05-23T19:54:13.618+0000] {processor.py:161} INFO - Started process (PID=12860) to work on /home/airflow/.local/lib/python3.12/site-packages/airflow/example_dags/example_display_name.py
[2024-05-23T19:54:13.619+0000] {processor.py:830} INFO - Processing file /home/airflow/.local/lib/python3.12/site-packages/airflow/example_dags/example_display_name.py for tasks to queue
[2024-05-23T19:54:13.622+0000] {logging_mixin.py:188} INFO - [2024-05-23T19:54:13.622+0000] {dagbag.py:545} INFO - Filling up the DagBag from /home/airflow/.local/lib/python3.12/site-packages/airflow/example_dags/example_display_name.py
[2024-05-23T19:54:13.631+0000] {processor.py:840} INFO - DAG(s) 'example_display_name' retrieved from /home/airflow/.local/lib/python3.12/site-packages/airflow/example_dags/example_display_name.py
[2024-05-23T19:54:13.661+0000] {logging_mixin.py:188} INFO - [2024-05-23T19:54:13.661+0000] {dag.py:3096} INFO - Sync 1 DAGs
[2024-05-23T19:54:13.681+0000] {logging_mixin.py:188} INFO - [2024-05-23T19:54:13.681+0000] {dag.py:3954} INFO - Setting next_dagrun for example_display_name to None, run_after=None
[2024-05-23T19:54:13.708+0000] {processor.py:183} INFO - Processing /home/airflow/.local/lib/python3.12/site-packages/airflow/example_dags/example_display_name.py took 0.100 seconds
[2024-05-23T19:54:44.342+0000] {processor.py:161} INFO - Started process (PID=13122) to work on /home/airflow/.local/lib/python3.12/site-packages/airflow/example_dags/example_display_name.py
[2024-05-23T19:54:44.343+0000] {processor.py:830} INFO - Processing file /home/airflow/.local/lib/python3.12/site-packages/airflow/example_dags/example_display_name.py for tasks to queue
[2024-05-23T19:54:44.345+0000] {logging_mixin.py:188} INFO - [2024-05-23T19:54:44.345+0000] {dagbag.py:545} INFO - Filling up the DagBag from /home/airflow/.local/lib/python3.12/site-packages/airflow/example_dags/example_display_name.py
[2024-05-23T19:54:44.353+0000] {processor.py:840} INFO - DAG(s) 'example_display_name' retrieved from /home/airflow/.local/lib/python3.12/site-packages/airflow/example_dags/example_display_name.py
[2024-05-23T19:54:44.381+0000] {logging_mixin.py:188} INFO - [2024-05-23T19:54:44.380+0000] {dag.py:3096} INFO - Sync 1 DAGs
[2024-05-23T19:54:44.398+0000] {logging_mixin.py:188} INFO - [2024-05-23T19:54:44.398+0000] {dag.py:3954} INFO - Setting next_dagrun for example_display_name to None, run_after=None
[2024-05-23T19:54:44.422+0000] {processor.py:183} INFO - Processing /home/airflow/.local/lib/python3.12/site-packages/airflow/example_dags/example_display_name.py took 0.089 seconds
[2024-05-23T19:55:15.249+0000] {processor.py:161} INFO - Started process (PID=13384) to work on /home/airflow/.local/lib/python3.12/site-packages/airflow/example_dags/example_display_name.py
[2024-05-23T19:55:15.251+0000] {processor.py:830} INFO - Processing file /home/airflow/.local/lib/python3.12/site-packages/airflow/example_dags/example_display_name.py for tasks to queue
[2024-05-23T19:55:15.254+0000] {logging_mixin.py:188} INFO - [2024-05-23T19:55:15.254+0000] {dagbag.py:545} INFO - Filling up the DagBag from /home/airflow/.local/lib/python3.12/site-packages/airflow/example_dags/example_display_name.py
[2024-05-23T19:55:15.266+0000] {processor.py:840} INFO - DAG(s) 'example_display_name' retrieved from /home/airflow/.local/lib/python3.12/site-packages/airflow/example_dags/example_display_name.py
[2024-05-23T19:55:15.299+0000] {logging_mixin.py:188} INFO - [2024-05-23T19:55:15.298+0000] {dag.py:3096} INFO - Sync 1 DAGs
[2024-05-23T19:55:15.319+0000] {logging_mixin.py:188} INFO - [2024-05-23T19:55:15.318+0000] {dag.py:3954} INFO - Setting next_dagrun for example_display_name to None, run_after=None
[2024-05-23T19:55:15.346+0000] {processor.py:183} INFO - Processing /home/airflow/.local/lib/python3.12/site-packages/airflow/example_dags/example_display_name.py took 0.108 seconds
[2024-05-23T19:55:45.854+0000] {processor.py:161} INFO - Started process (PID=13646) to work on /home/airflow/.local/lib/python3.12/site-packages/airflow/example_dags/example_display_name.py
[2024-05-23T19:55:45.856+0000] {processor.py:830} INFO - Processing file /home/airflow/.local/lib/python3.12/site-packages/airflow/example_dags/example_display_name.py for tasks to queue
[2024-05-23T19:55:45.863+0000] {logging_mixin.py:188} INFO - [2024-05-23T19:55:45.862+0000] {dagbag.py:545} INFO - Filling up the DagBag from /home/airflow/.local/lib/python3.12/site-packages/airflow/example_dags/example_display_name.py
[2024-05-23T19:55:45.875+0000] {processor.py:840} INFO - DAG(s) 'example_display_name' retrieved from /home/airflow/.local/lib/python3.12/site-packages/airflow/example_dags/example_display_name.py
[2024-05-23T19:55:45.906+0000] {logging_mixin.py:188} INFO - [2024-05-23T19:55:45.906+0000] {dag.py:3096} INFO - Sync 1 DAGs
[2024-05-23T19:55:45.932+0000] {logging_mixin.py:188} INFO - [2024-05-23T19:55:45.932+0000] {dag.py:3954} INFO - Setting next_dagrun for example_display_name to None, run_after=None
[2024-05-23T19:55:45.961+0000] {processor.py:183} INFO - Processing /home/airflow/.local/lib/python3.12/site-packages/airflow/example_dags/example_display_name.py took 0.122 seconds
[2024-05-23T19:56:16.137+0000] {processor.py:161} INFO - Started process (PID=13914) to work on /home/airflow/.local/lib/python3.12/site-packages/airflow/example_dags/example_display_name.py
[2024-05-23T19:56:16.139+0000] {processor.py:830} INFO - Processing file /home/airflow/.local/lib/python3.12/site-packages/airflow/example_dags/example_display_name.py for tasks to queue
[2024-05-23T19:56:16.142+0000] {logging_mixin.py:188} INFO - [2024-05-23T19:56:16.142+0000] {dagbag.py:545} INFO - Filling up the DagBag from /home/airflow/.local/lib/python3.12/site-packages/airflow/example_dags/example_display_name.py
[2024-05-23T19:56:16.151+0000] {processor.py:840} INFO - DAG(s) 'example_display_name' retrieved from /home/airflow/.local/lib/python3.12/site-packages/airflow/example_dags/example_display_name.py
[2024-05-23T19:56:16.177+0000] {logging_mixin.py:188} INFO - [2024-05-23T19:56:16.177+0000] {dag.py:3096} INFO - Sync 1 DAGs
[2024-05-23T19:56:16.196+0000] {logging_mixin.py:188} INFO - [2024-05-23T19:56:16.196+0000] {dag.py:3954} INFO - Setting next_dagrun for example_display_name to None, run_after=None
[2024-05-23T19:56:16.219+0000] {processor.py:183} INFO - Processing /home/airflow/.local/lib/python3.12/site-packages/airflow/example_dags/example_display_name.py took 0.091 seconds
[2024-05-23T19:56:46.939+0000] {processor.py:161} INFO - Started process (PID=14176) to work on /home/airflow/.local/lib/python3.12/site-packages/airflow/example_dags/example_display_name.py
[2024-05-23T19:56:46.941+0000] {processor.py:830} INFO - Processing file /home/airflow/.local/lib/python3.12/site-packages/airflow/example_dags/example_display_name.py for tasks to queue
[2024-05-23T19:56:46.944+0000] {logging_mixin.py:188} INFO - [2024-05-23T19:56:46.944+0000] {dagbag.py:545} INFO - Filling up the DagBag from /home/airflow/.local/lib/python3.12/site-packages/airflow/example_dags/example_display_name.py
[2024-05-23T19:56:46.953+0000] {processor.py:840} INFO - DAG(s) 'example_display_name' retrieved from /home/airflow/.local/lib/python3.12/site-packages/airflow/example_dags/example_display_name.py
[2024-05-23T19:56:46.977+0000] {logging_mixin.py:188} INFO - [2024-05-23T19:56:46.977+0000] {dag.py:3096} INFO - Sync 1 DAGs
[2024-05-23T19:56:46.998+0000] {logging_mixin.py:188} INFO - [2024-05-23T19:56:46.998+0000] {dag.py:3954} INFO - Setting next_dagrun for example_display_name to None, run_after=None
[2024-05-23T19:56:47.022+0000] {processor.py:183} INFO - Processing /home/airflow/.local/lib/python3.12/site-packages/airflow/example_dags/example_display_name.py took 0.092 seconds
[2024-05-23T19:57:17.505+0000] {processor.py:161} INFO - Started process (PID=14438) to work on /home/airflow/.local/lib/python3.12/site-packages/airflow/example_dags/example_display_name.py
[2024-05-23T19:57:17.508+0000] {processor.py:830} INFO - Processing file /home/airflow/.local/lib/python3.12/site-packages/airflow/example_dags/example_display_name.py for tasks to queue
[2024-05-23T19:57:17.511+0000] {logging_mixin.py:188} INFO - [2024-05-23T19:57:17.511+0000] {dagbag.py:545} INFO - Filling up the DagBag from /home/airflow/.local/lib/python3.12/site-packages/airflow/example_dags/example_display_name.py
[2024-05-23T19:57:17.519+0000] {processor.py:840} INFO - DAG(s) 'example_display_name' retrieved from /home/airflow/.local/lib/python3.12/site-packages/airflow/example_dags/example_display_name.py
[2024-05-23T19:57:17.548+0000] {logging_mixin.py:188} INFO - [2024-05-23T19:57:17.547+0000] {dag.py:3096} INFO - Sync 1 DAGs
[2024-05-23T19:57:17.566+0000] {logging_mixin.py:188} INFO - [2024-05-23T19:57:17.565+0000] {dag.py:3954} INFO - Setting next_dagrun for example_display_name to None, run_after=None
[2024-05-23T19:57:17.591+0000] {processor.py:183} INFO - Processing /home/airflow/.local/lib/python3.12/site-packages/airflow/example_dags/example_display_name.py took 0.095 seconds
[2024-05-23T19:58:10.637+0000] {processor.py:161} INFO - Started process (PID=14705) to work on /home/airflow/.local/lib/python3.12/site-packages/airflow/example_dags/example_display_name.py
[2024-05-23T19:58:10.640+0000] {processor.py:830} INFO - Processing file /home/airflow/.local/lib/python3.12/site-packages/airflow/example_dags/example_display_name.py for tasks to queue
[2024-05-23T19:58:10.642+0000] {logging_mixin.py:188} INFO - [2024-05-23T19:58:10.642+0000] {dagbag.py:545} INFO - Filling up the DagBag from /home/airflow/.local/lib/python3.12/site-packages/airflow/example_dags/example_display_name.py
[2024-05-23T19:58:10.651+0000] {processor.py:840} INFO - DAG(s) 'example_display_name' retrieved from /home/airflow/.local/lib/python3.12/site-packages/airflow/example_dags/example_display_name.py
[2024-05-23T19:58:10.679+0000] {logging_mixin.py:188} INFO - [2024-05-23T19:58:10.679+0000] {dag.py:3096} INFO - Sync 1 DAGs
[2024-05-23T19:58:10.697+0000] {logging_mixin.py:188} INFO - [2024-05-23T19:58:10.697+0000] {dag.py:3954} INFO - Setting next_dagrun for example_display_name to None, run_after=None
[2024-05-23T19:58:10.724+0000] {processor.py:183} INFO - Processing /home/airflow/.local/lib/python3.12/site-packages/airflow/example_dags/example_display_name.py took 0.095 seconds
[2024-05-23T20:03:42.913+0000] {processor.py:161} INFO - Started process (PID=15038) to work on /home/airflow/.local/lib/python3.12/site-packages/airflow/example_dags/example_display_name.py
[2024-05-23T20:03:42.915+0000] {processor.py:830} INFO - Processing file /home/airflow/.local/lib/python3.12/site-packages/airflow/example_dags/example_display_name.py for tasks to queue
[2024-05-23T20:03:42.916+0000] {logging_mixin.py:188} INFO - [2024-05-23T20:03:42.916+0000] {dagbag.py:545} INFO - Filling up the DagBag from /home/airflow/.local/lib/python3.12/site-packages/airflow/example_dags/example_display_name.py
[2024-05-23T20:03:42.923+0000] {processor.py:840} INFO - DAG(s) 'example_display_name' retrieved from /home/airflow/.local/lib/python3.12/site-packages/airflow/example_dags/example_display_name.py
[2024-05-23T20:03:42.951+0000] {logging_mixin.py:188} INFO - [2024-05-23T20:03:42.951+0000] {dag.py:3096} INFO - Sync 1 DAGs
[2024-05-23T20:03:42.967+0000] {logging_mixin.py:188} INFO - [2024-05-23T20:03:42.967+0000] {dag.py:3954} INFO - Setting next_dagrun for example_display_name to None, run_after=None
[2024-05-23T20:03:42.991+0000] {processor.py:183} INFO - Processing /home/airflow/.local/lib/python3.12/site-packages/airflow/example_dags/example_display_name.py took 0.085 seconds
[2024-05-23T20:04:17.504+0000] {processor.py:161} INFO - Started process (PID=15297) to work on /home/airflow/.local/lib/python3.12/site-packages/airflow/example_dags/example_display_name.py
[2024-05-23T20:04:17.510+0000] {processor.py:830} INFO - Processing file /home/airflow/.local/lib/python3.12/site-packages/airflow/example_dags/example_display_name.py for tasks to queue
[2024-05-23T20:04:17.516+0000] {logging_mixin.py:188} INFO - [2024-05-23T20:04:17.515+0000] {dagbag.py:545} INFO - Filling up the DagBag from /home/airflow/.local/lib/python3.12/site-packages/airflow/example_dags/example_display_name.py
[2024-05-23T20:04:17.548+0000] {processor.py:840} INFO - DAG(s) 'example_display_name' retrieved from /home/airflow/.local/lib/python3.12/site-packages/airflow/example_dags/example_display_name.py
[2024-05-23T20:04:17.651+0000] {logging_mixin.py:188} INFO - [2024-05-23T20:04:17.650+0000] {dag.py:3096} INFO - Sync 1 DAGs
[2024-05-23T20:04:17.720+0000] {logging_mixin.py:188} INFO - [2024-05-23T20:04:17.719+0000] {dag.py:3954} INFO - Setting next_dagrun for example_display_name to None, run_after=None
[2024-05-23T20:04:17.808+0000] {processor.py:183} INFO - Processing /home/airflow/.local/lib/python3.12/site-packages/airflow/example_dags/example_display_name.py took 0.339 seconds
[2024-05-23T20:08:13.443+0000] {processor.py:161} INFO - Started process (PID=15563) to work on /home/airflow/.local/lib/python3.12/site-packages/airflow/example_dags/example_display_name.py
[2024-05-23T20:08:13.445+0000] {processor.py:830} INFO - Processing file /home/airflow/.local/lib/python3.12/site-packages/airflow/example_dags/example_display_name.py for tasks to queue
[2024-05-23T20:08:13.447+0000] {logging_mixin.py:188} INFO - [2024-05-23T20:08:13.447+0000] {dagbag.py:545} INFO - Filling up the DagBag from /home/airflow/.local/lib/python3.12/site-packages/airflow/example_dags/example_display_name.py
[2024-05-23T20:08:13.459+0000] {processor.py:840} INFO - DAG(s) 'example_display_name' retrieved from /home/airflow/.local/lib/python3.12/site-packages/airflow/example_dags/example_display_name.py
[2024-05-23T20:08:13.504+0000] {logging_mixin.py:188} INFO - [2024-05-23T20:08:13.503+0000] {dag.py:3096} INFO - Sync 1 DAGs
[2024-05-23T20:08:13.532+0000] {logging_mixin.py:188} INFO - [2024-05-23T20:08:13.531+0000] {dag.py:3954} INFO - Setting next_dagrun for example_display_name to None, run_after=None
[2024-05-23T20:08:13.574+0000] {processor.py:183} INFO - Processing /home/airflow/.local/lib/python3.12/site-packages/airflow/example_dags/example_display_name.py took 0.145 seconds
[2024-05-23T20:08:44.328+0000] {processor.py:161} INFO - Started process (PID=15825) to work on /home/airflow/.local/lib/python3.12/site-packages/airflow/example_dags/example_display_name.py
[2024-05-23T20:08:44.330+0000] {processor.py:830} INFO - Processing file /home/airflow/.local/lib/python3.12/site-packages/airflow/example_dags/example_display_name.py for tasks to queue
[2024-05-23T20:08:44.333+0000] {logging_mixin.py:188} INFO - [2024-05-23T20:08:44.333+0000] {dagbag.py:545} INFO - Filling up the DagBag from /home/airflow/.local/lib/python3.12/site-packages/airflow/example_dags/example_display_name.py
[2024-05-23T20:08:44.341+0000] {processor.py:840} INFO - DAG(s) 'example_display_name' retrieved from /home/airflow/.local/lib/python3.12/site-packages/airflow/example_dags/example_display_name.py
[2024-05-23T20:08:44.370+0000] {logging_mixin.py:188} INFO - [2024-05-23T20:08:44.370+0000] {dag.py:3096} INFO - Sync 1 DAGs
[2024-05-23T20:08:44.389+0000] {logging_mixin.py:188} INFO - [2024-05-23T20:08:44.388+0000] {dag.py:3954} INFO - Setting next_dagrun for example_display_name to None, run_after=None
[2024-05-23T20:08:44.416+0000] {processor.py:183} INFO - Processing /home/airflow/.local/lib/python3.12/site-packages/airflow/example_dags/example_display_name.py took 0.097 seconds
[2024-05-23T20:09:14.710+0000] {processor.py:161} INFO - Started process (PID=16082) to work on /home/airflow/.local/lib/python3.12/site-packages/airflow/example_dags/example_display_name.py
[2024-05-23T20:09:14.712+0000] {processor.py:830} INFO - Processing file /home/airflow/.local/lib/python3.12/site-packages/airflow/example_dags/example_display_name.py for tasks to queue
[2024-05-23T20:09:14.714+0000] {logging_mixin.py:188} INFO - [2024-05-23T20:09:14.714+0000] {dagbag.py:545} INFO - Filling up the DagBag from /home/airflow/.local/lib/python3.12/site-packages/airflow/example_dags/example_display_name.py
[2024-05-23T20:09:14.723+0000] {processor.py:840} INFO - DAG(s) 'example_display_name' retrieved from /home/airflow/.local/lib/python3.12/site-packages/airflow/example_dags/example_display_name.py
[2024-05-23T20:09:14.756+0000] {logging_mixin.py:188} INFO - [2024-05-23T20:09:14.756+0000] {dag.py:3096} INFO - Sync 1 DAGs
[2024-05-23T20:09:14.775+0000] {logging_mixin.py:188} INFO - [2024-05-23T20:09:14.775+0000] {dag.py:3954} INFO - Setting next_dagrun for example_display_name to None, run_after=None
[2024-05-23T20:09:14.801+0000] {processor.py:183} INFO - Processing /home/airflow/.local/lib/python3.12/site-packages/airflow/example_dags/example_display_name.py took 0.104 seconds
[2024-05-23T20:09:44.974+0000] {processor.py:161} INFO - Started process (PID=16344) to work on /home/airflow/.local/lib/python3.12/site-packages/airflow/example_dags/example_display_name.py
[2024-05-23T20:09:44.976+0000] {processor.py:830} INFO - Processing file /home/airflow/.local/lib/python3.12/site-packages/airflow/example_dags/example_display_name.py for tasks to queue
[2024-05-23T20:09:44.978+0000] {logging_mixin.py:188} INFO - [2024-05-23T20:09:44.977+0000] {dagbag.py:545} INFO - Filling up the DagBag from /home/airflow/.local/lib/python3.12/site-packages/airflow/example_dags/example_display_name.py
[2024-05-23T20:09:44.986+0000] {processor.py:840} INFO - DAG(s) 'example_display_name' retrieved from /home/airflow/.local/lib/python3.12/site-packages/airflow/example_dags/example_display_name.py
[2024-05-23T20:09:45.017+0000] {logging_mixin.py:188} INFO - [2024-05-23T20:09:45.016+0000] {dag.py:3096} INFO - Sync 1 DAGs
[2024-05-23T20:09:45.036+0000] {logging_mixin.py:188} INFO - [2024-05-23T20:09:45.036+0000] {dag.py:3954} INFO - Setting next_dagrun for example_display_name to None, run_after=None
[2024-05-23T20:09:45.060+0000] {processor.py:183} INFO - Processing /home/airflow/.local/lib/python3.12/site-packages/airflow/example_dags/example_display_name.py took 0.097 seconds
[2024-05-23T20:10:15.485+0000] {processor.py:161} INFO - Started process (PID=16606) to work on /home/airflow/.local/lib/python3.12/site-packages/airflow/example_dags/example_display_name.py
[2024-05-23T20:10:15.486+0000] {processor.py:830} INFO - Processing file /home/airflow/.local/lib/python3.12/site-packages/airflow/example_dags/example_display_name.py for tasks to queue
[2024-05-23T20:10:15.488+0000] {logging_mixin.py:188} INFO - [2024-05-23T20:10:15.487+0000] {dagbag.py:545} INFO - Filling up the DagBag from /home/airflow/.local/lib/python3.12/site-packages/airflow/example_dags/example_display_name.py
[2024-05-23T20:10:15.495+0000] {processor.py:840} INFO - DAG(s) 'example_display_name' retrieved from /home/airflow/.local/lib/python3.12/site-packages/airflow/example_dags/example_display_name.py
[2024-05-23T20:10:15.530+0000] {logging_mixin.py:188} INFO - [2024-05-23T20:10:15.530+0000] {dag.py:3096} INFO - Sync 1 DAGs
[2024-05-23T20:10:15.549+0000] {logging_mixin.py:188} INFO - [2024-05-23T20:10:15.548+0000] {dag.py:3954} INFO - Setting next_dagrun for example_display_name to None, run_after=None
[2024-05-23T20:10:15.578+0000] {processor.py:183} INFO - Processing /home/airflow/.local/lib/python3.12/site-packages/airflow/example_dags/example_display_name.py took 0.101 seconds
[2024-05-23T20:10:45.635+0000] {processor.py:161} INFO - Started process (PID=16868) to work on /home/airflow/.local/lib/python3.12/site-packages/airflow/example_dags/example_display_name.py
[2024-05-23T20:10:45.636+0000] {processor.py:830} INFO - Processing file /home/airflow/.local/lib/python3.12/site-packages/airflow/example_dags/example_display_name.py for tasks to queue
[2024-05-23T20:10:45.638+0000] {logging_mixin.py:188} INFO - [2024-05-23T20:10:45.637+0000] {dagbag.py:545} INFO - Filling up the DagBag from /home/airflow/.local/lib/python3.12/site-packages/airflow/example_dags/example_display_name.py
[2024-05-23T20:10:45.645+0000] {processor.py:840} INFO - DAG(s) 'example_display_name' retrieved from /home/airflow/.local/lib/python3.12/site-packages/airflow/example_dags/example_display_name.py
[2024-05-23T20:10:45.671+0000] {logging_mixin.py:188} INFO - [2024-05-23T20:10:45.671+0000] {dag.py:3096} INFO - Sync 1 DAGs
[2024-05-23T20:10:45.694+0000] {logging_mixin.py:188} INFO - [2024-05-23T20:10:45.694+0000] {dag.py:3954} INFO - Setting next_dagrun for example_display_name to None, run_after=None
[2024-05-23T20:10:45.762+0000] {processor.py:183} INFO - Processing /home/airflow/.local/lib/python3.12/site-packages/airflow/example_dags/example_display_name.py took 0.135 seconds
[2024-05-23T20:11:16.926+0000] {processor.py:161} INFO - Started process (PID=17134) to work on /home/airflow/.local/lib/python3.12/site-packages/airflow/example_dags/example_display_name.py
[2024-05-23T20:11:16.928+0000] {processor.py:830} INFO - Processing file /home/airflow/.local/lib/python3.12/site-packages/airflow/example_dags/example_display_name.py for tasks to queue
[2024-05-23T20:11:16.930+0000] {logging_mixin.py:188} INFO - [2024-05-23T20:11:16.930+0000] {dagbag.py:545} INFO - Filling up the DagBag from /home/airflow/.local/lib/python3.12/site-packages/airflow/example_dags/example_display_name.py
[2024-05-23T20:11:16.938+0000] {processor.py:840} INFO - DAG(s) 'example_display_name' retrieved from /home/airflow/.local/lib/python3.12/site-packages/airflow/example_dags/example_display_name.py
[2024-05-23T20:11:16.968+0000] {logging_mixin.py:188} INFO - [2024-05-23T20:11:16.968+0000] {dag.py:3096} INFO - Sync 1 DAGs
[2024-05-23T20:11:16.987+0000] {logging_mixin.py:188} INFO - [2024-05-23T20:11:16.987+0000] {dag.py:3954} INFO - Setting next_dagrun for example_display_name to None, run_after=None
[2024-05-23T20:11:17.010+0000] {processor.py:183} INFO - Processing /home/airflow/.local/lib/python3.12/site-packages/airflow/example_dags/example_display_name.py took 0.093 seconds
[2024-05-23T20:11:47.275+0000] {processor.py:161} INFO - Started process (PID=17396) to work on /home/airflow/.local/lib/python3.12/site-packages/airflow/example_dags/example_display_name.py
[2024-05-23T20:11:47.276+0000] {processor.py:830} INFO - Processing file /home/airflow/.local/lib/python3.12/site-packages/airflow/example_dags/example_display_name.py for tasks to queue
[2024-05-23T20:11:47.277+0000] {logging_mixin.py:188} INFO - [2024-05-23T20:11:47.277+0000] {dagbag.py:545} INFO - Filling up the DagBag from /home/airflow/.local/lib/python3.12/site-packages/airflow/example_dags/example_display_name.py
[2024-05-23T20:11:47.282+0000] {processor.py:840} INFO - DAG(s) 'example_display_name' retrieved from /home/airflow/.local/lib/python3.12/site-packages/airflow/example_dags/example_display_name.py
[2024-05-23T20:11:47.303+0000] {logging_mixin.py:188} INFO - [2024-05-23T20:11:47.303+0000] {dag.py:3096} INFO - Sync 1 DAGs
[2024-05-23T20:11:47.318+0000] {logging_mixin.py:188} INFO - [2024-05-23T20:11:47.317+0000] {dag.py:3954} INFO - Setting next_dagrun for example_display_name to None, run_after=None
[2024-05-23T20:11:47.338+0000] {processor.py:183} INFO - Processing /home/airflow/.local/lib/python3.12/site-packages/airflow/example_dags/example_display_name.py took 0.070 seconds
[2024-05-23T20:12:18.102+0000] {processor.py:161} INFO - Started process (PID=17658) to work on /home/airflow/.local/lib/python3.12/site-packages/airflow/example_dags/example_display_name.py
[2024-05-23T20:12:18.103+0000] {processor.py:830} INFO - Processing file /home/airflow/.local/lib/python3.12/site-packages/airflow/example_dags/example_display_name.py for tasks to queue
[2024-05-23T20:12:18.105+0000] {logging_mixin.py:188} INFO - [2024-05-23T20:12:18.105+0000] {dagbag.py:545} INFO - Filling up the DagBag from /home/airflow/.local/lib/python3.12/site-packages/airflow/example_dags/example_display_name.py
[2024-05-23T20:12:18.113+0000] {processor.py:840} INFO - DAG(s) 'example_display_name' retrieved from /home/airflow/.local/lib/python3.12/site-packages/airflow/example_dags/example_display_name.py
[2024-05-23T20:12:18.140+0000] {logging_mixin.py:188} INFO - [2024-05-23T20:12:18.140+0000] {dag.py:3096} INFO - Sync 1 DAGs
[2024-05-23T20:12:18.157+0000] {logging_mixin.py:188} INFO - [2024-05-23T20:12:18.157+0000] {dag.py:3954} INFO - Setting next_dagrun for example_display_name to None, run_after=None
[2024-05-23T20:12:18.182+0000] {processor.py:183} INFO - Processing /home/airflow/.local/lib/python3.12/site-packages/airflow/example_dags/example_display_name.py took 0.089 seconds
[2024-05-23T20:12:48.343+0000] {processor.py:161} INFO - Started process (PID=17915) to work on /home/airflow/.local/lib/python3.12/site-packages/airflow/example_dags/example_display_name.py
[2024-05-23T20:12:48.344+0000] {processor.py:830} INFO - Processing file /home/airflow/.local/lib/python3.12/site-packages/airflow/example_dags/example_display_name.py for tasks to queue
[2024-05-23T20:12:48.345+0000] {logging_mixin.py:188} INFO - [2024-05-23T20:12:48.345+0000] {dagbag.py:545} INFO - Filling up the DagBag from /home/airflow/.local/lib/python3.12/site-packages/airflow/example_dags/example_display_name.py
[2024-05-23T20:12:48.352+0000] {processor.py:840} INFO - DAG(s) 'example_display_name' retrieved from /home/airflow/.local/lib/python3.12/site-packages/airflow/example_dags/example_display_name.py
[2024-05-23T20:12:48.379+0000] {logging_mixin.py:188} INFO - [2024-05-23T20:12:48.379+0000] {dag.py:3096} INFO - Sync 1 DAGs
[2024-05-23T20:12:48.397+0000] {logging_mixin.py:188} INFO - [2024-05-23T20:12:48.397+0000] {dag.py:3954} INFO - Setting next_dagrun for example_display_name to None, run_after=None
[2024-05-23T20:12:48.426+0000] {processor.py:183} INFO - Processing /home/airflow/.local/lib/python3.12/site-packages/airflow/example_dags/example_display_name.py took 0.093 seconds
[2024-05-23T20:13:18.603+0000] {processor.py:161} INFO - Started process (PID=18177) to work on /home/airflow/.local/lib/python3.12/site-packages/airflow/example_dags/example_display_name.py
[2024-05-23T20:13:18.604+0000] {processor.py:830} INFO - Processing file /home/airflow/.local/lib/python3.12/site-packages/airflow/example_dags/example_display_name.py for tasks to queue
[2024-05-23T20:13:18.605+0000] {logging_mixin.py:188} INFO - [2024-05-23T20:13:18.605+0000] {dagbag.py:545} INFO - Filling up the DagBag from /home/airflow/.local/lib/python3.12/site-packages/airflow/example_dags/example_display_name.py
[2024-05-23T20:13:18.614+0000] {processor.py:840} INFO - DAG(s) 'example_display_name' retrieved from /home/airflow/.local/lib/python3.12/site-packages/airflow/example_dags/example_display_name.py
[2024-05-23T20:13:18.644+0000] {logging_mixin.py:188} INFO - [2024-05-23T20:13:18.644+0000] {dag.py:3096} INFO - Sync 1 DAGs
[2024-05-23T20:13:18.664+0000] {logging_mixin.py:188} INFO - [2024-05-23T20:13:18.663+0000] {dag.py:3954} INFO - Setting next_dagrun for example_display_name to None, run_after=None
[2024-05-23T20:13:18.693+0000] {processor.py:183} INFO - Processing /home/airflow/.local/lib/python3.12/site-packages/airflow/example_dags/example_display_name.py took 0.099 seconds
