[2024-05-23T19:29:54.081+0000] {processor.py:161} INFO - Started process (PID=317) to work on /home/airflow/.local/lib/python3.12/site-packages/airflow/example_dags/example_skip_dag.py
[2024-05-23T19:29:54.083+0000] {processor.py:830} INFO - Processing file /home/airflow/.local/lib/python3.12/site-packages/airflow/example_dags/example_skip_dag.py for tasks to queue
[2024-05-23T19:29:54.087+0000] {logging_mixin.py:188} INFO - [2024-05-23T19:29:54.086+0000] {dagbag.py:545} INFO - Filling up the DagBag from /home/airflow/.local/lib/python3.12/site-packages/airflow/example_dags/example_skip_dag.py
[2024-05-23T19:29:54.101+0000] {processor.py:840} INFO - DAG(s) 'example_skip_dag' retrieved from /home/airflow/.local/lib/python3.12/site-packages/airflow/example_dags/example_skip_dag.py
[2024-05-23T19:29:54.323+0000] {logging_mixin.py:188} INFO - [2024-05-23T19:29:54.322+0000] {dag.py:3096} INFO - Sync 1 DAGs
[2024-05-23T19:29:54.366+0000] {logging_mixin.py:188} INFO - [2024-05-23T19:29:54.365+0000] {dag.py:3954} INFO - Setting next_dagrun for example_skip_dag to 2024-05-22 00:00:00+00:00, run_after=2024-05-23 00:00:00+00:00
[2024-05-23T19:29:54.410+0000] {processor.py:183} INFO - Processing /home/airflow/.local/lib/python3.12/site-packages/airflow/example_dags/example_skip_dag.py took 0.341 seconds
[2024-05-23T19:30:25.219+0000] {processor.py:161} INFO - Started process (PID=579) to work on /home/airflow/.local/lib/python3.12/site-packages/airflow/example_dags/example_skip_dag.py
[2024-05-23T19:30:25.220+0000] {processor.py:830} INFO - Processing file /home/airflow/.local/lib/python3.12/site-packages/airflow/example_dags/example_skip_dag.py for tasks to queue
[2024-05-23T19:30:25.223+0000] {logging_mixin.py:188} INFO - [2024-05-23T19:30:25.223+0000] {dagbag.py:545} INFO - Filling up the DagBag from /home/airflow/.local/lib/python3.12/site-packages/airflow/example_dags/example_skip_dag.py
[2024-05-23T19:30:25.234+0000] {processor.py:840} INFO - DAG(s) 'example_skip_dag' retrieved from /home/airflow/.local/lib/python3.12/site-packages/airflow/example_dags/example_skip_dag.py
[2024-05-23T19:30:25.270+0000] {logging_mixin.py:188} INFO - [2024-05-23T19:30:25.269+0000] {dag.py:3096} INFO - Sync 1 DAGs
[2024-05-23T19:30:25.306+0000] {logging_mixin.py:188} INFO - [2024-05-23T19:30:25.306+0000] {dag.py:3954} INFO - Setting next_dagrun for example_skip_dag to 2024-05-22 00:00:00+00:00, run_after=2024-05-23 00:00:00+00:00
[2024-05-23T19:30:25.335+0000] {processor.py:183} INFO - Processing /home/airflow/.local/lib/python3.12/site-packages/airflow/example_dags/example_skip_dag.py took 0.125 seconds
[2024-05-23T19:30:55.573+0000] {processor.py:161} INFO - Started process (PID=841) to work on /home/airflow/.local/lib/python3.12/site-packages/airflow/example_dags/example_skip_dag.py
[2024-05-23T19:30:55.575+0000] {processor.py:830} INFO - Processing file /home/airflow/.local/lib/python3.12/site-packages/airflow/example_dags/example_skip_dag.py for tasks to queue
[2024-05-23T19:30:55.579+0000] {logging_mixin.py:188} INFO - [2024-05-23T19:30:55.578+0000] {dagbag.py:545} INFO - Filling up the DagBag from /home/airflow/.local/lib/python3.12/site-packages/airflow/example_dags/example_skip_dag.py
[2024-05-23T19:30:55.590+0000] {processor.py:840} INFO - DAG(s) 'example_skip_dag' retrieved from /home/airflow/.local/lib/python3.12/site-packages/airflow/example_dags/example_skip_dag.py
[2024-05-23T19:30:55.626+0000] {logging_mixin.py:188} INFO - [2024-05-23T19:30:55.625+0000] {dag.py:3096} INFO - Sync 1 DAGs
[2024-05-23T19:30:55.661+0000] {logging_mixin.py:188} INFO - [2024-05-23T19:30:55.660+0000] {dag.py:3954} INFO - Setting next_dagrun for example_skip_dag to 2024-05-22 00:00:00+00:00, run_after=2024-05-23 00:00:00+00:00
[2024-05-23T19:30:55.691+0000] {processor.py:183} INFO - Processing /home/airflow/.local/lib/python3.12/site-packages/airflow/example_dags/example_skip_dag.py took 0.128 seconds
[2024-05-23T19:31:25.762+0000] {processor.py:161} INFO - Started process (PID=1103) to work on /home/airflow/.local/lib/python3.12/site-packages/airflow/example_dags/example_skip_dag.py
[2024-05-23T19:31:25.764+0000] {processor.py:830} INFO - Processing file /home/airflow/.local/lib/python3.12/site-packages/airflow/example_dags/example_skip_dag.py for tasks to queue
[2024-05-23T19:31:25.767+0000] {logging_mixin.py:188} INFO - [2024-05-23T19:31:25.766+0000] {dagbag.py:545} INFO - Filling up the DagBag from /home/airflow/.local/lib/python3.12/site-packages/airflow/example_dags/example_skip_dag.py
[2024-05-23T19:31:25.777+0000] {processor.py:840} INFO - DAG(s) 'example_skip_dag' retrieved from /home/airflow/.local/lib/python3.12/site-packages/airflow/example_dags/example_skip_dag.py
[2024-05-23T19:31:25.811+0000] {logging_mixin.py:188} INFO - [2024-05-23T19:31:25.811+0000] {dag.py:3096} INFO - Sync 1 DAGs
[2024-05-23T19:31:25.845+0000] {logging_mixin.py:188} INFO - [2024-05-23T19:31:25.845+0000] {dag.py:3954} INFO - Setting next_dagrun for example_skip_dag to 2024-05-22 00:00:00+00:00, run_after=2024-05-23 00:00:00+00:00
[2024-05-23T19:31:25.873+0000] {processor.py:183} INFO - Processing /home/airflow/.local/lib/python3.12/site-packages/airflow/example_dags/example_skip_dag.py took 0.120 seconds
[2024-05-23T19:31:56.063+0000] {processor.py:161} INFO - Started process (PID=1365) to work on /home/airflow/.local/lib/python3.12/site-packages/airflow/example_dags/example_skip_dag.py
[2024-05-23T19:31:56.065+0000] {processor.py:830} INFO - Processing file /home/airflow/.local/lib/python3.12/site-packages/airflow/example_dags/example_skip_dag.py for tasks to queue
[2024-05-23T19:31:56.068+0000] {logging_mixin.py:188} INFO - [2024-05-23T19:31:56.067+0000] {dagbag.py:545} INFO - Filling up the DagBag from /home/airflow/.local/lib/python3.12/site-packages/airflow/example_dags/example_skip_dag.py
[2024-05-23T19:31:56.078+0000] {processor.py:840} INFO - DAG(s) 'example_skip_dag' retrieved from /home/airflow/.local/lib/python3.12/site-packages/airflow/example_dags/example_skip_dag.py
[2024-05-23T19:31:56.112+0000] {logging_mixin.py:188} INFO - [2024-05-23T19:31:56.112+0000] {dag.py:3096} INFO - Sync 1 DAGs
[2024-05-23T19:31:56.145+0000] {logging_mixin.py:188} INFO - [2024-05-23T19:31:56.144+0000] {dag.py:3954} INFO - Setting next_dagrun for example_skip_dag to 2024-05-22 00:00:00+00:00, run_after=2024-05-23 00:00:00+00:00
[2024-05-23T19:31:56.171+0000] {processor.py:183} INFO - Processing /home/airflow/.local/lib/python3.12/site-packages/airflow/example_dags/example_skip_dag.py took 0.117 seconds
[2024-05-23T19:32:26.597+0000] {processor.py:161} INFO - Started process (PID=1627) to work on /home/airflow/.local/lib/python3.12/site-packages/airflow/example_dags/example_skip_dag.py
[2024-05-23T19:32:26.598+0000] {processor.py:830} INFO - Processing file /home/airflow/.local/lib/python3.12/site-packages/airflow/example_dags/example_skip_dag.py for tasks to queue
[2024-05-23T19:32:26.601+0000] {logging_mixin.py:188} INFO - [2024-05-23T19:32:26.601+0000] {dagbag.py:545} INFO - Filling up the DagBag from /home/airflow/.local/lib/python3.12/site-packages/airflow/example_dags/example_skip_dag.py
[2024-05-23T19:32:26.613+0000] {processor.py:840} INFO - DAG(s) 'example_skip_dag' retrieved from /home/airflow/.local/lib/python3.12/site-packages/airflow/example_dags/example_skip_dag.py
[2024-05-23T19:32:26.650+0000] {logging_mixin.py:188} INFO - [2024-05-23T19:32:26.649+0000] {dag.py:3096} INFO - Sync 1 DAGs
[2024-05-23T19:32:26.686+0000] {logging_mixin.py:188} INFO - [2024-05-23T19:32:26.686+0000] {dag.py:3954} INFO - Setting next_dagrun for example_skip_dag to 2024-05-22 00:00:00+00:00, run_after=2024-05-23 00:00:00+00:00
[2024-05-23T19:32:26.717+0000] {processor.py:183} INFO - Processing /home/airflow/.local/lib/python3.12/site-packages/airflow/example_dags/example_skip_dag.py took 0.131 seconds
[2024-05-23T19:32:56.937+0000] {processor.py:161} INFO - Started process (PID=1889) to work on /home/airflow/.local/lib/python3.12/site-packages/airflow/example_dags/example_skip_dag.py
[2024-05-23T19:32:56.938+0000] {processor.py:830} INFO - Processing file /home/airflow/.local/lib/python3.12/site-packages/airflow/example_dags/example_skip_dag.py for tasks to queue
[2024-05-23T19:32:56.942+0000] {logging_mixin.py:188} INFO - [2024-05-23T19:32:56.941+0000] {dagbag.py:545} INFO - Filling up the DagBag from /home/airflow/.local/lib/python3.12/site-packages/airflow/example_dags/example_skip_dag.py
[2024-05-23T19:32:56.952+0000] {processor.py:840} INFO - DAG(s) 'example_skip_dag' retrieved from /home/airflow/.local/lib/python3.12/site-packages/airflow/example_dags/example_skip_dag.py
[2024-05-23T19:32:56.985+0000] {logging_mixin.py:188} INFO - [2024-05-23T19:32:56.984+0000] {dag.py:3096} INFO - Sync 1 DAGs
[2024-05-23T19:32:57.020+0000] {logging_mixin.py:188} INFO - [2024-05-23T19:32:57.019+0000] {dag.py:3954} INFO - Setting next_dagrun for example_skip_dag to 2024-05-22 00:00:00+00:00, run_after=2024-05-23 00:00:00+00:00
[2024-05-23T19:32:57.048+0000] {processor.py:183} INFO - Processing /home/airflow/.local/lib/python3.12/site-packages/airflow/example_dags/example_skip_dag.py took 0.120 seconds
[2024-05-23T19:33:27.262+0000] {processor.py:161} INFO - Started process (PID=2151) to work on /home/airflow/.local/lib/python3.12/site-packages/airflow/example_dags/example_skip_dag.py
[2024-05-23T19:33:27.264+0000] {processor.py:830} INFO - Processing file /home/airflow/.local/lib/python3.12/site-packages/airflow/example_dags/example_skip_dag.py for tasks to queue
[2024-05-23T19:33:27.267+0000] {logging_mixin.py:188} INFO - [2024-05-23T19:33:27.267+0000] {dagbag.py:545} INFO - Filling up the DagBag from /home/airflow/.local/lib/python3.12/site-packages/airflow/example_dags/example_skip_dag.py
[2024-05-23T19:33:27.277+0000] {processor.py:840} INFO - DAG(s) 'example_skip_dag' retrieved from /home/airflow/.local/lib/python3.12/site-packages/airflow/example_dags/example_skip_dag.py
[2024-05-23T19:33:27.310+0000] {logging_mixin.py:188} INFO - [2024-05-23T19:33:27.310+0000] {dag.py:3096} INFO - Sync 1 DAGs
[2024-05-23T19:33:27.344+0000] {logging_mixin.py:188} INFO - [2024-05-23T19:33:27.344+0000] {dag.py:3954} INFO - Setting next_dagrun for example_skip_dag to 2024-05-22 00:00:00+00:00, run_after=2024-05-23 00:00:00+00:00
[2024-05-23T19:33:27.375+0000] {processor.py:183} INFO - Processing /home/airflow/.local/lib/python3.12/site-packages/airflow/example_dags/example_skip_dag.py took 0.122 seconds
[2024-05-23T19:33:58.066+0000] {processor.py:161} INFO - Started process (PID=2413) to work on /home/airflow/.local/lib/python3.12/site-packages/airflow/example_dags/example_skip_dag.py
[2024-05-23T19:33:58.068+0000] {processor.py:830} INFO - Processing file /home/airflow/.local/lib/python3.12/site-packages/airflow/example_dags/example_skip_dag.py for tasks to queue
[2024-05-23T19:33:58.070+0000] {logging_mixin.py:188} INFO - [2024-05-23T19:33:58.070+0000] {dagbag.py:545} INFO - Filling up the DagBag from /home/airflow/.local/lib/python3.12/site-packages/airflow/example_dags/example_skip_dag.py
[2024-05-23T19:33:58.083+0000] {processor.py:840} INFO - DAG(s) 'example_skip_dag' retrieved from /home/airflow/.local/lib/python3.12/site-packages/airflow/example_dags/example_skip_dag.py
[2024-05-23T19:33:58.119+0000] {logging_mixin.py:188} INFO - [2024-05-23T19:33:58.119+0000] {dag.py:3096} INFO - Sync 1 DAGs
[2024-05-23T19:33:58.157+0000] {logging_mixin.py:188} INFO - [2024-05-23T19:33:58.157+0000] {dag.py:3954} INFO - Setting next_dagrun for example_skip_dag to 2024-05-22 00:00:00+00:00, run_after=2024-05-23 00:00:00+00:00
[2024-05-23T19:33:58.188+0000] {processor.py:183} INFO - Processing /home/airflow/.local/lib/python3.12/site-packages/airflow/example_dags/example_skip_dag.py took 0.131 seconds
[2024-05-23T19:34:28.443+0000] {processor.py:161} INFO - Started process (PID=2674) to work on /home/airflow/.local/lib/python3.12/site-packages/airflow/example_dags/example_skip_dag.py
[2024-05-23T19:34:28.445+0000] {processor.py:830} INFO - Processing file /home/airflow/.local/lib/python3.12/site-packages/airflow/example_dags/example_skip_dag.py for tasks to queue
[2024-05-23T19:34:28.447+0000] {logging_mixin.py:188} INFO - [2024-05-23T19:34:28.447+0000] {dagbag.py:545} INFO - Filling up the DagBag from /home/airflow/.local/lib/python3.12/site-packages/airflow/example_dags/example_skip_dag.py
[2024-05-23T19:34:28.459+0000] {processor.py:840} INFO - DAG(s) 'example_skip_dag' retrieved from /home/airflow/.local/lib/python3.12/site-packages/airflow/example_dags/example_skip_dag.py
[2024-05-23T19:34:28.496+0000] {logging_mixin.py:188} INFO - [2024-05-23T19:34:28.495+0000] {dag.py:3096} INFO - Sync 1 DAGs
[2024-05-23T19:34:28.532+0000] {logging_mixin.py:188} INFO - [2024-05-23T19:34:28.532+0000] {dag.py:3954} INFO - Setting next_dagrun for example_skip_dag to 2024-05-22 00:00:00+00:00, run_after=2024-05-23 00:00:00+00:00
[2024-05-23T19:34:28.562+0000] {processor.py:183} INFO - Processing /home/airflow/.local/lib/python3.12/site-packages/airflow/example_dags/example_skip_dag.py took 0.128 seconds
[2024-05-23T19:34:59.145+0000] {processor.py:161} INFO - Started process (PID=2958) to work on /home/airflow/.local/lib/python3.12/site-packages/airflow/example_dags/example_skip_dag.py
[2024-05-23T19:34:59.146+0000] {processor.py:830} INFO - Processing file /home/airflow/.local/lib/python3.12/site-packages/airflow/example_dags/example_skip_dag.py for tasks to queue
[2024-05-23T19:34:59.150+0000] {logging_mixin.py:188} INFO - [2024-05-23T19:34:59.150+0000] {dagbag.py:545} INFO - Filling up the DagBag from /home/airflow/.local/lib/python3.12/site-packages/airflow/example_dags/example_skip_dag.py
[2024-05-23T19:34:59.162+0000] {processor.py:840} INFO - DAG(s) 'example_skip_dag' retrieved from /home/airflow/.local/lib/python3.12/site-packages/airflow/example_dags/example_skip_dag.py
[2024-05-23T19:34:59.203+0000] {logging_mixin.py:188} INFO - [2024-05-23T19:34:59.202+0000] {dag.py:3096} INFO - Sync 1 DAGs
[2024-05-23T19:34:59.248+0000] {logging_mixin.py:188} INFO - [2024-05-23T19:34:59.248+0000] {dag.py:3954} INFO - Setting next_dagrun for example_skip_dag to 2024-05-22 00:00:00+00:00, run_after=2024-05-23 00:00:00+00:00
[2024-05-23T19:34:59.285+0000] {processor.py:183} INFO - Processing /home/airflow/.local/lib/python3.12/site-packages/airflow/example_dags/example_skip_dag.py took 0.152 seconds
[2024-05-23T19:35:29.554+0000] {processor.py:161} INFO - Started process (PID=3223) to work on /home/airflow/.local/lib/python3.12/site-packages/airflow/example_dags/example_skip_dag.py
[2024-05-23T19:35:29.556+0000] {processor.py:830} INFO - Processing file /home/airflow/.local/lib/python3.12/site-packages/airflow/example_dags/example_skip_dag.py for tasks to queue
[2024-05-23T19:35:29.560+0000] {logging_mixin.py:188} INFO - [2024-05-23T19:35:29.559+0000] {dagbag.py:545} INFO - Filling up the DagBag from /home/airflow/.local/lib/python3.12/site-packages/airflow/example_dags/example_skip_dag.py
[2024-05-23T19:35:29.571+0000] {processor.py:840} INFO - DAG(s) 'example_skip_dag' retrieved from /home/airflow/.local/lib/python3.12/site-packages/airflow/example_dags/example_skip_dag.py
[2024-05-23T19:35:29.611+0000] {logging_mixin.py:188} INFO - [2024-05-23T19:35:29.610+0000] {dag.py:3096} INFO - Sync 1 DAGs
[2024-05-23T19:35:29.652+0000] {logging_mixin.py:188} INFO - [2024-05-23T19:35:29.652+0000] {dag.py:3954} INFO - Setting next_dagrun for example_skip_dag to 2024-05-22 00:00:00+00:00, run_after=2024-05-23 00:00:00+00:00
[2024-05-23T19:35:29.688+0000] {processor.py:183} INFO - Processing /home/airflow/.local/lib/python3.12/site-packages/airflow/example_dags/example_skip_dag.py took 0.144 seconds
[2024-05-23T19:35:59.937+0000] {processor.py:161} INFO - Started process (PID=3485) to work on /home/airflow/.local/lib/python3.12/site-packages/airflow/example_dags/example_skip_dag.py
[2024-05-23T19:35:59.938+0000] {processor.py:830} INFO - Processing file /home/airflow/.local/lib/python3.12/site-packages/airflow/example_dags/example_skip_dag.py for tasks to queue
[2024-05-23T19:35:59.941+0000] {logging_mixin.py:188} INFO - [2024-05-23T19:35:59.941+0000] {dagbag.py:545} INFO - Filling up the DagBag from /home/airflow/.local/lib/python3.12/site-packages/airflow/example_dags/example_skip_dag.py
[2024-05-23T19:35:59.951+0000] {processor.py:840} INFO - DAG(s) 'example_skip_dag' retrieved from /home/airflow/.local/lib/python3.12/site-packages/airflow/example_dags/example_skip_dag.py
[2024-05-23T19:35:59.984+0000] {logging_mixin.py:188} INFO - [2024-05-23T19:35:59.984+0000] {dag.py:3096} INFO - Sync 1 DAGs
[2024-05-23T19:36:00.020+0000] {logging_mixin.py:188} INFO - [2024-05-23T19:36:00.019+0000] {dag.py:3954} INFO - Setting next_dagrun for example_skip_dag to 2024-05-22 00:00:00+00:00, run_after=2024-05-23 00:00:00+00:00
[2024-05-23T19:36:00.051+0000] {processor.py:183} INFO - Processing /home/airflow/.local/lib/python3.12/site-packages/airflow/example_dags/example_skip_dag.py took 0.124 seconds
[2024-05-23T19:36:30.390+0000] {processor.py:161} INFO - Started process (PID=3749) to work on /home/airflow/.local/lib/python3.12/site-packages/airflow/example_dags/example_skip_dag.py
[2024-05-23T19:36:30.391+0000] {processor.py:830} INFO - Processing file /home/airflow/.local/lib/python3.12/site-packages/airflow/example_dags/example_skip_dag.py for tasks to queue
[2024-05-23T19:36:30.395+0000] {logging_mixin.py:188} INFO - [2024-05-23T19:36:30.394+0000] {dagbag.py:545} INFO - Filling up the DagBag from /home/airflow/.local/lib/python3.12/site-packages/airflow/example_dags/example_skip_dag.py
[2024-05-23T19:36:30.406+0000] {processor.py:840} INFO - DAG(s) 'example_skip_dag' retrieved from /home/airflow/.local/lib/python3.12/site-packages/airflow/example_dags/example_skip_dag.py
[2024-05-23T19:36:30.439+0000] {logging_mixin.py:188} INFO - [2024-05-23T19:36:30.438+0000] {dag.py:3096} INFO - Sync 1 DAGs
[2024-05-23T19:36:30.475+0000] {logging_mixin.py:188} INFO - [2024-05-23T19:36:30.475+0000] {dag.py:3954} INFO - Setting next_dagrun for example_skip_dag to 2024-05-22 00:00:00+00:00, run_after=2024-05-23 00:00:00+00:00
[2024-05-23T19:36:30.506+0000] {processor.py:183} INFO - Processing /home/airflow/.local/lib/python3.12/site-packages/airflow/example_dags/example_skip_dag.py took 0.124 seconds
[2024-05-23T19:37:00.842+0000] {processor.py:161} INFO - Started process (PID=4011) to work on /home/airflow/.local/lib/python3.12/site-packages/airflow/example_dags/example_skip_dag.py
[2024-05-23T19:37:00.844+0000] {processor.py:830} INFO - Processing file /home/airflow/.local/lib/python3.12/site-packages/airflow/example_dags/example_skip_dag.py for tasks to queue
[2024-05-23T19:37:00.848+0000] {logging_mixin.py:188} INFO - [2024-05-23T19:37:00.847+0000] {dagbag.py:545} INFO - Filling up the DagBag from /home/airflow/.local/lib/python3.12/site-packages/airflow/example_dags/example_skip_dag.py
[2024-05-23T19:37:00.858+0000] {processor.py:840} INFO - DAG(s) 'example_skip_dag' retrieved from /home/airflow/.local/lib/python3.12/site-packages/airflow/example_dags/example_skip_dag.py
[2024-05-23T19:37:00.891+0000] {logging_mixin.py:188} INFO - [2024-05-23T19:37:00.891+0000] {dag.py:3096} INFO - Sync 1 DAGs
[2024-05-23T19:37:00.930+0000] {logging_mixin.py:188} INFO - [2024-05-23T19:37:00.930+0000] {dag.py:3954} INFO - Setting next_dagrun for example_skip_dag to 2024-05-22 00:00:00+00:00, run_after=2024-05-23 00:00:00+00:00
[2024-05-23T19:37:00.971+0000] {processor.py:183} INFO - Processing /home/airflow/.local/lib/python3.12/site-packages/airflow/example_dags/example_skip_dag.py took 0.139 seconds
[2024-05-23T19:37:31.692+0000] {processor.py:161} INFO - Started process (PID=4271) to work on /home/airflow/.local/lib/python3.12/site-packages/airflow/example_dags/example_skip_dag.py
[2024-05-23T19:37:31.695+0000] {processor.py:830} INFO - Processing file /home/airflow/.local/lib/python3.12/site-packages/airflow/example_dags/example_skip_dag.py for tasks to queue
[2024-05-23T19:37:31.698+0000] {logging_mixin.py:188} INFO - [2024-05-23T19:37:31.697+0000] {dagbag.py:545} INFO - Filling up the DagBag from /home/airflow/.local/lib/python3.12/site-packages/airflow/example_dags/example_skip_dag.py
[2024-05-23T19:37:31.707+0000] {processor.py:840} INFO - DAG(s) 'example_skip_dag' retrieved from /home/airflow/.local/lib/python3.12/site-packages/airflow/example_dags/example_skip_dag.py
[2024-05-23T19:37:31.739+0000] {logging_mixin.py:188} INFO - [2024-05-23T19:37:31.739+0000] {dag.py:3096} INFO - Sync 1 DAGs
[2024-05-23T19:37:31.773+0000] {logging_mixin.py:188} INFO - [2024-05-23T19:37:31.773+0000] {dag.py:3954} INFO - Setting next_dagrun for example_skip_dag to 2024-05-22 00:00:00+00:00, run_after=2024-05-23 00:00:00+00:00
[2024-05-23T19:37:31.803+0000] {processor.py:183} INFO - Processing /home/airflow/.local/lib/python3.12/site-packages/airflow/example_dags/example_skip_dag.py took 0.120 seconds
[2024-05-23T19:38:02.671+0000] {processor.py:161} INFO - Started process (PID=4533) to work on /home/airflow/.local/lib/python3.12/site-packages/airflow/example_dags/example_skip_dag.py
[2024-05-23T19:38:02.672+0000] {processor.py:830} INFO - Processing file /home/airflow/.local/lib/python3.12/site-packages/airflow/example_dags/example_skip_dag.py for tasks to queue
[2024-05-23T19:38:02.674+0000] {logging_mixin.py:188} INFO - [2024-05-23T19:38:02.673+0000] {dagbag.py:545} INFO - Filling up the DagBag from /home/airflow/.local/lib/python3.12/site-packages/airflow/example_dags/example_skip_dag.py
[2024-05-23T19:38:02.682+0000] {processor.py:840} INFO - DAG(s) 'example_skip_dag' retrieved from /home/airflow/.local/lib/python3.12/site-packages/airflow/example_dags/example_skip_dag.py
[2024-05-23T19:38:02.710+0000] {logging_mixin.py:188} INFO - [2024-05-23T19:38:02.709+0000] {dag.py:3096} INFO - Sync 1 DAGs
[2024-05-23T19:38:02.736+0000] {logging_mixin.py:188} INFO - [2024-05-23T19:38:02.736+0000] {dag.py:3954} INFO - Setting next_dagrun for example_skip_dag to 2024-05-22 00:00:00+00:00, run_after=2024-05-23 00:00:00+00:00
[2024-05-23T19:38:02.759+0000] {processor.py:183} INFO - Processing /home/airflow/.local/lib/python3.12/site-packages/airflow/example_dags/example_skip_dag.py took 0.095 seconds
[2024-05-23T19:38:32.983+0000] {processor.py:161} INFO - Started process (PID=4795) to work on /home/airflow/.local/lib/python3.12/site-packages/airflow/example_dags/example_skip_dag.py
[2024-05-23T19:38:32.984+0000] {processor.py:830} INFO - Processing file /home/airflow/.local/lib/python3.12/site-packages/airflow/example_dags/example_skip_dag.py for tasks to queue
[2024-05-23T19:38:32.987+0000] {logging_mixin.py:188} INFO - [2024-05-23T19:38:32.986+0000] {dagbag.py:545} INFO - Filling up the DagBag from /home/airflow/.local/lib/python3.12/site-packages/airflow/example_dags/example_skip_dag.py
[2024-05-23T19:38:32.999+0000] {processor.py:840} INFO - DAG(s) 'example_skip_dag' retrieved from /home/airflow/.local/lib/python3.12/site-packages/airflow/example_dags/example_skip_dag.py
[2024-05-23T19:38:33.033+0000] {logging_mixin.py:188} INFO - [2024-05-23T19:38:33.032+0000] {dag.py:3096} INFO - Sync 1 DAGs
[2024-05-23T19:38:33.065+0000] {logging_mixin.py:188} INFO - [2024-05-23T19:38:33.064+0000] {dag.py:3954} INFO - Setting next_dagrun for example_skip_dag to 2024-05-22 00:00:00+00:00, run_after=2024-05-23 00:00:00+00:00
[2024-05-23T19:38:33.093+0000] {processor.py:183} INFO - Processing /home/airflow/.local/lib/python3.12/site-packages/airflow/example_dags/example_skip_dag.py took 0.119 seconds
[2024-05-23T19:39:03.569+0000] {processor.py:161} INFO - Started process (PID=5057) to work on /home/airflow/.local/lib/python3.12/site-packages/airflow/example_dags/example_skip_dag.py
[2024-05-23T19:39:03.570+0000] {processor.py:830} INFO - Processing file /home/airflow/.local/lib/python3.12/site-packages/airflow/example_dags/example_skip_dag.py for tasks to queue
[2024-05-23T19:39:03.573+0000] {logging_mixin.py:188} INFO - [2024-05-23T19:39:03.573+0000] {dagbag.py:545} INFO - Filling up the DagBag from /home/airflow/.local/lib/python3.12/site-packages/airflow/example_dags/example_skip_dag.py
[2024-05-23T19:39:03.583+0000] {processor.py:840} INFO - DAG(s) 'example_skip_dag' retrieved from /home/airflow/.local/lib/python3.12/site-packages/airflow/example_dags/example_skip_dag.py
[2024-05-23T19:39:03.616+0000] {logging_mixin.py:188} INFO - [2024-05-23T19:39:03.616+0000] {dag.py:3096} INFO - Sync 1 DAGs
[2024-05-23T19:39:03.647+0000] {logging_mixin.py:188} INFO - [2024-05-23T19:39:03.647+0000] {dag.py:3954} INFO - Setting next_dagrun for example_skip_dag to 2024-05-22 00:00:00+00:00, run_after=2024-05-23 00:00:00+00:00
[2024-05-23T19:39:03.676+0000] {processor.py:183} INFO - Processing /home/airflow/.local/lib/python3.12/site-packages/airflow/example_dags/example_skip_dag.py took 0.116 seconds
[2024-05-23T19:39:34.196+0000] {processor.py:161} INFO - Started process (PID=5319) to work on /home/airflow/.local/lib/python3.12/site-packages/airflow/example_dags/example_skip_dag.py
[2024-05-23T19:39:34.198+0000] {processor.py:830} INFO - Processing file /home/airflow/.local/lib/python3.12/site-packages/airflow/example_dags/example_skip_dag.py for tasks to queue
[2024-05-23T19:39:34.201+0000] {logging_mixin.py:188} INFO - [2024-05-23T19:39:34.200+0000] {dagbag.py:545} INFO - Filling up the DagBag from /home/airflow/.local/lib/python3.12/site-packages/airflow/example_dags/example_skip_dag.py
[2024-05-23T19:39:34.211+0000] {processor.py:840} INFO - DAG(s) 'example_skip_dag' retrieved from /home/airflow/.local/lib/python3.12/site-packages/airflow/example_dags/example_skip_dag.py
[2024-05-23T19:39:34.245+0000] {logging_mixin.py:188} INFO - [2024-05-23T19:39:34.245+0000] {dag.py:3096} INFO - Sync 1 DAGs
[2024-05-23T19:39:34.279+0000] {logging_mixin.py:188} INFO - [2024-05-23T19:39:34.279+0000] {dag.py:3954} INFO - Setting next_dagrun for example_skip_dag to 2024-05-22 00:00:00+00:00, run_after=2024-05-23 00:00:00+00:00
[2024-05-23T19:39:34.307+0000] {processor.py:183} INFO - Processing /home/airflow/.local/lib/python3.12/site-packages/airflow/example_dags/example_skip_dag.py took 0.120 seconds
[2024-05-23T19:40:04.881+0000] {processor.py:161} INFO - Started process (PID=5581) to work on /home/airflow/.local/lib/python3.12/site-packages/airflow/example_dags/example_skip_dag.py
[2024-05-23T19:40:04.882+0000] {processor.py:830} INFO - Processing file /home/airflow/.local/lib/python3.12/site-packages/airflow/example_dags/example_skip_dag.py for tasks to queue
[2024-05-23T19:40:04.885+0000] {logging_mixin.py:188} INFO - [2024-05-23T19:40:04.884+0000] {dagbag.py:545} INFO - Filling up the DagBag from /home/airflow/.local/lib/python3.12/site-packages/airflow/example_dags/example_skip_dag.py
[2024-05-23T19:40:04.895+0000] {processor.py:840} INFO - DAG(s) 'example_skip_dag' retrieved from /home/airflow/.local/lib/python3.12/site-packages/airflow/example_dags/example_skip_dag.py
[2024-05-23T19:40:04.928+0000] {logging_mixin.py:188} INFO - [2024-05-23T19:40:04.928+0000] {dag.py:3096} INFO - Sync 1 DAGs
[2024-05-23T19:40:04.962+0000] {logging_mixin.py:188} INFO - [2024-05-23T19:40:04.961+0000] {dag.py:3954} INFO - Setting next_dagrun for example_skip_dag to 2024-05-22 00:00:00+00:00, run_after=2024-05-23 00:00:00+00:00
[2024-05-23T19:40:04.989+0000] {processor.py:183} INFO - Processing /home/airflow/.local/lib/python3.12/site-packages/airflow/example_dags/example_skip_dag.py took 0.118 seconds
[2024-05-23T19:40:35.443+0000] {processor.py:161} INFO - Started process (PID=5843) to work on /home/airflow/.local/lib/python3.12/site-packages/airflow/example_dags/example_skip_dag.py
[2024-05-23T19:40:35.446+0000] {processor.py:830} INFO - Processing file /home/airflow/.local/lib/python3.12/site-packages/airflow/example_dags/example_skip_dag.py for tasks to queue
[2024-05-23T19:40:35.449+0000] {logging_mixin.py:188} INFO - [2024-05-23T19:40:35.448+0000] {dagbag.py:545} INFO - Filling up the DagBag from /home/airflow/.local/lib/python3.12/site-packages/airflow/example_dags/example_skip_dag.py
[2024-05-23T19:40:35.458+0000] {processor.py:840} INFO - DAG(s) 'example_skip_dag' retrieved from /home/airflow/.local/lib/python3.12/site-packages/airflow/example_dags/example_skip_dag.py
[2024-05-23T19:40:35.491+0000] {logging_mixin.py:188} INFO - [2024-05-23T19:40:35.491+0000] {dag.py:3096} INFO - Sync 1 DAGs
[2024-05-23T19:40:35.523+0000] {logging_mixin.py:188} INFO - [2024-05-23T19:40:35.522+0000] {dag.py:3954} INFO - Setting next_dagrun for example_skip_dag to 2024-05-22 00:00:00+00:00, run_after=2024-05-23 00:00:00+00:00
[2024-05-23T19:40:35.549+0000] {processor.py:183} INFO - Processing /home/airflow/.local/lib/python3.12/site-packages/airflow/example_dags/example_skip_dag.py took 0.114 seconds
[2024-05-23T19:41:05.812+0000] {processor.py:161} INFO - Started process (PID=6102) to work on /home/airflow/.local/lib/python3.12/site-packages/airflow/example_dags/example_skip_dag.py
[2024-05-23T19:41:05.814+0000] {processor.py:830} INFO - Processing file /home/airflow/.local/lib/python3.12/site-packages/airflow/example_dags/example_skip_dag.py for tasks to queue
[2024-05-23T19:41:05.817+0000] {logging_mixin.py:188} INFO - [2024-05-23T19:41:05.816+0000] {dagbag.py:545} INFO - Filling up the DagBag from /home/airflow/.local/lib/python3.12/site-packages/airflow/example_dags/example_skip_dag.py
[2024-05-23T19:41:05.828+0000] {processor.py:840} INFO - DAG(s) 'example_skip_dag' retrieved from /home/airflow/.local/lib/python3.12/site-packages/airflow/example_dags/example_skip_dag.py
[2024-05-23T19:41:05.862+0000] {logging_mixin.py:188} INFO - [2024-05-23T19:41:05.862+0000] {dag.py:3096} INFO - Sync 1 DAGs
[2024-05-23T19:41:05.896+0000] {logging_mixin.py:188} INFO - [2024-05-23T19:41:05.896+0000] {dag.py:3954} INFO - Setting next_dagrun for example_skip_dag to 2024-05-22 00:00:00+00:00, run_after=2024-05-23 00:00:00+00:00
[2024-05-23T19:41:05.923+0000] {processor.py:183} INFO - Processing /home/airflow/.local/lib/python3.12/site-packages/airflow/example_dags/example_skip_dag.py took 0.120 seconds
[2024-05-23T19:41:36.112+0000] {processor.py:161} INFO - Started process (PID=6364) to work on /home/airflow/.local/lib/python3.12/site-packages/airflow/example_dags/example_skip_dag.py
[2024-05-23T19:41:36.113+0000] {processor.py:830} INFO - Processing file /home/airflow/.local/lib/python3.12/site-packages/airflow/example_dags/example_skip_dag.py for tasks to queue
[2024-05-23T19:41:36.116+0000] {logging_mixin.py:188} INFO - [2024-05-23T19:41:36.116+0000] {dagbag.py:545} INFO - Filling up the DagBag from /home/airflow/.local/lib/python3.12/site-packages/airflow/example_dags/example_skip_dag.py
[2024-05-23T19:41:36.126+0000] {processor.py:840} INFO - DAG(s) 'example_skip_dag' retrieved from /home/airflow/.local/lib/python3.12/site-packages/airflow/example_dags/example_skip_dag.py
[2024-05-23T19:41:36.163+0000] {logging_mixin.py:188} INFO - [2024-05-23T19:41:36.163+0000] {dag.py:3096} INFO - Sync 1 DAGs
[2024-05-23T19:41:36.200+0000] {logging_mixin.py:188} INFO - [2024-05-23T19:41:36.200+0000] {dag.py:3954} INFO - Setting next_dagrun for example_skip_dag to 2024-05-22 00:00:00+00:00, run_after=2024-05-23 00:00:00+00:00
[2024-05-23T19:41:36.231+0000] {processor.py:183} INFO - Processing /home/airflow/.local/lib/python3.12/site-packages/airflow/example_dags/example_skip_dag.py took 0.128 seconds
[2024-05-23T19:42:07.139+0000] {processor.py:161} INFO - Started process (PID=6625) to work on /home/airflow/.local/lib/python3.12/site-packages/airflow/example_dags/example_skip_dag.py
[2024-05-23T19:42:07.146+0000] {processor.py:830} INFO - Processing file /home/airflow/.local/lib/python3.12/site-packages/airflow/example_dags/example_skip_dag.py for tasks to queue
[2024-05-23T19:42:07.149+0000] {logging_mixin.py:188} INFO - [2024-05-23T19:42:07.149+0000] {dagbag.py:545} INFO - Filling up the DagBag from /home/airflow/.local/lib/python3.12/site-packages/airflow/example_dags/example_skip_dag.py
[2024-05-23T19:42:07.165+0000] {processor.py:840} INFO - DAG(s) 'example_skip_dag' retrieved from /home/airflow/.local/lib/python3.12/site-packages/airflow/example_dags/example_skip_dag.py
[2024-05-23T19:42:07.225+0000] {logging_mixin.py:188} INFO - [2024-05-23T19:42:07.225+0000] {dag.py:3096} INFO - Sync 1 DAGs
[2024-05-23T19:42:07.269+0000] {logging_mixin.py:188} INFO - [2024-05-23T19:42:07.269+0000] {dag.py:3954} INFO - Setting next_dagrun for example_skip_dag to 2024-05-22 00:00:00+00:00, run_after=2024-05-23 00:00:00+00:00
[2024-05-23T19:42:07.303+0000] {processor.py:183} INFO - Processing /home/airflow/.local/lib/python3.12/site-packages/airflow/example_dags/example_skip_dag.py took 0.194 seconds
[2024-05-23T19:42:37.954+0000] {processor.py:161} INFO - Started process (PID=6887) to work on /home/airflow/.local/lib/python3.12/site-packages/airflow/example_dags/example_skip_dag.py
[2024-05-23T19:42:37.956+0000] {processor.py:830} INFO - Processing file /home/airflow/.local/lib/python3.12/site-packages/airflow/example_dags/example_skip_dag.py for tasks to queue
[2024-05-23T19:42:37.958+0000] {logging_mixin.py:188} INFO - [2024-05-23T19:42:37.958+0000] {dagbag.py:545} INFO - Filling up the DagBag from /home/airflow/.local/lib/python3.12/site-packages/airflow/example_dags/example_skip_dag.py
[2024-05-23T19:42:37.967+0000] {processor.py:840} INFO - DAG(s) 'example_skip_dag' retrieved from /home/airflow/.local/lib/python3.12/site-packages/airflow/example_dags/example_skip_dag.py
[2024-05-23T19:42:37.996+0000] {logging_mixin.py:188} INFO - [2024-05-23T19:42:37.996+0000] {dag.py:3096} INFO - Sync 1 DAGs
[2024-05-23T19:42:38.027+0000] {logging_mixin.py:188} INFO - [2024-05-23T19:42:38.026+0000] {dag.py:3954} INFO - Setting next_dagrun for example_skip_dag to 2024-05-22 00:00:00+00:00, run_after=2024-05-23 00:00:00+00:00
[2024-05-23T19:42:38.052+0000] {processor.py:183} INFO - Processing /home/airflow/.local/lib/python3.12/site-packages/airflow/example_dags/example_skip_dag.py took 0.106 seconds
[2024-05-23T19:43:08.307+0000] {processor.py:161} INFO - Started process (PID=7149) to work on /home/airflow/.local/lib/python3.12/site-packages/airflow/example_dags/example_skip_dag.py
[2024-05-23T19:43:08.309+0000] {processor.py:830} INFO - Processing file /home/airflow/.local/lib/python3.12/site-packages/airflow/example_dags/example_skip_dag.py for tasks to queue
[2024-05-23T19:43:08.312+0000] {logging_mixin.py:188} INFO - [2024-05-23T19:43:08.311+0000] {dagbag.py:545} INFO - Filling up the DagBag from /home/airflow/.local/lib/python3.12/site-packages/airflow/example_dags/example_skip_dag.py
[2024-05-23T19:43:08.321+0000] {processor.py:840} INFO - DAG(s) 'example_skip_dag' retrieved from /home/airflow/.local/lib/python3.12/site-packages/airflow/example_dags/example_skip_dag.py
[2024-05-23T19:43:08.351+0000] {logging_mixin.py:188} INFO - [2024-05-23T19:43:08.351+0000] {dag.py:3096} INFO - Sync 1 DAGs
[2024-05-23T19:43:08.383+0000] {logging_mixin.py:188} INFO - [2024-05-23T19:43:08.383+0000] {dag.py:3954} INFO - Setting next_dagrun for example_skip_dag to 2024-05-22 00:00:00+00:00, run_after=2024-05-23 00:00:00+00:00
[2024-05-23T19:43:08.411+0000] {processor.py:183} INFO - Processing /home/airflow/.local/lib/python3.12/site-packages/airflow/example_dags/example_skip_dag.py took 0.112 seconds
[2024-05-23T19:43:38.813+0000] {processor.py:161} INFO - Started process (PID=7411) to work on /home/airflow/.local/lib/python3.12/site-packages/airflow/example_dags/example_skip_dag.py
[2024-05-23T19:43:38.816+0000] {processor.py:830} INFO - Processing file /home/airflow/.local/lib/python3.12/site-packages/airflow/example_dags/example_skip_dag.py for tasks to queue
[2024-05-23T19:43:38.819+0000] {logging_mixin.py:188} INFO - [2024-05-23T19:43:38.819+0000] {dagbag.py:545} INFO - Filling up the DagBag from /home/airflow/.local/lib/python3.12/site-packages/airflow/example_dags/example_skip_dag.py
[2024-05-23T19:43:38.829+0000] {processor.py:840} INFO - DAG(s) 'example_skip_dag' retrieved from /home/airflow/.local/lib/python3.12/site-packages/airflow/example_dags/example_skip_dag.py
[2024-05-23T19:43:38.863+0000] {logging_mixin.py:188} INFO - [2024-05-23T19:43:38.863+0000] {dag.py:3096} INFO - Sync 1 DAGs
[2024-05-23T19:43:38.897+0000] {logging_mixin.py:188} INFO - [2024-05-23T19:43:38.897+0000] {dag.py:3954} INFO - Setting next_dagrun for example_skip_dag to 2024-05-22 00:00:00+00:00, run_after=2024-05-23 00:00:00+00:00
[2024-05-23T19:43:38.925+0000] {processor.py:183} INFO - Processing /home/airflow/.local/lib/python3.12/site-packages/airflow/example_dags/example_skip_dag.py took 0.121 seconds
[2024-05-23T19:44:09.321+0000] {processor.py:161} INFO - Started process (PID=7673) to work on /home/airflow/.local/lib/python3.12/site-packages/airflow/example_dags/example_skip_dag.py
[2024-05-23T19:44:09.323+0000] {processor.py:830} INFO - Processing file /home/airflow/.local/lib/python3.12/site-packages/airflow/example_dags/example_skip_dag.py for tasks to queue
[2024-05-23T19:44:09.326+0000] {logging_mixin.py:188} INFO - [2024-05-23T19:44:09.326+0000] {dagbag.py:545} INFO - Filling up the DagBag from /home/airflow/.local/lib/python3.12/site-packages/airflow/example_dags/example_skip_dag.py
[2024-05-23T19:44:09.335+0000] {processor.py:840} INFO - DAG(s) 'example_skip_dag' retrieved from /home/airflow/.local/lib/python3.12/site-packages/airflow/example_dags/example_skip_dag.py
[2024-05-23T19:44:09.368+0000] {logging_mixin.py:188} INFO - [2024-05-23T19:44:09.368+0000] {dag.py:3096} INFO - Sync 1 DAGs
[2024-05-23T19:44:09.400+0000] {logging_mixin.py:188} INFO - [2024-05-23T19:44:09.400+0000] {dag.py:3954} INFO - Setting next_dagrun for example_skip_dag to 2024-05-22 00:00:00+00:00, run_after=2024-05-23 00:00:00+00:00
[2024-05-23T19:44:09.426+0000] {processor.py:183} INFO - Processing /home/airflow/.local/lib/python3.12/site-packages/airflow/example_dags/example_skip_dag.py took 0.114 seconds
[2024-05-23T19:44:39.791+0000] {processor.py:161} INFO - Started process (PID=7935) to work on /home/airflow/.local/lib/python3.12/site-packages/airflow/example_dags/example_skip_dag.py
[2024-05-23T19:44:39.792+0000] {processor.py:830} INFO - Processing file /home/airflow/.local/lib/python3.12/site-packages/airflow/example_dags/example_skip_dag.py for tasks to queue
[2024-05-23T19:44:39.795+0000] {logging_mixin.py:188} INFO - [2024-05-23T19:44:39.795+0000] {dagbag.py:545} INFO - Filling up the DagBag from /home/airflow/.local/lib/python3.12/site-packages/airflow/example_dags/example_skip_dag.py
[2024-05-23T19:44:39.805+0000] {processor.py:840} INFO - DAG(s) 'example_skip_dag' retrieved from /home/airflow/.local/lib/python3.12/site-packages/airflow/example_dags/example_skip_dag.py
[2024-05-23T19:44:39.841+0000] {logging_mixin.py:188} INFO - [2024-05-23T19:44:39.841+0000] {dag.py:3096} INFO - Sync 1 DAGs
[2024-05-23T19:44:39.873+0000] {logging_mixin.py:188} INFO - [2024-05-23T19:44:39.873+0000] {dag.py:3954} INFO - Setting next_dagrun for example_skip_dag to 2024-05-22 00:00:00+00:00, run_after=2024-05-23 00:00:00+00:00
[2024-05-23T19:44:39.901+0000] {processor.py:183} INFO - Processing /home/airflow/.local/lib/python3.12/site-packages/airflow/example_dags/example_skip_dag.py took 0.119 seconds
[2024-05-23T19:45:09.985+0000] {processor.py:161} INFO - Started process (PID=8197) to work on /home/airflow/.local/lib/python3.12/site-packages/airflow/example_dags/example_skip_dag.py
[2024-05-23T19:45:09.986+0000] {processor.py:830} INFO - Processing file /home/airflow/.local/lib/python3.12/site-packages/airflow/example_dags/example_skip_dag.py for tasks to queue
[2024-05-23T19:45:09.989+0000] {logging_mixin.py:188} INFO - [2024-05-23T19:45:09.988+0000] {dagbag.py:545} INFO - Filling up the DagBag from /home/airflow/.local/lib/python3.12/site-packages/airflow/example_dags/example_skip_dag.py
[2024-05-23T19:45:09.998+0000] {processor.py:840} INFO - DAG(s) 'example_skip_dag' retrieved from /home/airflow/.local/lib/python3.12/site-packages/airflow/example_dags/example_skip_dag.py
[2024-05-23T19:45:10.027+0000] {logging_mixin.py:188} INFO - [2024-05-23T19:45:10.027+0000] {dag.py:3096} INFO - Sync 1 DAGs
[2024-05-23T19:45:10.057+0000] {logging_mixin.py:188} INFO - [2024-05-23T19:45:10.057+0000] {dag.py:3954} INFO - Setting next_dagrun for example_skip_dag to 2024-05-22 00:00:00+00:00, run_after=2024-05-23 00:00:00+00:00
[2024-05-23T19:45:10.082+0000] {processor.py:183} INFO - Processing /home/airflow/.local/lib/python3.12/site-packages/airflow/example_dags/example_skip_dag.py took 0.104 seconds
[2024-05-23T19:45:40.337+0000] {processor.py:161} INFO - Started process (PID=8459) to work on /home/airflow/.local/lib/python3.12/site-packages/airflow/example_dags/example_skip_dag.py
[2024-05-23T19:45:40.338+0000] {processor.py:830} INFO - Processing file /home/airflow/.local/lib/python3.12/site-packages/airflow/example_dags/example_skip_dag.py for tasks to queue
[2024-05-23T19:45:40.341+0000] {logging_mixin.py:188} INFO - [2024-05-23T19:45:40.341+0000] {dagbag.py:545} INFO - Filling up the DagBag from /home/airflow/.local/lib/python3.12/site-packages/airflow/example_dags/example_skip_dag.py
[2024-05-23T19:45:40.350+0000] {processor.py:840} INFO - DAG(s) 'example_skip_dag' retrieved from /home/airflow/.local/lib/python3.12/site-packages/airflow/example_dags/example_skip_dag.py
[2024-05-23T19:45:40.379+0000] {logging_mixin.py:188} INFO - [2024-05-23T19:45:40.378+0000] {dag.py:3096} INFO - Sync 1 DAGs
[2024-05-23T19:45:40.408+0000] {logging_mixin.py:188} INFO - [2024-05-23T19:45:40.408+0000] {dag.py:3954} INFO - Setting next_dagrun for example_skip_dag to 2024-05-22 00:00:00+00:00, run_after=2024-05-23 00:00:00+00:00
[2024-05-23T19:45:40.434+0000] {processor.py:183} INFO - Processing /home/airflow/.local/lib/python3.12/site-packages/airflow/example_dags/example_skip_dag.py took 0.105 seconds
[2024-05-23T19:46:10.520+0000] {processor.py:161} INFO - Started process (PID=8721) to work on /home/airflow/.local/lib/python3.12/site-packages/airflow/example_dags/example_skip_dag.py
[2024-05-23T19:46:10.521+0000] {processor.py:830} INFO - Processing file /home/airflow/.local/lib/python3.12/site-packages/airflow/example_dags/example_skip_dag.py for tasks to queue
[2024-05-23T19:46:10.524+0000] {logging_mixin.py:188} INFO - [2024-05-23T19:46:10.523+0000] {dagbag.py:545} INFO - Filling up the DagBag from /home/airflow/.local/lib/python3.12/site-packages/airflow/example_dags/example_skip_dag.py
[2024-05-23T19:46:10.533+0000] {processor.py:840} INFO - DAG(s) 'example_skip_dag' retrieved from /home/airflow/.local/lib/python3.12/site-packages/airflow/example_dags/example_skip_dag.py
[2024-05-23T19:46:10.561+0000] {logging_mixin.py:188} INFO - [2024-05-23T19:46:10.561+0000] {dag.py:3096} INFO - Sync 1 DAGs
[2024-05-23T19:46:10.590+0000] {logging_mixin.py:188} INFO - [2024-05-23T19:46:10.590+0000] {dag.py:3954} INFO - Setting next_dagrun for example_skip_dag to 2024-05-22 00:00:00+00:00, run_after=2024-05-23 00:00:00+00:00
[2024-05-23T19:46:10.615+0000] {processor.py:183} INFO - Processing /home/airflow/.local/lib/python3.12/site-packages/airflow/example_dags/example_skip_dag.py took 0.104 seconds
[2024-05-23T19:46:40.698+0000] {processor.py:161} INFO - Started process (PID=8983) to work on /home/airflow/.local/lib/python3.12/site-packages/airflow/example_dags/example_skip_dag.py
[2024-05-23T19:46:40.699+0000] {processor.py:830} INFO - Processing file /home/airflow/.local/lib/python3.12/site-packages/airflow/example_dags/example_skip_dag.py for tasks to queue
[2024-05-23T19:46:40.702+0000] {logging_mixin.py:188} INFO - [2024-05-23T19:46:40.702+0000] {dagbag.py:545} INFO - Filling up the DagBag from /home/airflow/.local/lib/python3.12/site-packages/airflow/example_dags/example_skip_dag.py
[2024-05-23T19:46:40.711+0000] {processor.py:840} INFO - DAG(s) 'example_skip_dag' retrieved from /home/airflow/.local/lib/python3.12/site-packages/airflow/example_dags/example_skip_dag.py
[2024-05-23T19:46:40.739+0000] {logging_mixin.py:188} INFO - [2024-05-23T19:46:40.739+0000] {dag.py:3096} INFO - Sync 1 DAGs
[2024-05-23T19:46:40.768+0000] {logging_mixin.py:188} INFO - [2024-05-23T19:46:40.768+0000] {dag.py:3954} INFO - Setting next_dagrun for example_skip_dag to 2024-05-22 00:00:00+00:00, run_after=2024-05-23 00:00:00+00:00
[2024-05-23T19:46:40.793+0000] {processor.py:183} INFO - Processing /home/airflow/.local/lib/python3.12/site-packages/airflow/example_dags/example_skip_dag.py took 0.103 seconds
[2024-05-23T19:47:11.013+0000] {processor.py:161} INFO - Started process (PID=9245) to work on /home/airflow/.local/lib/python3.12/site-packages/airflow/example_dags/example_skip_dag.py
[2024-05-23T19:47:11.015+0000] {processor.py:830} INFO - Processing file /home/airflow/.local/lib/python3.12/site-packages/airflow/example_dags/example_skip_dag.py for tasks to queue
[2024-05-23T19:47:11.017+0000] {logging_mixin.py:188} INFO - [2024-05-23T19:47:11.017+0000] {dagbag.py:545} INFO - Filling up the DagBag from /home/airflow/.local/lib/python3.12/site-packages/airflow/example_dags/example_skip_dag.py
[2024-05-23T19:47:11.026+0000] {processor.py:840} INFO - DAG(s) 'example_skip_dag' retrieved from /home/airflow/.local/lib/python3.12/site-packages/airflow/example_dags/example_skip_dag.py
[2024-05-23T19:47:11.058+0000] {logging_mixin.py:188} INFO - [2024-05-23T19:47:11.057+0000] {dag.py:3096} INFO - Sync 1 DAGs
[2024-05-23T19:47:11.088+0000] {logging_mixin.py:188} INFO - [2024-05-23T19:47:11.088+0000] {dag.py:3954} INFO - Setting next_dagrun for example_skip_dag to 2024-05-22 00:00:00+00:00, run_after=2024-05-23 00:00:00+00:00
[2024-05-23T19:47:11.114+0000] {processor.py:183} INFO - Processing /home/airflow/.local/lib/python3.12/site-packages/airflow/example_dags/example_skip_dag.py took 0.109 seconds
[2024-05-23T19:47:41.750+0000] {processor.py:161} INFO - Started process (PID=9501) to work on /home/airflow/.local/lib/python3.12/site-packages/airflow/example_dags/example_skip_dag.py
[2024-05-23T19:47:41.752+0000] {processor.py:830} INFO - Processing file /home/airflow/.local/lib/python3.12/site-packages/airflow/example_dags/example_skip_dag.py for tasks to queue
[2024-05-23T19:47:41.754+0000] {logging_mixin.py:188} INFO - [2024-05-23T19:47:41.754+0000] {dagbag.py:545} INFO - Filling up the DagBag from /home/airflow/.local/lib/python3.12/site-packages/airflow/example_dags/example_skip_dag.py
[2024-05-23T19:47:41.763+0000] {processor.py:840} INFO - DAG(s) 'example_skip_dag' retrieved from /home/airflow/.local/lib/python3.12/site-packages/airflow/example_dags/example_skip_dag.py
[2024-05-23T19:47:41.793+0000] {logging_mixin.py:188} INFO - [2024-05-23T19:47:41.792+0000] {dag.py:3096} INFO - Sync 1 DAGs
[2024-05-23T19:47:41.836+0000] {logging_mixin.py:188} INFO - [2024-05-23T19:47:41.836+0000] {dag.py:3954} INFO - Setting next_dagrun for example_skip_dag to 2024-05-22 00:00:00+00:00, run_after=2024-05-23 00:00:00+00:00
[2024-05-23T19:47:41.870+0000] {processor.py:183} INFO - Processing /home/airflow/.local/lib/python3.12/site-packages/airflow/example_dags/example_skip_dag.py took 0.128 seconds
[2024-05-23T19:48:12.520+0000] {processor.py:161} INFO - Started process (PID=9763) to work on /home/airflow/.local/lib/python3.12/site-packages/airflow/example_dags/example_skip_dag.py
[2024-05-23T19:48:12.521+0000] {processor.py:830} INFO - Processing file /home/airflow/.local/lib/python3.12/site-packages/airflow/example_dags/example_skip_dag.py for tasks to queue
[2024-05-23T19:48:12.524+0000] {logging_mixin.py:188} INFO - [2024-05-23T19:48:12.524+0000] {dagbag.py:545} INFO - Filling up the DagBag from /home/airflow/.local/lib/python3.12/site-packages/airflow/example_dags/example_skip_dag.py
[2024-05-23T19:48:12.533+0000] {processor.py:840} INFO - DAG(s) 'example_skip_dag' retrieved from /home/airflow/.local/lib/python3.12/site-packages/airflow/example_dags/example_skip_dag.py
[2024-05-23T19:48:12.567+0000] {logging_mixin.py:188} INFO - [2024-05-23T19:48:12.567+0000] {dag.py:3096} INFO - Sync 1 DAGs
[2024-05-23T19:48:12.602+0000] {logging_mixin.py:188} INFO - [2024-05-23T19:48:12.601+0000] {dag.py:3954} INFO - Setting next_dagrun for example_skip_dag to 2024-05-22 00:00:00+00:00, run_after=2024-05-23 00:00:00+00:00
[2024-05-23T19:48:12.631+0000] {processor.py:183} INFO - Processing /home/airflow/.local/lib/python3.12/site-packages/airflow/example_dags/example_skip_dag.py took 0.120 seconds
[2024-05-23T19:48:43.227+0000] {processor.py:161} INFO - Started process (PID=10025) to work on /home/airflow/.local/lib/python3.12/site-packages/airflow/example_dags/example_skip_dag.py
[2024-05-23T19:48:43.229+0000] {processor.py:830} INFO - Processing file /home/airflow/.local/lib/python3.12/site-packages/airflow/example_dags/example_skip_dag.py for tasks to queue
[2024-05-23T19:48:43.232+0000] {logging_mixin.py:188} INFO - [2024-05-23T19:48:43.231+0000] {dagbag.py:545} INFO - Filling up the DagBag from /home/airflow/.local/lib/python3.12/site-packages/airflow/example_dags/example_skip_dag.py
[2024-05-23T19:48:43.242+0000] {processor.py:840} INFO - DAG(s) 'example_skip_dag' retrieved from /home/airflow/.local/lib/python3.12/site-packages/airflow/example_dags/example_skip_dag.py
[2024-05-23T19:48:43.276+0000] {logging_mixin.py:188} INFO - [2024-05-23T19:48:43.275+0000] {dag.py:3096} INFO - Sync 1 DAGs
[2024-05-23T19:48:43.310+0000] {logging_mixin.py:188} INFO - [2024-05-23T19:48:43.309+0000] {dag.py:3954} INFO - Setting next_dagrun for example_skip_dag to 2024-05-22 00:00:00+00:00, run_after=2024-05-23 00:00:00+00:00
[2024-05-23T19:48:43.496+0000] {processor.py:183} INFO - Processing /home/airflow/.local/lib/python3.12/site-packages/airflow/example_dags/example_skip_dag.py took 0.278 seconds
[2024-05-23T19:49:14.064+0000] {processor.py:161} INFO - Started process (PID=10287) to work on /home/airflow/.local/lib/python3.12/site-packages/airflow/example_dags/example_skip_dag.py
[2024-05-23T19:49:14.066+0000] {processor.py:830} INFO - Processing file /home/airflow/.local/lib/python3.12/site-packages/airflow/example_dags/example_skip_dag.py for tasks to queue
[2024-05-23T19:49:14.068+0000] {logging_mixin.py:188} INFO - [2024-05-23T19:49:14.068+0000] {dagbag.py:545} INFO - Filling up the DagBag from /home/airflow/.local/lib/python3.12/site-packages/airflow/example_dags/example_skip_dag.py
[2024-05-23T19:49:14.078+0000] {processor.py:840} INFO - DAG(s) 'example_skip_dag' retrieved from /home/airflow/.local/lib/python3.12/site-packages/airflow/example_dags/example_skip_dag.py
[2024-05-23T19:49:14.111+0000] {logging_mixin.py:188} INFO - [2024-05-23T19:49:14.111+0000] {dag.py:3096} INFO - Sync 1 DAGs
[2024-05-23T19:49:14.142+0000] {logging_mixin.py:188} INFO - [2024-05-23T19:49:14.142+0000] {dag.py:3954} INFO - Setting next_dagrun for example_skip_dag to 2024-05-22 00:00:00+00:00, run_after=2024-05-23 00:00:00+00:00
[2024-05-23T19:49:14.170+0000] {processor.py:183} INFO - Processing /home/airflow/.local/lib/python3.12/site-packages/airflow/example_dags/example_skip_dag.py took 0.114 seconds
[2024-05-23T19:49:44.412+0000] {processor.py:161} INFO - Started process (PID=10549) to work on /home/airflow/.local/lib/python3.12/site-packages/airflow/example_dags/example_skip_dag.py
[2024-05-23T19:49:44.413+0000] {processor.py:830} INFO - Processing file /home/airflow/.local/lib/python3.12/site-packages/airflow/example_dags/example_skip_dag.py for tasks to queue
[2024-05-23T19:49:44.416+0000] {logging_mixin.py:188} INFO - [2024-05-23T19:49:44.416+0000] {dagbag.py:545} INFO - Filling up the DagBag from /home/airflow/.local/lib/python3.12/site-packages/airflow/example_dags/example_skip_dag.py
[2024-05-23T19:49:44.426+0000] {processor.py:840} INFO - DAG(s) 'example_skip_dag' retrieved from /home/airflow/.local/lib/python3.12/site-packages/airflow/example_dags/example_skip_dag.py
[2024-05-23T19:49:44.459+0000] {logging_mixin.py:188} INFO - [2024-05-23T19:49:44.459+0000] {dag.py:3096} INFO - Sync 1 DAGs
[2024-05-23T19:49:44.491+0000] {logging_mixin.py:188} INFO - [2024-05-23T19:49:44.491+0000] {dag.py:3954} INFO - Setting next_dagrun for example_skip_dag to 2024-05-22 00:00:00+00:00, run_after=2024-05-23 00:00:00+00:00
[2024-05-23T19:49:44.516+0000] {processor.py:183} INFO - Processing /home/airflow/.local/lib/python3.12/site-packages/airflow/example_dags/example_skip_dag.py took 0.114 seconds
[2024-05-23T19:50:14.898+0000] {processor.py:161} INFO - Started process (PID=10811) to work on /home/airflow/.local/lib/python3.12/site-packages/airflow/example_dags/example_skip_dag.py
[2024-05-23T19:50:14.899+0000] {processor.py:830} INFO - Processing file /home/airflow/.local/lib/python3.12/site-packages/airflow/example_dags/example_skip_dag.py for tasks to queue
[2024-05-23T19:50:14.902+0000] {logging_mixin.py:188} INFO - [2024-05-23T19:50:14.901+0000] {dagbag.py:545} INFO - Filling up the DagBag from /home/airflow/.local/lib/python3.12/site-packages/airflow/example_dags/example_skip_dag.py
[2024-05-23T19:50:14.912+0000] {processor.py:840} INFO - DAG(s) 'example_skip_dag' retrieved from /home/airflow/.local/lib/python3.12/site-packages/airflow/example_dags/example_skip_dag.py
[2024-05-23T19:50:14.943+0000] {logging_mixin.py:188} INFO - [2024-05-23T19:50:14.943+0000] {dag.py:3096} INFO - Sync 1 DAGs
[2024-05-23T19:50:14.975+0000] {logging_mixin.py:188} INFO - [2024-05-23T19:50:14.975+0000] {dag.py:3954} INFO - Setting next_dagrun for example_skip_dag to 2024-05-22 00:00:00+00:00, run_after=2024-05-23 00:00:00+00:00
[2024-05-23T19:50:15.002+0000] {processor.py:183} INFO - Processing /home/airflow/.local/lib/python3.12/site-packages/airflow/example_dags/example_skip_dag.py took 0.112 seconds
[2024-05-23T19:50:45.325+0000] {processor.py:161} INFO - Started process (PID=11079) to work on /home/airflow/.local/lib/python3.12/site-packages/airflow/example_dags/example_skip_dag.py
[2024-05-23T19:50:45.327+0000] {processor.py:830} INFO - Processing file /home/airflow/.local/lib/python3.12/site-packages/airflow/example_dags/example_skip_dag.py for tasks to queue
[2024-05-23T19:50:45.330+0000] {logging_mixin.py:188} INFO - [2024-05-23T19:50:45.329+0000] {dagbag.py:545} INFO - Filling up the DagBag from /home/airflow/.local/lib/python3.12/site-packages/airflow/example_dags/example_skip_dag.py
[2024-05-23T19:50:45.504+0000] {processor.py:840} INFO - DAG(s) 'example_skip_dag' retrieved from /home/airflow/.local/lib/python3.12/site-packages/airflow/example_dags/example_skip_dag.py
[2024-05-23T19:50:45.537+0000] {logging_mixin.py:188} INFO - [2024-05-23T19:50:45.536+0000] {dag.py:3096} INFO - Sync 1 DAGs
[2024-05-23T19:50:45.568+0000] {logging_mixin.py:188} INFO - [2024-05-23T19:50:45.568+0000] {dag.py:3954} INFO - Setting next_dagrun for example_skip_dag to 2024-05-22 00:00:00+00:00, run_after=2024-05-23 00:00:00+00:00
[2024-05-23T19:50:45.603+0000] {processor.py:183} INFO - Processing /home/airflow/.local/lib/python3.12/site-packages/airflow/example_dags/example_skip_dag.py took 0.287 seconds
[2024-05-23T19:51:16.321+0000] {processor.py:161} INFO - Started process (PID=11341) to work on /home/airflow/.local/lib/python3.12/site-packages/airflow/example_dags/example_skip_dag.py
[2024-05-23T19:51:16.324+0000] {processor.py:830} INFO - Processing file /home/airflow/.local/lib/python3.12/site-packages/airflow/example_dags/example_skip_dag.py for tasks to queue
[2024-05-23T19:51:16.327+0000] {logging_mixin.py:188} INFO - [2024-05-23T19:51:16.326+0000] {dagbag.py:545} INFO - Filling up the DagBag from /home/airflow/.local/lib/python3.12/site-packages/airflow/example_dags/example_skip_dag.py
[2024-05-23T19:51:16.337+0000] {processor.py:840} INFO - DAG(s) 'example_skip_dag' retrieved from /home/airflow/.local/lib/python3.12/site-packages/airflow/example_dags/example_skip_dag.py
[2024-05-23T19:51:16.370+0000] {logging_mixin.py:188} INFO - [2024-05-23T19:51:16.370+0000] {dag.py:3096} INFO - Sync 1 DAGs
[2024-05-23T19:51:16.405+0000] {logging_mixin.py:188} INFO - [2024-05-23T19:51:16.405+0000] {dag.py:3954} INFO - Setting next_dagrun for example_skip_dag to 2024-05-22 00:00:00+00:00, run_after=2024-05-23 00:00:00+00:00
[2024-05-23T19:51:16.433+0000] {processor.py:183} INFO - Processing /home/airflow/.local/lib/python3.12/site-packages/airflow/example_dags/example_skip_dag.py took 0.121 seconds
[2024-05-23T19:51:46.512+0000] {processor.py:161} INFO - Started process (PID=11603) to work on /home/airflow/.local/lib/python3.12/site-packages/airflow/example_dags/example_skip_dag.py
[2024-05-23T19:51:46.514+0000] {processor.py:830} INFO - Processing file /home/airflow/.local/lib/python3.12/site-packages/airflow/example_dags/example_skip_dag.py for tasks to queue
[2024-05-23T19:51:46.518+0000] {logging_mixin.py:188} INFO - [2024-05-23T19:51:46.517+0000] {dagbag.py:545} INFO - Filling up the DagBag from /home/airflow/.local/lib/python3.12/site-packages/airflow/example_dags/example_skip_dag.py
[2024-05-23T19:51:46.529+0000] {processor.py:840} INFO - DAG(s) 'example_skip_dag' retrieved from /home/airflow/.local/lib/python3.12/site-packages/airflow/example_dags/example_skip_dag.py
[2024-05-23T19:51:46.564+0000] {logging_mixin.py:188} INFO - [2024-05-23T19:51:46.563+0000] {dag.py:3096} INFO - Sync 1 DAGs
[2024-05-23T19:51:46.600+0000] {logging_mixin.py:188} INFO - [2024-05-23T19:51:46.599+0000] {dag.py:3954} INFO - Setting next_dagrun for example_skip_dag to 2024-05-22 00:00:00+00:00, run_after=2024-05-23 00:00:00+00:00
[2024-05-23T19:51:46.629+0000] {processor.py:183} INFO - Processing /home/airflow/.local/lib/python3.12/site-packages/airflow/example_dags/example_skip_dag.py took 0.127 seconds
[2024-05-23T19:52:16.775+0000] {processor.py:161} INFO - Started process (PID=11865) to work on /home/airflow/.local/lib/python3.12/site-packages/airflow/example_dags/example_skip_dag.py
[2024-05-23T19:52:16.777+0000] {processor.py:830} INFO - Processing file /home/airflow/.local/lib/python3.12/site-packages/airflow/example_dags/example_skip_dag.py for tasks to queue
[2024-05-23T19:52:16.780+0000] {logging_mixin.py:188} INFO - [2024-05-23T19:52:16.779+0000] {dagbag.py:545} INFO - Filling up the DagBag from /home/airflow/.local/lib/python3.12/site-packages/airflow/example_dags/example_skip_dag.py
[2024-05-23T19:52:16.790+0000] {processor.py:840} INFO - DAG(s) 'example_skip_dag' retrieved from /home/airflow/.local/lib/python3.12/site-packages/airflow/example_dags/example_skip_dag.py
[2024-05-23T19:52:16.826+0000] {logging_mixin.py:188} INFO - [2024-05-23T19:52:16.826+0000] {dag.py:3096} INFO - Sync 1 DAGs
[2024-05-23T19:52:16.862+0000] {logging_mixin.py:188} INFO - [2024-05-23T19:52:16.861+0000] {dag.py:3954} INFO - Setting next_dagrun for example_skip_dag to 2024-05-22 00:00:00+00:00, run_after=2024-05-23 00:00:00+00:00
[2024-05-23T19:52:16.889+0000] {processor.py:183} INFO - Processing /home/airflow/.local/lib/python3.12/site-packages/airflow/example_dags/example_skip_dag.py took 0.123 seconds
[2024-05-23T19:52:47.145+0000] {processor.py:161} INFO - Started process (PID=12127) to work on /home/airflow/.local/lib/python3.12/site-packages/airflow/example_dags/example_skip_dag.py
[2024-05-23T19:52:47.147+0000] {processor.py:830} INFO - Processing file /home/airflow/.local/lib/python3.12/site-packages/airflow/example_dags/example_skip_dag.py for tasks to queue
[2024-05-23T19:52:47.149+0000] {logging_mixin.py:188} INFO - [2024-05-23T19:52:47.149+0000] {dagbag.py:545} INFO - Filling up the DagBag from /home/airflow/.local/lib/python3.12/site-packages/airflow/example_dags/example_skip_dag.py
[2024-05-23T19:52:47.160+0000] {processor.py:840} INFO - DAG(s) 'example_skip_dag' retrieved from /home/airflow/.local/lib/python3.12/site-packages/airflow/example_dags/example_skip_dag.py
[2024-05-23T19:52:47.194+0000] {logging_mixin.py:188} INFO - [2024-05-23T19:52:47.194+0000] {dag.py:3096} INFO - Sync 1 DAGs
[2024-05-23T19:52:47.229+0000] {logging_mixin.py:188} INFO - [2024-05-23T19:52:47.228+0000] {dag.py:3954} INFO - Setting next_dagrun for example_skip_dag to 2024-05-22 00:00:00+00:00, run_after=2024-05-23 00:00:00+00:00
[2024-05-23T19:52:47.255+0000] {processor.py:183} INFO - Processing /home/airflow/.local/lib/python3.12/site-packages/airflow/example_dags/example_skip_dag.py took 0.119 seconds
[2024-05-23T19:53:17.477+0000] {processor.py:161} INFO - Started process (PID=12389) to work on /home/airflow/.local/lib/python3.12/site-packages/airflow/example_dags/example_skip_dag.py
[2024-05-23T19:53:17.478+0000] {processor.py:830} INFO - Processing file /home/airflow/.local/lib/python3.12/site-packages/airflow/example_dags/example_skip_dag.py for tasks to queue
[2024-05-23T19:53:17.481+0000] {logging_mixin.py:188} INFO - [2024-05-23T19:53:17.480+0000] {dagbag.py:545} INFO - Filling up the DagBag from /home/airflow/.local/lib/python3.12/site-packages/airflow/example_dags/example_skip_dag.py
[2024-05-23T19:53:17.490+0000] {processor.py:840} INFO - DAG(s) 'example_skip_dag' retrieved from /home/airflow/.local/lib/python3.12/site-packages/airflow/example_dags/example_skip_dag.py
[2024-05-23T19:53:17.523+0000] {logging_mixin.py:188} INFO - [2024-05-23T19:53:17.522+0000] {dag.py:3096} INFO - Sync 1 DAGs
[2024-05-23T19:53:17.555+0000] {logging_mixin.py:188} INFO - [2024-05-23T19:53:17.554+0000] {dag.py:3954} INFO - Setting next_dagrun for example_skip_dag to 2024-05-22 00:00:00+00:00, run_after=2024-05-23 00:00:00+00:00
[2024-05-23T19:53:17.581+0000] {processor.py:183} INFO - Processing /home/airflow/.local/lib/python3.12/site-packages/airflow/example_dags/example_skip_dag.py took 0.113 seconds
[2024-05-23T19:53:47.716+0000] {processor.py:161} INFO - Started process (PID=12651) to work on /home/airflow/.local/lib/python3.12/site-packages/airflow/example_dags/example_skip_dag.py
[2024-05-23T19:53:47.718+0000] {processor.py:830} INFO - Processing file /home/airflow/.local/lib/python3.12/site-packages/airflow/example_dags/example_skip_dag.py for tasks to queue
[2024-05-23T19:53:47.721+0000] {logging_mixin.py:188} INFO - [2024-05-23T19:53:47.720+0000] {dagbag.py:545} INFO - Filling up the DagBag from /home/airflow/.local/lib/python3.12/site-packages/airflow/example_dags/example_skip_dag.py
[2024-05-23T19:53:47.730+0000] {processor.py:840} INFO - DAG(s) 'example_skip_dag' retrieved from /home/airflow/.local/lib/python3.12/site-packages/airflow/example_dags/example_skip_dag.py
[2024-05-23T19:53:47.763+0000] {logging_mixin.py:188} INFO - [2024-05-23T19:53:47.763+0000] {dag.py:3096} INFO - Sync 1 DAGs
[2024-05-23T19:53:47.796+0000] {logging_mixin.py:188} INFO - [2024-05-23T19:53:47.796+0000] {dag.py:3954} INFO - Setting next_dagrun for example_skip_dag to 2024-05-22 00:00:00+00:00, run_after=2024-05-23 00:00:00+00:00
[2024-05-23T19:53:47.822+0000] {processor.py:183} INFO - Processing /home/airflow/.local/lib/python3.12/site-packages/airflow/example_dags/example_skip_dag.py took 0.114 seconds
[2024-05-23T19:54:18.318+0000] {processor.py:161} INFO - Started process (PID=12913) to work on /home/airflow/.local/lib/python3.12/site-packages/airflow/example_dags/example_skip_dag.py
[2024-05-23T19:54:18.320+0000] {processor.py:830} INFO - Processing file /home/airflow/.local/lib/python3.12/site-packages/airflow/example_dags/example_skip_dag.py for tasks to queue
[2024-05-23T19:54:18.323+0000] {logging_mixin.py:188} INFO - [2024-05-23T19:54:18.322+0000] {dagbag.py:545} INFO - Filling up the DagBag from /home/airflow/.local/lib/python3.12/site-packages/airflow/example_dags/example_skip_dag.py
[2024-05-23T19:54:18.333+0000] {processor.py:840} INFO - DAG(s) 'example_skip_dag' retrieved from /home/airflow/.local/lib/python3.12/site-packages/airflow/example_dags/example_skip_dag.py
[2024-05-23T19:54:18.366+0000] {logging_mixin.py:188} INFO - [2024-05-23T19:54:18.365+0000] {dag.py:3096} INFO - Sync 1 DAGs
[2024-05-23T19:54:18.398+0000] {logging_mixin.py:188} INFO - [2024-05-23T19:54:18.397+0000] {dag.py:3954} INFO - Setting next_dagrun for example_skip_dag to 2024-05-22 00:00:00+00:00, run_after=2024-05-23 00:00:00+00:00
[2024-05-23T19:54:18.423+0000] {processor.py:183} INFO - Processing /home/airflow/.local/lib/python3.12/site-packages/airflow/example_dags/example_skip_dag.py took 0.115 seconds
[2024-05-23T19:54:49.192+0000] {processor.py:161} INFO - Started process (PID=13175) to work on /home/airflow/.local/lib/python3.12/site-packages/airflow/example_dags/example_skip_dag.py
[2024-05-23T19:54:49.193+0000] {processor.py:830} INFO - Processing file /home/airflow/.local/lib/python3.12/site-packages/airflow/example_dags/example_skip_dag.py for tasks to queue
[2024-05-23T19:54:49.196+0000] {logging_mixin.py:188} INFO - [2024-05-23T19:54:49.195+0000] {dagbag.py:545} INFO - Filling up the DagBag from /home/airflow/.local/lib/python3.12/site-packages/airflow/example_dags/example_skip_dag.py
[2024-05-23T19:54:49.206+0000] {processor.py:840} INFO - DAG(s) 'example_skip_dag' retrieved from /home/airflow/.local/lib/python3.12/site-packages/airflow/example_dags/example_skip_dag.py
[2024-05-23T19:54:49.238+0000] {logging_mixin.py:188} INFO - [2024-05-23T19:54:49.237+0000] {dag.py:3096} INFO - Sync 1 DAGs
[2024-05-23T19:54:49.270+0000] {logging_mixin.py:188} INFO - [2024-05-23T19:54:49.270+0000] {dag.py:3954} INFO - Setting next_dagrun for example_skip_dag to 2024-05-22 00:00:00+00:00, run_after=2024-05-23 00:00:00+00:00
[2024-05-23T19:54:49.295+0000] {processor.py:183} INFO - Processing /home/airflow/.local/lib/python3.12/site-packages/airflow/example_dags/example_skip_dag.py took 0.112 seconds
[2024-05-23T19:55:19.945+0000] {processor.py:161} INFO - Started process (PID=13437) to work on /home/airflow/.local/lib/python3.12/site-packages/airflow/example_dags/example_skip_dag.py
[2024-05-23T19:55:19.947+0000] {processor.py:830} INFO - Processing file /home/airflow/.local/lib/python3.12/site-packages/airflow/example_dags/example_skip_dag.py for tasks to queue
[2024-05-23T19:55:19.950+0000] {logging_mixin.py:188} INFO - [2024-05-23T19:55:19.949+0000] {dagbag.py:545} INFO - Filling up the DagBag from /home/airflow/.local/lib/python3.12/site-packages/airflow/example_dags/example_skip_dag.py
[2024-05-23T19:55:19.960+0000] {processor.py:840} INFO - DAG(s) 'example_skip_dag' retrieved from /home/airflow/.local/lib/python3.12/site-packages/airflow/example_dags/example_skip_dag.py
[2024-05-23T19:55:19.993+0000] {logging_mixin.py:188} INFO - [2024-05-23T19:55:19.992+0000] {dag.py:3096} INFO - Sync 1 DAGs
[2024-05-23T19:55:20.030+0000] {logging_mixin.py:188} INFO - [2024-05-23T19:55:20.029+0000] {dag.py:3954} INFO - Setting next_dagrun for example_skip_dag to 2024-05-22 00:00:00+00:00, run_after=2024-05-23 00:00:00+00:00
[2024-05-23T19:55:20.056+0000] {processor.py:183} INFO - Processing /home/airflow/.local/lib/python3.12/site-packages/airflow/example_dags/example_skip_dag.py took 0.122 seconds
[2024-05-23T19:55:50.555+0000] {processor.py:161} INFO - Started process (PID=13699) to work on /home/airflow/.local/lib/python3.12/site-packages/airflow/example_dags/example_skip_dag.py
[2024-05-23T19:55:50.557+0000] {processor.py:830} INFO - Processing file /home/airflow/.local/lib/python3.12/site-packages/airflow/example_dags/example_skip_dag.py for tasks to queue
[2024-05-23T19:55:50.561+0000] {logging_mixin.py:188} INFO - [2024-05-23T19:55:50.561+0000] {dagbag.py:545} INFO - Filling up the DagBag from /home/airflow/.local/lib/python3.12/site-packages/airflow/example_dags/example_skip_dag.py
[2024-05-23T19:55:50.571+0000] {processor.py:840} INFO - DAG(s) 'example_skip_dag' retrieved from /home/airflow/.local/lib/python3.12/site-packages/airflow/example_dags/example_skip_dag.py
[2024-05-23T19:55:50.605+0000] {logging_mixin.py:188} INFO - [2024-05-23T19:55:50.604+0000] {dag.py:3096} INFO - Sync 1 DAGs
[2024-05-23T19:55:50.640+0000] {logging_mixin.py:188} INFO - [2024-05-23T19:55:50.640+0000] {dag.py:3954} INFO - Setting next_dagrun for example_skip_dag to 2024-05-22 00:00:00+00:00, run_after=2024-05-23 00:00:00+00:00
[2024-05-23T19:55:50.668+0000] {processor.py:183} INFO - Processing /home/airflow/.local/lib/python3.12/site-packages/airflow/example_dags/example_skip_dag.py took 0.123 seconds
[2024-05-23T19:56:20.740+0000] {processor.py:161} INFO - Started process (PID=13961) to work on /home/airflow/.local/lib/python3.12/site-packages/airflow/example_dags/example_skip_dag.py
[2024-05-23T19:56:20.742+0000] {processor.py:830} INFO - Processing file /home/airflow/.local/lib/python3.12/site-packages/airflow/example_dags/example_skip_dag.py for tasks to queue
[2024-05-23T19:56:20.744+0000] {logging_mixin.py:188} INFO - [2024-05-23T19:56:20.744+0000] {dagbag.py:545} INFO - Filling up the DagBag from /home/airflow/.local/lib/python3.12/site-packages/airflow/example_dags/example_skip_dag.py
[2024-05-23T19:56:20.752+0000] {processor.py:840} INFO - DAG(s) 'example_skip_dag' retrieved from /home/airflow/.local/lib/python3.12/site-packages/airflow/example_dags/example_skip_dag.py
[2024-05-23T19:56:20.782+0000] {logging_mixin.py:188} INFO - [2024-05-23T19:56:20.782+0000] {dag.py:3096} INFO - Sync 1 DAGs
[2024-05-23T19:56:20.813+0000] {logging_mixin.py:188} INFO - [2024-05-23T19:56:20.812+0000] {dag.py:3954} INFO - Setting next_dagrun for example_skip_dag to 2024-05-22 00:00:00+00:00, run_after=2024-05-23 00:00:00+00:00
[2024-05-23T19:56:20.837+0000] {processor.py:183} INFO - Processing /home/airflow/.local/lib/python3.12/site-packages/airflow/example_dags/example_skip_dag.py took 0.106 seconds
[2024-05-23T19:56:51.595+0000] {processor.py:161} INFO - Started process (PID=14223) to work on /home/airflow/.local/lib/python3.12/site-packages/airflow/example_dags/example_skip_dag.py
[2024-05-23T19:56:51.596+0000] {processor.py:830} INFO - Processing file /home/airflow/.local/lib/python3.12/site-packages/airflow/example_dags/example_skip_dag.py for tasks to queue
[2024-05-23T19:56:51.599+0000] {logging_mixin.py:188} INFO - [2024-05-23T19:56:51.599+0000] {dagbag.py:545} INFO - Filling up the DagBag from /home/airflow/.local/lib/python3.12/site-packages/airflow/example_dags/example_skip_dag.py
[2024-05-23T19:56:51.608+0000] {processor.py:840} INFO - DAG(s) 'example_skip_dag' retrieved from /home/airflow/.local/lib/python3.12/site-packages/airflow/example_dags/example_skip_dag.py
[2024-05-23T19:56:51.638+0000] {logging_mixin.py:188} INFO - [2024-05-23T19:56:51.638+0000] {dag.py:3096} INFO - Sync 1 DAGs
[2024-05-23T19:56:51.669+0000] {logging_mixin.py:188} INFO - [2024-05-23T19:56:51.669+0000] {dag.py:3954} INFO - Setting next_dagrun for example_skip_dag to 2024-05-22 00:00:00+00:00, run_after=2024-05-23 00:00:00+00:00
[2024-05-23T19:56:51.694+0000] {processor.py:183} INFO - Processing /home/airflow/.local/lib/python3.12/site-packages/airflow/example_dags/example_skip_dag.py took 0.110 seconds
[2024-05-23T19:57:22.153+0000] {processor.py:161} INFO - Started process (PID=14485) to work on /home/airflow/.local/lib/python3.12/site-packages/airflow/example_dags/example_skip_dag.py
[2024-05-23T19:57:22.154+0000] {processor.py:830} INFO - Processing file /home/airflow/.local/lib/python3.12/site-packages/airflow/example_dags/example_skip_dag.py for tasks to queue
[2024-05-23T19:57:22.157+0000] {logging_mixin.py:188} INFO - [2024-05-23T19:57:22.156+0000] {dagbag.py:545} INFO - Filling up the DagBag from /home/airflow/.local/lib/python3.12/site-packages/airflow/example_dags/example_skip_dag.py
[2024-05-23T19:57:22.165+0000] {processor.py:840} INFO - DAG(s) 'example_skip_dag' retrieved from /home/airflow/.local/lib/python3.12/site-packages/airflow/example_dags/example_skip_dag.py
[2024-05-23T19:57:22.200+0000] {logging_mixin.py:188} INFO - [2024-05-23T19:57:22.200+0000] {dag.py:3096} INFO - Sync 1 DAGs
[2024-05-23T19:57:22.230+0000] {logging_mixin.py:188} INFO - [2024-05-23T19:57:22.230+0000] {dag.py:3954} INFO - Setting next_dagrun for example_skip_dag to 2024-05-22 00:00:00+00:00, run_after=2024-05-23 00:00:00+00:00
[2024-05-23T19:57:22.260+0000] {processor.py:183} INFO - Processing /home/airflow/.local/lib/python3.12/site-packages/airflow/example_dags/example_skip_dag.py took 0.117 seconds
[2024-05-23T19:58:11.379+0000] {processor.py:161} INFO - Started process (PID=14750) to work on /home/airflow/.local/lib/python3.12/site-packages/airflow/example_dags/example_skip_dag.py
[2024-05-23T19:58:11.380+0000] {processor.py:830} INFO - Processing file /home/airflow/.local/lib/python3.12/site-packages/airflow/example_dags/example_skip_dag.py for tasks to queue
[2024-05-23T19:58:11.383+0000] {logging_mixin.py:188} INFO - [2024-05-23T19:58:11.383+0000] {dagbag.py:545} INFO - Filling up the DagBag from /home/airflow/.local/lib/python3.12/site-packages/airflow/example_dags/example_skip_dag.py
[2024-05-23T19:58:11.392+0000] {processor.py:840} INFO - DAG(s) 'example_skip_dag' retrieved from /home/airflow/.local/lib/python3.12/site-packages/airflow/example_dags/example_skip_dag.py
[2024-05-23T19:58:11.426+0000] {logging_mixin.py:188} INFO - [2024-05-23T19:58:11.425+0000] {dag.py:3096} INFO - Sync 1 DAGs
[2024-05-23T19:58:11.463+0000] {logging_mixin.py:188} INFO - [2024-05-23T19:58:11.462+0000] {dag.py:3954} INFO - Setting next_dagrun for example_skip_dag to 2024-05-22 00:00:00+00:00, run_after=2024-05-23 00:00:00+00:00
[2024-05-23T19:58:11.488+0000] {processor.py:183} INFO - Processing /home/airflow/.local/lib/python3.12/site-packages/airflow/example_dags/example_skip_dag.py took 0.117 seconds
[2024-05-23T20:03:43.683+0000] {processor.py:161} INFO - Started process (PID=15083) to work on /home/airflow/.local/lib/python3.12/site-packages/airflow/example_dags/example_skip_dag.py
[2024-05-23T20:03:43.688+0000] {processor.py:830} INFO - Processing file /home/airflow/.local/lib/python3.12/site-packages/airflow/example_dags/example_skip_dag.py for tasks to queue
[2024-05-23T20:03:43.690+0000] {logging_mixin.py:188} INFO - [2024-05-23T20:03:43.689+0000] {dagbag.py:545} INFO - Filling up the DagBag from /home/airflow/.local/lib/python3.12/site-packages/airflow/example_dags/example_skip_dag.py
[2024-05-23T20:03:43.698+0000] {processor.py:840} INFO - DAG(s) 'example_skip_dag' retrieved from /home/airflow/.local/lib/python3.12/site-packages/airflow/example_dags/example_skip_dag.py
[2024-05-23T20:03:43.728+0000] {logging_mixin.py:188} INFO - [2024-05-23T20:03:43.727+0000] {dag.py:3096} INFO - Sync 1 DAGs
[2024-05-23T20:03:43.755+0000] {logging_mixin.py:188} INFO - [2024-05-23T20:03:43.754+0000] {dag.py:3954} INFO - Setting next_dagrun for example_skip_dag to 2024-05-22 00:00:00+00:00, run_after=2024-05-23 00:00:00+00:00
[2024-05-23T20:03:43.778+0000] {processor.py:183} INFO - Processing /home/airflow/.local/lib/python3.12/site-packages/airflow/example_dags/example_skip_dag.py took 0.103 seconds
[2024-05-23T20:04:20.965+0000] {processor.py:161} INFO - Started process (PID=15345) to work on /home/airflow/.local/lib/python3.12/site-packages/airflow/example_dags/example_skip_dag.py
[2024-05-23T20:04:20.972+0000] {processor.py:830} INFO - Processing file /home/airflow/.local/lib/python3.12/site-packages/airflow/example_dags/example_skip_dag.py for tasks to queue
[2024-05-23T20:04:20.979+0000] {logging_mixin.py:188} INFO - [2024-05-23T20:04:20.977+0000] {dagbag.py:545} INFO - Filling up the DagBag from /home/airflow/.local/lib/python3.12/site-packages/airflow/example_dags/example_skip_dag.py
[2024-05-23T20:04:21.045+0000] {processor.py:840} INFO - DAG(s) 'example_skip_dag' retrieved from /home/airflow/.local/lib/python3.12/site-packages/airflow/example_dags/example_skip_dag.py
[2024-05-23T20:04:21.193+0000] {logging_mixin.py:188} INFO - [2024-05-23T20:04:21.192+0000] {dag.py:3096} INFO - Sync 1 DAGs
[2024-05-23T20:04:21.326+0000] {logging_mixin.py:188} INFO - [2024-05-23T20:04:21.324+0000] {dag.py:3954} INFO - Setting next_dagrun for example_skip_dag to 2024-05-22 00:00:00+00:00, run_after=2024-05-23 00:00:00+00:00
[2024-05-23T20:04:21.456+0000] {processor.py:183} INFO - Processing /home/airflow/.local/lib/python3.12/site-packages/airflow/example_dags/example_skip_dag.py took 0.536 seconds
[2024-05-23T20:08:14.670+0000] {processor.py:161} INFO - Started process (PID=15608) to work on /home/airflow/.local/lib/python3.12/site-packages/airflow/example_dags/example_skip_dag.py
[2024-05-23T20:08:14.672+0000] {processor.py:830} INFO - Processing file /home/airflow/.local/lib/python3.12/site-packages/airflow/example_dags/example_skip_dag.py for tasks to queue
[2024-05-23T20:08:14.674+0000] {logging_mixin.py:188} INFO - [2024-05-23T20:08:14.674+0000] {dagbag.py:545} INFO - Filling up the DagBag from /home/airflow/.local/lib/python3.12/site-packages/airflow/example_dags/example_skip_dag.py
[2024-05-23T20:08:14.687+0000] {processor.py:840} INFO - DAG(s) 'example_skip_dag' retrieved from /home/airflow/.local/lib/python3.12/site-packages/airflow/example_dags/example_skip_dag.py
[2024-05-23T20:08:14.735+0000] {logging_mixin.py:188} INFO - [2024-05-23T20:08:14.735+0000] {dag.py:3096} INFO - Sync 1 DAGs
[2024-05-23T20:08:14.780+0000] {logging_mixin.py:188} INFO - [2024-05-23T20:08:14.780+0000] {dag.py:3954} INFO - Setting next_dagrun for example_skip_dag to 2024-05-22 00:00:00+00:00, run_after=2024-05-23 00:00:00+00:00
[2024-05-23T20:08:14.818+0000] {processor.py:183} INFO - Processing /home/airflow/.local/lib/python3.12/site-packages/airflow/example_dags/example_skip_dag.py took 0.161 seconds
[2024-05-23T20:08:45.079+0000] {processor.py:161} INFO - Started process (PID=15870) to work on /home/airflow/.local/lib/python3.12/site-packages/airflow/example_dags/example_skip_dag.py
[2024-05-23T20:08:45.082+0000] {processor.py:830} INFO - Processing file /home/airflow/.local/lib/python3.12/site-packages/airflow/example_dags/example_skip_dag.py for tasks to queue
[2024-05-23T20:08:45.084+0000] {logging_mixin.py:188} INFO - [2024-05-23T20:08:45.084+0000] {dagbag.py:545} INFO - Filling up the DagBag from /home/airflow/.local/lib/python3.12/site-packages/airflow/example_dags/example_skip_dag.py
[2024-05-23T20:08:45.094+0000] {processor.py:840} INFO - DAG(s) 'example_skip_dag' retrieved from /home/airflow/.local/lib/python3.12/site-packages/airflow/example_dags/example_skip_dag.py
[2024-05-23T20:08:45.129+0000] {logging_mixin.py:188} INFO - [2024-05-23T20:08:45.129+0000] {dag.py:3096} INFO - Sync 1 DAGs
[2024-05-23T20:08:45.159+0000] {logging_mixin.py:188} INFO - [2024-05-23T20:08:45.158+0000] {dag.py:3954} INFO - Setting next_dagrun for example_skip_dag to 2024-05-22 00:00:00+00:00, run_after=2024-05-23 00:00:00+00:00
[2024-05-23T20:08:45.183+0000] {processor.py:183} INFO - Processing /home/airflow/.local/lib/python3.12/site-packages/airflow/example_dags/example_skip_dag.py took 0.114 seconds
[2024-05-23T20:09:15.571+0000] {processor.py:161} INFO - Started process (PID=16132) to work on /home/airflow/.local/lib/python3.12/site-packages/airflow/example_dags/example_skip_dag.py
[2024-05-23T20:09:15.572+0000] {processor.py:830} INFO - Processing file /home/airflow/.local/lib/python3.12/site-packages/airflow/example_dags/example_skip_dag.py for tasks to queue
[2024-05-23T20:09:15.574+0000] {logging_mixin.py:188} INFO - [2024-05-23T20:09:15.573+0000] {dagbag.py:545} INFO - Filling up the DagBag from /home/airflow/.local/lib/python3.12/site-packages/airflow/example_dags/example_skip_dag.py
[2024-05-23T20:09:15.582+0000] {processor.py:840} INFO - DAG(s) 'example_skip_dag' retrieved from /home/airflow/.local/lib/python3.12/site-packages/airflow/example_dags/example_skip_dag.py
[2024-05-23T20:09:15.615+0000] {logging_mixin.py:188} INFO - [2024-05-23T20:09:15.614+0000] {dag.py:3096} INFO - Sync 1 DAGs
[2024-05-23T20:09:15.644+0000] {logging_mixin.py:188} INFO - [2024-05-23T20:09:15.644+0000] {dag.py:3954} INFO - Setting next_dagrun for example_skip_dag to 2024-05-22 00:00:00+00:00, run_after=2024-05-23 00:00:00+00:00
[2024-05-23T20:09:15.668+0000] {processor.py:183} INFO - Processing /home/airflow/.local/lib/python3.12/site-packages/airflow/example_dags/example_skip_dag.py took 0.107 seconds
[2024-05-23T20:09:45.865+0000] {processor.py:161} INFO - Started process (PID=16394) to work on /home/airflow/.local/lib/python3.12/site-packages/airflow/example_dags/example_skip_dag.py
[2024-05-23T20:09:45.867+0000] {processor.py:830} INFO - Processing file /home/airflow/.local/lib/python3.12/site-packages/airflow/example_dags/example_skip_dag.py for tasks to queue
[2024-05-23T20:09:45.869+0000] {logging_mixin.py:188} INFO - [2024-05-23T20:09:45.869+0000] {dagbag.py:545} INFO - Filling up the DagBag from /home/airflow/.local/lib/python3.12/site-packages/airflow/example_dags/example_skip_dag.py
[2024-05-23T20:09:45.877+0000] {processor.py:840} INFO - DAG(s) 'example_skip_dag' retrieved from /home/airflow/.local/lib/python3.12/site-packages/airflow/example_dags/example_skip_dag.py
[2024-05-23T20:09:45.909+0000] {logging_mixin.py:188} INFO - [2024-05-23T20:09:45.908+0000] {dag.py:3096} INFO - Sync 1 DAGs
[2024-05-23T20:09:45.938+0000] {logging_mixin.py:188} INFO - [2024-05-23T20:09:45.938+0000] {dag.py:3954} INFO - Setting next_dagrun for example_skip_dag to 2024-05-22 00:00:00+00:00, run_after=2024-05-23 00:00:00+00:00
[2024-05-23T20:09:45.963+0000] {processor.py:183} INFO - Processing /home/airflow/.local/lib/python3.12/site-packages/airflow/example_dags/example_skip_dag.py took 0.109 seconds
[2024-05-23T20:10:16.342+0000] {processor.py:161} INFO - Started process (PID=16656) to work on /home/airflow/.local/lib/python3.12/site-packages/airflow/example_dags/example_skip_dag.py
[2024-05-23T20:10:16.344+0000] {processor.py:830} INFO - Processing file /home/airflow/.local/lib/python3.12/site-packages/airflow/example_dags/example_skip_dag.py for tasks to queue
[2024-05-23T20:10:16.345+0000] {logging_mixin.py:188} INFO - [2024-05-23T20:10:16.345+0000] {dagbag.py:545} INFO - Filling up the DagBag from /home/airflow/.local/lib/python3.12/site-packages/airflow/example_dags/example_skip_dag.py
[2024-05-23T20:10:16.353+0000] {processor.py:840} INFO - DAG(s) 'example_skip_dag' retrieved from /home/airflow/.local/lib/python3.12/site-packages/airflow/example_dags/example_skip_dag.py
[2024-05-23T20:10:16.386+0000] {logging_mixin.py:188} INFO - [2024-05-23T20:10:16.385+0000] {dag.py:3096} INFO - Sync 1 DAGs
[2024-05-23T20:10:16.414+0000] {logging_mixin.py:188} INFO - [2024-05-23T20:10:16.414+0000] {dag.py:3954} INFO - Setting next_dagrun for example_skip_dag to 2024-05-22 00:00:00+00:00, run_after=2024-05-23 00:00:00+00:00
[2024-05-23T20:10:16.439+0000] {processor.py:183} INFO - Processing /home/airflow/.local/lib/python3.12/site-packages/airflow/example_dags/example_skip_dag.py took 0.107 seconds
[2024-05-23T20:10:46.634+0000] {processor.py:161} INFO - Started process (PID=16918) to work on /home/airflow/.local/lib/python3.12/site-packages/airflow/example_dags/example_skip_dag.py
[2024-05-23T20:10:46.635+0000] {processor.py:830} INFO - Processing file /home/airflow/.local/lib/python3.12/site-packages/airflow/example_dags/example_skip_dag.py for tasks to queue
[2024-05-23T20:10:46.637+0000] {logging_mixin.py:188} INFO - [2024-05-23T20:10:46.637+0000] {dagbag.py:545} INFO - Filling up the DagBag from /home/airflow/.local/lib/python3.12/site-packages/airflow/example_dags/example_skip_dag.py
[2024-05-23T20:10:46.645+0000] {processor.py:840} INFO - DAG(s) 'example_skip_dag' retrieved from /home/airflow/.local/lib/python3.12/site-packages/airflow/example_dags/example_skip_dag.py
[2024-05-23T20:10:46.675+0000] {logging_mixin.py:188} INFO - [2024-05-23T20:10:46.675+0000] {dag.py:3096} INFO - Sync 1 DAGs
[2024-05-23T20:10:46.701+0000] {logging_mixin.py:188} INFO - [2024-05-23T20:10:46.701+0000] {dag.py:3954} INFO - Setting next_dagrun for example_skip_dag to 2024-05-22 00:00:00+00:00, run_after=2024-05-23 00:00:00+00:00
[2024-05-23T20:10:46.725+0000] {processor.py:183} INFO - Processing /home/airflow/.local/lib/python3.12/site-packages/airflow/example_dags/example_skip_dag.py took 0.099 seconds
[2024-05-23T20:11:17.685+0000] {processor.py:161} INFO - Started process (PID=17181) to work on /home/airflow/.local/lib/python3.12/site-packages/airflow/example_dags/example_skip_dag.py
[2024-05-23T20:11:17.687+0000] {processor.py:830} INFO - Processing file /home/airflow/.local/lib/python3.12/site-packages/airflow/example_dags/example_skip_dag.py for tasks to queue
[2024-05-23T20:11:17.689+0000] {logging_mixin.py:188} INFO - [2024-05-23T20:11:17.688+0000] {dagbag.py:545} INFO - Filling up the DagBag from /home/airflow/.local/lib/python3.12/site-packages/airflow/example_dags/example_skip_dag.py
[2024-05-23T20:11:17.697+0000] {processor.py:840} INFO - DAG(s) 'example_skip_dag' retrieved from /home/airflow/.local/lib/python3.12/site-packages/airflow/example_dags/example_skip_dag.py
[2024-05-23T20:11:17.727+0000] {logging_mixin.py:188} INFO - [2024-05-23T20:11:17.727+0000] {dag.py:3096} INFO - Sync 1 DAGs
[2024-05-23T20:11:17.753+0000] {logging_mixin.py:188} INFO - [2024-05-23T20:11:17.753+0000] {dag.py:3954} INFO - Setting next_dagrun for example_skip_dag to 2024-05-22 00:00:00+00:00, run_after=2024-05-23 00:00:00+00:00
[2024-05-23T20:11:17.776+0000] {processor.py:183} INFO - Processing /home/airflow/.local/lib/python3.12/site-packages/airflow/example_dags/example_skip_dag.py took 0.099 seconds
[2024-05-23T20:11:47.825+0000] {processor.py:161} INFO - Started process (PID=17441) to work on /home/airflow/.local/lib/python3.12/site-packages/airflow/example_dags/example_skip_dag.py
[2024-05-23T20:11:47.827+0000] {processor.py:830} INFO - Processing file /home/airflow/.local/lib/python3.12/site-packages/airflow/example_dags/example_skip_dag.py for tasks to queue
[2024-05-23T20:11:47.828+0000] {logging_mixin.py:188} INFO - [2024-05-23T20:11:47.827+0000] {dagbag.py:545} INFO - Filling up the DagBag from /home/airflow/.local/lib/python3.12/site-packages/airflow/example_dags/example_skip_dag.py
[2024-05-23T20:11:47.834+0000] {processor.py:840} INFO - DAG(s) 'example_skip_dag' retrieved from /home/airflow/.local/lib/python3.12/site-packages/airflow/example_dags/example_skip_dag.py
[2024-05-23T20:11:47.859+0000] {logging_mixin.py:188} INFO - [2024-05-23T20:11:47.859+0000] {dag.py:3096} INFO - Sync 1 DAGs
[2024-05-23T20:11:47.879+0000] {logging_mixin.py:188} INFO - [2024-05-23T20:11:47.879+0000] {dag.py:3954} INFO - Setting next_dagrun for example_skip_dag to 2024-05-22 00:00:00+00:00, run_after=2024-05-23 00:00:00+00:00
[2024-05-23T20:11:47.897+0000] {processor.py:183} INFO - Processing /home/airflow/.local/lib/python3.12/site-packages/airflow/example_dags/example_skip_dag.py took 0.078 seconds
[2024-05-23T20:12:18.859+0000] {processor.py:161} INFO - Started process (PID=17703) to work on /home/airflow/.local/lib/python3.12/site-packages/airflow/example_dags/example_skip_dag.py
[2024-05-23T20:12:18.860+0000] {processor.py:830} INFO - Processing file /home/airflow/.local/lib/python3.12/site-packages/airflow/example_dags/example_skip_dag.py for tasks to queue
[2024-05-23T20:12:18.862+0000] {logging_mixin.py:188} INFO - [2024-05-23T20:12:18.861+0000] {dagbag.py:545} INFO - Filling up the DagBag from /home/airflow/.local/lib/python3.12/site-packages/airflow/example_dags/example_skip_dag.py
[2024-05-23T20:12:18.872+0000] {processor.py:840} INFO - DAG(s) 'example_skip_dag' retrieved from /home/airflow/.local/lib/python3.12/site-packages/airflow/example_dags/example_skip_dag.py
[2024-05-23T20:12:18.908+0000] {logging_mixin.py:188} INFO - [2024-05-23T20:12:18.908+0000] {dag.py:3096} INFO - Sync 1 DAGs
[2024-05-23T20:12:18.940+0000] {logging_mixin.py:188} INFO - [2024-05-23T20:12:18.940+0000] {dag.py:3954} INFO - Setting next_dagrun for example_skip_dag to 2024-05-22 00:00:00+00:00, run_after=2024-05-23 00:00:00+00:00
[2024-05-23T20:12:18.968+0000] {processor.py:183} INFO - Processing /home/airflow/.local/lib/python3.12/site-packages/airflow/example_dags/example_skip_dag.py took 0.119 seconds
[2024-05-23T20:12:49.308+0000] {processor.py:161} INFO - Started process (PID=17965) to work on /home/airflow/.local/lib/python3.12/site-packages/airflow/example_dags/example_skip_dag.py
[2024-05-23T20:12:49.310+0000] {processor.py:830} INFO - Processing file /home/airflow/.local/lib/python3.12/site-packages/airflow/example_dags/example_skip_dag.py for tasks to queue
[2024-05-23T20:12:49.311+0000] {logging_mixin.py:188} INFO - [2024-05-23T20:12:49.311+0000] {dagbag.py:545} INFO - Filling up the DagBag from /home/airflow/.local/lib/python3.12/site-packages/airflow/example_dags/example_skip_dag.py
[2024-05-23T20:12:49.320+0000] {processor.py:840} INFO - DAG(s) 'example_skip_dag' retrieved from /home/airflow/.local/lib/python3.12/site-packages/airflow/example_dags/example_skip_dag.py
[2024-05-23T20:12:49.352+0000] {logging_mixin.py:188} INFO - [2024-05-23T20:12:49.352+0000] {dag.py:3096} INFO - Sync 1 DAGs
[2024-05-23T20:12:49.384+0000] {logging_mixin.py:188} INFO - [2024-05-23T20:12:49.384+0000] {dag.py:3954} INFO - Setting next_dagrun for example_skip_dag to 2024-05-22 00:00:00+00:00, run_after=2024-05-23 00:00:00+00:00
[2024-05-23T20:12:49.409+0000] {processor.py:183} INFO - Processing /home/airflow/.local/lib/python3.12/site-packages/airflow/example_dags/example_skip_dag.py took 0.110 seconds
[2024-05-23T20:13:19.607+0000] {processor.py:161} INFO - Started process (PID=18227) to work on /home/airflow/.local/lib/python3.12/site-packages/airflow/example_dags/example_skip_dag.py
[2024-05-23T20:13:19.609+0000] {processor.py:830} INFO - Processing file /home/airflow/.local/lib/python3.12/site-packages/airflow/example_dags/example_skip_dag.py for tasks to queue
[2024-05-23T20:13:19.610+0000] {logging_mixin.py:188} INFO - [2024-05-23T20:13:19.610+0000] {dagbag.py:545} INFO - Filling up the DagBag from /home/airflow/.local/lib/python3.12/site-packages/airflow/example_dags/example_skip_dag.py
[2024-05-23T20:13:19.619+0000] {processor.py:840} INFO - DAG(s) 'example_skip_dag' retrieved from /home/airflow/.local/lib/python3.12/site-packages/airflow/example_dags/example_skip_dag.py
[2024-05-23T20:13:19.654+0000] {logging_mixin.py:188} INFO - [2024-05-23T20:13:19.654+0000] {dag.py:3096} INFO - Sync 1 DAGs
[2024-05-23T20:13:19.684+0000] {logging_mixin.py:188} INFO - [2024-05-23T20:13:19.684+0000] {dag.py:3954} INFO - Setting next_dagrun for example_skip_dag to 2024-05-22 00:00:00+00:00, run_after=2024-05-23 00:00:00+00:00
[2024-05-23T20:13:19.711+0000] {processor.py:183} INFO - Processing /home/airflow/.local/lib/python3.12/site-packages/airflow/example_dags/example_skip_dag.py took 0.114 seconds
