[2024-05-23T19:29:57.575+0000] {processor.py:161} INFO - Started process (PID=392) to work on /home/airflow/.local/lib/python3.12/site-packages/airflow/example_dags/example_params_trigger_ui.py
[2024-05-23T19:29:57.577+0000] {processor.py:830} INFO - Processing file /home/airflow/.local/lib/python3.12/site-packages/airflow/example_dags/example_params_trigger_ui.py for tasks to queue
[2024-05-23T19:29:57.580+0000] {logging_mixin.py:188} INFO - [2024-05-23T19:29:57.579+0000] {dagbag.py:545} INFO - Filling up the DagBag from /home/airflow/.local/lib/python3.12/site-packages/airflow/example_dags/example_params_trigger_ui.py
[2024-05-23T19:29:57.605+0000] {processor.py:840} INFO - DAG(s) 'example_params_trigger_ui' retrieved from /home/airflow/.local/lib/python3.12/site-packages/airflow/example_dags/example_params_trigger_ui.py
[2024-05-23T19:29:57.826+0000] {logging_mixin.py:188} INFO - [2024-05-23T19:29:57.826+0000] {dag.py:3096} INFO - Sync 1 DAGs
[2024-05-23T19:29:57.849+0000] {logging_mixin.py:188} INFO - [2024-05-23T19:29:57.848+0000] {dag.py:3954} INFO - Setting next_dagrun for example_params_trigger_ui to None, run_after=None
[2024-05-23T19:29:57.914+0000] {processor.py:183} INFO - Processing /home/airflow/.local/lib/python3.12/site-packages/airflow/example_dags/example_params_trigger_ui.py took 0.351 seconds
[2024-05-23T19:30:28.502+0000] {processor.py:161} INFO - Started process (PID=654) to work on /home/airflow/.local/lib/python3.12/site-packages/airflow/example_dags/example_params_trigger_ui.py
[2024-05-23T19:30:28.505+0000] {processor.py:830} INFO - Processing file /home/airflow/.local/lib/python3.12/site-packages/airflow/example_dags/example_params_trigger_ui.py for tasks to queue
[2024-05-23T19:30:28.508+0000] {logging_mixin.py:188} INFO - [2024-05-23T19:30:28.508+0000] {dagbag.py:545} INFO - Filling up the DagBag from /home/airflow/.local/lib/python3.12/site-packages/airflow/example_dags/example_params_trigger_ui.py
[2024-05-23T19:30:28.533+0000] {processor.py:840} INFO - DAG(s) 'example_params_trigger_ui' retrieved from /home/airflow/.local/lib/python3.12/site-packages/airflow/example_dags/example_params_trigger_ui.py
[2024-05-23T19:30:28.636+0000] {logging_mixin.py:188} INFO - [2024-05-23T19:30:28.636+0000] {dag.py:3096} INFO - Sync 1 DAGs
[2024-05-23T19:30:28.658+0000] {logging_mixin.py:188} INFO - [2024-05-23T19:30:28.657+0000] {dag.py:3954} INFO - Setting next_dagrun for example_params_trigger_ui to None, run_after=None
[2024-05-23T19:30:28.688+0000] {processor.py:183} INFO - Processing /home/airflow/.local/lib/python3.12/site-packages/airflow/example_dags/example_params_trigger_ui.py took 0.201 seconds
[2024-05-23T19:30:59.153+0000] {processor.py:161} INFO - Started process (PID=916) to work on /home/airflow/.local/lib/python3.12/site-packages/airflow/example_dags/example_params_trigger_ui.py
[2024-05-23T19:30:59.155+0000] {processor.py:830} INFO - Processing file /home/airflow/.local/lib/python3.12/site-packages/airflow/example_dags/example_params_trigger_ui.py for tasks to queue
[2024-05-23T19:30:59.158+0000] {logging_mixin.py:188} INFO - [2024-05-23T19:30:59.158+0000] {dagbag.py:545} INFO - Filling up the DagBag from /home/airflow/.local/lib/python3.12/site-packages/airflow/example_dags/example_params_trigger_ui.py
[2024-05-23T19:30:59.182+0000] {processor.py:840} INFO - DAG(s) 'example_params_trigger_ui' retrieved from /home/airflow/.local/lib/python3.12/site-packages/airflow/example_dags/example_params_trigger_ui.py
[2024-05-23T19:30:59.260+0000] {logging_mixin.py:188} INFO - [2024-05-23T19:30:59.259+0000] {dag.py:3096} INFO - Sync 1 DAGs
[2024-05-23T19:30:59.294+0000] {logging_mixin.py:188} INFO - [2024-05-23T19:30:59.294+0000] {dag.py:3954} INFO - Setting next_dagrun for example_params_trigger_ui to None, run_after=None
[2024-05-23T19:30:59.340+0000] {processor.py:183} INFO - Processing /home/airflow/.local/lib/python3.12/site-packages/airflow/example_dags/example_params_trigger_ui.py took 0.196 seconds
[2024-05-23T19:31:30.100+0000] {processor.py:161} INFO - Started process (PID=1178) to work on /home/airflow/.local/lib/python3.12/site-packages/airflow/example_dags/example_params_trigger_ui.py
[2024-05-23T19:31:30.104+0000] {processor.py:830} INFO - Processing file /home/airflow/.local/lib/python3.12/site-packages/airflow/example_dags/example_params_trigger_ui.py for tasks to queue
[2024-05-23T19:31:30.108+0000] {logging_mixin.py:188} INFO - [2024-05-23T19:31:30.107+0000] {dagbag.py:545} INFO - Filling up the DagBag from /home/airflow/.local/lib/python3.12/site-packages/airflow/example_dags/example_params_trigger_ui.py
[2024-05-23T19:31:30.132+0000] {processor.py:840} INFO - DAG(s) 'example_params_trigger_ui' retrieved from /home/airflow/.local/lib/python3.12/site-packages/airflow/example_dags/example_params_trigger_ui.py
[2024-05-23T19:31:30.210+0000] {logging_mixin.py:188} INFO - [2024-05-23T19:31:30.210+0000] {dag.py:3096} INFO - Sync 1 DAGs
[2024-05-23T19:31:30.232+0000] {logging_mixin.py:188} INFO - [2024-05-23T19:31:30.232+0000] {dag.py:3954} INFO - Setting next_dagrun for example_params_trigger_ui to None, run_after=None
[2024-05-23T19:31:30.261+0000] {processor.py:183} INFO - Processing /home/airflow/.local/lib/python3.12/site-packages/airflow/example_dags/example_params_trigger_ui.py took 0.171 seconds
[2024-05-23T19:32:00.453+0000] {processor.py:161} INFO - Started process (PID=1445) to work on /home/airflow/.local/lib/python3.12/site-packages/airflow/example_dags/example_params_trigger_ui.py
[2024-05-23T19:32:00.454+0000] {processor.py:830} INFO - Processing file /home/airflow/.local/lib/python3.12/site-packages/airflow/example_dags/example_params_trigger_ui.py for tasks to queue
[2024-05-23T19:32:00.457+0000] {logging_mixin.py:188} INFO - [2024-05-23T19:32:00.457+0000] {dagbag.py:545} INFO - Filling up the DagBag from /home/airflow/.local/lib/python3.12/site-packages/airflow/example_dags/example_params_trigger_ui.py
[2024-05-23T19:32:00.479+0000] {processor.py:840} INFO - DAG(s) 'example_params_trigger_ui' retrieved from /home/airflow/.local/lib/python3.12/site-packages/airflow/example_dags/example_params_trigger_ui.py
[2024-05-23T19:32:00.555+0000] {logging_mixin.py:188} INFO - [2024-05-23T19:32:00.555+0000] {dag.py:3096} INFO - Sync 1 DAGs
[2024-05-23T19:32:00.577+0000] {logging_mixin.py:188} INFO - [2024-05-23T19:32:00.576+0000] {dag.py:3954} INFO - Setting next_dagrun for example_params_trigger_ui to None, run_after=None
[2024-05-23T19:32:00.605+0000] {processor.py:183} INFO - Processing /home/airflow/.local/lib/python3.12/site-packages/airflow/example_dags/example_params_trigger_ui.py took 0.162 seconds
[2024-05-23T19:32:31.053+0000] {processor.py:161} INFO - Started process (PID=1702) to work on /home/airflow/.local/lib/python3.12/site-packages/airflow/example_dags/example_params_trigger_ui.py
[2024-05-23T19:32:31.057+0000] {processor.py:830} INFO - Processing file /home/airflow/.local/lib/python3.12/site-packages/airflow/example_dags/example_params_trigger_ui.py for tasks to queue
[2024-05-23T19:32:31.061+0000] {logging_mixin.py:188} INFO - [2024-05-23T19:32:31.060+0000] {dagbag.py:545} INFO - Filling up the DagBag from /home/airflow/.local/lib/python3.12/site-packages/airflow/example_dags/example_params_trigger_ui.py
[2024-05-23T19:32:31.083+0000] {processor.py:840} INFO - DAG(s) 'example_params_trigger_ui' retrieved from /home/airflow/.local/lib/python3.12/site-packages/airflow/example_dags/example_params_trigger_ui.py
[2024-05-23T19:32:31.168+0000] {logging_mixin.py:188} INFO - [2024-05-23T19:32:31.168+0000] {dag.py:3096} INFO - Sync 1 DAGs
[2024-05-23T19:32:31.191+0000] {logging_mixin.py:188} INFO - [2024-05-23T19:32:31.191+0000] {dag.py:3954} INFO - Setting next_dagrun for example_params_trigger_ui to None, run_after=None
[2024-05-23T19:32:31.225+0000] {processor.py:183} INFO - Processing /home/airflow/.local/lib/python3.12/site-packages/airflow/example_dags/example_params_trigger_ui.py took 0.182 seconds
[2024-05-23T19:33:01.281+0000] {processor.py:161} INFO - Started process (PID=1965) to work on /home/airflow/.local/lib/python3.12/site-packages/airflow/example_dags/example_params_trigger_ui.py
[2024-05-23T19:33:01.283+0000] {processor.py:830} INFO - Processing file /home/airflow/.local/lib/python3.12/site-packages/airflow/example_dags/example_params_trigger_ui.py for tasks to queue
[2024-05-23T19:33:01.286+0000] {logging_mixin.py:188} INFO - [2024-05-23T19:33:01.285+0000] {dagbag.py:545} INFO - Filling up the DagBag from /home/airflow/.local/lib/python3.12/site-packages/airflow/example_dags/example_params_trigger_ui.py
[2024-05-23T19:33:01.307+0000] {processor.py:840} INFO - DAG(s) 'example_params_trigger_ui' retrieved from /home/airflow/.local/lib/python3.12/site-packages/airflow/example_dags/example_params_trigger_ui.py
[2024-05-23T19:33:01.385+0000] {logging_mixin.py:188} INFO - [2024-05-23T19:33:01.385+0000] {dag.py:3096} INFO - Sync 1 DAGs
[2024-05-23T19:33:01.409+0000] {logging_mixin.py:188} INFO - [2024-05-23T19:33:01.409+0000] {dag.py:3954} INFO - Setting next_dagrun for example_params_trigger_ui to None, run_after=None
[2024-05-23T19:33:01.437+0000] {processor.py:183} INFO - Processing /home/airflow/.local/lib/python3.12/site-packages/airflow/example_dags/example_params_trigger_ui.py took 0.165 seconds
[2024-05-23T19:33:31.813+0000] {processor.py:161} INFO - Started process (PID=2226) to work on /home/airflow/.local/lib/python3.12/site-packages/airflow/example_dags/example_params_trigger_ui.py
[2024-05-23T19:33:31.837+0000] {processor.py:830} INFO - Processing file /home/airflow/.local/lib/python3.12/site-packages/airflow/example_dags/example_params_trigger_ui.py for tasks to queue
[2024-05-23T19:33:31.875+0000] {logging_mixin.py:188} INFO - [2024-05-23T19:33:31.875+0000] {dagbag.py:545} INFO - Filling up the DagBag from /home/airflow/.local/lib/python3.12/site-packages/airflow/example_dags/example_params_trigger_ui.py
[2024-05-23T19:33:31.897+0000] {processor.py:840} INFO - DAG(s) 'example_params_trigger_ui' retrieved from /home/airflow/.local/lib/python3.12/site-packages/airflow/example_dags/example_params_trigger_ui.py
[2024-05-23T19:33:31.987+0000] {logging_mixin.py:188} INFO - [2024-05-23T19:33:31.987+0000] {dag.py:3096} INFO - Sync 1 DAGs
[2024-05-23T19:33:32.009+0000] {logging_mixin.py:188} INFO - [2024-05-23T19:33:32.009+0000] {dag.py:3954} INFO - Setting next_dagrun for example_params_trigger_ui to None, run_after=None
[2024-05-23T19:33:32.039+0000] {processor.py:183} INFO - Processing /home/airflow/.local/lib/python3.12/site-packages/airflow/example_dags/example_params_trigger_ui.py took 0.235 seconds
[2024-05-23T19:34:02.499+0000] {processor.py:161} INFO - Started process (PID=2488) to work on /home/airflow/.local/lib/python3.12/site-packages/airflow/example_dags/example_params_trigger_ui.py
[2024-05-23T19:34:02.503+0000] {processor.py:830} INFO - Processing file /home/airflow/.local/lib/python3.12/site-packages/airflow/example_dags/example_params_trigger_ui.py for tasks to queue
[2024-05-23T19:34:02.508+0000] {logging_mixin.py:188} INFO - [2024-05-23T19:34:02.507+0000] {dagbag.py:545} INFO - Filling up the DagBag from /home/airflow/.local/lib/python3.12/site-packages/airflow/example_dags/example_params_trigger_ui.py
[2024-05-23T19:34:02.531+0000] {processor.py:840} INFO - DAG(s) 'example_params_trigger_ui' retrieved from /home/airflow/.local/lib/python3.12/site-packages/airflow/example_dags/example_params_trigger_ui.py
[2024-05-23T19:34:02.653+0000] {logging_mixin.py:188} INFO - [2024-05-23T19:34:02.652+0000] {dag.py:3096} INFO - Sync 1 DAGs
[2024-05-23T19:34:02.675+0000] {logging_mixin.py:188} INFO - [2024-05-23T19:34:02.675+0000] {dag.py:3954} INFO - Setting next_dagrun for example_params_trigger_ui to None, run_after=None
[2024-05-23T19:34:02.708+0000] {processor.py:183} INFO - Processing /home/airflow/.local/lib/python3.12/site-packages/airflow/example_dags/example_params_trigger_ui.py took 0.220 seconds
[2024-05-23T19:34:32.774+0000] {processor.py:161} INFO - Started process (PID=2749) to work on /home/airflow/.local/lib/python3.12/site-packages/airflow/example_dags/example_params_trigger_ui.py
[2024-05-23T19:34:32.776+0000] {processor.py:830} INFO - Processing file /home/airflow/.local/lib/python3.12/site-packages/airflow/example_dags/example_params_trigger_ui.py for tasks to queue
[2024-05-23T19:34:32.780+0000] {logging_mixin.py:188} INFO - [2024-05-23T19:34:32.779+0000] {dagbag.py:545} INFO - Filling up the DagBag from /home/airflow/.local/lib/python3.12/site-packages/airflow/example_dags/example_params_trigger_ui.py
[2024-05-23T19:34:32.802+0000] {processor.py:840} INFO - DAG(s) 'example_params_trigger_ui' retrieved from /home/airflow/.local/lib/python3.12/site-packages/airflow/example_dags/example_params_trigger_ui.py
[2024-05-23T19:34:32.879+0000] {logging_mixin.py:188} INFO - [2024-05-23T19:34:32.879+0000] {dag.py:3096} INFO - Sync 1 DAGs
[2024-05-23T19:34:32.900+0000] {logging_mixin.py:188} INFO - [2024-05-23T19:34:32.900+0000] {dag.py:3954} INFO - Setting next_dagrun for example_params_trigger_ui to None, run_after=None
[2024-05-23T19:34:32.929+0000] {processor.py:183} INFO - Processing /home/airflow/.local/lib/python3.12/site-packages/airflow/example_dags/example_params_trigger_ui.py took 0.165 seconds
[2024-05-23T19:35:03.476+0000] {processor.py:161} INFO - Started process (PID=3036) to work on /home/airflow/.local/lib/python3.12/site-packages/airflow/example_dags/example_params_trigger_ui.py
[2024-05-23T19:35:03.478+0000] {processor.py:830} INFO - Processing file /home/airflow/.local/lib/python3.12/site-packages/airflow/example_dags/example_params_trigger_ui.py for tasks to queue
[2024-05-23T19:35:03.481+0000] {logging_mixin.py:188} INFO - [2024-05-23T19:35:03.480+0000] {dagbag.py:545} INFO - Filling up the DagBag from /home/airflow/.local/lib/python3.12/site-packages/airflow/example_dags/example_params_trigger_ui.py
[2024-05-23T19:35:03.504+0000] {processor.py:840} INFO - DAG(s) 'example_params_trigger_ui' retrieved from /home/airflow/.local/lib/python3.12/site-packages/airflow/example_dags/example_params_trigger_ui.py
[2024-05-23T19:35:03.580+0000] {logging_mixin.py:188} INFO - [2024-05-23T19:35:03.579+0000] {dag.py:3096} INFO - Sync 1 DAGs
[2024-05-23T19:35:03.602+0000] {logging_mixin.py:188} INFO - [2024-05-23T19:35:03.601+0000] {dag.py:3954} INFO - Setting next_dagrun for example_params_trigger_ui to None, run_after=None
[2024-05-23T19:35:03.633+0000] {processor.py:183} INFO - Processing /home/airflow/.local/lib/python3.12/site-packages/airflow/example_dags/example_params_trigger_ui.py took 0.166 seconds
[2024-05-23T19:35:33.944+0000] {processor.py:161} INFO - Started process (PID=3298) to work on /home/airflow/.local/lib/python3.12/site-packages/airflow/example_dags/example_params_trigger_ui.py
[2024-05-23T19:35:33.946+0000] {processor.py:830} INFO - Processing file /home/airflow/.local/lib/python3.12/site-packages/airflow/example_dags/example_params_trigger_ui.py for tasks to queue
[2024-05-23T19:35:33.951+0000] {logging_mixin.py:188} INFO - [2024-05-23T19:35:33.950+0000] {dagbag.py:545} INFO - Filling up the DagBag from /home/airflow/.local/lib/python3.12/site-packages/airflow/example_dags/example_params_trigger_ui.py
[2024-05-23T19:35:33.980+0000] {processor.py:840} INFO - DAG(s) 'example_params_trigger_ui' retrieved from /home/airflow/.local/lib/python3.12/site-packages/airflow/example_dags/example_params_trigger_ui.py
[2024-05-23T19:35:34.077+0000] {logging_mixin.py:188} INFO - [2024-05-23T19:35:34.077+0000] {dag.py:3096} INFO - Sync 1 DAGs
[2024-05-23T19:35:34.103+0000] {logging_mixin.py:188} INFO - [2024-05-23T19:35:34.102+0000] {dag.py:3954} INFO - Setting next_dagrun for example_params_trigger_ui to None, run_after=None
[2024-05-23T19:35:34.138+0000] {processor.py:183} INFO - Processing /home/airflow/.local/lib/python3.12/site-packages/airflow/example_dags/example_params_trigger_ui.py took 0.208 seconds
[2024-05-23T19:36:04.195+0000] {processor.py:161} INFO - Started process (PID=3560) to work on /home/airflow/.local/lib/python3.12/site-packages/airflow/example_dags/example_params_trigger_ui.py
[2024-05-23T19:36:04.197+0000] {processor.py:830} INFO - Processing file /home/airflow/.local/lib/python3.12/site-packages/airflow/example_dags/example_params_trigger_ui.py for tasks to queue
[2024-05-23T19:36:04.200+0000] {logging_mixin.py:188} INFO - [2024-05-23T19:36:04.200+0000] {dagbag.py:545} INFO - Filling up the DagBag from /home/airflow/.local/lib/python3.12/site-packages/airflow/example_dags/example_params_trigger_ui.py
[2024-05-23T19:36:04.219+0000] {processor.py:840} INFO - DAG(s) 'example_params_trigger_ui' retrieved from /home/airflow/.local/lib/python3.12/site-packages/airflow/example_dags/example_params_trigger_ui.py
[2024-05-23T19:36:04.286+0000] {logging_mixin.py:188} INFO - [2024-05-23T19:36:04.286+0000] {dag.py:3096} INFO - Sync 1 DAGs
[2024-05-23T19:36:04.304+0000] {logging_mixin.py:188} INFO - [2024-05-23T19:36:04.304+0000] {dag.py:3954} INFO - Setting next_dagrun for example_params_trigger_ui to None, run_after=None
[2024-05-23T19:36:04.329+0000] {processor.py:183} INFO - Processing /home/airflow/.local/lib/python3.12/site-packages/airflow/example_dags/example_params_trigger_ui.py took 0.143 seconds
[2024-05-23T19:36:34.494+0000] {processor.py:161} INFO - Started process (PID=3822) to work on /home/airflow/.local/lib/python3.12/site-packages/airflow/example_dags/example_params_trigger_ui.py
[2024-05-23T19:36:34.496+0000] {processor.py:830} INFO - Processing file /home/airflow/.local/lib/python3.12/site-packages/airflow/example_dags/example_params_trigger_ui.py for tasks to queue
[2024-05-23T19:36:34.499+0000] {logging_mixin.py:188} INFO - [2024-05-23T19:36:34.498+0000] {dagbag.py:545} INFO - Filling up the DagBag from /home/airflow/.local/lib/python3.12/site-packages/airflow/example_dags/example_params_trigger_ui.py
[2024-05-23T19:36:34.516+0000] {processor.py:840} INFO - DAG(s) 'example_params_trigger_ui' retrieved from /home/airflow/.local/lib/python3.12/site-packages/airflow/example_dags/example_params_trigger_ui.py
[2024-05-23T19:36:34.583+0000] {logging_mixin.py:188} INFO - [2024-05-23T19:36:34.583+0000] {dag.py:3096} INFO - Sync 1 DAGs
[2024-05-23T19:36:34.602+0000] {logging_mixin.py:188} INFO - [2024-05-23T19:36:34.601+0000] {dag.py:3954} INFO - Setting next_dagrun for example_params_trigger_ui to None, run_after=None
[2024-05-23T19:36:34.623+0000] {processor.py:183} INFO - Processing /home/airflow/.local/lib/python3.12/site-packages/airflow/example_dags/example_params_trigger_ui.py took 0.138 seconds
[2024-05-23T19:37:05.114+0000] {processor.py:161} INFO - Started process (PID=4084) to work on /home/airflow/.local/lib/python3.12/site-packages/airflow/example_dags/example_params_trigger_ui.py
[2024-05-23T19:37:05.116+0000] {processor.py:830} INFO - Processing file /home/airflow/.local/lib/python3.12/site-packages/airflow/example_dags/example_params_trigger_ui.py for tasks to queue
[2024-05-23T19:37:05.119+0000] {logging_mixin.py:188} INFO - [2024-05-23T19:37:05.118+0000] {dagbag.py:545} INFO - Filling up the DagBag from /home/airflow/.local/lib/python3.12/site-packages/airflow/example_dags/example_params_trigger_ui.py
[2024-05-23T19:37:05.141+0000] {processor.py:840} INFO - DAG(s) 'example_params_trigger_ui' retrieved from /home/airflow/.local/lib/python3.12/site-packages/airflow/example_dags/example_params_trigger_ui.py
[2024-05-23T19:37:05.209+0000] {logging_mixin.py:188} INFO - [2024-05-23T19:37:05.208+0000] {dag.py:3096} INFO - Sync 1 DAGs
[2024-05-23T19:37:05.228+0000] {logging_mixin.py:188} INFO - [2024-05-23T19:37:05.228+0000] {dag.py:3954} INFO - Setting next_dagrun for example_params_trigger_ui to None, run_after=None
[2024-05-23T19:37:05.259+0000] {processor.py:183} INFO - Processing /home/airflow/.local/lib/python3.12/site-packages/airflow/example_dags/example_params_trigger_ui.py took 0.153 seconds
[2024-05-23T19:37:36.071+0000] {processor.py:161} INFO - Started process (PID=4348) to work on /home/airflow/.local/lib/python3.12/site-packages/airflow/example_dags/example_params_trigger_ui.py
[2024-05-23T19:37:36.072+0000] {processor.py:830} INFO - Processing file /home/airflow/.local/lib/python3.12/site-packages/airflow/example_dags/example_params_trigger_ui.py for tasks to queue
[2024-05-23T19:37:36.075+0000] {logging_mixin.py:188} INFO - [2024-05-23T19:37:36.075+0000] {dagbag.py:545} INFO - Filling up the DagBag from /home/airflow/.local/lib/python3.12/site-packages/airflow/example_dags/example_params_trigger_ui.py
[2024-05-23T19:37:36.096+0000] {processor.py:840} INFO - DAG(s) 'example_params_trigger_ui' retrieved from /home/airflow/.local/lib/python3.12/site-packages/airflow/example_dags/example_params_trigger_ui.py
[2024-05-23T19:37:36.173+0000] {logging_mixin.py:188} INFO - [2024-05-23T19:37:36.173+0000] {dag.py:3096} INFO - Sync 1 DAGs
[2024-05-23T19:37:36.194+0000] {logging_mixin.py:188} INFO - [2024-05-23T19:37:36.194+0000] {dag.py:3954} INFO - Setting next_dagrun for example_params_trigger_ui to None, run_after=None
[2024-05-23T19:37:36.223+0000] {processor.py:183} INFO - Processing /home/airflow/.local/lib/python3.12/site-packages/airflow/example_dags/example_params_trigger_ui.py took 0.161 seconds
[2024-05-23T19:38:06.839+0000] {processor.py:161} INFO - Started process (PID=4608) to work on /home/airflow/.local/lib/python3.12/site-packages/airflow/example_dags/example_params_trigger_ui.py
[2024-05-23T19:38:06.841+0000] {processor.py:830} INFO - Processing file /home/airflow/.local/lib/python3.12/site-packages/airflow/example_dags/example_params_trigger_ui.py for tasks to queue
[2024-05-23T19:38:06.845+0000] {logging_mixin.py:188} INFO - [2024-05-23T19:38:06.844+0000] {dagbag.py:545} INFO - Filling up the DagBag from /home/airflow/.local/lib/python3.12/site-packages/airflow/example_dags/example_params_trigger_ui.py
[2024-05-23T19:38:06.868+0000] {processor.py:840} INFO - DAG(s) 'example_params_trigger_ui' retrieved from /home/airflow/.local/lib/python3.12/site-packages/airflow/example_dags/example_params_trigger_ui.py
[2024-05-23T19:38:06.942+0000] {logging_mixin.py:188} INFO - [2024-05-23T19:38:06.941+0000] {dag.py:3096} INFO - Sync 1 DAGs
[2024-05-23T19:38:06.963+0000] {logging_mixin.py:188} INFO - [2024-05-23T19:38:06.962+0000] {dag.py:3954} INFO - Setting next_dagrun for example_params_trigger_ui to None, run_after=None
[2024-05-23T19:38:06.989+0000] {processor.py:183} INFO - Processing /home/airflow/.local/lib/python3.12/site-packages/airflow/example_dags/example_params_trigger_ui.py took 0.159 seconds
[2024-05-23T19:38:37.272+0000] {processor.py:161} INFO - Started process (PID=4870) to work on /home/airflow/.local/lib/python3.12/site-packages/airflow/example_dags/example_params_trigger_ui.py
[2024-05-23T19:38:37.275+0000] {processor.py:830} INFO - Processing file /home/airflow/.local/lib/python3.12/site-packages/airflow/example_dags/example_params_trigger_ui.py for tasks to queue
[2024-05-23T19:38:37.278+0000] {logging_mixin.py:188} INFO - [2024-05-23T19:38:37.277+0000] {dagbag.py:545} INFO - Filling up the DagBag from /home/airflow/.local/lib/python3.12/site-packages/airflow/example_dags/example_params_trigger_ui.py
[2024-05-23T19:38:37.299+0000] {processor.py:840} INFO - DAG(s) 'example_params_trigger_ui' retrieved from /home/airflow/.local/lib/python3.12/site-packages/airflow/example_dags/example_params_trigger_ui.py
[2024-05-23T19:38:37.372+0000] {logging_mixin.py:188} INFO - [2024-05-23T19:38:37.371+0000] {dag.py:3096} INFO - Sync 1 DAGs
[2024-05-23T19:38:37.393+0000] {logging_mixin.py:188} INFO - [2024-05-23T19:38:37.393+0000] {dag.py:3954} INFO - Setting next_dagrun for example_params_trigger_ui to None, run_after=None
[2024-05-23T19:38:37.420+0000] {processor.py:183} INFO - Processing /home/airflow/.local/lib/python3.12/site-packages/airflow/example_dags/example_params_trigger_ui.py took 0.157 seconds
[2024-05-23T19:39:07.940+0000] {processor.py:161} INFO - Started process (PID=5132) to work on /home/airflow/.local/lib/python3.12/site-packages/airflow/example_dags/example_params_trigger_ui.py
[2024-05-23T19:39:07.943+0000] {processor.py:830} INFO - Processing file /home/airflow/.local/lib/python3.12/site-packages/airflow/example_dags/example_params_trigger_ui.py for tasks to queue
[2024-05-23T19:39:07.946+0000] {logging_mixin.py:188} INFO - [2024-05-23T19:39:07.946+0000] {dagbag.py:545} INFO - Filling up the DagBag from /home/airflow/.local/lib/python3.12/site-packages/airflow/example_dags/example_params_trigger_ui.py
[2024-05-23T19:39:07.967+0000] {processor.py:840} INFO - DAG(s) 'example_params_trigger_ui' retrieved from /home/airflow/.local/lib/python3.12/site-packages/airflow/example_dags/example_params_trigger_ui.py
[2024-05-23T19:39:08.045+0000] {logging_mixin.py:188} INFO - [2024-05-23T19:39:08.044+0000] {dag.py:3096} INFO - Sync 1 DAGs
[2024-05-23T19:39:08.065+0000] {logging_mixin.py:188} INFO - [2024-05-23T19:39:08.065+0000] {dag.py:3954} INFO - Setting next_dagrun for example_params_trigger_ui to None, run_after=None
[2024-05-23T19:39:08.095+0000] {processor.py:183} INFO - Processing /home/airflow/.local/lib/python3.12/site-packages/airflow/example_dags/example_params_trigger_ui.py took 0.166 seconds
[2024-05-23T19:39:38.501+0000] {processor.py:161} INFO - Started process (PID=5394) to work on /home/airflow/.local/lib/python3.12/site-packages/airflow/example_dags/example_params_trigger_ui.py
[2024-05-23T19:39:38.503+0000] {processor.py:830} INFO - Processing file /home/airflow/.local/lib/python3.12/site-packages/airflow/example_dags/example_params_trigger_ui.py for tasks to queue
[2024-05-23T19:39:38.506+0000] {logging_mixin.py:188} INFO - [2024-05-23T19:39:38.505+0000] {dagbag.py:545} INFO - Filling up the DagBag from /home/airflow/.local/lib/python3.12/site-packages/airflow/example_dags/example_params_trigger_ui.py
[2024-05-23T19:39:38.527+0000] {processor.py:840} INFO - DAG(s) 'example_params_trigger_ui' retrieved from /home/airflow/.local/lib/python3.12/site-packages/airflow/example_dags/example_params_trigger_ui.py
[2024-05-23T19:39:38.600+0000] {logging_mixin.py:188} INFO - [2024-05-23T19:39:38.600+0000] {dag.py:3096} INFO - Sync 1 DAGs
[2024-05-23T19:39:38.619+0000] {logging_mixin.py:188} INFO - [2024-05-23T19:39:38.619+0000] {dag.py:3954} INFO - Setting next_dagrun for example_params_trigger_ui to None, run_after=None
[2024-05-23T19:39:38.647+0000] {processor.py:183} INFO - Processing /home/airflow/.local/lib/python3.12/site-packages/airflow/example_dags/example_params_trigger_ui.py took 0.154 seconds
[2024-05-23T19:40:09.225+0000] {processor.py:161} INFO - Started process (PID=5658) to work on /home/airflow/.local/lib/python3.12/site-packages/airflow/example_dags/example_params_trigger_ui.py
[2024-05-23T19:40:09.226+0000] {processor.py:830} INFO - Processing file /home/airflow/.local/lib/python3.12/site-packages/airflow/example_dags/example_params_trigger_ui.py for tasks to queue
[2024-05-23T19:40:09.229+0000] {logging_mixin.py:188} INFO - [2024-05-23T19:40:09.228+0000] {dagbag.py:545} INFO - Filling up the DagBag from /home/airflow/.local/lib/python3.12/site-packages/airflow/example_dags/example_params_trigger_ui.py
[2024-05-23T19:40:09.250+0000] {processor.py:840} INFO - DAG(s) 'example_params_trigger_ui' retrieved from /home/airflow/.local/lib/python3.12/site-packages/airflow/example_dags/example_params_trigger_ui.py
[2024-05-23T19:40:09.326+0000] {logging_mixin.py:188} INFO - [2024-05-23T19:40:09.326+0000] {dag.py:3096} INFO - Sync 1 DAGs
[2024-05-23T19:40:09.346+0000] {logging_mixin.py:188} INFO - [2024-05-23T19:40:09.346+0000] {dag.py:3954} INFO - Setting next_dagrun for example_params_trigger_ui to None, run_after=None
[2024-05-23T19:40:09.373+0000] {processor.py:183} INFO - Processing /home/airflow/.local/lib/python3.12/site-packages/airflow/example_dags/example_params_trigger_ui.py took 0.156 seconds
[2024-05-23T19:40:39.950+0000] {processor.py:161} INFO - Started process (PID=5918) to work on /home/airflow/.local/lib/python3.12/site-packages/airflow/example_dags/example_params_trigger_ui.py
[2024-05-23T19:40:39.972+0000] {processor.py:830} INFO - Processing file /home/airflow/.local/lib/python3.12/site-packages/airflow/example_dags/example_params_trigger_ui.py for tasks to queue
[2024-05-23T19:40:39.975+0000] {logging_mixin.py:188} INFO - [2024-05-23T19:40:39.975+0000] {dagbag.py:545} INFO - Filling up the DagBag from /home/airflow/.local/lib/python3.12/site-packages/airflow/example_dags/example_params_trigger_ui.py
[2024-05-23T19:40:39.998+0000] {processor.py:840} INFO - DAG(s) 'example_params_trigger_ui' retrieved from /home/airflow/.local/lib/python3.12/site-packages/airflow/example_dags/example_params_trigger_ui.py
[2024-05-23T19:40:40.076+0000] {logging_mixin.py:188} INFO - [2024-05-23T19:40:40.076+0000] {dag.py:3096} INFO - Sync 1 DAGs
[2024-05-23T19:40:40.097+0000] {logging_mixin.py:188} INFO - [2024-05-23T19:40:40.096+0000] {dag.py:3954} INFO - Setting next_dagrun for example_params_trigger_ui to None, run_after=None
[2024-05-23T19:40:40.126+0000] {processor.py:183} INFO - Processing /home/airflow/.local/lib/python3.12/site-packages/airflow/example_dags/example_params_trigger_ui.py took 0.186 seconds
[2024-05-23T19:41:10.595+0000] {processor.py:161} INFO - Started process (PID=6180) to work on /home/airflow/.local/lib/python3.12/site-packages/airflow/example_dags/example_params_trigger_ui.py
[2024-05-23T19:41:10.597+0000] {processor.py:830} INFO - Processing file /home/airflow/.local/lib/python3.12/site-packages/airflow/example_dags/example_params_trigger_ui.py for tasks to queue
[2024-05-23T19:41:10.600+0000] {logging_mixin.py:188} INFO - [2024-05-23T19:41:10.599+0000] {dagbag.py:545} INFO - Filling up the DagBag from /home/airflow/.local/lib/python3.12/site-packages/airflow/example_dags/example_params_trigger_ui.py
[2024-05-23T19:41:10.622+0000] {processor.py:840} INFO - DAG(s) 'example_params_trigger_ui' retrieved from /home/airflow/.local/lib/python3.12/site-packages/airflow/example_dags/example_params_trigger_ui.py
[2024-05-23T19:41:10.707+0000] {logging_mixin.py:188} INFO - [2024-05-23T19:41:10.706+0000] {dag.py:3096} INFO - Sync 1 DAGs
[2024-05-23T19:41:10.729+0000] {logging_mixin.py:188} INFO - [2024-05-23T19:41:10.728+0000] {dag.py:3954} INFO - Setting next_dagrun for example_params_trigger_ui to None, run_after=None
[2024-05-23T19:41:10.762+0000] {processor.py:183} INFO - Processing /home/airflow/.local/lib/python3.12/site-packages/airflow/example_dags/example_params_trigger_ui.py took 0.180 seconds
[2024-05-23T19:41:41.525+0000] {processor.py:161} INFO - Started process (PID=6442) to work on /home/airflow/.local/lib/python3.12/site-packages/airflow/example_dags/example_params_trigger_ui.py
[2024-05-23T19:41:41.532+0000] {processor.py:830} INFO - Processing file /home/airflow/.local/lib/python3.12/site-packages/airflow/example_dags/example_params_trigger_ui.py for tasks to queue
[2024-05-23T19:41:41.543+0000] {logging_mixin.py:188} INFO - [2024-05-23T19:41:41.542+0000] {dagbag.py:545} INFO - Filling up the DagBag from /home/airflow/.local/lib/python3.12/site-packages/airflow/example_dags/example_params_trigger_ui.py
[2024-05-23T19:41:41.587+0000] {processor.py:840} INFO - DAG(s) 'example_params_trigger_ui' retrieved from /home/airflow/.local/lib/python3.12/site-packages/airflow/example_dags/example_params_trigger_ui.py
[2024-05-23T19:41:41.734+0000] {logging_mixin.py:188} INFO - [2024-05-23T19:41:41.733+0000] {dag.py:3096} INFO - Sync 1 DAGs
[2024-05-23T19:41:41.766+0000] {logging_mixin.py:188} INFO - [2024-05-23T19:41:41.765+0000] {dag.py:3954} INFO - Setting next_dagrun for example_params_trigger_ui to None, run_after=None
[2024-05-23T19:41:41.816+0000] {processor.py:183} INFO - Processing /home/airflow/.local/lib/python3.12/site-packages/airflow/example_dags/example_params_trigger_ui.py took 0.308 seconds
[2024-05-23T19:42:11.903+0000] {processor.py:161} INFO - Started process (PID=6703) to work on /home/airflow/.local/lib/python3.12/site-packages/airflow/example_dags/example_params_trigger_ui.py
[2024-05-23T19:42:11.904+0000] {processor.py:830} INFO - Processing file /home/airflow/.local/lib/python3.12/site-packages/airflow/example_dags/example_params_trigger_ui.py for tasks to queue
[2024-05-23T19:42:11.907+0000] {logging_mixin.py:188} INFO - [2024-05-23T19:42:11.907+0000] {dagbag.py:545} INFO - Filling up the DagBag from /home/airflow/.local/lib/python3.12/site-packages/airflow/example_dags/example_params_trigger_ui.py
[2024-05-23T19:42:11.930+0000] {processor.py:840} INFO - DAG(s) 'example_params_trigger_ui' retrieved from /home/airflow/.local/lib/python3.12/site-packages/airflow/example_dags/example_params_trigger_ui.py
[2024-05-23T19:42:12.002+0000] {logging_mixin.py:188} INFO - [2024-05-23T19:42:12.002+0000] {dag.py:3096} INFO - Sync 1 DAGs
[2024-05-23T19:42:12.023+0000] {logging_mixin.py:188} INFO - [2024-05-23T19:42:12.023+0000] {dag.py:3954} INFO - Setting next_dagrun for example_params_trigger_ui to None, run_after=None
[2024-05-23T19:42:12.050+0000] {processor.py:183} INFO - Processing /home/airflow/.local/lib/python3.12/site-packages/airflow/example_dags/example_params_trigger_ui.py took 0.157 seconds
[2024-05-23T19:42:42.137+0000] {processor.py:161} INFO - Started process (PID=6967) to work on /home/airflow/.local/lib/python3.12/site-packages/airflow/example_dags/example_params_trigger_ui.py
[2024-05-23T19:42:42.138+0000] {processor.py:830} INFO - Processing file /home/airflow/.local/lib/python3.12/site-packages/airflow/example_dags/example_params_trigger_ui.py for tasks to queue
[2024-05-23T19:42:42.141+0000] {logging_mixin.py:188} INFO - [2024-05-23T19:42:42.141+0000] {dagbag.py:545} INFO - Filling up the DagBag from /home/airflow/.local/lib/python3.12/site-packages/airflow/example_dags/example_params_trigger_ui.py
[2024-05-23T19:42:42.160+0000] {processor.py:840} INFO - DAG(s) 'example_params_trigger_ui' retrieved from /home/airflow/.local/lib/python3.12/site-packages/airflow/example_dags/example_params_trigger_ui.py
[2024-05-23T19:42:42.227+0000] {logging_mixin.py:188} INFO - [2024-05-23T19:42:42.226+0000] {dag.py:3096} INFO - Sync 1 DAGs
[2024-05-23T19:42:42.245+0000] {logging_mixin.py:188} INFO - [2024-05-23T19:42:42.245+0000] {dag.py:3954} INFO - Setting next_dagrun for example_params_trigger_ui to None, run_after=None
[2024-05-23T19:42:42.272+0000] {processor.py:183} INFO - Processing /home/airflow/.local/lib/python3.12/site-packages/airflow/example_dags/example_params_trigger_ui.py took 0.143 seconds
[2024-05-23T19:43:12.458+0000] {processor.py:161} INFO - Started process (PID=7227) to work on /home/airflow/.local/lib/python3.12/site-packages/airflow/example_dags/example_params_trigger_ui.py
[2024-05-23T19:43:12.460+0000] {processor.py:830} INFO - Processing file /home/airflow/.local/lib/python3.12/site-packages/airflow/example_dags/example_params_trigger_ui.py for tasks to queue
[2024-05-23T19:43:12.463+0000] {logging_mixin.py:188} INFO - [2024-05-23T19:43:12.463+0000] {dagbag.py:545} INFO - Filling up the DagBag from /home/airflow/.local/lib/python3.12/site-packages/airflow/example_dags/example_params_trigger_ui.py
[2024-05-23T19:43:12.483+0000] {processor.py:840} INFO - DAG(s) 'example_params_trigger_ui' retrieved from /home/airflow/.local/lib/python3.12/site-packages/airflow/example_dags/example_params_trigger_ui.py
[2024-05-23T19:43:12.554+0000] {logging_mixin.py:188} INFO - [2024-05-23T19:43:12.554+0000] {dag.py:3096} INFO - Sync 1 DAGs
[2024-05-23T19:43:12.574+0000] {logging_mixin.py:188} INFO - [2024-05-23T19:43:12.573+0000] {dag.py:3954} INFO - Setting next_dagrun for example_params_trigger_ui to None, run_after=None
[2024-05-23T19:43:12.601+0000] {processor.py:183} INFO - Processing /home/airflow/.local/lib/python3.12/site-packages/airflow/example_dags/example_params_trigger_ui.py took 0.151 seconds
[2024-05-23T19:43:43.026+0000] {processor.py:161} INFO - Started process (PID=7489) to work on /home/airflow/.local/lib/python3.12/site-packages/airflow/example_dags/example_params_trigger_ui.py
[2024-05-23T19:43:43.028+0000] {processor.py:830} INFO - Processing file /home/airflow/.local/lib/python3.12/site-packages/airflow/example_dags/example_params_trigger_ui.py for tasks to queue
[2024-05-23T19:43:43.032+0000] {logging_mixin.py:188} INFO - [2024-05-23T19:43:43.031+0000] {dagbag.py:545} INFO - Filling up the DagBag from /home/airflow/.local/lib/python3.12/site-packages/airflow/example_dags/example_params_trigger_ui.py
[2024-05-23T19:43:43.057+0000] {processor.py:840} INFO - DAG(s) 'example_params_trigger_ui' retrieved from /home/airflow/.local/lib/python3.12/site-packages/airflow/example_dags/example_params_trigger_ui.py
[2024-05-23T19:43:43.149+0000] {logging_mixin.py:188} INFO - [2024-05-23T19:43:43.149+0000] {dag.py:3096} INFO - Sync 1 DAGs
[2024-05-23T19:43:43.170+0000] {logging_mixin.py:188} INFO - [2024-05-23T19:43:43.170+0000] {dag.py:3954} INFO - Setting next_dagrun for example_params_trigger_ui to None, run_after=None
[2024-05-23T19:43:43.201+0000] {processor.py:183} INFO - Processing /home/airflow/.local/lib/python3.12/site-packages/airflow/example_dags/example_params_trigger_ui.py took 0.184 seconds
[2024-05-23T19:44:13.465+0000] {processor.py:161} INFO - Started process (PID=7751) to work on /home/airflow/.local/lib/python3.12/site-packages/airflow/example_dags/example_params_trigger_ui.py
[2024-05-23T19:44:13.468+0000] {processor.py:830} INFO - Processing file /home/airflow/.local/lib/python3.12/site-packages/airflow/example_dags/example_params_trigger_ui.py for tasks to queue
[2024-05-23T19:44:13.470+0000] {logging_mixin.py:188} INFO - [2024-05-23T19:44:13.470+0000] {dagbag.py:545} INFO - Filling up the DagBag from /home/airflow/.local/lib/python3.12/site-packages/airflow/example_dags/example_params_trigger_ui.py
[2024-05-23T19:44:13.492+0000] {processor.py:840} INFO - DAG(s) 'example_params_trigger_ui' retrieved from /home/airflow/.local/lib/python3.12/site-packages/airflow/example_dags/example_params_trigger_ui.py
[2024-05-23T19:44:13.565+0000] {logging_mixin.py:188} INFO - [2024-05-23T19:44:13.564+0000] {dag.py:3096} INFO - Sync 1 DAGs
[2024-05-23T19:44:13.584+0000] {logging_mixin.py:188} INFO - [2024-05-23T19:44:13.583+0000] {dag.py:3954} INFO - Setting next_dagrun for example_params_trigger_ui to None, run_after=None
[2024-05-23T19:44:13.611+0000] {processor.py:183} INFO - Processing /home/airflow/.local/lib/python3.12/site-packages/airflow/example_dags/example_params_trigger_ui.py took 0.155 seconds
[2024-05-23T19:44:43.938+0000] {processor.py:161} INFO - Started process (PID=8013) to work on /home/airflow/.local/lib/python3.12/site-packages/airflow/example_dags/example_params_trigger_ui.py
[2024-05-23T19:44:43.940+0000] {processor.py:830} INFO - Processing file /home/airflow/.local/lib/python3.12/site-packages/airflow/example_dags/example_params_trigger_ui.py for tasks to queue
[2024-05-23T19:44:43.944+0000] {logging_mixin.py:188} INFO - [2024-05-23T19:44:43.944+0000] {dagbag.py:545} INFO - Filling up the DagBag from /home/airflow/.local/lib/python3.12/site-packages/airflow/example_dags/example_params_trigger_ui.py
[2024-05-23T19:44:43.963+0000] {processor.py:840} INFO - DAG(s) 'example_params_trigger_ui' retrieved from /home/airflow/.local/lib/python3.12/site-packages/airflow/example_dags/example_params_trigger_ui.py
[2024-05-23T19:44:44.031+0000] {logging_mixin.py:188} INFO - [2024-05-23T19:44:44.030+0000] {dag.py:3096} INFO - Sync 1 DAGs
[2024-05-23T19:44:44.053+0000] {logging_mixin.py:188} INFO - [2024-05-23T19:44:44.053+0000] {dag.py:3954} INFO - Setting next_dagrun for example_params_trigger_ui to None, run_after=None
[2024-05-23T19:44:44.077+0000] {processor.py:183} INFO - Processing /home/airflow/.local/lib/python3.12/site-packages/airflow/example_dags/example_params_trigger_ui.py took 0.149 seconds
[2024-05-23T19:45:14.476+0000] {processor.py:161} INFO - Started process (PID=8281) to work on /home/airflow/.local/lib/python3.12/site-packages/airflow/example_dags/example_params_trigger_ui.py
[2024-05-23T19:45:14.477+0000] {processor.py:830} INFO - Processing file /home/airflow/.local/lib/python3.12/site-packages/airflow/example_dags/example_params_trigger_ui.py for tasks to queue
[2024-05-23T19:45:14.480+0000] {logging_mixin.py:188} INFO - [2024-05-23T19:45:14.479+0000] {dagbag.py:545} INFO - Filling up the DagBag from /home/airflow/.local/lib/python3.12/site-packages/airflow/example_dags/example_params_trigger_ui.py
[2024-05-23T19:45:14.506+0000] {processor.py:840} INFO - DAG(s) 'example_params_trigger_ui' retrieved from /home/airflow/.local/lib/python3.12/site-packages/airflow/example_dags/example_params_trigger_ui.py
[2024-05-23T19:45:14.578+0000] {logging_mixin.py:188} INFO - [2024-05-23T19:45:14.578+0000] {dag.py:3096} INFO - Sync 1 DAGs
[2024-05-23T19:45:14.599+0000] {logging_mixin.py:188} INFO - [2024-05-23T19:45:14.599+0000] {dag.py:3954} INFO - Setting next_dagrun for example_params_trigger_ui to None, run_after=None
[2024-05-23T19:45:14.624+0000] {processor.py:183} INFO - Processing /home/airflow/.local/lib/python3.12/site-packages/airflow/example_dags/example_params_trigger_ui.py took 0.158 seconds
[2024-05-23T19:45:45.635+0000] {processor.py:161} INFO - Started process (PID=8545) to work on /home/airflow/.local/lib/python3.12/site-packages/airflow/example_dags/example_params_trigger_ui.py
[2024-05-23T19:45:45.636+0000] {processor.py:830} INFO - Processing file /home/airflow/.local/lib/python3.12/site-packages/airflow/example_dags/example_params_trigger_ui.py for tasks to queue
[2024-05-23T19:45:45.639+0000] {logging_mixin.py:188} INFO - [2024-05-23T19:45:45.638+0000] {dagbag.py:545} INFO - Filling up the DagBag from /home/airflow/.local/lib/python3.12/site-packages/airflow/example_dags/example_params_trigger_ui.py
[2024-05-23T19:45:45.657+0000] {processor.py:840} INFO - DAG(s) 'example_params_trigger_ui' retrieved from /home/airflow/.local/lib/python3.12/site-packages/airflow/example_dags/example_params_trigger_ui.py
[2024-05-23T19:45:45.718+0000] {logging_mixin.py:188} INFO - [2024-05-23T19:45:45.717+0000] {dag.py:3096} INFO - Sync 1 DAGs
[2024-05-23T19:45:45.733+0000] {logging_mixin.py:188} INFO - [2024-05-23T19:45:45.733+0000] {dag.py:3954} INFO - Setting next_dagrun for example_params_trigger_ui to None, run_after=None
[2024-05-23T19:45:45.757+0000] {processor.py:183} INFO - Processing /home/airflow/.local/lib/python3.12/site-packages/airflow/example_dags/example_params_trigger_ui.py took 0.131 seconds
[2024-05-23T19:46:15.816+0000] {processor.py:161} INFO - Started process (PID=8805) to work on /home/airflow/.local/lib/python3.12/site-packages/airflow/example_dags/example_params_trigger_ui.py
[2024-05-23T19:46:15.817+0000] {processor.py:830} INFO - Processing file /home/airflow/.local/lib/python3.12/site-packages/airflow/example_dags/example_params_trigger_ui.py for tasks to queue
[2024-05-23T19:46:15.820+0000] {logging_mixin.py:188} INFO - [2024-05-23T19:46:15.819+0000] {dagbag.py:545} INFO - Filling up the DagBag from /home/airflow/.local/lib/python3.12/site-packages/airflow/example_dags/example_params_trigger_ui.py
[2024-05-23T19:46:15.839+0000] {processor.py:840} INFO - DAG(s) 'example_params_trigger_ui' retrieved from /home/airflow/.local/lib/python3.12/site-packages/airflow/example_dags/example_params_trigger_ui.py
[2024-05-23T19:46:15.910+0000] {logging_mixin.py:188} INFO - [2024-05-23T19:46:15.909+0000] {dag.py:3096} INFO - Sync 1 DAGs
[2024-05-23T19:46:15.930+0000] {logging_mixin.py:188} INFO - [2024-05-23T19:46:15.930+0000] {dag.py:3954} INFO - Setting next_dagrun for example_params_trigger_ui to None, run_after=None
[2024-05-23T19:46:15.956+0000] {processor.py:183} INFO - Processing /home/airflow/.local/lib/python3.12/site-packages/airflow/example_dags/example_params_trigger_ui.py took 0.149 seconds
[2024-05-23T19:46:46.211+0000] {processor.py:161} INFO - Started process (PID=9067) to work on /home/airflow/.local/lib/python3.12/site-packages/airflow/example_dags/example_params_trigger_ui.py
[2024-05-23T19:46:46.213+0000] {processor.py:830} INFO - Processing file /home/airflow/.local/lib/python3.12/site-packages/airflow/example_dags/example_params_trigger_ui.py for tasks to queue
[2024-05-23T19:46:46.215+0000] {logging_mixin.py:188} INFO - [2024-05-23T19:46:46.215+0000] {dagbag.py:545} INFO - Filling up the DagBag from /home/airflow/.local/lib/python3.12/site-packages/airflow/example_dags/example_params_trigger_ui.py
[2024-05-23T19:46:46.233+0000] {processor.py:840} INFO - DAG(s) 'example_params_trigger_ui' retrieved from /home/airflow/.local/lib/python3.12/site-packages/airflow/example_dags/example_params_trigger_ui.py
[2024-05-23T19:46:46.298+0000] {logging_mixin.py:188} INFO - [2024-05-23T19:46:46.298+0000] {dag.py:3096} INFO - Sync 1 DAGs
[2024-05-23T19:46:46.314+0000] {logging_mixin.py:188} INFO - [2024-05-23T19:46:46.314+0000] {dag.py:3954} INFO - Setting next_dagrun for example_params_trigger_ui to None, run_after=None
[2024-05-23T19:46:46.333+0000] {processor.py:183} INFO - Processing /home/airflow/.local/lib/python3.12/site-packages/airflow/example_dags/example_params_trigger_ui.py took 0.130 seconds
[2024-05-23T19:47:17.373+0000] {processor.py:161} INFO - Started process (PID=9331) to work on /home/airflow/.local/lib/python3.12/site-packages/airflow/example_dags/example_params_trigger_ui.py
[2024-05-23T19:47:17.374+0000] {processor.py:830} INFO - Processing file /home/airflow/.local/lib/python3.12/site-packages/airflow/example_dags/example_params_trigger_ui.py for tasks to queue
[2024-05-23T19:47:17.377+0000] {logging_mixin.py:188} INFO - [2024-05-23T19:47:17.377+0000] {dagbag.py:545} INFO - Filling up the DagBag from /home/airflow/.local/lib/python3.12/site-packages/airflow/example_dags/example_params_trigger_ui.py
[2024-05-23T19:47:17.395+0000] {processor.py:840} INFO - DAG(s) 'example_params_trigger_ui' retrieved from /home/airflow/.local/lib/python3.12/site-packages/airflow/example_dags/example_params_trigger_ui.py
[2024-05-23T19:47:17.453+0000] {logging_mixin.py:188} INFO - [2024-05-23T19:47:17.453+0000] {dag.py:3096} INFO - Sync 1 DAGs
[2024-05-23T19:47:17.466+0000] {logging_mixin.py:188} INFO - [2024-05-23T19:47:17.466+0000] {dag.py:3954} INFO - Setting next_dagrun for example_params_trigger_ui to None, run_after=None
[2024-05-23T19:47:17.485+0000] {processor.py:183} INFO - Processing /home/airflow/.local/lib/python3.12/site-packages/airflow/example_dags/example_params_trigger_ui.py took 0.120 seconds
[2024-05-23T19:47:48.561+0000] {processor.py:161} INFO - Started process (PID=9591) to work on /home/airflow/.local/lib/python3.12/site-packages/airflow/example_dags/example_params_trigger_ui.py
[2024-05-23T19:47:48.562+0000] {processor.py:830} INFO - Processing file /home/airflow/.local/lib/python3.12/site-packages/airflow/example_dags/example_params_trigger_ui.py for tasks to queue
[2024-05-23T19:47:48.565+0000] {logging_mixin.py:188} INFO - [2024-05-23T19:47:48.564+0000] {dagbag.py:545} INFO - Filling up the DagBag from /home/airflow/.local/lib/python3.12/site-packages/airflow/example_dags/example_params_trigger_ui.py
[2024-05-23T19:47:48.584+0000] {processor.py:840} INFO - DAG(s) 'example_params_trigger_ui' retrieved from /home/airflow/.local/lib/python3.12/site-packages/airflow/example_dags/example_params_trigger_ui.py
[2024-05-23T19:47:48.655+0000] {logging_mixin.py:188} INFO - [2024-05-23T19:47:48.654+0000] {dag.py:3096} INFO - Sync 1 DAGs
[2024-05-23T19:47:48.672+0000] {logging_mixin.py:188} INFO - [2024-05-23T19:47:48.672+0000] {dag.py:3954} INFO - Setting next_dagrun for example_params_trigger_ui to None, run_after=None
[2024-05-23T19:47:48.696+0000] {processor.py:183} INFO - Processing /home/airflow/.local/lib/python3.12/site-packages/airflow/example_dags/example_params_trigger_ui.py took 0.144 seconds
[2024-05-23T19:48:18.996+0000] {processor.py:161} INFO - Started process (PID=9853) to work on /home/airflow/.local/lib/python3.12/site-packages/airflow/example_dags/example_params_trigger_ui.py
[2024-05-23T19:48:18.998+0000] {processor.py:830} INFO - Processing file /home/airflow/.local/lib/python3.12/site-packages/airflow/example_dags/example_params_trigger_ui.py for tasks to queue
[2024-05-23T19:48:19.000+0000] {logging_mixin.py:188} INFO - [2024-05-23T19:48:19.000+0000] {dagbag.py:545} INFO - Filling up the DagBag from /home/airflow/.local/lib/python3.12/site-packages/airflow/example_dags/example_params_trigger_ui.py
[2024-05-23T19:48:19.020+0000] {processor.py:840} INFO - DAG(s) 'example_params_trigger_ui' retrieved from /home/airflow/.local/lib/python3.12/site-packages/airflow/example_dags/example_params_trigger_ui.py
[2024-05-23T19:48:19.096+0000] {logging_mixin.py:188} INFO - [2024-05-23T19:48:19.096+0000] {dag.py:3096} INFO - Sync 1 DAGs
[2024-05-23T19:48:19.120+0000] {logging_mixin.py:188} INFO - [2024-05-23T19:48:19.120+0000] {dag.py:3954} INFO - Setting next_dagrun for example_params_trigger_ui to None, run_after=None
[2024-05-23T19:48:19.153+0000] {processor.py:183} INFO - Processing /home/airflow/.local/lib/python3.12/site-packages/airflow/example_dags/example_params_trigger_ui.py took 0.166 seconds
[2024-05-23T19:48:49.511+0000] {processor.py:161} INFO - Started process (PID=10115) to work on /home/airflow/.local/lib/python3.12/site-packages/airflow/example_dags/example_params_trigger_ui.py
[2024-05-23T19:48:49.513+0000] {processor.py:830} INFO - Processing file /home/airflow/.local/lib/python3.12/site-packages/airflow/example_dags/example_params_trigger_ui.py for tasks to queue
[2024-05-23T19:48:49.516+0000] {logging_mixin.py:188} INFO - [2024-05-23T19:48:49.515+0000] {dagbag.py:545} INFO - Filling up the DagBag from /home/airflow/.local/lib/python3.12/site-packages/airflow/example_dags/example_params_trigger_ui.py
[2024-05-23T19:48:49.538+0000] {processor.py:840} INFO - DAG(s) 'example_params_trigger_ui' retrieved from /home/airflow/.local/lib/python3.12/site-packages/airflow/example_dags/example_params_trigger_ui.py
[2024-05-23T19:48:49.612+0000] {logging_mixin.py:188} INFO - [2024-05-23T19:48:49.611+0000] {dag.py:3096} INFO - Sync 1 DAGs
[2024-05-23T19:48:49.634+0000] {logging_mixin.py:188} INFO - [2024-05-23T19:48:49.633+0000] {dag.py:3954} INFO - Setting next_dagrun for example_params_trigger_ui to None, run_after=None
[2024-05-23T19:48:49.660+0000] {processor.py:183} INFO - Processing /home/airflow/.local/lib/python3.12/site-packages/airflow/example_dags/example_params_trigger_ui.py took 0.158 seconds
[2024-05-23T19:49:20.620+0000] {processor.py:161} INFO - Started process (PID=10377) to work on /home/airflow/.local/lib/python3.12/site-packages/airflow/example_dags/example_params_trigger_ui.py
[2024-05-23T19:49:20.622+0000] {processor.py:830} INFO - Processing file /home/airflow/.local/lib/python3.12/site-packages/airflow/example_dags/example_params_trigger_ui.py for tasks to queue
[2024-05-23T19:49:20.625+0000] {logging_mixin.py:188} INFO - [2024-05-23T19:49:20.624+0000] {dagbag.py:545} INFO - Filling up the DagBag from /home/airflow/.local/lib/python3.12/site-packages/airflow/example_dags/example_params_trigger_ui.py
[2024-05-23T19:49:20.646+0000] {processor.py:840} INFO - DAG(s) 'example_params_trigger_ui' retrieved from /home/airflow/.local/lib/python3.12/site-packages/airflow/example_dags/example_params_trigger_ui.py
[2024-05-23T19:49:20.868+0000] {logging_mixin.py:188} INFO - [2024-05-23T19:49:20.868+0000] {dag.py:3096} INFO - Sync 1 DAGs
[2024-05-23T19:49:20.885+0000] {logging_mixin.py:188} INFO - [2024-05-23T19:49:20.884+0000] {dag.py:3954} INFO - Setting next_dagrun for example_params_trigger_ui to None, run_after=None
[2024-05-23T19:49:20.912+0000] {processor.py:183} INFO - Processing /home/airflow/.local/lib/python3.12/site-packages/airflow/example_dags/example_params_trigger_ui.py took 0.301 seconds
[2024-05-23T19:49:51.157+0000] {processor.py:161} INFO - Started process (PID=10639) to work on /home/airflow/.local/lib/python3.12/site-packages/airflow/example_dags/example_params_trigger_ui.py
[2024-05-23T19:49:51.159+0000] {processor.py:830} INFO - Processing file /home/airflow/.local/lib/python3.12/site-packages/airflow/example_dags/example_params_trigger_ui.py for tasks to queue
[2024-05-23T19:49:51.162+0000] {logging_mixin.py:188} INFO - [2024-05-23T19:49:51.161+0000] {dagbag.py:545} INFO - Filling up the DagBag from /home/airflow/.local/lib/python3.12/site-packages/airflow/example_dags/example_params_trigger_ui.py
[2024-05-23T19:49:51.184+0000] {processor.py:840} INFO - DAG(s) 'example_params_trigger_ui' retrieved from /home/airflow/.local/lib/python3.12/site-packages/airflow/example_dags/example_params_trigger_ui.py
[2024-05-23T19:49:51.408+0000] {logging_mixin.py:188} INFO - [2024-05-23T19:49:51.408+0000] {dag.py:3096} INFO - Sync 1 DAGs
[2024-05-23T19:49:51.429+0000] {logging_mixin.py:188} INFO - [2024-05-23T19:49:51.428+0000] {dag.py:3954} INFO - Setting next_dagrun for example_params_trigger_ui to None, run_after=None
[2024-05-23T19:49:51.457+0000] {processor.py:183} INFO - Processing /home/airflow/.local/lib/python3.12/site-packages/airflow/example_dags/example_params_trigger_ui.py took 0.309 seconds
[2024-05-23T19:50:22.301+0000] {processor.py:161} INFO - Started process (PID=10901) to work on /home/airflow/.local/lib/python3.12/site-packages/airflow/example_dags/example_params_trigger_ui.py
[2024-05-23T19:50:22.303+0000] {processor.py:830} INFO - Processing file /home/airflow/.local/lib/python3.12/site-packages/airflow/example_dags/example_params_trigger_ui.py for tasks to queue
[2024-05-23T19:50:22.307+0000] {logging_mixin.py:188} INFO - [2024-05-23T19:50:22.306+0000] {dagbag.py:545} INFO - Filling up the DagBag from /home/airflow/.local/lib/python3.12/site-packages/airflow/example_dags/example_params_trigger_ui.py
[2024-05-23T19:50:22.327+0000] {processor.py:840} INFO - DAG(s) 'example_params_trigger_ui' retrieved from /home/airflow/.local/lib/python3.12/site-packages/airflow/example_dags/example_params_trigger_ui.py
[2024-05-23T19:50:22.398+0000] {logging_mixin.py:188} INFO - [2024-05-23T19:50:22.398+0000] {dag.py:3096} INFO - Sync 1 DAGs
[2024-05-23T19:50:22.569+0000] {logging_mixin.py:188} INFO - [2024-05-23T19:50:22.569+0000] {dag.py:3954} INFO - Setting next_dagrun for example_params_trigger_ui to None, run_after=None
[2024-05-23T19:50:22.601+0000] {processor.py:183} INFO - Processing /home/airflow/.local/lib/python3.12/site-packages/airflow/example_dags/example_params_trigger_ui.py took 0.309 seconds
[2024-05-23T19:50:52.858+0000] {processor.py:161} INFO - Started process (PID=11165) to work on /home/airflow/.local/lib/python3.12/site-packages/airflow/example_dags/example_params_trigger_ui.py
[2024-05-23T19:50:52.892+0000] {processor.py:830} INFO - Processing file /home/airflow/.local/lib/python3.12/site-packages/airflow/example_dags/example_params_trigger_ui.py for tasks to queue
[2024-05-23T19:50:52.895+0000] {logging_mixin.py:188} INFO - [2024-05-23T19:50:52.895+0000] {dagbag.py:545} INFO - Filling up the DagBag from /home/airflow/.local/lib/python3.12/site-packages/airflow/example_dags/example_params_trigger_ui.py
[2024-05-23T19:50:52.942+0000] {processor.py:840} INFO - DAG(s) 'example_params_trigger_ui' retrieved from /home/airflow/.local/lib/python3.12/site-packages/airflow/example_dags/example_params_trigger_ui.py
[2024-05-23T19:50:53.016+0000] {logging_mixin.py:188} INFO - [2024-05-23T19:50:53.015+0000] {dag.py:3096} INFO - Sync 1 DAGs
[2024-05-23T19:50:53.036+0000] {logging_mixin.py:188} INFO - [2024-05-23T19:50:53.035+0000] {dag.py:3954} INFO - Setting next_dagrun for example_params_trigger_ui to None, run_after=None
[2024-05-23T19:50:53.064+0000] {processor.py:183} INFO - Processing /home/airflow/.local/lib/python3.12/site-packages/airflow/example_dags/example_params_trigger_ui.py took 0.295 seconds
[2024-05-23T19:51:23.603+0000] {processor.py:161} INFO - Started process (PID=11425) to work on /home/airflow/.local/lib/python3.12/site-packages/airflow/example_dags/example_params_trigger_ui.py
[2024-05-23T19:51:23.605+0000] {processor.py:830} INFO - Processing file /home/airflow/.local/lib/python3.12/site-packages/airflow/example_dags/example_params_trigger_ui.py for tasks to queue
[2024-05-23T19:51:23.608+0000] {logging_mixin.py:188} INFO - [2024-05-23T19:51:23.608+0000] {dagbag.py:545} INFO - Filling up the DagBag from /home/airflow/.local/lib/python3.12/site-packages/airflow/example_dags/example_params_trigger_ui.py
[2024-05-23T19:51:23.629+0000] {processor.py:840} INFO - DAG(s) 'example_params_trigger_ui' retrieved from /home/airflow/.local/lib/python3.12/site-packages/airflow/example_dags/example_params_trigger_ui.py
[2024-05-23T19:51:23.700+0000] {logging_mixin.py:188} INFO - [2024-05-23T19:51:23.700+0000] {dag.py:3096} INFO - Sync 1 DAGs
[2024-05-23T19:51:23.719+0000] {logging_mixin.py:188} INFO - [2024-05-23T19:51:23.718+0000] {dag.py:3954} INFO - Setting next_dagrun for example_params_trigger_ui to None, run_after=None
[2024-05-23T19:51:23.747+0000] {processor.py:183} INFO - Processing /home/airflow/.local/lib/python3.12/site-packages/airflow/example_dags/example_params_trigger_ui.py took 0.153 seconds
[2024-05-23T19:51:53.854+0000] {processor.py:161} INFO - Started process (PID=11684) to work on /home/airflow/.local/lib/python3.12/site-packages/airflow/example_dags/example_params_trigger_ui.py
[2024-05-23T19:51:53.855+0000] {processor.py:830} INFO - Processing file /home/airflow/.local/lib/python3.12/site-packages/airflow/example_dags/example_params_trigger_ui.py for tasks to queue
[2024-05-23T19:51:53.859+0000] {logging_mixin.py:188} INFO - [2024-05-23T19:51:53.859+0000] {dagbag.py:545} INFO - Filling up the DagBag from /home/airflow/.local/lib/python3.12/site-packages/airflow/example_dags/example_params_trigger_ui.py
[2024-05-23T19:51:53.880+0000] {processor.py:840} INFO - DAG(s) 'example_params_trigger_ui' retrieved from /home/airflow/.local/lib/python3.12/site-packages/airflow/example_dags/example_params_trigger_ui.py
[2024-05-23T19:51:53.953+0000] {logging_mixin.py:188} INFO - [2024-05-23T19:51:53.953+0000] {dag.py:3096} INFO - Sync 1 DAGs
[2024-05-23T19:51:53.972+0000] {logging_mixin.py:188} INFO - [2024-05-23T19:51:53.972+0000] {dag.py:3954} INFO - Setting next_dagrun for example_params_trigger_ui to None, run_after=None
[2024-05-23T19:51:53.999+0000] {processor.py:183} INFO - Processing /home/airflow/.local/lib/python3.12/site-packages/airflow/example_dags/example_params_trigger_ui.py took 0.155 seconds
[2024-05-23T19:52:24.123+0000] {processor.py:161} INFO - Started process (PID=11946) to work on /home/airflow/.local/lib/python3.12/site-packages/airflow/example_dags/example_params_trigger_ui.py
[2024-05-23T19:52:24.125+0000] {processor.py:830} INFO - Processing file /home/airflow/.local/lib/python3.12/site-packages/airflow/example_dags/example_params_trigger_ui.py for tasks to queue
[2024-05-23T19:52:24.128+0000] {logging_mixin.py:188} INFO - [2024-05-23T19:52:24.127+0000] {dagbag.py:545} INFO - Filling up the DagBag from /home/airflow/.local/lib/python3.12/site-packages/airflow/example_dags/example_params_trigger_ui.py
[2024-05-23T19:52:24.147+0000] {processor.py:840} INFO - DAG(s) 'example_params_trigger_ui' retrieved from /home/airflow/.local/lib/python3.12/site-packages/airflow/example_dags/example_params_trigger_ui.py
[2024-05-23T19:52:24.221+0000] {logging_mixin.py:188} INFO - [2024-05-23T19:52:24.221+0000] {dag.py:3096} INFO - Sync 1 DAGs
[2024-05-23T19:52:24.243+0000] {logging_mixin.py:188} INFO - [2024-05-23T19:52:24.243+0000] {dag.py:3954} INFO - Setting next_dagrun for example_params_trigger_ui to None, run_after=None
[2024-05-23T19:52:24.271+0000] {processor.py:183} INFO - Processing /home/airflow/.local/lib/python3.12/site-packages/airflow/example_dags/example_params_trigger_ui.py took 0.157 seconds
[2024-05-23T19:52:54.587+0000] {processor.py:161} INFO - Started process (PID=12208) to work on /home/airflow/.local/lib/python3.12/site-packages/airflow/example_dags/example_params_trigger_ui.py
[2024-05-23T19:52:54.588+0000] {processor.py:830} INFO - Processing file /home/airflow/.local/lib/python3.12/site-packages/airflow/example_dags/example_params_trigger_ui.py for tasks to queue
[2024-05-23T19:52:54.592+0000] {logging_mixin.py:188} INFO - [2024-05-23T19:52:54.592+0000] {dagbag.py:545} INFO - Filling up the DagBag from /home/airflow/.local/lib/python3.12/site-packages/airflow/example_dags/example_params_trigger_ui.py
[2024-05-23T19:52:54.619+0000] {processor.py:840} INFO - DAG(s) 'example_params_trigger_ui' retrieved from /home/airflow/.local/lib/python3.12/site-packages/airflow/example_dags/example_params_trigger_ui.py
[2024-05-23T19:52:54.874+0000] {logging_mixin.py:188} INFO - [2024-05-23T19:52:54.873+0000] {dag.py:3096} INFO - Sync 1 DAGs
[2024-05-23T19:52:54.898+0000] {logging_mixin.py:188} INFO - [2024-05-23T19:52:54.898+0000] {dag.py:3954} INFO - Setting next_dagrun for example_params_trigger_ui to None, run_after=None
[2024-05-23T19:52:54.934+0000] {processor.py:183} INFO - Processing /home/airflow/.local/lib/python3.12/site-packages/airflow/example_dags/example_params_trigger_ui.py took 0.358 seconds
[2024-05-23T19:53:25.191+0000] {processor.py:161} INFO - Started process (PID=12470) to work on /home/airflow/.local/lib/python3.12/site-packages/airflow/example_dags/example_params_trigger_ui.py
[2024-05-23T19:53:25.195+0000] {processor.py:830} INFO - Processing file /home/airflow/.local/lib/python3.12/site-packages/airflow/example_dags/example_params_trigger_ui.py for tasks to queue
[2024-05-23T19:53:25.197+0000] {logging_mixin.py:188} INFO - [2024-05-23T19:53:25.197+0000] {dagbag.py:545} INFO - Filling up the DagBag from /home/airflow/.local/lib/python3.12/site-packages/airflow/example_dags/example_params_trigger_ui.py
[2024-05-23T19:53:25.218+0000] {processor.py:840} INFO - DAG(s) 'example_params_trigger_ui' retrieved from /home/airflow/.local/lib/python3.12/site-packages/airflow/example_dags/example_params_trigger_ui.py
[2024-05-23T19:53:25.291+0000] {logging_mixin.py:188} INFO - [2024-05-23T19:53:25.291+0000] {dag.py:3096} INFO - Sync 1 DAGs
[2024-05-23T19:53:25.311+0000] {logging_mixin.py:188} INFO - [2024-05-23T19:53:25.310+0000] {dag.py:3954} INFO - Setting next_dagrun for example_params_trigger_ui to None, run_after=None
[2024-05-23T19:53:25.338+0000] {processor.py:183} INFO - Processing /home/airflow/.local/lib/python3.12/site-packages/airflow/example_dags/example_params_trigger_ui.py took 0.157 seconds
[2024-05-23T19:53:55.788+0000] {processor.py:161} INFO - Started process (PID=12732) to work on /home/airflow/.local/lib/python3.12/site-packages/airflow/example_dags/example_params_trigger_ui.py
[2024-05-23T19:53:55.789+0000] {processor.py:830} INFO - Processing file /home/airflow/.local/lib/python3.12/site-packages/airflow/example_dags/example_params_trigger_ui.py for tasks to queue
[2024-05-23T19:53:55.792+0000] {logging_mixin.py:188} INFO - [2024-05-23T19:53:55.792+0000] {dagbag.py:545} INFO - Filling up the DagBag from /home/airflow/.local/lib/python3.12/site-packages/airflow/example_dags/example_params_trigger_ui.py
[2024-05-23T19:53:55.813+0000] {processor.py:840} INFO - DAG(s) 'example_params_trigger_ui' retrieved from /home/airflow/.local/lib/python3.12/site-packages/airflow/example_dags/example_params_trigger_ui.py
[2024-05-23T19:53:55.884+0000] {logging_mixin.py:188} INFO - [2024-05-23T19:53:55.884+0000] {dag.py:3096} INFO - Sync 1 DAGs
[2024-05-23T19:53:55.903+0000] {logging_mixin.py:188} INFO - [2024-05-23T19:53:55.903+0000] {dag.py:3954} INFO - Setting next_dagrun for example_params_trigger_ui to None, run_after=None
[2024-05-23T19:53:55.930+0000] {processor.py:183} INFO - Processing /home/airflow/.local/lib/python3.12/site-packages/airflow/example_dags/example_params_trigger_ui.py took 0.151 seconds
[2024-05-23T19:54:26.490+0000] {processor.py:161} INFO - Started process (PID=12997) to work on /home/airflow/.local/lib/python3.12/site-packages/airflow/example_dags/example_params_trigger_ui.py
[2024-05-23T19:54:26.494+0000] {processor.py:830} INFO - Processing file /home/airflow/.local/lib/python3.12/site-packages/airflow/example_dags/example_params_trigger_ui.py for tasks to queue
[2024-05-23T19:54:26.497+0000] {logging_mixin.py:188} INFO - [2024-05-23T19:54:26.497+0000] {dagbag.py:545} INFO - Filling up the DagBag from /home/airflow/.local/lib/python3.12/site-packages/airflow/example_dags/example_params_trigger_ui.py
[2024-05-23T19:54:26.519+0000] {processor.py:840} INFO - DAG(s) 'example_params_trigger_ui' retrieved from /home/airflow/.local/lib/python3.12/site-packages/airflow/example_dags/example_params_trigger_ui.py
[2024-05-23T19:54:26.590+0000] {logging_mixin.py:188} INFO - [2024-05-23T19:54:26.590+0000] {dag.py:3096} INFO - Sync 1 DAGs
[2024-05-23T19:54:26.609+0000] {logging_mixin.py:188} INFO - [2024-05-23T19:54:26.609+0000] {dag.py:3954} INFO - Setting next_dagrun for example_params_trigger_ui to None, run_after=None
[2024-05-23T19:54:26.635+0000] {processor.py:183} INFO - Processing /home/airflow/.local/lib/python3.12/site-packages/airflow/example_dags/example_params_trigger_ui.py took 0.154 seconds
[2024-05-23T19:54:57.226+0000] {processor.py:161} INFO - Started process (PID=13259) to work on /home/airflow/.local/lib/python3.12/site-packages/airflow/example_dags/example_params_trigger_ui.py
[2024-05-23T19:54:57.227+0000] {processor.py:830} INFO - Processing file /home/airflow/.local/lib/python3.12/site-packages/airflow/example_dags/example_params_trigger_ui.py for tasks to queue
[2024-05-23T19:54:57.230+0000] {logging_mixin.py:188} INFO - [2024-05-23T19:54:57.229+0000] {dagbag.py:545} INFO - Filling up the DagBag from /home/airflow/.local/lib/python3.12/site-packages/airflow/example_dags/example_params_trigger_ui.py
[2024-05-23T19:54:57.248+0000] {processor.py:840} INFO - DAG(s) 'example_params_trigger_ui' retrieved from /home/airflow/.local/lib/python3.12/site-packages/airflow/example_dags/example_params_trigger_ui.py
[2024-05-23T19:54:57.306+0000] {logging_mixin.py:188} INFO - [2024-05-23T19:54:57.306+0000] {dag.py:3096} INFO - Sync 1 DAGs
[2024-05-23T19:54:57.323+0000] {logging_mixin.py:188} INFO - [2024-05-23T19:54:57.322+0000] {dag.py:3954} INFO - Setting next_dagrun for example_params_trigger_ui to None, run_after=None
[2024-05-23T19:54:57.347+0000] {processor.py:183} INFO - Processing /home/airflow/.local/lib/python3.12/site-packages/airflow/example_dags/example_params_trigger_ui.py took 0.129 seconds
[2024-05-23T19:55:27.605+0000] {processor.py:161} INFO - Started process (PID=13521) to work on /home/airflow/.local/lib/python3.12/site-packages/airflow/example_dags/example_params_trigger_ui.py
[2024-05-23T19:55:27.606+0000] {processor.py:830} INFO - Processing file /home/airflow/.local/lib/python3.12/site-packages/airflow/example_dags/example_params_trigger_ui.py for tasks to queue
[2024-05-23T19:55:27.609+0000] {logging_mixin.py:188} INFO - [2024-05-23T19:55:27.608+0000] {dagbag.py:545} INFO - Filling up the DagBag from /home/airflow/.local/lib/python3.12/site-packages/airflow/example_dags/example_params_trigger_ui.py
[2024-05-23T19:55:27.630+0000] {processor.py:840} INFO - DAG(s) 'example_params_trigger_ui' retrieved from /home/airflow/.local/lib/python3.12/site-packages/airflow/example_dags/example_params_trigger_ui.py
[2024-05-23T19:55:27.850+0000] {logging_mixin.py:188} INFO - [2024-05-23T19:55:27.849+0000] {dag.py:3096} INFO - Sync 1 DAGs
[2024-05-23T19:55:27.873+0000] {logging_mixin.py:188} INFO - [2024-05-23T19:55:27.873+0000] {dag.py:3954} INFO - Setting next_dagrun for example_params_trigger_ui to None, run_after=None
[2024-05-23T19:55:27.903+0000] {processor.py:183} INFO - Processing /home/airflow/.local/lib/python3.12/site-packages/airflow/example_dags/example_params_trigger_ui.py took 0.306 seconds
[2024-05-23T19:55:57.944+0000] {processor.py:161} INFO - Started process (PID=13780) to work on /home/airflow/.local/lib/python3.12/site-packages/airflow/example_dags/example_params_trigger_ui.py
[2024-05-23T19:55:57.945+0000] {processor.py:830} INFO - Processing file /home/airflow/.local/lib/python3.12/site-packages/airflow/example_dags/example_params_trigger_ui.py for tasks to queue
[2024-05-23T19:55:57.948+0000] {logging_mixin.py:188} INFO - [2024-05-23T19:55:57.947+0000] {dagbag.py:545} INFO - Filling up the DagBag from /home/airflow/.local/lib/python3.12/site-packages/airflow/example_dags/example_params_trigger_ui.py
[2024-05-23T19:55:57.966+0000] {processor.py:840} INFO - DAG(s) 'example_params_trigger_ui' retrieved from /home/airflow/.local/lib/python3.12/site-packages/airflow/example_dags/example_params_trigger_ui.py
[2024-05-23T19:55:58.027+0000] {logging_mixin.py:188} INFO - [2024-05-23T19:55:58.027+0000] {dag.py:3096} INFO - Sync 1 DAGs
[2024-05-23T19:55:58.040+0000] {logging_mixin.py:188} INFO - [2024-05-23T19:55:58.040+0000] {dag.py:3954} INFO - Setting next_dagrun for example_params_trigger_ui to None, run_after=None
[2024-05-23T19:55:58.058+0000] {processor.py:183} INFO - Processing /home/airflow/.local/lib/python3.12/site-packages/airflow/example_dags/example_params_trigger_ui.py took 0.122 seconds
[2024-05-23T19:56:28.169+0000] {processor.py:161} INFO - Started process (PID=14042) to work on /home/airflow/.local/lib/python3.12/site-packages/airflow/example_dags/example_params_trigger_ui.py
[2024-05-23T19:56:28.171+0000] {processor.py:830} INFO - Processing file /home/airflow/.local/lib/python3.12/site-packages/airflow/example_dags/example_params_trigger_ui.py for tasks to queue
[2024-05-23T19:56:28.173+0000] {logging_mixin.py:188} INFO - [2024-05-23T19:56:28.173+0000] {dagbag.py:545} INFO - Filling up the DagBag from /home/airflow/.local/lib/python3.12/site-packages/airflow/example_dags/example_params_trigger_ui.py
[2024-05-23T19:56:28.191+0000] {processor.py:840} INFO - DAG(s) 'example_params_trigger_ui' retrieved from /home/airflow/.local/lib/python3.12/site-packages/airflow/example_dags/example_params_trigger_ui.py
[2024-05-23T19:56:28.247+0000] {logging_mixin.py:188} INFO - [2024-05-23T19:56:28.247+0000] {dag.py:3096} INFO - Sync 1 DAGs
[2024-05-23T19:56:28.260+0000] {logging_mixin.py:188} INFO - [2024-05-23T19:56:28.260+0000] {dag.py:3954} INFO - Setting next_dagrun for example_params_trigger_ui to None, run_after=None
[2024-05-23T19:56:28.277+0000] {processor.py:183} INFO - Processing /home/airflow/.local/lib/python3.12/site-packages/airflow/example_dags/example_params_trigger_ui.py took 0.116 seconds
[2024-05-23T19:56:58.535+0000] {processor.py:161} INFO - Started process (PID=14296) to work on /home/airflow/.local/lib/python3.12/site-packages/airflow/example_dags/example_params_trigger_ui.py
[2024-05-23T19:56:58.540+0000] {processor.py:830} INFO - Processing file /home/airflow/.local/lib/python3.12/site-packages/airflow/example_dags/example_params_trigger_ui.py for tasks to queue
[2024-05-23T19:56:58.544+0000] {logging_mixin.py:188} INFO - [2024-05-23T19:56:58.543+0000] {dagbag.py:545} INFO - Filling up the DagBag from /home/airflow/.local/lib/python3.12/site-packages/airflow/example_dags/example_params_trigger_ui.py
[2024-05-23T19:56:58.563+0000] {processor.py:840} INFO - DAG(s) 'example_params_trigger_ui' retrieved from /home/airflow/.local/lib/python3.12/site-packages/airflow/example_dags/example_params_trigger_ui.py
[2024-05-23T19:56:58.632+0000] {logging_mixin.py:188} INFO - [2024-05-23T19:56:58.631+0000] {dag.py:3096} INFO - Sync 1 DAGs
[2024-05-23T19:56:58.653+0000] {logging_mixin.py:188} INFO - [2024-05-23T19:56:58.653+0000] {dag.py:3954} INFO - Setting next_dagrun for example_params_trigger_ui to None, run_after=None
[2024-05-23T19:56:58.677+0000] {processor.py:183} INFO - Processing /home/airflow/.local/lib/python3.12/site-packages/airflow/example_dags/example_params_trigger_ui.py took 0.150 seconds
[2024-05-23T19:57:29.073+0000] {processor.py:161} INFO - Started process (PID=14558) to work on /home/airflow/.local/lib/python3.12/site-packages/airflow/example_dags/example_params_trigger_ui.py
[2024-05-23T19:57:29.074+0000] {processor.py:830} INFO - Processing file /home/airflow/.local/lib/python3.12/site-packages/airflow/example_dags/example_params_trigger_ui.py for tasks to queue
[2024-05-23T19:57:29.077+0000] {logging_mixin.py:188} INFO - [2024-05-23T19:57:29.077+0000] {dagbag.py:545} INFO - Filling up the DagBag from /home/airflow/.local/lib/python3.12/site-packages/airflow/example_dags/example_params_trigger_ui.py
[2024-05-23T19:57:29.097+0000] {processor.py:840} INFO - DAG(s) 'example_params_trigger_ui' retrieved from /home/airflow/.local/lib/python3.12/site-packages/airflow/example_dags/example_params_trigger_ui.py
[2024-05-23T19:57:29.166+0000] {logging_mixin.py:188} INFO - [2024-05-23T19:57:29.166+0000] {dag.py:3096} INFO - Sync 1 DAGs
[2024-05-23T19:57:29.183+0000] {logging_mixin.py:188} INFO - [2024-05-23T19:57:29.183+0000] {dag.py:3954} INFO - Setting next_dagrun for example_params_trigger_ui to None, run_after=None
[2024-05-23T19:57:29.207+0000] {processor.py:183} INFO - Processing /home/airflow/.local/lib/python3.12/site-packages/airflow/example_dags/example_params_trigger_ui.py took 0.143 seconds
[2024-05-23T19:58:12.811+0000] {processor.py:161} INFO - Started process (PID=14827) to work on /home/airflow/.local/lib/python3.12/site-packages/airflow/example_dags/example_params_trigger_ui.py
[2024-05-23T19:58:12.813+0000] {processor.py:830} INFO - Processing file /home/airflow/.local/lib/python3.12/site-packages/airflow/example_dags/example_params_trigger_ui.py for tasks to queue
[2024-05-23T19:58:12.816+0000] {logging_mixin.py:188} INFO - [2024-05-23T19:58:12.815+0000] {dagbag.py:545} INFO - Filling up the DagBag from /home/airflow/.local/lib/python3.12/site-packages/airflow/example_dags/example_params_trigger_ui.py
[2024-05-23T19:58:12.835+0000] {processor.py:840} INFO - DAG(s) 'example_params_trigger_ui' retrieved from /home/airflow/.local/lib/python3.12/site-packages/airflow/example_dags/example_params_trigger_ui.py
[2024-05-23T19:58:12.909+0000] {logging_mixin.py:188} INFO - [2024-05-23T19:58:12.909+0000] {dag.py:3096} INFO - Sync 1 DAGs
[2024-05-23T19:58:12.929+0000] {logging_mixin.py:188} INFO - [2024-05-23T19:58:12.928+0000] {dag.py:3954} INFO - Setting next_dagrun for example_params_trigger_ui to None, run_after=None
[2024-05-23T19:58:12.954+0000] {processor.py:183} INFO - Processing /home/airflow/.local/lib/python3.12/site-packages/airflow/example_dags/example_params_trigger_ui.py took 0.154 seconds
[2024-05-23T20:03:44.755+0000] {processor.py:161} INFO - Started process (PID=15160) to work on /home/airflow/.local/lib/python3.12/site-packages/airflow/example_dags/example_params_trigger_ui.py
[2024-05-23T20:03:44.757+0000] {processor.py:830} INFO - Processing file /home/airflow/.local/lib/python3.12/site-packages/airflow/example_dags/example_params_trigger_ui.py for tasks to queue
[2024-05-23T20:03:44.758+0000] {logging_mixin.py:188} INFO - [2024-05-23T20:03:44.758+0000] {dagbag.py:545} INFO - Filling up the DagBag from /home/airflow/.local/lib/python3.12/site-packages/airflow/example_dags/example_params_trigger_ui.py
[2024-05-23T20:03:44.776+0000] {processor.py:840} INFO - DAG(s) 'example_params_trigger_ui' retrieved from /home/airflow/.local/lib/python3.12/site-packages/airflow/example_dags/example_params_trigger_ui.py
[2024-05-23T20:03:44.830+0000] {logging_mixin.py:188} INFO - [2024-05-23T20:03:44.830+0000] {dag.py:3096} INFO - Sync 1 DAGs
[2024-05-23T20:03:44.842+0000] {logging_mixin.py:188} INFO - [2024-05-23T20:03:44.842+0000] {dag.py:3954} INFO - Setting next_dagrun for example_params_trigger_ui to None, run_after=None
[2024-05-23T20:03:44.858+0000] {processor.py:183} INFO - Processing /home/airflow/.local/lib/python3.12/site-packages/airflow/example_dags/example_params_trigger_ui.py took 0.111 seconds
[2024-05-23T20:04:25.822+0000] {processor.py:161} INFO - Started process (PID=15422) to work on /home/airflow/.local/lib/python3.12/site-packages/airflow/example_dags/example_params_trigger_ui.py
[2024-05-23T20:04:25.828+0000] {processor.py:830} INFO - Processing file /home/airflow/.local/lib/python3.12/site-packages/airflow/example_dags/example_params_trigger_ui.py for tasks to queue
[2024-05-23T20:04:25.834+0000] {logging_mixin.py:188} INFO - [2024-05-23T20:04:25.832+0000] {dagbag.py:545} INFO - Filling up the DagBag from /home/airflow/.local/lib/python3.12/site-packages/airflow/example_dags/example_params_trigger_ui.py
[2024-05-23T20:04:25.912+0000] {processor.py:840} INFO - DAG(s) 'example_params_trigger_ui' retrieved from /home/airflow/.local/lib/python3.12/site-packages/airflow/example_dags/example_params_trigger_ui.py
[2024-05-23T20:04:26.183+0000] {logging_mixin.py:188} INFO - [2024-05-23T20:04:26.182+0000] {dag.py:3096} INFO - Sync 1 DAGs
[2024-05-23T20:04:26.250+0000] {logging_mixin.py:188} INFO - [2024-05-23T20:04:26.249+0000] {dag.py:3954} INFO - Setting next_dagrun for example_params_trigger_ui to None, run_after=None
[2024-05-23T20:04:26.338+0000] {processor.py:183} INFO - Processing /home/airflow/.local/lib/python3.12/site-packages/airflow/example_dags/example_params_trigger_ui.py took 0.548 seconds
[2024-05-23T20:08:16.005+0000] {processor.py:161} INFO - Started process (PID=15683) to work on /home/airflow/.local/lib/python3.12/site-packages/airflow/example_dags/example_params_trigger_ui.py
[2024-05-23T20:08:16.007+0000] {processor.py:830} INFO - Processing file /home/airflow/.local/lib/python3.12/site-packages/airflow/example_dags/example_params_trigger_ui.py for tasks to queue
[2024-05-23T20:08:16.009+0000] {logging_mixin.py:188} INFO - [2024-05-23T20:08:16.009+0000] {dagbag.py:545} INFO - Filling up the DagBag from /home/airflow/.local/lib/python3.12/site-packages/airflow/example_dags/example_params_trigger_ui.py
[2024-05-23T20:08:16.284+0000] {processor.py:840} INFO - DAG(s) 'example_params_trigger_ui' retrieved from /home/airflow/.local/lib/python3.12/site-packages/airflow/example_dags/example_params_trigger_ui.py
[2024-05-23T20:08:16.477+0000] {logging_mixin.py:188} INFO - [2024-05-23T20:08:16.476+0000] {dag.py:3096} INFO - Sync 1 DAGs
[2024-05-23T20:08:16.511+0000] {logging_mixin.py:188} INFO - [2024-05-23T20:08:16.510+0000] {dag.py:3954} INFO - Setting next_dagrun for example_params_trigger_ui to None, run_after=None
[2024-05-23T20:08:16.538+0000] {processor.py:183} INFO - Processing /home/airflow/.local/lib/python3.12/site-packages/airflow/example_dags/example_params_trigger_ui.py took 0.545 seconds
[2024-05-23T20:08:46.617+0000] {processor.py:161} INFO - Started process (PID=15947) to work on /home/airflow/.local/lib/python3.12/site-packages/airflow/example_dags/example_params_trigger_ui.py
[2024-05-23T20:08:46.618+0000] {processor.py:830} INFO - Processing file /home/airflow/.local/lib/python3.12/site-packages/airflow/example_dags/example_params_trigger_ui.py for tasks to queue
[2024-05-23T20:08:46.620+0000] {logging_mixin.py:188} INFO - [2024-05-23T20:08:46.620+0000] {dagbag.py:545} INFO - Filling up the DagBag from /home/airflow/.local/lib/python3.12/site-packages/airflow/example_dags/example_params_trigger_ui.py
[2024-05-23T20:08:46.640+0000] {processor.py:840} INFO - DAG(s) 'example_params_trigger_ui' retrieved from /home/airflow/.local/lib/python3.12/site-packages/airflow/example_dags/example_params_trigger_ui.py
[2024-05-23T20:08:46.710+0000] {logging_mixin.py:188} INFO - [2024-05-23T20:08:46.710+0000] {dag.py:3096} INFO - Sync 1 DAGs
[2024-05-23T20:08:46.729+0000] {logging_mixin.py:188} INFO - [2024-05-23T20:08:46.728+0000] {dag.py:3954} INFO - Setting next_dagrun for example_params_trigger_ui to None, run_after=None
[2024-05-23T20:08:46.754+0000] {processor.py:183} INFO - Processing /home/airflow/.local/lib/python3.12/site-packages/airflow/example_dags/example_params_trigger_ui.py took 0.146 seconds
[2024-05-23T20:09:17.695+0000] {processor.py:161} INFO - Started process (PID=16209) to work on /home/airflow/.local/lib/python3.12/site-packages/airflow/example_dags/example_params_trigger_ui.py
[2024-05-23T20:09:17.696+0000] {processor.py:830} INFO - Processing file /home/airflow/.local/lib/python3.12/site-packages/airflow/example_dags/example_params_trigger_ui.py for tasks to queue
[2024-05-23T20:09:17.697+0000] {logging_mixin.py:188} INFO - [2024-05-23T20:09:17.697+0000] {dagbag.py:545} INFO - Filling up the DagBag from /home/airflow/.local/lib/python3.12/site-packages/airflow/example_dags/example_params_trigger_ui.py
[2024-05-23T20:09:17.718+0000] {processor.py:840} INFO - DAG(s) 'example_params_trigger_ui' retrieved from /home/airflow/.local/lib/python3.12/site-packages/airflow/example_dags/example_params_trigger_ui.py
[2024-05-23T20:09:17.786+0000] {logging_mixin.py:188} INFO - [2024-05-23T20:09:17.786+0000] {dag.py:3096} INFO - Sync 1 DAGs
[2024-05-23T20:09:17.805+0000] {logging_mixin.py:188} INFO - [2024-05-23T20:09:17.804+0000] {dag.py:3954} INFO - Setting next_dagrun for example_params_trigger_ui to None, run_after=None
[2024-05-23T20:09:17.834+0000] {processor.py:183} INFO - Processing /home/airflow/.local/lib/python3.12/site-packages/airflow/example_dags/example_params_trigger_ui.py took 0.148 seconds
[2024-05-23T20:09:48.144+0000] {processor.py:161} INFO - Started process (PID=16471) to work on /home/airflow/.local/lib/python3.12/site-packages/airflow/example_dags/example_params_trigger_ui.py
[2024-05-23T20:09:48.146+0000] {processor.py:830} INFO - Processing file /home/airflow/.local/lib/python3.12/site-packages/airflow/example_dags/example_params_trigger_ui.py for tasks to queue
[2024-05-23T20:09:48.147+0000] {logging_mixin.py:188} INFO - [2024-05-23T20:09:48.147+0000] {dagbag.py:545} INFO - Filling up the DagBag from /home/airflow/.local/lib/python3.12/site-packages/airflow/example_dags/example_params_trigger_ui.py
[2024-05-23T20:09:48.168+0000] {processor.py:840} INFO - DAG(s) 'example_params_trigger_ui' retrieved from /home/airflow/.local/lib/python3.12/site-packages/airflow/example_dags/example_params_trigger_ui.py
[2024-05-23T20:09:48.239+0000] {logging_mixin.py:188} INFO - [2024-05-23T20:09:48.239+0000] {dag.py:3096} INFO - Sync 1 DAGs
[2024-05-23T20:09:48.258+0000] {logging_mixin.py:188} INFO - [2024-05-23T20:09:48.258+0000] {dag.py:3954} INFO - Setting next_dagrun for example_params_trigger_ui to None, run_after=None
[2024-05-23T20:09:48.290+0000] {processor.py:183} INFO - Processing /home/airflow/.local/lib/python3.12/site-packages/airflow/example_dags/example_params_trigger_ui.py took 0.155 seconds
[2024-05-23T20:10:18.770+0000] {processor.py:161} INFO - Started process (PID=16733) to work on /home/airflow/.local/lib/python3.12/site-packages/airflow/example_dags/example_params_trigger_ui.py
[2024-05-23T20:10:18.772+0000] {processor.py:830} INFO - Processing file /home/airflow/.local/lib/python3.12/site-packages/airflow/example_dags/example_params_trigger_ui.py for tasks to queue
[2024-05-23T20:10:18.773+0000] {logging_mixin.py:188} INFO - [2024-05-23T20:10:18.773+0000] {dagbag.py:545} INFO - Filling up the DagBag from /home/airflow/.local/lib/python3.12/site-packages/airflow/example_dags/example_params_trigger_ui.py
[2024-05-23T20:10:18.793+0000] {processor.py:840} INFO - DAG(s) 'example_params_trigger_ui' retrieved from /home/airflow/.local/lib/python3.12/site-packages/airflow/example_dags/example_params_trigger_ui.py
[2024-05-23T20:10:18.862+0000] {logging_mixin.py:188} INFO - [2024-05-23T20:10:18.862+0000] {dag.py:3096} INFO - Sync 1 DAGs
[2024-05-23T20:10:18.881+0000] {logging_mixin.py:188} INFO - [2024-05-23T20:10:18.880+0000] {dag.py:3954} INFO - Setting next_dagrun for example_params_trigger_ui to None, run_after=None
[2024-05-23T20:10:18.908+0000] {processor.py:183} INFO - Processing /home/airflow/.local/lib/python3.12/site-packages/airflow/example_dags/example_params_trigger_ui.py took 0.147 seconds
[2024-05-23T20:10:49.681+0000] {processor.py:161} INFO - Started process (PID=16995) to work on /home/airflow/.local/lib/python3.12/site-packages/airflow/example_dags/example_params_trigger_ui.py
[2024-05-23T20:10:49.682+0000] {processor.py:830} INFO - Processing file /home/airflow/.local/lib/python3.12/site-packages/airflow/example_dags/example_params_trigger_ui.py for tasks to queue
[2024-05-23T20:10:49.684+0000] {logging_mixin.py:188} INFO - [2024-05-23T20:10:49.684+0000] {dagbag.py:545} INFO - Filling up the DagBag from /home/airflow/.local/lib/python3.12/site-packages/airflow/example_dags/example_params_trigger_ui.py
[2024-05-23T20:10:49.703+0000] {processor.py:840} INFO - DAG(s) 'example_params_trigger_ui' retrieved from /home/airflow/.local/lib/python3.12/site-packages/airflow/example_dags/example_params_trigger_ui.py
[2024-05-23T20:10:49.768+0000] {logging_mixin.py:188} INFO - [2024-05-23T20:10:49.768+0000] {dag.py:3096} INFO - Sync 1 DAGs
[2024-05-23T20:10:49.784+0000] {logging_mixin.py:188} INFO - [2024-05-23T20:10:49.784+0000] {dag.py:3954} INFO - Setting next_dagrun for example_params_trigger_ui to None, run_after=None
[2024-05-23T20:10:49.835+0000] {processor.py:183} INFO - Processing /home/airflow/.local/lib/python3.12/site-packages/airflow/example_dags/example_params_trigger_ui.py took 0.162 seconds
[2024-05-23T20:11:20.685+0000] {processor.py:161} INFO - Started process (PID=17256) to work on /home/airflow/.local/lib/python3.12/site-packages/airflow/example_dags/example_params_trigger_ui.py
[2024-05-23T20:11:20.686+0000] {processor.py:830} INFO - Processing file /home/airflow/.local/lib/python3.12/site-packages/airflow/example_dags/example_params_trigger_ui.py for tasks to queue
[2024-05-23T20:11:20.688+0000] {logging_mixin.py:188} INFO - [2024-05-23T20:11:20.687+0000] {dagbag.py:545} INFO - Filling up the DagBag from /home/airflow/.local/lib/python3.12/site-packages/airflow/example_dags/example_params_trigger_ui.py
[2024-05-23T20:11:20.707+0000] {processor.py:840} INFO - DAG(s) 'example_params_trigger_ui' retrieved from /home/airflow/.local/lib/python3.12/site-packages/airflow/example_dags/example_params_trigger_ui.py
[2024-05-23T20:11:20.772+0000] {logging_mixin.py:188} INFO - [2024-05-23T20:11:20.772+0000] {dag.py:3096} INFO - Sync 1 DAGs
[2024-05-23T20:11:20.791+0000] {logging_mixin.py:188} INFO - [2024-05-23T20:11:20.791+0000] {dag.py:3954} INFO - Setting next_dagrun for example_params_trigger_ui to None, run_after=None
[2024-05-23T20:11:20.814+0000] {processor.py:183} INFO - Processing /home/airflow/.local/lib/python3.12/site-packages/airflow/example_dags/example_params_trigger_ui.py took 0.138 seconds
[2024-05-23T20:11:50.922+0000] {processor.py:161} INFO - Started process (PID=17518) to work on /home/airflow/.local/lib/python3.12/site-packages/airflow/example_dags/example_params_trigger_ui.py
[2024-05-23T20:11:50.924+0000] {processor.py:830} INFO - Processing file /home/airflow/.local/lib/python3.12/site-packages/airflow/example_dags/example_params_trigger_ui.py for tasks to queue
[2024-05-23T20:11:50.925+0000] {logging_mixin.py:188} INFO - [2024-05-23T20:11:50.925+0000] {dagbag.py:545} INFO - Filling up the DagBag from /home/airflow/.local/lib/python3.12/site-packages/airflow/example_dags/example_params_trigger_ui.py
[2024-05-23T20:11:50.945+0000] {processor.py:840} INFO - DAG(s) 'example_params_trigger_ui' retrieved from /home/airflow/.local/lib/python3.12/site-packages/airflow/example_dags/example_params_trigger_ui.py
[2024-05-23T20:11:51.017+0000] {logging_mixin.py:188} INFO - [2024-05-23T20:11:51.016+0000] {dag.py:3096} INFO - Sync 1 DAGs
[2024-05-23T20:11:51.034+0000] {logging_mixin.py:188} INFO - [2024-05-23T20:11:51.034+0000] {dag.py:3954} INFO - Setting next_dagrun for example_params_trigger_ui to None, run_after=None
[2024-05-23T20:11:51.057+0000] {processor.py:183} INFO - Processing /home/airflow/.local/lib/python3.12/site-packages/airflow/example_dags/example_params_trigger_ui.py took 0.144 seconds
[2024-05-23T20:12:21.341+0000] {processor.py:161} INFO - Started process (PID=17778) to work on /home/airflow/.local/lib/python3.12/site-packages/airflow/example_dags/example_params_trigger_ui.py
[2024-05-23T20:12:21.342+0000] {processor.py:830} INFO - Processing file /home/airflow/.local/lib/python3.12/site-packages/airflow/example_dags/example_params_trigger_ui.py for tasks to queue
[2024-05-23T20:12:21.344+0000] {logging_mixin.py:188} INFO - [2024-05-23T20:12:21.343+0000] {dagbag.py:545} INFO - Filling up the DagBag from /home/airflow/.local/lib/python3.12/site-packages/airflow/example_dags/example_params_trigger_ui.py
[2024-05-23T20:12:21.367+0000] {processor.py:840} INFO - DAG(s) 'example_params_trigger_ui' retrieved from /home/airflow/.local/lib/python3.12/site-packages/airflow/example_dags/example_params_trigger_ui.py
[2024-05-23T20:12:21.447+0000] {logging_mixin.py:188} INFO - [2024-05-23T20:12:21.447+0000] {dag.py:3096} INFO - Sync 1 DAGs
[2024-05-23T20:12:21.466+0000] {logging_mixin.py:188} INFO - [2024-05-23T20:12:21.465+0000] {dag.py:3954} INFO - Setting next_dagrun for example_params_trigger_ui to None, run_after=None
[2024-05-23T20:12:21.494+0000] {processor.py:183} INFO - Processing /home/airflow/.local/lib/python3.12/site-packages/airflow/example_dags/example_params_trigger_ui.py took 0.162 seconds
[2024-05-23T20:12:51.675+0000] {processor.py:161} INFO - Started process (PID=18040) to work on /home/airflow/.local/lib/python3.12/site-packages/airflow/example_dags/example_params_trigger_ui.py
[2024-05-23T20:12:51.677+0000] {processor.py:830} INFO - Processing file /home/airflow/.local/lib/python3.12/site-packages/airflow/example_dags/example_params_trigger_ui.py for tasks to queue
[2024-05-23T20:12:51.679+0000] {logging_mixin.py:188} INFO - [2024-05-23T20:12:51.678+0000] {dagbag.py:545} INFO - Filling up the DagBag from /home/airflow/.local/lib/python3.12/site-packages/airflow/example_dags/example_params_trigger_ui.py
[2024-05-23T20:12:51.702+0000] {processor.py:840} INFO - DAG(s) 'example_params_trigger_ui' retrieved from /home/airflow/.local/lib/python3.12/site-packages/airflow/example_dags/example_params_trigger_ui.py
[2024-05-23T20:12:51.779+0000] {logging_mixin.py:188} INFO - [2024-05-23T20:12:51.778+0000] {dag.py:3096} INFO - Sync 1 DAGs
[2024-05-23T20:12:51.800+0000] {logging_mixin.py:188} INFO - [2024-05-23T20:12:51.799+0000] {dag.py:3954} INFO - Setting next_dagrun for example_params_trigger_ui to None, run_after=None
[2024-05-23T20:12:51.827+0000] {processor.py:183} INFO - Processing /home/airflow/.local/lib/python3.12/site-packages/airflow/example_dags/example_params_trigger_ui.py took 0.165 seconds
[2024-05-23T20:13:21.958+0000] {processor.py:161} INFO - Started process (PID=18302) to work on /home/airflow/.local/lib/python3.12/site-packages/airflow/example_dags/example_params_trigger_ui.py
[2024-05-23T20:13:21.960+0000] {processor.py:830} INFO - Processing file /home/airflow/.local/lib/python3.12/site-packages/airflow/example_dags/example_params_trigger_ui.py for tasks to queue
[2024-05-23T20:13:21.961+0000] {logging_mixin.py:188} INFO - [2024-05-23T20:13:21.961+0000] {dagbag.py:545} INFO - Filling up the DagBag from /home/airflow/.local/lib/python3.12/site-packages/airflow/example_dags/example_params_trigger_ui.py
[2024-05-23T20:13:21.979+0000] {processor.py:840} INFO - DAG(s) 'example_params_trigger_ui' retrieved from /home/airflow/.local/lib/python3.12/site-packages/airflow/example_dags/example_params_trigger_ui.py
[2024-05-23T20:13:22.045+0000] {logging_mixin.py:188} INFO - [2024-05-23T20:13:22.044+0000] {dag.py:3096} INFO - Sync 1 DAGs
[2024-05-23T20:13:22.061+0000] {logging_mixin.py:188} INFO - [2024-05-23T20:13:22.061+0000] {dag.py:3954} INFO - Setting next_dagrun for example_params_trigger_ui to None, run_after=None
[2024-05-23T20:13:22.083+0000] {processor.py:183} INFO - Processing /home/airflow/.local/lib/python3.12/site-packages/airflow/example_dags/example_params_trigger_ui.py took 0.132 seconds
