[2024-05-23T19:29:48.168+0000] {processor.py:161} INFO - Started process (PID=217) to work on /home/airflow/.local/lib/python3.12/site-packages/airflow/example_dags/example_setup_teardown.py
[2024-05-23T19:29:48.170+0000] {processor.py:830} INFO - Processing file /home/airflow/.local/lib/python3.12/site-packages/airflow/example_dags/example_setup_teardown.py for tasks to queue
[2024-05-23T19:29:48.174+0000] {logging_mixin.py:188} INFO - [2024-05-23T19:29:48.173+0000] {dagbag.py:545} INFO - Filling up the DagBag from /home/airflow/.local/lib/python3.12/site-packages/airflow/example_dags/example_setup_teardown.py
[2024-05-23T19:29:48.190+0000] {processor.py:840} INFO - DAG(s) 'example_setup_teardown' retrieved from /home/airflow/.local/lib/python3.12/site-packages/airflow/example_dags/example_setup_teardown.py
[2024-05-23T19:29:48.457+0000] {logging_mixin.py:188} INFO - [2024-05-23T19:29:48.456+0000] {dag.py:3096} INFO - Sync 1 DAGs
[2024-05-23T19:29:48.507+0000] {logging_mixin.py:188} INFO - [2024-05-23T19:29:48.506+0000] {dag.py:3954} INFO - Setting next_dagrun for example_setup_teardown to 2024-05-22 00:00:00+00:00, run_after=2024-05-23 00:00:00+00:00
[2024-05-23T19:29:48.541+0000] {processor.py:183} INFO - Processing /home/airflow/.local/lib/python3.12/site-packages/airflow/example_dags/example_setup_teardown.py took 0.385 seconds
[2024-05-23T19:30:19.701+0000] {processor.py:161} INFO - Started process (PID=479) to work on /home/airflow/.local/lib/python3.12/site-packages/airflow/example_dags/example_setup_teardown.py
[2024-05-23T19:30:19.706+0000] {processor.py:830} INFO - Processing file /home/airflow/.local/lib/python3.12/site-packages/airflow/example_dags/example_setup_teardown.py for tasks to queue
[2024-05-23T19:30:19.713+0000] {logging_mixin.py:188} INFO - [2024-05-23T19:30:19.712+0000] {dagbag.py:545} INFO - Filling up the DagBag from /home/airflow/.local/lib/python3.12/site-packages/airflow/example_dags/example_setup_teardown.py
[2024-05-23T19:30:19.753+0000] {processor.py:840} INFO - DAG(s) 'example_setup_teardown' retrieved from /home/airflow/.local/lib/python3.12/site-packages/airflow/example_dags/example_setup_teardown.py
[2024-05-23T19:30:19.810+0000] {logging_mixin.py:188} INFO - [2024-05-23T19:30:19.809+0000] {dag.py:3096} INFO - Sync 1 DAGs
[2024-05-23T19:30:19.889+0000] {logging_mixin.py:188} INFO - [2024-05-23T19:30:19.889+0000] {dag.py:3954} INFO - Setting next_dagrun for example_setup_teardown to 2024-05-22 00:00:00+00:00, run_after=2024-05-23 00:00:00+00:00
[2024-05-23T19:30:19.937+0000] {processor.py:183} INFO - Processing /home/airflow/.local/lib/python3.12/site-packages/airflow/example_dags/example_setup_teardown.py took 0.252 seconds
[2024-05-23T19:30:50.688+0000] {processor.py:161} INFO - Started process (PID=741) to work on /home/airflow/.local/lib/python3.12/site-packages/airflow/example_dags/example_setup_teardown.py
[2024-05-23T19:30:50.690+0000] {processor.py:830} INFO - Processing file /home/airflow/.local/lib/python3.12/site-packages/airflow/example_dags/example_setup_teardown.py for tasks to queue
[2024-05-23T19:30:50.693+0000] {logging_mixin.py:188} INFO - [2024-05-23T19:30:50.693+0000] {dagbag.py:545} INFO - Filling up the DagBag from /home/airflow/.local/lib/python3.12/site-packages/airflow/example_dags/example_setup_teardown.py
[2024-05-23T19:30:50.705+0000] {processor.py:840} INFO - DAG(s) 'example_setup_teardown' retrieved from /home/airflow/.local/lib/python3.12/site-packages/airflow/example_dags/example_setup_teardown.py
[2024-05-23T19:30:50.741+0000] {logging_mixin.py:188} INFO - [2024-05-23T19:30:50.740+0000] {dag.py:3096} INFO - Sync 1 DAGs
[2024-05-23T19:30:50.782+0000] {logging_mixin.py:188} INFO - [2024-05-23T19:30:50.782+0000] {dag.py:3954} INFO - Setting next_dagrun for example_setup_teardown to 2024-05-22 00:00:00+00:00, run_after=2024-05-23 00:00:00+00:00
[2024-05-23T19:30:50.818+0000] {processor.py:183} INFO - Processing /home/airflow/.local/lib/python3.12/site-packages/airflow/example_dags/example_setup_teardown.py took 0.140 seconds
[2024-05-23T19:31:20.899+0000] {processor.py:161} INFO - Started process (PID=1003) to work on /home/airflow/.local/lib/python3.12/site-packages/airflow/example_dags/example_setup_teardown.py
[2024-05-23T19:31:20.901+0000] {processor.py:830} INFO - Processing file /home/airflow/.local/lib/python3.12/site-packages/airflow/example_dags/example_setup_teardown.py for tasks to queue
[2024-05-23T19:31:20.904+0000] {logging_mixin.py:188} INFO - [2024-05-23T19:31:20.904+0000] {dagbag.py:545} INFO - Filling up the DagBag from /home/airflow/.local/lib/python3.12/site-packages/airflow/example_dags/example_setup_teardown.py
[2024-05-23T19:31:20.915+0000] {processor.py:840} INFO - DAG(s) 'example_setup_teardown' retrieved from /home/airflow/.local/lib/python3.12/site-packages/airflow/example_dags/example_setup_teardown.py
[2024-05-23T19:31:20.947+0000] {logging_mixin.py:188} INFO - [2024-05-23T19:31:20.947+0000] {dag.py:3096} INFO - Sync 1 DAGs
[2024-05-23T19:31:20.980+0000] {logging_mixin.py:188} INFO - [2024-05-23T19:31:20.980+0000] {dag.py:3954} INFO - Setting next_dagrun for example_setup_teardown to 2024-05-22 00:00:00+00:00, run_after=2024-05-23 00:00:00+00:00
[2024-05-23T19:31:21.009+0000] {processor.py:183} INFO - Processing /home/airflow/.local/lib/python3.12/site-packages/airflow/example_dags/example_setup_teardown.py took 0.118 seconds
[2024-05-23T19:31:51.172+0000] {processor.py:161} INFO - Started process (PID=1265) to work on /home/airflow/.local/lib/python3.12/site-packages/airflow/example_dags/example_setup_teardown.py
[2024-05-23T19:31:51.174+0000] {processor.py:830} INFO - Processing file /home/airflow/.local/lib/python3.12/site-packages/airflow/example_dags/example_setup_teardown.py for tasks to queue
[2024-05-23T19:31:51.177+0000] {logging_mixin.py:188} INFO - [2024-05-23T19:31:51.176+0000] {dagbag.py:545} INFO - Filling up the DagBag from /home/airflow/.local/lib/python3.12/site-packages/airflow/example_dags/example_setup_teardown.py
[2024-05-23T19:31:51.187+0000] {processor.py:840} INFO - DAG(s) 'example_setup_teardown' retrieved from /home/airflow/.local/lib/python3.12/site-packages/airflow/example_dags/example_setup_teardown.py
[2024-05-23T19:31:51.218+0000] {logging_mixin.py:188} INFO - [2024-05-23T19:31:51.218+0000] {dag.py:3096} INFO - Sync 1 DAGs
[2024-05-23T19:31:51.252+0000] {logging_mixin.py:188} INFO - [2024-05-23T19:31:51.251+0000] {dag.py:3954} INFO - Setting next_dagrun for example_setup_teardown to 2024-05-22 00:00:00+00:00, run_after=2024-05-23 00:00:00+00:00
[2024-05-23T19:31:51.279+0000] {processor.py:183} INFO - Processing /home/airflow/.local/lib/python3.12/site-packages/airflow/example_dags/example_setup_teardown.py took 0.116 seconds
[2024-05-23T19:32:21.723+0000] {processor.py:161} INFO - Started process (PID=1527) to work on /home/airflow/.local/lib/python3.12/site-packages/airflow/example_dags/example_setup_teardown.py
[2024-05-23T19:32:21.725+0000] {processor.py:830} INFO - Processing file /home/airflow/.local/lib/python3.12/site-packages/airflow/example_dags/example_setup_teardown.py for tasks to queue
[2024-05-23T19:32:21.728+0000] {logging_mixin.py:188} INFO - [2024-05-23T19:32:21.727+0000] {dagbag.py:545} INFO - Filling up the DagBag from /home/airflow/.local/lib/python3.12/site-packages/airflow/example_dags/example_setup_teardown.py
[2024-05-23T19:32:21.739+0000] {processor.py:840} INFO - DAG(s) 'example_setup_teardown' retrieved from /home/airflow/.local/lib/python3.12/site-packages/airflow/example_dags/example_setup_teardown.py
[2024-05-23T19:32:21.778+0000] {logging_mixin.py:188} INFO - [2024-05-23T19:32:21.778+0000] {dag.py:3096} INFO - Sync 1 DAGs
[2024-05-23T19:32:21.815+0000] {logging_mixin.py:188} INFO - [2024-05-23T19:32:21.815+0000] {dag.py:3954} INFO - Setting next_dagrun for example_setup_teardown to 2024-05-22 00:00:00+00:00, run_after=2024-05-23 00:00:00+00:00
[2024-05-23T19:32:21.852+0000] {processor.py:183} INFO - Processing /home/airflow/.local/lib/python3.12/site-packages/airflow/example_dags/example_setup_teardown.py took 0.138 seconds
[2024-05-23T19:32:51.951+0000] {processor.py:161} INFO - Started process (PID=1789) to work on /home/airflow/.local/lib/python3.12/site-packages/airflow/example_dags/example_setup_teardown.py
[2024-05-23T19:32:51.953+0000] {processor.py:830} INFO - Processing file /home/airflow/.local/lib/python3.12/site-packages/airflow/example_dags/example_setup_teardown.py for tasks to queue
[2024-05-23T19:32:51.957+0000] {logging_mixin.py:188} INFO - [2024-05-23T19:32:51.956+0000] {dagbag.py:545} INFO - Filling up the DagBag from /home/airflow/.local/lib/python3.12/site-packages/airflow/example_dags/example_setup_teardown.py
[2024-05-23T19:32:51.969+0000] {processor.py:840} INFO - DAG(s) 'example_setup_teardown' retrieved from /home/airflow/.local/lib/python3.12/site-packages/airflow/example_dags/example_setup_teardown.py
[2024-05-23T19:32:52.003+0000] {logging_mixin.py:188} INFO - [2024-05-23T19:32:52.003+0000] {dag.py:3096} INFO - Sync 1 DAGs
[2024-05-23T19:32:52.038+0000] {logging_mixin.py:188} INFO - [2024-05-23T19:32:52.037+0000] {dag.py:3954} INFO - Setting next_dagrun for example_setup_teardown to 2024-05-22 00:00:00+00:00, run_after=2024-05-23 00:00:00+00:00
[2024-05-23T19:32:52.065+0000] {processor.py:183} INFO - Processing /home/airflow/.local/lib/python3.12/site-packages/airflow/example_dags/example_setup_teardown.py took 0.124 seconds
[2024-05-23T19:33:22.475+0000] {processor.py:161} INFO - Started process (PID=2051) to work on /home/airflow/.local/lib/python3.12/site-packages/airflow/example_dags/example_setup_teardown.py
[2024-05-23T19:33:22.477+0000] {processor.py:830} INFO - Processing file /home/airflow/.local/lib/python3.12/site-packages/airflow/example_dags/example_setup_teardown.py for tasks to queue
[2024-05-23T19:33:22.480+0000] {logging_mixin.py:188} INFO - [2024-05-23T19:33:22.480+0000] {dagbag.py:545} INFO - Filling up the DagBag from /home/airflow/.local/lib/python3.12/site-packages/airflow/example_dags/example_setup_teardown.py
[2024-05-23T19:33:22.502+0000] {processor.py:840} INFO - DAG(s) 'example_setup_teardown' retrieved from /home/airflow/.local/lib/python3.12/site-packages/airflow/example_dags/example_setup_teardown.py
[2024-05-23T19:33:22.560+0000] {logging_mixin.py:188} INFO - [2024-05-23T19:33:22.560+0000] {dag.py:3096} INFO - Sync 1 DAGs
[2024-05-23T19:33:22.594+0000] {logging_mixin.py:188} INFO - [2024-05-23T19:33:22.594+0000] {dag.py:3954} INFO - Setting next_dagrun for example_setup_teardown to 2024-05-22 00:00:00+00:00, run_after=2024-05-23 00:00:00+00:00
[2024-05-23T19:33:22.623+0000] {processor.py:183} INFO - Processing /home/airflow/.local/lib/python3.12/site-packages/airflow/example_dags/example_setup_teardown.py took 0.156 seconds
[2024-05-23T19:33:52.860+0000] {processor.py:161} INFO - Started process (PID=2313) to work on /home/airflow/.local/lib/python3.12/site-packages/airflow/example_dags/example_setup_teardown.py
[2024-05-23T19:33:52.862+0000] {processor.py:830} INFO - Processing file /home/airflow/.local/lib/python3.12/site-packages/airflow/example_dags/example_setup_teardown.py for tasks to queue
[2024-05-23T19:33:52.865+0000] {logging_mixin.py:188} INFO - [2024-05-23T19:33:52.864+0000] {dagbag.py:545} INFO - Filling up the DagBag from /home/airflow/.local/lib/python3.12/site-packages/airflow/example_dags/example_setup_teardown.py
[2024-05-23T19:33:52.877+0000] {processor.py:840} INFO - DAG(s) 'example_setup_teardown' retrieved from /home/airflow/.local/lib/python3.12/site-packages/airflow/example_dags/example_setup_teardown.py
[2024-05-23T19:33:52.912+0000] {logging_mixin.py:188} INFO - [2024-05-23T19:33:52.911+0000] {dag.py:3096} INFO - Sync 1 DAGs
[2024-05-23T19:33:52.951+0000] {logging_mixin.py:188} INFO - [2024-05-23T19:33:52.951+0000] {dag.py:3954} INFO - Setting next_dagrun for example_setup_teardown to 2024-05-22 00:00:00+00:00, run_after=2024-05-23 00:00:00+00:00
[2024-05-23T19:33:52.983+0000] {processor.py:183} INFO - Processing /home/airflow/.local/lib/python3.12/site-packages/airflow/example_dags/example_setup_teardown.py took 0.134 seconds
[2024-05-23T19:34:23.643+0000] {processor.py:161} INFO - Started process (PID=2574) to work on /home/airflow/.local/lib/python3.12/site-packages/airflow/example_dags/example_setup_teardown.py
[2024-05-23T19:34:23.645+0000] {processor.py:830} INFO - Processing file /home/airflow/.local/lib/python3.12/site-packages/airflow/example_dags/example_setup_teardown.py for tasks to queue
[2024-05-23T19:34:23.649+0000] {logging_mixin.py:188} INFO - [2024-05-23T19:34:23.648+0000] {dagbag.py:545} INFO - Filling up the DagBag from /home/airflow/.local/lib/python3.12/site-packages/airflow/example_dags/example_setup_teardown.py
[2024-05-23T19:34:23.659+0000] {processor.py:840} INFO - DAG(s) 'example_setup_teardown' retrieved from /home/airflow/.local/lib/python3.12/site-packages/airflow/example_dags/example_setup_teardown.py
[2024-05-23T19:34:23.693+0000] {logging_mixin.py:188} INFO - [2024-05-23T19:34:23.692+0000] {dag.py:3096} INFO - Sync 1 DAGs
[2024-05-23T19:34:23.730+0000] {logging_mixin.py:188} INFO - [2024-05-23T19:34:23.729+0000] {dag.py:3954} INFO - Setting next_dagrun for example_setup_teardown to 2024-05-22 00:00:00+00:00, run_after=2024-05-23 00:00:00+00:00
[2024-05-23T19:34:23.768+0000] {processor.py:183} INFO - Processing /home/airflow/.local/lib/python3.12/site-packages/airflow/example_dags/example_setup_teardown.py took 0.135 seconds
[2024-05-23T19:34:53.989+0000] {processor.py:161} INFO - Started process (PID=2841) to work on /home/airflow/.local/lib/python3.12/site-packages/airflow/example_dags/example_setup_teardown.py
[2024-05-23T19:34:53.991+0000] {processor.py:830} INFO - Processing file /home/airflow/.local/lib/python3.12/site-packages/airflow/example_dags/example_setup_teardown.py for tasks to queue
[2024-05-23T19:34:53.995+0000] {logging_mixin.py:188} INFO - [2024-05-23T19:34:53.994+0000] {dagbag.py:545} INFO - Filling up the DagBag from /home/airflow/.local/lib/python3.12/site-packages/airflow/example_dags/example_setup_teardown.py
[2024-05-23T19:34:54.019+0000] {processor.py:840} INFO - DAG(s) 'example_setup_teardown' retrieved from /home/airflow/.local/lib/python3.12/site-packages/airflow/example_dags/example_setup_teardown.py
[2024-05-23T19:34:54.096+0000] {logging_mixin.py:188} INFO - [2024-05-23T19:34:54.095+0000] {dag.py:3096} INFO - Sync 1 DAGs
[2024-05-23T19:34:54.164+0000] {logging_mixin.py:188} INFO - [2024-05-23T19:34:54.163+0000] {dag.py:3954} INFO - Setting next_dagrun for example_setup_teardown to 2024-05-22 00:00:00+00:00, run_after=2024-05-23 00:00:00+00:00
[2024-05-23T19:34:54.207+0000] {processor.py:183} INFO - Processing /home/airflow/.local/lib/python3.12/site-packages/airflow/example_dags/example_setup_teardown.py took 0.229 seconds
[2024-05-23T19:35:24.621+0000] {processor.py:161} INFO - Started process (PID=3123) to work on /home/airflow/.local/lib/python3.12/site-packages/airflow/example_dags/example_setup_teardown.py
[2024-05-23T19:35:24.623+0000] {processor.py:830} INFO - Processing file /home/airflow/.local/lib/python3.12/site-packages/airflow/example_dags/example_setup_teardown.py for tasks to queue
[2024-05-23T19:35:24.625+0000] {logging_mixin.py:188} INFO - [2024-05-23T19:35:24.625+0000] {dagbag.py:545} INFO - Filling up the DagBag from /home/airflow/.local/lib/python3.12/site-packages/airflow/example_dags/example_setup_teardown.py
[2024-05-23T19:35:24.636+0000] {processor.py:840} INFO - DAG(s) 'example_setup_teardown' retrieved from /home/airflow/.local/lib/python3.12/site-packages/airflow/example_dags/example_setup_teardown.py
[2024-05-23T19:35:24.671+0000] {logging_mixin.py:188} INFO - [2024-05-23T19:35:24.671+0000] {dag.py:3096} INFO - Sync 1 DAGs
[2024-05-23T19:35:24.714+0000] {logging_mixin.py:188} INFO - [2024-05-23T19:35:24.713+0000] {dag.py:3954} INFO - Setting next_dagrun for example_setup_teardown to 2024-05-22 00:00:00+00:00, run_after=2024-05-23 00:00:00+00:00
[2024-05-23T19:35:24.761+0000] {processor.py:183} INFO - Processing /home/airflow/.local/lib/python3.12/site-packages/airflow/example_dags/example_setup_teardown.py took 0.149 seconds
[2024-05-23T19:35:54.878+0000] {processor.py:161} INFO - Started process (PID=3385) to work on /home/airflow/.local/lib/python3.12/site-packages/airflow/example_dags/example_setup_teardown.py
[2024-05-23T19:35:54.879+0000] {processor.py:830} INFO - Processing file /home/airflow/.local/lib/python3.12/site-packages/airflow/example_dags/example_setup_teardown.py for tasks to queue
[2024-05-23T19:35:54.882+0000] {logging_mixin.py:188} INFO - [2024-05-23T19:35:54.882+0000] {dagbag.py:545} INFO - Filling up the DagBag from /home/airflow/.local/lib/python3.12/site-packages/airflow/example_dags/example_setup_teardown.py
[2024-05-23T19:35:54.892+0000] {processor.py:840} INFO - DAG(s) 'example_setup_teardown' retrieved from /home/airflow/.local/lib/python3.12/site-packages/airflow/example_dags/example_setup_teardown.py
[2024-05-23T19:35:54.924+0000] {logging_mixin.py:188} INFO - [2024-05-23T19:35:54.924+0000] {dag.py:3096} INFO - Sync 1 DAGs
[2024-05-23T19:35:54.958+0000] {logging_mixin.py:188} INFO - [2024-05-23T19:35:54.958+0000] {dag.py:3954} INFO - Setting next_dagrun for example_setup_teardown to 2024-05-22 00:00:00+00:00, run_after=2024-05-23 00:00:00+00:00
[2024-05-23T19:35:54.987+0000] {processor.py:183} INFO - Processing /home/airflow/.local/lib/python3.12/site-packages/airflow/example_dags/example_setup_teardown.py took 0.118 seconds
[2024-05-23T19:36:25.297+0000] {processor.py:161} INFO - Started process (PID=3647) to work on /home/airflow/.local/lib/python3.12/site-packages/airflow/example_dags/example_setup_teardown.py
[2024-05-23T19:36:25.299+0000] {processor.py:830} INFO - Processing file /home/airflow/.local/lib/python3.12/site-packages/airflow/example_dags/example_setup_teardown.py for tasks to queue
[2024-05-23T19:36:25.302+0000] {logging_mixin.py:188} INFO - [2024-05-23T19:36:25.302+0000] {dagbag.py:545} INFO - Filling up the DagBag from /home/airflow/.local/lib/python3.12/site-packages/airflow/example_dags/example_setup_teardown.py
[2024-05-23T19:36:25.312+0000] {processor.py:840} INFO - DAG(s) 'example_setup_teardown' retrieved from /home/airflow/.local/lib/python3.12/site-packages/airflow/example_dags/example_setup_teardown.py
[2024-05-23T19:36:25.345+0000] {logging_mixin.py:188} INFO - [2024-05-23T19:36:25.345+0000] {dag.py:3096} INFO - Sync 1 DAGs
[2024-05-23T19:36:25.379+0000] {logging_mixin.py:188} INFO - [2024-05-23T19:36:25.379+0000] {dag.py:3954} INFO - Setting next_dagrun for example_setup_teardown to 2024-05-22 00:00:00+00:00, run_after=2024-05-23 00:00:00+00:00
[2024-05-23T19:36:25.423+0000] {processor.py:183} INFO - Processing /home/airflow/.local/lib/python3.12/site-packages/airflow/example_dags/example_setup_teardown.py took 0.137 seconds
[2024-05-23T19:36:55.538+0000] {processor.py:161} INFO - Started process (PID=3909) to work on /home/airflow/.local/lib/python3.12/site-packages/airflow/example_dags/example_setup_teardown.py
[2024-05-23T19:36:55.540+0000] {processor.py:830} INFO - Processing file /home/airflow/.local/lib/python3.12/site-packages/airflow/example_dags/example_setup_teardown.py for tasks to queue
[2024-05-23T19:36:55.546+0000] {logging_mixin.py:188} INFO - [2024-05-23T19:36:55.545+0000] {dagbag.py:545} INFO - Filling up the DagBag from /home/airflow/.local/lib/python3.12/site-packages/airflow/example_dags/example_setup_teardown.py
[2024-05-23T19:36:55.558+0000] {processor.py:840} INFO - DAG(s) 'example_setup_teardown' retrieved from /home/airflow/.local/lib/python3.12/site-packages/airflow/example_dags/example_setup_teardown.py
[2024-05-23T19:36:55.595+0000] {logging_mixin.py:188} INFO - [2024-05-23T19:36:55.594+0000] {dag.py:3096} INFO - Sync 1 DAGs
[2024-05-23T19:36:55.630+0000] {logging_mixin.py:188} INFO - [2024-05-23T19:36:55.630+0000] {dag.py:3954} INFO - Setting next_dagrun for example_setup_teardown to 2024-05-22 00:00:00+00:00, run_after=2024-05-23 00:00:00+00:00
[2024-05-23T19:36:55.664+0000] {processor.py:183} INFO - Processing /home/airflow/.local/lib/python3.12/site-packages/airflow/example_dags/example_setup_teardown.py took 0.135 seconds
[2024-05-23T19:37:25.832+0000] {processor.py:161} INFO - Started process (PID=4171) to work on /home/airflow/.local/lib/python3.12/site-packages/airflow/example_dags/example_setup_teardown.py
[2024-05-23T19:37:25.833+0000] {processor.py:830} INFO - Processing file /home/airflow/.local/lib/python3.12/site-packages/airflow/example_dags/example_setup_teardown.py for tasks to queue
[2024-05-23T19:37:25.837+0000] {logging_mixin.py:188} INFO - [2024-05-23T19:37:25.836+0000] {dagbag.py:545} INFO - Filling up the DagBag from /home/airflow/.local/lib/python3.12/site-packages/airflow/example_dags/example_setup_teardown.py
[2024-05-23T19:37:25.848+0000] {processor.py:840} INFO - DAG(s) 'example_setup_teardown' retrieved from /home/airflow/.local/lib/python3.12/site-packages/airflow/example_dags/example_setup_teardown.py
[2024-05-23T19:37:25.880+0000] {logging_mixin.py:188} INFO - [2024-05-23T19:37:25.880+0000] {dag.py:3096} INFO - Sync 1 DAGs
[2024-05-23T19:37:25.918+0000] {logging_mixin.py:188} INFO - [2024-05-23T19:37:25.918+0000] {dag.py:3954} INFO - Setting next_dagrun for example_setup_teardown to 2024-05-22 00:00:00+00:00, run_after=2024-05-23 00:00:00+00:00
[2024-05-23T19:37:25.949+0000] {processor.py:183} INFO - Processing /home/airflow/.local/lib/python3.12/site-packages/airflow/example_dags/example_setup_teardown.py took 0.127 seconds
[2024-05-23T19:37:56.155+0000] {processor.py:161} INFO - Started process (PID=4433) to work on /home/airflow/.local/lib/python3.12/site-packages/airflow/example_dags/example_setup_teardown.py
[2024-05-23T19:37:56.157+0000] {processor.py:830} INFO - Processing file /home/airflow/.local/lib/python3.12/site-packages/airflow/example_dags/example_setup_teardown.py for tasks to queue
[2024-05-23T19:37:56.159+0000] {logging_mixin.py:188} INFO - [2024-05-23T19:37:56.159+0000] {dagbag.py:545} INFO - Filling up the DagBag from /home/airflow/.local/lib/python3.12/site-packages/airflow/example_dags/example_setup_teardown.py
[2024-05-23T19:37:56.169+0000] {processor.py:840} INFO - DAG(s) 'example_setup_teardown' retrieved from /home/airflow/.local/lib/python3.12/site-packages/airflow/example_dags/example_setup_teardown.py
[2024-05-23T19:37:56.202+0000] {logging_mixin.py:188} INFO - [2024-05-23T19:37:56.201+0000] {dag.py:3096} INFO - Sync 1 DAGs
[2024-05-23T19:37:56.235+0000] {logging_mixin.py:188} INFO - [2024-05-23T19:37:56.235+0000] {dag.py:3954} INFO - Setting next_dagrun for example_setup_teardown to 2024-05-22 00:00:00+00:00, run_after=2024-05-23 00:00:00+00:00
[2024-05-23T19:37:56.263+0000] {processor.py:183} INFO - Processing /home/airflow/.local/lib/python3.12/site-packages/airflow/example_dags/example_setup_teardown.py took 0.118 seconds
[2024-05-23T19:38:26.448+0000] {processor.py:161} INFO - Started process (PID=4695) to work on /home/airflow/.local/lib/python3.12/site-packages/airflow/example_dags/example_setup_teardown.py
[2024-05-23T19:38:26.450+0000] {processor.py:830} INFO - Processing file /home/airflow/.local/lib/python3.12/site-packages/airflow/example_dags/example_setup_teardown.py for tasks to queue
[2024-05-23T19:38:26.453+0000] {logging_mixin.py:188} INFO - [2024-05-23T19:38:26.453+0000] {dagbag.py:545} INFO - Filling up the DagBag from /home/airflow/.local/lib/python3.12/site-packages/airflow/example_dags/example_setup_teardown.py
[2024-05-23T19:38:26.463+0000] {processor.py:840} INFO - DAG(s) 'example_setup_teardown' retrieved from /home/airflow/.local/lib/python3.12/site-packages/airflow/example_dags/example_setup_teardown.py
[2024-05-23T19:38:26.497+0000] {logging_mixin.py:188} INFO - [2024-05-23T19:38:26.497+0000] {dag.py:3096} INFO - Sync 1 DAGs
[2024-05-23T19:38:26.529+0000] {logging_mixin.py:188} INFO - [2024-05-23T19:38:26.529+0000] {dag.py:3954} INFO - Setting next_dagrun for example_setup_teardown to 2024-05-22 00:00:00+00:00, run_after=2024-05-23 00:00:00+00:00
[2024-05-23T19:38:26.555+0000] {processor.py:183} INFO - Processing /home/airflow/.local/lib/python3.12/site-packages/airflow/example_dags/example_setup_teardown.py took 0.117 seconds
[2024-05-23T19:38:56.986+0000] {processor.py:161} INFO - Started process (PID=4957) to work on /home/airflow/.local/lib/python3.12/site-packages/airflow/example_dags/example_setup_teardown.py
[2024-05-23T19:38:56.988+0000] {processor.py:830} INFO - Processing file /home/airflow/.local/lib/python3.12/site-packages/airflow/example_dags/example_setup_teardown.py for tasks to queue
[2024-05-23T19:38:56.993+0000] {logging_mixin.py:188} INFO - [2024-05-23T19:38:56.992+0000] {dagbag.py:545} INFO - Filling up the DagBag from /home/airflow/.local/lib/python3.12/site-packages/airflow/example_dags/example_setup_teardown.py
[2024-05-23T19:38:57.003+0000] {processor.py:840} INFO - DAG(s) 'example_setup_teardown' retrieved from /home/airflow/.local/lib/python3.12/site-packages/airflow/example_dags/example_setup_teardown.py
[2024-05-23T19:38:57.037+0000] {logging_mixin.py:188} INFO - [2024-05-23T19:38:57.037+0000] {dag.py:3096} INFO - Sync 1 DAGs
[2024-05-23T19:38:57.072+0000] {logging_mixin.py:188} INFO - [2024-05-23T19:38:57.071+0000] {dag.py:3954} INFO - Setting next_dagrun for example_setup_teardown to 2024-05-22 00:00:00+00:00, run_after=2024-05-23 00:00:00+00:00
[2024-05-23T19:38:57.101+0000] {processor.py:183} INFO - Processing /home/airflow/.local/lib/python3.12/site-packages/airflow/example_dags/example_setup_teardown.py took 0.125 seconds
[2024-05-23T19:39:27.716+0000] {processor.py:161} INFO - Started process (PID=5219) to work on /home/airflow/.local/lib/python3.12/site-packages/airflow/example_dags/example_setup_teardown.py
[2024-05-23T19:39:27.717+0000] {processor.py:830} INFO - Processing file /home/airflow/.local/lib/python3.12/site-packages/airflow/example_dags/example_setup_teardown.py for tasks to queue
[2024-05-23T19:39:27.720+0000] {logging_mixin.py:188} INFO - [2024-05-23T19:39:27.720+0000] {dagbag.py:545} INFO - Filling up the DagBag from /home/airflow/.local/lib/python3.12/site-packages/airflow/example_dags/example_setup_teardown.py
[2024-05-23T19:39:27.730+0000] {processor.py:840} INFO - DAG(s) 'example_setup_teardown' retrieved from /home/airflow/.local/lib/python3.12/site-packages/airflow/example_dags/example_setup_teardown.py
[2024-05-23T19:39:27.762+0000] {logging_mixin.py:188} INFO - [2024-05-23T19:39:27.762+0000] {dag.py:3096} INFO - Sync 1 DAGs
[2024-05-23T19:39:27.796+0000] {logging_mixin.py:188} INFO - [2024-05-23T19:39:27.795+0000] {dag.py:3954} INFO - Setting next_dagrun for example_setup_teardown to 2024-05-22 00:00:00+00:00, run_after=2024-05-23 00:00:00+00:00
[2024-05-23T19:39:27.824+0000] {processor.py:183} INFO - Processing /home/airflow/.local/lib/python3.12/site-packages/airflow/example_dags/example_setup_teardown.py took 0.117 seconds
[2024-05-23T19:39:58.204+0000] {processor.py:161} INFO - Started process (PID=5481) to work on /home/airflow/.local/lib/python3.12/site-packages/airflow/example_dags/example_setup_teardown.py
[2024-05-23T19:39:58.205+0000] {processor.py:830} INFO - Processing file /home/airflow/.local/lib/python3.12/site-packages/airflow/example_dags/example_setup_teardown.py for tasks to queue
[2024-05-23T19:39:58.208+0000] {logging_mixin.py:188} INFO - [2024-05-23T19:39:58.208+0000] {dagbag.py:545} INFO - Filling up the DagBag from /home/airflow/.local/lib/python3.12/site-packages/airflow/example_dags/example_setup_teardown.py
[2024-05-23T19:39:58.217+0000] {processor.py:840} INFO - DAG(s) 'example_setup_teardown' retrieved from /home/airflow/.local/lib/python3.12/site-packages/airflow/example_dags/example_setup_teardown.py
[2024-05-23T19:39:58.248+0000] {logging_mixin.py:188} INFO - [2024-05-23T19:39:58.248+0000] {dag.py:3096} INFO - Sync 1 DAGs
[2024-05-23T19:39:58.281+0000] {logging_mixin.py:188} INFO - [2024-05-23T19:39:58.281+0000] {dag.py:3954} INFO - Setting next_dagrun for example_setup_teardown to 2024-05-22 00:00:00+00:00, run_after=2024-05-23 00:00:00+00:00
[2024-05-23T19:39:58.309+0000] {processor.py:183} INFO - Processing /home/airflow/.local/lib/python3.12/site-packages/airflow/example_dags/example_setup_teardown.py took 0.114 seconds
[2024-05-23T19:40:28.748+0000] {processor.py:161} INFO - Started process (PID=5743) to work on /home/airflow/.local/lib/python3.12/site-packages/airflow/example_dags/example_setup_teardown.py
[2024-05-23T19:40:28.750+0000] {processor.py:830} INFO - Processing file /home/airflow/.local/lib/python3.12/site-packages/airflow/example_dags/example_setup_teardown.py for tasks to queue
[2024-05-23T19:40:28.753+0000] {logging_mixin.py:188} INFO - [2024-05-23T19:40:28.753+0000] {dagbag.py:545} INFO - Filling up the DagBag from /home/airflow/.local/lib/python3.12/site-packages/airflow/example_dags/example_setup_teardown.py
[2024-05-23T19:40:28.762+0000] {processor.py:840} INFO - DAG(s) 'example_setup_teardown' retrieved from /home/airflow/.local/lib/python3.12/site-packages/airflow/example_dags/example_setup_teardown.py
[2024-05-23T19:40:28.793+0000] {logging_mixin.py:188} INFO - [2024-05-23T19:40:28.792+0000] {dag.py:3096} INFO - Sync 1 DAGs
[2024-05-23T19:40:28.826+0000] {logging_mixin.py:188} INFO - [2024-05-23T19:40:28.826+0000] {dag.py:3954} INFO - Setting next_dagrun for example_setup_teardown to 2024-05-22 00:00:00+00:00, run_after=2024-05-23 00:00:00+00:00
[2024-05-23T19:40:28.856+0000] {processor.py:183} INFO - Processing /home/airflow/.local/lib/python3.12/site-packages/airflow/example_dags/example_setup_teardown.py took 0.117 seconds
[2024-05-23T19:40:59.104+0000] {processor.py:161} INFO - Started process (PID=6005) to work on /home/airflow/.local/lib/python3.12/site-packages/airflow/example_dags/example_setup_teardown.py
[2024-05-23T19:40:59.119+0000] {processor.py:830} INFO - Processing file /home/airflow/.local/lib/python3.12/site-packages/airflow/example_dags/example_setup_teardown.py for tasks to queue
[2024-05-23T19:40:59.122+0000] {logging_mixin.py:188} INFO - [2024-05-23T19:40:59.122+0000] {dagbag.py:545} INFO - Filling up the DagBag from /home/airflow/.local/lib/python3.12/site-packages/airflow/example_dags/example_setup_teardown.py
[2024-05-23T19:40:59.135+0000] {processor.py:840} INFO - DAG(s) 'example_setup_teardown' retrieved from /home/airflow/.local/lib/python3.12/site-packages/airflow/example_dags/example_setup_teardown.py
[2024-05-23T19:40:59.172+0000] {logging_mixin.py:188} INFO - [2024-05-23T19:40:59.172+0000] {dag.py:3096} INFO - Sync 1 DAGs
[2024-05-23T19:40:59.213+0000] {logging_mixin.py:188} INFO - [2024-05-23T19:40:59.212+0000] {dag.py:3954} INFO - Setting next_dagrun for example_setup_teardown to 2024-05-22 00:00:00+00:00, run_after=2024-05-23 00:00:00+00:00
[2024-05-23T19:40:59.247+0000] {processor.py:183} INFO - Processing /home/airflow/.local/lib/python3.12/site-packages/airflow/example_dags/example_setup_teardown.py took 0.152 seconds
[2024-05-23T19:41:29.761+0000] {processor.py:161} INFO - Started process (PID=6267) to work on /home/airflow/.local/lib/python3.12/site-packages/airflow/example_dags/example_setup_teardown.py
[2024-05-23T19:41:29.762+0000] {processor.py:830} INFO - Processing file /home/airflow/.local/lib/python3.12/site-packages/airflow/example_dags/example_setup_teardown.py for tasks to queue
[2024-05-23T19:41:29.766+0000] {logging_mixin.py:188} INFO - [2024-05-23T19:41:29.765+0000] {dagbag.py:545} INFO - Filling up the DagBag from /home/airflow/.local/lib/python3.12/site-packages/airflow/example_dags/example_setup_teardown.py
[2024-05-23T19:41:29.778+0000] {processor.py:840} INFO - DAG(s) 'example_setup_teardown' retrieved from /home/airflow/.local/lib/python3.12/site-packages/airflow/example_dags/example_setup_teardown.py
[2024-05-23T19:41:29.813+0000] {logging_mixin.py:188} INFO - [2024-05-23T19:41:29.813+0000] {dag.py:3096} INFO - Sync 1 DAGs
[2024-05-23T19:41:29.849+0000] {logging_mixin.py:188} INFO - [2024-05-23T19:41:29.849+0000] {dag.py:3954} INFO - Setting next_dagrun for example_setup_teardown to 2024-05-22 00:00:00+00:00, run_after=2024-05-23 00:00:00+00:00
[2024-05-23T19:41:29.880+0000] {processor.py:183} INFO - Processing /home/airflow/.local/lib/python3.12/site-packages/airflow/example_dags/example_setup_teardown.py took 0.128 seconds
[2024-05-23T19:42:00.125+0000] {processor.py:161} INFO - Started process (PID=6528) to work on /home/airflow/.local/lib/python3.12/site-packages/airflow/example_dags/example_setup_teardown.py
[2024-05-23T19:42:00.128+0000] {processor.py:830} INFO - Processing file /home/airflow/.local/lib/python3.12/site-packages/airflow/example_dags/example_setup_teardown.py for tasks to queue
[2024-05-23T19:42:00.131+0000] {logging_mixin.py:188} INFO - [2024-05-23T19:42:00.131+0000] {dagbag.py:545} INFO - Filling up the DagBag from /home/airflow/.local/lib/python3.12/site-packages/airflow/example_dags/example_setup_teardown.py
[2024-05-23T19:42:00.141+0000] {processor.py:840} INFO - DAG(s) 'example_setup_teardown' retrieved from /home/airflow/.local/lib/python3.12/site-packages/airflow/example_dags/example_setup_teardown.py
[2024-05-23T19:42:00.174+0000] {logging_mixin.py:188} INFO - [2024-05-23T19:42:00.173+0000] {dag.py:3096} INFO - Sync 1 DAGs
[2024-05-23T19:42:00.211+0000] {logging_mixin.py:188} INFO - [2024-05-23T19:42:00.210+0000] {dag.py:3954} INFO - Setting next_dagrun for example_setup_teardown to 2024-05-22 00:00:00+00:00, run_after=2024-05-23 00:00:00+00:00
[2024-05-23T19:42:00.245+0000] {processor.py:183} INFO - Processing /home/airflow/.local/lib/python3.12/site-packages/airflow/example_dags/example_setup_teardown.py took 0.129 seconds
[2024-05-23T19:42:30.463+0000] {processor.py:161} INFO - Started process (PID=6790) to work on /home/airflow/.local/lib/python3.12/site-packages/airflow/example_dags/example_setup_teardown.py
[2024-05-23T19:42:30.464+0000] {processor.py:830} INFO - Processing file /home/airflow/.local/lib/python3.12/site-packages/airflow/example_dags/example_setup_teardown.py for tasks to queue
[2024-05-23T19:42:30.467+0000] {logging_mixin.py:188} INFO - [2024-05-23T19:42:30.466+0000] {dagbag.py:545} INFO - Filling up the DagBag from /home/airflow/.local/lib/python3.12/site-packages/airflow/example_dags/example_setup_teardown.py
[2024-05-23T19:42:30.476+0000] {processor.py:840} INFO - DAG(s) 'example_setup_teardown' retrieved from /home/airflow/.local/lib/python3.12/site-packages/airflow/example_dags/example_setup_teardown.py
[2024-05-23T19:42:30.504+0000] {logging_mixin.py:188} INFO - [2024-05-23T19:42:30.504+0000] {dag.py:3096} INFO - Sync 1 DAGs
[2024-05-23T19:42:30.534+0000] {logging_mixin.py:188} INFO - [2024-05-23T19:42:30.534+0000] {dag.py:3954} INFO - Setting next_dagrun for example_setup_teardown to 2024-05-22 00:00:00+00:00, run_after=2024-05-23 00:00:00+00:00
[2024-05-23T19:42:30.559+0000] {processor.py:183} INFO - Processing /home/airflow/.local/lib/python3.12/site-packages/airflow/example_dags/example_setup_teardown.py took 0.104 seconds
[2024-05-23T19:43:00.775+0000] {processor.py:161} INFO - Started process (PID=7052) to work on /home/airflow/.local/lib/python3.12/site-packages/airflow/example_dags/example_setup_teardown.py
[2024-05-23T19:43:00.776+0000] {processor.py:830} INFO - Processing file /home/airflow/.local/lib/python3.12/site-packages/airflow/example_dags/example_setup_teardown.py for tasks to queue
[2024-05-23T19:43:00.780+0000] {logging_mixin.py:188} INFO - [2024-05-23T19:43:00.779+0000] {dagbag.py:545} INFO - Filling up the DagBag from /home/airflow/.local/lib/python3.12/site-packages/airflow/example_dags/example_setup_teardown.py
[2024-05-23T19:43:00.789+0000] {processor.py:840} INFO - DAG(s) 'example_setup_teardown' retrieved from /home/airflow/.local/lib/python3.12/site-packages/airflow/example_dags/example_setup_teardown.py
[2024-05-23T19:43:00.818+0000] {logging_mixin.py:188} INFO - [2024-05-23T19:43:00.818+0000] {dag.py:3096} INFO - Sync 1 DAGs
[2024-05-23T19:43:00.850+0000] {logging_mixin.py:188} INFO - [2024-05-23T19:43:00.850+0000] {dag.py:3954} INFO - Setting next_dagrun for example_setup_teardown to 2024-05-22 00:00:00+00:00, run_after=2024-05-23 00:00:00+00:00
[2024-05-23T19:43:00.877+0000] {processor.py:183} INFO - Processing /home/airflow/.local/lib/python3.12/site-packages/airflow/example_dags/example_setup_teardown.py took 0.111 seconds
[2024-05-23T19:43:31.114+0000] {processor.py:161} INFO - Started process (PID=7314) to work on /home/airflow/.local/lib/python3.12/site-packages/airflow/example_dags/example_setup_teardown.py
[2024-05-23T19:43:31.115+0000] {processor.py:830} INFO - Processing file /home/airflow/.local/lib/python3.12/site-packages/airflow/example_dags/example_setup_teardown.py for tasks to queue
[2024-05-23T19:43:31.118+0000] {logging_mixin.py:188} INFO - [2024-05-23T19:43:31.117+0000] {dagbag.py:545} INFO - Filling up the DagBag from /home/airflow/.local/lib/python3.12/site-packages/airflow/example_dags/example_setup_teardown.py
[2024-05-23T19:43:31.127+0000] {processor.py:840} INFO - DAG(s) 'example_setup_teardown' retrieved from /home/airflow/.local/lib/python3.12/site-packages/airflow/example_dags/example_setup_teardown.py
[2024-05-23T19:43:31.157+0000] {logging_mixin.py:188} INFO - [2024-05-23T19:43:31.157+0000] {dag.py:3096} INFO - Sync 1 DAGs
[2024-05-23T19:43:31.192+0000] {logging_mixin.py:188} INFO - [2024-05-23T19:43:31.191+0000] {dag.py:3954} INFO - Setting next_dagrun for example_setup_teardown to 2024-05-22 00:00:00+00:00, run_after=2024-05-23 00:00:00+00:00
[2024-05-23T19:43:31.218+0000] {processor.py:183} INFO - Processing /home/airflow/.local/lib/python3.12/site-packages/airflow/example_dags/example_setup_teardown.py took 0.114 seconds
[2024-05-23T19:44:01.770+0000] {processor.py:161} INFO - Started process (PID=7576) to work on /home/airflow/.local/lib/python3.12/site-packages/airflow/example_dags/example_setup_teardown.py
[2024-05-23T19:44:01.772+0000] {processor.py:830} INFO - Processing file /home/airflow/.local/lib/python3.12/site-packages/airflow/example_dags/example_setup_teardown.py for tasks to queue
[2024-05-23T19:44:01.775+0000] {logging_mixin.py:188} INFO - [2024-05-23T19:44:01.775+0000] {dagbag.py:545} INFO - Filling up the DagBag from /home/airflow/.local/lib/python3.12/site-packages/airflow/example_dags/example_setup_teardown.py
[2024-05-23T19:44:01.784+0000] {processor.py:840} INFO - DAG(s) 'example_setup_teardown' retrieved from /home/airflow/.local/lib/python3.12/site-packages/airflow/example_dags/example_setup_teardown.py
[2024-05-23T19:44:01.816+0000] {logging_mixin.py:188} INFO - [2024-05-23T19:44:01.816+0000] {dag.py:3096} INFO - Sync 1 DAGs
[2024-05-23T19:44:01.852+0000] {logging_mixin.py:188} INFO - [2024-05-23T19:44:01.852+0000] {dag.py:3954} INFO - Setting next_dagrun for example_setup_teardown to 2024-05-22 00:00:00+00:00, run_after=2024-05-23 00:00:00+00:00
[2024-05-23T19:44:01.884+0000] {processor.py:183} INFO - Processing /home/airflow/.local/lib/python3.12/site-packages/airflow/example_dags/example_setup_teardown.py took 0.123 seconds
[2024-05-23T19:44:32.508+0000] {processor.py:161} INFO - Started process (PID=7832) to work on /home/airflow/.local/lib/python3.12/site-packages/airflow/example_dags/example_setup_teardown.py
[2024-05-23T19:44:32.512+0000] {processor.py:830} INFO - Processing file /home/airflow/.local/lib/python3.12/site-packages/airflow/example_dags/example_setup_teardown.py for tasks to queue
[2024-05-23T19:44:32.516+0000] {logging_mixin.py:188} INFO - [2024-05-23T19:44:32.515+0000] {dagbag.py:545} INFO - Filling up the DagBag from /home/airflow/.local/lib/python3.12/site-packages/airflow/example_dags/example_setup_teardown.py
[2024-05-23T19:44:32.525+0000] {processor.py:840} INFO - DAG(s) 'example_setup_teardown' retrieved from /home/airflow/.local/lib/python3.12/site-packages/airflow/example_dags/example_setup_teardown.py
[2024-05-23T19:44:32.561+0000] {logging_mixin.py:188} INFO - [2024-05-23T19:44:32.560+0000] {dag.py:3096} INFO - Sync 1 DAGs
[2024-05-23T19:44:32.594+0000] {logging_mixin.py:188} INFO - [2024-05-23T19:44:32.593+0000] {dag.py:3954} INFO - Setting next_dagrun for example_setup_teardown to 2024-05-22 00:00:00+00:00, run_after=2024-05-23 00:00:00+00:00
[2024-05-23T19:44:32.621+0000] {processor.py:183} INFO - Processing /home/airflow/.local/lib/python3.12/site-packages/airflow/example_dags/example_setup_teardown.py took 0.121 seconds
[2024-05-23T19:45:02.959+0000] {processor.py:161} INFO - Started process (PID=8094) to work on /home/airflow/.local/lib/python3.12/site-packages/airflow/example_dags/example_setup_teardown.py
[2024-05-23T19:45:02.961+0000] {processor.py:830} INFO - Processing file /home/airflow/.local/lib/python3.12/site-packages/airflow/example_dags/example_setup_teardown.py for tasks to queue
[2024-05-23T19:45:02.964+0000] {logging_mixin.py:188} INFO - [2024-05-23T19:45:02.964+0000] {dagbag.py:545} INFO - Filling up the DagBag from /home/airflow/.local/lib/python3.12/site-packages/airflow/example_dags/example_setup_teardown.py
[2024-05-23T19:45:02.974+0000] {processor.py:840} INFO - DAG(s) 'example_setup_teardown' retrieved from /home/airflow/.local/lib/python3.12/site-packages/airflow/example_dags/example_setup_teardown.py
[2024-05-23T19:45:03.011+0000] {logging_mixin.py:188} INFO - [2024-05-23T19:45:03.011+0000] {dag.py:3096} INFO - Sync 1 DAGs
[2024-05-23T19:45:03.044+0000] {logging_mixin.py:188} INFO - [2024-05-23T19:45:03.044+0000] {dag.py:3954} INFO - Setting next_dagrun for example_setup_teardown to 2024-05-22 00:00:00+00:00, run_after=2024-05-23 00:00:00+00:00
[2024-05-23T19:45:03.072+0000] {processor.py:183} INFO - Processing /home/airflow/.local/lib/python3.12/site-packages/airflow/example_dags/example_setup_teardown.py took 0.122 seconds
[2024-05-23T19:45:33.436+0000] {processor.py:161} INFO - Started process (PID=8356) to work on /home/airflow/.local/lib/python3.12/site-packages/airflow/example_dags/example_setup_teardown.py
[2024-05-23T19:45:33.438+0000] {processor.py:830} INFO - Processing file /home/airflow/.local/lib/python3.12/site-packages/airflow/example_dags/example_setup_teardown.py for tasks to queue
[2024-05-23T19:45:33.441+0000] {logging_mixin.py:188} INFO - [2024-05-23T19:45:33.440+0000] {dagbag.py:545} INFO - Filling up the DagBag from /home/airflow/.local/lib/python3.12/site-packages/airflow/example_dags/example_setup_teardown.py
[2024-05-23T19:45:33.450+0000] {processor.py:840} INFO - DAG(s) 'example_setup_teardown' retrieved from /home/airflow/.local/lib/python3.12/site-packages/airflow/example_dags/example_setup_teardown.py
[2024-05-23T19:45:33.478+0000] {logging_mixin.py:188} INFO - [2024-05-23T19:45:33.478+0000] {dag.py:3096} INFO - Sync 1 DAGs
[2024-05-23T19:45:33.508+0000] {logging_mixin.py:188} INFO - [2024-05-23T19:45:33.507+0000] {dag.py:3954} INFO - Setting next_dagrun for example_setup_teardown to 2024-05-22 00:00:00+00:00, run_after=2024-05-23 00:00:00+00:00
[2024-05-23T19:45:33.531+0000] {processor.py:183} INFO - Processing /home/airflow/.local/lib/python3.12/site-packages/airflow/example_dags/example_setup_teardown.py took 0.103 seconds
[2024-05-23T19:46:03.690+0000] {processor.py:161} INFO - Started process (PID=8618) to work on /home/airflow/.local/lib/python3.12/site-packages/airflow/example_dags/example_setup_teardown.py
[2024-05-23T19:46:03.692+0000] {processor.py:830} INFO - Processing file /home/airflow/.local/lib/python3.12/site-packages/airflow/example_dags/example_setup_teardown.py for tasks to queue
[2024-05-23T19:46:03.695+0000] {logging_mixin.py:188} INFO - [2024-05-23T19:46:03.694+0000] {dagbag.py:545} INFO - Filling up the DagBag from /home/airflow/.local/lib/python3.12/site-packages/airflow/example_dags/example_setup_teardown.py
[2024-05-23T19:46:03.704+0000] {processor.py:840} INFO - DAG(s) 'example_setup_teardown' retrieved from /home/airflow/.local/lib/python3.12/site-packages/airflow/example_dags/example_setup_teardown.py
[2024-05-23T19:46:03.733+0000] {logging_mixin.py:188} INFO - [2024-05-23T19:46:03.732+0000] {dag.py:3096} INFO - Sync 1 DAGs
[2024-05-23T19:46:03.764+0000] {logging_mixin.py:188} INFO - [2024-05-23T19:46:03.764+0000] {dag.py:3954} INFO - Setting next_dagrun for example_setup_teardown to 2024-05-22 00:00:00+00:00, run_after=2024-05-23 00:00:00+00:00
[2024-05-23T19:46:03.788+0000] {processor.py:183} INFO - Processing /home/airflow/.local/lib/python3.12/site-packages/airflow/example_dags/example_setup_teardown.py took 0.106 seconds
[2024-05-23T19:46:33.926+0000] {processor.py:161} INFO - Started process (PID=8880) to work on /home/airflow/.local/lib/python3.12/site-packages/airflow/example_dags/example_setup_teardown.py
[2024-05-23T19:46:33.927+0000] {processor.py:830} INFO - Processing file /home/airflow/.local/lib/python3.12/site-packages/airflow/example_dags/example_setup_teardown.py for tasks to queue
[2024-05-23T19:46:33.930+0000] {logging_mixin.py:188} INFO - [2024-05-23T19:46:33.929+0000] {dagbag.py:545} INFO - Filling up the DagBag from /home/airflow/.local/lib/python3.12/site-packages/airflow/example_dags/example_setup_teardown.py
[2024-05-23T19:46:33.938+0000] {processor.py:840} INFO - DAG(s) 'example_setup_teardown' retrieved from /home/airflow/.local/lib/python3.12/site-packages/airflow/example_dags/example_setup_teardown.py
[2024-05-23T19:46:33.967+0000] {logging_mixin.py:188} INFO - [2024-05-23T19:46:33.966+0000] {dag.py:3096} INFO - Sync 1 DAGs
[2024-05-23T19:46:33.996+0000] {logging_mixin.py:188} INFO - [2024-05-23T19:46:33.995+0000] {dag.py:3954} INFO - Setting next_dagrun for example_setup_teardown to 2024-05-22 00:00:00+00:00, run_after=2024-05-23 00:00:00+00:00
[2024-05-23T19:46:34.019+0000] {processor.py:183} INFO - Processing /home/airflow/.local/lib/python3.12/site-packages/airflow/example_dags/example_setup_teardown.py took 0.101 seconds
[2024-05-23T19:47:04.211+0000] {processor.py:161} INFO - Started process (PID=9142) to work on /home/airflow/.local/lib/python3.12/site-packages/airflow/example_dags/example_setup_teardown.py
[2024-05-23T19:47:04.212+0000] {processor.py:830} INFO - Processing file /home/airflow/.local/lib/python3.12/site-packages/airflow/example_dags/example_setup_teardown.py for tasks to queue
[2024-05-23T19:47:04.215+0000] {logging_mixin.py:188} INFO - [2024-05-23T19:47:04.214+0000] {dagbag.py:545} INFO - Filling up the DagBag from /home/airflow/.local/lib/python3.12/site-packages/airflow/example_dags/example_setup_teardown.py
[2024-05-23T19:47:04.223+0000] {processor.py:840} INFO - DAG(s) 'example_setup_teardown' retrieved from /home/airflow/.local/lib/python3.12/site-packages/airflow/example_dags/example_setup_teardown.py
[2024-05-23T19:47:04.252+0000] {logging_mixin.py:188} INFO - [2024-05-23T19:47:04.252+0000] {dag.py:3096} INFO - Sync 1 DAGs
[2024-05-23T19:47:04.281+0000] {logging_mixin.py:188} INFO - [2024-05-23T19:47:04.281+0000] {dag.py:3954} INFO - Setting next_dagrun for example_setup_teardown to 2024-05-22 00:00:00+00:00, run_after=2024-05-23 00:00:00+00:00
[2024-05-23T19:47:04.305+0000] {processor.py:183} INFO - Processing /home/airflow/.local/lib/python3.12/site-packages/airflow/example_dags/example_setup_teardown.py took 0.102 seconds
[2024-05-23T19:47:34.373+0000] {processor.py:161} INFO - Started process (PID=9404) to work on /home/airflow/.local/lib/python3.12/site-packages/airflow/example_dags/example_setup_teardown.py
[2024-05-23T19:47:34.374+0000] {processor.py:830} INFO - Processing file /home/airflow/.local/lib/python3.12/site-packages/airflow/example_dags/example_setup_teardown.py for tasks to queue
[2024-05-23T19:47:34.377+0000] {logging_mixin.py:188} INFO - [2024-05-23T19:47:34.377+0000] {dagbag.py:545} INFO - Filling up the DagBag from /home/airflow/.local/lib/python3.12/site-packages/airflow/example_dags/example_setup_teardown.py
[2024-05-23T19:47:34.386+0000] {processor.py:840} INFO - DAG(s) 'example_setup_teardown' retrieved from /home/airflow/.local/lib/python3.12/site-packages/airflow/example_dags/example_setup_teardown.py
[2024-05-23T19:47:34.415+0000] {logging_mixin.py:188} INFO - [2024-05-23T19:47:34.415+0000] {dag.py:3096} INFO - Sync 1 DAGs
[2024-05-23T19:47:34.447+0000] {logging_mixin.py:188} INFO - [2024-05-23T19:47:34.447+0000] {dag.py:3954} INFO - Setting next_dagrun for example_setup_teardown to 2024-05-22 00:00:00+00:00, run_after=2024-05-23 00:00:00+00:00
[2024-05-23T19:47:34.471+0000] {processor.py:183} INFO - Processing /home/airflow/.local/lib/python3.12/site-packages/airflow/example_dags/example_setup_teardown.py took 0.106 seconds
[2024-05-23T19:48:04.925+0000] {processor.py:161} INFO - Started process (PID=9666) to work on /home/airflow/.local/lib/python3.12/site-packages/airflow/example_dags/example_setup_teardown.py
[2024-05-23T19:48:04.927+0000] {processor.py:830} INFO - Processing file /home/airflow/.local/lib/python3.12/site-packages/airflow/example_dags/example_setup_teardown.py for tasks to queue
[2024-05-23T19:48:04.930+0000] {logging_mixin.py:188} INFO - [2024-05-23T19:48:04.929+0000] {dagbag.py:545} INFO - Filling up the DagBag from /home/airflow/.local/lib/python3.12/site-packages/airflow/example_dags/example_setup_teardown.py
[2024-05-23T19:48:04.938+0000] {processor.py:840} INFO - DAG(s) 'example_setup_teardown' retrieved from /home/airflow/.local/lib/python3.12/site-packages/airflow/example_dags/example_setup_teardown.py
[2024-05-23T19:48:04.968+0000] {logging_mixin.py:188} INFO - [2024-05-23T19:48:04.967+0000] {dag.py:3096} INFO - Sync 1 DAGs
[2024-05-23T19:48:04.998+0000] {logging_mixin.py:188} INFO - [2024-05-23T19:48:04.998+0000] {dag.py:3954} INFO - Setting next_dagrun for example_setup_teardown to 2024-05-22 00:00:00+00:00, run_after=2024-05-23 00:00:00+00:00
[2024-05-23T19:48:05.169+0000] {processor.py:183} INFO - Processing /home/airflow/.local/lib/python3.12/site-packages/airflow/example_dags/example_setup_teardown.py took 0.252 seconds
[2024-05-23T19:48:35.275+0000] {processor.py:161} INFO - Started process (PID=9928) to work on /home/airflow/.local/lib/python3.12/site-packages/airflow/example_dags/example_setup_teardown.py
[2024-05-23T19:48:35.276+0000] {processor.py:830} INFO - Processing file /home/airflow/.local/lib/python3.12/site-packages/airflow/example_dags/example_setup_teardown.py for tasks to queue
[2024-05-23T19:48:35.279+0000] {logging_mixin.py:188} INFO - [2024-05-23T19:48:35.279+0000] {dagbag.py:545} INFO - Filling up the DagBag from /home/airflow/.local/lib/python3.12/site-packages/airflow/example_dags/example_setup_teardown.py
[2024-05-23T19:48:35.290+0000] {processor.py:840} INFO - DAG(s) 'example_setup_teardown' retrieved from /home/airflow/.local/lib/python3.12/site-packages/airflow/example_dags/example_setup_teardown.py
[2024-05-23T19:48:35.321+0000] {logging_mixin.py:188} INFO - [2024-05-23T19:48:35.321+0000] {dag.py:3096} INFO - Sync 1 DAGs
[2024-05-23T19:48:35.354+0000] {logging_mixin.py:188} INFO - [2024-05-23T19:48:35.353+0000] {dag.py:3954} INFO - Setting next_dagrun for example_setup_teardown to 2024-05-22 00:00:00+00:00, run_after=2024-05-23 00:00:00+00:00
[2024-05-23T19:48:35.381+0000] {processor.py:183} INFO - Processing /home/airflow/.local/lib/python3.12/site-packages/airflow/example_dags/example_setup_teardown.py took 0.116 seconds
[2024-05-23T19:49:05.539+0000] {processor.py:161} INFO - Started process (PID=10190) to work on /home/airflow/.local/lib/python3.12/site-packages/airflow/example_dags/example_setup_teardown.py
[2024-05-23T19:49:05.541+0000] {processor.py:830} INFO - Processing file /home/airflow/.local/lib/python3.12/site-packages/airflow/example_dags/example_setup_teardown.py for tasks to queue
[2024-05-23T19:49:05.543+0000] {logging_mixin.py:188} INFO - [2024-05-23T19:49:05.543+0000] {dagbag.py:545} INFO - Filling up the DagBag from /home/airflow/.local/lib/python3.12/site-packages/airflow/example_dags/example_setup_teardown.py
[2024-05-23T19:49:05.553+0000] {processor.py:840} INFO - DAG(s) 'example_setup_teardown' retrieved from /home/airflow/.local/lib/python3.12/site-packages/airflow/example_dags/example_setup_teardown.py
[2024-05-23T19:49:05.583+0000] {logging_mixin.py:188} INFO - [2024-05-23T19:49:05.583+0000] {dag.py:3096} INFO - Sync 1 DAGs
[2024-05-23T19:49:05.616+0000] {logging_mixin.py:188} INFO - [2024-05-23T19:49:05.616+0000] {dag.py:3954} INFO - Setting next_dagrun for example_setup_teardown to 2024-05-22 00:00:00+00:00, run_after=2024-05-23 00:00:00+00:00
[2024-05-23T19:49:05.645+0000] {processor.py:183} INFO - Processing /home/airflow/.local/lib/python3.12/site-packages/airflow/example_dags/example_setup_teardown.py took 0.115 seconds
[2024-05-23T19:49:35.855+0000] {processor.py:161} INFO - Started process (PID=10452) to work on /home/airflow/.local/lib/python3.12/site-packages/airflow/example_dags/example_setup_teardown.py
[2024-05-23T19:49:35.857+0000] {processor.py:830} INFO - Processing file /home/airflow/.local/lib/python3.12/site-packages/airflow/example_dags/example_setup_teardown.py for tasks to queue
[2024-05-23T19:49:35.860+0000] {logging_mixin.py:188} INFO - [2024-05-23T19:49:35.859+0000] {dagbag.py:545} INFO - Filling up the DagBag from /home/airflow/.local/lib/python3.12/site-packages/airflow/example_dags/example_setup_teardown.py
[2024-05-23T19:49:35.869+0000] {processor.py:840} INFO - DAG(s) 'example_setup_teardown' retrieved from /home/airflow/.local/lib/python3.12/site-packages/airflow/example_dags/example_setup_teardown.py
[2024-05-23T19:49:35.901+0000] {logging_mixin.py:188} INFO - [2024-05-23T19:49:35.901+0000] {dag.py:3096} INFO - Sync 1 DAGs
[2024-05-23T19:49:35.934+0000] {logging_mixin.py:188} INFO - [2024-05-23T19:49:35.933+0000] {dag.py:3954} INFO - Setting next_dagrun for example_setup_teardown to 2024-05-22 00:00:00+00:00, run_after=2024-05-23 00:00:00+00:00
[2024-05-23T19:49:35.962+0000] {processor.py:183} INFO - Processing /home/airflow/.local/lib/python3.12/site-packages/airflow/example_dags/example_setup_teardown.py took 0.117 seconds
[2024-05-23T19:50:06.337+0000] {processor.py:161} INFO - Started process (PID=10714) to work on /home/airflow/.local/lib/python3.12/site-packages/airflow/example_dags/example_setup_teardown.py
[2024-05-23T19:50:06.340+0000] {processor.py:830} INFO - Processing file /home/airflow/.local/lib/python3.12/site-packages/airflow/example_dags/example_setup_teardown.py for tasks to queue
[2024-05-23T19:50:06.343+0000] {logging_mixin.py:188} INFO - [2024-05-23T19:50:06.343+0000] {dagbag.py:545} INFO - Filling up the DagBag from /home/airflow/.local/lib/python3.12/site-packages/airflow/example_dags/example_setup_teardown.py
[2024-05-23T19:50:06.355+0000] {processor.py:840} INFO - DAG(s) 'example_setup_teardown' retrieved from /home/airflow/.local/lib/python3.12/site-packages/airflow/example_dags/example_setup_teardown.py
[2024-05-23T19:50:06.387+0000] {logging_mixin.py:188} INFO - [2024-05-23T19:50:06.387+0000] {dag.py:3096} INFO - Sync 1 DAGs
[2024-05-23T19:50:06.423+0000] {logging_mixin.py:188} INFO - [2024-05-23T19:50:06.423+0000] {dag.py:3954} INFO - Setting next_dagrun for example_setup_teardown to 2024-05-22 00:00:00+00:00, run_after=2024-05-23 00:00:00+00:00
[2024-05-23T19:50:06.451+0000] {processor.py:183} INFO - Processing /home/airflow/.local/lib/python3.12/site-packages/airflow/example_dags/example_setup_teardown.py took 0.123 seconds
[2024-05-23T19:50:37.195+0000] {processor.py:161} INFO - Started process (PID=10976) to work on /home/airflow/.local/lib/python3.12/site-packages/airflow/example_dags/example_setup_teardown.py
[2024-05-23T19:50:37.197+0000] {processor.py:830} INFO - Processing file /home/airflow/.local/lib/python3.12/site-packages/airflow/example_dags/example_setup_teardown.py for tasks to queue
[2024-05-23T19:50:37.200+0000] {logging_mixin.py:188} INFO - [2024-05-23T19:50:37.199+0000] {dagbag.py:545} INFO - Filling up the DagBag from /home/airflow/.local/lib/python3.12/site-packages/airflow/example_dags/example_setup_teardown.py
[2024-05-23T19:50:37.211+0000] {processor.py:840} INFO - DAG(s) 'example_setup_teardown' retrieved from /home/airflow/.local/lib/python3.12/site-packages/airflow/example_dags/example_setup_teardown.py
[2024-05-23T19:50:37.408+0000] {logging_mixin.py:188} INFO - [2024-05-23T19:50:37.408+0000] {dag.py:3096} INFO - Sync 1 DAGs
[2024-05-23T19:50:37.437+0000] {logging_mixin.py:188} INFO - [2024-05-23T19:50:37.437+0000] {dag.py:3954} INFO - Setting next_dagrun for example_setup_teardown to 2024-05-22 00:00:00+00:00, run_after=2024-05-23 00:00:00+00:00
[2024-05-23T19:50:37.463+0000] {processor.py:183} INFO - Processing /home/airflow/.local/lib/python3.12/site-packages/airflow/example_dags/example_setup_teardown.py took 0.281 seconds
[2024-05-23T19:51:07.866+0000] {processor.py:161} INFO - Started process (PID=11238) to work on /home/airflow/.local/lib/python3.12/site-packages/airflow/example_dags/example_setup_teardown.py
[2024-05-23T19:51:07.867+0000] {processor.py:830} INFO - Processing file /home/airflow/.local/lib/python3.12/site-packages/airflow/example_dags/example_setup_teardown.py for tasks to queue
[2024-05-23T19:51:07.870+0000] {logging_mixin.py:188} INFO - [2024-05-23T19:51:07.870+0000] {dagbag.py:545} INFO - Filling up the DagBag from /home/airflow/.local/lib/python3.12/site-packages/airflow/example_dags/example_setup_teardown.py
[2024-05-23T19:51:07.880+0000] {processor.py:840} INFO - DAG(s) 'example_setup_teardown' retrieved from /home/airflow/.local/lib/python3.12/site-packages/airflow/example_dags/example_setup_teardown.py
[2024-05-23T19:51:07.912+0000] {logging_mixin.py:188} INFO - [2024-05-23T19:51:07.911+0000] {dag.py:3096} INFO - Sync 1 DAGs
[2024-05-23T19:51:07.944+0000] {logging_mixin.py:188} INFO - [2024-05-23T19:51:07.944+0000] {dag.py:3954} INFO - Setting next_dagrun for example_setup_teardown to 2024-05-22 00:00:00+00:00, run_after=2024-05-23 00:00:00+00:00
[2024-05-23T19:51:07.969+0000] {processor.py:183} INFO - Processing /home/airflow/.local/lib/python3.12/site-packages/airflow/example_dags/example_setup_teardown.py took 0.112 seconds
[2024-05-23T19:51:38.715+0000] {processor.py:161} INFO - Started process (PID=11500) to work on /home/airflow/.local/lib/python3.12/site-packages/airflow/example_dags/example_setup_teardown.py
[2024-05-23T19:51:38.716+0000] {processor.py:830} INFO - Processing file /home/airflow/.local/lib/python3.12/site-packages/airflow/example_dags/example_setup_teardown.py for tasks to queue
[2024-05-23T19:51:38.719+0000] {logging_mixin.py:188} INFO - [2024-05-23T19:51:38.719+0000] {dagbag.py:545} INFO - Filling up the DagBag from /home/airflow/.local/lib/python3.12/site-packages/airflow/example_dags/example_setup_teardown.py
[2024-05-23T19:51:38.729+0000] {processor.py:840} INFO - DAG(s) 'example_setup_teardown' retrieved from /home/airflow/.local/lib/python3.12/site-packages/airflow/example_dags/example_setup_teardown.py
[2024-05-23T19:51:38.763+0000] {logging_mixin.py:188} INFO - [2024-05-23T19:51:38.762+0000] {dag.py:3096} INFO - Sync 1 DAGs
[2024-05-23T19:51:38.798+0000] {logging_mixin.py:188} INFO - [2024-05-23T19:51:38.798+0000] {dag.py:3954} INFO - Setting next_dagrun for example_setup_teardown to 2024-05-22 00:00:00+00:00, run_after=2024-05-23 00:00:00+00:00
[2024-05-23T19:51:38.826+0000] {processor.py:183} INFO - Processing /home/airflow/.local/lib/python3.12/site-packages/airflow/example_dags/example_setup_teardown.py took 0.121 seconds
[2024-05-23T19:52:09.108+0000] {processor.py:161} INFO - Started process (PID=11762) to work on /home/airflow/.local/lib/python3.12/site-packages/airflow/example_dags/example_setup_teardown.py
[2024-05-23T19:52:09.109+0000] {processor.py:830} INFO - Processing file /home/airflow/.local/lib/python3.12/site-packages/airflow/example_dags/example_setup_teardown.py for tasks to queue
[2024-05-23T19:52:09.112+0000] {logging_mixin.py:188} INFO - [2024-05-23T19:52:09.112+0000] {dagbag.py:545} INFO - Filling up the DagBag from /home/airflow/.local/lib/python3.12/site-packages/airflow/example_dags/example_setup_teardown.py
[2024-05-23T19:52:09.124+0000] {processor.py:840} INFO - DAG(s) 'example_setup_teardown' retrieved from /home/airflow/.local/lib/python3.12/site-packages/airflow/example_dags/example_setup_teardown.py
[2024-05-23T19:52:09.158+0000] {logging_mixin.py:188} INFO - [2024-05-23T19:52:09.157+0000] {dag.py:3096} INFO - Sync 1 DAGs
[2024-05-23T19:52:09.195+0000] {logging_mixin.py:188} INFO - [2024-05-23T19:52:09.195+0000] {dag.py:3954} INFO - Setting next_dagrun for example_setup_teardown to 2024-05-22 00:00:00+00:00, run_after=2024-05-23 00:00:00+00:00
[2024-05-23T19:52:09.227+0000] {processor.py:183} INFO - Processing /home/airflow/.local/lib/python3.12/site-packages/airflow/example_dags/example_setup_teardown.py took 0.131 seconds
[2024-05-23T19:52:39.494+0000] {processor.py:161} INFO - Started process (PID=12024) to work on /home/airflow/.local/lib/python3.12/site-packages/airflow/example_dags/example_setup_teardown.py
[2024-05-23T19:52:39.496+0000] {processor.py:830} INFO - Processing file /home/airflow/.local/lib/python3.12/site-packages/airflow/example_dags/example_setup_teardown.py for tasks to queue
[2024-05-23T19:52:39.499+0000] {logging_mixin.py:188} INFO - [2024-05-23T19:52:39.498+0000] {dagbag.py:545} INFO - Filling up the DagBag from /home/airflow/.local/lib/python3.12/site-packages/airflow/example_dags/example_setup_teardown.py
[2024-05-23T19:52:39.510+0000] {processor.py:840} INFO - DAG(s) 'example_setup_teardown' retrieved from /home/airflow/.local/lib/python3.12/site-packages/airflow/example_dags/example_setup_teardown.py
[2024-05-23T19:52:39.544+0000] {logging_mixin.py:188} INFO - [2024-05-23T19:52:39.544+0000] {dag.py:3096} INFO - Sync 1 DAGs
[2024-05-23T19:52:39.579+0000] {logging_mixin.py:188} INFO - [2024-05-23T19:52:39.579+0000] {dag.py:3954} INFO - Setting next_dagrun for example_setup_teardown to 2024-05-22 00:00:00+00:00, run_after=2024-05-23 00:00:00+00:00
[2024-05-23T19:52:39.609+0000] {processor.py:183} INFO - Processing /home/airflow/.local/lib/python3.12/site-packages/airflow/example_dags/example_setup_teardown.py took 0.125 seconds
[2024-05-23T19:53:09.879+0000] {processor.py:161} INFO - Started process (PID=12286) to work on /home/airflow/.local/lib/python3.12/site-packages/airflow/example_dags/example_setup_teardown.py
[2024-05-23T19:53:09.881+0000] {processor.py:830} INFO - Processing file /home/airflow/.local/lib/python3.12/site-packages/airflow/example_dags/example_setup_teardown.py for tasks to queue
[2024-05-23T19:53:09.884+0000] {logging_mixin.py:188} INFO - [2024-05-23T19:53:09.883+0000] {dagbag.py:545} INFO - Filling up the DagBag from /home/airflow/.local/lib/python3.12/site-packages/airflow/example_dags/example_setup_teardown.py
[2024-05-23T19:53:09.895+0000] {processor.py:840} INFO - DAG(s) 'example_setup_teardown' retrieved from /home/airflow/.local/lib/python3.12/site-packages/airflow/example_dags/example_setup_teardown.py
[2024-05-23T19:53:09.926+0000] {logging_mixin.py:188} INFO - [2024-05-23T19:53:09.925+0000] {dag.py:3096} INFO - Sync 1 DAGs
[2024-05-23T19:53:09.960+0000] {logging_mixin.py:188} INFO - [2024-05-23T19:53:09.959+0000] {dag.py:3954} INFO - Setting next_dagrun for example_setup_teardown to 2024-05-22 00:00:00+00:00, run_after=2024-05-23 00:00:00+00:00
[2024-05-23T19:53:09.986+0000] {processor.py:183} INFO - Processing /home/airflow/.local/lib/python3.12/site-packages/airflow/example_dags/example_setup_teardown.py took 0.116 seconds
[2024-05-23T19:53:40.139+0000] {processor.py:161} INFO - Started process (PID=12548) to work on /home/airflow/.local/lib/python3.12/site-packages/airflow/example_dags/example_setup_teardown.py
[2024-05-23T19:53:40.141+0000] {processor.py:830} INFO - Processing file /home/airflow/.local/lib/python3.12/site-packages/airflow/example_dags/example_setup_teardown.py for tasks to queue
[2024-05-23T19:53:40.145+0000] {logging_mixin.py:188} INFO - [2024-05-23T19:53:40.144+0000] {dagbag.py:545} INFO - Filling up the DagBag from /home/airflow/.local/lib/python3.12/site-packages/airflow/example_dags/example_setup_teardown.py
[2024-05-23T19:53:40.154+0000] {processor.py:840} INFO - DAG(s) 'example_setup_teardown' retrieved from /home/airflow/.local/lib/python3.12/site-packages/airflow/example_dags/example_setup_teardown.py
[2024-05-23T19:53:40.185+0000] {logging_mixin.py:188} INFO - [2024-05-23T19:53:40.185+0000] {dag.py:3096} INFO - Sync 1 DAGs
[2024-05-23T19:53:40.221+0000] {logging_mixin.py:188} INFO - [2024-05-23T19:53:40.220+0000] {dag.py:3954} INFO - Setting next_dagrun for example_setup_teardown to 2024-05-22 00:00:00+00:00, run_after=2024-05-23 00:00:00+00:00
[2024-05-23T19:53:40.247+0000] {processor.py:183} INFO - Processing /home/airflow/.local/lib/python3.12/site-packages/airflow/example_dags/example_setup_teardown.py took 0.117 seconds
[2024-05-23T19:54:10.743+0000] {processor.py:161} INFO - Started process (PID=12810) to work on /home/airflow/.local/lib/python3.12/site-packages/airflow/example_dags/example_setup_teardown.py
[2024-05-23T19:54:10.745+0000] {processor.py:830} INFO - Processing file /home/airflow/.local/lib/python3.12/site-packages/airflow/example_dags/example_setup_teardown.py for tasks to queue
[2024-05-23T19:54:10.747+0000] {logging_mixin.py:188} INFO - [2024-05-23T19:54:10.747+0000] {dagbag.py:545} INFO - Filling up the DagBag from /home/airflow/.local/lib/python3.12/site-packages/airflow/example_dags/example_setup_teardown.py
[2024-05-23T19:54:10.757+0000] {processor.py:840} INFO - DAG(s) 'example_setup_teardown' retrieved from /home/airflow/.local/lib/python3.12/site-packages/airflow/example_dags/example_setup_teardown.py
[2024-05-23T19:54:10.789+0000] {logging_mixin.py:188} INFO - [2024-05-23T19:54:10.788+0000] {dag.py:3096} INFO - Sync 1 DAGs
[2024-05-23T19:54:10.821+0000] {logging_mixin.py:188} INFO - [2024-05-23T19:54:10.821+0000] {dag.py:3954} INFO - Setting next_dagrun for example_setup_teardown to 2024-05-22 00:00:00+00:00, run_after=2024-05-23 00:00:00+00:00
[2024-05-23T19:54:10.847+0000] {processor.py:183} INFO - Processing /home/airflow/.local/lib/python3.12/site-packages/airflow/example_dags/example_setup_teardown.py took 0.114 seconds
[2024-05-23T19:54:41.606+0000] {processor.py:161} INFO - Started process (PID=13072) to work on /home/airflow/.local/lib/python3.12/site-packages/airflow/example_dags/example_setup_teardown.py
[2024-05-23T19:54:41.607+0000] {processor.py:830} INFO - Processing file /home/airflow/.local/lib/python3.12/site-packages/airflow/example_dags/example_setup_teardown.py for tasks to queue
[2024-05-23T19:54:41.610+0000] {logging_mixin.py:188} INFO - [2024-05-23T19:54:41.610+0000] {dagbag.py:545} INFO - Filling up the DagBag from /home/airflow/.local/lib/python3.12/site-packages/airflow/example_dags/example_setup_teardown.py
[2024-05-23T19:54:41.620+0000] {processor.py:840} INFO - DAG(s) 'example_setup_teardown' retrieved from /home/airflow/.local/lib/python3.12/site-packages/airflow/example_dags/example_setup_teardown.py
[2024-05-23T19:54:41.650+0000] {logging_mixin.py:188} INFO - [2024-05-23T19:54:41.650+0000] {dag.py:3096} INFO - Sync 1 DAGs
[2024-05-23T19:54:41.688+0000] {logging_mixin.py:188} INFO - [2024-05-23T19:54:41.688+0000] {dag.py:3954} INFO - Setting next_dagrun for example_setup_teardown to 2024-05-22 00:00:00+00:00, run_after=2024-05-23 00:00:00+00:00
[2024-05-23T19:54:41.743+0000] {processor.py:183} INFO - Processing /home/airflow/.local/lib/python3.12/site-packages/airflow/example_dags/example_setup_teardown.py took 0.146 seconds
[2024-05-23T19:55:12.297+0000] {processor.py:161} INFO - Started process (PID=13334) to work on /home/airflow/.local/lib/python3.12/site-packages/airflow/example_dags/example_setup_teardown.py
[2024-05-23T19:55:12.299+0000] {processor.py:830} INFO - Processing file /home/airflow/.local/lib/python3.12/site-packages/airflow/example_dags/example_setup_teardown.py for tasks to queue
[2024-05-23T19:55:12.302+0000] {logging_mixin.py:188} INFO - [2024-05-23T19:55:12.301+0000] {dagbag.py:545} INFO - Filling up the DagBag from /home/airflow/.local/lib/python3.12/site-packages/airflow/example_dags/example_setup_teardown.py
[2024-05-23T19:55:12.314+0000] {processor.py:840} INFO - DAG(s) 'example_setup_teardown' retrieved from /home/airflow/.local/lib/python3.12/site-packages/airflow/example_dags/example_setup_teardown.py
[2024-05-23T19:55:12.348+0000] {logging_mixin.py:188} INFO - [2024-05-23T19:55:12.348+0000] {dag.py:3096} INFO - Sync 1 DAGs
[2024-05-23T19:55:12.382+0000] {logging_mixin.py:188} INFO - [2024-05-23T19:55:12.382+0000] {dag.py:3954} INFO - Setting next_dagrun for example_setup_teardown to 2024-05-22 00:00:00+00:00, run_after=2024-05-23 00:00:00+00:00
[2024-05-23T19:55:12.414+0000] {processor.py:183} INFO - Processing /home/airflow/.local/lib/python3.12/site-packages/airflow/example_dags/example_setup_teardown.py took 0.126 seconds
[2024-05-23T19:55:42.875+0000] {processor.py:161} INFO - Started process (PID=13596) to work on /home/airflow/.local/lib/python3.12/site-packages/airflow/example_dags/example_setup_teardown.py
[2024-05-23T19:55:42.876+0000] {processor.py:830} INFO - Processing file /home/airflow/.local/lib/python3.12/site-packages/airflow/example_dags/example_setup_teardown.py for tasks to queue
[2024-05-23T19:55:42.880+0000] {logging_mixin.py:188} INFO - [2024-05-23T19:55:42.879+0000] {dagbag.py:545} INFO - Filling up the DagBag from /home/airflow/.local/lib/python3.12/site-packages/airflow/example_dags/example_setup_teardown.py
[2024-05-23T19:55:42.889+0000] {processor.py:840} INFO - DAG(s) 'example_setup_teardown' retrieved from /home/airflow/.local/lib/python3.12/site-packages/airflow/example_dags/example_setup_teardown.py
[2024-05-23T19:55:42.921+0000] {logging_mixin.py:188} INFO - [2024-05-23T19:55:42.920+0000] {dag.py:3096} INFO - Sync 1 DAGs
[2024-05-23T19:55:42.953+0000] {logging_mixin.py:188} INFO - [2024-05-23T19:55:42.953+0000] {dag.py:3954} INFO - Setting next_dagrun for example_setup_teardown to 2024-05-22 00:00:00+00:00, run_after=2024-05-23 00:00:00+00:00
[2024-05-23T19:55:42.981+0000] {processor.py:183} INFO - Processing /home/airflow/.local/lib/python3.12/site-packages/airflow/example_dags/example_setup_teardown.py took 0.115 seconds
[2024-05-23T19:56:13.308+0000] {processor.py:161} INFO - Started process (PID=13858) to work on /home/airflow/.local/lib/python3.12/site-packages/airflow/example_dags/example_setup_teardown.py
[2024-05-23T19:56:13.309+0000] {processor.py:830} INFO - Processing file /home/airflow/.local/lib/python3.12/site-packages/airflow/example_dags/example_setup_teardown.py for tasks to queue
[2024-05-23T19:56:13.312+0000] {logging_mixin.py:188} INFO - [2024-05-23T19:56:13.311+0000] {dagbag.py:545} INFO - Filling up the DagBag from /home/airflow/.local/lib/python3.12/site-packages/airflow/example_dags/example_setup_teardown.py
[2024-05-23T19:56:13.321+0000] {processor.py:840} INFO - DAG(s) 'example_setup_teardown' retrieved from /home/airflow/.local/lib/python3.12/site-packages/airflow/example_dags/example_setup_teardown.py
[2024-05-23T19:56:13.352+0000] {logging_mixin.py:188} INFO - [2024-05-23T19:56:13.352+0000] {dag.py:3096} INFO - Sync 1 DAGs
[2024-05-23T19:56:13.384+0000] {logging_mixin.py:188} INFO - [2024-05-23T19:56:13.383+0000] {dag.py:3954} INFO - Setting next_dagrun for example_setup_teardown to 2024-05-22 00:00:00+00:00, run_after=2024-05-23 00:00:00+00:00
[2024-05-23T19:56:13.412+0000] {processor.py:183} INFO - Processing /home/airflow/.local/lib/python3.12/site-packages/airflow/example_dags/example_setup_teardown.py took 0.113 seconds
[2024-05-23T19:56:44.113+0000] {processor.py:161} INFO - Started process (PID=14120) to work on /home/airflow/.local/lib/python3.12/site-packages/airflow/example_dags/example_setup_teardown.py
[2024-05-23T19:56:44.114+0000] {processor.py:830} INFO - Processing file /home/airflow/.local/lib/python3.12/site-packages/airflow/example_dags/example_setup_teardown.py for tasks to queue
[2024-05-23T19:56:44.117+0000] {logging_mixin.py:188} INFO - [2024-05-23T19:56:44.117+0000] {dagbag.py:545} INFO - Filling up the DagBag from /home/airflow/.local/lib/python3.12/site-packages/airflow/example_dags/example_setup_teardown.py
[2024-05-23T19:56:44.126+0000] {processor.py:840} INFO - DAG(s) 'example_setup_teardown' retrieved from /home/airflow/.local/lib/python3.12/site-packages/airflow/example_dags/example_setup_teardown.py
[2024-05-23T19:56:44.157+0000] {logging_mixin.py:188} INFO - [2024-05-23T19:56:44.157+0000] {dag.py:3096} INFO - Sync 1 DAGs
[2024-05-23T19:56:44.188+0000] {logging_mixin.py:188} INFO - [2024-05-23T19:56:44.187+0000] {dag.py:3954} INFO - Setting next_dagrun for example_setup_teardown to 2024-05-22 00:00:00+00:00, run_after=2024-05-23 00:00:00+00:00
[2024-05-23T19:56:44.213+0000] {processor.py:183} INFO - Processing /home/airflow/.local/lib/python3.12/site-packages/airflow/example_dags/example_setup_teardown.py took 0.109 seconds
[2024-05-23T19:57:14.673+0000] {processor.py:161} INFO - Started process (PID=14382) to work on /home/airflow/.local/lib/python3.12/site-packages/airflow/example_dags/example_setup_teardown.py
[2024-05-23T19:57:14.674+0000] {processor.py:830} INFO - Processing file /home/airflow/.local/lib/python3.12/site-packages/airflow/example_dags/example_setup_teardown.py for tasks to queue
[2024-05-23T19:57:14.677+0000] {logging_mixin.py:188} INFO - [2024-05-23T19:57:14.676+0000] {dagbag.py:545} INFO - Filling up the DagBag from /home/airflow/.local/lib/python3.12/site-packages/airflow/example_dags/example_setup_teardown.py
[2024-05-23T19:57:14.686+0000] {processor.py:840} INFO - DAG(s) 'example_setup_teardown' retrieved from /home/airflow/.local/lib/python3.12/site-packages/airflow/example_dags/example_setup_teardown.py
[2024-05-23T19:57:14.716+0000] {logging_mixin.py:188} INFO - [2024-05-23T19:57:14.716+0000] {dag.py:3096} INFO - Sync 1 DAGs
[2024-05-23T19:57:14.750+0000] {logging_mixin.py:188} INFO - [2024-05-23T19:57:14.749+0000] {dag.py:3954} INFO - Setting next_dagrun for example_setup_teardown to 2024-05-22 00:00:00+00:00, run_after=2024-05-23 00:00:00+00:00
[2024-05-23T19:57:14.773+0000] {processor.py:183} INFO - Processing /home/airflow/.local/lib/python3.12/site-packages/airflow/example_dags/example_setup_teardown.py took 0.109 seconds
[2024-05-23T19:57:45.407+0000] {processor.py:161} INFO - Started process (PID=14644) to work on /home/airflow/.local/lib/python3.12/site-packages/airflow/example_dags/example_setup_teardown.py
[2024-05-23T19:57:45.410+0000] {processor.py:830} INFO - Processing file /home/airflow/.local/lib/python3.12/site-packages/airflow/example_dags/example_setup_teardown.py for tasks to queue
[2024-05-23T19:57:45.415+0000] {logging_mixin.py:188} INFO - [2024-05-23T19:57:45.414+0000] {dagbag.py:545} INFO - Filling up the DagBag from /home/airflow/.local/lib/python3.12/site-packages/airflow/example_dags/example_setup_teardown.py
[2024-05-23T19:57:45.428+0000] {processor.py:840} INFO - DAG(s) 'example_setup_teardown' retrieved from /home/airflow/.local/lib/python3.12/site-packages/airflow/example_dags/example_setup_teardown.py
[2024-05-23T19:57:45.457+0000] {logging_mixin.py:188} INFO - [2024-05-23T19:57:45.456+0000] {dag.py:3096} INFO - Sync 1 DAGs
[2024-05-23T19:57:45.497+0000] {logging_mixin.py:188} INFO - [2024-05-23T19:57:45.497+0000] {dag.py:3954} INFO - Setting next_dagrun for example_setup_teardown to 2024-05-22 00:00:00+00:00, run_after=2024-05-23 00:00:00+00:00
[2024-05-23T19:57:45.527+0000] {processor.py:183} INFO - Processing /home/airflow/.local/lib/python3.12/site-packages/airflow/example_dags/example_setup_teardown.py took 0.129 seconds
[2024-05-23T19:58:15.898+0000] {processor.py:161} INFO - Started process (PID=14906) to work on /home/airflow/.local/lib/python3.12/site-packages/airflow/example_dags/example_setup_teardown.py
[2024-05-23T19:58:15.899+0000] {processor.py:830} INFO - Processing file /home/airflow/.local/lib/python3.12/site-packages/airflow/example_dags/example_setup_teardown.py for tasks to queue
[2024-05-23T19:58:15.902+0000] {logging_mixin.py:188} INFO - [2024-05-23T19:58:15.901+0000] {dagbag.py:545} INFO - Filling up the DagBag from /home/airflow/.local/lib/python3.12/site-packages/airflow/example_dags/example_setup_teardown.py
[2024-05-23T19:58:15.911+0000] {processor.py:840} INFO - DAG(s) 'example_setup_teardown' retrieved from /home/airflow/.local/lib/python3.12/site-packages/airflow/example_dags/example_setup_teardown.py
[2024-05-23T19:58:15.940+0000] {logging_mixin.py:188} INFO - [2024-05-23T19:58:15.940+0000] {dag.py:3096} INFO - Sync 1 DAGs
[2024-05-23T19:58:15.970+0000] {logging_mixin.py:188} INFO - [2024-05-23T19:58:15.970+0000] {dag.py:3954} INFO - Setting next_dagrun for example_setup_teardown to 2024-05-22 00:00:00+00:00, run_after=2024-05-23 00:00:00+00:00
[2024-05-23T19:58:15.996+0000] {processor.py:183} INFO - Processing /home/airflow/.local/lib/python3.12/site-packages/airflow/example_dags/example_setup_teardown.py took 0.106 seconds
[2024-05-23T20:03:41.923+0000] {processor.py:161} INFO - Started process (PID=14983) to work on /home/airflow/.local/lib/python3.12/site-packages/airflow/example_dags/example_setup_teardown.py
[2024-05-23T20:03:41.925+0000] {processor.py:830} INFO - Processing file /home/airflow/.local/lib/python3.12/site-packages/airflow/example_dags/example_setup_teardown.py for tasks to queue
[2024-05-23T20:03:41.927+0000] {logging_mixin.py:188} INFO - [2024-05-23T20:03:41.927+0000] {dagbag.py:545} INFO - Filling up the DagBag from /home/airflow/.local/lib/python3.12/site-packages/airflow/example_dags/example_setup_teardown.py
[2024-05-23T20:03:41.940+0000] {processor.py:840} INFO - DAG(s) 'example_setup_teardown' retrieved from /home/airflow/.local/lib/python3.12/site-packages/airflow/example_dags/example_setup_teardown.py
[2024-05-23T20:03:42.004+0000] {logging_mixin.py:188} INFO - [2024-05-23T20:03:42.004+0000] {dag.py:3096} INFO - Sync 1 DAGs
[2024-05-23T20:03:42.050+0000] {logging_mixin.py:188} INFO - [2024-05-23T20:03:42.049+0000] {dag.py:3954} INFO - Setting next_dagrun for example_setup_teardown to 2024-05-22 00:00:00+00:00, run_after=2024-05-23 00:00:00+00:00
[2024-05-23T20:03:42.081+0000] {processor.py:183} INFO - Processing /home/airflow/.local/lib/python3.12/site-packages/airflow/example_dags/example_setup_teardown.py took 0.170 seconds
[2024-05-23T20:04:14.370+0000] {processor.py:161} INFO - Started process (PID=15247) to work on /home/airflow/.local/lib/python3.12/site-packages/airflow/example_dags/example_setup_teardown.py
[2024-05-23T20:04:14.376+0000] {processor.py:830} INFO - Processing file /home/airflow/.local/lib/python3.12/site-packages/airflow/example_dags/example_setup_teardown.py for tasks to queue
[2024-05-23T20:04:14.383+0000] {logging_mixin.py:188} INFO - [2024-05-23T20:04:14.382+0000] {dagbag.py:545} INFO - Filling up the DagBag from /home/airflow/.local/lib/python3.12/site-packages/airflow/example_dags/example_setup_teardown.py
[2024-05-23T20:04:14.423+0000] {processor.py:840} INFO - DAG(s) 'example_setup_teardown' retrieved from /home/airflow/.local/lib/python3.12/site-packages/airflow/example_dags/example_setup_teardown.py
[2024-05-23T20:04:14.540+0000] {logging_mixin.py:188} INFO - [2024-05-23T20:04:14.539+0000] {dag.py:3096} INFO - Sync 1 DAGs
[2024-05-23T20:04:14.655+0000] {logging_mixin.py:188} INFO - [2024-05-23T20:04:14.654+0000] {dag.py:3954} INFO - Setting next_dagrun for example_setup_teardown to 2024-05-22 00:00:00+00:00, run_after=2024-05-23 00:00:00+00:00
[2024-05-23T20:04:14.745+0000] {processor.py:183} INFO - Processing /home/airflow/.local/lib/python3.12/site-packages/airflow/example_dags/example_setup_teardown.py took 0.415 seconds
[2024-05-23T20:08:12.189+0000] {processor.py:161} INFO - Started process (PID=15508) to work on /home/airflow/.local/lib/python3.12/site-packages/airflow/example_dags/example_setup_teardown.py
[2024-05-23T20:08:12.190+0000] {processor.py:830} INFO - Processing file /home/airflow/.local/lib/python3.12/site-packages/airflow/example_dags/example_setup_teardown.py for tasks to queue
[2024-05-23T20:08:12.192+0000] {logging_mixin.py:188} INFO - [2024-05-23T20:08:12.192+0000] {dagbag.py:545} INFO - Filling up the DagBag from /home/airflow/.local/lib/python3.12/site-packages/airflow/example_dags/example_setup_teardown.py
[2024-05-23T20:08:12.201+0000] {processor.py:840} INFO - DAG(s) 'example_setup_teardown' retrieved from /home/airflow/.local/lib/python3.12/site-packages/airflow/example_dags/example_setup_teardown.py
[2024-05-23T20:08:12.240+0000] {logging_mixin.py:188} INFO - [2024-05-23T20:08:12.240+0000] {dag.py:3096} INFO - Sync 1 DAGs
[2024-05-23T20:08:12.276+0000] {logging_mixin.py:188} INFO - [2024-05-23T20:08:12.276+0000] {dag.py:3954} INFO - Setting next_dagrun for example_setup_teardown to 2024-05-22 00:00:00+00:00, run_after=2024-05-23 00:00:00+00:00
[2024-05-23T20:08:12.311+0000] {processor.py:183} INFO - Processing /home/airflow/.local/lib/python3.12/site-packages/airflow/example_dags/example_setup_teardown.py took 0.132 seconds
[2024-05-23T20:08:42.439+0000] {processor.py:161} INFO - Started process (PID=15770) to work on /home/airflow/.local/lib/python3.12/site-packages/airflow/example_dags/example_setup_teardown.py
[2024-05-23T20:08:42.440+0000] {processor.py:830} INFO - Processing file /home/airflow/.local/lib/python3.12/site-packages/airflow/example_dags/example_setup_teardown.py for tasks to queue
[2024-05-23T20:08:42.442+0000] {logging_mixin.py:188} INFO - [2024-05-23T20:08:42.441+0000] {dagbag.py:545} INFO - Filling up the DagBag from /home/airflow/.local/lib/python3.12/site-packages/airflow/example_dags/example_setup_teardown.py
[2024-05-23T20:08:42.451+0000] {processor.py:840} INFO - DAG(s) 'example_setup_teardown' retrieved from /home/airflow/.local/lib/python3.12/site-packages/airflow/example_dags/example_setup_teardown.py
[2024-05-23T20:08:42.483+0000] {logging_mixin.py:188} INFO - [2024-05-23T20:08:42.482+0000] {dag.py:3096} INFO - Sync 1 DAGs
[2024-05-23T20:08:42.510+0000] {logging_mixin.py:188} INFO - [2024-05-23T20:08:42.510+0000] {dag.py:3954} INFO - Setting next_dagrun for example_setup_teardown to 2024-05-22 00:00:00+00:00, run_after=2024-05-23 00:00:00+00:00
[2024-05-23T20:08:42.539+0000] {processor.py:183} INFO - Processing /home/airflow/.local/lib/python3.12/site-packages/airflow/example_dags/example_setup_teardown.py took 0.109 seconds
[2024-05-23T20:09:12.825+0000] {processor.py:161} INFO - Started process (PID=16034) to work on /home/airflow/.local/lib/python3.12/site-packages/airflow/example_dags/example_setup_teardown.py
[2024-05-23T20:09:12.827+0000] {processor.py:830} INFO - Processing file /home/airflow/.local/lib/python3.12/site-packages/airflow/example_dags/example_setup_teardown.py for tasks to queue
[2024-05-23T20:09:12.828+0000] {logging_mixin.py:188} INFO - [2024-05-23T20:09:12.828+0000] {dagbag.py:545} INFO - Filling up the DagBag from /home/airflow/.local/lib/python3.12/site-packages/airflow/example_dags/example_setup_teardown.py
[2024-05-23T20:09:12.838+0000] {processor.py:840} INFO - DAG(s) 'example_setup_teardown' retrieved from /home/airflow/.local/lib/python3.12/site-packages/airflow/example_dags/example_setup_teardown.py
[2024-05-23T20:09:12.869+0000] {logging_mixin.py:188} INFO - [2024-05-23T20:09:12.869+0000] {dag.py:3096} INFO - Sync 1 DAGs
[2024-05-23T20:09:12.900+0000] {logging_mixin.py:188} INFO - [2024-05-23T20:09:12.900+0000] {dag.py:3954} INFO - Setting next_dagrun for example_setup_teardown to 2024-05-22 00:00:00+00:00, run_after=2024-05-23 00:00:00+00:00
[2024-05-23T20:09:12.927+0000] {processor.py:183} INFO - Processing /home/airflow/.local/lib/python3.12/site-packages/airflow/example_dags/example_setup_teardown.py took 0.110 seconds
[2024-05-23T20:09:43.374+0000] {processor.py:161} INFO - Started process (PID=16296) to work on /home/airflow/.local/lib/python3.12/site-packages/airflow/example_dags/example_setup_teardown.py
[2024-05-23T20:09:43.376+0000] {processor.py:830} INFO - Processing file /home/airflow/.local/lib/python3.12/site-packages/airflow/example_dags/example_setup_teardown.py for tasks to queue
[2024-05-23T20:09:43.377+0000] {logging_mixin.py:188} INFO - [2024-05-23T20:09:43.377+0000] {dagbag.py:545} INFO - Filling up the DagBag from /home/airflow/.local/lib/python3.12/site-packages/airflow/example_dags/example_setup_teardown.py
[2024-05-23T20:09:43.386+0000] {processor.py:840} INFO - DAG(s) 'example_setup_teardown' retrieved from /home/airflow/.local/lib/python3.12/site-packages/airflow/example_dags/example_setup_teardown.py
[2024-05-23T20:09:43.417+0000] {logging_mixin.py:188} INFO - [2024-05-23T20:09:43.416+0000] {dag.py:3096} INFO - Sync 1 DAGs
[2024-05-23T20:09:43.445+0000] {logging_mixin.py:188} INFO - [2024-05-23T20:09:43.445+0000] {dag.py:3954} INFO - Setting next_dagrun for example_setup_teardown to 2024-05-22 00:00:00+00:00, run_after=2024-05-23 00:00:00+00:00
[2024-05-23T20:09:43.470+0000] {processor.py:183} INFO - Processing /home/airflow/.local/lib/python3.12/site-packages/airflow/example_dags/example_setup_teardown.py took 0.105 seconds
[2024-05-23T20:10:13.658+0000] {processor.py:161} INFO - Started process (PID=16556) to work on /home/airflow/.local/lib/python3.12/site-packages/airflow/example_dags/example_setup_teardown.py
[2024-05-23T20:10:13.660+0000] {processor.py:830} INFO - Processing file /home/airflow/.local/lib/python3.12/site-packages/airflow/example_dags/example_setup_teardown.py for tasks to queue
[2024-05-23T20:10:13.661+0000] {logging_mixin.py:188} INFO - [2024-05-23T20:10:13.661+0000] {dagbag.py:545} INFO - Filling up the DagBag from /home/airflow/.local/lib/python3.12/site-packages/airflow/example_dags/example_setup_teardown.py
[2024-05-23T20:10:13.671+0000] {processor.py:840} INFO - DAG(s) 'example_setup_teardown' retrieved from /home/airflow/.local/lib/python3.12/site-packages/airflow/example_dags/example_setup_teardown.py
[2024-05-23T20:10:13.703+0000] {logging_mixin.py:188} INFO - [2024-05-23T20:10:13.703+0000] {dag.py:3096} INFO - Sync 1 DAGs
[2024-05-23T20:10:13.731+0000] {logging_mixin.py:188} INFO - [2024-05-23T20:10:13.730+0000] {dag.py:3954} INFO - Setting next_dagrun for example_setup_teardown to 2024-05-22 00:00:00+00:00, run_after=2024-05-23 00:00:00+00:00
[2024-05-23T20:10:13.756+0000] {processor.py:183} INFO - Processing /home/airflow/.local/lib/python3.12/site-packages/airflow/example_dags/example_setup_teardown.py took 0.107 seconds
[2024-05-23T20:10:43.919+0000] {processor.py:161} INFO - Started process (PID=16818) to work on /home/airflow/.local/lib/python3.12/site-packages/airflow/example_dags/example_setup_teardown.py
[2024-05-23T20:10:43.920+0000] {processor.py:830} INFO - Processing file /home/airflow/.local/lib/python3.12/site-packages/airflow/example_dags/example_setup_teardown.py for tasks to queue
[2024-05-23T20:10:43.922+0000] {logging_mixin.py:188} INFO - [2024-05-23T20:10:43.922+0000] {dagbag.py:545} INFO - Filling up the DagBag from /home/airflow/.local/lib/python3.12/site-packages/airflow/example_dags/example_setup_teardown.py
[2024-05-23T20:10:43.931+0000] {processor.py:840} INFO - DAG(s) 'example_setup_teardown' retrieved from /home/airflow/.local/lib/python3.12/site-packages/airflow/example_dags/example_setup_teardown.py
[2024-05-23T20:10:43.962+0000] {logging_mixin.py:188} INFO - [2024-05-23T20:10:43.962+0000] {dag.py:3096} INFO - Sync 1 DAGs
[2024-05-23T20:10:43.990+0000] {logging_mixin.py:188} INFO - [2024-05-23T20:10:43.990+0000] {dag.py:3954} INFO - Setting next_dagrun for example_setup_teardown to 2024-05-22 00:00:00+00:00, run_after=2024-05-23 00:00:00+00:00
[2024-05-23T20:10:44.014+0000] {processor.py:183} INFO - Processing /home/airflow/.local/lib/python3.12/site-packages/airflow/example_dags/example_setup_teardown.py took 0.105 seconds
[2024-05-23T20:11:14.107+0000] {processor.py:161} INFO - Started process (PID=17079) to work on /home/airflow/.local/lib/python3.12/site-packages/airflow/example_dags/example_setup_teardown.py
[2024-05-23T20:11:14.109+0000] {processor.py:830} INFO - Processing file /home/airflow/.local/lib/python3.12/site-packages/airflow/example_dags/example_setup_teardown.py for tasks to queue
[2024-05-23T20:11:14.110+0000] {logging_mixin.py:188} INFO - [2024-05-23T20:11:14.110+0000] {dagbag.py:545} INFO - Filling up the DagBag from /home/airflow/.local/lib/python3.12/site-packages/airflow/example_dags/example_setup_teardown.py
[2024-05-23T20:11:14.119+0000] {processor.py:840} INFO - DAG(s) 'example_setup_teardown' retrieved from /home/airflow/.local/lib/python3.12/site-packages/airflow/example_dags/example_setup_teardown.py
[2024-05-23T20:11:14.148+0000] {logging_mixin.py:188} INFO - [2024-05-23T20:11:14.147+0000] {dag.py:3096} INFO - Sync 1 DAGs
[2024-05-23T20:11:14.174+0000] {logging_mixin.py:188} INFO - [2024-05-23T20:11:14.174+0000] {dag.py:3954} INFO - Setting next_dagrun for example_setup_teardown to 2024-05-22 00:00:00+00:00, run_after=2024-05-23 00:00:00+00:00
[2024-05-23T20:11:14.198+0000] {processor.py:183} INFO - Processing /home/airflow/.local/lib/python3.12/site-packages/airflow/example_dags/example_setup_teardown.py took 0.099 seconds
[2024-05-23T20:11:44.639+0000] {processor.py:161} INFO - Started process (PID=17341) to work on /home/airflow/.local/lib/python3.12/site-packages/airflow/example_dags/example_setup_teardown.py
[2024-05-23T20:11:44.641+0000] {processor.py:830} INFO - Processing file /home/airflow/.local/lib/python3.12/site-packages/airflow/example_dags/example_setup_teardown.py for tasks to queue
[2024-05-23T20:11:44.642+0000] {logging_mixin.py:188} INFO - [2024-05-23T20:11:44.642+0000] {dagbag.py:545} INFO - Filling up the DagBag from /home/airflow/.local/lib/python3.12/site-packages/airflow/example_dags/example_setup_teardown.py
[2024-05-23T20:11:44.649+0000] {processor.py:840} INFO - DAG(s) 'example_setup_teardown' retrieved from /home/airflow/.local/lib/python3.12/site-packages/airflow/example_dags/example_setup_teardown.py
[2024-05-23T20:11:44.675+0000] {logging_mixin.py:188} INFO - [2024-05-23T20:11:44.674+0000] {dag.py:3096} INFO - Sync 1 DAGs
[2024-05-23T20:11:44.696+0000] {logging_mixin.py:188} INFO - [2024-05-23T20:11:44.696+0000] {dag.py:3954} INFO - Setting next_dagrun for example_setup_teardown to 2024-05-22 00:00:00+00:00, run_after=2024-05-23 00:00:00+00:00
[2024-05-23T20:11:44.719+0000] {processor.py:183} INFO - Processing /home/airflow/.local/lib/python3.12/site-packages/airflow/example_dags/example_setup_teardown.py took 0.086 seconds
[2024-05-23T20:12:15.195+0000] {processor.py:161} INFO - Started process (PID=17603) to work on /home/airflow/.local/lib/python3.12/site-packages/airflow/example_dags/example_setup_teardown.py
[2024-05-23T20:12:15.197+0000] {processor.py:830} INFO - Processing file /home/airflow/.local/lib/python3.12/site-packages/airflow/example_dags/example_setup_teardown.py for tasks to queue
[2024-05-23T20:12:15.199+0000] {logging_mixin.py:188} INFO - [2024-05-23T20:12:15.198+0000] {dagbag.py:545} INFO - Filling up the DagBag from /home/airflow/.local/lib/python3.12/site-packages/airflow/example_dags/example_setup_teardown.py
[2024-05-23T20:12:15.208+0000] {processor.py:840} INFO - DAG(s) 'example_setup_teardown' retrieved from /home/airflow/.local/lib/python3.12/site-packages/airflow/example_dags/example_setup_teardown.py
[2024-05-23T20:12:15.243+0000] {logging_mixin.py:188} INFO - [2024-05-23T20:12:15.243+0000] {dag.py:3096} INFO - Sync 1 DAGs
[2024-05-23T20:12:15.274+0000] {logging_mixin.py:188} INFO - [2024-05-23T20:12:15.274+0000] {dag.py:3954} INFO - Setting next_dagrun for example_setup_teardown to 2024-05-22 00:00:00+00:00, run_after=2024-05-23 00:00:00+00:00
[2024-05-23T20:12:15.301+0000] {processor.py:183} INFO - Processing /home/airflow/.local/lib/python3.12/site-packages/airflow/example_dags/example_setup_teardown.py took 0.115 seconds
[2024-05-23T20:12:45.612+0000] {processor.py:161} INFO - Started process (PID=17865) to work on /home/airflow/.local/lib/python3.12/site-packages/airflow/example_dags/example_setup_teardown.py
[2024-05-23T20:12:45.614+0000] {processor.py:830} INFO - Processing file /home/airflow/.local/lib/python3.12/site-packages/airflow/example_dags/example_setup_teardown.py for tasks to queue
[2024-05-23T20:12:45.615+0000] {logging_mixin.py:188} INFO - [2024-05-23T20:12:45.615+0000] {dagbag.py:545} INFO - Filling up the DagBag from /home/airflow/.local/lib/python3.12/site-packages/airflow/example_dags/example_setup_teardown.py
[2024-05-23T20:12:45.625+0000] {processor.py:840} INFO - DAG(s) 'example_setup_teardown' retrieved from /home/airflow/.local/lib/python3.12/site-packages/airflow/example_dags/example_setup_teardown.py
[2024-05-23T20:12:45.657+0000] {logging_mixin.py:188} INFO - [2024-05-23T20:12:45.656+0000] {dag.py:3096} INFO - Sync 1 DAGs
[2024-05-23T20:12:45.684+0000] {logging_mixin.py:188} INFO - [2024-05-23T20:12:45.684+0000] {dag.py:3954} INFO - Setting next_dagrun for example_setup_teardown to 2024-05-22 00:00:00+00:00, run_after=2024-05-23 00:00:00+00:00
[2024-05-23T20:12:45.711+0000] {processor.py:183} INFO - Processing /home/airflow/.local/lib/python3.12/site-packages/airflow/example_dags/example_setup_teardown.py took 0.109 seconds
[2024-05-23T20:13:15.860+0000] {processor.py:161} INFO - Started process (PID=18127) to work on /home/airflow/.local/lib/python3.12/site-packages/airflow/example_dags/example_setup_teardown.py
[2024-05-23T20:13:15.862+0000] {processor.py:830} INFO - Processing file /home/airflow/.local/lib/python3.12/site-packages/airflow/example_dags/example_setup_teardown.py for tasks to queue
[2024-05-23T20:13:15.864+0000] {logging_mixin.py:188} INFO - [2024-05-23T20:13:15.863+0000] {dagbag.py:545} INFO - Filling up the DagBag from /home/airflow/.local/lib/python3.12/site-packages/airflow/example_dags/example_setup_teardown.py
[2024-05-23T20:13:15.872+0000] {processor.py:840} INFO - DAG(s) 'example_setup_teardown' retrieved from /home/airflow/.local/lib/python3.12/site-packages/airflow/example_dags/example_setup_teardown.py
[2024-05-23T20:13:15.904+0000] {logging_mixin.py:188} INFO - [2024-05-23T20:13:15.904+0000] {dag.py:3096} INFO - Sync 1 DAGs
[2024-05-23T20:13:15.935+0000] {logging_mixin.py:188} INFO - [2024-05-23T20:13:15.934+0000] {dag.py:3954} INFO - Setting next_dagrun for example_setup_teardown to 2024-05-22 00:00:00+00:00, run_after=2024-05-23 00:00:00+00:00
[2024-05-23T20:13:15.961+0000] {processor.py:183} INFO - Processing /home/airflow/.local/lib/python3.12/site-packages/airflow/example_dags/example_setup_teardown.py took 0.110 seconds
