[2024-05-23T19:29:48.751+0000] {processor.py:161} INFO - Started process (PID=232) to work on /home/airflow/.local/lib/python3.12/site-packages/airflow/example_dags/example_bash_decorator.py
[2024-05-23T19:29:48.753+0000] {processor.py:830} INFO - Processing file /home/airflow/.local/lib/python3.12/site-packages/airflow/example_dags/example_bash_decorator.py for tasks to queue
[2024-05-23T19:29:48.756+0000] {logging_mixin.py:188} INFO - [2024-05-23T19:29:48.756+0000] {dagbag.py:545} INFO - Filling up the DagBag from /home/airflow/.local/lib/python3.12/site-packages/airflow/example_dags/example_bash_decorator.py
[2024-05-23T19:29:48.779+0000] {processor.py:840} INFO - DAG(s) 'example_bash_decorator' retrieved from /home/airflow/.local/lib/python3.12/site-packages/airflow/example_dags/example_bash_decorator.py
[2024-05-23T19:29:49.064+0000] {logging_mixin.py:188} INFO - [2024-05-23T19:29:49.064+0000] {dag.py:3096} INFO - Sync 1 DAGs
[2024-05-23T19:29:49.088+0000] {logging_mixin.py:188} INFO - [2024-05-23T19:29:49.088+0000] {dag.py:3954} INFO - Setting next_dagrun for example_bash_decorator to None, run_after=None
[2024-05-23T19:29:49.152+0000] {processor.py:183} INFO - Processing /home/airflow/.local/lib/python3.12/site-packages/airflow/example_dags/example_bash_decorator.py took 0.414 seconds
[2024-05-23T19:30:20.374+0000] {processor.py:161} INFO - Started process (PID=494) to work on /home/airflow/.local/lib/python3.12/site-packages/airflow/example_dags/example_bash_decorator.py
[2024-05-23T19:30:20.384+0000] {processor.py:830} INFO - Processing file /home/airflow/.local/lib/python3.12/site-packages/airflow/example_dags/example_bash_decorator.py for tasks to queue
[2024-05-23T19:30:20.405+0000] {logging_mixin.py:188} INFO - [2024-05-23T19:30:20.404+0000] {dagbag.py:545} INFO - Filling up the DagBag from /home/airflow/.local/lib/python3.12/site-packages/airflow/example_dags/example_bash_decorator.py
[2024-05-23T19:30:20.458+0000] {processor.py:840} INFO - DAG(s) 'example_bash_decorator' retrieved from /home/airflow/.local/lib/python3.12/site-packages/airflow/example_dags/example_bash_decorator.py
[2024-05-23T19:30:20.524+0000] {logging_mixin.py:188} INFO - [2024-05-23T19:30:20.523+0000] {dag.py:3096} INFO - Sync 1 DAGs
[2024-05-23T19:30:20.573+0000] {logging_mixin.py:188} INFO - [2024-05-23T19:30:20.572+0000] {dag.py:3954} INFO - Setting next_dagrun for example_bash_decorator to None, run_after=None
[2024-05-23T19:30:20.636+0000] {processor.py:183} INFO - Processing /home/airflow/.local/lib/python3.12/site-packages/airflow/example_dags/example_bash_decorator.py took 0.287 seconds
[2024-05-23T19:30:51.017+0000] {processor.py:161} INFO - Started process (PID=756) to work on /home/airflow/.local/lib/python3.12/site-packages/airflow/example_dags/example_bash_decorator.py
[2024-05-23T19:30:51.020+0000] {processor.py:830} INFO - Processing file /home/airflow/.local/lib/python3.12/site-packages/airflow/example_dags/example_bash_decorator.py for tasks to queue
[2024-05-23T19:30:51.024+0000] {logging_mixin.py:188} INFO - [2024-05-23T19:30:51.023+0000] {dagbag.py:545} INFO - Filling up the DagBag from /home/airflow/.local/lib/python3.12/site-packages/airflow/example_dags/example_bash_decorator.py
[2024-05-23T19:30:51.049+0000] {processor.py:840} INFO - DAG(s) 'example_bash_decorator' retrieved from /home/airflow/.local/lib/python3.12/site-packages/airflow/example_dags/example_bash_decorator.py
[2024-05-23T19:30:51.090+0000] {logging_mixin.py:188} INFO - [2024-05-23T19:30:51.089+0000] {dag.py:3096} INFO - Sync 1 DAGs
[2024-05-23T19:30:51.114+0000] {logging_mixin.py:188} INFO - [2024-05-23T19:30:51.114+0000] {dag.py:3954} INFO - Setting next_dagrun for example_bash_decorator to None, run_after=None
[2024-05-23T19:30:51.148+0000] {processor.py:183} INFO - Processing /home/airflow/.local/lib/python3.12/site-packages/airflow/example_dags/example_bash_decorator.py took 0.143 seconds
[2024-05-23T19:31:21.195+0000] {processor.py:161} INFO - Started process (PID=1018) to work on /home/airflow/.local/lib/python3.12/site-packages/airflow/example_dags/example_bash_decorator.py
[2024-05-23T19:31:21.197+0000] {processor.py:830} INFO - Processing file /home/airflow/.local/lib/python3.12/site-packages/airflow/example_dags/example_bash_decorator.py for tasks to queue
[2024-05-23T19:31:21.201+0000] {logging_mixin.py:188} INFO - [2024-05-23T19:31:21.200+0000] {dagbag.py:545} INFO - Filling up the DagBag from /home/airflow/.local/lib/python3.12/site-packages/airflow/example_dags/example_bash_decorator.py
[2024-05-23T19:31:21.221+0000] {processor.py:840} INFO - DAG(s) 'example_bash_decorator' retrieved from /home/airflow/.local/lib/python3.12/site-packages/airflow/example_dags/example_bash_decorator.py
[2024-05-23T19:31:21.257+0000] {logging_mixin.py:188} INFO - [2024-05-23T19:31:21.257+0000] {dag.py:3096} INFO - Sync 1 DAGs
[2024-05-23T19:31:21.277+0000] {logging_mixin.py:188} INFO - [2024-05-23T19:31:21.276+0000] {dag.py:3954} INFO - Setting next_dagrun for example_bash_decorator to None, run_after=None
[2024-05-23T19:31:21.306+0000] {processor.py:183} INFO - Processing /home/airflow/.local/lib/python3.12/site-packages/airflow/example_dags/example_bash_decorator.py took 0.120 seconds
[2024-05-23T19:31:51.460+0000] {processor.py:161} INFO - Started process (PID=1280) to work on /home/airflow/.local/lib/python3.12/site-packages/airflow/example_dags/example_bash_decorator.py
[2024-05-23T19:31:51.461+0000] {processor.py:830} INFO - Processing file /home/airflow/.local/lib/python3.12/site-packages/airflow/example_dags/example_bash_decorator.py for tasks to queue
[2024-05-23T19:31:51.464+0000] {logging_mixin.py:188} INFO - [2024-05-23T19:31:51.464+0000] {dagbag.py:545} INFO - Filling up the DagBag from /home/airflow/.local/lib/python3.12/site-packages/airflow/example_dags/example_bash_decorator.py
[2024-05-23T19:31:51.485+0000] {processor.py:840} INFO - DAG(s) 'example_bash_decorator' retrieved from /home/airflow/.local/lib/python3.12/site-packages/airflow/example_dags/example_bash_decorator.py
[2024-05-23T19:31:51.521+0000] {logging_mixin.py:188} INFO - [2024-05-23T19:31:51.521+0000] {dag.py:3096} INFO - Sync 1 DAGs
[2024-05-23T19:31:51.541+0000] {logging_mixin.py:188} INFO - [2024-05-23T19:31:51.541+0000] {dag.py:3954} INFO - Setting next_dagrun for example_bash_decorator to None, run_after=None
[2024-05-23T19:31:51.566+0000] {processor.py:183} INFO - Processing /home/airflow/.local/lib/python3.12/site-packages/airflow/example_dags/example_bash_decorator.py took 0.116 seconds
[2024-05-23T19:32:22.056+0000] {processor.py:161} INFO - Started process (PID=1542) to work on /home/airflow/.local/lib/python3.12/site-packages/airflow/example_dags/example_bash_decorator.py
[2024-05-23T19:32:22.057+0000] {processor.py:830} INFO - Processing file /home/airflow/.local/lib/python3.12/site-packages/airflow/example_dags/example_bash_decorator.py for tasks to queue
[2024-05-23T19:32:22.061+0000] {logging_mixin.py:188} INFO - [2024-05-23T19:32:22.060+0000] {dagbag.py:545} INFO - Filling up the DagBag from /home/airflow/.local/lib/python3.12/site-packages/airflow/example_dags/example_bash_decorator.py
[2024-05-23T19:32:22.085+0000] {processor.py:840} INFO - DAG(s) 'example_bash_decorator' retrieved from /home/airflow/.local/lib/python3.12/site-packages/airflow/example_dags/example_bash_decorator.py
[2024-05-23T19:32:22.128+0000] {logging_mixin.py:188} INFO - [2024-05-23T19:32:22.127+0000] {dag.py:3096} INFO - Sync 1 DAGs
[2024-05-23T19:32:22.150+0000] {logging_mixin.py:188} INFO - [2024-05-23T19:32:22.150+0000] {dag.py:3954} INFO - Setting next_dagrun for example_bash_decorator to None, run_after=None
[2024-05-23T19:32:22.179+0000] {processor.py:183} INFO - Processing /home/airflow/.local/lib/python3.12/site-packages/airflow/example_dags/example_bash_decorator.py took 0.133 seconds
[2024-05-23T19:32:52.217+0000] {processor.py:161} INFO - Started process (PID=1804) to work on /home/airflow/.local/lib/python3.12/site-packages/airflow/example_dags/example_bash_decorator.py
[2024-05-23T19:32:52.218+0000] {processor.py:830} INFO - Processing file /home/airflow/.local/lib/python3.12/site-packages/airflow/example_dags/example_bash_decorator.py for tasks to queue
[2024-05-23T19:32:52.222+0000] {logging_mixin.py:188} INFO - [2024-05-23T19:32:52.221+0000] {dagbag.py:545} INFO - Filling up the DagBag from /home/airflow/.local/lib/python3.12/site-packages/airflow/example_dags/example_bash_decorator.py
[2024-05-23T19:32:52.243+0000] {processor.py:840} INFO - DAG(s) 'example_bash_decorator' retrieved from /home/airflow/.local/lib/python3.12/site-packages/airflow/example_dags/example_bash_decorator.py
[2024-05-23T19:32:52.280+0000] {logging_mixin.py:188} INFO - [2024-05-23T19:32:52.280+0000] {dag.py:3096} INFO - Sync 1 DAGs
[2024-05-23T19:32:52.301+0000] {logging_mixin.py:188} INFO - [2024-05-23T19:32:52.300+0000] {dag.py:3954} INFO - Setting next_dagrun for example_bash_decorator to None, run_after=None
[2024-05-23T19:32:52.328+0000] {processor.py:183} INFO - Processing /home/airflow/.local/lib/python3.12/site-packages/airflow/example_dags/example_bash_decorator.py took 0.120 seconds
[2024-05-23T19:33:22.787+0000] {processor.py:161} INFO - Started process (PID=2066) to work on /home/airflow/.local/lib/python3.12/site-packages/airflow/example_dags/example_bash_decorator.py
[2024-05-23T19:33:22.789+0000] {processor.py:830} INFO - Processing file /home/airflow/.local/lib/python3.12/site-packages/airflow/example_dags/example_bash_decorator.py for tasks to queue
[2024-05-23T19:33:22.792+0000] {logging_mixin.py:188} INFO - [2024-05-23T19:33:22.792+0000] {dagbag.py:545} INFO - Filling up the DagBag from /home/airflow/.local/lib/python3.12/site-packages/airflow/example_dags/example_bash_decorator.py
[2024-05-23T19:33:22.814+0000] {processor.py:840} INFO - DAG(s) 'example_bash_decorator' retrieved from /home/airflow/.local/lib/python3.12/site-packages/airflow/example_dags/example_bash_decorator.py
[2024-05-23T19:33:22.850+0000] {logging_mixin.py:188} INFO - [2024-05-23T19:33:22.850+0000] {dag.py:3096} INFO - Sync 1 DAGs
[2024-05-23T19:33:22.871+0000] {logging_mixin.py:188} INFO - [2024-05-23T19:33:22.870+0000] {dag.py:3954} INFO - Setting next_dagrun for example_bash_decorator to None, run_after=None
[2024-05-23T19:33:22.897+0000] {processor.py:183} INFO - Processing /home/airflow/.local/lib/python3.12/site-packages/airflow/example_dags/example_bash_decorator.py took 0.119 seconds
[2024-05-23T19:33:53.178+0000] {processor.py:161} INFO - Started process (PID=2328) to work on /home/airflow/.local/lib/python3.12/site-packages/airflow/example_dags/example_bash_decorator.py
[2024-05-23T19:33:53.180+0000] {processor.py:830} INFO - Processing file /home/airflow/.local/lib/python3.12/site-packages/airflow/example_dags/example_bash_decorator.py for tasks to queue
[2024-05-23T19:33:53.183+0000] {logging_mixin.py:188} INFO - [2024-05-23T19:33:53.182+0000] {dagbag.py:545} INFO - Filling up the DagBag from /home/airflow/.local/lib/python3.12/site-packages/airflow/example_dags/example_bash_decorator.py
[2024-05-23T19:33:53.210+0000] {processor.py:840} INFO - DAG(s) 'example_bash_decorator' retrieved from /home/airflow/.local/lib/python3.12/site-packages/airflow/example_dags/example_bash_decorator.py
[2024-05-23T19:33:53.252+0000] {logging_mixin.py:188} INFO - [2024-05-23T19:33:53.252+0000] {dag.py:3096} INFO - Sync 1 DAGs
[2024-05-23T19:33:53.277+0000] {logging_mixin.py:188} INFO - [2024-05-23T19:33:53.276+0000] {dag.py:3954} INFO - Setting next_dagrun for example_bash_decorator to None, run_after=None
[2024-05-23T19:33:53.307+0000] {processor.py:183} INFO - Processing /home/airflow/.local/lib/python3.12/site-packages/airflow/example_dags/example_bash_decorator.py took 0.139 seconds
[2024-05-23T19:34:23.993+0000] {processor.py:161} INFO - Started process (PID=2589) to work on /home/airflow/.local/lib/python3.12/site-packages/airflow/example_dags/example_bash_decorator.py
[2024-05-23T19:34:23.995+0000] {processor.py:830} INFO - Processing file /home/airflow/.local/lib/python3.12/site-packages/airflow/example_dags/example_bash_decorator.py for tasks to queue
[2024-05-23T19:34:23.999+0000] {logging_mixin.py:188} INFO - [2024-05-23T19:34:23.998+0000] {dagbag.py:545} INFO - Filling up the DagBag from /home/airflow/.local/lib/python3.12/site-packages/airflow/example_dags/example_bash_decorator.py
[2024-05-23T19:34:24.024+0000] {processor.py:840} INFO - DAG(s) 'example_bash_decorator' retrieved from /home/airflow/.local/lib/python3.12/site-packages/airflow/example_dags/example_bash_decorator.py
[2024-05-23T19:34:24.061+0000] {logging_mixin.py:188} INFO - [2024-05-23T19:34:24.061+0000] {dag.py:3096} INFO - Sync 1 DAGs
[2024-05-23T19:34:24.083+0000] {logging_mixin.py:188} INFO - [2024-05-23T19:34:24.083+0000] {dag.py:3954} INFO - Setting next_dagrun for example_bash_decorator to None, run_after=None
[2024-05-23T19:34:24.118+0000] {processor.py:183} INFO - Processing /home/airflow/.local/lib/python3.12/site-packages/airflow/example_dags/example_bash_decorator.py took 0.136 seconds
[2024-05-23T19:34:54.413+0000] {processor.py:161} INFO - Started process (PID=2856) to work on /home/airflow/.local/lib/python3.12/site-packages/airflow/example_dags/example_bash_decorator.py
[2024-05-23T19:34:54.415+0000] {processor.py:830} INFO - Processing file /home/airflow/.local/lib/python3.12/site-packages/airflow/example_dags/example_bash_decorator.py for tasks to queue
[2024-05-23T19:34:54.421+0000] {logging_mixin.py:188} INFO - [2024-05-23T19:34:54.420+0000] {dagbag.py:545} INFO - Filling up the DagBag from /home/airflow/.local/lib/python3.12/site-packages/airflow/example_dags/example_bash_decorator.py
[2024-05-23T19:34:54.470+0000] {processor.py:840} INFO - DAG(s) 'example_bash_decorator' retrieved from /home/airflow/.local/lib/python3.12/site-packages/airflow/example_dags/example_bash_decorator.py
[2024-05-23T19:34:54.526+0000] {logging_mixin.py:188} INFO - [2024-05-23T19:34:54.526+0000] {dag.py:3096} INFO - Sync 1 DAGs
[2024-05-23T19:34:54.569+0000] {logging_mixin.py:188} INFO - [2024-05-23T19:34:54.569+0000] {dag.py:3954} INFO - Setting next_dagrun for example_bash_decorator to None, run_after=None
[2024-05-23T19:34:54.613+0000] {processor.py:183} INFO - Processing /home/airflow/.local/lib/python3.12/site-packages/airflow/example_dags/example_bash_decorator.py took 0.219 seconds
[2024-05-23T19:35:24.992+0000] {processor.py:161} INFO - Started process (PID=3138) to work on /home/airflow/.local/lib/python3.12/site-packages/airflow/example_dags/example_bash_decorator.py
[2024-05-23T19:35:24.994+0000] {processor.py:830} INFO - Processing file /home/airflow/.local/lib/python3.12/site-packages/airflow/example_dags/example_bash_decorator.py for tasks to queue
[2024-05-23T19:35:24.997+0000] {logging_mixin.py:188} INFO - [2024-05-23T19:35:24.996+0000] {dagbag.py:545} INFO - Filling up the DagBag from /home/airflow/.local/lib/python3.12/site-packages/airflow/example_dags/example_bash_decorator.py
[2024-05-23T19:35:25.022+0000] {processor.py:840} INFO - DAG(s) 'example_bash_decorator' retrieved from /home/airflow/.local/lib/python3.12/site-packages/airflow/example_dags/example_bash_decorator.py
[2024-05-23T19:35:25.063+0000] {logging_mixin.py:188} INFO - [2024-05-23T19:35:25.063+0000] {dag.py:3096} INFO - Sync 1 DAGs
[2024-05-23T19:35:25.085+0000] {logging_mixin.py:188} INFO - [2024-05-23T19:35:25.085+0000] {dag.py:3954} INFO - Setting next_dagrun for example_bash_decorator to None, run_after=None
[2024-05-23T19:35:25.115+0000] {processor.py:183} INFO - Processing /home/airflow/.local/lib/python3.12/site-packages/airflow/example_dags/example_bash_decorator.py took 0.134 seconds
[2024-05-23T19:35:55.162+0000] {processor.py:161} INFO - Started process (PID=3400) to work on /home/airflow/.local/lib/python3.12/site-packages/airflow/example_dags/example_bash_decorator.py
[2024-05-23T19:35:55.163+0000] {processor.py:830} INFO - Processing file /home/airflow/.local/lib/python3.12/site-packages/airflow/example_dags/example_bash_decorator.py for tasks to queue
[2024-05-23T19:35:55.166+0000] {logging_mixin.py:188} INFO - [2024-05-23T19:35:55.166+0000] {dagbag.py:545} INFO - Filling up the DagBag from /home/airflow/.local/lib/python3.12/site-packages/airflow/example_dags/example_bash_decorator.py
[2024-05-23T19:35:55.236+0000] {processor.py:840} INFO - DAG(s) 'example_bash_decorator' retrieved from /home/airflow/.local/lib/python3.12/site-packages/airflow/example_dags/example_bash_decorator.py
[2024-05-23T19:35:55.272+0000] {logging_mixin.py:188} INFO - [2024-05-23T19:35:55.272+0000] {dag.py:3096} INFO - Sync 1 DAGs
[2024-05-23T19:35:55.292+0000] {logging_mixin.py:188} INFO - [2024-05-23T19:35:55.292+0000] {dag.py:3954} INFO - Setting next_dagrun for example_bash_decorator to None, run_after=None
[2024-05-23T19:35:55.319+0000] {processor.py:183} INFO - Processing /home/airflow/.local/lib/python3.12/site-packages/airflow/example_dags/example_bash_decorator.py took 0.167 seconds
[2024-05-23T19:36:25.603+0000] {processor.py:161} INFO - Started process (PID=3662) to work on /home/airflow/.local/lib/python3.12/site-packages/airflow/example_dags/example_bash_decorator.py
[2024-05-23T19:36:25.605+0000] {processor.py:830} INFO - Processing file /home/airflow/.local/lib/python3.12/site-packages/airflow/example_dags/example_bash_decorator.py for tasks to queue
[2024-05-23T19:36:25.608+0000] {logging_mixin.py:188} INFO - [2024-05-23T19:36:25.607+0000] {dagbag.py:545} INFO - Filling up the DagBag from /home/airflow/.local/lib/python3.12/site-packages/airflow/example_dags/example_bash_decorator.py
[2024-05-23T19:36:25.630+0000] {processor.py:840} INFO - DAG(s) 'example_bash_decorator' retrieved from /home/airflow/.local/lib/python3.12/site-packages/airflow/example_dags/example_bash_decorator.py
[2024-05-23T19:36:25.666+0000] {logging_mixin.py:188} INFO - [2024-05-23T19:36:25.666+0000] {dag.py:3096} INFO - Sync 1 DAGs
[2024-05-23T19:36:25.686+0000] {logging_mixin.py:188} INFO - [2024-05-23T19:36:25.686+0000] {dag.py:3954} INFO - Setting next_dagrun for example_bash_decorator to None, run_after=None
[2024-05-23T19:36:25.730+0000] {processor.py:183} INFO - Processing /home/airflow/.local/lib/python3.12/site-packages/airflow/example_dags/example_bash_decorator.py took 0.138 seconds
[2024-05-23T19:36:55.862+0000] {processor.py:161} INFO - Started process (PID=3924) to work on /home/airflow/.local/lib/python3.12/site-packages/airflow/example_dags/example_bash_decorator.py
[2024-05-23T19:36:55.864+0000] {processor.py:830} INFO - Processing file /home/airflow/.local/lib/python3.12/site-packages/airflow/example_dags/example_bash_decorator.py for tasks to queue
[2024-05-23T19:36:55.867+0000] {logging_mixin.py:188} INFO - [2024-05-23T19:36:55.867+0000] {dagbag.py:545} INFO - Filling up the DagBag from /home/airflow/.local/lib/python3.12/site-packages/airflow/example_dags/example_bash_decorator.py
[2024-05-23T19:36:55.887+0000] {processor.py:840} INFO - DAG(s) 'example_bash_decorator' retrieved from /home/airflow/.local/lib/python3.12/site-packages/airflow/example_dags/example_bash_decorator.py
[2024-05-23T19:36:55.928+0000] {logging_mixin.py:188} INFO - [2024-05-23T19:36:55.928+0000] {dag.py:3096} INFO - Sync 1 DAGs
[2024-05-23T19:36:55.953+0000] {logging_mixin.py:188} INFO - [2024-05-23T19:36:55.952+0000] {dag.py:3954} INFO - Setting next_dagrun for example_bash_decorator to None, run_after=None
[2024-05-23T19:36:55.981+0000] {processor.py:183} INFO - Processing /home/airflow/.local/lib/python3.12/site-packages/airflow/example_dags/example_bash_decorator.py took 0.129 seconds
[2024-05-23T19:37:26.124+0000] {processor.py:161} INFO - Started process (PID=4186) to work on /home/airflow/.local/lib/python3.12/site-packages/airflow/example_dags/example_bash_decorator.py
[2024-05-23T19:37:26.126+0000] {processor.py:830} INFO - Processing file /home/airflow/.local/lib/python3.12/site-packages/airflow/example_dags/example_bash_decorator.py for tasks to queue
[2024-05-23T19:37:26.130+0000] {logging_mixin.py:188} INFO - [2024-05-23T19:37:26.129+0000] {dagbag.py:545} INFO - Filling up the DagBag from /home/airflow/.local/lib/python3.12/site-packages/airflow/example_dags/example_bash_decorator.py
[2024-05-23T19:37:26.153+0000] {processor.py:840} INFO - DAG(s) 'example_bash_decorator' retrieved from /home/airflow/.local/lib/python3.12/site-packages/airflow/example_dags/example_bash_decorator.py
[2024-05-23T19:37:26.192+0000] {logging_mixin.py:188} INFO - [2024-05-23T19:37:26.191+0000] {dag.py:3096} INFO - Sync 1 DAGs
[2024-05-23T19:37:26.214+0000] {logging_mixin.py:188} INFO - [2024-05-23T19:37:26.214+0000] {dag.py:3954} INFO - Setting next_dagrun for example_bash_decorator to None, run_after=None
[2024-05-23T19:37:26.243+0000] {processor.py:183} INFO - Processing /home/airflow/.local/lib/python3.12/site-packages/airflow/example_dags/example_bash_decorator.py took 0.127 seconds
[2024-05-23T19:37:56.445+0000] {processor.py:161} INFO - Started process (PID=4448) to work on /home/airflow/.local/lib/python3.12/site-packages/airflow/example_dags/example_bash_decorator.py
[2024-05-23T19:37:56.447+0000] {processor.py:830} INFO - Processing file /home/airflow/.local/lib/python3.12/site-packages/airflow/example_dags/example_bash_decorator.py for tasks to queue
[2024-05-23T19:37:56.450+0000] {logging_mixin.py:188} INFO - [2024-05-23T19:37:56.450+0000] {dagbag.py:545} INFO - Filling up the DagBag from /home/airflow/.local/lib/python3.12/site-packages/airflow/example_dags/example_bash_decorator.py
[2024-05-23T19:37:56.473+0000] {processor.py:840} INFO - DAG(s) 'example_bash_decorator' retrieved from /home/airflow/.local/lib/python3.12/site-packages/airflow/example_dags/example_bash_decorator.py
[2024-05-23T19:37:56.508+0000] {logging_mixin.py:188} INFO - [2024-05-23T19:37:56.508+0000] {dag.py:3096} INFO - Sync 1 DAGs
[2024-05-23T19:37:56.529+0000] {logging_mixin.py:188} INFO - [2024-05-23T19:37:56.528+0000] {dag.py:3954} INFO - Setting next_dagrun for example_bash_decorator to None, run_after=None
[2024-05-23T19:37:56.556+0000] {processor.py:183} INFO - Processing /home/airflow/.local/lib/python3.12/site-packages/airflow/example_dags/example_bash_decorator.py took 0.124 seconds
[2024-05-23T19:38:26.859+0000] {processor.py:161} INFO - Started process (PID=4712) to work on /home/airflow/.local/lib/python3.12/site-packages/airflow/example_dags/example_bash_decorator.py
[2024-05-23T19:38:26.860+0000] {processor.py:830} INFO - Processing file /home/airflow/.local/lib/python3.12/site-packages/airflow/example_dags/example_bash_decorator.py for tasks to queue
[2024-05-23T19:38:26.863+0000] {logging_mixin.py:188} INFO - [2024-05-23T19:38:26.862+0000] {dagbag.py:545} INFO - Filling up the DagBag from /home/airflow/.local/lib/python3.12/site-packages/airflow/example_dags/example_bash_decorator.py
[2024-05-23T19:38:26.883+0000] {processor.py:840} INFO - DAG(s) 'example_bash_decorator' retrieved from /home/airflow/.local/lib/python3.12/site-packages/airflow/example_dags/example_bash_decorator.py
[2024-05-23T19:38:26.918+0000] {logging_mixin.py:188} INFO - [2024-05-23T19:38:26.918+0000] {dag.py:3096} INFO - Sync 1 DAGs
[2024-05-23T19:38:26.938+0000] {logging_mixin.py:188} INFO - [2024-05-23T19:38:26.937+0000] {dag.py:3954} INFO - Setting next_dagrun for example_bash_decorator to None, run_after=None
[2024-05-23T19:38:26.963+0000] {processor.py:183} INFO - Processing /home/airflow/.local/lib/python3.12/site-packages/airflow/example_dags/example_bash_decorator.py took 0.115 seconds
[2024-05-23T19:38:57.279+0000] {processor.py:161} INFO - Started process (PID=4972) to work on /home/airflow/.local/lib/python3.12/site-packages/airflow/example_dags/example_bash_decorator.py
[2024-05-23T19:38:57.281+0000] {processor.py:830} INFO - Processing file /home/airflow/.local/lib/python3.12/site-packages/airflow/example_dags/example_bash_decorator.py for tasks to queue
[2024-05-23T19:38:57.284+0000] {logging_mixin.py:188} INFO - [2024-05-23T19:38:57.284+0000] {dagbag.py:545} INFO - Filling up the DagBag from /home/airflow/.local/lib/python3.12/site-packages/airflow/example_dags/example_bash_decorator.py
[2024-05-23T19:38:57.308+0000] {processor.py:840} INFO - DAG(s) 'example_bash_decorator' retrieved from /home/airflow/.local/lib/python3.12/site-packages/airflow/example_dags/example_bash_decorator.py
[2024-05-23T19:38:57.344+0000] {logging_mixin.py:188} INFO - [2024-05-23T19:38:57.344+0000] {dag.py:3096} INFO - Sync 1 DAGs
[2024-05-23T19:38:57.365+0000] {logging_mixin.py:188} INFO - [2024-05-23T19:38:57.364+0000] {dag.py:3954} INFO - Setting next_dagrun for example_bash_decorator to None, run_after=None
[2024-05-23T19:38:57.393+0000] {processor.py:183} INFO - Processing /home/airflow/.local/lib/python3.12/site-packages/airflow/example_dags/example_bash_decorator.py took 0.123 seconds
[2024-05-23T19:39:27.998+0000] {processor.py:161} INFO - Started process (PID=5234) to work on /home/airflow/.local/lib/python3.12/site-packages/airflow/example_dags/example_bash_decorator.py
[2024-05-23T19:39:27.999+0000] {processor.py:830} INFO - Processing file /home/airflow/.local/lib/python3.12/site-packages/airflow/example_dags/example_bash_decorator.py for tasks to queue
[2024-05-23T19:39:28.002+0000] {logging_mixin.py:188} INFO - [2024-05-23T19:39:28.002+0000] {dagbag.py:545} INFO - Filling up the DagBag from /home/airflow/.local/lib/python3.12/site-packages/airflow/example_dags/example_bash_decorator.py
[2024-05-23T19:39:28.023+0000] {processor.py:840} INFO - DAG(s) 'example_bash_decorator' retrieved from /home/airflow/.local/lib/python3.12/site-packages/airflow/example_dags/example_bash_decorator.py
[2024-05-23T19:39:28.060+0000] {logging_mixin.py:188} INFO - [2024-05-23T19:39:28.060+0000] {dag.py:3096} INFO - Sync 1 DAGs
[2024-05-23T19:39:28.079+0000] {logging_mixin.py:188} INFO - [2024-05-23T19:39:28.079+0000] {dag.py:3954} INFO - Setting next_dagrun for example_bash_decorator to None, run_after=None
[2024-05-23T19:39:28.105+0000] {processor.py:183} INFO - Processing /home/airflow/.local/lib/python3.12/site-packages/airflow/example_dags/example_bash_decorator.py took 0.117 seconds
[2024-05-23T19:39:58.522+0000] {processor.py:161} INFO - Started process (PID=5496) to work on /home/airflow/.local/lib/python3.12/site-packages/airflow/example_dags/example_bash_decorator.py
[2024-05-23T19:39:58.523+0000] {processor.py:830} INFO - Processing file /home/airflow/.local/lib/python3.12/site-packages/airflow/example_dags/example_bash_decorator.py for tasks to queue
[2024-05-23T19:39:58.527+0000] {logging_mixin.py:188} INFO - [2024-05-23T19:39:58.527+0000] {dagbag.py:545} INFO - Filling up the DagBag from /home/airflow/.local/lib/python3.12/site-packages/airflow/example_dags/example_bash_decorator.py
[2024-05-23T19:39:58.551+0000] {processor.py:840} INFO - DAG(s) 'example_bash_decorator' retrieved from /home/airflow/.local/lib/python3.12/site-packages/airflow/example_dags/example_bash_decorator.py
[2024-05-23T19:39:58.588+0000] {logging_mixin.py:188} INFO - [2024-05-23T19:39:58.588+0000] {dag.py:3096} INFO - Sync 1 DAGs
[2024-05-23T19:39:58.611+0000] {logging_mixin.py:188} INFO - [2024-05-23T19:39:58.610+0000] {dag.py:3954} INFO - Setting next_dagrun for example_bash_decorator to None, run_after=None
[2024-05-23T19:39:58.640+0000] {processor.py:183} INFO - Processing /home/airflow/.local/lib/python3.12/site-packages/airflow/example_dags/example_bash_decorator.py took 0.129 seconds
[2024-05-23T19:40:29.026+0000] {processor.py:161} INFO - Started process (PID=5758) to work on /home/airflow/.local/lib/python3.12/site-packages/airflow/example_dags/example_bash_decorator.py
[2024-05-23T19:40:29.028+0000] {processor.py:830} INFO - Processing file /home/airflow/.local/lib/python3.12/site-packages/airflow/example_dags/example_bash_decorator.py for tasks to queue
[2024-05-23T19:40:29.031+0000] {logging_mixin.py:188} INFO - [2024-05-23T19:40:29.030+0000] {dagbag.py:545} INFO - Filling up the DagBag from /home/airflow/.local/lib/python3.12/site-packages/airflow/example_dags/example_bash_decorator.py
[2024-05-23T19:40:29.058+0000] {processor.py:840} INFO - DAG(s) 'example_bash_decorator' retrieved from /home/airflow/.local/lib/python3.12/site-packages/airflow/example_dags/example_bash_decorator.py
[2024-05-23T19:40:29.101+0000] {logging_mixin.py:188} INFO - [2024-05-23T19:40:29.100+0000] {dag.py:3096} INFO - Sync 1 DAGs
[2024-05-23T19:40:29.134+0000] {logging_mixin.py:188} INFO - [2024-05-23T19:40:29.134+0000] {dag.py:3954} INFO - Setting next_dagrun for example_bash_decorator to None, run_after=None
[2024-05-23T19:40:29.186+0000] {processor.py:183} INFO - Processing /home/airflow/.local/lib/python3.12/site-packages/airflow/example_dags/example_bash_decorator.py took 0.171 seconds
[2024-05-23T19:40:59.414+0000] {processor.py:161} INFO - Started process (PID=6020) to work on /home/airflow/.local/lib/python3.12/site-packages/airflow/example_dags/example_bash_decorator.py
[2024-05-23T19:40:59.416+0000] {processor.py:830} INFO - Processing file /home/airflow/.local/lib/python3.12/site-packages/airflow/example_dags/example_bash_decorator.py for tasks to queue
[2024-05-23T19:40:59.419+0000] {logging_mixin.py:188} INFO - [2024-05-23T19:40:59.418+0000] {dagbag.py:545} INFO - Filling up the DagBag from /home/airflow/.local/lib/python3.12/site-packages/airflow/example_dags/example_bash_decorator.py
[2024-05-23T19:40:59.440+0000] {processor.py:840} INFO - DAG(s) 'example_bash_decorator' retrieved from /home/airflow/.local/lib/python3.12/site-packages/airflow/example_dags/example_bash_decorator.py
[2024-05-23T19:40:59.476+0000] {logging_mixin.py:188} INFO - [2024-05-23T19:40:59.475+0000] {dag.py:3096} INFO - Sync 1 DAGs
[2024-05-23T19:40:59.497+0000] {logging_mixin.py:188} INFO - [2024-05-23T19:40:59.497+0000] {dag.py:3954} INFO - Setting next_dagrun for example_bash_decorator to None, run_after=None
[2024-05-23T19:40:59.523+0000] {processor.py:183} INFO - Processing /home/airflow/.local/lib/python3.12/site-packages/airflow/example_dags/example_bash_decorator.py took 0.119 seconds
[2024-05-23T19:41:30.056+0000] {processor.py:161} INFO - Started process (PID=6282) to work on /home/airflow/.local/lib/python3.12/site-packages/airflow/example_dags/example_bash_decorator.py
[2024-05-23T19:41:30.057+0000] {processor.py:830} INFO - Processing file /home/airflow/.local/lib/python3.12/site-packages/airflow/example_dags/example_bash_decorator.py for tasks to queue
[2024-05-23T19:41:30.061+0000] {logging_mixin.py:188} INFO - [2024-05-23T19:41:30.060+0000] {dagbag.py:545} INFO - Filling up the DagBag from /home/airflow/.local/lib/python3.12/site-packages/airflow/example_dags/example_bash_decorator.py
[2024-05-23T19:41:30.082+0000] {processor.py:840} INFO - DAG(s) 'example_bash_decorator' retrieved from /home/airflow/.local/lib/python3.12/site-packages/airflow/example_dags/example_bash_decorator.py
[2024-05-23T19:41:30.118+0000] {logging_mixin.py:188} INFO - [2024-05-23T19:41:30.117+0000] {dag.py:3096} INFO - Sync 1 DAGs
[2024-05-23T19:41:30.137+0000] {logging_mixin.py:188} INFO - [2024-05-23T19:41:30.137+0000] {dag.py:3954} INFO - Setting next_dagrun for example_bash_decorator to None, run_after=None
[2024-05-23T19:41:30.164+0000] {processor.py:183} INFO - Processing /home/airflow/.local/lib/python3.12/site-packages/airflow/example_dags/example_bash_decorator.py took 0.118 seconds
[2024-05-23T19:42:00.487+0000] {processor.py:161} INFO - Started process (PID=6543) to work on /home/airflow/.local/lib/python3.12/site-packages/airflow/example_dags/example_bash_decorator.py
[2024-05-23T19:42:00.489+0000] {processor.py:830} INFO - Processing file /home/airflow/.local/lib/python3.12/site-packages/airflow/example_dags/example_bash_decorator.py for tasks to queue
[2024-05-23T19:42:00.493+0000] {logging_mixin.py:188} INFO - [2024-05-23T19:42:00.492+0000] {dagbag.py:545} INFO - Filling up the DagBag from /home/airflow/.local/lib/python3.12/site-packages/airflow/example_dags/example_bash_decorator.py
[2024-05-23T19:42:00.525+0000] {processor.py:840} INFO - DAG(s) 'example_bash_decorator' retrieved from /home/airflow/.local/lib/python3.12/site-packages/airflow/example_dags/example_bash_decorator.py
[2024-05-23T19:42:00.568+0000] {logging_mixin.py:188} INFO - [2024-05-23T19:42:00.567+0000] {dag.py:3096} INFO - Sync 1 DAGs
[2024-05-23T19:42:00.592+0000] {logging_mixin.py:188} INFO - [2024-05-23T19:42:00.591+0000] {dag.py:3954} INFO - Setting next_dagrun for example_bash_decorator to None, run_after=None
[2024-05-23T19:42:00.627+0000] {processor.py:183} INFO - Processing /home/airflow/.local/lib/python3.12/site-packages/airflow/example_dags/example_bash_decorator.py took 0.154 seconds
[2024-05-23T19:42:30.711+0000] {processor.py:161} INFO - Started process (PID=6805) to work on /home/airflow/.local/lib/python3.12/site-packages/airflow/example_dags/example_bash_decorator.py
[2024-05-23T19:42:30.712+0000] {processor.py:830} INFO - Processing file /home/airflow/.local/lib/python3.12/site-packages/airflow/example_dags/example_bash_decorator.py for tasks to queue
[2024-05-23T19:42:30.715+0000] {logging_mixin.py:188} INFO - [2024-05-23T19:42:30.714+0000] {dagbag.py:545} INFO - Filling up the DagBag from /home/airflow/.local/lib/python3.12/site-packages/airflow/example_dags/example_bash_decorator.py
[2024-05-23T19:42:30.733+0000] {processor.py:840} INFO - DAG(s) 'example_bash_decorator' retrieved from /home/airflow/.local/lib/python3.12/site-packages/airflow/example_dags/example_bash_decorator.py
[2024-05-23T19:42:30.765+0000] {logging_mixin.py:188} INFO - [2024-05-23T19:42:30.765+0000] {dag.py:3096} INFO - Sync 1 DAGs
[2024-05-23T19:42:30.783+0000] {logging_mixin.py:188} INFO - [2024-05-23T19:42:30.783+0000] {dag.py:3954} INFO - Setting next_dagrun for example_bash_decorator to None, run_after=None
[2024-05-23T19:42:30.807+0000] {processor.py:183} INFO - Processing /home/airflow/.local/lib/python3.12/site-packages/airflow/example_dags/example_bash_decorator.py took 0.105 seconds
[2024-05-23T19:43:01.058+0000] {processor.py:161} INFO - Started process (PID=7067) to work on /home/airflow/.local/lib/python3.12/site-packages/airflow/example_dags/example_bash_decorator.py
[2024-05-23T19:43:01.059+0000] {processor.py:830} INFO - Processing file /home/airflow/.local/lib/python3.12/site-packages/airflow/example_dags/example_bash_decorator.py for tasks to queue
[2024-05-23T19:43:01.062+0000] {logging_mixin.py:188} INFO - [2024-05-23T19:43:01.062+0000] {dagbag.py:545} INFO - Filling up the DagBag from /home/airflow/.local/lib/python3.12/site-packages/airflow/example_dags/example_bash_decorator.py
[2024-05-23T19:43:01.083+0000] {processor.py:840} INFO - DAG(s) 'example_bash_decorator' retrieved from /home/airflow/.local/lib/python3.12/site-packages/airflow/example_dags/example_bash_decorator.py
[2024-05-23T19:43:01.122+0000] {logging_mixin.py:188} INFO - [2024-05-23T19:43:01.121+0000] {dag.py:3096} INFO - Sync 1 DAGs
[2024-05-23T19:43:01.141+0000] {logging_mixin.py:188} INFO - [2024-05-23T19:43:01.141+0000] {dag.py:3954} INFO - Setting next_dagrun for example_bash_decorator to None, run_after=None
[2024-05-23T19:43:01.169+0000] {processor.py:183} INFO - Processing /home/airflow/.local/lib/python3.12/site-packages/airflow/example_dags/example_bash_decorator.py took 0.120 seconds
[2024-05-23T19:43:31.382+0000] {processor.py:161} INFO - Started process (PID=7329) to work on /home/airflow/.local/lib/python3.12/site-packages/airflow/example_dags/example_bash_decorator.py
[2024-05-23T19:43:31.384+0000] {processor.py:830} INFO - Processing file /home/airflow/.local/lib/python3.12/site-packages/airflow/example_dags/example_bash_decorator.py for tasks to queue
[2024-05-23T19:43:31.390+0000] {logging_mixin.py:188} INFO - [2024-05-23T19:43:31.389+0000] {dagbag.py:545} INFO - Filling up the DagBag from /home/airflow/.local/lib/python3.12/site-packages/airflow/example_dags/example_bash_decorator.py
[2024-05-23T19:43:31.412+0000] {processor.py:840} INFO - DAG(s) 'example_bash_decorator' retrieved from /home/airflow/.local/lib/python3.12/site-packages/airflow/example_dags/example_bash_decorator.py
[2024-05-23T19:43:31.448+0000] {logging_mixin.py:188} INFO - [2024-05-23T19:43:31.448+0000] {dag.py:3096} INFO - Sync 1 DAGs
[2024-05-23T19:43:31.467+0000] {logging_mixin.py:188} INFO - [2024-05-23T19:43:31.467+0000] {dag.py:3954} INFO - Setting next_dagrun for example_bash_decorator to None, run_after=None
[2024-05-23T19:43:31.494+0000] {processor.py:183} INFO - Processing /home/airflow/.local/lib/python3.12/site-packages/airflow/example_dags/example_bash_decorator.py took 0.121 seconds
[2024-05-23T19:44:02.054+0000] {processor.py:161} INFO - Started process (PID=7591) to work on /home/airflow/.local/lib/python3.12/site-packages/airflow/example_dags/example_bash_decorator.py
[2024-05-23T19:44:02.056+0000] {processor.py:830} INFO - Processing file /home/airflow/.local/lib/python3.12/site-packages/airflow/example_dags/example_bash_decorator.py for tasks to queue
[2024-05-23T19:44:02.059+0000] {logging_mixin.py:188} INFO - [2024-05-23T19:44:02.059+0000] {dagbag.py:545} INFO - Filling up the DagBag from /home/airflow/.local/lib/python3.12/site-packages/airflow/example_dags/example_bash_decorator.py
[2024-05-23T19:44:02.081+0000] {processor.py:840} INFO - DAG(s) 'example_bash_decorator' retrieved from /home/airflow/.local/lib/python3.12/site-packages/airflow/example_dags/example_bash_decorator.py
[2024-05-23T19:44:02.116+0000] {logging_mixin.py:188} INFO - [2024-05-23T19:44:02.116+0000] {dag.py:3096} INFO - Sync 1 DAGs
[2024-05-23T19:44:02.136+0000] {logging_mixin.py:188} INFO - [2024-05-23T19:44:02.136+0000] {dag.py:3954} INFO - Setting next_dagrun for example_bash_decorator to None, run_after=None
[2024-05-23T19:44:02.164+0000] {processor.py:183} INFO - Processing /home/airflow/.local/lib/python3.12/site-packages/airflow/example_dags/example_bash_decorator.py took 0.118 seconds
[2024-05-23T19:44:32.774+0000] {processor.py:161} INFO - Started process (PID=7847) to work on /home/airflow/.local/lib/python3.12/site-packages/airflow/example_dags/example_bash_decorator.py
[2024-05-23T19:44:32.776+0000] {processor.py:830} INFO - Processing file /home/airflow/.local/lib/python3.12/site-packages/airflow/example_dags/example_bash_decorator.py for tasks to queue
[2024-05-23T19:44:32.778+0000] {logging_mixin.py:188} INFO - [2024-05-23T19:44:32.778+0000] {dagbag.py:545} INFO - Filling up the DagBag from /home/airflow/.local/lib/python3.12/site-packages/airflow/example_dags/example_bash_decorator.py
[2024-05-23T19:44:32.799+0000] {processor.py:840} INFO - DAG(s) 'example_bash_decorator' retrieved from /home/airflow/.local/lib/python3.12/site-packages/airflow/example_dags/example_bash_decorator.py
[2024-05-23T19:44:32.834+0000] {logging_mixin.py:188} INFO - [2024-05-23T19:44:32.833+0000] {dag.py:3096} INFO - Sync 1 DAGs
[2024-05-23T19:44:32.853+0000] {logging_mixin.py:188} INFO - [2024-05-23T19:44:32.853+0000] {dag.py:3954} INFO - Setting next_dagrun for example_bash_decorator to None, run_after=None
[2024-05-23T19:44:32.878+0000] {processor.py:183} INFO - Processing /home/airflow/.local/lib/python3.12/site-packages/airflow/example_dags/example_bash_decorator.py took 0.112 seconds
[2024-05-23T19:45:03.230+0000] {processor.py:161} INFO - Started process (PID=8109) to work on /home/airflow/.local/lib/python3.12/site-packages/airflow/example_dags/example_bash_decorator.py
[2024-05-23T19:45:03.231+0000] {processor.py:830} INFO - Processing file /home/airflow/.local/lib/python3.12/site-packages/airflow/example_dags/example_bash_decorator.py for tasks to queue
[2024-05-23T19:45:03.234+0000] {logging_mixin.py:188} INFO - [2024-05-23T19:45:03.234+0000] {dagbag.py:545} INFO - Filling up the DagBag from /home/airflow/.local/lib/python3.12/site-packages/airflow/example_dags/example_bash_decorator.py
[2024-05-23T19:45:03.253+0000] {processor.py:840} INFO - DAG(s) 'example_bash_decorator' retrieved from /home/airflow/.local/lib/python3.12/site-packages/airflow/example_dags/example_bash_decorator.py
[2024-05-23T19:45:03.286+0000] {logging_mixin.py:188} INFO - [2024-05-23T19:45:03.285+0000] {dag.py:3096} INFO - Sync 1 DAGs
[2024-05-23T19:45:03.304+0000] {logging_mixin.py:188} INFO - [2024-05-23T19:45:03.303+0000] {dag.py:3954} INFO - Setting next_dagrun for example_bash_decorator to None, run_after=None
[2024-05-23T19:45:03.328+0000] {processor.py:183} INFO - Processing /home/airflow/.local/lib/python3.12/site-packages/airflow/example_dags/example_bash_decorator.py took 0.106 seconds
[2024-05-23T19:45:33.683+0000] {processor.py:161} INFO - Started process (PID=8371) to work on /home/airflow/.local/lib/python3.12/site-packages/airflow/example_dags/example_bash_decorator.py
[2024-05-23T19:45:33.685+0000] {processor.py:830} INFO - Processing file /home/airflow/.local/lib/python3.12/site-packages/airflow/example_dags/example_bash_decorator.py for tasks to queue
[2024-05-23T19:45:33.688+0000] {logging_mixin.py:188} INFO - [2024-05-23T19:45:33.687+0000] {dagbag.py:545} INFO - Filling up the DagBag from /home/airflow/.local/lib/python3.12/site-packages/airflow/example_dags/example_bash_decorator.py
[2024-05-23T19:45:33.707+0000] {processor.py:840} INFO - DAG(s) 'example_bash_decorator' retrieved from /home/airflow/.local/lib/python3.12/site-packages/airflow/example_dags/example_bash_decorator.py
[2024-05-23T19:45:33.739+0000] {logging_mixin.py:188} INFO - [2024-05-23T19:45:33.739+0000] {dag.py:3096} INFO - Sync 1 DAGs
[2024-05-23T19:45:33.757+0000] {logging_mixin.py:188} INFO - [2024-05-23T19:45:33.757+0000] {dag.py:3954} INFO - Setting next_dagrun for example_bash_decorator to None, run_after=None
[2024-05-23T19:45:33.782+0000] {processor.py:183} INFO - Processing /home/airflow/.local/lib/python3.12/site-packages/airflow/example_dags/example_bash_decorator.py took 0.107 seconds
[2024-05-23T19:46:03.935+0000] {processor.py:161} INFO - Started process (PID=8633) to work on /home/airflow/.local/lib/python3.12/site-packages/airflow/example_dags/example_bash_decorator.py
[2024-05-23T19:46:03.937+0000] {processor.py:830} INFO - Processing file /home/airflow/.local/lib/python3.12/site-packages/airflow/example_dags/example_bash_decorator.py for tasks to queue
[2024-05-23T19:46:03.939+0000] {logging_mixin.py:188} INFO - [2024-05-23T19:46:03.939+0000] {dagbag.py:545} INFO - Filling up the DagBag from /home/airflow/.local/lib/python3.12/site-packages/airflow/example_dags/example_bash_decorator.py
[2024-05-23T19:46:03.958+0000] {processor.py:840} INFO - DAG(s) 'example_bash_decorator' retrieved from /home/airflow/.local/lib/python3.12/site-packages/airflow/example_dags/example_bash_decorator.py
[2024-05-23T19:46:03.990+0000] {logging_mixin.py:188} INFO - [2024-05-23T19:46:03.989+0000] {dag.py:3096} INFO - Sync 1 DAGs
[2024-05-23T19:46:04.007+0000] {logging_mixin.py:188} INFO - [2024-05-23T19:46:04.006+0000] {dag.py:3954} INFO - Setting next_dagrun for example_bash_decorator to None, run_after=None
[2024-05-23T19:46:04.031+0000] {processor.py:183} INFO - Processing /home/airflow/.local/lib/python3.12/site-packages/airflow/example_dags/example_bash_decorator.py took 0.103 seconds
[2024-05-23T19:46:34.183+0000] {processor.py:161} INFO - Started process (PID=8895) to work on /home/airflow/.local/lib/python3.12/site-packages/airflow/example_dags/example_bash_decorator.py
[2024-05-23T19:46:34.185+0000] {processor.py:830} INFO - Processing file /home/airflow/.local/lib/python3.12/site-packages/airflow/example_dags/example_bash_decorator.py for tasks to queue
[2024-05-23T19:46:34.188+0000] {logging_mixin.py:188} INFO - [2024-05-23T19:46:34.188+0000] {dagbag.py:545} INFO - Filling up the DagBag from /home/airflow/.local/lib/python3.12/site-packages/airflow/example_dags/example_bash_decorator.py
[2024-05-23T19:46:34.208+0000] {processor.py:840} INFO - DAG(s) 'example_bash_decorator' retrieved from /home/airflow/.local/lib/python3.12/site-packages/airflow/example_dags/example_bash_decorator.py
[2024-05-23T19:46:34.239+0000] {logging_mixin.py:188} INFO - [2024-05-23T19:46:34.238+0000] {dag.py:3096} INFO - Sync 1 DAGs
[2024-05-23T19:46:34.256+0000] {logging_mixin.py:188} INFO - [2024-05-23T19:46:34.256+0000] {dag.py:3954} INFO - Setting next_dagrun for example_bash_decorator to None, run_after=None
[2024-05-23T19:46:34.279+0000] {processor.py:183} INFO - Processing /home/airflow/.local/lib/python3.12/site-packages/airflow/example_dags/example_bash_decorator.py took 0.104 seconds
[2024-05-23T19:47:04.454+0000] {processor.py:161} INFO - Started process (PID=9157) to work on /home/airflow/.local/lib/python3.12/site-packages/airflow/example_dags/example_bash_decorator.py
[2024-05-23T19:47:04.455+0000] {processor.py:830} INFO - Processing file /home/airflow/.local/lib/python3.12/site-packages/airflow/example_dags/example_bash_decorator.py for tasks to queue
[2024-05-23T19:47:04.457+0000] {logging_mixin.py:188} INFO - [2024-05-23T19:47:04.457+0000] {dagbag.py:545} INFO - Filling up the DagBag from /home/airflow/.local/lib/python3.12/site-packages/airflow/example_dags/example_bash_decorator.py
[2024-05-23T19:47:04.476+0000] {processor.py:840} INFO - DAG(s) 'example_bash_decorator' retrieved from /home/airflow/.local/lib/python3.12/site-packages/airflow/example_dags/example_bash_decorator.py
[2024-05-23T19:47:04.508+0000] {logging_mixin.py:188} INFO - [2024-05-23T19:47:04.508+0000] {dag.py:3096} INFO - Sync 1 DAGs
[2024-05-23T19:47:04.526+0000] {logging_mixin.py:188} INFO - [2024-05-23T19:47:04.525+0000] {dag.py:3954} INFO - Setting next_dagrun for example_bash_decorator to None, run_after=None
[2024-05-23T19:47:04.549+0000] {processor.py:183} INFO - Processing /home/airflow/.local/lib/python3.12/site-packages/airflow/example_dags/example_bash_decorator.py took 0.104 seconds
[2024-05-23T19:47:34.620+0000] {processor.py:161} INFO - Started process (PID=9419) to work on /home/airflow/.local/lib/python3.12/site-packages/airflow/example_dags/example_bash_decorator.py
[2024-05-23T19:47:34.622+0000] {processor.py:830} INFO - Processing file /home/airflow/.local/lib/python3.12/site-packages/airflow/example_dags/example_bash_decorator.py for tasks to queue
[2024-05-23T19:47:34.624+0000] {logging_mixin.py:188} INFO - [2024-05-23T19:47:34.624+0000] {dagbag.py:545} INFO - Filling up the DagBag from /home/airflow/.local/lib/python3.12/site-packages/airflow/example_dags/example_bash_decorator.py
[2024-05-23T19:47:34.642+0000] {processor.py:840} INFO - DAG(s) 'example_bash_decorator' retrieved from /home/airflow/.local/lib/python3.12/site-packages/airflow/example_dags/example_bash_decorator.py
[2024-05-23T19:47:34.674+0000] {logging_mixin.py:188} INFO - [2024-05-23T19:47:34.673+0000] {dag.py:3096} INFO - Sync 1 DAGs
[2024-05-23T19:47:34.691+0000] {logging_mixin.py:188} INFO - [2024-05-23T19:47:34.691+0000] {dag.py:3954} INFO - Setting next_dagrun for example_bash_decorator to None, run_after=None
[2024-05-23T19:47:34.714+0000] {processor.py:183} INFO - Processing /home/airflow/.local/lib/python3.12/site-packages/airflow/example_dags/example_bash_decorator.py took 0.103 seconds
[2024-05-23T19:48:05.470+0000] {processor.py:161} INFO - Started process (PID=9681) to work on /home/airflow/.local/lib/python3.12/site-packages/airflow/example_dags/example_bash_decorator.py
[2024-05-23T19:48:05.472+0000] {processor.py:830} INFO - Processing file /home/airflow/.local/lib/python3.12/site-packages/airflow/example_dags/example_bash_decorator.py for tasks to queue
[2024-05-23T19:48:05.474+0000] {logging_mixin.py:188} INFO - [2024-05-23T19:48:05.474+0000] {dagbag.py:545} INFO - Filling up the DagBag from /home/airflow/.local/lib/python3.12/site-packages/airflow/example_dags/example_bash_decorator.py
[2024-05-23T19:48:05.493+0000] {processor.py:840} INFO - DAG(s) 'example_bash_decorator' retrieved from /home/airflow/.local/lib/python3.12/site-packages/airflow/example_dags/example_bash_decorator.py
[2024-05-23T19:48:05.526+0000] {logging_mixin.py:188} INFO - [2024-05-23T19:48:05.525+0000] {dag.py:3096} INFO - Sync 1 DAGs
[2024-05-23T19:48:05.544+0000] {logging_mixin.py:188} INFO - [2024-05-23T19:48:05.543+0000] {dag.py:3954} INFO - Setting next_dagrun for example_bash_decorator to None, run_after=None
[2024-05-23T19:48:05.712+0000] {processor.py:183} INFO - Processing /home/airflow/.local/lib/python3.12/site-packages/airflow/example_dags/example_bash_decorator.py took 0.250 seconds
[2024-05-23T19:48:36.576+0000] {processor.py:161} INFO - Started process (PID=9945) to work on /home/airflow/.local/lib/python3.12/site-packages/airflow/example_dags/example_bash_decorator.py
[2024-05-23T19:48:36.578+0000] {processor.py:830} INFO - Processing file /home/airflow/.local/lib/python3.12/site-packages/airflow/example_dags/example_bash_decorator.py for tasks to queue
[2024-05-23T19:48:36.582+0000] {logging_mixin.py:188} INFO - [2024-05-23T19:48:36.582+0000] {dagbag.py:545} INFO - Filling up the DagBag from /home/airflow/.local/lib/python3.12/site-packages/airflow/example_dags/example_bash_decorator.py
[2024-05-23T19:48:36.612+0000] {processor.py:840} INFO - DAG(s) 'example_bash_decorator' retrieved from /home/airflow/.local/lib/python3.12/site-packages/airflow/example_dags/example_bash_decorator.py
[2024-05-23T19:48:36.647+0000] {logging_mixin.py:188} INFO - [2024-05-23T19:48:36.647+0000] {dag.py:3096} INFO - Sync 1 DAGs
[2024-05-23T19:48:36.666+0000] {logging_mixin.py:188} INFO - [2024-05-23T19:48:36.666+0000] {dag.py:3954} INFO - Setting next_dagrun for example_bash_decorator to None, run_after=None
[2024-05-23T19:48:36.693+0000] {processor.py:183} INFO - Processing /home/airflow/.local/lib/python3.12/site-packages/airflow/example_dags/example_bash_decorator.py took 0.127 seconds
[2024-05-23T19:49:06.826+0000] {processor.py:161} INFO - Started process (PID=10207) to work on /home/airflow/.local/lib/python3.12/site-packages/airflow/example_dags/example_bash_decorator.py
[2024-05-23T19:49:06.828+0000] {processor.py:830} INFO - Processing file /home/airflow/.local/lib/python3.12/site-packages/airflow/example_dags/example_bash_decorator.py for tasks to queue
[2024-05-23T19:49:06.830+0000] {logging_mixin.py:188} INFO - [2024-05-23T19:49:06.830+0000] {dagbag.py:545} INFO - Filling up the DagBag from /home/airflow/.local/lib/python3.12/site-packages/airflow/example_dags/example_bash_decorator.py
[2024-05-23T19:49:06.851+0000] {processor.py:840} INFO - DAG(s) 'example_bash_decorator' retrieved from /home/airflow/.local/lib/python3.12/site-packages/airflow/example_dags/example_bash_decorator.py
[2024-05-23T19:49:06.885+0000] {logging_mixin.py:188} INFO - [2024-05-23T19:49:06.885+0000] {dag.py:3096} INFO - Sync 1 DAGs
[2024-05-23T19:49:06.906+0000] {logging_mixin.py:188} INFO - [2024-05-23T19:49:06.906+0000] {dag.py:3954} INFO - Setting next_dagrun for example_bash_decorator to None, run_after=None
[2024-05-23T19:49:06.933+0000] {processor.py:183} INFO - Processing /home/airflow/.local/lib/python3.12/site-packages/airflow/example_dags/example_bash_decorator.py took 0.116 seconds
[2024-05-23T19:49:37.139+0000] {processor.py:161} INFO - Started process (PID=10469) to work on /home/airflow/.local/lib/python3.12/site-packages/airflow/example_dags/example_bash_decorator.py
[2024-05-23T19:49:37.141+0000] {processor.py:830} INFO - Processing file /home/airflow/.local/lib/python3.12/site-packages/airflow/example_dags/example_bash_decorator.py for tasks to queue
[2024-05-23T19:49:37.143+0000] {logging_mixin.py:188} INFO - [2024-05-23T19:49:37.143+0000] {dagbag.py:545} INFO - Filling up the DagBag from /home/airflow/.local/lib/python3.12/site-packages/airflow/example_dags/example_bash_decorator.py
[2024-05-23T19:49:37.164+0000] {processor.py:840} INFO - DAG(s) 'example_bash_decorator' retrieved from /home/airflow/.local/lib/python3.12/site-packages/airflow/example_dags/example_bash_decorator.py
[2024-05-23T19:49:37.208+0000] {logging_mixin.py:188} INFO - [2024-05-23T19:49:37.208+0000] {dag.py:3096} INFO - Sync 1 DAGs
[2024-05-23T19:49:37.227+0000] {logging_mixin.py:188} INFO - [2024-05-23T19:49:37.227+0000] {dag.py:3954} INFO - Setting next_dagrun for example_bash_decorator to None, run_after=None
[2024-05-23T19:49:37.257+0000] {processor.py:183} INFO - Processing /home/airflow/.local/lib/python3.12/site-packages/airflow/example_dags/example_bash_decorator.py took 0.127 seconds
[2024-05-23T19:50:07.626+0000] {processor.py:161} INFO - Started process (PID=10730) to work on /home/airflow/.local/lib/python3.12/site-packages/airflow/example_dags/example_bash_decorator.py
[2024-05-23T19:50:07.629+0000] {processor.py:830} INFO - Processing file /home/airflow/.local/lib/python3.12/site-packages/airflow/example_dags/example_bash_decorator.py for tasks to queue
[2024-05-23T19:50:07.632+0000] {logging_mixin.py:188} INFO - [2024-05-23T19:50:07.632+0000] {dagbag.py:545} INFO - Filling up the DagBag from /home/airflow/.local/lib/python3.12/site-packages/airflow/example_dags/example_bash_decorator.py
[2024-05-23T19:50:07.653+0000] {processor.py:840} INFO - DAG(s) 'example_bash_decorator' retrieved from /home/airflow/.local/lib/python3.12/site-packages/airflow/example_dags/example_bash_decorator.py
[2024-05-23T19:50:07.689+0000] {logging_mixin.py:188} INFO - [2024-05-23T19:50:07.689+0000] {dag.py:3096} INFO - Sync 1 DAGs
[2024-05-23T19:50:07.709+0000] {logging_mixin.py:188} INFO - [2024-05-23T19:50:07.709+0000] {dag.py:3954} INFO - Setting next_dagrun for example_bash_decorator to None, run_after=None
[2024-05-23T19:50:07.735+0000] {processor.py:183} INFO - Processing /home/airflow/.local/lib/python3.12/site-packages/airflow/example_dags/example_bash_decorator.py took 0.118 seconds
[2024-05-23T19:50:38.818+0000] {processor.py:161} INFO - Started process (PID=10993) to work on /home/airflow/.local/lib/python3.12/site-packages/airflow/example_dags/example_bash_decorator.py
[2024-05-23T19:50:38.819+0000] {processor.py:830} INFO - Processing file /home/airflow/.local/lib/python3.12/site-packages/airflow/example_dags/example_bash_decorator.py for tasks to queue
[2024-05-23T19:50:38.823+0000] {logging_mixin.py:188} INFO - [2024-05-23T19:50:38.823+0000] {dagbag.py:545} INFO - Filling up the DagBag from /home/airflow/.local/lib/python3.12/site-packages/airflow/example_dags/example_bash_decorator.py
[2024-05-23T19:50:38.852+0000] {processor.py:840} INFO - DAG(s) 'example_bash_decorator' retrieved from /home/airflow/.local/lib/python3.12/site-packages/airflow/example_dags/example_bash_decorator.py
[2024-05-23T19:50:39.059+0000] {logging_mixin.py:188} INFO - [2024-05-23T19:50:39.059+0000] {dag.py:3096} INFO - Sync 1 DAGs
[2024-05-23T19:50:39.077+0000] {logging_mixin.py:188} INFO - [2024-05-23T19:50:39.077+0000] {dag.py:3954} INFO - Setting next_dagrun for example_bash_decorator to None, run_after=None
[2024-05-23T19:50:39.102+0000] {processor.py:183} INFO - Processing /home/airflow/.local/lib/python3.12/site-packages/airflow/example_dags/example_bash_decorator.py took 0.294 seconds
[2024-05-23T19:51:10.061+0000] {processor.py:161} INFO - Started process (PID=11255) to work on /home/airflow/.local/lib/python3.12/site-packages/airflow/example_dags/example_bash_decorator.py
[2024-05-23T19:51:10.063+0000] {processor.py:830} INFO - Processing file /home/airflow/.local/lib/python3.12/site-packages/airflow/example_dags/example_bash_decorator.py for tasks to queue
[2024-05-23T19:51:10.066+0000] {logging_mixin.py:188} INFO - [2024-05-23T19:51:10.065+0000] {dagbag.py:545} INFO - Filling up the DagBag from /home/airflow/.local/lib/python3.12/site-packages/airflow/example_dags/example_bash_decorator.py
[2024-05-23T19:51:10.086+0000] {processor.py:840} INFO - DAG(s) 'example_bash_decorator' retrieved from /home/airflow/.local/lib/python3.12/site-packages/airflow/example_dags/example_bash_decorator.py
[2024-05-23T19:51:10.120+0000] {logging_mixin.py:188} INFO - [2024-05-23T19:51:10.120+0000] {dag.py:3096} INFO - Sync 1 DAGs
[2024-05-23T19:51:10.139+0000] {logging_mixin.py:188} INFO - [2024-05-23T19:51:10.138+0000] {dag.py:3954} INFO - Setting next_dagrun for example_bash_decorator to None, run_after=None
[2024-05-23T19:51:10.166+0000] {processor.py:183} INFO - Processing /home/airflow/.local/lib/python3.12/site-packages/airflow/example_dags/example_bash_decorator.py took 0.114 seconds
[2024-05-23T19:51:41.025+0000] {processor.py:161} INFO - Started process (PID=11517) to work on /home/airflow/.local/lib/python3.12/site-packages/airflow/example_dags/example_bash_decorator.py
[2024-05-23T19:51:41.028+0000] {processor.py:830} INFO - Processing file /home/airflow/.local/lib/python3.12/site-packages/airflow/example_dags/example_bash_decorator.py for tasks to queue
[2024-05-23T19:51:41.031+0000] {logging_mixin.py:188} INFO - [2024-05-23T19:51:41.030+0000] {dagbag.py:545} INFO - Filling up the DagBag from /home/airflow/.local/lib/python3.12/site-packages/airflow/example_dags/example_bash_decorator.py
[2024-05-23T19:51:41.051+0000] {processor.py:840} INFO - DAG(s) 'example_bash_decorator' retrieved from /home/airflow/.local/lib/python3.12/site-packages/airflow/example_dags/example_bash_decorator.py
[2024-05-23T19:51:41.096+0000] {logging_mixin.py:188} INFO - [2024-05-23T19:51:41.095+0000] {dag.py:3096} INFO - Sync 1 DAGs
[2024-05-23T19:51:41.130+0000] {logging_mixin.py:188} INFO - [2024-05-23T19:51:41.129+0000] {dag.py:3954} INFO - Setting next_dagrun for example_bash_decorator to None, run_after=None
[2024-05-23T19:51:41.160+0000] {processor.py:183} INFO - Processing /home/airflow/.local/lib/python3.12/site-packages/airflow/example_dags/example_bash_decorator.py took 0.149 seconds
[2024-05-23T19:52:11.413+0000] {processor.py:161} INFO - Started process (PID=11779) to work on /home/airflow/.local/lib/python3.12/site-packages/airflow/example_dags/example_bash_decorator.py
[2024-05-23T19:52:11.414+0000] {processor.py:830} INFO - Processing file /home/airflow/.local/lib/python3.12/site-packages/airflow/example_dags/example_bash_decorator.py for tasks to queue
[2024-05-23T19:52:11.417+0000] {logging_mixin.py:188} INFO - [2024-05-23T19:52:11.417+0000] {dagbag.py:545} INFO - Filling up the DagBag from /home/airflow/.local/lib/python3.12/site-packages/airflow/example_dags/example_bash_decorator.py
[2024-05-23T19:52:11.437+0000] {processor.py:840} INFO - DAG(s) 'example_bash_decorator' retrieved from /home/airflow/.local/lib/python3.12/site-packages/airflow/example_dags/example_bash_decorator.py
[2024-05-23T19:52:11.474+0000] {logging_mixin.py:188} INFO - [2024-05-23T19:52:11.474+0000] {dag.py:3096} INFO - Sync 1 DAGs
[2024-05-23T19:52:11.494+0000] {logging_mixin.py:188} INFO - [2024-05-23T19:52:11.493+0000] {dag.py:3954} INFO - Setting next_dagrun for example_bash_decorator to None, run_after=None
[2024-05-23T19:52:11.520+0000] {processor.py:183} INFO - Processing /home/airflow/.local/lib/python3.12/site-packages/airflow/example_dags/example_bash_decorator.py took 0.117 seconds
[2024-05-23T19:52:41.816+0000] {processor.py:161} INFO - Started process (PID=12041) to work on /home/airflow/.local/lib/python3.12/site-packages/airflow/example_dags/example_bash_decorator.py
[2024-05-23T19:52:41.817+0000] {processor.py:830} INFO - Processing file /home/airflow/.local/lib/python3.12/site-packages/airflow/example_dags/example_bash_decorator.py for tasks to queue
[2024-05-23T19:52:41.820+0000] {logging_mixin.py:188} INFO - [2024-05-23T19:52:41.820+0000] {dagbag.py:545} INFO - Filling up the DagBag from /home/airflow/.local/lib/python3.12/site-packages/airflow/example_dags/example_bash_decorator.py
[2024-05-23T19:52:41.843+0000] {processor.py:840} INFO - DAG(s) 'example_bash_decorator' retrieved from /home/airflow/.local/lib/python3.12/site-packages/airflow/example_dags/example_bash_decorator.py
[2024-05-23T19:52:41.878+0000] {logging_mixin.py:188} INFO - [2024-05-23T19:52:41.878+0000] {dag.py:3096} INFO - Sync 1 DAGs
[2024-05-23T19:52:41.900+0000] {logging_mixin.py:188} INFO - [2024-05-23T19:52:41.900+0000] {dag.py:3954} INFO - Setting next_dagrun for example_bash_decorator to None, run_after=None
[2024-05-23T19:52:41.928+0000] {processor.py:183} INFO - Processing /home/airflow/.local/lib/python3.12/site-packages/airflow/example_dags/example_bash_decorator.py took 0.123 seconds
[2024-05-23T19:53:12.171+0000] {processor.py:161} INFO - Started process (PID=12303) to work on /home/airflow/.local/lib/python3.12/site-packages/airflow/example_dags/example_bash_decorator.py
[2024-05-23T19:53:12.173+0000] {processor.py:830} INFO - Processing file /home/airflow/.local/lib/python3.12/site-packages/airflow/example_dags/example_bash_decorator.py for tasks to queue
[2024-05-23T19:53:12.176+0000] {logging_mixin.py:188} INFO - [2024-05-23T19:53:12.175+0000] {dagbag.py:545} INFO - Filling up the DagBag from /home/airflow/.local/lib/python3.12/site-packages/airflow/example_dags/example_bash_decorator.py
[2024-05-23T19:53:12.195+0000] {processor.py:840} INFO - DAG(s) 'example_bash_decorator' retrieved from /home/airflow/.local/lib/python3.12/site-packages/airflow/example_dags/example_bash_decorator.py
[2024-05-23T19:53:12.229+0000] {logging_mixin.py:188} INFO - [2024-05-23T19:53:12.229+0000] {dag.py:3096} INFO - Sync 1 DAGs
[2024-05-23T19:53:12.249+0000] {logging_mixin.py:188} INFO - [2024-05-23T19:53:12.248+0000] {dag.py:3954} INFO - Setting next_dagrun for example_bash_decorator to None, run_after=None
[2024-05-23T19:53:12.275+0000] {processor.py:183} INFO - Processing /home/airflow/.local/lib/python3.12/site-packages/airflow/example_dags/example_bash_decorator.py took 0.113 seconds
[2024-05-23T19:53:42.435+0000] {processor.py:161} INFO - Started process (PID=12565) to work on /home/airflow/.local/lib/python3.12/site-packages/airflow/example_dags/example_bash_decorator.py
[2024-05-23T19:53:42.437+0000] {processor.py:830} INFO - Processing file /home/airflow/.local/lib/python3.12/site-packages/airflow/example_dags/example_bash_decorator.py for tasks to queue
[2024-05-23T19:53:42.439+0000] {logging_mixin.py:188} INFO - [2024-05-23T19:53:42.439+0000] {dagbag.py:545} INFO - Filling up the DagBag from /home/airflow/.local/lib/python3.12/site-packages/airflow/example_dags/example_bash_decorator.py
[2024-05-23T19:53:42.459+0000] {processor.py:840} INFO - DAG(s) 'example_bash_decorator' retrieved from /home/airflow/.local/lib/python3.12/site-packages/airflow/example_dags/example_bash_decorator.py
[2024-05-23T19:53:42.493+0000] {logging_mixin.py:188} INFO - [2024-05-23T19:53:42.493+0000] {dag.py:3096} INFO - Sync 1 DAGs
[2024-05-23T19:53:42.513+0000] {logging_mixin.py:188} INFO - [2024-05-23T19:53:42.512+0000] {dag.py:3954} INFO - Setting next_dagrun for example_bash_decorator to None, run_after=None
[2024-05-23T19:53:42.539+0000] {processor.py:183} INFO - Processing /home/airflow/.local/lib/python3.12/site-packages/airflow/example_dags/example_bash_decorator.py took 0.113 seconds
[2024-05-23T19:54:13.027+0000] {processor.py:161} INFO - Started process (PID=12827) to work on /home/airflow/.local/lib/python3.12/site-packages/airflow/example_dags/example_bash_decorator.py
[2024-05-23T19:54:13.029+0000] {processor.py:830} INFO - Processing file /home/airflow/.local/lib/python3.12/site-packages/airflow/example_dags/example_bash_decorator.py for tasks to queue
[2024-05-23T19:54:13.032+0000] {logging_mixin.py:188} INFO - [2024-05-23T19:54:13.031+0000] {dagbag.py:545} INFO - Filling up the DagBag from /home/airflow/.local/lib/python3.12/site-packages/airflow/example_dags/example_bash_decorator.py
[2024-05-23T19:54:13.052+0000] {processor.py:840} INFO - DAG(s) 'example_bash_decorator' retrieved from /home/airflow/.local/lib/python3.12/site-packages/airflow/example_dags/example_bash_decorator.py
[2024-05-23T19:54:13.087+0000] {logging_mixin.py:188} INFO - [2024-05-23T19:54:13.087+0000] {dag.py:3096} INFO - Sync 1 DAGs
[2024-05-23T19:54:13.109+0000] {logging_mixin.py:188} INFO - [2024-05-23T19:54:13.108+0000] {dag.py:3954} INFO - Setting next_dagrun for example_bash_decorator to None, run_after=None
[2024-05-23T19:54:13.137+0000] {processor.py:183} INFO - Processing /home/airflow/.local/lib/python3.12/site-packages/airflow/example_dags/example_bash_decorator.py took 0.119 seconds
[2024-05-23T19:54:43.921+0000] {processor.py:161} INFO - Started process (PID=13089) to work on /home/airflow/.local/lib/python3.12/site-packages/airflow/example_dags/example_bash_decorator.py
[2024-05-23T19:54:43.923+0000] {processor.py:830} INFO - Processing file /home/airflow/.local/lib/python3.12/site-packages/airflow/example_dags/example_bash_decorator.py for tasks to queue
[2024-05-23T19:54:43.925+0000] {logging_mixin.py:188} INFO - [2024-05-23T19:54:43.925+0000] {dagbag.py:545} INFO - Filling up the DagBag from /home/airflow/.local/lib/python3.12/site-packages/airflow/example_dags/example_bash_decorator.py
[2024-05-23T19:54:43.943+0000] {processor.py:840} INFO - DAG(s) 'example_bash_decorator' retrieved from /home/airflow/.local/lib/python3.12/site-packages/airflow/example_dags/example_bash_decorator.py
[2024-05-23T19:54:43.976+0000] {logging_mixin.py:188} INFO - [2024-05-23T19:54:43.976+0000] {dag.py:3096} INFO - Sync 1 DAGs
[2024-05-23T19:54:43.994+0000] {logging_mixin.py:188} INFO - [2024-05-23T19:54:43.994+0000] {dag.py:3954} INFO - Setting next_dagrun for example_bash_decorator to None, run_after=None
[2024-05-23T19:54:44.019+0000] {processor.py:183} INFO - Processing /home/airflow/.local/lib/python3.12/site-packages/airflow/example_dags/example_bash_decorator.py took 0.107 seconds
[2024-05-23T19:55:14.602+0000] {processor.py:161} INFO - Started process (PID=13351) to work on /home/airflow/.local/lib/python3.12/site-packages/airflow/example_dags/example_bash_decorator.py
[2024-05-23T19:55:14.604+0000] {processor.py:830} INFO - Processing file /home/airflow/.local/lib/python3.12/site-packages/airflow/example_dags/example_bash_decorator.py for tasks to queue
[2024-05-23T19:55:14.606+0000] {logging_mixin.py:188} INFO - [2024-05-23T19:55:14.606+0000] {dagbag.py:545} INFO - Filling up the DagBag from /home/airflow/.local/lib/python3.12/site-packages/airflow/example_dags/example_bash_decorator.py
[2024-05-23T19:55:14.625+0000] {processor.py:840} INFO - DAG(s) 'example_bash_decorator' retrieved from /home/airflow/.local/lib/python3.12/site-packages/airflow/example_dags/example_bash_decorator.py
[2024-05-23T19:55:14.663+0000] {logging_mixin.py:188} INFO - [2024-05-23T19:55:14.663+0000] {dag.py:3096} INFO - Sync 1 DAGs
[2024-05-23T19:55:14.683+0000] {logging_mixin.py:188} INFO - [2024-05-23T19:55:14.682+0000] {dag.py:3954} INFO - Setting next_dagrun for example_bash_decorator to None, run_after=None
[2024-05-23T19:55:14.708+0000] {processor.py:183} INFO - Processing /home/airflow/.local/lib/python3.12/site-packages/airflow/example_dags/example_bash_decorator.py took 0.115 seconds
[2024-05-23T19:55:45.206+0000] {processor.py:161} INFO - Started process (PID=13613) to work on /home/airflow/.local/lib/python3.12/site-packages/airflow/example_dags/example_bash_decorator.py
[2024-05-23T19:55:45.207+0000] {processor.py:830} INFO - Processing file /home/airflow/.local/lib/python3.12/site-packages/airflow/example_dags/example_bash_decorator.py for tasks to queue
[2024-05-23T19:55:45.210+0000] {logging_mixin.py:188} INFO - [2024-05-23T19:55:45.210+0000] {dagbag.py:545} INFO - Filling up the DagBag from /home/airflow/.local/lib/python3.12/site-packages/airflow/example_dags/example_bash_decorator.py
[2024-05-23T19:55:45.231+0000] {processor.py:840} INFO - DAG(s) 'example_bash_decorator' retrieved from /home/airflow/.local/lib/python3.12/site-packages/airflow/example_dags/example_bash_decorator.py
[2024-05-23T19:55:45.267+0000] {logging_mixin.py:188} INFO - [2024-05-23T19:55:45.267+0000] {dag.py:3096} INFO - Sync 1 DAGs
[2024-05-23T19:55:45.303+0000] {logging_mixin.py:188} INFO - [2024-05-23T19:55:45.302+0000] {dag.py:3954} INFO - Setting next_dagrun for example_bash_decorator to None, run_after=None
[2024-05-23T19:55:45.332+0000] {processor.py:183} INFO - Processing /home/airflow/.local/lib/python3.12/site-packages/airflow/example_dags/example_bash_decorator.py took 0.137 seconds
[2024-05-23T19:56:15.590+0000] {processor.py:161} INFO - Started process (PID=13875) to work on /home/airflow/.local/lib/python3.12/site-packages/airflow/example_dags/example_bash_decorator.py
[2024-05-23T19:56:15.591+0000] {processor.py:830} INFO - Processing file /home/airflow/.local/lib/python3.12/site-packages/airflow/example_dags/example_bash_decorator.py for tasks to queue
[2024-05-23T19:56:15.594+0000] {logging_mixin.py:188} INFO - [2024-05-23T19:56:15.593+0000] {dagbag.py:545} INFO - Filling up the DagBag from /home/airflow/.local/lib/python3.12/site-packages/airflow/example_dags/example_bash_decorator.py
[2024-05-23T19:56:15.612+0000] {processor.py:840} INFO - DAG(s) 'example_bash_decorator' retrieved from /home/airflow/.local/lib/python3.12/site-packages/airflow/example_dags/example_bash_decorator.py
[2024-05-23T19:56:15.642+0000] {logging_mixin.py:188} INFO - [2024-05-23T19:56:15.641+0000] {dag.py:3096} INFO - Sync 1 DAGs
[2024-05-23T19:56:15.659+0000] {logging_mixin.py:188} INFO - [2024-05-23T19:56:15.659+0000] {dag.py:3954} INFO - Setting next_dagrun for example_bash_decorator to None, run_after=None
[2024-05-23T19:56:15.683+0000] {processor.py:183} INFO - Processing /home/airflow/.local/lib/python3.12/site-packages/airflow/example_dags/example_bash_decorator.py took 0.101 seconds
[2024-05-23T19:56:46.378+0000] {processor.py:161} INFO - Started process (PID=14143) to work on /home/airflow/.local/lib/python3.12/site-packages/airflow/example_dags/example_bash_decorator.py
[2024-05-23T19:56:46.379+0000] {processor.py:830} INFO - Processing file /home/airflow/.local/lib/python3.12/site-packages/airflow/example_dags/example_bash_decorator.py for tasks to queue
[2024-05-23T19:56:46.382+0000] {logging_mixin.py:188} INFO - [2024-05-23T19:56:46.381+0000] {dagbag.py:545} INFO - Filling up the DagBag from /home/airflow/.local/lib/python3.12/site-packages/airflow/example_dags/example_bash_decorator.py
[2024-05-23T19:56:46.402+0000] {processor.py:840} INFO - DAG(s) 'example_bash_decorator' retrieved from /home/airflow/.local/lib/python3.12/site-packages/airflow/example_dags/example_bash_decorator.py
[2024-05-23T19:56:46.442+0000] {logging_mixin.py:188} INFO - [2024-05-23T19:56:46.441+0000] {dag.py:3096} INFO - Sync 1 DAGs
[2024-05-23T19:56:46.461+0000] {logging_mixin.py:188} INFO - [2024-05-23T19:56:46.461+0000] {dag.py:3954} INFO - Setting next_dagrun for example_bash_decorator to None, run_after=None
[2024-05-23T19:56:46.486+0000] {processor.py:183} INFO - Processing /home/airflow/.local/lib/python3.12/site-packages/airflow/example_dags/example_bash_decorator.py took 0.117 seconds
[2024-05-23T19:57:16.947+0000] {processor.py:161} INFO - Started process (PID=14405) to work on /home/airflow/.local/lib/python3.12/site-packages/airflow/example_dags/example_bash_decorator.py
[2024-05-23T19:57:16.948+0000] {processor.py:830} INFO - Processing file /home/airflow/.local/lib/python3.12/site-packages/airflow/example_dags/example_bash_decorator.py for tasks to queue
[2024-05-23T19:57:16.951+0000] {logging_mixin.py:188} INFO - [2024-05-23T19:57:16.951+0000] {dagbag.py:545} INFO - Filling up the DagBag from /home/airflow/.local/lib/python3.12/site-packages/airflow/example_dags/example_bash_decorator.py
[2024-05-23T19:57:16.969+0000] {processor.py:840} INFO - DAG(s) 'example_bash_decorator' retrieved from /home/airflow/.local/lib/python3.12/site-packages/airflow/example_dags/example_bash_decorator.py
[2024-05-23T19:57:17.002+0000] {logging_mixin.py:188} INFO - [2024-05-23T19:57:17.002+0000] {dag.py:3096} INFO - Sync 1 DAGs
[2024-05-23T19:57:17.020+0000] {logging_mixin.py:188} INFO - [2024-05-23T19:57:17.019+0000] {dag.py:3954} INFO - Setting next_dagrun for example_bash_decorator to None, run_after=None
[2024-05-23T19:57:17.046+0000] {processor.py:183} INFO - Processing /home/airflow/.local/lib/python3.12/site-packages/airflow/example_dags/example_bash_decorator.py took 0.109 seconds
[2024-05-23T19:58:09.718+0000] {processor.py:161} INFO - Started process (PID=14667) to work on /home/airflow/.local/lib/python3.12/site-packages/airflow/example_dags/example_bash_decorator.py
[2024-05-23T19:58:09.721+0000] {processor.py:830} INFO - Processing file /home/airflow/.local/lib/python3.12/site-packages/airflow/example_dags/example_bash_decorator.py for tasks to queue
[2024-05-23T19:58:09.726+0000] {logging_mixin.py:188} INFO - [2024-05-23T19:58:09.725+0000] {dagbag.py:545} INFO - Filling up the DagBag from /home/airflow/.local/lib/python3.12/site-packages/airflow/example_dags/example_bash_decorator.py
[2024-05-23T19:58:09.755+0000] {processor.py:840} INFO - DAG(s) 'example_bash_decorator' retrieved from /home/airflow/.local/lib/python3.12/site-packages/airflow/example_dags/example_bash_decorator.py
[2024-05-23T19:58:09.797+0000] {logging_mixin.py:188} INFO - [2024-05-23T19:58:09.797+0000] {dag.py:3096} INFO - Sync 1 DAGs
[2024-05-23T19:58:09.818+0000] {logging_mixin.py:188} INFO - [2024-05-23T19:58:09.818+0000] {dag.py:3954} INFO - Setting next_dagrun for example_bash_decorator to None, run_after=None
[2024-05-23T19:58:10.001+0000] {processor.py:183} INFO - Processing /home/airflow/.local/lib/python3.12/site-packages/airflow/example_dags/example_bash_decorator.py took 0.300 seconds
[2024-05-23T20:03:42.302+0000] {processor.py:161} INFO - Started process (PID=14998) to work on /home/airflow/.local/lib/python3.12/site-packages/airflow/example_dags/example_bash_decorator.py
[2024-05-23T20:03:42.303+0000] {processor.py:830} INFO - Processing file /home/airflow/.local/lib/python3.12/site-packages/airflow/example_dags/example_bash_decorator.py for tasks to queue
[2024-05-23T20:03:42.305+0000] {logging_mixin.py:188} INFO - [2024-05-23T20:03:42.305+0000] {dagbag.py:545} INFO - Filling up the DagBag from /home/airflow/.local/lib/python3.12/site-packages/airflow/example_dags/example_bash_decorator.py
[2024-05-23T20:03:42.326+0000] {processor.py:840} INFO - DAG(s) 'example_bash_decorator' retrieved from /home/airflow/.local/lib/python3.12/site-packages/airflow/example_dags/example_bash_decorator.py
[2024-05-23T20:03:42.370+0000] {logging_mixin.py:188} INFO - [2024-05-23T20:03:42.369+0000] {dag.py:3096} INFO - Sync 1 DAGs
[2024-05-23T20:03:42.387+0000] {logging_mixin.py:188} INFO - [2024-05-23T20:03:42.386+0000] {dag.py:3954} INFO - Setting next_dagrun for example_bash_decorator to None, run_after=None
[2024-05-23T20:03:42.410+0000] {processor.py:183} INFO - Processing /home/airflow/.local/lib/python3.12/site-packages/airflow/example_dags/example_bash_decorator.py took 0.119 seconds
[2024-05-23T20:04:15.326+0000] {processor.py:161} INFO - Started process (PID=15260) to work on /home/airflow/.local/lib/python3.12/site-packages/airflow/example_dags/example_bash_decorator.py
[2024-05-23T20:04:15.332+0000] {processor.py:830} INFO - Processing file /home/airflow/.local/lib/python3.12/site-packages/airflow/example_dags/example_bash_decorator.py for tasks to queue
[2024-05-23T20:04:15.339+0000] {logging_mixin.py:188} INFO - [2024-05-23T20:04:15.337+0000] {dagbag.py:545} INFO - Filling up the DagBag from /home/airflow/.local/lib/python3.12/site-packages/airflow/example_dags/example_bash_decorator.py
[2024-05-23T20:04:15.424+0000] {processor.py:840} INFO - DAG(s) 'example_bash_decorator' retrieved from /home/airflow/.local/lib/python3.12/site-packages/airflow/example_dags/example_bash_decorator.py
[2024-05-23T20:04:15.556+0000] {logging_mixin.py:188} INFO - [2024-05-23T20:04:15.555+0000] {dag.py:3096} INFO - Sync 1 DAGs
[2024-05-23T20:04:15.631+0000] {logging_mixin.py:188} INFO - [2024-05-23T20:04:15.630+0000] {dag.py:3954} INFO - Setting next_dagrun for example_bash_decorator to None, run_after=None
[2024-05-23T20:04:15.718+0000] {processor.py:183} INFO - Processing /home/airflow/.local/lib/python3.12/site-packages/airflow/example_dags/example_bash_decorator.py took 0.428 seconds
[2024-05-23T20:08:12.421+0000] {processor.py:161} INFO - Started process (PID=15523) to work on /home/airflow/.local/lib/python3.12/site-packages/airflow/example_dags/example_bash_decorator.py
[2024-05-23T20:08:12.422+0000] {processor.py:830} INFO - Processing file /home/airflow/.local/lib/python3.12/site-packages/airflow/example_dags/example_bash_decorator.py for tasks to queue
[2024-05-23T20:08:12.424+0000] {logging_mixin.py:188} INFO - [2024-05-23T20:08:12.423+0000] {dagbag.py:545} INFO - Filling up the DagBag from /home/airflow/.local/lib/python3.12/site-packages/airflow/example_dags/example_bash_decorator.py
[2024-05-23T20:08:12.445+0000] {processor.py:840} INFO - DAG(s) 'example_bash_decorator' retrieved from /home/airflow/.local/lib/python3.12/site-packages/airflow/example_dags/example_bash_decorator.py
[2024-05-23T20:08:12.484+0000] {logging_mixin.py:188} INFO - [2024-05-23T20:08:12.484+0000] {dag.py:3096} INFO - Sync 1 DAGs
[2024-05-23T20:08:12.505+0000] {logging_mixin.py:188} INFO - [2024-05-23T20:08:12.505+0000] {dag.py:3954} INFO - Setting next_dagrun for example_bash_decorator to None, run_after=None
[2024-05-23T20:08:12.531+0000] {processor.py:183} INFO - Processing /home/airflow/.local/lib/python3.12/site-packages/airflow/example_dags/example_bash_decorator.py took 0.119 seconds
[2024-05-23T20:08:42.699+0000] {processor.py:161} INFO - Started process (PID=15785) to work on /home/airflow/.local/lib/python3.12/site-packages/airflow/example_dags/example_bash_decorator.py
[2024-05-23T20:08:42.700+0000] {processor.py:830} INFO - Processing file /home/airflow/.local/lib/python3.12/site-packages/airflow/example_dags/example_bash_decorator.py for tasks to queue
[2024-05-23T20:08:42.702+0000] {logging_mixin.py:188} INFO - [2024-05-23T20:08:42.701+0000] {dagbag.py:545} INFO - Filling up the DagBag from /home/airflow/.local/lib/python3.12/site-packages/airflow/example_dags/example_bash_decorator.py
[2024-05-23T20:08:42.724+0000] {processor.py:840} INFO - DAG(s) 'example_bash_decorator' retrieved from /home/airflow/.local/lib/python3.12/site-packages/airflow/example_dags/example_bash_decorator.py
[2024-05-23T20:08:42.759+0000] {logging_mixin.py:188} INFO - [2024-05-23T20:08:42.758+0000] {dag.py:3096} INFO - Sync 1 DAGs
[2024-05-23T20:08:42.776+0000] {logging_mixin.py:188} INFO - [2024-05-23T20:08:42.776+0000] {dag.py:3954} INFO - Setting next_dagrun for example_bash_decorator to None, run_after=None
[2024-05-23T20:08:42.802+0000] {processor.py:183} INFO - Processing /home/airflow/.local/lib/python3.12/site-packages/airflow/example_dags/example_bash_decorator.py took 0.114 seconds
[2024-05-23T20:09:13.129+0000] {processor.py:161} INFO - Started process (PID=16049) to work on /home/airflow/.local/lib/python3.12/site-packages/airflow/example_dags/example_bash_decorator.py
[2024-05-23T20:09:13.131+0000] {processor.py:830} INFO - Processing file /home/airflow/.local/lib/python3.12/site-packages/airflow/example_dags/example_bash_decorator.py for tasks to queue
[2024-05-23T20:09:13.134+0000] {logging_mixin.py:188} INFO - [2024-05-23T20:09:13.133+0000] {dagbag.py:545} INFO - Filling up the DagBag from /home/airflow/.local/lib/python3.12/site-packages/airflow/example_dags/example_bash_decorator.py
[2024-05-23T20:09:13.153+0000] {processor.py:840} INFO - DAG(s) 'example_bash_decorator' retrieved from /home/airflow/.local/lib/python3.12/site-packages/airflow/example_dags/example_bash_decorator.py
[2024-05-23T20:09:13.186+0000] {logging_mixin.py:188} INFO - [2024-05-23T20:09:13.186+0000] {dag.py:3096} INFO - Sync 1 DAGs
[2024-05-23T20:09:13.203+0000] {logging_mixin.py:188} INFO - [2024-05-23T20:09:13.203+0000] {dag.py:3954} INFO - Setting next_dagrun for example_bash_decorator to None, run_after=None
[2024-05-23T20:09:13.227+0000] {processor.py:183} INFO - Processing /home/airflow/.local/lib/python3.12/site-packages/airflow/example_dags/example_bash_decorator.py took 0.106 seconds
[2024-05-23T20:09:43.641+0000] {processor.py:161} INFO - Started process (PID=16311) to work on /home/airflow/.local/lib/python3.12/site-packages/airflow/example_dags/example_bash_decorator.py
[2024-05-23T20:09:43.642+0000] {processor.py:830} INFO - Processing file /home/airflow/.local/lib/python3.12/site-packages/airflow/example_dags/example_bash_decorator.py for tasks to queue
[2024-05-23T20:09:43.644+0000] {logging_mixin.py:188} INFO - [2024-05-23T20:09:43.644+0000] {dagbag.py:545} INFO - Filling up the DagBag from /home/airflow/.local/lib/python3.12/site-packages/airflow/example_dags/example_bash_decorator.py
[2024-05-23T20:09:43.663+0000] {processor.py:840} INFO - DAG(s) 'example_bash_decorator' retrieved from /home/airflow/.local/lib/python3.12/site-packages/airflow/example_dags/example_bash_decorator.py
[2024-05-23T20:09:43.698+0000] {logging_mixin.py:188} INFO - [2024-05-23T20:09:43.697+0000] {dag.py:3096} INFO - Sync 1 DAGs
[2024-05-23T20:09:43.715+0000] {logging_mixin.py:188} INFO - [2024-05-23T20:09:43.715+0000] {dag.py:3954} INFO - Setting next_dagrun for example_bash_decorator to None, run_after=None
[2024-05-23T20:09:43.739+0000] {processor.py:183} INFO - Processing /home/airflow/.local/lib/python3.12/site-packages/airflow/example_dags/example_bash_decorator.py took 0.106 seconds
[2024-05-23T20:10:13.937+0000] {processor.py:161} INFO - Started process (PID=16571) to work on /home/airflow/.local/lib/python3.12/site-packages/airflow/example_dags/example_bash_decorator.py
[2024-05-23T20:10:13.938+0000] {processor.py:830} INFO - Processing file /home/airflow/.local/lib/python3.12/site-packages/airflow/example_dags/example_bash_decorator.py for tasks to queue
[2024-05-23T20:10:13.940+0000] {logging_mixin.py:188} INFO - [2024-05-23T20:10:13.940+0000] {dagbag.py:545} INFO - Filling up the DagBag from /home/airflow/.local/lib/python3.12/site-packages/airflow/example_dags/example_bash_decorator.py
[2024-05-23T20:10:13.962+0000] {processor.py:840} INFO - DAG(s) 'example_bash_decorator' retrieved from /home/airflow/.local/lib/python3.12/site-packages/airflow/example_dags/example_bash_decorator.py
[2024-05-23T20:10:13.997+0000] {logging_mixin.py:188} INFO - [2024-05-23T20:10:13.997+0000] {dag.py:3096} INFO - Sync 1 DAGs
[2024-05-23T20:10:14.015+0000] {logging_mixin.py:188} INFO - [2024-05-23T20:10:14.015+0000] {dag.py:3954} INFO - Setting next_dagrun for example_bash_decorator to None, run_after=None
[2024-05-23T20:10:14.039+0000] {processor.py:183} INFO - Processing /home/airflow/.local/lib/python3.12/site-packages/airflow/example_dags/example_bash_decorator.py took 0.112 seconds
[2024-05-23T20:10:44.188+0000] {processor.py:161} INFO - Started process (PID=16833) to work on /home/airflow/.local/lib/python3.12/site-packages/airflow/example_dags/example_bash_decorator.py
[2024-05-23T20:10:44.189+0000] {processor.py:830} INFO - Processing file /home/airflow/.local/lib/python3.12/site-packages/airflow/example_dags/example_bash_decorator.py for tasks to queue
[2024-05-23T20:10:44.190+0000] {logging_mixin.py:188} INFO - [2024-05-23T20:10:44.190+0000] {dagbag.py:545} INFO - Filling up the DagBag from /home/airflow/.local/lib/python3.12/site-packages/airflow/example_dags/example_bash_decorator.py
[2024-05-23T20:10:44.211+0000] {processor.py:840} INFO - DAG(s) 'example_bash_decorator' retrieved from /home/airflow/.local/lib/python3.12/site-packages/airflow/example_dags/example_bash_decorator.py
[2024-05-23T20:10:44.245+0000] {logging_mixin.py:188} INFO - [2024-05-23T20:10:44.245+0000] {dag.py:3096} INFO - Sync 1 DAGs
[2024-05-23T20:10:44.263+0000] {logging_mixin.py:188} INFO - [2024-05-23T20:10:44.262+0000] {dag.py:3954} INFO - Setting next_dagrun for example_bash_decorator to None, run_after=None
[2024-05-23T20:10:44.287+0000] {processor.py:183} INFO - Processing /home/airflow/.local/lib/python3.12/site-packages/airflow/example_dags/example_bash_decorator.py took 0.109 seconds
[2024-05-23T20:11:14.367+0000] {processor.py:161} INFO - Started process (PID=17094) to work on /home/airflow/.local/lib/python3.12/site-packages/airflow/example_dags/example_bash_decorator.py
[2024-05-23T20:11:14.368+0000] {processor.py:830} INFO - Processing file /home/airflow/.local/lib/python3.12/site-packages/airflow/example_dags/example_bash_decorator.py for tasks to queue
[2024-05-23T20:11:14.370+0000] {logging_mixin.py:188} INFO - [2024-05-23T20:11:14.369+0000] {dagbag.py:545} INFO - Filling up the DagBag from /home/airflow/.local/lib/python3.12/site-packages/airflow/example_dags/example_bash_decorator.py
[2024-05-23T20:11:14.389+0000] {processor.py:840} INFO - DAG(s) 'example_bash_decorator' retrieved from /home/airflow/.local/lib/python3.12/site-packages/airflow/example_dags/example_bash_decorator.py
[2024-05-23T20:11:14.422+0000] {logging_mixin.py:188} INFO - [2024-05-23T20:11:14.422+0000] {dag.py:3096} INFO - Sync 1 DAGs
[2024-05-23T20:11:14.439+0000] {logging_mixin.py:188} INFO - [2024-05-23T20:11:14.439+0000] {dag.py:3954} INFO - Setting next_dagrun for example_bash_decorator to None, run_after=None
[2024-05-23T20:11:14.465+0000] {processor.py:183} INFO - Processing /home/airflow/.local/lib/python3.12/site-packages/airflow/example_dags/example_bash_decorator.py took 0.107 seconds
[2024-05-23T20:11:44.879+0000] {processor.py:161} INFO - Started process (PID=17356) to work on /home/airflow/.local/lib/python3.12/site-packages/airflow/example_dags/example_bash_decorator.py
[2024-05-23T20:11:44.880+0000] {processor.py:830} INFO - Processing file /home/airflow/.local/lib/python3.12/site-packages/airflow/example_dags/example_bash_decorator.py for tasks to queue
[2024-05-23T20:11:44.882+0000] {logging_mixin.py:188} INFO - [2024-05-23T20:11:44.881+0000] {dagbag.py:545} INFO - Filling up the DagBag from /home/airflow/.local/lib/python3.12/site-packages/airflow/example_dags/example_bash_decorator.py
[2024-05-23T20:11:44.900+0000] {processor.py:840} INFO - DAG(s) 'example_bash_decorator' retrieved from /home/airflow/.local/lib/python3.12/site-packages/airflow/example_dags/example_bash_decorator.py
[2024-05-23T20:11:44.931+0000] {logging_mixin.py:188} INFO - [2024-05-23T20:11:44.931+0000] {dag.py:3096} INFO - Sync 1 DAGs
[2024-05-23T20:11:44.947+0000] {logging_mixin.py:188} INFO - [2024-05-23T20:11:44.947+0000] {dag.py:3954} INFO - Setting next_dagrun for example_bash_decorator to None, run_after=None
[2024-05-23T20:11:44.969+0000] {processor.py:183} INFO - Processing /home/airflow/.local/lib/python3.12/site-packages/airflow/example_dags/example_bash_decorator.py took 0.098 seconds
[2024-05-23T20:12:15.485+0000] {processor.py:161} INFO - Started process (PID=17618) to work on /home/airflow/.local/lib/python3.12/site-packages/airflow/example_dags/example_bash_decorator.py
[2024-05-23T20:12:15.488+0000] {processor.py:830} INFO - Processing file /home/airflow/.local/lib/python3.12/site-packages/airflow/example_dags/example_bash_decorator.py for tasks to queue
[2024-05-23T20:12:15.490+0000] {logging_mixin.py:188} INFO - [2024-05-23T20:12:15.489+0000] {dagbag.py:545} INFO - Filling up the DagBag from /home/airflow/.local/lib/python3.12/site-packages/airflow/example_dags/example_bash_decorator.py
[2024-05-23T20:12:15.515+0000] {processor.py:840} INFO - DAG(s) 'example_bash_decorator' retrieved from /home/airflow/.local/lib/python3.12/site-packages/airflow/example_dags/example_bash_decorator.py
[2024-05-23T20:12:15.556+0000] {logging_mixin.py:188} INFO - [2024-05-23T20:12:15.556+0000] {dag.py:3096} INFO - Sync 1 DAGs
[2024-05-23T20:12:15.576+0000] {logging_mixin.py:188} INFO - [2024-05-23T20:12:15.576+0000] {dag.py:3954} INFO - Setting next_dagrun for example_bash_decorator to None, run_after=None
[2024-05-23T20:12:15.601+0000] {processor.py:183} INFO - Processing /home/airflow/.local/lib/python3.12/site-packages/airflow/example_dags/example_bash_decorator.py took 0.125 seconds
[2024-05-23T20:12:45.892+0000] {processor.py:161} INFO - Started process (PID=17880) to work on /home/airflow/.local/lib/python3.12/site-packages/airflow/example_dags/example_bash_decorator.py
[2024-05-23T20:12:45.894+0000] {processor.py:830} INFO - Processing file /home/airflow/.local/lib/python3.12/site-packages/airflow/example_dags/example_bash_decorator.py for tasks to queue
[2024-05-23T20:12:45.895+0000] {logging_mixin.py:188} INFO - [2024-05-23T20:12:45.895+0000] {dagbag.py:545} INFO - Filling up the DagBag from /home/airflow/.local/lib/python3.12/site-packages/airflow/example_dags/example_bash_decorator.py
[2024-05-23T20:12:45.916+0000] {processor.py:840} INFO - DAG(s) 'example_bash_decorator' retrieved from /home/airflow/.local/lib/python3.12/site-packages/airflow/example_dags/example_bash_decorator.py
[2024-05-23T20:12:45.951+0000] {logging_mixin.py:188} INFO - [2024-05-23T20:12:45.950+0000] {dag.py:3096} INFO - Sync 1 DAGs
[2024-05-23T20:12:45.968+0000] {logging_mixin.py:188} INFO - [2024-05-23T20:12:45.968+0000] {dag.py:3954} INFO - Setting next_dagrun for example_bash_decorator to None, run_after=None
[2024-05-23T20:12:45.993+0000] {processor.py:183} INFO - Processing /home/airflow/.local/lib/python3.12/site-packages/airflow/example_dags/example_bash_decorator.py took 0.111 seconds
[2024-05-23T20:13:16.137+0000] {processor.py:161} INFO - Started process (PID=18142) to work on /home/airflow/.local/lib/python3.12/site-packages/airflow/example_dags/example_bash_decorator.py
[2024-05-23T20:13:16.139+0000] {processor.py:830} INFO - Processing file /home/airflow/.local/lib/python3.12/site-packages/airflow/example_dags/example_bash_decorator.py for tasks to queue
[2024-05-23T20:13:16.141+0000] {logging_mixin.py:188} INFO - [2024-05-23T20:13:16.140+0000] {dagbag.py:545} INFO - Filling up the DagBag from /home/airflow/.local/lib/python3.12/site-packages/airflow/example_dags/example_bash_decorator.py
[2024-05-23T20:13:16.162+0000] {processor.py:840} INFO - DAG(s) 'example_bash_decorator' retrieved from /home/airflow/.local/lib/python3.12/site-packages/airflow/example_dags/example_bash_decorator.py
[2024-05-23T20:13:16.198+0000] {logging_mixin.py:188} INFO - [2024-05-23T20:13:16.198+0000] {dag.py:3096} INFO - Sync 1 DAGs
[2024-05-23T20:13:16.216+0000] {logging_mixin.py:188} INFO - [2024-05-23T20:13:16.216+0000] {dag.py:3954} INFO - Setting next_dagrun for example_bash_decorator to None, run_after=None
[2024-05-23T20:13:16.242+0000] {processor.py:183} INFO - Processing /home/airflow/.local/lib/python3.12/site-packages/airflow/example_dags/example_bash_decorator.py took 0.114 seconds
