[2024-05-23T19:29:54.874+0000] {processor.py:161} INFO - Started process (PID=337) to work on /home/airflow/.local/lib/python3.12/site-packages/airflow/example_dags/example_xcom.py
[2024-05-23T19:29:54.876+0000] {processor.py:830} INFO - Processing file /home/airflow/.local/lib/python3.12/site-packages/airflow/example_dags/example_xcom.py for tasks to queue
[2024-05-23T19:29:54.880+0000] {logging_mixin.py:188} INFO - [2024-05-23T19:29:54.879+0000] {dagbag.py:545} INFO - Filling up the DagBag from /home/airflow/.local/lib/python3.12/site-packages/airflow/example_dags/example_xcom.py
[2024-05-23T19:29:54.896+0000] {processor.py:840} INFO - DAG(s) 'example_xcom' retrieved from /home/airflow/.local/lib/python3.12/site-packages/airflow/example_dags/example_xcom.py
[2024-05-23T19:29:55.091+0000] {logging_mixin.py:188} INFO - [2024-05-23T19:29:55.091+0000] {dag.py:3096} INFO - Sync 1 DAGs
[2024-05-23T19:29:55.127+0000] {logging_mixin.py:188} INFO - [2024-05-23T19:29:55.127+0000] {dag.py:3954} INFO - Setting next_dagrun for example_xcom to 2021-01-01 00:00:00+00:00, run_after=2021-01-01 00:00:00+00:00
[2024-05-23T19:29:55.171+0000] {processor.py:183} INFO - Processing /home/airflow/.local/lib/python3.12/site-packages/airflow/example_dags/example_xcom.py took 0.309 seconds
[2024-05-23T19:30:25.555+0000] {processor.py:161} INFO - Started process (PID=599) to work on /home/airflow/.local/lib/python3.12/site-packages/airflow/example_dags/example_xcom.py
[2024-05-23T19:30:25.558+0000] {processor.py:830} INFO - Processing file /home/airflow/.local/lib/python3.12/site-packages/airflow/example_dags/example_xcom.py for tasks to queue
[2024-05-23T19:30:25.561+0000] {logging_mixin.py:188} INFO - [2024-05-23T19:30:25.561+0000] {dagbag.py:545} INFO - Filling up the DagBag from /home/airflow/.local/lib/python3.12/site-packages/airflow/example_dags/example_xcom.py
[2024-05-23T19:30:25.574+0000] {processor.py:840} INFO - DAG(s) 'example_xcom' retrieved from /home/airflow/.local/lib/python3.12/site-packages/airflow/example_dags/example_xcom.py
[2024-05-23T19:30:25.610+0000] {logging_mixin.py:188} INFO - [2024-05-23T19:30:25.610+0000] {dag.py:3096} INFO - Sync 1 DAGs
[2024-05-23T19:30:25.738+0000] {logging_mixin.py:188} INFO - [2024-05-23T19:30:25.737+0000] {dag.py:3954} INFO - Setting next_dagrun for example_xcom to 2021-01-01 00:00:00+00:00, run_after=2021-01-01 00:00:00+00:00
[2024-05-23T19:30:25.770+0000] {processor.py:183} INFO - Processing /home/airflow/.local/lib/python3.12/site-packages/airflow/example_dags/example_xcom.py took 0.228 seconds
[2024-05-23T19:30:56.059+0000] {processor.py:161} INFO - Started process (PID=863) to work on /home/airflow/.local/lib/python3.12/site-packages/airflow/example_dags/example_xcom.py
[2024-05-23T19:30:56.061+0000] {processor.py:830} INFO - Processing file /home/airflow/.local/lib/python3.12/site-packages/airflow/example_dags/example_xcom.py for tasks to queue
[2024-05-23T19:30:56.064+0000] {logging_mixin.py:188} INFO - [2024-05-23T19:30:56.063+0000] {dagbag.py:545} INFO - Filling up the DagBag from /home/airflow/.local/lib/python3.12/site-packages/airflow/example_dags/example_xcom.py
[2024-05-23T19:30:56.075+0000] {processor.py:840} INFO - DAG(s) 'example_xcom' retrieved from /home/airflow/.local/lib/python3.12/site-packages/airflow/example_dags/example_xcom.py
[2024-05-23T19:30:56.110+0000] {logging_mixin.py:188} INFO - [2024-05-23T19:30:56.109+0000] {dag.py:3096} INFO - Sync 1 DAGs
[2024-05-23T19:30:56.143+0000] {logging_mixin.py:188} INFO - [2024-05-23T19:30:56.143+0000] {dag.py:3954} INFO - Setting next_dagrun for example_xcom to 2021-01-01 00:00:00+00:00, run_after=2021-01-01 00:00:00+00:00
[2024-05-23T19:30:56.172+0000] {processor.py:183} INFO - Processing /home/airflow/.local/lib/python3.12/site-packages/airflow/example_dags/example_xcom.py took 0.123 seconds
[2024-05-23T19:31:26.223+0000] {processor.py:161} INFO - Started process (PID=1125) to work on /home/airflow/.local/lib/python3.12/site-packages/airflow/example_dags/example_xcom.py
[2024-05-23T19:31:26.225+0000] {processor.py:830} INFO - Processing file /home/airflow/.local/lib/python3.12/site-packages/airflow/example_dags/example_xcom.py for tasks to queue
[2024-05-23T19:31:26.228+0000] {logging_mixin.py:188} INFO - [2024-05-23T19:31:26.227+0000] {dagbag.py:545} INFO - Filling up the DagBag from /home/airflow/.local/lib/python3.12/site-packages/airflow/example_dags/example_xcom.py
[2024-05-23T19:31:26.239+0000] {processor.py:840} INFO - DAG(s) 'example_xcom' retrieved from /home/airflow/.local/lib/python3.12/site-packages/airflow/example_dags/example_xcom.py
[2024-05-23T19:31:26.274+0000] {logging_mixin.py:188} INFO - [2024-05-23T19:31:26.273+0000] {dag.py:3096} INFO - Sync 1 DAGs
[2024-05-23T19:31:26.310+0000] {logging_mixin.py:188} INFO - [2024-05-23T19:31:26.310+0000] {dag.py:3954} INFO - Setting next_dagrun for example_xcom to 2021-01-01 00:00:00+00:00, run_after=2021-01-01 00:00:00+00:00
[2024-05-23T19:31:26.338+0000] {processor.py:183} INFO - Processing /home/airflow/.local/lib/python3.12/site-packages/airflow/example_dags/example_xcom.py took 0.124 seconds
[2024-05-23T19:31:56.539+0000] {processor.py:161} INFO - Started process (PID=1387) to work on /home/airflow/.local/lib/python3.12/site-packages/airflow/example_dags/example_xcom.py
[2024-05-23T19:31:56.541+0000] {processor.py:830} INFO - Processing file /home/airflow/.local/lib/python3.12/site-packages/airflow/example_dags/example_xcom.py for tasks to queue
[2024-05-23T19:31:56.544+0000] {logging_mixin.py:188} INFO - [2024-05-23T19:31:56.543+0000] {dagbag.py:545} INFO - Filling up the DagBag from /home/airflow/.local/lib/python3.12/site-packages/airflow/example_dags/example_xcom.py
[2024-05-23T19:31:56.555+0000] {processor.py:840} INFO - DAG(s) 'example_xcom' retrieved from /home/airflow/.local/lib/python3.12/site-packages/airflow/example_dags/example_xcom.py
[2024-05-23T19:31:56.588+0000] {logging_mixin.py:188} INFO - [2024-05-23T19:31:56.588+0000] {dag.py:3096} INFO - Sync 1 DAGs
[2024-05-23T19:31:56.620+0000] {logging_mixin.py:188} INFO - [2024-05-23T19:31:56.620+0000] {dag.py:3954} INFO - Setting next_dagrun for example_xcom to 2021-01-01 00:00:00+00:00, run_after=2021-01-01 00:00:00+00:00
[2024-05-23T19:31:56.648+0000] {processor.py:183} INFO - Processing /home/airflow/.local/lib/python3.12/site-packages/airflow/example_dags/example_xcom.py took 0.117 seconds
[2024-05-23T19:32:27.108+0000] {processor.py:161} INFO - Started process (PID=1649) to work on /home/airflow/.local/lib/python3.12/site-packages/airflow/example_dags/example_xcom.py
[2024-05-23T19:32:27.109+0000] {processor.py:830} INFO - Processing file /home/airflow/.local/lib/python3.12/site-packages/airflow/example_dags/example_xcom.py for tasks to queue
[2024-05-23T19:32:27.112+0000] {logging_mixin.py:188} INFO - [2024-05-23T19:32:27.112+0000] {dagbag.py:545} INFO - Filling up the DagBag from /home/airflow/.local/lib/python3.12/site-packages/airflow/example_dags/example_xcom.py
[2024-05-23T19:32:27.125+0000] {processor.py:840} INFO - DAG(s) 'example_xcom' retrieved from /home/airflow/.local/lib/python3.12/site-packages/airflow/example_dags/example_xcom.py
[2024-05-23T19:32:27.161+0000] {logging_mixin.py:188} INFO - [2024-05-23T19:32:27.161+0000] {dag.py:3096} INFO - Sync 1 DAGs
[2024-05-23T19:32:27.196+0000] {logging_mixin.py:188} INFO - [2024-05-23T19:32:27.196+0000] {dag.py:3954} INFO - Setting next_dagrun for example_xcom to 2021-01-01 00:00:00+00:00, run_after=2021-01-01 00:00:00+00:00
[2024-05-23T19:32:27.227+0000] {processor.py:183} INFO - Processing /home/airflow/.local/lib/python3.12/site-packages/airflow/example_dags/example_xcom.py took 0.130 seconds
[2024-05-23T19:32:57.425+0000] {processor.py:161} INFO - Started process (PID=1911) to work on /home/airflow/.local/lib/python3.12/site-packages/airflow/example_dags/example_xcom.py
[2024-05-23T19:32:57.426+0000] {processor.py:830} INFO - Processing file /home/airflow/.local/lib/python3.12/site-packages/airflow/example_dags/example_xcom.py for tasks to queue
[2024-05-23T19:32:57.429+0000] {logging_mixin.py:188} INFO - [2024-05-23T19:32:57.429+0000] {dagbag.py:545} INFO - Filling up the DagBag from /home/airflow/.local/lib/python3.12/site-packages/airflow/example_dags/example_xcom.py
[2024-05-23T19:32:57.441+0000] {processor.py:840} INFO - DAG(s) 'example_xcom' retrieved from /home/airflow/.local/lib/python3.12/site-packages/airflow/example_dags/example_xcom.py
[2024-05-23T19:32:57.473+0000] {logging_mixin.py:188} INFO - [2024-05-23T19:32:57.473+0000] {dag.py:3096} INFO - Sync 1 DAGs
[2024-05-23T19:32:57.506+0000] {logging_mixin.py:188} INFO - [2024-05-23T19:32:57.506+0000] {dag.py:3954} INFO - Setting next_dagrun for example_xcom to 2021-01-01 00:00:00+00:00, run_after=2021-01-01 00:00:00+00:00
[2024-05-23T19:32:57.534+0000] {processor.py:183} INFO - Processing /home/airflow/.local/lib/python3.12/site-packages/airflow/example_dags/example_xcom.py took 0.119 seconds
[2024-05-23T19:33:27.759+0000] {processor.py:161} INFO - Started process (PID=2171) to work on /home/airflow/.local/lib/python3.12/site-packages/airflow/example_dags/example_xcom.py
[2024-05-23T19:33:27.761+0000] {processor.py:830} INFO - Processing file /home/airflow/.local/lib/python3.12/site-packages/airflow/example_dags/example_xcom.py for tasks to queue
[2024-05-23T19:33:27.764+0000] {logging_mixin.py:188} INFO - [2024-05-23T19:33:27.763+0000] {dagbag.py:545} INFO - Filling up the DagBag from /home/airflow/.local/lib/python3.12/site-packages/airflow/example_dags/example_xcom.py
[2024-05-23T19:33:27.775+0000] {processor.py:840} INFO - DAG(s) 'example_xcom' retrieved from /home/airflow/.local/lib/python3.12/site-packages/airflow/example_dags/example_xcom.py
[2024-05-23T19:33:27.807+0000] {logging_mixin.py:188} INFO - [2024-05-23T19:33:27.807+0000] {dag.py:3096} INFO - Sync 1 DAGs
[2024-05-23T19:33:27.839+0000] {logging_mixin.py:188} INFO - [2024-05-23T19:33:27.839+0000] {dag.py:3954} INFO - Setting next_dagrun for example_xcom to 2021-01-01 00:00:00+00:00, run_after=2021-01-01 00:00:00+00:00
[2024-05-23T19:33:27.870+0000] {processor.py:183} INFO - Processing /home/airflow/.local/lib/python3.12/site-packages/airflow/example_dags/example_xcom.py took 0.120 seconds
[2024-05-23T19:33:58.600+0000] {processor.py:161} INFO - Started process (PID=2435) to work on /home/airflow/.local/lib/python3.12/site-packages/airflow/example_dags/example_xcom.py
[2024-05-23T19:33:58.602+0000] {processor.py:830} INFO - Processing file /home/airflow/.local/lib/python3.12/site-packages/airflow/example_dags/example_xcom.py for tasks to queue
[2024-05-23T19:33:58.605+0000] {logging_mixin.py:188} INFO - [2024-05-23T19:33:58.604+0000] {dagbag.py:545} INFO - Filling up the DagBag from /home/airflow/.local/lib/python3.12/site-packages/airflow/example_dags/example_xcom.py
[2024-05-23T19:33:58.619+0000] {processor.py:840} INFO - DAG(s) 'example_xcom' retrieved from /home/airflow/.local/lib/python3.12/site-packages/airflow/example_dags/example_xcom.py
[2024-05-23T19:33:58.657+0000] {logging_mixin.py:188} INFO - [2024-05-23T19:33:58.657+0000] {dag.py:3096} INFO - Sync 1 DAGs
[2024-05-23T19:33:58.694+0000] {logging_mixin.py:188} INFO - [2024-05-23T19:33:58.694+0000] {dag.py:3954} INFO - Setting next_dagrun for example_xcom to 2021-01-01 00:00:00+00:00, run_after=2021-01-01 00:00:00+00:00
[2024-05-23T19:33:58.726+0000] {processor.py:183} INFO - Processing /home/airflow/.local/lib/python3.12/site-packages/airflow/example_dags/example_xcom.py took 0.136 seconds
[2024-05-23T19:34:28.961+0000] {processor.py:161} INFO - Started process (PID=2696) to work on /home/airflow/.local/lib/python3.12/site-packages/airflow/example_dags/example_xcom.py
[2024-05-23T19:34:28.963+0000] {processor.py:830} INFO - Processing file /home/airflow/.local/lib/python3.12/site-packages/airflow/example_dags/example_xcom.py for tasks to queue
[2024-05-23T19:34:28.990+0000] {logging_mixin.py:188} INFO - [2024-05-23T19:34:28.988+0000] {dagbag.py:545} INFO - Filling up the DagBag from /home/airflow/.local/lib/python3.12/site-packages/airflow/example_dags/example_xcom.py
[2024-05-23T19:34:29.011+0000] {processor.py:840} INFO - DAG(s) 'example_xcom' retrieved from /home/airflow/.local/lib/python3.12/site-packages/airflow/example_dags/example_xcom.py
[2024-05-23T19:34:29.051+0000] {logging_mixin.py:188} INFO - [2024-05-23T19:34:29.050+0000] {dag.py:3096} INFO - Sync 1 DAGs
[2024-05-23T19:34:29.102+0000] {logging_mixin.py:188} INFO - [2024-05-23T19:34:29.102+0000] {dag.py:3954} INFO - Setting next_dagrun for example_xcom to 2021-01-01 00:00:00+00:00, run_after=2021-01-01 00:00:00+00:00
[2024-05-23T19:34:29.135+0000] {processor.py:183} INFO - Processing /home/airflow/.local/lib/python3.12/site-packages/airflow/example_dags/example_xcom.py took 0.195 seconds
[2024-05-23T19:34:59.716+0000] {processor.py:161} INFO - Started process (PID=2983) to work on /home/airflow/.local/lib/python3.12/site-packages/airflow/example_dags/example_xcom.py
[2024-05-23T19:34:59.718+0000] {processor.py:830} INFO - Processing file /home/airflow/.local/lib/python3.12/site-packages/airflow/example_dags/example_xcom.py for tasks to queue
[2024-05-23T19:34:59.722+0000] {logging_mixin.py:188} INFO - [2024-05-23T19:34:59.721+0000] {dagbag.py:545} INFO - Filling up the DagBag from /home/airflow/.local/lib/python3.12/site-packages/airflow/example_dags/example_xcom.py
[2024-05-23T19:34:59.737+0000] {processor.py:840} INFO - DAG(s) 'example_xcom' retrieved from /home/airflow/.local/lib/python3.12/site-packages/airflow/example_dags/example_xcom.py
[2024-05-23T19:34:59.778+0000] {logging_mixin.py:188} INFO - [2024-05-23T19:34:59.777+0000] {dag.py:3096} INFO - Sync 1 DAGs
[2024-05-23T19:34:59.825+0000] {logging_mixin.py:188} INFO - [2024-05-23T19:34:59.825+0000] {dag.py:3954} INFO - Setting next_dagrun for example_xcom to 2021-01-01 00:00:00+00:00, run_after=2021-01-01 00:00:00+00:00
[2024-05-23T19:34:59.860+0000] {processor.py:183} INFO - Processing /home/airflow/.local/lib/python3.12/site-packages/airflow/example_dags/example_xcom.py took 0.154 seconds
[2024-05-23T19:35:29.933+0000] {processor.py:161} INFO - Started process (PID=3243) to work on /home/airflow/.local/lib/python3.12/site-packages/airflow/example_dags/example_xcom.py
[2024-05-23T19:35:29.937+0000] {processor.py:830} INFO - Processing file /home/airflow/.local/lib/python3.12/site-packages/airflow/example_dags/example_xcom.py for tasks to queue
[2024-05-23T19:35:29.943+0000] {logging_mixin.py:188} INFO - [2024-05-23T19:35:29.942+0000] {dagbag.py:545} INFO - Filling up the DagBag from /home/airflow/.local/lib/python3.12/site-packages/airflow/example_dags/example_xcom.py
[2024-05-23T19:35:29.961+0000] {processor.py:840} INFO - DAG(s) 'example_xcom' retrieved from /home/airflow/.local/lib/python3.12/site-packages/airflow/example_dags/example_xcom.py
[2024-05-23T19:35:30.006+0000] {logging_mixin.py:188} INFO - [2024-05-23T19:35:30.005+0000] {dag.py:3096} INFO - Sync 1 DAGs
[2024-05-23T19:35:30.050+0000] {logging_mixin.py:188} INFO - [2024-05-23T19:35:30.049+0000] {dag.py:3954} INFO - Setting next_dagrun for example_xcom to 2021-01-01 00:00:00+00:00, run_after=2021-01-01 00:00:00+00:00
[2024-05-23T19:35:30.087+0000] {processor.py:183} INFO - Processing /home/airflow/.local/lib/python3.12/site-packages/airflow/example_dags/example_xcom.py took 0.169 seconds
[2024-05-23T19:36:00.257+0000] {processor.py:161} INFO - Started process (PID=3505) to work on /home/airflow/.local/lib/python3.12/site-packages/airflow/example_dags/example_xcom.py
[2024-05-23T19:36:00.259+0000] {processor.py:830} INFO - Processing file /home/airflow/.local/lib/python3.12/site-packages/airflow/example_dags/example_xcom.py for tasks to queue
[2024-05-23T19:36:00.262+0000] {logging_mixin.py:188} INFO - [2024-05-23T19:36:00.262+0000] {dagbag.py:545} INFO - Filling up the DagBag from /home/airflow/.local/lib/python3.12/site-packages/airflow/example_dags/example_xcom.py
[2024-05-23T19:36:00.274+0000] {processor.py:840} INFO - DAG(s) 'example_xcom' retrieved from /home/airflow/.local/lib/python3.12/site-packages/airflow/example_dags/example_xcom.py
[2024-05-23T19:36:00.308+0000] {logging_mixin.py:188} INFO - [2024-05-23T19:36:00.308+0000] {dag.py:3096} INFO - Sync 1 DAGs
[2024-05-23T19:36:00.343+0000] {logging_mixin.py:188} INFO - [2024-05-23T19:36:00.343+0000] {dag.py:3954} INFO - Setting next_dagrun for example_xcom to 2021-01-01 00:00:00+00:00, run_after=2021-01-01 00:00:00+00:00
[2024-05-23T19:36:00.374+0000] {processor.py:183} INFO - Processing /home/airflow/.local/lib/python3.12/site-packages/airflow/example_dags/example_xcom.py took 0.127 seconds
[2024-05-23T19:36:30.678+0000] {processor.py:161} INFO - Started process (PID=3767) to work on /home/airflow/.local/lib/python3.12/site-packages/airflow/example_dags/example_xcom.py
[2024-05-23T19:36:30.680+0000] {processor.py:830} INFO - Processing file /home/airflow/.local/lib/python3.12/site-packages/airflow/example_dags/example_xcom.py for tasks to queue
[2024-05-23T19:36:30.682+0000] {logging_mixin.py:188} INFO - [2024-05-23T19:36:30.682+0000] {dagbag.py:545} INFO - Filling up the DagBag from /home/airflow/.local/lib/python3.12/site-packages/airflow/example_dags/example_xcom.py
[2024-05-23T19:36:30.696+0000] {processor.py:840} INFO - DAG(s) 'example_xcom' retrieved from /home/airflow/.local/lib/python3.12/site-packages/airflow/example_dags/example_xcom.py
[2024-05-23T19:36:30.723+0000] {logging_mixin.py:188} INFO - [2024-05-23T19:36:30.722+0000] {dag.py:3096} INFO - Sync 1 DAGs
[2024-05-23T19:36:30.753+0000] {logging_mixin.py:188} INFO - [2024-05-23T19:36:30.752+0000] {dag.py:3954} INFO - Setting next_dagrun for example_xcom to 2021-01-01 00:00:00+00:00, run_after=2021-01-01 00:00:00+00:00
[2024-05-23T19:36:30.774+0000] {processor.py:183} INFO - Processing /home/airflow/.local/lib/python3.12/site-packages/airflow/example_dags/example_xcom.py took 0.104 seconds
[2024-05-23T19:37:01.204+0000] {processor.py:161} INFO - Started process (PID=4029) to work on /home/airflow/.local/lib/python3.12/site-packages/airflow/example_dags/example_xcom.py
[2024-05-23T19:37:01.206+0000] {processor.py:830} INFO - Processing file /home/airflow/.local/lib/python3.12/site-packages/airflow/example_dags/example_xcom.py for tasks to queue
[2024-05-23T19:37:01.209+0000] {logging_mixin.py:188} INFO - [2024-05-23T19:37:01.208+0000] {dagbag.py:545} INFO - Filling up the DagBag from /home/airflow/.local/lib/python3.12/site-packages/airflow/example_dags/example_xcom.py
[2024-05-23T19:37:01.222+0000] {processor.py:840} INFO - DAG(s) 'example_xcom' retrieved from /home/airflow/.local/lib/python3.12/site-packages/airflow/example_dags/example_xcom.py
[2024-05-23T19:37:01.259+0000] {logging_mixin.py:188} INFO - [2024-05-23T19:37:01.259+0000] {dag.py:3096} INFO - Sync 1 DAGs
[2024-05-23T19:37:01.295+0000] {logging_mixin.py:188} INFO - [2024-05-23T19:37:01.294+0000] {dag.py:3954} INFO - Setting next_dagrun for example_xcom to 2021-01-01 00:00:00+00:00, run_after=2021-01-01 00:00:00+00:00
[2024-05-23T19:37:01.326+0000] {processor.py:183} INFO - Processing /home/airflow/.local/lib/python3.12/site-packages/airflow/example_dags/example_xcom.py took 0.132 seconds
[2024-05-23T19:37:32.168+0000] {processor.py:161} INFO - Started process (PID=4291) to work on /home/airflow/.local/lib/python3.12/site-packages/airflow/example_dags/example_xcom.py
[2024-05-23T19:37:32.170+0000] {processor.py:830} INFO - Processing file /home/airflow/.local/lib/python3.12/site-packages/airflow/example_dags/example_xcom.py for tasks to queue
[2024-05-23T19:37:32.173+0000] {logging_mixin.py:188} INFO - [2024-05-23T19:37:32.172+0000] {dagbag.py:545} INFO - Filling up the DagBag from /home/airflow/.local/lib/python3.12/site-packages/airflow/example_dags/example_xcom.py
[2024-05-23T19:37:32.184+0000] {processor.py:840} INFO - DAG(s) 'example_xcom' retrieved from /home/airflow/.local/lib/python3.12/site-packages/airflow/example_dags/example_xcom.py
[2024-05-23T19:37:32.217+0000] {logging_mixin.py:188} INFO - [2024-05-23T19:37:32.217+0000] {dag.py:3096} INFO - Sync 1 DAGs
[2024-05-23T19:37:32.253+0000] {logging_mixin.py:188} INFO - [2024-05-23T19:37:32.253+0000] {dag.py:3954} INFO - Setting next_dagrun for example_xcom to 2021-01-01 00:00:00+00:00, run_after=2021-01-01 00:00:00+00:00
[2024-05-23T19:37:32.283+0000] {processor.py:183} INFO - Processing /home/airflow/.local/lib/python3.12/site-packages/airflow/example_dags/example_xcom.py took 0.124 seconds
[2024-05-23T19:38:03.009+0000] {processor.py:161} INFO - Started process (PID=4553) to work on /home/airflow/.local/lib/python3.12/site-packages/airflow/example_dags/example_xcom.py
[2024-05-23T19:38:03.012+0000] {processor.py:830} INFO - Processing file /home/airflow/.local/lib/python3.12/site-packages/airflow/example_dags/example_xcom.py for tasks to queue
[2024-05-23T19:38:03.014+0000] {logging_mixin.py:188} INFO - [2024-05-23T19:38:03.013+0000] {dagbag.py:545} INFO - Filling up the DagBag from /home/airflow/.local/lib/python3.12/site-packages/airflow/example_dags/example_xcom.py
[2024-05-23T19:38:03.023+0000] {processor.py:840} INFO - DAG(s) 'example_xcom' retrieved from /home/airflow/.local/lib/python3.12/site-packages/airflow/example_dags/example_xcom.py
[2024-05-23T19:38:03.049+0000] {logging_mixin.py:188} INFO - [2024-05-23T19:38:03.049+0000] {dag.py:3096} INFO - Sync 1 DAGs
[2024-05-23T19:38:03.074+0000] {logging_mixin.py:188} INFO - [2024-05-23T19:38:03.073+0000] {dag.py:3954} INFO - Setting next_dagrun for example_xcom to 2021-01-01 00:00:00+00:00, run_after=2021-01-01 00:00:00+00:00
[2024-05-23T19:38:03.095+0000] {processor.py:183} INFO - Processing /home/airflow/.local/lib/python3.12/site-packages/airflow/example_dags/example_xcom.py took 0.092 seconds
[2024-05-23T19:38:33.426+0000] {processor.py:161} INFO - Started process (PID=4815) to work on /home/airflow/.local/lib/python3.12/site-packages/airflow/example_dags/example_xcom.py
[2024-05-23T19:38:33.427+0000] {processor.py:830} INFO - Processing file /home/airflow/.local/lib/python3.12/site-packages/airflow/example_dags/example_xcom.py for tasks to queue
[2024-05-23T19:38:33.430+0000] {logging_mixin.py:188} INFO - [2024-05-23T19:38:33.430+0000] {dagbag.py:545} INFO - Filling up the DagBag from /home/airflow/.local/lib/python3.12/site-packages/airflow/example_dags/example_xcom.py
[2024-05-23T19:38:33.442+0000] {processor.py:840} INFO - DAG(s) 'example_xcom' retrieved from /home/airflow/.local/lib/python3.12/site-packages/airflow/example_dags/example_xcom.py
[2024-05-23T19:38:33.472+0000] {logging_mixin.py:188} INFO - [2024-05-23T19:38:33.472+0000] {dag.py:3096} INFO - Sync 1 DAGs
[2024-05-23T19:38:33.507+0000] {logging_mixin.py:188} INFO - [2024-05-23T19:38:33.507+0000] {dag.py:3954} INFO - Setting next_dagrun for example_xcom to 2021-01-01 00:00:00+00:00, run_after=2021-01-01 00:00:00+00:00
[2024-05-23T19:38:33.534+0000] {processor.py:183} INFO - Processing /home/airflow/.local/lib/python3.12/site-packages/airflow/example_dags/example_xcom.py took 0.117 seconds
[2024-05-23T19:39:04.021+0000] {processor.py:161} INFO - Started process (PID=5077) to work on /home/airflow/.local/lib/python3.12/site-packages/airflow/example_dags/example_xcom.py
[2024-05-23T19:39:04.022+0000] {processor.py:830} INFO - Processing file /home/airflow/.local/lib/python3.12/site-packages/airflow/example_dags/example_xcom.py for tasks to queue
[2024-05-23T19:39:04.026+0000] {logging_mixin.py:188} INFO - [2024-05-23T19:39:04.025+0000] {dagbag.py:545} INFO - Filling up the DagBag from /home/airflow/.local/lib/python3.12/site-packages/airflow/example_dags/example_xcom.py
[2024-05-23T19:39:04.036+0000] {processor.py:840} INFO - DAG(s) 'example_xcom' retrieved from /home/airflow/.local/lib/python3.12/site-packages/airflow/example_dags/example_xcom.py
[2024-05-23T19:39:04.068+0000] {logging_mixin.py:188} INFO - [2024-05-23T19:39:04.068+0000] {dag.py:3096} INFO - Sync 1 DAGs
[2024-05-23T19:39:04.101+0000] {logging_mixin.py:188} INFO - [2024-05-23T19:39:04.100+0000] {dag.py:3954} INFO - Setting next_dagrun for example_xcom to 2021-01-01 00:00:00+00:00, run_after=2021-01-01 00:00:00+00:00
[2024-05-23T19:39:04.129+0000] {processor.py:183} INFO - Processing /home/airflow/.local/lib/python3.12/site-packages/airflow/example_dags/example_xcom.py took 0.118 seconds
[2024-05-23T19:39:34.641+0000] {processor.py:161} INFO - Started process (PID=5339) to work on /home/airflow/.local/lib/python3.12/site-packages/airflow/example_dags/example_xcom.py
[2024-05-23T19:39:34.643+0000] {processor.py:830} INFO - Processing file /home/airflow/.local/lib/python3.12/site-packages/airflow/example_dags/example_xcom.py for tasks to queue
[2024-05-23T19:39:34.645+0000] {logging_mixin.py:188} INFO - [2024-05-23T19:39:34.645+0000] {dagbag.py:545} INFO - Filling up the DagBag from /home/airflow/.local/lib/python3.12/site-packages/airflow/example_dags/example_xcom.py
[2024-05-23T19:39:34.656+0000] {processor.py:840} INFO - DAG(s) 'example_xcom' retrieved from /home/airflow/.local/lib/python3.12/site-packages/airflow/example_dags/example_xcom.py
[2024-05-23T19:39:34.689+0000] {logging_mixin.py:188} INFO - [2024-05-23T19:39:34.689+0000] {dag.py:3096} INFO - Sync 1 DAGs
[2024-05-23T19:39:34.723+0000] {logging_mixin.py:188} INFO - [2024-05-23T19:39:34.723+0000] {dag.py:3954} INFO - Setting next_dagrun for example_xcom to 2021-01-01 00:00:00+00:00, run_after=2021-01-01 00:00:00+00:00
[2024-05-23T19:39:34.750+0000] {processor.py:183} INFO - Processing /home/airflow/.local/lib/python3.12/site-packages/airflow/example_dags/example_xcom.py took 0.118 seconds
[2024-05-23T19:40:05.339+0000] {processor.py:161} INFO - Started process (PID=5601) to work on /home/airflow/.local/lib/python3.12/site-packages/airflow/example_dags/example_xcom.py
[2024-05-23T19:40:05.341+0000] {processor.py:830} INFO - Processing file /home/airflow/.local/lib/python3.12/site-packages/airflow/example_dags/example_xcom.py for tasks to queue
[2024-05-23T19:40:05.345+0000] {logging_mixin.py:188} INFO - [2024-05-23T19:40:05.344+0000] {dagbag.py:545} INFO - Filling up the DagBag from /home/airflow/.local/lib/python3.12/site-packages/airflow/example_dags/example_xcom.py
[2024-05-23T19:40:05.356+0000] {processor.py:840} INFO - DAG(s) 'example_xcom' retrieved from /home/airflow/.local/lib/python3.12/site-packages/airflow/example_dags/example_xcom.py
[2024-05-23T19:40:05.389+0000] {logging_mixin.py:188} INFO - [2024-05-23T19:40:05.389+0000] {dag.py:3096} INFO - Sync 1 DAGs
[2024-05-23T19:40:05.422+0000] {logging_mixin.py:188} INFO - [2024-05-23T19:40:05.422+0000] {dag.py:3954} INFO - Setting next_dagrun for example_xcom to 2021-01-01 00:00:00+00:00, run_after=2021-01-01 00:00:00+00:00
[2024-05-23T19:40:05.449+0000] {processor.py:183} INFO - Processing /home/airflow/.local/lib/python3.12/site-packages/airflow/example_dags/example_xcom.py took 0.118 seconds
[2024-05-23T19:40:36.045+0000] {processor.py:161} INFO - Started process (PID=5863) to work on /home/airflow/.local/lib/python3.12/site-packages/airflow/example_dags/example_xcom.py
[2024-05-23T19:40:36.047+0000] {processor.py:830} INFO - Processing file /home/airflow/.local/lib/python3.12/site-packages/airflow/example_dags/example_xcom.py for tasks to queue
[2024-05-23T19:40:36.050+0000] {logging_mixin.py:188} INFO - [2024-05-23T19:40:36.049+0000] {dagbag.py:545} INFO - Filling up the DagBag from /home/airflow/.local/lib/python3.12/site-packages/airflow/example_dags/example_xcom.py
[2024-05-23T19:40:36.063+0000] {processor.py:840} INFO - DAG(s) 'example_xcom' retrieved from /home/airflow/.local/lib/python3.12/site-packages/airflow/example_dags/example_xcom.py
[2024-05-23T19:40:36.096+0000] {logging_mixin.py:188} INFO - [2024-05-23T19:40:36.096+0000] {dag.py:3096} INFO - Sync 1 DAGs
[2024-05-23T19:40:36.130+0000] {logging_mixin.py:188} INFO - [2024-05-23T19:40:36.130+0000] {dag.py:3954} INFO - Setting next_dagrun for example_xcom to 2021-01-01 00:00:00+00:00, run_after=2021-01-01 00:00:00+00:00
[2024-05-23T19:40:36.156+0000] {processor.py:183} INFO - Processing /home/airflow/.local/lib/python3.12/site-packages/airflow/example_dags/example_xcom.py took 0.120 seconds
[2024-05-23T19:41:06.681+0000] {processor.py:161} INFO - Started process (PID=6125) to work on /home/airflow/.local/lib/python3.12/site-packages/airflow/example_dags/example_xcom.py
[2024-05-23T19:41:06.682+0000] {processor.py:830} INFO - Processing file /home/airflow/.local/lib/python3.12/site-packages/airflow/example_dags/example_xcom.py for tasks to queue
[2024-05-23T19:41:06.685+0000] {logging_mixin.py:188} INFO - [2024-05-23T19:41:06.685+0000] {dagbag.py:545} INFO - Filling up the DagBag from /home/airflow/.local/lib/python3.12/site-packages/airflow/example_dags/example_xcom.py
[2024-05-23T19:41:06.697+0000] {processor.py:840} INFO - DAG(s) 'example_xcom' retrieved from /home/airflow/.local/lib/python3.12/site-packages/airflow/example_dags/example_xcom.py
[2024-05-23T19:41:06.728+0000] {logging_mixin.py:188} INFO - [2024-05-23T19:41:06.727+0000] {dag.py:3096} INFO - Sync 1 DAGs
[2024-05-23T19:41:06.762+0000] {logging_mixin.py:188} INFO - [2024-05-23T19:41:06.762+0000] {dag.py:3954} INFO - Setting next_dagrun for example_xcom to 2021-01-01 00:00:00+00:00, run_after=2021-01-01 00:00:00+00:00
[2024-05-23T19:41:06.789+0000] {processor.py:183} INFO - Processing /home/airflow/.local/lib/python3.12/site-packages/airflow/example_dags/example_xcom.py took 0.117 seconds
[2024-05-23T19:41:37.518+0000] {processor.py:161} INFO - Started process (PID=6387) to work on /home/airflow/.local/lib/python3.12/site-packages/airflow/example_dags/example_xcom.py
[2024-05-23T19:41:37.520+0000] {processor.py:830} INFO - Processing file /home/airflow/.local/lib/python3.12/site-packages/airflow/example_dags/example_xcom.py for tasks to queue
[2024-05-23T19:41:37.523+0000] {logging_mixin.py:188} INFO - [2024-05-23T19:41:37.523+0000] {dagbag.py:545} INFO - Filling up the DagBag from /home/airflow/.local/lib/python3.12/site-packages/airflow/example_dags/example_xcom.py
[2024-05-23T19:41:37.537+0000] {processor.py:840} INFO - DAG(s) 'example_xcom' retrieved from /home/airflow/.local/lib/python3.12/site-packages/airflow/example_dags/example_xcom.py
[2024-05-23T19:41:37.578+0000] {logging_mixin.py:188} INFO - [2024-05-23T19:41:37.578+0000] {dag.py:3096} INFO - Sync 1 DAGs
[2024-05-23T19:41:37.618+0000] {logging_mixin.py:188} INFO - [2024-05-23T19:41:37.618+0000] {dag.py:3954} INFO - Setting next_dagrun for example_xcom to 2021-01-01 00:00:00+00:00, run_after=2021-01-01 00:00:00+00:00
[2024-05-23T19:41:37.649+0000] {processor.py:183} INFO - Processing /home/airflow/.local/lib/python3.12/site-packages/airflow/example_dags/example_xcom.py took 0.141 seconds
[2024-05-23T19:42:07.736+0000] {processor.py:161} INFO - Started process (PID=6645) to work on /home/airflow/.local/lib/python3.12/site-packages/airflow/example_dags/example_xcom.py
[2024-05-23T19:42:07.738+0000] {processor.py:830} INFO - Processing file /home/airflow/.local/lib/python3.12/site-packages/airflow/example_dags/example_xcom.py for tasks to queue
[2024-05-23T19:42:07.740+0000] {logging_mixin.py:188} INFO - [2024-05-23T19:42:07.740+0000] {dagbag.py:545} INFO - Filling up the DagBag from /home/airflow/.local/lib/python3.12/site-packages/airflow/example_dags/example_xcom.py
[2024-05-23T19:42:07.752+0000] {processor.py:840} INFO - DAG(s) 'example_xcom' retrieved from /home/airflow/.local/lib/python3.12/site-packages/airflow/example_dags/example_xcom.py
[2024-05-23T19:42:07.791+0000] {logging_mixin.py:188} INFO - [2024-05-23T19:42:07.791+0000] {dag.py:3096} INFO - Sync 1 DAGs
[2024-05-23T19:42:07.970+0000] {logging_mixin.py:188} INFO - [2024-05-23T19:42:07.969+0000] {dag.py:3954} INFO - Setting next_dagrun for example_xcom to 2021-01-01 00:00:00+00:00, run_after=2021-01-01 00:00:00+00:00
[2024-05-23T19:42:08.000+0000] {processor.py:183} INFO - Processing /home/airflow/.local/lib/python3.12/site-packages/airflow/example_dags/example_xcom.py took 0.272 seconds
[2024-05-23T19:42:38.216+0000] {processor.py:161} INFO - Started process (PID=6905) to work on /home/airflow/.local/lib/python3.12/site-packages/airflow/example_dags/example_xcom.py
[2024-05-23T19:42:38.217+0000] {processor.py:830} INFO - Processing file /home/airflow/.local/lib/python3.12/site-packages/airflow/example_dags/example_xcom.py for tasks to queue
[2024-05-23T19:42:38.220+0000] {logging_mixin.py:188} INFO - [2024-05-23T19:42:38.220+0000] {dagbag.py:545} INFO - Filling up the DagBag from /home/airflow/.local/lib/python3.12/site-packages/airflow/example_dags/example_xcom.py
[2024-05-23T19:42:38.230+0000] {processor.py:840} INFO - DAG(s) 'example_xcom' retrieved from /home/airflow/.local/lib/python3.12/site-packages/airflow/example_dags/example_xcom.py
[2024-05-23T19:42:38.258+0000] {logging_mixin.py:188} INFO - [2024-05-23T19:42:38.258+0000] {dag.py:3096} INFO - Sync 1 DAGs
[2024-05-23T19:42:38.287+0000] {logging_mixin.py:188} INFO - [2024-05-23T19:42:38.287+0000] {dag.py:3954} INFO - Setting next_dagrun for example_xcom to 2021-01-01 00:00:00+00:00, run_after=2021-01-01 00:00:00+00:00
[2024-05-23T19:42:38.313+0000] {processor.py:183} INFO - Processing /home/airflow/.local/lib/python3.12/site-packages/airflow/example_dags/example_xcom.py took 0.105 seconds
[2024-05-23T19:43:08.597+0000] {processor.py:161} INFO - Started process (PID=7167) to work on /home/airflow/.local/lib/python3.12/site-packages/airflow/example_dags/example_xcom.py
[2024-05-23T19:43:08.599+0000] {processor.py:830} INFO - Processing file /home/airflow/.local/lib/python3.12/site-packages/airflow/example_dags/example_xcom.py for tasks to queue
[2024-05-23T19:43:08.601+0000] {logging_mixin.py:188} INFO - [2024-05-23T19:43:08.601+0000] {dagbag.py:545} INFO - Filling up the DagBag from /home/airflow/.local/lib/python3.12/site-packages/airflow/example_dags/example_xcom.py
[2024-05-23T19:43:08.613+0000] {processor.py:840} INFO - DAG(s) 'example_xcom' retrieved from /home/airflow/.local/lib/python3.12/site-packages/airflow/example_dags/example_xcom.py
[2024-05-23T19:43:08.642+0000] {logging_mixin.py:188} INFO - [2024-05-23T19:43:08.642+0000] {dag.py:3096} INFO - Sync 1 DAGs
[2024-05-23T19:43:08.674+0000] {logging_mixin.py:188} INFO - [2024-05-23T19:43:08.674+0000] {dag.py:3954} INFO - Setting next_dagrun for example_xcom to 2021-01-01 00:00:00+00:00, run_after=2021-01-01 00:00:00+00:00
[2024-05-23T19:43:08.700+0000] {processor.py:183} INFO - Processing /home/airflow/.local/lib/python3.12/site-packages/airflow/example_dags/example_xcom.py took 0.113 seconds
[2024-05-23T19:43:39.118+0000] {processor.py:161} INFO - Started process (PID=7429) to work on /home/airflow/.local/lib/python3.12/site-packages/airflow/example_dags/example_xcom.py
[2024-05-23T19:43:39.119+0000] {processor.py:830} INFO - Processing file /home/airflow/.local/lib/python3.12/site-packages/airflow/example_dags/example_xcom.py for tasks to queue
[2024-05-23T19:43:39.123+0000] {logging_mixin.py:188} INFO - [2024-05-23T19:43:39.122+0000] {dagbag.py:545} INFO - Filling up the DagBag from /home/airflow/.local/lib/python3.12/site-packages/airflow/example_dags/example_xcom.py
[2024-05-23T19:43:39.135+0000] {processor.py:840} INFO - DAG(s) 'example_xcom' retrieved from /home/airflow/.local/lib/python3.12/site-packages/airflow/example_dags/example_xcom.py
[2024-05-23T19:43:39.176+0000] {logging_mixin.py:188} INFO - [2024-05-23T19:43:39.176+0000] {dag.py:3096} INFO - Sync 1 DAGs
[2024-05-23T19:43:39.211+0000] {logging_mixin.py:188} INFO - [2024-05-23T19:43:39.210+0000] {dag.py:3954} INFO - Setting next_dagrun for example_xcom to 2021-01-01 00:00:00+00:00, run_after=2021-01-01 00:00:00+00:00
[2024-05-23T19:43:39.241+0000] {processor.py:183} INFO - Processing /home/airflow/.local/lib/python3.12/site-packages/airflow/example_dags/example_xcom.py took 0.134 seconds
[2024-05-23T19:44:09.605+0000] {processor.py:161} INFO - Started process (PID=7691) to work on /home/airflow/.local/lib/python3.12/site-packages/airflow/example_dags/example_xcom.py
[2024-05-23T19:44:09.606+0000] {processor.py:830} INFO - Processing file /home/airflow/.local/lib/python3.12/site-packages/airflow/example_dags/example_xcom.py for tasks to queue
[2024-05-23T19:44:09.609+0000] {logging_mixin.py:188} INFO - [2024-05-23T19:44:09.609+0000] {dagbag.py:545} INFO - Filling up the DagBag from /home/airflow/.local/lib/python3.12/site-packages/airflow/example_dags/example_xcom.py
[2024-05-23T19:44:09.620+0000] {processor.py:840} INFO - DAG(s) 'example_xcom' retrieved from /home/airflow/.local/lib/python3.12/site-packages/airflow/example_dags/example_xcom.py
[2024-05-23T19:44:09.651+0000] {logging_mixin.py:188} INFO - [2024-05-23T19:44:09.651+0000] {dag.py:3096} INFO - Sync 1 DAGs
[2024-05-23T19:44:09.683+0000] {logging_mixin.py:188} INFO - [2024-05-23T19:44:09.683+0000] {dag.py:3954} INFO - Setting next_dagrun for example_xcom to 2021-01-01 00:00:00+00:00, run_after=2021-01-01 00:00:00+00:00
[2024-05-23T19:44:09.710+0000] {processor.py:183} INFO - Processing /home/airflow/.local/lib/python3.12/site-packages/airflow/example_dags/example_xcom.py took 0.114 seconds
[2024-05-23T19:44:40.067+0000] {processor.py:161} INFO - Started process (PID=7953) to work on /home/airflow/.local/lib/python3.12/site-packages/airflow/example_dags/example_xcom.py
[2024-05-23T19:44:40.068+0000] {processor.py:830} INFO - Processing file /home/airflow/.local/lib/python3.12/site-packages/airflow/example_dags/example_xcom.py for tasks to queue
[2024-05-23T19:44:40.071+0000] {logging_mixin.py:188} INFO - [2024-05-23T19:44:40.070+0000] {dagbag.py:545} INFO - Filling up the DagBag from /home/airflow/.local/lib/python3.12/site-packages/airflow/example_dags/example_xcom.py
[2024-05-23T19:44:40.081+0000] {processor.py:840} INFO - DAG(s) 'example_xcom' retrieved from /home/airflow/.local/lib/python3.12/site-packages/airflow/example_dags/example_xcom.py
[2024-05-23T19:44:40.109+0000] {logging_mixin.py:188} INFO - [2024-05-23T19:44:40.109+0000] {dag.py:3096} INFO - Sync 1 DAGs
[2024-05-23T19:44:40.138+0000] {logging_mixin.py:188} INFO - [2024-05-23T19:44:40.137+0000] {dag.py:3954} INFO - Setting next_dagrun for example_xcom to 2021-01-01 00:00:00+00:00, run_after=2021-01-01 00:00:00+00:00
[2024-05-23T19:44:40.164+0000] {processor.py:183} INFO - Processing /home/airflow/.local/lib/python3.12/site-packages/airflow/example_dags/example_xcom.py took 0.106 seconds
[2024-05-23T19:45:10.252+0000] {processor.py:161} INFO - Started process (PID=8215) to work on /home/airflow/.local/lib/python3.12/site-packages/airflow/example_dags/example_xcom.py
[2024-05-23T19:45:10.254+0000] {processor.py:830} INFO - Processing file /home/airflow/.local/lib/python3.12/site-packages/airflow/example_dags/example_xcom.py for tasks to queue
[2024-05-23T19:45:10.256+0000] {logging_mixin.py:188} INFO - [2024-05-23T19:45:10.256+0000] {dagbag.py:545} INFO - Filling up the DagBag from /home/airflow/.local/lib/python3.12/site-packages/airflow/example_dags/example_xcom.py
[2024-05-23T19:45:10.267+0000] {processor.py:840} INFO - DAG(s) 'example_xcom' retrieved from /home/airflow/.local/lib/python3.12/site-packages/airflow/example_dags/example_xcom.py
[2024-05-23T19:45:10.298+0000] {logging_mixin.py:188} INFO - [2024-05-23T19:45:10.298+0000] {dag.py:3096} INFO - Sync 1 DAGs
[2024-05-23T19:45:10.327+0000] {logging_mixin.py:188} INFO - [2024-05-23T19:45:10.327+0000] {dag.py:3954} INFO - Setting next_dagrun for example_xcom to 2021-01-01 00:00:00+00:00, run_after=2021-01-01 00:00:00+00:00
[2024-05-23T19:45:10.350+0000] {processor.py:183} INFO - Processing /home/airflow/.local/lib/python3.12/site-packages/airflow/example_dags/example_xcom.py took 0.106 seconds
[2024-05-23T19:45:40.589+0000] {processor.py:161} INFO - Started process (PID=8477) to work on /home/airflow/.local/lib/python3.12/site-packages/airflow/example_dags/example_xcom.py
[2024-05-23T19:45:40.590+0000] {processor.py:830} INFO - Processing file /home/airflow/.local/lib/python3.12/site-packages/airflow/example_dags/example_xcom.py for tasks to queue
[2024-05-23T19:45:40.593+0000] {logging_mixin.py:188} INFO - [2024-05-23T19:45:40.592+0000] {dagbag.py:545} INFO - Filling up the DagBag from /home/airflow/.local/lib/python3.12/site-packages/airflow/example_dags/example_xcom.py
[2024-05-23T19:45:40.603+0000] {processor.py:840} INFO - DAG(s) 'example_xcom' retrieved from /home/airflow/.local/lib/python3.12/site-packages/airflow/example_dags/example_xcom.py
[2024-05-23T19:45:40.630+0000] {logging_mixin.py:188} INFO - [2024-05-23T19:45:40.629+0000] {dag.py:3096} INFO - Sync 1 DAGs
[2024-05-23T19:45:40.658+0000] {logging_mixin.py:188} INFO - [2024-05-23T19:45:40.657+0000] {dag.py:3954} INFO - Setting next_dagrun for example_xcom to 2021-01-01 00:00:00+00:00, run_after=2021-01-01 00:00:00+00:00
[2024-05-23T19:45:40.682+0000] {processor.py:183} INFO - Processing /home/airflow/.local/lib/python3.12/site-packages/airflow/example_dags/example_xcom.py took 0.102 seconds
[2024-05-23T19:46:10.776+0000] {processor.py:161} INFO - Started process (PID=8739) to work on /home/airflow/.local/lib/python3.12/site-packages/airflow/example_dags/example_xcom.py
[2024-05-23T19:46:10.779+0000] {processor.py:830} INFO - Processing file /home/airflow/.local/lib/python3.12/site-packages/airflow/example_dags/example_xcom.py for tasks to queue
[2024-05-23T19:46:10.782+0000] {logging_mixin.py:188} INFO - [2024-05-23T19:46:10.781+0000] {dagbag.py:545} INFO - Filling up the DagBag from /home/airflow/.local/lib/python3.12/site-packages/airflow/example_dags/example_xcom.py
[2024-05-23T19:46:10.793+0000] {processor.py:840} INFO - DAG(s) 'example_xcom' retrieved from /home/airflow/.local/lib/python3.12/site-packages/airflow/example_dags/example_xcom.py
[2024-05-23T19:46:10.821+0000] {logging_mixin.py:188} INFO - [2024-05-23T19:46:10.820+0000] {dag.py:3096} INFO - Sync 1 DAGs
[2024-05-23T19:46:10.850+0000] {logging_mixin.py:188} INFO - [2024-05-23T19:46:10.849+0000] {dag.py:3954} INFO - Setting next_dagrun for example_xcom to 2021-01-01 00:00:00+00:00, run_after=2021-01-01 00:00:00+00:00
[2024-05-23T19:46:10.874+0000] {processor.py:183} INFO - Processing /home/airflow/.local/lib/python3.12/site-packages/airflow/example_dags/example_xcom.py took 0.106 seconds
[2024-05-23T19:46:40.954+0000] {processor.py:161} INFO - Started process (PID=9001) to work on /home/airflow/.local/lib/python3.12/site-packages/airflow/example_dags/example_xcom.py
[2024-05-23T19:46:40.956+0000] {processor.py:830} INFO - Processing file /home/airflow/.local/lib/python3.12/site-packages/airflow/example_dags/example_xcom.py for tasks to queue
[2024-05-23T19:46:40.958+0000] {logging_mixin.py:188} INFO - [2024-05-23T19:46:40.958+0000] {dagbag.py:545} INFO - Filling up the DagBag from /home/airflow/.local/lib/python3.12/site-packages/airflow/example_dags/example_xcom.py
[2024-05-23T19:46:40.968+0000] {processor.py:840} INFO - DAG(s) 'example_xcom' retrieved from /home/airflow/.local/lib/python3.12/site-packages/airflow/example_dags/example_xcom.py
[2024-05-23T19:46:40.997+0000] {logging_mixin.py:188} INFO - [2024-05-23T19:46:40.996+0000] {dag.py:3096} INFO - Sync 1 DAGs
[2024-05-23T19:46:41.026+0000] {logging_mixin.py:188} INFO - [2024-05-23T19:46:41.026+0000] {dag.py:3954} INFO - Setting next_dagrun for example_xcom to 2021-01-01 00:00:00+00:00, run_after=2021-01-01 00:00:00+00:00
[2024-05-23T19:46:41.050+0000] {processor.py:183} INFO - Processing /home/airflow/.local/lib/python3.12/site-packages/airflow/example_dags/example_xcom.py took 0.104 seconds
[2024-05-23T19:47:11.283+0000] {processor.py:161} INFO - Started process (PID=9263) to work on /home/airflow/.local/lib/python3.12/site-packages/airflow/example_dags/example_xcom.py
[2024-05-23T19:47:11.285+0000] {processor.py:830} INFO - Processing file /home/airflow/.local/lib/python3.12/site-packages/airflow/example_dags/example_xcom.py for tasks to queue
[2024-05-23T19:47:11.288+0000] {logging_mixin.py:188} INFO - [2024-05-23T19:47:11.287+0000] {dagbag.py:545} INFO - Filling up the DagBag from /home/airflow/.local/lib/python3.12/site-packages/airflow/example_dags/example_xcom.py
[2024-05-23T19:47:11.298+0000] {processor.py:840} INFO - DAG(s) 'example_xcom' retrieved from /home/airflow/.local/lib/python3.12/site-packages/airflow/example_dags/example_xcom.py
[2024-05-23T19:47:11.326+0000] {logging_mixin.py:188} INFO - [2024-05-23T19:47:11.325+0000] {dag.py:3096} INFO - Sync 1 DAGs
[2024-05-23T19:47:11.355+0000] {logging_mixin.py:188} INFO - [2024-05-23T19:47:11.355+0000] {dag.py:3954} INFO - Setting next_dagrun for example_xcom to 2021-01-01 00:00:00+00:00, run_after=2021-01-01 00:00:00+00:00
[2024-05-23T19:47:11.379+0000] {processor.py:183} INFO - Processing /home/airflow/.local/lib/python3.12/site-packages/airflow/example_dags/example_xcom.py took 0.106 seconds
[2024-05-23T19:47:42.047+0000] {processor.py:161} INFO - Started process (PID=9519) to work on /home/airflow/.local/lib/python3.12/site-packages/airflow/example_dags/example_xcom.py
[2024-05-23T19:47:42.049+0000] {processor.py:830} INFO - Processing file /home/airflow/.local/lib/python3.12/site-packages/airflow/example_dags/example_xcom.py for tasks to queue
[2024-05-23T19:47:42.052+0000] {logging_mixin.py:188} INFO - [2024-05-23T19:47:42.051+0000] {dagbag.py:545} INFO - Filling up the DagBag from /home/airflow/.local/lib/python3.12/site-packages/airflow/example_dags/example_xcom.py
[2024-05-23T19:47:42.062+0000] {processor.py:840} INFO - DAG(s) 'example_xcom' retrieved from /home/airflow/.local/lib/python3.12/site-packages/airflow/example_dags/example_xcom.py
[2024-05-23T19:47:42.094+0000] {logging_mixin.py:188} INFO - [2024-05-23T19:47:42.094+0000] {dag.py:3096} INFO - Sync 1 DAGs
[2024-05-23T19:47:42.126+0000] {logging_mixin.py:188} INFO - [2024-05-23T19:47:42.126+0000] {dag.py:3954} INFO - Setting next_dagrun for example_xcom to 2021-01-01 00:00:00+00:00, run_after=2021-01-01 00:00:00+00:00
[2024-05-23T19:47:42.151+0000] {processor.py:183} INFO - Processing /home/airflow/.local/lib/python3.12/site-packages/airflow/example_dags/example_xcom.py took 0.113 seconds
[2024-05-23T19:48:12.814+0000] {processor.py:161} INFO - Started process (PID=9781) to work on /home/airflow/.local/lib/python3.12/site-packages/airflow/example_dags/example_xcom.py
[2024-05-23T19:48:12.815+0000] {processor.py:830} INFO - Processing file /home/airflow/.local/lib/python3.12/site-packages/airflow/example_dags/example_xcom.py for tasks to queue
[2024-05-23T19:48:12.818+0000] {logging_mixin.py:188} INFO - [2024-05-23T19:48:12.818+0000] {dagbag.py:545} INFO - Filling up the DagBag from /home/airflow/.local/lib/python3.12/site-packages/airflow/example_dags/example_xcom.py
[2024-05-23T19:48:12.830+0000] {processor.py:840} INFO - DAG(s) 'example_xcom' retrieved from /home/airflow/.local/lib/python3.12/site-packages/airflow/example_dags/example_xcom.py
[2024-05-23T19:48:12.863+0000] {logging_mixin.py:188} INFO - [2024-05-23T19:48:12.863+0000] {dag.py:3096} INFO - Sync 1 DAGs
[2024-05-23T19:48:12.897+0000] {logging_mixin.py:188} INFO - [2024-05-23T19:48:12.897+0000] {dag.py:3954} INFO - Setting next_dagrun for example_xcom to 2021-01-01 00:00:00+00:00, run_after=2021-01-01 00:00:00+00:00
[2024-05-23T19:48:12.925+0000] {processor.py:183} INFO - Processing /home/airflow/.local/lib/python3.12/site-packages/airflow/example_dags/example_xcom.py took 0.120 seconds
[2024-05-23T19:48:43.843+0000] {processor.py:161} INFO - Started process (PID=10043) to work on /home/airflow/.local/lib/python3.12/site-packages/airflow/example_dags/example_xcom.py
[2024-05-23T19:48:43.845+0000] {processor.py:830} INFO - Processing file /home/airflow/.local/lib/python3.12/site-packages/airflow/example_dags/example_xcom.py for tasks to queue
[2024-05-23T19:48:43.848+0000] {logging_mixin.py:188} INFO - [2024-05-23T19:48:43.847+0000] {dagbag.py:545} INFO - Filling up the DagBag from /home/airflow/.local/lib/python3.12/site-packages/airflow/example_dags/example_xcom.py
[2024-05-23T19:48:43.859+0000] {processor.py:840} INFO - DAG(s) 'example_xcom' retrieved from /home/airflow/.local/lib/python3.12/site-packages/airflow/example_dags/example_xcom.py
[2024-05-23T19:48:43.891+0000] {logging_mixin.py:188} INFO - [2024-05-23T19:48:43.890+0000] {dag.py:3096} INFO - Sync 1 DAGs
[2024-05-23T19:48:43.923+0000] {logging_mixin.py:188} INFO - [2024-05-23T19:48:43.923+0000] {dag.py:3954} INFO - Setting next_dagrun for example_xcom to 2021-01-01 00:00:00+00:00, run_after=2021-01-01 00:00:00+00:00
[2024-05-23T19:48:43.950+0000] {processor.py:183} INFO - Processing /home/airflow/.local/lib/python3.12/site-packages/airflow/example_dags/example_xcom.py took 0.116 seconds
[2024-05-23T19:49:14.348+0000] {processor.py:161} INFO - Started process (PID=10305) to work on /home/airflow/.local/lib/python3.12/site-packages/airflow/example_dags/example_xcom.py
[2024-05-23T19:49:14.349+0000] {processor.py:830} INFO - Processing file /home/airflow/.local/lib/python3.12/site-packages/airflow/example_dags/example_xcom.py for tasks to queue
[2024-05-23T19:49:14.352+0000] {logging_mixin.py:188} INFO - [2024-05-23T19:49:14.351+0000] {dagbag.py:545} INFO - Filling up the DagBag from /home/airflow/.local/lib/python3.12/site-packages/airflow/example_dags/example_xcom.py
[2024-05-23T19:49:14.364+0000] {processor.py:840} INFO - DAG(s) 'example_xcom' retrieved from /home/airflow/.local/lib/python3.12/site-packages/airflow/example_dags/example_xcom.py
[2024-05-23T19:49:14.397+0000] {logging_mixin.py:188} INFO - [2024-05-23T19:49:14.396+0000] {dag.py:3096} INFO - Sync 1 DAGs
[2024-05-23T19:49:14.433+0000] {logging_mixin.py:188} INFO - [2024-05-23T19:49:14.433+0000] {dag.py:3954} INFO - Setting next_dagrun for example_xcom to 2021-01-01 00:00:00+00:00, run_after=2021-01-01 00:00:00+00:00
[2024-05-23T19:49:14.608+0000] {processor.py:183} INFO - Processing /home/airflow/.local/lib/python3.12/site-packages/airflow/example_dags/example_xcom.py took 0.269 seconds
[2024-05-23T19:49:44.695+0000] {processor.py:161} INFO - Started process (PID=10567) to work on /home/airflow/.local/lib/python3.12/site-packages/airflow/example_dags/example_xcom.py
[2024-05-23T19:49:44.696+0000] {processor.py:830} INFO - Processing file /home/airflow/.local/lib/python3.12/site-packages/airflow/example_dags/example_xcom.py for tasks to queue
[2024-05-23T19:49:44.699+0000] {logging_mixin.py:188} INFO - [2024-05-23T19:49:44.699+0000] {dagbag.py:545} INFO - Filling up the DagBag from /home/airflow/.local/lib/python3.12/site-packages/airflow/example_dags/example_xcom.py
[2024-05-23T19:49:44.711+0000] {processor.py:840} INFO - DAG(s) 'example_xcom' retrieved from /home/airflow/.local/lib/python3.12/site-packages/airflow/example_dags/example_xcom.py
[2024-05-23T19:49:44.742+0000] {logging_mixin.py:188} INFO - [2024-05-23T19:49:44.741+0000] {dag.py:3096} INFO - Sync 1 DAGs
[2024-05-23T19:49:44.772+0000] {logging_mixin.py:188} INFO - [2024-05-23T19:49:44.772+0000] {dag.py:3954} INFO - Setting next_dagrun for example_xcom to 2021-01-01 00:00:00+00:00, run_after=2021-01-01 00:00:00+00:00
[2024-05-23T19:49:44.799+0000] {processor.py:183} INFO - Processing /home/airflow/.local/lib/python3.12/site-packages/airflow/example_dags/example_xcom.py took 0.113 seconds
[2024-05-23T19:50:15.197+0000] {processor.py:161} INFO - Started process (PID=10835) to work on /home/airflow/.local/lib/python3.12/site-packages/airflow/example_dags/example_xcom.py
[2024-05-23T19:50:15.199+0000] {processor.py:830} INFO - Processing file /home/airflow/.local/lib/python3.12/site-packages/airflow/example_dags/example_xcom.py for tasks to queue
[2024-05-23T19:50:15.202+0000] {logging_mixin.py:188} INFO - [2024-05-23T19:50:15.201+0000] {dagbag.py:545} INFO - Filling up the DagBag from /home/airflow/.local/lib/python3.12/site-packages/airflow/example_dags/example_xcom.py
[2024-05-23T19:50:15.214+0000] {processor.py:840} INFO - DAG(s) 'example_xcom' retrieved from /home/airflow/.local/lib/python3.12/site-packages/airflow/example_dags/example_xcom.py
[2024-05-23T19:50:15.247+0000] {logging_mixin.py:188} INFO - [2024-05-23T19:50:15.246+0000] {dag.py:3096} INFO - Sync 1 DAGs
[2024-05-23T19:50:15.278+0000] {logging_mixin.py:188} INFO - [2024-05-23T19:50:15.278+0000] {dag.py:3954} INFO - Setting next_dagrun for example_xcom to 2021-01-01 00:00:00+00:00, run_after=2021-01-01 00:00:00+00:00
[2024-05-23T19:50:15.303+0000] {processor.py:183} INFO - Processing /home/airflow/.local/lib/python3.12/site-packages/airflow/example_dags/example_xcom.py took 0.116 seconds
[2024-05-23T19:50:46.096+0000] {processor.py:161} INFO - Started process (PID=11099) to work on /home/airflow/.local/lib/python3.12/site-packages/airflow/example_dags/example_xcom.py
[2024-05-23T19:50:46.097+0000] {processor.py:830} INFO - Processing file /home/airflow/.local/lib/python3.12/site-packages/airflow/example_dags/example_xcom.py for tasks to queue
[2024-05-23T19:50:46.100+0000] {logging_mixin.py:188} INFO - [2024-05-23T19:50:46.099+0000] {dagbag.py:545} INFO - Filling up the DagBag from /home/airflow/.local/lib/python3.12/site-packages/airflow/example_dags/example_xcom.py
[2024-05-23T19:50:46.111+0000] {processor.py:840} INFO - DAG(s) 'example_xcom' retrieved from /home/airflow/.local/lib/python3.12/site-packages/airflow/example_dags/example_xcom.py
[2024-05-23T19:50:46.143+0000] {logging_mixin.py:188} INFO - [2024-05-23T19:50:46.142+0000] {dag.py:3096} INFO - Sync 1 DAGs
[2024-05-23T19:50:46.175+0000] {logging_mixin.py:188} INFO - [2024-05-23T19:50:46.175+0000] {dag.py:3954} INFO - Setting next_dagrun for example_xcom to 2021-01-01 00:00:00+00:00, run_after=2021-01-01 00:00:00+00:00
[2024-05-23T19:50:46.200+0000] {processor.py:183} INFO - Processing /home/airflow/.local/lib/python3.12/site-packages/airflow/example_dags/example_xcom.py took 0.113 seconds
[2024-05-23T19:51:16.620+0000] {processor.py:161} INFO - Started process (PID=11359) to work on /home/airflow/.local/lib/python3.12/site-packages/airflow/example_dags/example_xcom.py
[2024-05-23T19:51:16.622+0000] {processor.py:830} INFO - Processing file /home/airflow/.local/lib/python3.12/site-packages/airflow/example_dags/example_xcom.py for tasks to queue
[2024-05-23T19:51:16.625+0000] {logging_mixin.py:188} INFO - [2024-05-23T19:51:16.625+0000] {dagbag.py:545} INFO - Filling up the DagBag from /home/airflow/.local/lib/python3.12/site-packages/airflow/example_dags/example_xcom.py
[2024-05-23T19:51:16.639+0000] {processor.py:840} INFO - DAG(s) 'example_xcom' retrieved from /home/airflow/.local/lib/python3.12/site-packages/airflow/example_dags/example_xcom.py
[2024-05-23T19:51:16.671+0000] {logging_mixin.py:188} INFO - [2024-05-23T19:51:16.671+0000] {dag.py:3096} INFO - Sync 1 DAGs
[2024-05-23T19:51:16.703+0000] {logging_mixin.py:188} INFO - [2024-05-23T19:51:16.703+0000] {dag.py:3954} INFO - Setting next_dagrun for example_xcom to 2021-01-01 00:00:00+00:00, run_after=2021-01-01 00:00:00+00:00
[2024-05-23T19:51:16.730+0000] {processor.py:183} INFO - Processing /home/airflow/.local/lib/python3.12/site-packages/airflow/example_dags/example_xcom.py took 0.121 seconds
[2024-05-23T19:51:46.824+0000] {processor.py:161} INFO - Started process (PID=11621) to work on /home/airflow/.local/lib/python3.12/site-packages/airflow/example_dags/example_xcom.py
[2024-05-23T19:51:46.826+0000] {processor.py:830} INFO - Processing file /home/airflow/.local/lib/python3.12/site-packages/airflow/example_dags/example_xcom.py for tasks to queue
[2024-05-23T19:51:46.829+0000] {logging_mixin.py:188} INFO - [2024-05-23T19:51:46.828+0000] {dagbag.py:545} INFO - Filling up the DagBag from /home/airflow/.local/lib/python3.12/site-packages/airflow/example_dags/example_xcom.py
[2024-05-23T19:51:46.842+0000] {processor.py:840} INFO - DAG(s) 'example_xcom' retrieved from /home/airflow/.local/lib/python3.12/site-packages/airflow/example_dags/example_xcom.py
[2024-05-23T19:51:46.875+0000] {logging_mixin.py:188} INFO - [2024-05-23T19:51:46.875+0000] {dag.py:3096} INFO - Sync 1 DAGs
[2024-05-23T19:51:46.908+0000] {logging_mixin.py:188} INFO - [2024-05-23T19:51:46.908+0000] {dag.py:3954} INFO - Setting next_dagrun for example_xcom to 2021-01-01 00:00:00+00:00, run_after=2021-01-01 00:00:00+00:00
[2024-05-23T19:51:46.935+0000] {processor.py:183} INFO - Processing /home/airflow/.local/lib/python3.12/site-packages/airflow/example_dags/example_xcom.py took 0.120 seconds
[2024-05-23T19:52:17.078+0000] {processor.py:161} INFO - Started process (PID=11883) to work on /home/airflow/.local/lib/python3.12/site-packages/airflow/example_dags/example_xcom.py
[2024-05-23T19:52:17.080+0000] {processor.py:830} INFO - Processing file /home/airflow/.local/lib/python3.12/site-packages/airflow/example_dags/example_xcom.py for tasks to queue
[2024-05-23T19:52:17.082+0000] {logging_mixin.py:188} INFO - [2024-05-23T19:52:17.082+0000] {dagbag.py:545} INFO - Filling up the DagBag from /home/airflow/.local/lib/python3.12/site-packages/airflow/example_dags/example_xcom.py
[2024-05-23T19:52:17.094+0000] {processor.py:840} INFO - DAG(s) 'example_xcom' retrieved from /home/airflow/.local/lib/python3.12/site-packages/airflow/example_dags/example_xcom.py
[2024-05-23T19:52:17.125+0000] {logging_mixin.py:188} INFO - [2024-05-23T19:52:17.124+0000] {dag.py:3096} INFO - Sync 1 DAGs
[2024-05-23T19:52:17.156+0000] {logging_mixin.py:188} INFO - [2024-05-23T19:52:17.156+0000] {dag.py:3954} INFO - Setting next_dagrun for example_xcom to 2021-01-01 00:00:00+00:00, run_after=2021-01-01 00:00:00+00:00
[2024-05-23T19:52:17.184+0000] {processor.py:183} INFO - Processing /home/airflow/.local/lib/python3.12/site-packages/airflow/example_dags/example_xcom.py took 0.116 seconds
[2024-05-23T19:52:47.445+0000] {processor.py:161} INFO - Started process (PID=12145) to work on /home/airflow/.local/lib/python3.12/site-packages/airflow/example_dags/example_xcom.py
[2024-05-23T19:52:47.449+0000] {processor.py:830} INFO - Processing file /home/airflow/.local/lib/python3.12/site-packages/airflow/example_dags/example_xcom.py for tasks to queue
[2024-05-23T19:52:47.454+0000] {logging_mixin.py:188} INFO - [2024-05-23T19:52:47.454+0000] {dagbag.py:545} INFO - Filling up the DagBag from /home/airflow/.local/lib/python3.12/site-packages/airflow/example_dags/example_xcom.py
[2024-05-23T19:52:47.465+0000] {processor.py:840} INFO - DAG(s) 'example_xcom' retrieved from /home/airflow/.local/lib/python3.12/site-packages/airflow/example_dags/example_xcom.py
[2024-05-23T19:52:47.496+0000] {logging_mixin.py:188} INFO - [2024-05-23T19:52:47.496+0000] {dag.py:3096} INFO - Sync 1 DAGs
[2024-05-23T19:52:47.528+0000] {logging_mixin.py:188} INFO - [2024-05-23T19:52:47.528+0000] {dag.py:3954} INFO - Setting next_dagrun for example_xcom to 2021-01-01 00:00:00+00:00, run_after=2021-01-01 00:00:00+00:00
[2024-05-23T19:52:47.554+0000] {processor.py:183} INFO - Processing /home/airflow/.local/lib/python3.12/site-packages/airflow/example_dags/example_xcom.py took 0.120 seconds
[2024-05-23T19:53:17.789+0000] {processor.py:161} INFO - Started process (PID=12407) to work on /home/airflow/.local/lib/python3.12/site-packages/airflow/example_dags/example_xcom.py
[2024-05-23T19:53:17.791+0000] {processor.py:830} INFO - Processing file /home/airflow/.local/lib/python3.12/site-packages/airflow/example_dags/example_xcom.py for tasks to queue
[2024-05-23T19:53:17.794+0000] {logging_mixin.py:188} INFO - [2024-05-23T19:53:17.794+0000] {dagbag.py:545} INFO - Filling up the DagBag from /home/airflow/.local/lib/python3.12/site-packages/airflow/example_dags/example_xcom.py
[2024-05-23T19:53:17.805+0000] {processor.py:840} INFO - DAG(s) 'example_xcom' retrieved from /home/airflow/.local/lib/python3.12/site-packages/airflow/example_dags/example_xcom.py
[2024-05-23T19:53:17.835+0000] {logging_mixin.py:188} INFO - [2024-05-23T19:53:17.834+0000] {dag.py:3096} INFO - Sync 1 DAGs
[2024-05-23T19:53:17.866+0000] {logging_mixin.py:188} INFO - [2024-05-23T19:53:17.865+0000] {dag.py:3954} INFO - Setting next_dagrun for example_xcom to 2021-01-01 00:00:00+00:00, run_after=2021-01-01 00:00:00+00:00
[2024-05-23T19:53:17.893+0000] {processor.py:183} INFO - Processing /home/airflow/.local/lib/python3.12/site-packages/airflow/example_dags/example_xcom.py took 0.113 seconds
[2024-05-23T19:53:47.999+0000] {processor.py:161} INFO - Started process (PID=12669) to work on /home/airflow/.local/lib/python3.12/site-packages/airflow/example_dags/example_xcom.py
[2024-05-23T19:53:48.000+0000] {processor.py:830} INFO - Processing file /home/airflow/.local/lib/python3.12/site-packages/airflow/example_dags/example_xcom.py for tasks to queue
[2024-05-23T19:53:48.003+0000] {logging_mixin.py:188} INFO - [2024-05-23T19:53:48.003+0000] {dagbag.py:545} INFO - Filling up the DagBag from /home/airflow/.local/lib/python3.12/site-packages/airflow/example_dags/example_xcom.py
[2024-05-23T19:53:48.015+0000] {processor.py:840} INFO - DAG(s) 'example_xcom' retrieved from /home/airflow/.local/lib/python3.12/site-packages/airflow/example_dags/example_xcom.py
[2024-05-23T19:53:48.049+0000] {logging_mixin.py:188} INFO - [2024-05-23T19:53:48.048+0000] {dag.py:3096} INFO - Sync 1 DAGs
[2024-05-23T19:53:48.080+0000] {logging_mixin.py:188} INFO - [2024-05-23T19:53:48.080+0000] {dag.py:3954} INFO - Setting next_dagrun for example_xcom to 2021-01-01 00:00:00+00:00, run_after=2021-01-01 00:00:00+00:00
[2024-05-23T19:53:48.106+0000] {processor.py:183} INFO - Processing /home/airflow/.local/lib/python3.12/site-packages/airflow/example_dags/example_xcom.py took 0.116 seconds
[2024-05-23T19:54:18.606+0000] {processor.py:161} INFO - Started process (PID=12931) to work on /home/airflow/.local/lib/python3.12/site-packages/airflow/example_dags/example_xcom.py
[2024-05-23T19:54:18.608+0000] {processor.py:830} INFO - Processing file /home/airflow/.local/lib/python3.12/site-packages/airflow/example_dags/example_xcom.py for tasks to queue
[2024-05-23T19:54:18.612+0000] {logging_mixin.py:188} INFO - [2024-05-23T19:54:18.611+0000] {dagbag.py:545} INFO - Filling up the DagBag from /home/airflow/.local/lib/python3.12/site-packages/airflow/example_dags/example_xcom.py
[2024-05-23T19:54:18.623+0000] {processor.py:840} INFO - DAG(s) 'example_xcom' retrieved from /home/airflow/.local/lib/python3.12/site-packages/airflow/example_dags/example_xcom.py
[2024-05-23T19:54:18.653+0000] {logging_mixin.py:188} INFO - [2024-05-23T19:54:18.653+0000] {dag.py:3096} INFO - Sync 1 DAGs
[2024-05-23T19:54:18.684+0000] {logging_mixin.py:188} INFO - [2024-05-23T19:54:18.684+0000] {dag.py:3954} INFO - Setting next_dagrun for example_xcom to 2021-01-01 00:00:00+00:00, run_after=2021-01-01 00:00:00+00:00
[2024-05-23T19:54:18.711+0000] {processor.py:183} INFO - Processing /home/airflow/.local/lib/python3.12/site-packages/airflow/example_dags/example_xcom.py took 0.114 seconds
[2024-05-23T19:54:49.481+0000] {processor.py:161} INFO - Started process (PID=13193) to work on /home/airflow/.local/lib/python3.12/site-packages/airflow/example_dags/example_xcom.py
[2024-05-23T19:54:49.483+0000] {processor.py:830} INFO - Processing file /home/airflow/.local/lib/python3.12/site-packages/airflow/example_dags/example_xcom.py for tasks to queue
[2024-05-23T19:54:49.485+0000] {logging_mixin.py:188} INFO - [2024-05-23T19:54:49.485+0000] {dagbag.py:545} INFO - Filling up the DagBag from /home/airflow/.local/lib/python3.12/site-packages/airflow/example_dags/example_xcom.py
[2024-05-23T19:54:49.496+0000] {processor.py:840} INFO - DAG(s) 'example_xcom' retrieved from /home/airflow/.local/lib/python3.12/site-packages/airflow/example_dags/example_xcom.py
[2024-05-23T19:54:49.523+0000] {logging_mixin.py:188} INFO - [2024-05-23T19:54:49.523+0000] {dag.py:3096} INFO - Sync 1 DAGs
[2024-05-23T19:54:49.552+0000] {logging_mixin.py:188} INFO - [2024-05-23T19:54:49.551+0000] {dag.py:3954} INFO - Setting next_dagrun for example_xcom to 2021-01-01 00:00:00+00:00, run_after=2021-01-01 00:00:00+00:00
[2024-05-23T19:54:49.574+0000] {processor.py:183} INFO - Processing /home/airflow/.local/lib/python3.12/site-packages/airflow/example_dags/example_xcom.py took 0.101 seconds
[2024-05-23T19:55:20.261+0000] {processor.py:161} INFO - Started process (PID=13455) to work on /home/airflow/.local/lib/python3.12/site-packages/airflow/example_dags/example_xcom.py
[2024-05-23T19:55:20.264+0000] {processor.py:830} INFO - Processing file /home/airflow/.local/lib/python3.12/site-packages/airflow/example_dags/example_xcom.py for tasks to queue
[2024-05-23T19:55:20.268+0000] {logging_mixin.py:188} INFO - [2024-05-23T19:55:20.267+0000] {dagbag.py:545} INFO - Filling up the DagBag from /home/airflow/.local/lib/python3.12/site-packages/airflow/example_dags/example_xcom.py
[2024-05-23T19:55:20.289+0000] {processor.py:840} INFO - DAG(s) 'example_xcom' retrieved from /home/airflow/.local/lib/python3.12/site-packages/airflow/example_dags/example_xcom.py
[2024-05-23T19:55:20.344+0000] {logging_mixin.py:188} INFO - [2024-05-23T19:55:20.343+0000] {dag.py:3096} INFO - Sync 1 DAGs
[2024-05-23T19:55:20.389+0000] {logging_mixin.py:188} INFO - [2024-05-23T19:55:20.388+0000] {dag.py:3954} INFO - Setting next_dagrun for example_xcom to 2021-01-01 00:00:00+00:00, run_after=2021-01-01 00:00:00+00:00
[2024-05-23T19:55:20.419+0000] {processor.py:183} INFO - Processing /home/airflow/.local/lib/python3.12/site-packages/airflow/example_dags/example_xcom.py took 0.178 seconds
[2024-05-23T19:55:50.868+0000] {processor.py:161} INFO - Started process (PID=13717) to work on /home/airflow/.local/lib/python3.12/site-packages/airflow/example_dags/example_xcom.py
[2024-05-23T19:55:50.869+0000] {processor.py:830} INFO - Processing file /home/airflow/.local/lib/python3.12/site-packages/airflow/example_dags/example_xcom.py for tasks to queue
[2024-05-23T19:55:50.872+0000] {logging_mixin.py:188} INFO - [2024-05-23T19:55:50.872+0000] {dagbag.py:545} INFO - Filling up the DagBag from /home/airflow/.local/lib/python3.12/site-packages/airflow/example_dags/example_xcom.py
[2024-05-23T19:55:50.884+0000] {processor.py:840} INFO - DAG(s) 'example_xcom' retrieved from /home/airflow/.local/lib/python3.12/site-packages/airflow/example_dags/example_xcom.py
[2024-05-23T19:55:50.916+0000] {logging_mixin.py:188} INFO - [2024-05-23T19:55:50.916+0000] {dag.py:3096} INFO - Sync 1 DAGs
[2024-05-23T19:55:50.950+0000] {logging_mixin.py:188} INFO - [2024-05-23T19:55:50.950+0000] {dag.py:3954} INFO - Setting next_dagrun for example_xcom to 2021-01-01 00:00:00+00:00, run_after=2021-01-01 00:00:00+00:00
[2024-05-23T19:55:50.979+0000] {processor.py:183} INFO - Processing /home/airflow/.local/lib/python3.12/site-packages/airflow/example_dags/example_xcom.py took 0.121 seconds
[2024-05-23T19:56:21.123+0000] {processor.py:161} INFO - Started process (PID=13981) to work on /home/airflow/.local/lib/python3.12/site-packages/airflow/example_dags/example_xcom.py
[2024-05-23T19:56:21.124+0000] {processor.py:830} INFO - Processing file /home/airflow/.local/lib/python3.12/site-packages/airflow/example_dags/example_xcom.py for tasks to queue
[2024-05-23T19:56:21.126+0000] {logging_mixin.py:188} INFO - [2024-05-23T19:56:21.126+0000] {dagbag.py:545} INFO - Filling up the DagBag from /home/airflow/.local/lib/python3.12/site-packages/airflow/example_dags/example_xcom.py
[2024-05-23T19:56:21.136+0000] {processor.py:840} INFO - DAG(s) 'example_xcom' retrieved from /home/airflow/.local/lib/python3.12/site-packages/airflow/example_dags/example_xcom.py
[2024-05-23T19:56:21.165+0000] {logging_mixin.py:188} INFO - [2024-05-23T19:56:21.164+0000] {dag.py:3096} INFO - Sync 1 DAGs
[2024-05-23T19:56:21.192+0000] {logging_mixin.py:188} INFO - [2024-05-23T19:56:21.192+0000] {dag.py:3954} INFO - Setting next_dagrun for example_xcom to 2021-01-01 00:00:00+00:00, run_after=2021-01-01 00:00:00+00:00
[2024-05-23T19:56:21.219+0000] {processor.py:183} INFO - Processing /home/airflow/.local/lib/python3.12/site-packages/airflow/example_dags/example_xcom.py took 0.104 seconds
[2024-05-23T19:56:51.874+0000] {processor.py:161} INFO - Started process (PID=14241) to work on /home/airflow/.local/lib/python3.12/site-packages/airflow/example_dags/example_xcom.py
[2024-05-23T19:56:51.875+0000] {processor.py:830} INFO - Processing file /home/airflow/.local/lib/python3.12/site-packages/airflow/example_dags/example_xcom.py for tasks to queue
[2024-05-23T19:56:51.880+0000] {logging_mixin.py:188} INFO - [2024-05-23T19:56:51.879+0000] {dagbag.py:545} INFO - Filling up the DagBag from /home/airflow/.local/lib/python3.12/site-packages/airflow/example_dags/example_xcom.py
[2024-05-23T19:56:51.900+0000] {processor.py:840} INFO - DAG(s) 'example_xcom' retrieved from /home/airflow/.local/lib/python3.12/site-packages/airflow/example_dags/example_xcom.py
[2024-05-23T19:56:51.937+0000] {logging_mixin.py:188} INFO - [2024-05-23T19:56:51.936+0000] {dag.py:3096} INFO - Sync 1 DAGs
[2024-05-23T19:56:51.969+0000] {logging_mixin.py:188} INFO - [2024-05-23T19:56:51.968+0000] {dag.py:3954} INFO - Setting next_dagrun for example_xcom to 2021-01-01 00:00:00+00:00, run_after=2021-01-01 00:00:00+00:00
[2024-05-23T19:56:51.994+0000] {processor.py:183} INFO - Processing /home/airflow/.local/lib/python3.12/site-packages/airflow/example_dags/example_xcom.py took 0.129 seconds
[2024-05-23T19:57:22.435+0000] {processor.py:161} INFO - Started process (PID=14503) to work on /home/airflow/.local/lib/python3.12/site-packages/airflow/example_dags/example_xcom.py
[2024-05-23T19:57:22.437+0000] {processor.py:830} INFO - Processing file /home/airflow/.local/lib/python3.12/site-packages/airflow/example_dags/example_xcom.py for tasks to queue
[2024-05-23T19:57:22.440+0000] {logging_mixin.py:188} INFO - [2024-05-23T19:57:22.440+0000] {dagbag.py:545} INFO - Filling up the DagBag from /home/airflow/.local/lib/python3.12/site-packages/airflow/example_dags/example_xcom.py
[2024-05-23T19:57:22.453+0000] {processor.py:840} INFO - DAG(s) 'example_xcom' retrieved from /home/airflow/.local/lib/python3.12/site-packages/airflow/example_dags/example_xcom.py
[2024-05-23T19:57:22.481+0000] {logging_mixin.py:188} INFO - [2024-05-23T19:57:22.480+0000] {dag.py:3096} INFO - Sync 1 DAGs
[2024-05-23T19:57:22.514+0000] {logging_mixin.py:188} INFO - [2024-05-23T19:57:22.513+0000] {dag.py:3954} INFO - Setting next_dagrun for example_xcom to 2021-01-01 00:00:00+00:00, run_after=2021-01-01 00:00:00+00:00
[2024-05-23T19:57:22.538+0000] {processor.py:183} INFO - Processing /home/airflow/.local/lib/python3.12/site-packages/airflow/example_dags/example_xcom.py took 0.111 seconds
[2024-05-23T19:58:11.761+0000] {processor.py:161} INFO - Started process (PID=14770) to work on /home/airflow/.local/lib/python3.12/site-packages/airflow/example_dags/example_xcom.py
[2024-05-23T19:58:11.763+0000] {processor.py:830} INFO - Processing file /home/airflow/.local/lib/python3.12/site-packages/airflow/example_dags/example_xcom.py for tasks to queue
[2024-05-23T19:58:11.767+0000] {logging_mixin.py:188} INFO - [2024-05-23T19:58:11.767+0000] {dagbag.py:545} INFO - Filling up the DagBag from /home/airflow/.local/lib/python3.12/site-packages/airflow/example_dags/example_xcom.py
[2024-05-23T19:58:11.780+0000] {processor.py:840} INFO - DAG(s) 'example_xcom' retrieved from /home/airflow/.local/lib/python3.12/site-packages/airflow/example_dags/example_xcom.py
[2024-05-23T19:58:11.818+0000] {logging_mixin.py:188} INFO - [2024-05-23T19:58:11.818+0000] {dag.py:3096} INFO - Sync 1 DAGs
[2024-05-23T19:58:11.866+0000] {logging_mixin.py:188} INFO - [2024-05-23T19:58:11.865+0000] {dag.py:3954} INFO - Setting next_dagrun for example_xcom to 2021-01-01 00:00:00+00:00, run_after=2021-01-01 00:00:00+00:00
[2024-05-23T19:58:11.895+0000] {processor.py:183} INFO - Processing /home/airflow/.local/lib/python3.12/site-packages/airflow/example_dags/example_xcom.py took 0.148 seconds
[2024-05-23T20:03:43.958+0000] {processor.py:161} INFO - Started process (PID=15103) to work on /home/airflow/.local/lib/python3.12/site-packages/airflow/example_dags/example_xcom.py
[2024-05-23T20:03:43.960+0000] {processor.py:830} INFO - Processing file /home/airflow/.local/lib/python3.12/site-packages/airflow/example_dags/example_xcom.py for tasks to queue
[2024-05-23T20:03:43.962+0000] {logging_mixin.py:188} INFO - [2024-05-23T20:03:43.961+0000] {dagbag.py:545} INFO - Filling up the DagBag from /home/airflow/.local/lib/python3.12/site-packages/airflow/example_dags/example_xcom.py
[2024-05-23T20:03:43.972+0000] {processor.py:840} INFO - DAG(s) 'example_xcom' retrieved from /home/airflow/.local/lib/python3.12/site-packages/airflow/example_dags/example_xcom.py
[2024-05-23T20:03:44.006+0000] {logging_mixin.py:188} INFO - [2024-05-23T20:03:44.005+0000] {dag.py:3096} INFO - Sync 1 DAGs
[2024-05-23T20:03:44.035+0000] {logging_mixin.py:188} INFO - [2024-05-23T20:03:44.035+0000] {dag.py:3954} INFO - Setting next_dagrun for example_xcom to 2021-01-01 00:00:00+00:00, run_after=2021-01-01 00:00:00+00:00
[2024-05-23T20:03:44.060+0000] {processor.py:183} INFO - Processing /home/airflow/.local/lib/python3.12/site-packages/airflow/example_dags/example_xcom.py took 0.110 seconds
[2024-05-23T20:04:22.397+0000] {processor.py:161} INFO - Started process (PID=15365) to work on /home/airflow/.local/lib/python3.12/site-packages/airflow/example_dags/example_xcom.py
[2024-05-23T20:04:22.403+0000] {processor.py:830} INFO - Processing file /home/airflow/.local/lib/python3.12/site-packages/airflow/example_dags/example_xcom.py for tasks to queue
[2024-05-23T20:04:22.408+0000] {logging_mixin.py:188} INFO - [2024-05-23T20:04:22.406+0000] {dagbag.py:545} INFO - Filling up the DagBag from /home/airflow/.local/lib/python3.12/site-packages/airflow/example_dags/example_xcom.py
[2024-05-23T20:04:22.446+0000] {processor.py:840} INFO - DAG(s) 'example_xcom' retrieved from /home/airflow/.local/lib/python3.12/site-packages/airflow/example_dags/example_xcom.py
[2024-05-23T20:04:22.561+0000] {logging_mixin.py:188} INFO - [2024-05-23T20:04:22.560+0000] {dag.py:3096} INFO - Sync 1 DAGs
[2024-05-23T20:04:22.692+0000] {logging_mixin.py:188} INFO - [2024-05-23T20:04:22.690+0000] {dag.py:3954} INFO - Setting next_dagrun for example_xcom to 2021-01-01 00:00:00+00:00, run_after=2021-01-01 00:00:00+00:00
[2024-05-23T20:04:22.798+0000] {processor.py:183} INFO - Processing /home/airflow/.local/lib/python3.12/site-packages/airflow/example_dags/example_xcom.py took 0.437 seconds
[2024-05-23T20:08:15.100+0000] {processor.py:161} INFO - Started process (PID=15628) to work on /home/airflow/.local/lib/python3.12/site-packages/airflow/example_dags/example_xcom.py
[2024-05-23T20:08:15.101+0000] {processor.py:830} INFO - Processing file /home/airflow/.local/lib/python3.12/site-packages/airflow/example_dags/example_xcom.py for tasks to queue
[2024-05-23T20:08:15.103+0000] {logging_mixin.py:188} INFO - [2024-05-23T20:08:15.102+0000] {dagbag.py:545} INFO - Filling up the DagBag from /home/airflow/.local/lib/python3.12/site-packages/airflow/example_dags/example_xcom.py
[2024-05-23T20:08:15.114+0000] {processor.py:840} INFO - DAG(s) 'example_xcom' retrieved from /home/airflow/.local/lib/python3.12/site-packages/airflow/example_dags/example_xcom.py
[2024-05-23T20:08:15.147+0000] {logging_mixin.py:188} INFO - [2024-05-23T20:08:15.146+0000] {dag.py:3096} INFO - Sync 1 DAGs
[2024-05-23T20:08:15.174+0000] {logging_mixin.py:188} INFO - [2024-05-23T20:08:15.173+0000] {dag.py:3954} INFO - Setting next_dagrun for example_xcom to 2021-01-01 00:00:00+00:00, run_after=2021-01-01 00:00:00+00:00
[2024-05-23T20:08:15.198+0000] {processor.py:183} INFO - Processing /home/airflow/.local/lib/python3.12/site-packages/airflow/example_dags/example_xcom.py took 0.108 seconds
[2024-05-23T20:08:45.503+0000] {processor.py:161} INFO - Started process (PID=15890) to work on /home/airflow/.local/lib/python3.12/site-packages/airflow/example_dags/example_xcom.py
[2024-05-23T20:08:45.504+0000] {processor.py:830} INFO - Processing file /home/airflow/.local/lib/python3.12/site-packages/airflow/example_dags/example_xcom.py for tasks to queue
[2024-05-23T20:08:45.506+0000] {logging_mixin.py:188} INFO - [2024-05-23T20:08:45.505+0000] {dagbag.py:545} INFO - Filling up the DagBag from /home/airflow/.local/lib/python3.12/site-packages/airflow/example_dags/example_xcom.py
[2024-05-23T20:08:45.517+0000] {processor.py:840} INFO - DAG(s) 'example_xcom' retrieved from /home/airflow/.local/lib/python3.12/site-packages/airflow/example_dags/example_xcom.py
[2024-05-23T20:08:45.548+0000] {logging_mixin.py:188} INFO - [2024-05-23T20:08:45.548+0000] {dag.py:3096} INFO - Sync 1 DAGs
[2024-05-23T20:08:45.575+0000] {logging_mixin.py:188} INFO - [2024-05-23T20:08:45.575+0000] {dag.py:3954} INFO - Setting next_dagrun for example_xcom to 2021-01-01 00:00:00+00:00, run_after=2021-01-01 00:00:00+00:00
[2024-05-23T20:08:45.600+0000] {processor.py:183} INFO - Processing /home/airflow/.local/lib/python3.12/site-packages/airflow/example_dags/example_xcom.py took 0.107 seconds
[2024-05-23T20:09:15.849+0000] {processor.py:161} INFO - Started process (PID=16152) to work on /home/airflow/.local/lib/python3.12/site-packages/airflow/example_dags/example_xcom.py
[2024-05-23T20:09:15.851+0000] {processor.py:830} INFO - Processing file /home/airflow/.local/lib/python3.12/site-packages/airflow/example_dags/example_xcom.py for tasks to queue
[2024-05-23T20:09:15.852+0000] {logging_mixin.py:188} INFO - [2024-05-23T20:09:15.852+0000] {dagbag.py:545} INFO - Filling up the DagBag from /home/airflow/.local/lib/python3.12/site-packages/airflow/example_dags/example_xcom.py
[2024-05-23T20:09:15.862+0000] {processor.py:840} INFO - DAG(s) 'example_xcom' retrieved from /home/airflow/.local/lib/python3.12/site-packages/airflow/example_dags/example_xcom.py
[2024-05-23T20:09:15.892+0000] {logging_mixin.py:188} INFO - [2024-05-23T20:09:15.891+0000] {dag.py:3096} INFO - Sync 1 DAGs
[2024-05-23T20:09:15.920+0000] {logging_mixin.py:188} INFO - [2024-05-23T20:09:15.920+0000] {dag.py:3954} INFO - Setting next_dagrun for example_xcom to 2021-01-01 00:00:00+00:00, run_after=2021-01-01 00:00:00+00:00
[2024-05-23T20:09:15.946+0000] {processor.py:183} INFO - Processing /home/airflow/.local/lib/python3.12/site-packages/airflow/example_dags/example_xcom.py took 0.106 seconds
[2024-05-23T20:09:46.142+0000] {processor.py:161} INFO - Started process (PID=16414) to work on /home/airflow/.local/lib/python3.12/site-packages/airflow/example_dags/example_xcom.py
[2024-05-23T20:09:46.144+0000] {processor.py:830} INFO - Processing file /home/airflow/.local/lib/python3.12/site-packages/airflow/example_dags/example_xcom.py for tasks to queue
[2024-05-23T20:09:46.146+0000] {logging_mixin.py:188} INFO - [2024-05-23T20:09:46.145+0000] {dagbag.py:545} INFO - Filling up the DagBag from /home/airflow/.local/lib/python3.12/site-packages/airflow/example_dags/example_xcom.py
[2024-05-23T20:09:46.156+0000] {processor.py:840} INFO - DAG(s) 'example_xcom' retrieved from /home/airflow/.local/lib/python3.12/site-packages/airflow/example_dags/example_xcom.py
[2024-05-23T20:09:46.187+0000] {logging_mixin.py:188} INFO - [2024-05-23T20:09:46.187+0000] {dag.py:3096} INFO - Sync 1 DAGs
[2024-05-23T20:09:46.216+0000] {logging_mixin.py:188} INFO - [2024-05-23T20:09:46.216+0000] {dag.py:3954} INFO - Setting next_dagrun for example_xcom to 2021-01-01 00:00:00+00:00, run_after=2021-01-01 00:00:00+00:00
[2024-05-23T20:09:46.241+0000] {processor.py:183} INFO - Processing /home/airflow/.local/lib/python3.12/site-packages/airflow/example_dags/example_xcom.py took 0.108 seconds
[2024-05-23T20:10:16.619+0000] {processor.py:161} INFO - Started process (PID=16676) to work on /home/airflow/.local/lib/python3.12/site-packages/airflow/example_dags/example_xcom.py
[2024-05-23T20:10:16.620+0000] {processor.py:830} INFO - Processing file /home/airflow/.local/lib/python3.12/site-packages/airflow/example_dags/example_xcom.py for tasks to queue
[2024-05-23T20:10:16.622+0000] {logging_mixin.py:188} INFO - [2024-05-23T20:10:16.621+0000] {dagbag.py:545} INFO - Filling up the DagBag from /home/airflow/.local/lib/python3.12/site-packages/airflow/example_dags/example_xcom.py
[2024-05-23T20:10:16.632+0000] {processor.py:840} INFO - DAG(s) 'example_xcom' retrieved from /home/airflow/.local/lib/python3.12/site-packages/airflow/example_dags/example_xcom.py
[2024-05-23T20:10:16.664+0000] {logging_mixin.py:188} INFO - [2024-05-23T20:10:16.664+0000] {dag.py:3096} INFO - Sync 1 DAGs
[2024-05-23T20:10:16.692+0000] {logging_mixin.py:188} INFO - [2024-05-23T20:10:16.692+0000] {dag.py:3954} INFO - Setting next_dagrun for example_xcom to 2021-01-01 00:00:00+00:00, run_after=2021-01-01 00:00:00+00:00
[2024-05-23T20:10:16.718+0000] {processor.py:183} INFO - Processing /home/airflow/.local/lib/python3.12/site-packages/airflow/example_dags/example_xcom.py took 0.108 seconds
[2024-05-23T20:10:46.891+0000] {processor.py:161} INFO - Started process (PID=16938) to work on /home/airflow/.local/lib/python3.12/site-packages/airflow/example_dags/example_xcom.py
[2024-05-23T20:10:46.893+0000] {processor.py:830} INFO - Processing file /home/airflow/.local/lib/python3.12/site-packages/airflow/example_dags/example_xcom.py for tasks to queue
[2024-05-23T20:10:46.894+0000] {logging_mixin.py:188} INFO - [2024-05-23T20:10:46.894+0000] {dagbag.py:545} INFO - Filling up the DagBag from /home/airflow/.local/lib/python3.12/site-packages/airflow/example_dags/example_xcom.py
[2024-05-23T20:10:46.904+0000] {processor.py:840} INFO - DAG(s) 'example_xcom' retrieved from /home/airflow/.local/lib/python3.12/site-packages/airflow/example_dags/example_xcom.py
[2024-05-23T20:10:46.934+0000] {logging_mixin.py:188} INFO - [2024-05-23T20:10:46.934+0000] {dag.py:3096} INFO - Sync 1 DAGs
[2024-05-23T20:10:46.963+0000] {logging_mixin.py:188} INFO - [2024-05-23T20:10:46.963+0000] {dag.py:3954} INFO - Setting next_dagrun for example_xcom to 2021-01-01 00:00:00+00:00, run_after=2021-01-01 00:00:00+00:00
[2024-05-23T20:10:46.989+0000] {processor.py:183} INFO - Processing /home/airflow/.local/lib/python3.12/site-packages/airflow/example_dags/example_xcom.py took 0.107 seconds
[2024-05-23T20:11:17.945+0000] {processor.py:161} INFO - Started process (PID=17199) to work on /home/airflow/.local/lib/python3.12/site-packages/airflow/example_dags/example_xcom.py
[2024-05-23T20:11:17.947+0000] {processor.py:830} INFO - Processing file /home/airflow/.local/lib/python3.12/site-packages/airflow/example_dags/example_xcom.py for tasks to queue
[2024-05-23T20:11:17.948+0000] {logging_mixin.py:188} INFO - [2024-05-23T20:11:17.947+0000] {dagbag.py:545} INFO - Filling up the DagBag from /home/airflow/.local/lib/python3.12/site-packages/airflow/example_dags/example_xcom.py
[2024-05-23T20:11:17.957+0000] {processor.py:840} INFO - DAG(s) 'example_xcom' retrieved from /home/airflow/.local/lib/python3.12/site-packages/airflow/example_dags/example_xcom.py
[2024-05-23T20:11:17.984+0000] {logging_mixin.py:188} INFO - [2024-05-23T20:11:17.984+0000] {dag.py:3096} INFO - Sync 1 DAGs
[2024-05-23T20:11:18.008+0000] {logging_mixin.py:188} INFO - [2024-05-23T20:11:18.008+0000] {dag.py:3954} INFO - Setting next_dagrun for example_xcom to 2021-01-01 00:00:00+00:00, run_after=2021-01-01 00:00:00+00:00
[2024-05-23T20:11:18.030+0000] {processor.py:183} INFO - Processing /home/airflow/.local/lib/python3.12/site-packages/airflow/example_dags/example_xcom.py took 0.093 seconds
[2024-05-23T20:11:49.172+0000] {processor.py:161} INFO - Started process (PID=17463) to work on /home/airflow/.local/lib/python3.12/site-packages/airflow/example_dags/example_xcom.py
[2024-05-23T20:11:49.173+0000] {processor.py:830} INFO - Processing file /home/airflow/.local/lib/python3.12/site-packages/airflow/example_dags/example_xcom.py for tasks to queue
[2024-05-23T20:11:49.175+0000] {logging_mixin.py:188} INFO - [2024-05-23T20:11:49.174+0000] {dagbag.py:545} INFO - Filling up the DagBag from /home/airflow/.local/lib/python3.12/site-packages/airflow/example_dags/example_xcom.py
[2024-05-23T20:11:49.184+0000] {processor.py:840} INFO - DAG(s) 'example_xcom' retrieved from /home/airflow/.local/lib/python3.12/site-packages/airflow/example_dags/example_xcom.py
[2024-05-23T20:11:49.208+0000] {logging_mixin.py:188} INFO - [2024-05-23T20:11:49.207+0000] {dag.py:3096} INFO - Sync 1 DAGs
[2024-05-23T20:11:49.230+0000] {logging_mixin.py:188} INFO - [2024-05-23T20:11:49.230+0000] {dag.py:3954} INFO - Setting next_dagrun for example_xcom to 2021-01-01 00:00:00+00:00, run_after=2021-01-01 00:00:00+00:00
[2024-05-23T20:11:49.248+0000] {processor.py:183} INFO - Processing /home/airflow/.local/lib/python3.12/site-packages/airflow/example_dags/example_xcom.py took 0.084 seconds
[2024-05-23T20:12:20.238+0000] {processor.py:161} INFO - Started process (PID=17725) to work on /home/airflow/.local/lib/python3.12/site-packages/airflow/example_dags/example_xcom.py
[2024-05-23T20:12:20.240+0000] {processor.py:830} INFO - Processing file /home/airflow/.local/lib/python3.12/site-packages/airflow/example_dags/example_xcom.py for tasks to queue
[2024-05-23T20:12:20.241+0000] {logging_mixin.py:188} INFO - [2024-05-23T20:12:20.241+0000] {dagbag.py:545} INFO - Filling up the DagBag from /home/airflow/.local/lib/python3.12/site-packages/airflow/example_dags/example_xcom.py
[2024-05-23T20:12:20.251+0000] {processor.py:840} INFO - DAG(s) 'example_xcom' retrieved from /home/airflow/.local/lib/python3.12/site-packages/airflow/example_dags/example_xcom.py
[2024-05-23T20:12:20.283+0000] {logging_mixin.py:188} INFO - [2024-05-23T20:12:20.283+0000] {dag.py:3096} INFO - Sync 1 DAGs
[2024-05-23T20:12:20.311+0000] {logging_mixin.py:188} INFO - [2024-05-23T20:12:20.311+0000] {dag.py:3954} INFO - Setting next_dagrun for example_xcom to 2021-01-01 00:00:00+00:00, run_after=2021-01-01 00:00:00+00:00
[2024-05-23T20:12:20.340+0000] {processor.py:183} INFO - Processing /home/airflow/.local/lib/python3.12/site-packages/airflow/example_dags/example_xcom.py took 0.111 seconds
[2024-05-23T20:12:50.685+0000] {processor.py:161} INFO - Started process (PID=17987) to work on /home/airflow/.local/lib/python3.12/site-packages/airflow/example_dags/example_xcom.py
[2024-05-23T20:12:50.686+0000] {processor.py:830} INFO - Processing file /home/airflow/.local/lib/python3.12/site-packages/airflow/example_dags/example_xcom.py for tasks to queue
[2024-05-23T20:12:50.688+0000] {logging_mixin.py:188} INFO - [2024-05-23T20:12:50.687+0000] {dagbag.py:545} INFO - Filling up the DagBag from /home/airflow/.local/lib/python3.12/site-packages/airflow/example_dags/example_xcom.py
[2024-05-23T20:12:50.698+0000] {processor.py:840} INFO - DAG(s) 'example_xcom' retrieved from /home/airflow/.local/lib/python3.12/site-packages/airflow/example_dags/example_xcom.py
[2024-05-23T20:12:50.733+0000] {logging_mixin.py:188} INFO - [2024-05-23T20:12:50.733+0000] {dag.py:3096} INFO - Sync 1 DAGs
[2024-05-23T20:12:50.763+0000] {logging_mixin.py:188} INFO - [2024-05-23T20:12:50.763+0000] {dag.py:3954} INFO - Setting next_dagrun for example_xcom to 2021-01-01 00:00:00+00:00, run_after=2021-01-01 00:00:00+00:00
[2024-05-23T20:12:50.791+0000] {processor.py:183} INFO - Processing /home/airflow/.local/lib/python3.12/site-packages/airflow/example_dags/example_xcom.py took 0.114 seconds
[2024-05-23T20:13:21.127+0000] {processor.py:161} INFO - Started process (PID=18249) to work on /home/airflow/.local/lib/python3.12/site-packages/airflow/example_dags/example_xcom.py
[2024-05-23T20:13:21.128+0000] {processor.py:830} INFO - Processing file /home/airflow/.local/lib/python3.12/site-packages/airflow/example_dags/example_xcom.py for tasks to queue
[2024-05-23T20:13:21.130+0000] {logging_mixin.py:188} INFO - [2024-05-23T20:13:21.129+0000] {dagbag.py:545} INFO - Filling up the DagBag from /home/airflow/.local/lib/python3.12/site-packages/airflow/example_dags/example_xcom.py
[2024-05-23T20:13:21.140+0000] {processor.py:840} INFO - DAG(s) 'example_xcom' retrieved from /home/airflow/.local/lib/python3.12/site-packages/airflow/example_dags/example_xcom.py
[2024-05-23T20:13:21.172+0000] {logging_mixin.py:188} INFO - [2024-05-23T20:13:21.172+0000] {dag.py:3096} INFO - Sync 1 DAGs
[2024-05-23T20:13:21.200+0000] {logging_mixin.py:188} INFO - [2024-05-23T20:13:21.200+0000] {dag.py:3954} INFO - Setting next_dagrun for example_xcom to 2021-01-01 00:00:00+00:00, run_after=2021-01-01 00:00:00+00:00
[2024-05-23T20:13:21.224+0000] {processor.py:183} INFO - Processing /home/airflow/.local/lib/python3.12/site-packages/airflow/example_dags/example_xcom.py took 0.109 seconds
