[2024-05-23T19:29:57.611+0000] {processor.py:161} INFO - Started process (PID=397) to work on /home/airflow/.local/lib/python3.12/site-packages/airflow/example_dags/example_branch_day_of_week_operator.py
[2024-05-23T19:29:57.613+0000] {processor.py:830} INFO - Processing file /home/airflow/.local/lib/python3.12/site-packages/airflow/example_dags/example_branch_day_of_week_operator.py for tasks to queue
[2024-05-23T19:29:57.616+0000] {logging_mixin.py:188} INFO - [2024-05-23T19:29:57.616+0000] {dagbag.py:545} INFO - Filling up the DagBag from /home/airflow/.local/lib/python3.12/site-packages/airflow/example_dags/example_branch_day_of_week_operator.py
[2024-05-23T19:29:57.630+0000] {processor.py:840} INFO - DAG(s) 'example_weekday_branch_operator' retrieved from /home/airflow/.local/lib/python3.12/site-packages/airflow/example_dags/example_branch_day_of_week_operator.py
[2024-05-23T19:29:57.808+0000] {logging_mixin.py:188} INFO - [2024-05-23T19:29:57.807+0000] {dag.py:3096} INFO - Sync 1 DAGs
[2024-05-23T19:29:57.853+0000] {logging_mixin.py:188} INFO - [2024-05-23T19:29:57.853+0000] {dag.py:3954} INFO - Setting next_dagrun for example_weekday_branch_operator to 2024-05-22 00:00:00+00:00, run_after=2024-05-23 00:00:00+00:00
[2024-05-23T19:29:57.915+0000] {processor.py:183} INFO - Processing /home/airflow/.local/lib/python3.12/site-packages/airflow/example_dags/example_branch_day_of_week_operator.py took 0.314 seconds
[2024-05-23T19:30:28.524+0000] {processor.py:161} INFO - Started process (PID=659) to work on /home/airflow/.local/lib/python3.12/site-packages/airflow/example_dags/example_branch_day_of_week_operator.py
[2024-05-23T19:30:28.528+0000] {processor.py:830} INFO - Processing file /home/airflow/.local/lib/python3.12/site-packages/airflow/example_dags/example_branch_day_of_week_operator.py for tasks to queue
[2024-05-23T19:30:28.531+0000] {logging_mixin.py:188} INFO - [2024-05-23T19:30:28.530+0000] {dagbag.py:545} INFO - Filling up the DagBag from /home/airflow/.local/lib/python3.12/site-packages/airflow/example_dags/example_branch_day_of_week_operator.py
[2024-05-23T19:30:28.551+0000] {processor.py:840} INFO - DAG(s) 'example_weekday_branch_operator' retrieved from /home/airflow/.local/lib/python3.12/site-packages/airflow/example_dags/example_branch_day_of_week_operator.py
[2024-05-23T19:30:28.592+0000] {logging_mixin.py:188} INFO - [2024-05-23T19:30:28.591+0000] {dag.py:3096} INFO - Sync 1 DAGs
[2024-05-23T19:30:28.638+0000] {logging_mixin.py:188} INFO - [2024-05-23T19:30:28.638+0000] {dag.py:3954} INFO - Setting next_dagrun for example_weekday_branch_operator to 2024-05-22 00:00:00+00:00, run_after=2024-05-23 00:00:00+00:00
[2024-05-23T19:30:28.667+0000] {processor.py:183} INFO - Processing /home/airflow/.local/lib/python3.12/site-packages/airflow/example_dags/example_branch_day_of_week_operator.py took 0.153 seconds
[2024-05-23T19:30:59.188+0000] {processor.py:161} INFO - Started process (PID=921) to work on /home/airflow/.local/lib/python3.12/site-packages/airflow/example_dags/example_branch_day_of_week_operator.py
[2024-05-23T19:30:59.192+0000] {processor.py:830} INFO - Processing file /home/airflow/.local/lib/python3.12/site-packages/airflow/example_dags/example_branch_day_of_week_operator.py for tasks to queue
[2024-05-23T19:30:59.195+0000] {logging_mixin.py:188} INFO - [2024-05-23T19:30:59.194+0000] {dagbag.py:545} INFO - Filling up the DagBag from /home/airflow/.local/lib/python3.12/site-packages/airflow/example_dags/example_branch_day_of_week_operator.py
[2024-05-23T19:30:59.207+0000] {processor.py:840} INFO - DAG(s) 'example_weekday_branch_operator' retrieved from /home/airflow/.local/lib/python3.12/site-packages/airflow/example_dags/example_branch_day_of_week_operator.py
[2024-05-23T19:30:59.241+0000] {logging_mixin.py:188} INFO - [2024-05-23T19:30:59.240+0000] {dag.py:3096} INFO - Sync 1 DAGs
[2024-05-23T19:30:59.284+0000] {logging_mixin.py:188} INFO - [2024-05-23T19:30:59.283+0000] {dag.py:3954} INFO - Setting next_dagrun for example_weekday_branch_operator to 2024-05-22 00:00:00+00:00, run_after=2024-05-23 00:00:00+00:00
[2024-05-23T19:30:59.338+0000] {processor.py:183} INFO - Processing /home/airflow/.local/lib/python3.12/site-packages/airflow/example_dags/example_branch_day_of_week_operator.py took 0.160 seconds
[2024-05-23T19:31:30.128+0000] {processor.py:161} INFO - Started process (PID=1183) to work on /home/airflow/.local/lib/python3.12/site-packages/airflow/example_dags/example_branch_day_of_week_operator.py
[2024-05-23T19:31:30.130+0000] {processor.py:830} INFO - Processing file /home/airflow/.local/lib/python3.12/site-packages/airflow/example_dags/example_branch_day_of_week_operator.py for tasks to queue
[2024-05-23T19:31:30.133+0000] {logging_mixin.py:188} INFO - [2024-05-23T19:31:30.132+0000] {dagbag.py:545} INFO - Filling up the DagBag from /home/airflow/.local/lib/python3.12/site-packages/airflow/example_dags/example_branch_day_of_week_operator.py
[2024-05-23T19:31:30.145+0000] {processor.py:840} INFO - DAG(s) 'example_weekday_branch_operator' retrieved from /home/airflow/.local/lib/python3.12/site-packages/airflow/example_dags/example_branch_day_of_week_operator.py
[2024-05-23T19:31:30.179+0000] {logging_mixin.py:188} INFO - [2024-05-23T19:31:30.178+0000] {dag.py:3096} INFO - Sync 1 DAGs
[2024-05-23T19:31:30.215+0000] {logging_mixin.py:188} INFO - [2024-05-23T19:31:30.215+0000] {dag.py:3954} INFO - Setting next_dagrun for example_weekday_branch_operator to 2024-05-22 00:00:00+00:00, run_after=2024-05-23 00:00:00+00:00
[2024-05-23T19:31:30.244+0000] {processor.py:183} INFO - Processing /home/airflow/.local/lib/python3.12/site-packages/airflow/example_dags/example_branch_day_of_week_operator.py took 0.126 seconds
[2024-05-23T19:32:00.419+0000] {processor.py:161} INFO - Started process (PID=1440) to work on /home/airflow/.local/lib/python3.12/site-packages/airflow/example_dags/example_branch_day_of_week_operator.py
[2024-05-23T19:32:00.420+0000] {processor.py:830} INFO - Processing file /home/airflow/.local/lib/python3.12/site-packages/airflow/example_dags/example_branch_day_of_week_operator.py for tasks to queue
[2024-05-23T19:32:00.423+0000] {logging_mixin.py:188} INFO - [2024-05-23T19:32:00.423+0000] {dagbag.py:545} INFO - Filling up the DagBag from /home/airflow/.local/lib/python3.12/site-packages/airflow/example_dags/example_branch_day_of_week_operator.py
[2024-05-23T19:32:00.438+0000] {processor.py:840} INFO - DAG(s) 'example_weekday_branch_operator' retrieved from /home/airflow/.local/lib/python3.12/site-packages/airflow/example_dags/example_branch_day_of_week_operator.py
[2024-05-23T19:32:00.470+0000] {logging_mixin.py:188} INFO - [2024-05-23T19:32:00.470+0000] {dag.py:3096} INFO - Sync 1 DAGs
[2024-05-23T19:32:00.506+0000] {logging_mixin.py:188} INFO - [2024-05-23T19:32:00.505+0000] {dag.py:3954} INFO - Setting next_dagrun for example_weekday_branch_operator to 2024-05-22 00:00:00+00:00, run_after=2024-05-23 00:00:00+00:00
[2024-05-23T19:32:00.532+0000] {processor.py:183} INFO - Processing /home/airflow/.local/lib/python3.12/site-packages/airflow/example_dags/example_branch_day_of_week_operator.py took 0.123 seconds
[2024-05-23T19:32:31.081+0000] {processor.py:161} INFO - Started process (PID=1707) to work on /home/airflow/.local/lib/python3.12/site-packages/airflow/example_dags/example_branch_day_of_week_operator.py
[2024-05-23T19:32:31.082+0000] {processor.py:830} INFO - Processing file /home/airflow/.local/lib/python3.12/site-packages/airflow/example_dags/example_branch_day_of_week_operator.py for tasks to queue
[2024-05-23T19:32:31.085+0000] {logging_mixin.py:188} INFO - [2024-05-23T19:32:31.085+0000] {dagbag.py:545} INFO - Filling up the DagBag from /home/airflow/.local/lib/python3.12/site-packages/airflow/example_dags/example_branch_day_of_week_operator.py
[2024-05-23T19:32:31.099+0000] {processor.py:840} INFO - DAG(s) 'example_weekday_branch_operator' retrieved from /home/airflow/.local/lib/python3.12/site-packages/airflow/example_dags/example_branch_day_of_week_operator.py
[2024-05-23T19:32:31.136+0000] {logging_mixin.py:188} INFO - [2024-05-23T19:32:31.136+0000] {dag.py:3096} INFO - Sync 1 DAGs
[2024-05-23T19:32:31.177+0000] {logging_mixin.py:188} INFO - [2024-05-23T19:32:31.176+0000] {dag.py:3954} INFO - Setting next_dagrun for example_weekday_branch_operator to 2024-05-22 00:00:00+00:00, run_after=2024-05-23 00:00:00+00:00
[2024-05-23T19:32:31.210+0000] {processor.py:183} INFO - Processing /home/airflow/.local/lib/python3.12/site-packages/airflow/example_dags/example_branch_day_of_week_operator.py took 0.139 seconds
[2024-05-23T19:33:01.300+0000] {processor.py:161} INFO - Started process (PID=1969) to work on /home/airflow/.local/lib/python3.12/site-packages/airflow/example_dags/example_branch_day_of_week_operator.py
[2024-05-23T19:33:01.301+0000] {processor.py:830} INFO - Processing file /home/airflow/.local/lib/python3.12/site-packages/airflow/example_dags/example_branch_day_of_week_operator.py for tasks to queue
[2024-05-23T19:33:01.304+0000] {logging_mixin.py:188} INFO - [2024-05-23T19:33:01.304+0000] {dagbag.py:545} INFO - Filling up the DagBag from /home/airflow/.local/lib/python3.12/site-packages/airflow/example_dags/example_branch_day_of_week_operator.py
[2024-05-23T19:33:01.316+0000] {processor.py:840} INFO - DAG(s) 'example_weekday_branch_operator' retrieved from /home/airflow/.local/lib/python3.12/site-packages/airflow/example_dags/example_branch_day_of_week_operator.py
[2024-05-23T19:33:01.352+0000] {logging_mixin.py:188} INFO - [2024-05-23T19:33:01.352+0000] {dag.py:3096} INFO - Sync 1 DAGs
[2024-05-23T19:33:01.386+0000] {logging_mixin.py:188} INFO - [2024-05-23T19:33:01.386+0000] {dag.py:3954} INFO - Setting next_dagrun for example_weekday_branch_operator to 2024-05-22 00:00:00+00:00, run_after=2024-05-23 00:00:00+00:00
[2024-05-23T19:33:01.418+0000] {processor.py:183} INFO - Processing /home/airflow/.local/lib/python3.12/site-packages/airflow/example_dags/example_branch_day_of_week_operator.py took 0.127 seconds
[2024-05-23T19:33:31.887+0000] {processor.py:161} INFO - Started process (PID=2231) to work on /home/airflow/.local/lib/python3.12/site-packages/airflow/example_dags/example_branch_day_of_week_operator.py
[2024-05-23T19:33:31.889+0000] {processor.py:830} INFO - Processing file /home/airflow/.local/lib/python3.12/site-packages/airflow/example_dags/example_branch_day_of_week_operator.py for tasks to queue
[2024-05-23T19:33:31.892+0000] {logging_mixin.py:188} INFO - [2024-05-23T19:33:31.891+0000] {dagbag.py:545} INFO - Filling up the DagBag from /home/airflow/.local/lib/python3.12/site-packages/airflow/example_dags/example_branch_day_of_week_operator.py
[2024-05-23T19:33:31.906+0000] {processor.py:840} INFO - DAG(s) 'example_weekday_branch_operator' retrieved from /home/airflow/.local/lib/python3.12/site-packages/airflow/example_dags/example_branch_day_of_week_operator.py
[2024-05-23T19:33:31.942+0000] {logging_mixin.py:188} INFO - [2024-05-23T19:33:31.941+0000] {dag.py:3096} INFO - Sync 1 DAGs
[2024-05-23T19:33:31.988+0000] {logging_mixin.py:188} INFO - [2024-05-23T19:33:31.987+0000] {dag.py:3954} INFO - Setting next_dagrun for example_weekday_branch_operator to 2024-05-22 00:00:00+00:00, run_after=2024-05-23 00:00:00+00:00
[2024-05-23T19:33:32.016+0000] {processor.py:183} INFO - Processing /home/airflow/.local/lib/python3.12/site-packages/airflow/example_dags/example_branch_day_of_week_operator.py took 0.140 seconds
[2024-05-23T19:34:02.527+0000] {processor.py:161} INFO - Started process (PID=2493) to work on /home/airflow/.local/lib/python3.12/site-packages/airflow/example_dags/example_branch_day_of_week_operator.py
[2024-05-23T19:34:02.529+0000] {processor.py:830} INFO - Processing file /home/airflow/.local/lib/python3.12/site-packages/airflow/example_dags/example_branch_day_of_week_operator.py for tasks to queue
[2024-05-23T19:34:02.532+0000] {logging_mixin.py:188} INFO - [2024-05-23T19:34:02.532+0000] {dagbag.py:545} INFO - Filling up the DagBag from /home/airflow/.local/lib/python3.12/site-packages/airflow/example_dags/example_branch_day_of_week_operator.py
[2024-05-23T19:34:02.545+0000] {processor.py:840} INFO - DAG(s) 'example_weekday_branch_operator' retrieved from /home/airflow/.local/lib/python3.12/site-packages/airflow/example_dags/example_branch_day_of_week_operator.py
[2024-05-23T19:34:02.627+0000] {logging_mixin.py:188} INFO - [2024-05-23T19:34:02.627+0000] {dag.py:3096} INFO - Sync 1 DAGs
[2024-05-23T19:34:02.673+0000] {logging_mixin.py:188} INFO - [2024-05-23T19:34:02.673+0000] {dag.py:3954} INFO - Setting next_dagrun for example_weekday_branch_operator to 2024-05-22 00:00:00+00:00, run_after=2024-05-23 00:00:00+00:00
[2024-05-23T19:34:02.709+0000] {processor.py:183} INFO - Processing /home/airflow/.local/lib/python3.12/site-packages/airflow/example_dags/example_branch_day_of_week_operator.py took 0.192 seconds
[2024-05-23T19:34:32.799+0000] {processor.py:161} INFO - Started process (PID=2754) to work on /home/airflow/.local/lib/python3.12/site-packages/airflow/example_dags/example_branch_day_of_week_operator.py
[2024-05-23T19:34:32.801+0000] {processor.py:830} INFO - Processing file /home/airflow/.local/lib/python3.12/site-packages/airflow/example_dags/example_branch_day_of_week_operator.py for tasks to queue
[2024-05-23T19:34:32.804+0000] {logging_mixin.py:188} INFO - [2024-05-23T19:34:32.803+0000] {dagbag.py:545} INFO - Filling up the DagBag from /home/airflow/.local/lib/python3.12/site-packages/airflow/example_dags/example_branch_day_of_week_operator.py
[2024-05-23T19:34:32.816+0000] {processor.py:840} INFO - DAG(s) 'example_weekday_branch_operator' retrieved from /home/airflow/.local/lib/python3.12/site-packages/airflow/example_dags/example_branch_day_of_week_operator.py
[2024-05-23T19:34:32.850+0000] {logging_mixin.py:188} INFO - [2024-05-23T19:34:32.850+0000] {dag.py:3096} INFO - Sync 1 DAGs
[2024-05-23T19:34:32.887+0000] {logging_mixin.py:188} INFO - [2024-05-23T19:34:32.887+0000] {dag.py:3954} INFO - Setting next_dagrun for example_weekday_branch_operator to 2024-05-22 00:00:00+00:00, run_after=2024-05-23 00:00:00+00:00
[2024-05-23T19:34:32.918+0000] {processor.py:183} INFO - Processing /home/airflow/.local/lib/python3.12/site-packages/airflow/example_dags/example_branch_day_of_week_operator.py took 0.129 seconds
[2024-05-23T19:35:03.501+0000] {processor.py:161} INFO - Started process (PID=3041) to work on /home/airflow/.local/lib/python3.12/site-packages/airflow/example_dags/example_branch_day_of_week_operator.py
[2024-05-23T19:35:03.503+0000] {processor.py:830} INFO - Processing file /home/airflow/.local/lib/python3.12/site-packages/airflow/example_dags/example_branch_day_of_week_operator.py for tasks to queue
[2024-05-23T19:35:03.505+0000] {logging_mixin.py:188} INFO - [2024-05-23T19:35:03.505+0000] {dagbag.py:545} INFO - Filling up the DagBag from /home/airflow/.local/lib/python3.12/site-packages/airflow/example_dags/example_branch_day_of_week_operator.py
[2024-05-23T19:35:03.518+0000] {processor.py:840} INFO - DAG(s) 'example_weekday_branch_operator' retrieved from /home/airflow/.local/lib/python3.12/site-packages/airflow/example_dags/example_branch_day_of_week_operator.py
[2024-05-23T19:35:03.552+0000] {logging_mixin.py:188} INFO - [2024-05-23T19:35:03.552+0000] {dag.py:3096} INFO - Sync 1 DAGs
[2024-05-23T19:35:03.589+0000] {logging_mixin.py:188} INFO - [2024-05-23T19:35:03.589+0000] {dag.py:3954} INFO - Setting next_dagrun for example_weekday_branch_operator to 2024-05-22 00:00:00+00:00, run_after=2024-05-23 00:00:00+00:00
[2024-05-23T19:35:03.618+0000] {processor.py:183} INFO - Processing /home/airflow/.local/lib/python3.12/site-packages/airflow/example_dags/example_branch_day_of_week_operator.py took 0.127 seconds
[2024-05-23T19:35:33.975+0000] {processor.py:161} INFO - Started process (PID=3303) to work on /home/airflow/.local/lib/python3.12/site-packages/airflow/example_dags/example_branch_day_of_week_operator.py
[2024-05-23T19:35:33.978+0000] {processor.py:830} INFO - Processing file /home/airflow/.local/lib/python3.12/site-packages/airflow/example_dags/example_branch_day_of_week_operator.py for tasks to queue
[2024-05-23T19:35:33.982+0000] {logging_mixin.py:188} INFO - [2024-05-23T19:35:33.981+0000] {dagbag.py:545} INFO - Filling up the DagBag from /home/airflow/.local/lib/python3.12/site-packages/airflow/example_dags/example_branch_day_of_week_operator.py
[2024-05-23T19:35:34.000+0000] {processor.py:840} INFO - DAG(s) 'example_weekday_branch_operator' retrieved from /home/airflow/.local/lib/python3.12/site-packages/airflow/example_dags/example_branch_day_of_week_operator.py
[2024-05-23T19:35:34.040+0000] {logging_mixin.py:188} INFO - [2024-05-23T19:35:34.039+0000] {dag.py:3096} INFO - Sync 1 DAGs
[2024-05-23T19:35:34.085+0000] {logging_mixin.py:188} INFO - [2024-05-23T19:35:34.085+0000] {dag.py:3954} INFO - Setting next_dagrun for example_weekday_branch_operator to 2024-05-22 00:00:00+00:00, run_after=2024-05-23 00:00:00+00:00
[2024-05-23T19:35:34.123+0000] {processor.py:183} INFO - Processing /home/airflow/.local/lib/python3.12/site-packages/airflow/example_dags/example_branch_day_of_week_operator.py took 0.160 seconds
[2024-05-23T19:36:04.214+0000] {processor.py:161} INFO - Started process (PID=3565) to work on /home/airflow/.local/lib/python3.12/site-packages/airflow/example_dags/example_branch_day_of_week_operator.py
[2024-05-23T19:36:04.215+0000] {processor.py:830} INFO - Processing file /home/airflow/.local/lib/python3.12/site-packages/airflow/example_dags/example_branch_day_of_week_operator.py for tasks to queue
[2024-05-23T19:36:04.218+0000] {logging_mixin.py:188} INFO - [2024-05-23T19:36:04.218+0000] {dagbag.py:545} INFO - Filling up the DagBag from /home/airflow/.local/lib/python3.12/site-packages/airflow/example_dags/example_branch_day_of_week_operator.py
[2024-05-23T19:36:04.230+0000] {processor.py:840} INFO - DAG(s) 'example_weekday_branch_operator' retrieved from /home/airflow/.local/lib/python3.12/site-packages/airflow/example_dags/example_branch_day_of_week_operator.py
[2024-05-23T19:36:04.260+0000] {logging_mixin.py:188} INFO - [2024-05-23T19:36:04.259+0000] {dag.py:3096} INFO - Sync 1 DAGs
[2024-05-23T19:36:04.291+0000] {logging_mixin.py:188} INFO - [2024-05-23T19:36:04.291+0000] {dag.py:3954} INFO - Setting next_dagrun for example_weekday_branch_operator to 2024-05-22 00:00:00+00:00, run_after=2024-05-23 00:00:00+00:00
[2024-05-23T19:36:04.316+0000] {processor.py:183} INFO - Processing /home/airflow/.local/lib/python3.12/site-packages/airflow/example_dags/example_branch_day_of_week_operator.py took 0.110 seconds
[2024-05-23T19:36:34.515+0000] {processor.py:161} INFO - Started process (PID=3827) to work on /home/airflow/.local/lib/python3.12/site-packages/airflow/example_dags/example_branch_day_of_week_operator.py
[2024-05-23T19:36:34.516+0000] {processor.py:830} INFO - Processing file /home/airflow/.local/lib/python3.12/site-packages/airflow/example_dags/example_branch_day_of_week_operator.py for tasks to queue
[2024-05-23T19:36:34.519+0000] {logging_mixin.py:188} INFO - [2024-05-23T19:36:34.518+0000] {dagbag.py:545} INFO - Filling up the DagBag from /home/airflow/.local/lib/python3.12/site-packages/airflow/example_dags/example_branch_day_of_week_operator.py
[2024-05-23T19:36:34.528+0000] {processor.py:840} INFO - DAG(s) 'example_weekday_branch_operator' retrieved from /home/airflow/.local/lib/python3.12/site-packages/airflow/example_dags/example_branch_day_of_week_operator.py
[2024-05-23T19:36:34.559+0000] {logging_mixin.py:188} INFO - [2024-05-23T19:36:34.558+0000] {dag.py:3096} INFO - Sync 1 DAGs
[2024-05-23T19:36:34.589+0000] {logging_mixin.py:188} INFO - [2024-05-23T19:36:34.589+0000] {dag.py:3954} INFO - Setting next_dagrun for example_weekday_branch_operator to 2024-05-22 00:00:00+00:00, run_after=2024-05-23 00:00:00+00:00
[2024-05-23T19:36:34.612+0000] {processor.py:183} INFO - Processing /home/airflow/.local/lib/python3.12/site-packages/airflow/example_dags/example_branch_day_of_week_operator.py took 0.104 seconds
[2024-05-23T19:37:05.139+0000] {processor.py:161} INFO - Started process (PID=4089) to work on /home/airflow/.local/lib/python3.12/site-packages/airflow/example_dags/example_branch_day_of_week_operator.py
[2024-05-23T19:37:05.140+0000] {processor.py:830} INFO - Processing file /home/airflow/.local/lib/python3.12/site-packages/airflow/example_dags/example_branch_day_of_week_operator.py for tasks to queue
[2024-05-23T19:37:05.143+0000] {logging_mixin.py:188} INFO - [2024-05-23T19:37:05.142+0000] {dagbag.py:545} INFO - Filling up the DagBag from /home/airflow/.local/lib/python3.12/site-packages/airflow/example_dags/example_branch_day_of_week_operator.py
[2024-05-23T19:37:05.154+0000] {processor.py:840} INFO - DAG(s) 'example_weekday_branch_operator' retrieved from /home/airflow/.local/lib/python3.12/site-packages/airflow/example_dags/example_branch_day_of_week_operator.py
[2024-05-23T19:37:05.183+0000] {logging_mixin.py:188} INFO - [2024-05-23T19:37:05.183+0000] {dag.py:3096} INFO - Sync 1 DAGs
[2024-05-23T19:37:05.215+0000] {logging_mixin.py:188} INFO - [2024-05-23T19:37:05.215+0000] {dag.py:3954} INFO - Setting next_dagrun for example_weekday_branch_operator to 2024-05-22 00:00:00+00:00, run_after=2024-05-23 00:00:00+00:00
[2024-05-23T19:37:05.242+0000] {processor.py:183} INFO - Processing /home/airflow/.local/lib/python3.12/site-packages/airflow/example_dags/example_branch_day_of_week_operator.py took 0.111 seconds
[2024-05-23T19:37:36.087+0000] {processor.py:161} INFO - Started process (PID=4351) to work on /home/airflow/.local/lib/python3.12/site-packages/airflow/example_dags/example_branch_day_of_week_operator.py
[2024-05-23T19:37:36.089+0000] {processor.py:830} INFO - Processing file /home/airflow/.local/lib/python3.12/site-packages/airflow/example_dags/example_branch_day_of_week_operator.py for tasks to queue
[2024-05-23T19:37:36.091+0000] {logging_mixin.py:188} INFO - [2024-05-23T19:37:36.091+0000] {dagbag.py:545} INFO - Filling up the DagBag from /home/airflow/.local/lib/python3.12/site-packages/airflow/example_dags/example_branch_day_of_week_operator.py
[2024-05-23T19:37:36.103+0000] {processor.py:840} INFO - DAG(s) 'example_weekday_branch_operator' retrieved from /home/airflow/.local/lib/python3.12/site-packages/airflow/example_dags/example_branch_day_of_week_operator.py
[2024-05-23T19:37:36.135+0000] {logging_mixin.py:188} INFO - [2024-05-23T19:37:36.134+0000] {dag.py:3096} INFO - Sync 1 DAGs
[2024-05-23T19:37:36.175+0000] {logging_mixin.py:188} INFO - [2024-05-23T19:37:36.175+0000] {dag.py:3954} INFO - Setting next_dagrun for example_weekday_branch_operator to 2024-05-22 00:00:00+00:00, run_after=2024-05-23 00:00:00+00:00
[2024-05-23T19:37:36.204+0000] {processor.py:183} INFO - Processing /home/airflow/.local/lib/python3.12/site-packages/airflow/example_dags/example_branch_day_of_week_operator.py took 0.126 seconds
[2024-05-23T19:38:06.867+0000] {processor.py:161} INFO - Started process (PID=4613) to work on /home/airflow/.local/lib/python3.12/site-packages/airflow/example_dags/example_branch_day_of_week_operator.py
[2024-05-23T19:38:06.868+0000] {processor.py:830} INFO - Processing file /home/airflow/.local/lib/python3.12/site-packages/airflow/example_dags/example_branch_day_of_week_operator.py for tasks to queue
[2024-05-23T19:38:06.871+0000] {logging_mixin.py:188} INFO - [2024-05-23T19:38:06.871+0000] {dagbag.py:545} INFO - Filling up the DagBag from /home/airflow/.local/lib/python3.12/site-packages/airflow/example_dags/example_branch_day_of_week_operator.py
[2024-05-23T19:38:06.883+0000] {processor.py:840} INFO - DAG(s) 'example_weekday_branch_operator' retrieved from /home/airflow/.local/lib/python3.12/site-packages/airflow/example_dags/example_branch_day_of_week_operator.py
[2024-05-23T19:38:06.916+0000] {logging_mixin.py:188} INFO - [2024-05-23T19:38:06.916+0000] {dag.py:3096} INFO - Sync 1 DAGs
[2024-05-23T19:38:06.951+0000] {logging_mixin.py:188} INFO - [2024-05-23T19:38:06.951+0000] {dag.py:3954} INFO - Setting next_dagrun for example_weekday_branch_operator to 2024-05-22 00:00:00+00:00, run_after=2024-05-23 00:00:00+00:00
[2024-05-23T19:38:06.977+0000] {processor.py:183} INFO - Processing /home/airflow/.local/lib/python3.12/site-packages/airflow/example_dags/example_branch_day_of_week_operator.py took 0.120 seconds
[2024-05-23T19:38:37.294+0000] {processor.py:161} INFO - Started process (PID=4875) to work on /home/airflow/.local/lib/python3.12/site-packages/airflow/example_dags/example_branch_day_of_week_operator.py
[2024-05-23T19:38:37.296+0000] {processor.py:830} INFO - Processing file /home/airflow/.local/lib/python3.12/site-packages/airflow/example_dags/example_branch_day_of_week_operator.py for tasks to queue
[2024-05-23T19:38:37.298+0000] {logging_mixin.py:188} INFO - [2024-05-23T19:38:37.298+0000] {dagbag.py:545} INFO - Filling up the DagBag from /home/airflow/.local/lib/python3.12/site-packages/airflow/example_dags/example_branch_day_of_week_operator.py
[2024-05-23T19:38:37.311+0000] {processor.py:840} INFO - DAG(s) 'example_weekday_branch_operator' retrieved from /home/airflow/.local/lib/python3.12/site-packages/airflow/example_dags/example_branch_day_of_week_operator.py
[2024-05-23T19:38:37.341+0000] {logging_mixin.py:188} INFO - [2024-05-23T19:38:37.341+0000] {dag.py:3096} INFO - Sync 1 DAGs
[2024-05-23T19:38:37.375+0000] {logging_mixin.py:188} INFO - [2024-05-23T19:38:37.375+0000] {dag.py:3954} INFO - Setting next_dagrun for example_weekday_branch_operator to 2024-05-22 00:00:00+00:00, run_after=2024-05-23 00:00:00+00:00
[2024-05-23T19:38:37.403+0000] {processor.py:183} INFO - Processing /home/airflow/.local/lib/python3.12/site-packages/airflow/example_dags/example_branch_day_of_week_operator.py took 0.119 seconds
[2024-05-23T19:39:07.969+0000] {processor.py:161} INFO - Started process (PID=5137) to work on /home/airflow/.local/lib/python3.12/site-packages/airflow/example_dags/example_branch_day_of_week_operator.py
[2024-05-23T19:39:07.970+0000] {processor.py:830} INFO - Processing file /home/airflow/.local/lib/python3.12/site-packages/airflow/example_dags/example_branch_day_of_week_operator.py for tasks to queue
[2024-05-23T19:39:07.975+0000] {logging_mixin.py:188} INFO - [2024-05-23T19:39:07.974+0000] {dagbag.py:545} INFO - Filling up the DagBag from /home/airflow/.local/lib/python3.12/site-packages/airflow/example_dags/example_branch_day_of_week_operator.py
[2024-05-23T19:39:07.987+0000] {processor.py:840} INFO - DAG(s) 'example_weekday_branch_operator' retrieved from /home/airflow/.local/lib/python3.12/site-packages/airflow/example_dags/example_branch_day_of_week_operator.py
[2024-05-23T19:39:08.020+0000] {logging_mixin.py:188} INFO - [2024-05-23T19:39:08.019+0000] {dag.py:3096} INFO - Sync 1 DAGs
[2024-05-23T19:39:08.056+0000] {logging_mixin.py:188} INFO - [2024-05-23T19:39:08.056+0000] {dag.py:3954} INFO - Setting next_dagrun for example_weekday_branch_operator to 2024-05-22 00:00:00+00:00, run_after=2024-05-23 00:00:00+00:00
[2024-05-23T19:39:08.085+0000] {processor.py:183} INFO - Processing /home/airflow/.local/lib/python3.12/site-packages/airflow/example_dags/example_branch_day_of_week_operator.py took 0.125 seconds
[2024-05-23T19:39:38.524+0000] {processor.py:161} INFO - Started process (PID=5399) to work on /home/airflow/.local/lib/python3.12/site-packages/airflow/example_dags/example_branch_day_of_week_operator.py
[2024-05-23T19:39:38.526+0000] {processor.py:830} INFO - Processing file /home/airflow/.local/lib/python3.12/site-packages/airflow/example_dags/example_branch_day_of_week_operator.py for tasks to queue
[2024-05-23T19:39:38.528+0000] {logging_mixin.py:188} INFO - [2024-05-23T19:39:38.528+0000] {dagbag.py:545} INFO - Filling up the DagBag from /home/airflow/.local/lib/python3.12/site-packages/airflow/example_dags/example_branch_day_of_week_operator.py
[2024-05-23T19:39:38.540+0000] {processor.py:840} INFO - DAG(s) 'example_weekday_branch_operator' retrieved from /home/airflow/.local/lib/python3.12/site-packages/airflow/example_dags/example_branch_day_of_week_operator.py
[2024-05-23T19:39:38.572+0000] {logging_mixin.py:188} INFO - [2024-05-23T19:39:38.572+0000] {dag.py:3096} INFO - Sync 1 DAGs
[2024-05-23T19:39:38.607+0000] {logging_mixin.py:188} INFO - [2024-05-23T19:39:38.607+0000] {dag.py:3954} INFO - Setting next_dagrun for example_weekday_branch_operator to 2024-05-22 00:00:00+00:00, run_after=2024-05-23 00:00:00+00:00
[2024-05-23T19:39:38.634+0000] {processor.py:183} INFO - Processing /home/airflow/.local/lib/python3.12/site-packages/airflow/example_dags/example_branch_day_of_week_operator.py took 0.119 seconds
[2024-05-23T19:40:09.238+0000] {processor.py:161} INFO - Started process (PID=5661) to work on /home/airflow/.local/lib/python3.12/site-packages/airflow/example_dags/example_branch_day_of_week_operator.py
[2024-05-23T19:40:09.239+0000] {processor.py:830} INFO - Processing file /home/airflow/.local/lib/python3.12/site-packages/airflow/example_dags/example_branch_day_of_week_operator.py for tasks to queue
[2024-05-23T19:40:09.243+0000] {logging_mixin.py:188} INFO - [2024-05-23T19:40:09.243+0000] {dagbag.py:545} INFO - Filling up the DagBag from /home/airflow/.local/lib/python3.12/site-packages/airflow/example_dags/example_branch_day_of_week_operator.py
[2024-05-23T19:40:09.254+0000] {processor.py:840} INFO - DAG(s) 'example_weekday_branch_operator' retrieved from /home/airflow/.local/lib/python3.12/site-packages/airflow/example_dags/example_branch_day_of_week_operator.py
[2024-05-23T19:40:09.288+0000] {logging_mixin.py:188} INFO - [2024-05-23T19:40:09.287+0000] {dag.py:3096} INFO - Sync 1 DAGs
[2024-05-23T19:40:09.323+0000] {logging_mixin.py:188} INFO - [2024-05-23T19:40:09.322+0000] {dag.py:3954} INFO - Setting next_dagrun for example_weekday_branch_operator to 2024-05-22 00:00:00+00:00, run_after=2024-05-23 00:00:00+00:00
[2024-05-23T19:40:09.351+0000] {processor.py:183} INFO - Processing /home/airflow/.local/lib/python3.12/site-packages/airflow/example_dags/example_branch_day_of_week_operator.py took 0.122 seconds
[2024-05-23T19:40:40.002+0000] {processor.py:161} INFO - Started process (PID=5923) to work on /home/airflow/.local/lib/python3.12/site-packages/airflow/example_dags/example_branch_day_of_week_operator.py
[2024-05-23T19:40:40.004+0000] {processor.py:830} INFO - Processing file /home/airflow/.local/lib/python3.12/site-packages/airflow/example_dags/example_branch_day_of_week_operator.py for tasks to queue
[2024-05-23T19:40:40.006+0000] {logging_mixin.py:188} INFO - [2024-05-23T19:40:40.006+0000] {dagbag.py:545} INFO - Filling up the DagBag from /home/airflow/.local/lib/python3.12/site-packages/airflow/example_dags/example_branch_day_of_week_operator.py
[2024-05-23T19:40:40.019+0000] {processor.py:840} INFO - DAG(s) 'example_weekday_branch_operator' retrieved from /home/airflow/.local/lib/python3.12/site-packages/airflow/example_dags/example_branch_day_of_week_operator.py
[2024-05-23T19:40:40.054+0000] {logging_mixin.py:188} INFO - [2024-05-23T19:40:40.054+0000] {dag.py:3096} INFO - Sync 1 DAGs
[2024-05-23T19:40:40.091+0000] {logging_mixin.py:188} INFO - [2024-05-23T19:40:40.090+0000] {dag.py:3954} INFO - Setting next_dagrun for example_weekday_branch_operator to 2024-05-22 00:00:00+00:00, run_after=2024-05-23 00:00:00+00:00
[2024-05-23T19:40:40.119+0000] {processor.py:183} INFO - Processing /home/airflow/.local/lib/python3.12/site-packages/airflow/example_dags/example_branch_day_of_week_operator.py took 0.126 seconds
[2024-05-23T19:41:10.618+0000] {processor.py:161} INFO - Started process (PID=6185) to work on /home/airflow/.local/lib/python3.12/site-packages/airflow/example_dags/example_branch_day_of_week_operator.py
[2024-05-23T19:41:10.619+0000] {processor.py:830} INFO - Processing file /home/airflow/.local/lib/python3.12/site-packages/airflow/example_dags/example_branch_day_of_week_operator.py for tasks to queue
[2024-05-23T19:41:10.622+0000] {logging_mixin.py:188} INFO - [2024-05-23T19:41:10.622+0000] {dagbag.py:545} INFO - Filling up the DagBag from /home/airflow/.local/lib/python3.12/site-packages/airflow/example_dags/example_branch_day_of_week_operator.py
[2024-05-23T19:41:10.636+0000] {processor.py:840} INFO - DAG(s) 'example_weekday_branch_operator' retrieved from /home/airflow/.local/lib/python3.12/site-packages/airflow/example_dags/example_branch_day_of_week_operator.py
[2024-05-23T19:41:10.672+0000] {logging_mixin.py:188} INFO - [2024-05-23T19:41:10.672+0000] {dag.py:3096} INFO - Sync 1 DAGs
[2024-05-23T19:41:10.714+0000] {logging_mixin.py:188} INFO - [2024-05-23T19:41:10.713+0000] {dag.py:3954} INFO - Setting next_dagrun for example_weekday_branch_operator to 2024-05-22 00:00:00+00:00, run_after=2024-05-23 00:00:00+00:00
[2024-05-23T19:41:10.745+0000] {processor.py:183} INFO - Processing /home/airflow/.local/lib/python3.12/site-packages/airflow/example_dags/example_branch_day_of_week_operator.py took 0.136 seconds
[2024-05-23T19:41:41.587+0000] {processor.py:161} INFO - Started process (PID=6447) to work on /home/airflow/.local/lib/python3.12/site-packages/airflow/example_dags/example_branch_day_of_week_operator.py
[2024-05-23T19:41:41.591+0000] {processor.py:830} INFO - Processing file /home/airflow/.local/lib/python3.12/site-packages/airflow/example_dags/example_branch_day_of_week_operator.py for tasks to queue
[2024-05-23T19:41:41.595+0000] {logging_mixin.py:188} INFO - [2024-05-23T19:41:41.594+0000] {dagbag.py:545} INFO - Filling up the DagBag from /home/airflow/.local/lib/python3.12/site-packages/airflow/example_dags/example_branch_day_of_week_operator.py
[2024-05-23T19:41:41.615+0000] {processor.py:840} INFO - DAG(s) 'example_weekday_branch_operator' retrieved from /home/airflow/.local/lib/python3.12/site-packages/airflow/example_dags/example_branch_day_of_week_operator.py
[2024-05-23T19:41:41.680+0000] {logging_mixin.py:188} INFO - [2024-05-23T19:41:41.680+0000] {dag.py:3096} INFO - Sync 1 DAGs
[2024-05-23T19:41:41.738+0000] {logging_mixin.py:188} INFO - [2024-05-23T19:41:41.738+0000] {dag.py:3954} INFO - Setting next_dagrun for example_weekday_branch_operator to 2024-05-22 00:00:00+00:00, run_after=2024-05-23 00:00:00+00:00
[2024-05-23T19:41:41.784+0000] {processor.py:183} INFO - Processing /home/airflow/.local/lib/python3.12/site-packages/airflow/example_dags/example_branch_day_of_week_operator.py took 0.216 seconds
[2024-05-23T19:42:11.928+0000] {processor.py:161} INFO - Started process (PID=6708) to work on /home/airflow/.local/lib/python3.12/site-packages/airflow/example_dags/example_branch_day_of_week_operator.py
[2024-05-23T19:42:11.930+0000] {processor.py:830} INFO - Processing file /home/airflow/.local/lib/python3.12/site-packages/airflow/example_dags/example_branch_day_of_week_operator.py for tasks to queue
[2024-05-23T19:42:11.933+0000] {logging_mixin.py:188} INFO - [2024-05-23T19:42:11.932+0000] {dagbag.py:545} INFO - Filling up the DagBag from /home/airflow/.local/lib/python3.12/site-packages/airflow/example_dags/example_branch_day_of_week_operator.py
[2024-05-23T19:42:11.946+0000] {processor.py:840} INFO - DAG(s) 'example_weekday_branch_operator' retrieved from /home/airflow/.local/lib/python3.12/site-packages/airflow/example_dags/example_branch_day_of_week_operator.py
[2024-05-23T19:42:11.978+0000] {logging_mixin.py:188} INFO - [2024-05-23T19:42:11.978+0000] {dag.py:3096} INFO - Sync 1 DAGs
[2024-05-23T19:42:12.013+0000] {logging_mixin.py:188} INFO - [2024-05-23T19:42:12.013+0000] {dag.py:3954} INFO - Setting next_dagrun for example_weekday_branch_operator to 2024-05-22 00:00:00+00:00, run_after=2024-05-23 00:00:00+00:00
[2024-05-23T19:42:12.040+0000] {processor.py:183} INFO - Processing /home/airflow/.local/lib/python3.12/site-packages/airflow/example_dags/example_branch_day_of_week_operator.py took 0.122 seconds
[2024-05-23T19:42:42.142+0000] {processor.py:161} INFO - Started process (PID=6970) to work on /home/airflow/.local/lib/python3.12/site-packages/airflow/example_dags/example_branch_day_of_week_operator.py
[2024-05-23T19:42:42.144+0000] {processor.py:830} INFO - Processing file /home/airflow/.local/lib/python3.12/site-packages/airflow/example_dags/example_branch_day_of_week_operator.py for tasks to queue
[2024-05-23T19:42:42.147+0000] {logging_mixin.py:188} INFO - [2024-05-23T19:42:42.146+0000] {dagbag.py:545} INFO - Filling up the DagBag from /home/airflow/.local/lib/python3.12/site-packages/airflow/example_dags/example_branch_day_of_week_operator.py
[2024-05-23T19:42:42.157+0000] {processor.py:840} INFO - DAG(s) 'example_weekday_branch_operator' retrieved from /home/airflow/.local/lib/python3.12/site-packages/airflow/example_dags/example_branch_day_of_week_operator.py
[2024-05-23T19:42:42.186+0000] {logging_mixin.py:188} INFO - [2024-05-23T19:42:42.186+0000] {dag.py:3096} INFO - Sync 1 DAGs
[2024-05-23T19:42:42.219+0000] {logging_mixin.py:188} INFO - [2024-05-23T19:42:42.219+0000] {dag.py:3954} INFO - Setting next_dagrun for example_weekday_branch_operator to 2024-05-22 00:00:00+00:00, run_after=2024-05-23 00:00:00+00:00
[2024-05-23T19:42:42.244+0000] {processor.py:183} INFO - Processing /home/airflow/.local/lib/python3.12/site-packages/airflow/example_dags/example_branch_day_of_week_operator.py took 0.110 seconds
[2024-05-23T19:43:12.482+0000] {processor.py:161} INFO - Started process (PID=7232) to work on /home/airflow/.local/lib/python3.12/site-packages/airflow/example_dags/example_branch_day_of_week_operator.py
[2024-05-23T19:43:12.484+0000] {processor.py:830} INFO - Processing file /home/airflow/.local/lib/python3.12/site-packages/airflow/example_dags/example_branch_day_of_week_operator.py for tasks to queue
[2024-05-23T19:43:12.487+0000] {logging_mixin.py:188} INFO - [2024-05-23T19:43:12.486+0000] {dagbag.py:545} INFO - Filling up the DagBag from /home/airflow/.local/lib/python3.12/site-packages/airflow/example_dags/example_branch_day_of_week_operator.py
[2024-05-23T19:43:12.498+0000] {processor.py:840} INFO - DAG(s) 'example_weekday_branch_operator' retrieved from /home/airflow/.local/lib/python3.12/site-packages/airflow/example_dags/example_branch_day_of_week_operator.py
[2024-05-23T19:43:12.531+0000] {logging_mixin.py:188} INFO - [2024-05-23T19:43:12.531+0000] {dag.py:3096} INFO - Sync 1 DAGs
[2024-05-23T19:43:12.565+0000] {logging_mixin.py:188} INFO - [2024-05-23T19:43:12.564+0000] {dag.py:3954} INFO - Setting next_dagrun for example_weekday_branch_operator to 2024-05-22 00:00:00+00:00, run_after=2024-05-23 00:00:00+00:00
[2024-05-23T19:43:12.591+0000] {processor.py:183} INFO - Processing /home/airflow/.local/lib/python3.12/site-packages/airflow/example_dags/example_branch_day_of_week_operator.py took 0.118 seconds
[2024-05-23T19:43:43.054+0000] {processor.py:161} INFO - Started process (PID=7494) to work on /home/airflow/.local/lib/python3.12/site-packages/airflow/example_dags/example_branch_day_of_week_operator.py
[2024-05-23T19:43:43.056+0000] {processor.py:830} INFO - Processing file /home/airflow/.local/lib/python3.12/site-packages/airflow/example_dags/example_branch_day_of_week_operator.py for tasks to queue
[2024-05-23T19:43:43.059+0000] {logging_mixin.py:188} INFO - [2024-05-23T19:43:43.059+0000] {dagbag.py:545} INFO - Filling up the DagBag from /home/airflow/.local/lib/python3.12/site-packages/airflow/example_dags/example_branch_day_of_week_operator.py
[2024-05-23T19:43:43.072+0000] {processor.py:840} INFO - DAG(s) 'example_weekday_branch_operator' retrieved from /home/airflow/.local/lib/python3.12/site-packages/airflow/example_dags/example_branch_day_of_week_operator.py
[2024-05-23T19:43:43.112+0000] {logging_mixin.py:188} INFO - [2024-05-23T19:43:43.111+0000] {dag.py:3096} INFO - Sync 1 DAGs
[2024-05-23T19:43:43.156+0000] {logging_mixin.py:188} INFO - [2024-05-23T19:43:43.155+0000] {dag.py:3954} INFO - Setting next_dagrun for example_weekday_branch_operator to 2024-05-22 00:00:00+00:00, run_after=2024-05-23 00:00:00+00:00
[2024-05-23T19:43:43.184+0000] {processor.py:183} INFO - Processing /home/airflow/.local/lib/python3.12/site-packages/airflow/example_dags/example_branch_day_of_week_operator.py took 0.140 seconds
[2024-05-23T19:44:13.489+0000] {processor.py:161} INFO - Started process (PID=7756) to work on /home/airflow/.local/lib/python3.12/site-packages/airflow/example_dags/example_branch_day_of_week_operator.py
[2024-05-23T19:44:13.490+0000] {processor.py:830} INFO - Processing file /home/airflow/.local/lib/python3.12/site-packages/airflow/example_dags/example_branch_day_of_week_operator.py for tasks to queue
[2024-05-23T19:44:13.493+0000] {logging_mixin.py:188} INFO - [2024-05-23T19:44:13.493+0000] {dagbag.py:545} INFO - Filling up the DagBag from /home/airflow/.local/lib/python3.12/site-packages/airflow/example_dags/example_branch_day_of_week_operator.py
[2024-05-23T19:44:13.505+0000] {processor.py:840} INFO - DAG(s) 'example_weekday_branch_operator' retrieved from /home/airflow/.local/lib/python3.12/site-packages/airflow/example_dags/example_branch_day_of_week_operator.py
[2024-05-23T19:44:13.536+0000] {logging_mixin.py:188} INFO - [2024-05-23T19:44:13.535+0000] {dag.py:3096} INFO - Sync 1 DAGs
[2024-05-23T19:44:13.573+0000] {logging_mixin.py:188} INFO - [2024-05-23T19:44:13.573+0000] {dag.py:3954} INFO - Setting next_dagrun for example_weekday_branch_operator to 2024-05-22 00:00:00+00:00, run_after=2024-05-23 00:00:00+00:00
[2024-05-23T19:44:13.601+0000] {processor.py:183} INFO - Processing /home/airflow/.local/lib/python3.12/site-packages/airflow/example_dags/example_branch_day_of_week_operator.py took 0.123 seconds
[2024-05-23T19:44:43.961+0000] {processor.py:161} INFO - Started process (PID=8018) to work on /home/airflow/.local/lib/python3.12/site-packages/airflow/example_dags/example_branch_day_of_week_operator.py
[2024-05-23T19:44:43.962+0000] {processor.py:830} INFO - Processing file /home/airflow/.local/lib/python3.12/site-packages/airflow/example_dags/example_branch_day_of_week_operator.py for tasks to queue
[2024-05-23T19:44:43.965+0000] {logging_mixin.py:188} INFO - [2024-05-23T19:44:43.965+0000] {dagbag.py:545} INFO - Filling up the DagBag from /home/airflow/.local/lib/python3.12/site-packages/airflow/example_dags/example_branch_day_of_week_operator.py
[2024-05-23T19:44:43.975+0000] {processor.py:840} INFO - DAG(s) 'example_weekday_branch_operator' retrieved from /home/airflow/.local/lib/python3.12/site-packages/airflow/example_dags/example_branch_day_of_week_operator.py
[2024-05-23T19:44:44.006+0000] {logging_mixin.py:188} INFO - [2024-05-23T19:44:44.006+0000] {dag.py:3096} INFO - Sync 1 DAGs
[2024-05-23T19:44:44.041+0000] {logging_mixin.py:188} INFO - [2024-05-23T19:44:44.040+0000] {dag.py:3954} INFO - Setting next_dagrun for example_weekday_branch_operator to 2024-05-22 00:00:00+00:00, run_after=2024-05-23 00:00:00+00:00
[2024-05-23T19:44:44.067+0000] {processor.py:183} INFO - Processing /home/airflow/.local/lib/python3.12/site-packages/airflow/example_dags/example_branch_day_of_week_operator.py took 0.114 seconds
[2024-05-23T19:45:14.505+0000] {processor.py:161} INFO - Started process (PID=8286) to work on /home/airflow/.local/lib/python3.12/site-packages/airflow/example_dags/example_branch_day_of_week_operator.py
[2024-05-23T19:45:14.506+0000] {processor.py:830} INFO - Processing file /home/airflow/.local/lib/python3.12/site-packages/airflow/example_dags/example_branch_day_of_week_operator.py for tasks to queue
[2024-05-23T19:45:14.509+0000] {logging_mixin.py:188} INFO - [2024-05-23T19:45:14.509+0000] {dagbag.py:545} INFO - Filling up the DagBag from /home/airflow/.local/lib/python3.12/site-packages/airflow/example_dags/example_branch_day_of_week_operator.py
[2024-05-23T19:45:14.520+0000] {processor.py:840} INFO - DAG(s) 'example_weekday_branch_operator' retrieved from /home/airflow/.local/lib/python3.12/site-packages/airflow/example_dags/example_branch_day_of_week_operator.py
[2024-05-23T19:45:14.553+0000] {logging_mixin.py:188} INFO - [2024-05-23T19:45:14.552+0000] {dag.py:3096} INFO - Sync 1 DAGs
[2024-05-23T19:45:14.586+0000] {logging_mixin.py:188} INFO - [2024-05-23T19:45:14.585+0000] {dag.py:3954} INFO - Setting next_dagrun for example_weekday_branch_operator to 2024-05-22 00:00:00+00:00, run_after=2024-05-23 00:00:00+00:00
[2024-05-23T19:45:14.615+0000] {processor.py:183} INFO - Processing /home/airflow/.local/lib/python3.12/site-packages/airflow/example_dags/example_branch_day_of_week_operator.py took 0.120 seconds
[2024-05-23T19:45:45.639+0000] {processor.py:161} INFO - Started process (PID=8548) to work on /home/airflow/.local/lib/python3.12/site-packages/airflow/example_dags/example_branch_day_of_week_operator.py
[2024-05-23T19:45:45.641+0000] {processor.py:830} INFO - Processing file /home/airflow/.local/lib/python3.12/site-packages/airflow/example_dags/example_branch_day_of_week_operator.py for tasks to queue
[2024-05-23T19:45:45.643+0000] {logging_mixin.py:188} INFO - [2024-05-23T19:45:45.643+0000] {dagbag.py:545} INFO - Filling up the DagBag from /home/airflow/.local/lib/python3.12/site-packages/airflow/example_dags/example_branch_day_of_week_operator.py
[2024-05-23T19:45:45.653+0000] {processor.py:840} INFO - DAG(s) 'example_weekday_branch_operator' retrieved from /home/airflow/.local/lib/python3.12/site-packages/airflow/example_dags/example_branch_day_of_week_operator.py
[2024-05-23T19:45:45.682+0000] {logging_mixin.py:188} INFO - [2024-05-23T19:45:45.682+0000] {dag.py:3096} INFO - Sync 1 DAGs
[2024-05-23T19:45:45.712+0000] {logging_mixin.py:188} INFO - [2024-05-23T19:45:45.712+0000] {dag.py:3954} INFO - Setting next_dagrun for example_weekday_branch_operator to 2024-05-22 00:00:00+00:00, run_after=2024-05-23 00:00:00+00:00
[2024-05-23T19:45:45.731+0000] {processor.py:183} INFO - Processing /home/airflow/.local/lib/python3.12/site-packages/airflow/example_dags/example_branch_day_of_week_operator.py took 0.099 seconds
[2024-05-23T19:46:15.890+0000] {processor.py:161} INFO - Started process (PID=8810) to work on /home/airflow/.local/lib/python3.12/site-packages/airflow/example_dags/example_branch_day_of_week_operator.py
[2024-05-23T19:46:15.907+0000] {processor.py:830} INFO - Processing file /home/airflow/.local/lib/python3.12/site-packages/airflow/example_dags/example_branch_day_of_week_operator.py for tasks to queue
[2024-05-23T19:46:15.910+0000] {logging_mixin.py:188} INFO - [2024-05-23T19:46:15.909+0000] {dagbag.py:545} INFO - Filling up the DagBag from /home/airflow/.local/lib/python3.12/site-packages/airflow/example_dags/example_branch_day_of_week_operator.py
[2024-05-23T19:46:15.920+0000] {processor.py:840} INFO - DAG(s) 'example_weekday_branch_operator' retrieved from /home/airflow/.local/lib/python3.12/site-packages/airflow/example_dags/example_branch_day_of_week_operator.py
[2024-05-23T19:46:15.951+0000] {logging_mixin.py:188} INFO - [2024-05-23T19:46:15.951+0000] {dag.py:3096} INFO - Sync 1 DAGs
[2024-05-23T19:46:15.986+0000] {logging_mixin.py:188} INFO - [2024-05-23T19:46:15.986+0000] {dag.py:3954} INFO - Setting next_dagrun for example_weekday_branch_operator to 2024-05-22 00:00:00+00:00, run_after=2024-05-23 00:00:00+00:00
[2024-05-23T19:46:16.014+0000] {processor.py:183} INFO - Processing /home/airflow/.local/lib/python3.12/site-packages/airflow/example_dags/example_branch_day_of_week_operator.py took 0.132 seconds
[2024-05-23T19:46:46.255+0000] {processor.py:161} INFO - Started process (PID=9072) to work on /home/airflow/.local/lib/python3.12/site-packages/airflow/example_dags/example_branch_day_of_week_operator.py
[2024-05-23T19:46:46.257+0000] {processor.py:830} INFO - Processing file /home/airflow/.local/lib/python3.12/site-packages/airflow/example_dags/example_branch_day_of_week_operator.py for tasks to queue
[2024-05-23T19:46:46.259+0000] {logging_mixin.py:188} INFO - [2024-05-23T19:46:46.259+0000] {dagbag.py:545} INFO - Filling up the DagBag from /home/airflow/.local/lib/python3.12/site-packages/airflow/example_dags/example_branch_day_of_week_operator.py
[2024-05-23T19:46:46.269+0000] {processor.py:840} INFO - DAG(s) 'example_weekday_branch_operator' retrieved from /home/airflow/.local/lib/python3.12/site-packages/airflow/example_dags/example_branch_day_of_week_operator.py
[2024-05-23T19:46:46.295+0000] {logging_mixin.py:188} INFO - [2024-05-23T19:46:46.295+0000] {dag.py:3096} INFO - Sync 1 DAGs
[2024-05-23T19:46:46.318+0000] {logging_mixin.py:188} INFO - [2024-05-23T19:46:46.318+0000] {dag.py:3954} INFO - Setting next_dagrun for example_weekday_branch_operator to 2024-05-22 00:00:00+00:00, run_after=2024-05-23 00:00:00+00:00
[2024-05-23T19:46:46.335+0000] {processor.py:183} INFO - Processing /home/airflow/.local/lib/python3.12/site-packages/airflow/example_dags/example_branch_day_of_week_operator.py took 0.087 seconds
[2024-05-23T19:47:17.515+0000] {processor.py:161} INFO - Started process (PID=9336) to work on /home/airflow/.local/lib/python3.12/site-packages/airflow/example_dags/example_branch_day_of_week_operator.py
[2024-05-23T19:47:17.516+0000] {processor.py:830} INFO - Processing file /home/airflow/.local/lib/python3.12/site-packages/airflow/example_dags/example_branch_day_of_week_operator.py for tasks to queue
[2024-05-23T19:47:17.519+0000] {logging_mixin.py:188} INFO - [2024-05-23T19:47:17.519+0000] {dagbag.py:545} INFO - Filling up the DagBag from /home/airflow/.local/lib/python3.12/site-packages/airflow/example_dags/example_branch_day_of_week_operator.py
[2024-05-23T19:47:17.530+0000] {processor.py:840} INFO - DAG(s) 'example_weekday_branch_operator' retrieved from /home/airflow/.local/lib/python3.12/site-packages/airflow/example_dags/example_branch_day_of_week_operator.py
[2024-05-23T19:47:17.558+0000] {logging_mixin.py:188} INFO - [2024-05-23T19:47:17.558+0000] {dag.py:3096} INFO - Sync 1 DAGs
[2024-05-23T19:47:17.593+0000] {logging_mixin.py:188} INFO - [2024-05-23T19:47:17.592+0000] {dag.py:3954} INFO - Setting next_dagrun for example_weekday_branch_operator to 2024-05-22 00:00:00+00:00, run_after=2024-05-23 00:00:00+00:00
[2024-05-23T19:47:17.618+0000] {processor.py:183} INFO - Processing /home/airflow/.local/lib/python3.12/site-packages/airflow/example_dags/example_branch_day_of_week_operator.py took 0.110 seconds
[2024-05-23T19:47:48.634+0000] {processor.py:161} INFO - Started process (PID=9596) to work on /home/airflow/.local/lib/python3.12/site-packages/airflow/example_dags/example_branch_day_of_week_operator.py
[2024-05-23T19:47:48.635+0000] {processor.py:830} INFO - Processing file /home/airflow/.local/lib/python3.12/site-packages/airflow/example_dags/example_branch_day_of_week_operator.py for tasks to queue
[2024-05-23T19:47:48.637+0000] {logging_mixin.py:188} INFO - [2024-05-23T19:47:48.637+0000] {dagbag.py:545} INFO - Filling up the DagBag from /home/airflow/.local/lib/python3.12/site-packages/airflow/example_dags/example_branch_day_of_week_operator.py
[2024-05-23T19:47:48.647+0000] {processor.py:840} INFO - DAG(s) 'example_weekday_branch_operator' retrieved from /home/airflow/.local/lib/python3.12/site-packages/airflow/example_dags/example_branch_day_of_week_operator.py
[2024-05-23T19:47:48.676+0000] {logging_mixin.py:188} INFO - [2024-05-23T19:47:48.676+0000] {dag.py:3096} INFO - Sync 1 DAGs
[2024-05-23T19:47:48.707+0000] {logging_mixin.py:188} INFO - [2024-05-23T19:47:48.707+0000] {dag.py:3954} INFO - Setting next_dagrun for example_weekday_branch_operator to 2024-05-22 00:00:00+00:00, run_after=2024-05-23 00:00:00+00:00
[2024-05-23T19:47:48.733+0000] {processor.py:183} INFO - Processing /home/airflow/.local/lib/python3.12/site-packages/airflow/example_dags/example_branch_day_of_week_operator.py took 0.107 seconds
[2024-05-23T19:48:19.080+0000] {processor.py:161} INFO - Started process (PID=9858) to work on /home/airflow/.local/lib/python3.12/site-packages/airflow/example_dags/example_branch_day_of_week_operator.py
[2024-05-23T19:48:19.081+0000] {processor.py:830} INFO - Processing file /home/airflow/.local/lib/python3.12/site-packages/airflow/example_dags/example_branch_day_of_week_operator.py for tasks to queue
[2024-05-23T19:48:19.084+0000] {logging_mixin.py:188} INFO - [2024-05-23T19:48:19.083+0000] {dagbag.py:545} INFO - Filling up the DagBag from /home/airflow/.local/lib/python3.12/site-packages/airflow/example_dags/example_branch_day_of_week_operator.py
[2024-05-23T19:48:19.095+0000] {processor.py:840} INFO - DAG(s) 'example_weekday_branch_operator' retrieved from /home/airflow/.local/lib/python3.12/site-packages/airflow/example_dags/example_branch_day_of_week_operator.py
[2024-05-23T19:48:19.130+0000] {logging_mixin.py:188} INFO - [2024-05-23T19:48:19.130+0000] {dag.py:3096} INFO - Sync 1 DAGs
[2024-05-23T19:48:19.166+0000] {logging_mixin.py:188} INFO - [2024-05-23T19:48:19.166+0000] {dag.py:3954} INFO - Setting next_dagrun for example_weekday_branch_operator to 2024-05-22 00:00:00+00:00, run_after=2024-05-23 00:00:00+00:00
[2024-05-23T19:48:19.199+0000] {processor.py:183} INFO - Processing /home/airflow/.local/lib/python3.12/site-packages/airflow/example_dags/example_branch_day_of_week_operator.py took 0.128 seconds
[2024-05-23T19:48:49.565+0000] {processor.py:161} INFO - Started process (PID=10120) to work on /home/airflow/.local/lib/python3.12/site-packages/airflow/example_dags/example_branch_day_of_week_operator.py
[2024-05-23T19:48:49.566+0000] {processor.py:830} INFO - Processing file /home/airflow/.local/lib/python3.12/site-packages/airflow/example_dags/example_branch_day_of_week_operator.py for tasks to queue
[2024-05-23T19:48:49.570+0000] {logging_mixin.py:188} INFO - [2024-05-23T19:48:49.569+0000] {dagbag.py:545} INFO - Filling up the DagBag from /home/airflow/.local/lib/python3.12/site-packages/airflow/example_dags/example_branch_day_of_week_operator.py
[2024-05-23T19:48:49.581+0000] {processor.py:840} INFO - DAG(s) 'example_weekday_branch_operator' retrieved from /home/airflow/.local/lib/python3.12/site-packages/airflow/example_dags/example_branch_day_of_week_operator.py
[2024-05-23T19:48:49.611+0000] {logging_mixin.py:188} INFO - [2024-05-23T19:48:49.611+0000] {dag.py:3096} INFO - Sync 1 DAGs
[2024-05-23T19:48:49.645+0000] {logging_mixin.py:188} INFO - [2024-05-23T19:48:49.645+0000] {dag.py:3954} INFO - Setting next_dagrun for example_weekday_branch_operator to 2024-05-22 00:00:00+00:00, run_after=2024-05-23 00:00:00+00:00
[2024-05-23T19:48:49.673+0000] {processor.py:183} INFO - Processing /home/airflow/.local/lib/python3.12/site-packages/airflow/example_dags/example_branch_day_of_week_operator.py took 0.117 seconds
[2024-05-23T19:49:20.785+0000] {processor.py:161} INFO - Started process (PID=10382) to work on /home/airflow/.local/lib/python3.12/site-packages/airflow/example_dags/example_branch_day_of_week_operator.py
[2024-05-23T19:49:20.788+0000] {processor.py:830} INFO - Processing file /home/airflow/.local/lib/python3.12/site-packages/airflow/example_dags/example_branch_day_of_week_operator.py for tasks to queue
[2024-05-23T19:49:20.791+0000] {logging_mixin.py:188} INFO - [2024-05-23T19:49:20.791+0000] {dagbag.py:545} INFO - Filling up the DagBag from /home/airflow/.local/lib/python3.12/site-packages/airflow/example_dags/example_branch_day_of_week_operator.py
[2024-05-23T19:49:20.802+0000] {processor.py:840} INFO - DAG(s) 'example_weekday_branch_operator' retrieved from /home/airflow/.local/lib/python3.12/site-packages/airflow/example_dags/example_branch_day_of_week_operator.py
[2024-05-23T19:49:20.834+0000] {logging_mixin.py:188} INFO - [2024-05-23T19:49:20.834+0000] {dag.py:3096} INFO - Sync 1 DAGs
[2024-05-23T19:49:21.017+0000] {logging_mixin.py:188} INFO - [2024-05-23T19:49:21.016+0000] {dag.py:3954} INFO - Setting next_dagrun for example_weekday_branch_operator to 2024-05-22 00:00:00+00:00, run_after=2024-05-23 00:00:00+00:00
[2024-05-23T19:49:21.043+0000] {processor.py:183} INFO - Processing /home/airflow/.local/lib/python3.12/site-packages/airflow/example_dags/example_branch_day_of_week_operator.py took 0.267 seconds
[2024-05-23T19:49:51.215+0000] {processor.py:161} INFO - Started process (PID=10644) to work on /home/airflow/.local/lib/python3.12/site-packages/airflow/example_dags/example_branch_day_of_week_operator.py
[2024-05-23T19:49:51.216+0000] {processor.py:830} INFO - Processing file /home/airflow/.local/lib/python3.12/site-packages/airflow/example_dags/example_branch_day_of_week_operator.py for tasks to queue
[2024-05-23T19:49:51.219+0000] {logging_mixin.py:188} INFO - [2024-05-23T19:49:51.218+0000] {dagbag.py:545} INFO - Filling up the DagBag from /home/airflow/.local/lib/python3.12/site-packages/airflow/example_dags/example_branch_day_of_week_operator.py
[2024-05-23T19:49:51.231+0000] {processor.py:840} INFO - DAG(s) 'example_weekday_branch_operator' retrieved from /home/airflow/.local/lib/python3.12/site-packages/airflow/example_dags/example_branch_day_of_week_operator.py
[2024-05-23T19:49:51.261+0000] {logging_mixin.py:188} INFO - [2024-05-23T19:49:51.260+0000] {dag.py:3096} INFO - Sync 1 DAGs
[2024-05-23T19:49:51.450+0000] {logging_mixin.py:188} INFO - [2024-05-23T19:49:51.450+0000] {dag.py:3954} INFO - Setting next_dagrun for example_weekday_branch_operator to 2024-05-22 00:00:00+00:00, run_after=2024-05-23 00:00:00+00:00
[2024-05-23T19:49:51.475+0000] {processor.py:183} INFO - Processing /home/airflow/.local/lib/python3.12/site-packages/airflow/example_dags/example_branch_day_of_week_operator.py took 0.269 seconds
[2024-05-23T19:50:22.388+0000] {processor.py:161} INFO - Started process (PID=10906) to work on /home/airflow/.local/lib/python3.12/site-packages/airflow/example_dags/example_branch_day_of_week_operator.py
[2024-05-23T19:50:22.390+0000] {processor.py:830} INFO - Processing file /home/airflow/.local/lib/python3.12/site-packages/airflow/example_dags/example_branch_day_of_week_operator.py for tasks to queue
[2024-05-23T19:50:22.392+0000] {logging_mixin.py:188} INFO - [2024-05-23T19:50:22.392+0000] {dagbag.py:545} INFO - Filling up the DagBag from /home/airflow/.local/lib/python3.12/site-packages/airflow/example_dags/example_branch_day_of_week_operator.py
[2024-05-23T19:50:22.403+0000] {processor.py:840} INFO - DAG(s) 'example_weekday_branch_operator' retrieved from /home/airflow/.local/lib/python3.12/site-packages/airflow/example_dags/example_branch_day_of_week_operator.py
[2024-05-23T19:50:22.436+0000] {logging_mixin.py:188} INFO - [2024-05-23T19:50:22.436+0000] {dag.py:3096} INFO - Sync 1 DAGs
[2024-05-23T19:50:22.473+0000] {logging_mixin.py:188} INFO - [2024-05-23T19:50:22.473+0000] {dag.py:3954} INFO - Setting next_dagrun for example_weekday_branch_operator to 2024-05-22 00:00:00+00:00, run_after=2024-05-23 00:00:00+00:00
[2024-05-23T19:50:22.659+0000] {processor.py:183} INFO - Processing /home/airflow/.local/lib/python3.12/site-packages/airflow/example_dags/example_branch_day_of_week_operator.py took 0.280 seconds
[2024-05-23T19:50:52.927+0000] {processor.py:161} INFO - Started process (PID=11168) to work on /home/airflow/.local/lib/python3.12/site-packages/airflow/example_dags/example_branch_day_of_week_operator.py
[2024-05-23T19:50:52.929+0000] {processor.py:830} INFO - Processing file /home/airflow/.local/lib/python3.12/site-packages/airflow/example_dags/example_branch_day_of_week_operator.py for tasks to queue
[2024-05-23T19:50:52.932+0000] {logging_mixin.py:188} INFO - [2024-05-23T19:50:52.932+0000] {dagbag.py:545} INFO - Filling up the DagBag from /home/airflow/.local/lib/python3.12/site-packages/airflow/example_dags/example_branch_day_of_week_operator.py
[2024-05-23T19:50:52.945+0000] {processor.py:840} INFO - DAG(s) 'example_weekday_branch_operator' retrieved from /home/airflow/.local/lib/python3.12/site-packages/airflow/example_dags/example_branch_day_of_week_operator.py
[2024-05-23T19:50:52.979+0000] {logging_mixin.py:188} INFO - [2024-05-23T19:50:52.978+0000] {dag.py:3096} INFO - Sync 1 DAGs
[2024-05-23T19:50:53.013+0000] {logging_mixin.py:188} INFO - [2024-05-23T19:50:53.013+0000] {dag.py:3954} INFO - Setting next_dagrun for example_weekday_branch_operator to 2024-05-22 00:00:00+00:00, run_after=2024-05-23 00:00:00+00:00
[2024-05-23T19:50:53.041+0000] {processor.py:183} INFO - Processing /home/airflow/.local/lib/python3.12/site-packages/airflow/example_dags/example_branch_day_of_week_operator.py took 0.147 seconds
[2024-05-23T19:51:23.782+0000] {processor.py:161} INFO - Started process (PID=11430) to work on /home/airflow/.local/lib/python3.12/site-packages/airflow/example_dags/example_branch_day_of_week_operator.py
[2024-05-23T19:51:23.784+0000] {processor.py:830} INFO - Processing file /home/airflow/.local/lib/python3.12/site-packages/airflow/example_dags/example_branch_day_of_week_operator.py for tasks to queue
[2024-05-23T19:51:23.786+0000] {logging_mixin.py:188} INFO - [2024-05-23T19:51:23.786+0000] {dagbag.py:545} INFO - Filling up the DagBag from /home/airflow/.local/lib/python3.12/site-packages/airflow/example_dags/example_branch_day_of_week_operator.py
[2024-05-23T19:51:23.798+0000] {processor.py:840} INFO - DAG(s) 'example_weekday_branch_operator' retrieved from /home/airflow/.local/lib/python3.12/site-packages/airflow/example_dags/example_branch_day_of_week_operator.py
[2024-05-23T19:51:23.829+0000] {logging_mixin.py:188} INFO - [2024-05-23T19:51:23.829+0000] {dag.py:3096} INFO - Sync 1 DAGs
[2024-05-23T19:51:23.865+0000] {logging_mixin.py:188} INFO - [2024-05-23T19:51:23.864+0000] {dag.py:3954} INFO - Setting next_dagrun for example_weekday_branch_operator to 2024-05-22 00:00:00+00:00, run_after=2024-05-23 00:00:00+00:00
[2024-05-23T19:51:23.893+0000] {processor.py:183} INFO - Processing /home/airflow/.local/lib/python3.12/site-packages/airflow/example_dags/example_branch_day_of_week_operator.py took 0.119 seconds
[2024-05-23T19:51:54.045+0000] {processor.py:161} INFO - Started process (PID=11692) to work on /home/airflow/.local/lib/python3.12/site-packages/airflow/example_dags/example_branch_day_of_week_operator.py
[2024-05-23T19:51:54.046+0000] {processor.py:830} INFO - Processing file /home/airflow/.local/lib/python3.12/site-packages/airflow/example_dags/example_branch_day_of_week_operator.py for tasks to queue
[2024-05-23T19:51:54.049+0000] {logging_mixin.py:188} INFO - [2024-05-23T19:51:54.049+0000] {dagbag.py:545} INFO - Filling up the DagBag from /home/airflow/.local/lib/python3.12/site-packages/airflow/example_dags/example_branch_day_of_week_operator.py
[2024-05-23T19:51:54.062+0000] {processor.py:840} INFO - DAG(s) 'example_weekday_branch_operator' retrieved from /home/airflow/.local/lib/python3.12/site-packages/airflow/example_dags/example_branch_day_of_week_operator.py
[2024-05-23T19:51:54.096+0000] {logging_mixin.py:188} INFO - [2024-05-23T19:51:54.096+0000] {dag.py:3096} INFO - Sync 1 DAGs
[2024-05-23T19:51:54.134+0000] {logging_mixin.py:188} INFO - [2024-05-23T19:51:54.134+0000] {dag.py:3954} INFO - Setting next_dagrun for example_weekday_branch_operator to 2024-05-22 00:00:00+00:00, run_after=2024-05-23 00:00:00+00:00
[2024-05-23T19:51:54.165+0000] {processor.py:183} INFO - Processing /home/airflow/.local/lib/python3.12/site-packages/airflow/example_dags/example_branch_day_of_week_operator.py took 0.131 seconds
[2024-05-23T19:52:24.308+0000] {processor.py:161} INFO - Started process (PID=11951) to work on /home/airflow/.local/lib/python3.12/site-packages/airflow/example_dags/example_branch_day_of_week_operator.py
[2024-05-23T19:52:24.310+0000] {processor.py:830} INFO - Processing file /home/airflow/.local/lib/python3.12/site-packages/airflow/example_dags/example_branch_day_of_week_operator.py for tasks to queue
[2024-05-23T19:52:24.312+0000] {logging_mixin.py:188} INFO - [2024-05-23T19:52:24.312+0000] {dagbag.py:545} INFO - Filling up the DagBag from /home/airflow/.local/lib/python3.12/site-packages/airflow/example_dags/example_branch_day_of_week_operator.py
[2024-05-23T19:52:24.325+0000] {processor.py:840} INFO - DAG(s) 'example_weekday_branch_operator' retrieved from /home/airflow/.local/lib/python3.12/site-packages/airflow/example_dags/example_branch_day_of_week_operator.py
[2024-05-23T19:52:24.359+0000] {logging_mixin.py:188} INFO - [2024-05-23T19:52:24.359+0000] {dag.py:3096} INFO - Sync 1 DAGs
[2024-05-23T19:52:24.397+0000] {logging_mixin.py:188} INFO - [2024-05-23T19:52:24.396+0000] {dag.py:3954} INFO - Setting next_dagrun for example_weekday_branch_operator to 2024-05-22 00:00:00+00:00, run_after=2024-05-23 00:00:00+00:00
[2024-05-23T19:52:24.423+0000] {processor.py:183} INFO - Processing /home/airflow/.local/lib/python3.12/site-packages/airflow/example_dags/example_branch_day_of_week_operator.py took 0.125 seconds
[2024-05-23T19:52:54.599+0000] {processor.py:161} INFO - Started process (PID=12211) to work on /home/airflow/.local/lib/python3.12/site-packages/airflow/example_dags/example_branch_day_of_week_operator.py
[2024-05-23T19:52:54.602+0000] {processor.py:830} INFO - Processing file /home/airflow/.local/lib/python3.12/site-packages/airflow/example_dags/example_branch_day_of_week_operator.py for tasks to queue
[2024-05-23T19:52:54.605+0000] {logging_mixin.py:188} INFO - [2024-05-23T19:52:54.604+0000] {dagbag.py:545} INFO - Filling up the DagBag from /home/airflow/.local/lib/python3.12/site-packages/airflow/example_dags/example_branch_day_of_week_operator.py
[2024-05-23T19:52:54.618+0000] {processor.py:840} INFO - DAG(s) 'example_weekday_branch_operator' retrieved from /home/airflow/.local/lib/python3.12/site-packages/airflow/example_dags/example_branch_day_of_week_operator.py
[2024-05-23T19:52:54.780+0000] {logging_mixin.py:188} INFO - [2024-05-23T19:52:54.780+0000] {dag.py:3096} INFO - Sync 1 DAGs
[2024-05-23T19:52:54.859+0000] {logging_mixin.py:188} INFO - [2024-05-23T19:52:54.858+0000] {dag.py:3954} INFO - Setting next_dagrun for example_weekday_branch_operator to 2024-05-22 00:00:00+00:00, run_after=2024-05-23 00:00:00+00:00
[2024-05-23T19:52:54.897+0000] {processor.py:183} INFO - Processing /home/airflow/.local/lib/python3.12/site-packages/airflow/example_dags/example_branch_day_of_week_operator.py took 0.311 seconds
[2024-05-23T19:53:25.202+0000] {processor.py:161} INFO - Started process (PID=12473) to work on /home/airflow/.local/lib/python3.12/site-packages/airflow/example_dags/example_branch_day_of_week_operator.py
[2024-05-23T19:53:25.206+0000] {processor.py:830} INFO - Processing file /home/airflow/.local/lib/python3.12/site-packages/airflow/example_dags/example_branch_day_of_week_operator.py for tasks to queue
[2024-05-23T19:53:25.209+0000] {logging_mixin.py:188} INFO - [2024-05-23T19:53:25.208+0000] {dagbag.py:545} INFO - Filling up the DagBag from /home/airflow/.local/lib/python3.12/site-packages/airflow/example_dags/example_branch_day_of_week_operator.py
[2024-05-23T19:53:25.219+0000] {processor.py:840} INFO - DAG(s) 'example_weekday_branch_operator' retrieved from /home/airflow/.local/lib/python3.12/site-packages/airflow/example_dags/example_branch_day_of_week_operator.py
[2024-05-23T19:53:25.252+0000] {logging_mixin.py:188} INFO - [2024-05-23T19:53:25.252+0000] {dag.py:3096} INFO - Sync 1 DAGs
[2024-05-23T19:53:25.287+0000] {logging_mixin.py:188} INFO - [2024-05-23T19:53:25.287+0000] {dag.py:3954} INFO - Setting next_dagrun for example_weekday_branch_operator to 2024-05-22 00:00:00+00:00, run_after=2024-05-23 00:00:00+00:00
[2024-05-23T19:53:25.314+0000] {processor.py:183} INFO - Processing /home/airflow/.local/lib/python3.12/site-packages/airflow/example_dags/example_branch_day_of_week_operator.py took 0.122 seconds
[2024-05-23T19:53:55.793+0000] {processor.py:161} INFO - Started process (PID=12735) to work on /home/airflow/.local/lib/python3.12/site-packages/airflow/example_dags/example_branch_day_of_week_operator.py
[2024-05-23T19:53:55.794+0000] {processor.py:830} INFO - Processing file /home/airflow/.local/lib/python3.12/site-packages/airflow/example_dags/example_branch_day_of_week_operator.py for tasks to queue
[2024-05-23T19:53:55.797+0000] {logging_mixin.py:188} INFO - [2024-05-23T19:53:55.796+0000] {dagbag.py:545} INFO - Filling up the DagBag from /home/airflow/.local/lib/python3.12/site-packages/airflow/example_dags/example_branch_day_of_week_operator.py
[2024-05-23T19:53:55.808+0000] {processor.py:840} INFO - DAG(s) 'example_weekday_branch_operator' retrieved from /home/airflow/.local/lib/python3.12/site-packages/airflow/example_dags/example_branch_day_of_week_operator.py
[2024-05-23T19:53:55.842+0000] {logging_mixin.py:188} INFO - [2024-05-23T19:53:55.842+0000] {dag.py:3096} INFO - Sync 1 DAGs
[2024-05-23T19:53:55.877+0000] {logging_mixin.py:188} INFO - [2024-05-23T19:53:55.876+0000] {dag.py:3954} INFO - Setting next_dagrun for example_weekday_branch_operator to 2024-05-22 00:00:00+00:00, run_after=2024-05-23 00:00:00+00:00
[2024-05-23T19:53:55.902+0000] {processor.py:183} INFO - Processing /home/airflow/.local/lib/python3.12/site-packages/airflow/example_dags/example_branch_day_of_week_operator.py took 0.118 seconds
[2024-05-23T19:54:26.675+0000] {processor.py:161} INFO - Started process (PID=13002) to work on /home/airflow/.local/lib/python3.12/site-packages/airflow/example_dags/example_branch_day_of_week_operator.py
[2024-05-23T19:54:26.678+0000] {processor.py:830} INFO - Processing file /home/airflow/.local/lib/python3.12/site-packages/airflow/example_dags/example_branch_day_of_week_operator.py for tasks to queue
[2024-05-23T19:54:26.681+0000] {logging_mixin.py:188} INFO - [2024-05-23T19:54:26.680+0000] {dagbag.py:545} INFO - Filling up the DagBag from /home/airflow/.local/lib/python3.12/site-packages/airflow/example_dags/example_branch_day_of_week_operator.py
[2024-05-23T19:54:26.695+0000] {processor.py:840} INFO - DAG(s) 'example_weekday_branch_operator' retrieved from /home/airflow/.local/lib/python3.12/site-packages/airflow/example_dags/example_branch_day_of_week_operator.py
[2024-05-23T19:54:26.729+0000] {logging_mixin.py:188} INFO - [2024-05-23T19:54:26.728+0000] {dag.py:3096} INFO - Sync 1 DAGs
[2024-05-23T19:54:26.763+0000] {logging_mixin.py:188} INFO - [2024-05-23T19:54:26.763+0000] {dag.py:3954} INFO - Setting next_dagrun for example_weekday_branch_operator to 2024-05-22 00:00:00+00:00, run_after=2024-05-23 00:00:00+00:00
[2024-05-23T19:54:26.790+0000] {processor.py:183} INFO - Processing /home/airflow/.local/lib/python3.12/site-packages/airflow/example_dags/example_branch_day_of_week_operator.py took 0.124 seconds
[2024-05-23T19:54:57.378+0000] {processor.py:161} INFO - Started process (PID=13264) to work on /home/airflow/.local/lib/python3.12/site-packages/airflow/example_dags/example_branch_day_of_week_operator.py
[2024-05-23T19:54:57.380+0000] {processor.py:830} INFO - Processing file /home/airflow/.local/lib/python3.12/site-packages/airflow/example_dags/example_branch_day_of_week_operator.py for tasks to queue
[2024-05-23T19:54:57.382+0000] {logging_mixin.py:188} INFO - [2024-05-23T19:54:57.382+0000] {dagbag.py:545} INFO - Filling up the DagBag from /home/airflow/.local/lib/python3.12/site-packages/airflow/example_dags/example_branch_day_of_week_operator.py
[2024-05-23T19:54:57.392+0000] {processor.py:840} INFO - DAG(s) 'example_weekday_branch_operator' retrieved from /home/airflow/.local/lib/python3.12/site-packages/airflow/example_dags/example_branch_day_of_week_operator.py
[2024-05-23T19:54:57.420+0000] {logging_mixin.py:188} INFO - [2024-05-23T19:54:57.420+0000] {dag.py:3096} INFO - Sync 1 DAGs
[2024-05-23T19:54:57.452+0000] {logging_mixin.py:188} INFO - [2024-05-23T19:54:57.452+0000] {dag.py:3954} INFO - Setting next_dagrun for example_weekday_branch_operator to 2024-05-22 00:00:00+00:00, run_after=2024-05-23 00:00:00+00:00
[2024-05-23T19:54:57.477+0000] {processor.py:183} INFO - Processing /home/airflow/.local/lib/python3.12/site-packages/airflow/example_dags/example_branch_day_of_week_operator.py took 0.106 seconds
[2024-05-23T19:55:27.941+0000] {processor.py:161} INFO - Started process (PID=13526) to work on /home/airflow/.local/lib/python3.12/site-packages/airflow/example_dags/example_branch_day_of_week_operator.py
[2024-05-23T19:55:27.943+0000] {processor.py:830} INFO - Processing file /home/airflow/.local/lib/python3.12/site-packages/airflow/example_dags/example_branch_day_of_week_operator.py for tasks to queue
[2024-05-23T19:55:27.946+0000] {logging_mixin.py:188} INFO - [2024-05-23T19:55:27.946+0000] {dagbag.py:545} INFO - Filling up the DagBag from /home/airflow/.local/lib/python3.12/site-packages/airflow/example_dags/example_branch_day_of_week_operator.py
[2024-05-23T19:55:27.959+0000] {processor.py:840} INFO - DAG(s) 'example_weekday_branch_operator' retrieved from /home/airflow/.local/lib/python3.12/site-packages/airflow/example_dags/example_branch_day_of_week_operator.py
[2024-05-23T19:55:27.991+0000] {logging_mixin.py:188} INFO - [2024-05-23T19:55:27.991+0000] {dag.py:3096} INFO - Sync 1 DAGs
[2024-05-23T19:55:28.028+0000] {logging_mixin.py:188} INFO - [2024-05-23T19:55:28.027+0000] {dag.py:3954} INFO - Setting next_dagrun for example_weekday_branch_operator to 2024-05-22 00:00:00+00:00, run_after=2024-05-23 00:00:00+00:00
[2024-05-23T19:55:28.054+0000] {processor.py:183} INFO - Processing /home/airflow/.local/lib/python3.12/site-packages/airflow/example_dags/example_branch_day_of_week_operator.py took 0.121 seconds
[2024-05-23T19:55:58.087+0000] {processor.py:161} INFO - Started process (PID=13785) to work on /home/airflow/.local/lib/python3.12/site-packages/airflow/example_dags/example_branch_day_of_week_operator.py
[2024-05-23T19:55:58.089+0000] {processor.py:830} INFO - Processing file /home/airflow/.local/lib/python3.12/site-packages/airflow/example_dags/example_branch_day_of_week_operator.py for tasks to queue
[2024-05-23T19:55:58.092+0000] {logging_mixin.py:188} INFO - [2024-05-23T19:55:58.091+0000] {dagbag.py:545} INFO - Filling up the DagBag from /home/airflow/.local/lib/python3.12/site-packages/airflow/example_dags/example_branch_day_of_week_operator.py
[2024-05-23T19:55:58.103+0000] {processor.py:840} INFO - DAG(s) 'example_weekday_branch_operator' retrieved from /home/airflow/.local/lib/python3.12/site-packages/airflow/example_dags/example_branch_day_of_week_operator.py
[2024-05-23T19:55:58.131+0000] {logging_mixin.py:188} INFO - [2024-05-23T19:55:58.131+0000] {dag.py:3096} INFO - Sync 1 DAGs
[2024-05-23T19:55:58.164+0000] {logging_mixin.py:188} INFO - [2024-05-23T19:55:58.164+0000] {dag.py:3954} INFO - Setting next_dagrun for example_weekday_branch_operator to 2024-05-22 00:00:00+00:00, run_after=2024-05-23 00:00:00+00:00
[2024-05-23T19:55:58.188+0000] {processor.py:183} INFO - Processing /home/airflow/.local/lib/python3.12/site-packages/airflow/example_dags/example_branch_day_of_week_operator.py took 0.110 seconds
[2024-05-23T19:56:28.305+0000] {processor.py:161} INFO - Started process (PID=14047) to work on /home/airflow/.local/lib/python3.12/site-packages/airflow/example_dags/example_branch_day_of_week_operator.py
[2024-05-23T19:56:28.306+0000] {processor.py:830} INFO - Processing file /home/airflow/.local/lib/python3.12/site-packages/airflow/example_dags/example_branch_day_of_week_operator.py for tasks to queue
[2024-05-23T19:56:28.309+0000] {logging_mixin.py:188} INFO - [2024-05-23T19:56:28.309+0000] {dagbag.py:545} INFO - Filling up the DagBag from /home/airflow/.local/lib/python3.12/site-packages/airflow/example_dags/example_branch_day_of_week_operator.py
[2024-05-23T19:56:28.319+0000] {processor.py:840} INFO - DAG(s) 'example_weekday_branch_operator' retrieved from /home/airflow/.local/lib/python3.12/site-packages/airflow/example_dags/example_branch_day_of_week_operator.py
[2024-05-23T19:56:28.348+0000] {logging_mixin.py:188} INFO - [2024-05-23T19:56:28.347+0000] {dag.py:3096} INFO - Sync 1 DAGs
[2024-05-23T19:56:28.380+0000] {logging_mixin.py:188} INFO - [2024-05-23T19:56:28.380+0000] {dag.py:3954} INFO - Setting next_dagrun for example_weekday_branch_operator to 2024-05-22 00:00:00+00:00, run_after=2024-05-23 00:00:00+00:00
[2024-05-23T19:56:28.404+0000] {processor.py:183} INFO - Processing /home/airflow/.local/lib/python3.12/site-packages/airflow/example_dags/example_branch_day_of_week_operator.py took 0.107 seconds
[2024-05-23T19:56:58.717+0000] {processor.py:161} INFO - Started process (PID=14312) to work on /home/airflow/.local/lib/python3.12/site-packages/airflow/example_dags/example_branch_day_of_week_operator.py
[2024-05-23T19:56:58.718+0000] {processor.py:830} INFO - Processing file /home/airflow/.local/lib/python3.12/site-packages/airflow/example_dags/example_branch_day_of_week_operator.py for tasks to queue
[2024-05-23T19:56:58.721+0000] {logging_mixin.py:188} INFO - [2024-05-23T19:56:58.720+0000] {dagbag.py:545} INFO - Filling up the DagBag from /home/airflow/.local/lib/python3.12/site-packages/airflow/example_dags/example_branch_day_of_week_operator.py
[2024-05-23T19:56:58.731+0000] {processor.py:840} INFO - DAG(s) 'example_weekday_branch_operator' retrieved from /home/airflow/.local/lib/python3.12/site-packages/airflow/example_dags/example_branch_day_of_week_operator.py
[2024-05-23T19:56:58.762+0000] {logging_mixin.py:188} INFO - [2024-05-23T19:56:58.761+0000] {dag.py:3096} INFO - Sync 1 DAGs
[2024-05-23T19:56:58.800+0000] {logging_mixin.py:188} INFO - [2024-05-23T19:56:58.800+0000] {dag.py:3954} INFO - Setting next_dagrun for example_weekday_branch_operator to 2024-05-22 00:00:00+00:00, run_after=2024-05-23 00:00:00+00:00
[2024-05-23T19:56:58.824+0000] {processor.py:183} INFO - Processing /home/airflow/.local/lib/python3.12/site-packages/airflow/example_dags/example_branch_day_of_week_operator.py took 0.115 seconds
[2024-05-23T19:57:29.096+0000] {processor.py:161} INFO - Started process (PID=14563) to work on /home/airflow/.local/lib/python3.12/site-packages/airflow/example_dags/example_branch_day_of_week_operator.py
[2024-05-23T19:57:29.098+0000] {processor.py:830} INFO - Processing file /home/airflow/.local/lib/python3.12/site-packages/airflow/example_dags/example_branch_day_of_week_operator.py for tasks to queue
[2024-05-23T19:57:29.100+0000] {logging_mixin.py:188} INFO - [2024-05-23T19:57:29.100+0000] {dagbag.py:545} INFO - Filling up the DagBag from /home/airflow/.local/lib/python3.12/site-packages/airflow/example_dags/example_branch_day_of_week_operator.py
[2024-05-23T19:57:29.113+0000] {processor.py:840} INFO - DAG(s) 'example_weekday_branch_operator' retrieved from /home/airflow/.local/lib/python3.12/site-packages/airflow/example_dags/example_branch_day_of_week_operator.py
[2024-05-23T19:57:29.142+0000] {logging_mixin.py:188} INFO - [2024-05-23T19:57:29.142+0000] {dag.py:3096} INFO - Sync 1 DAGs
[2024-05-23T19:57:29.174+0000] {logging_mixin.py:188} INFO - [2024-05-23T19:57:29.174+0000] {dag.py:3954} INFO - Setting next_dagrun for example_weekday_branch_operator to 2024-05-22 00:00:00+00:00, run_after=2024-05-23 00:00:00+00:00
[2024-05-23T19:57:29.198+0000] {processor.py:183} INFO - Processing /home/airflow/.local/lib/python3.12/site-packages/airflow/example_dags/example_branch_day_of_week_operator.py took 0.112 seconds
[2024-05-23T19:58:12.989+0000] {processor.py:161} INFO - Started process (PID=14832) to work on /home/airflow/.local/lib/python3.12/site-packages/airflow/example_dags/example_branch_day_of_week_operator.py
[2024-05-23T19:58:12.990+0000] {processor.py:830} INFO - Processing file /home/airflow/.local/lib/python3.12/site-packages/airflow/example_dags/example_branch_day_of_week_operator.py for tasks to queue
[2024-05-23T19:58:12.992+0000] {logging_mixin.py:188} INFO - [2024-05-23T19:58:12.992+0000] {dagbag.py:545} INFO - Filling up the DagBag from /home/airflow/.local/lib/python3.12/site-packages/airflow/example_dags/example_branch_day_of_week_operator.py
[2024-05-23T19:58:13.005+0000] {processor.py:840} INFO - DAG(s) 'example_weekday_branch_operator' retrieved from /home/airflow/.local/lib/python3.12/site-packages/airflow/example_dags/example_branch_day_of_week_operator.py
[2024-05-23T19:58:13.037+0000] {logging_mixin.py:188} INFO - [2024-05-23T19:58:13.036+0000] {dag.py:3096} INFO - Sync 1 DAGs
[2024-05-23T19:58:13.075+0000] {logging_mixin.py:188} INFO - [2024-05-23T19:58:13.074+0000] {dag.py:3954} INFO - Setting next_dagrun for example_weekday_branch_operator to 2024-05-22 00:00:00+00:00, run_after=2024-05-23 00:00:00+00:00
[2024-05-23T19:58:13.101+0000] {processor.py:183} INFO - Processing /home/airflow/.local/lib/python3.12/site-packages/airflow/example_dags/example_branch_day_of_week_operator.py took 0.120 seconds
[2024-05-23T20:03:44.889+0000] {processor.py:161} INFO - Started process (PID=15165) to work on /home/airflow/.local/lib/python3.12/site-packages/airflow/example_dags/example_branch_day_of_week_operator.py
[2024-05-23T20:03:44.890+0000] {processor.py:830} INFO - Processing file /home/airflow/.local/lib/python3.12/site-packages/airflow/example_dags/example_branch_day_of_week_operator.py for tasks to queue
[2024-05-23T20:03:44.892+0000] {logging_mixin.py:188} INFO - [2024-05-23T20:03:44.891+0000] {dagbag.py:545} INFO - Filling up the DagBag from /home/airflow/.local/lib/python3.12/site-packages/airflow/example_dags/example_branch_day_of_week_operator.py
[2024-05-23T20:03:44.901+0000] {processor.py:840} INFO - DAG(s) 'example_weekday_branch_operator' retrieved from /home/airflow/.local/lib/python3.12/site-packages/airflow/example_dags/example_branch_day_of_week_operator.py
[2024-05-23T20:03:44.929+0000] {logging_mixin.py:188} INFO - [2024-05-23T20:03:44.928+0000] {dag.py:3096} INFO - Sync 1 DAGs
[2024-05-23T20:03:44.957+0000] {logging_mixin.py:188} INFO - [2024-05-23T20:03:44.957+0000] {dag.py:3954} INFO - Setting next_dagrun for example_weekday_branch_operator to 2024-05-22 00:00:00+00:00, run_after=2024-05-23 00:00:00+00:00
[2024-05-23T20:03:44.978+0000] {processor.py:183} INFO - Processing /home/airflow/.local/lib/python3.12/site-packages/airflow/example_dags/example_branch_day_of_week_operator.py took 0.097 seconds
[2024-05-23T20:04:26.438+0000] {processor.py:161} INFO - Started process (PID=15427) to work on /home/airflow/.local/lib/python3.12/site-packages/airflow/example_dags/example_branch_day_of_week_operator.py
[2024-05-23T20:04:26.445+0000] {processor.py:830} INFO - Processing file /home/airflow/.local/lib/python3.12/site-packages/airflow/example_dags/example_branch_day_of_week_operator.py for tasks to queue
[2024-05-23T20:04:26.452+0000] {logging_mixin.py:188} INFO - [2024-05-23T20:04:26.450+0000] {dagbag.py:545} INFO - Filling up the DagBag from /home/airflow/.local/lib/python3.12/site-packages/airflow/example_dags/example_branch_day_of_week_operator.py
[2024-05-23T20:04:26.490+0000] {processor.py:840} INFO - DAG(s) 'example_weekday_branch_operator' retrieved from /home/airflow/.local/lib/python3.12/site-packages/airflow/example_dags/example_branch_day_of_week_operator.py
[2024-05-23T20:04:26.604+0000] {logging_mixin.py:188} INFO - [2024-05-23T20:04:26.603+0000] {dag.py:3096} INFO - Sync 1 DAGs
[2024-05-23T20:04:26.804+0000] {logging_mixin.py:188} INFO - [2024-05-23T20:04:26.803+0000] {dag.py:3954} INFO - Setting next_dagrun for example_weekday_branch_operator to 2024-05-22 00:00:00+00:00, run_after=2024-05-23 00:00:00+00:00
[2024-05-23T20:04:26.912+0000] {processor.py:183} INFO - Processing /home/airflow/.local/lib/python3.12/site-packages/airflow/example_dags/example_branch_day_of_week_operator.py took 0.507 seconds
[2024-05-23T20:08:16.315+0000] {processor.py:161} INFO - Started process (PID=15688) to work on /home/airflow/.local/lib/python3.12/site-packages/airflow/example_dags/example_branch_day_of_week_operator.py
[2024-05-23T20:08:16.317+0000] {processor.py:830} INFO - Processing file /home/airflow/.local/lib/python3.12/site-packages/airflow/example_dags/example_branch_day_of_week_operator.py for tasks to queue
[2024-05-23T20:08:16.320+0000] {logging_mixin.py:188} INFO - [2024-05-23T20:08:16.319+0000] {dagbag.py:545} INFO - Filling up the DagBag from /home/airflow/.local/lib/python3.12/site-packages/airflow/example_dags/example_branch_day_of_week_operator.py
[2024-05-23T20:08:16.336+0000] {processor.py:840} INFO - DAG(s) 'example_weekday_branch_operator' retrieved from /home/airflow/.local/lib/python3.12/site-packages/airflow/example_dags/example_branch_day_of_week_operator.py
[2024-05-23T20:08:16.392+0000] {logging_mixin.py:188} INFO - [2024-05-23T20:08:16.392+0000] {dag.py:3096} INFO - Sync 1 DAGs
[2024-05-23T20:08:16.470+0000] {logging_mixin.py:188} INFO - [2024-05-23T20:08:16.469+0000] {dag.py:3954} INFO - Setting next_dagrun for example_weekday_branch_operator to 2024-05-22 00:00:00+00:00, run_after=2024-05-23 00:00:00+00:00
[2024-05-23T20:08:16.516+0000] {processor.py:183} INFO - Processing /home/airflow/.local/lib/python3.12/site-packages/airflow/example_dags/example_branch_day_of_week_operator.py took 0.216 seconds
[2024-05-23T20:08:46.624+0000] {processor.py:161} INFO - Started process (PID=15950) to work on /home/airflow/.local/lib/python3.12/site-packages/airflow/example_dags/example_branch_day_of_week_operator.py
[2024-05-23T20:08:46.626+0000] {processor.py:830} INFO - Processing file /home/airflow/.local/lib/python3.12/site-packages/airflow/example_dags/example_branch_day_of_week_operator.py for tasks to queue
[2024-05-23T20:08:46.627+0000] {logging_mixin.py:188} INFO - [2024-05-23T20:08:46.627+0000] {dagbag.py:545} INFO - Filling up the DagBag from /home/airflow/.local/lib/python3.12/site-packages/airflow/example_dags/example_branch_day_of_week_operator.py
[2024-05-23T20:08:46.637+0000] {processor.py:840} INFO - DAG(s) 'example_weekday_branch_operator' retrieved from /home/airflow/.local/lib/python3.12/site-packages/airflow/example_dags/example_branch_day_of_week_operator.py
[2024-05-23T20:08:46.668+0000] {logging_mixin.py:188} INFO - [2024-05-23T20:08:46.668+0000] {dag.py:3096} INFO - Sync 1 DAGs
[2024-05-23T20:08:46.697+0000] {logging_mixin.py:188} INFO - [2024-05-23T20:08:46.697+0000] {dag.py:3954} INFO - Setting next_dagrun for example_weekday_branch_operator to 2024-05-22 00:00:00+00:00, run_after=2024-05-23 00:00:00+00:00
[2024-05-23T20:08:46.723+0000] {processor.py:183} INFO - Processing /home/airflow/.local/lib/python3.12/site-packages/airflow/example_dags/example_branch_day_of_week_operator.py took 0.109 seconds
[2024-05-23T20:09:17.700+0000] {processor.py:161} INFO - Started process (PID=16212) to work on /home/airflow/.local/lib/python3.12/site-packages/airflow/example_dags/example_branch_day_of_week_operator.py
[2024-05-23T20:09:17.701+0000] {processor.py:830} INFO - Processing file /home/airflow/.local/lib/python3.12/site-packages/airflow/example_dags/example_branch_day_of_week_operator.py for tasks to queue
[2024-05-23T20:09:17.703+0000] {logging_mixin.py:188} INFO - [2024-05-23T20:09:17.703+0000] {dagbag.py:545} INFO - Filling up the DagBag from /home/airflow/.local/lib/python3.12/site-packages/airflow/example_dags/example_branch_day_of_week_operator.py
[2024-05-23T20:09:17.713+0000] {processor.py:840} INFO - DAG(s) 'example_weekday_branch_operator' retrieved from /home/airflow/.local/lib/python3.12/site-packages/airflow/example_dags/example_branch_day_of_week_operator.py
[2024-05-23T20:09:17.743+0000] {logging_mixin.py:188} INFO - [2024-05-23T20:09:17.743+0000] {dag.py:3096} INFO - Sync 1 DAGs
[2024-05-23T20:09:17.773+0000] {logging_mixin.py:188} INFO - [2024-05-23T20:09:17.773+0000] {dag.py:3954} INFO - Setting next_dagrun for example_weekday_branch_operator to 2024-05-22 00:00:00+00:00, run_after=2024-05-23 00:00:00+00:00
[2024-05-23T20:09:17.797+0000] {processor.py:183} INFO - Processing /home/airflow/.local/lib/python3.12/site-packages/airflow/example_dags/example_branch_day_of_week_operator.py took 0.105 seconds
[2024-05-23T20:09:48.149+0000] {processor.py:161} INFO - Started process (PID=16474) to work on /home/airflow/.local/lib/python3.12/site-packages/airflow/example_dags/example_branch_day_of_week_operator.py
[2024-05-23T20:09:48.150+0000] {processor.py:830} INFO - Processing file /home/airflow/.local/lib/python3.12/site-packages/airflow/example_dags/example_branch_day_of_week_operator.py for tasks to queue
[2024-05-23T20:09:48.152+0000] {logging_mixin.py:188} INFO - [2024-05-23T20:09:48.151+0000] {dagbag.py:545} INFO - Filling up the DagBag from /home/airflow/.local/lib/python3.12/site-packages/airflow/example_dags/example_branch_day_of_week_operator.py
[2024-05-23T20:09:48.161+0000] {processor.py:840} INFO - DAG(s) 'example_weekday_branch_operator' retrieved from /home/airflow/.local/lib/python3.12/site-packages/airflow/example_dags/example_branch_day_of_week_operator.py
[2024-05-23T20:09:48.193+0000] {logging_mixin.py:188} INFO - [2024-05-23T20:09:48.192+0000] {dag.py:3096} INFO - Sync 1 DAGs
[2024-05-23T20:09:48.223+0000] {logging_mixin.py:188} INFO - [2024-05-23T20:09:48.223+0000] {dag.py:3954} INFO - Setting next_dagrun for example_weekday_branch_operator to 2024-05-22 00:00:00+00:00, run_after=2024-05-23 00:00:00+00:00
[2024-05-23T20:09:48.247+0000] {processor.py:183} INFO - Processing /home/airflow/.local/lib/python3.12/site-packages/airflow/example_dags/example_branch_day_of_week_operator.py took 0.107 seconds
[2024-05-23T20:10:18.774+0000] {processor.py:161} INFO - Started process (PID=16736) to work on /home/airflow/.local/lib/python3.12/site-packages/airflow/example_dags/example_branch_day_of_week_operator.py
[2024-05-23T20:10:18.776+0000] {processor.py:830} INFO - Processing file /home/airflow/.local/lib/python3.12/site-packages/airflow/example_dags/example_branch_day_of_week_operator.py for tasks to queue
[2024-05-23T20:10:18.777+0000] {logging_mixin.py:188} INFO - [2024-05-23T20:10:18.777+0000] {dagbag.py:545} INFO - Filling up the DagBag from /home/airflow/.local/lib/python3.12/site-packages/airflow/example_dags/example_branch_day_of_week_operator.py
[2024-05-23T20:10:18.787+0000] {processor.py:840} INFO - DAG(s) 'example_weekday_branch_operator' retrieved from /home/airflow/.local/lib/python3.12/site-packages/airflow/example_dags/example_branch_day_of_week_operator.py
[2024-05-23T20:10:18.818+0000] {logging_mixin.py:188} INFO - [2024-05-23T20:10:18.818+0000] {dag.py:3096} INFO - Sync 1 DAGs
[2024-05-23T20:10:18.848+0000] {logging_mixin.py:188} INFO - [2024-05-23T20:10:18.847+0000] {dag.py:3954} INFO - Setting next_dagrun for example_weekday_branch_operator to 2024-05-22 00:00:00+00:00, run_after=2024-05-23 00:00:00+00:00
[2024-05-23T20:10:18.873+0000] {processor.py:183} INFO - Processing /home/airflow/.local/lib/python3.12/site-packages/airflow/example_dags/example_branch_day_of_week_operator.py took 0.107 seconds
[2024-05-23T20:10:49.686+0000] {processor.py:161} INFO - Started process (PID=16998) to work on /home/airflow/.local/lib/python3.12/site-packages/airflow/example_dags/example_branch_day_of_week_operator.py
[2024-05-23T20:10:49.688+0000] {processor.py:830} INFO - Processing file /home/airflow/.local/lib/python3.12/site-packages/airflow/example_dags/example_branch_day_of_week_operator.py for tasks to queue
[2024-05-23T20:10:49.689+0000] {logging_mixin.py:188} INFO - [2024-05-23T20:10:49.689+0000] {dagbag.py:545} INFO - Filling up the DagBag from /home/airflow/.local/lib/python3.12/site-packages/airflow/example_dags/example_branch_day_of_week_operator.py
[2024-05-23T20:10:49.698+0000] {processor.py:840} INFO - DAG(s) 'example_weekday_branch_operator' retrieved from /home/airflow/.local/lib/python3.12/site-packages/airflow/example_dags/example_branch_day_of_week_operator.py
[2024-05-23T20:10:49.727+0000] {logging_mixin.py:188} INFO - [2024-05-23T20:10:49.726+0000] {dag.py:3096} INFO - Sync 1 DAGs
[2024-05-23T20:10:49.754+0000] {logging_mixin.py:188} INFO - [2024-05-23T20:10:49.754+0000] {dag.py:3954} INFO - Setting next_dagrun for example_weekday_branch_operator to 2024-05-22 00:00:00+00:00, run_after=2024-05-23 00:00:00+00:00
[2024-05-23T20:10:49.778+0000] {processor.py:183} INFO - Processing /home/airflow/.local/lib/python3.12/site-packages/airflow/example_dags/example_branch_day_of_week_operator.py took 0.100 seconds
[2024-05-23T20:11:20.689+0000] {processor.py:161} INFO - Started process (PID=17259) to work on /home/airflow/.local/lib/python3.12/site-packages/airflow/example_dags/example_branch_day_of_week_operator.py
[2024-05-23T20:11:20.691+0000] {processor.py:830} INFO - Processing file /home/airflow/.local/lib/python3.12/site-packages/airflow/example_dags/example_branch_day_of_week_operator.py for tasks to queue
[2024-05-23T20:11:20.692+0000] {logging_mixin.py:188} INFO - [2024-05-23T20:11:20.692+0000] {dagbag.py:545} INFO - Filling up the DagBag from /home/airflow/.local/lib/python3.12/site-packages/airflow/example_dags/example_branch_day_of_week_operator.py
[2024-05-23T20:11:20.701+0000] {processor.py:840} INFO - DAG(s) 'example_weekday_branch_operator' retrieved from /home/airflow/.local/lib/python3.12/site-packages/airflow/example_dags/example_branch_day_of_week_operator.py
[2024-05-23T20:11:20.729+0000] {logging_mixin.py:188} INFO - [2024-05-23T20:11:20.729+0000] {dag.py:3096} INFO - Sync 1 DAGs
[2024-05-23T20:11:20.756+0000] {logging_mixin.py:188} INFO - [2024-05-23T20:11:20.756+0000] {dag.py:3954} INFO - Setting next_dagrun for example_weekday_branch_operator to 2024-05-22 00:00:00+00:00, run_after=2024-05-23 00:00:00+00:00
[2024-05-23T20:11:20.782+0000] {processor.py:183} INFO - Processing /home/airflow/.local/lib/python3.12/site-packages/airflow/example_dags/example_branch_day_of_week_operator.py took 0.101 seconds
[2024-05-23T20:11:50.929+0000] {processor.py:161} INFO - Started process (PID=17521) to work on /home/airflow/.local/lib/python3.12/site-packages/airflow/example_dags/example_branch_day_of_week_operator.py
[2024-05-23T20:11:50.931+0000] {processor.py:830} INFO - Processing file /home/airflow/.local/lib/python3.12/site-packages/airflow/example_dags/example_branch_day_of_week_operator.py for tasks to queue
[2024-05-23T20:11:50.933+0000] {logging_mixin.py:188} INFO - [2024-05-23T20:11:50.932+0000] {dagbag.py:545} INFO - Filling up the DagBag from /home/airflow/.local/lib/python3.12/site-packages/airflow/example_dags/example_branch_day_of_week_operator.py
[2024-05-23T20:11:50.942+0000] {processor.py:840} INFO - DAG(s) 'example_weekday_branch_operator' retrieved from /home/airflow/.local/lib/python3.12/site-packages/airflow/example_dags/example_branch_day_of_week_operator.py
[2024-05-23T20:11:50.974+0000] {logging_mixin.py:188} INFO - [2024-05-23T20:11:50.973+0000] {dag.py:3096} INFO - Sync 1 DAGs
[2024-05-23T20:11:51.006+0000] {logging_mixin.py:188} INFO - [2024-05-23T20:11:51.006+0000] {dag.py:3954} INFO - Setting next_dagrun for example_weekday_branch_operator to 2024-05-22 00:00:00+00:00, run_after=2024-05-23 00:00:00+00:00
[2024-05-23T20:11:51.030+0000] {processor.py:183} INFO - Processing /home/airflow/.local/lib/python3.12/site-packages/airflow/example_dags/example_branch_day_of_week_operator.py took 0.109 seconds
[2024-05-23T20:12:21.399+0000] {processor.py:161} INFO - Started process (PID=17783) to work on /home/airflow/.local/lib/python3.12/site-packages/airflow/example_dags/example_branch_day_of_week_operator.py
[2024-05-23T20:12:21.401+0000] {processor.py:830} INFO - Processing file /home/airflow/.local/lib/python3.12/site-packages/airflow/example_dags/example_branch_day_of_week_operator.py for tasks to queue
[2024-05-23T20:12:21.405+0000] {logging_mixin.py:188} INFO - [2024-05-23T20:12:21.403+0000] {dagbag.py:545} INFO - Filling up the DagBag from /home/airflow/.local/lib/python3.12/site-packages/airflow/example_dags/example_branch_day_of_week_operator.py
[2024-05-23T20:12:21.416+0000] {processor.py:840} INFO - DAG(s) 'example_weekday_branch_operator' retrieved from /home/airflow/.local/lib/python3.12/site-packages/airflow/example_dags/example_branch_day_of_week_operator.py
[2024-05-23T20:12:21.447+0000] {logging_mixin.py:188} INFO - [2024-05-23T20:12:21.447+0000] {dag.py:3096} INFO - Sync 1 DAGs
[2024-05-23T20:12:21.479+0000] {logging_mixin.py:188} INFO - [2024-05-23T20:12:21.479+0000] {dag.py:3954} INFO - Setting next_dagrun for example_weekday_branch_operator to 2024-05-22 00:00:00+00:00, run_after=2024-05-23 00:00:00+00:00
[2024-05-23T20:12:21.505+0000] {processor.py:183} INFO - Processing /home/airflow/.local/lib/python3.12/site-packages/airflow/example_dags/example_branch_day_of_week_operator.py took 0.120 seconds
[2024-05-23T20:12:51.742+0000] {processor.py:161} INFO - Started process (PID=18045) to work on /home/airflow/.local/lib/python3.12/site-packages/airflow/example_dags/example_branch_day_of_week_operator.py
[2024-05-23T20:12:51.743+0000] {processor.py:830} INFO - Processing file /home/airflow/.local/lib/python3.12/site-packages/airflow/example_dags/example_branch_day_of_week_operator.py for tasks to queue
[2024-05-23T20:12:51.745+0000] {logging_mixin.py:188} INFO - [2024-05-23T20:12:51.744+0000] {dagbag.py:545} INFO - Filling up the DagBag from /home/airflow/.local/lib/python3.12/site-packages/airflow/example_dags/example_branch_day_of_week_operator.py
[2024-05-23T20:12:51.754+0000] {processor.py:840} INFO - DAG(s) 'example_weekday_branch_operator' retrieved from /home/airflow/.local/lib/python3.12/site-packages/airflow/example_dags/example_branch_day_of_week_operator.py
[2024-05-23T20:12:51.789+0000] {logging_mixin.py:188} INFO - [2024-05-23T20:12:51.789+0000] {dag.py:3096} INFO - Sync 1 DAGs
[2024-05-23T20:12:51.826+0000] {logging_mixin.py:188} INFO - [2024-05-23T20:12:51.826+0000] {dag.py:3954} INFO - Setting next_dagrun for example_weekday_branch_operator to 2024-05-22 00:00:00+00:00, run_after=2024-05-23 00:00:00+00:00
[2024-05-23T20:12:51.852+0000] {processor.py:183} INFO - Processing /home/airflow/.local/lib/python3.12/site-packages/airflow/example_dags/example_branch_day_of_week_operator.py took 0.119 seconds
[2024-05-23T20:13:22.012+0000] {processor.py:161} INFO - Started process (PID=18307) to work on /home/airflow/.local/lib/python3.12/site-packages/airflow/example_dags/example_branch_day_of_week_operator.py
[2024-05-23T20:13:22.014+0000] {processor.py:830} INFO - Processing file /home/airflow/.local/lib/python3.12/site-packages/airflow/example_dags/example_branch_day_of_week_operator.py for tasks to queue
[2024-05-23T20:13:22.015+0000] {logging_mixin.py:188} INFO - [2024-05-23T20:13:22.015+0000] {dagbag.py:545} INFO - Filling up the DagBag from /home/airflow/.local/lib/python3.12/site-packages/airflow/example_dags/example_branch_day_of_week_operator.py
[2024-05-23T20:13:22.024+0000] {processor.py:840} INFO - DAG(s) 'example_weekday_branch_operator' retrieved from /home/airflow/.local/lib/python3.12/site-packages/airflow/example_dags/example_branch_day_of_week_operator.py
[2024-05-23T20:13:22.051+0000] {logging_mixin.py:188} INFO - [2024-05-23T20:13:22.051+0000] {dag.py:3096} INFO - Sync 1 DAGs
[2024-05-23T20:13:22.078+0000] {logging_mixin.py:188} INFO - [2024-05-23T20:13:22.078+0000] {dag.py:3954} INFO - Setting next_dagrun for example_weekday_branch_operator to 2024-05-22 00:00:00+00:00, run_after=2024-05-23 00:00:00+00:00
[2024-05-23T20:13:22.100+0000] {processor.py:183} INFO - Processing /home/airflow/.local/lib/python3.12/site-packages/airflow/example_dags/example_branch_day_of_week_operator.py took 0.096 seconds
