[2024-05-23T19:29:45.556+0000] {processor.py:161} INFO - Started process (PID=174) to work on /home/airflow/.local/lib/python3.12/site-packages/airflow/example_dags/tutorial_dag.py
[2024-05-23T19:29:45.561+0000] {processor.py:830} INFO - Processing file /home/airflow/.local/lib/python3.12/site-packages/airflow/example_dags/tutorial_dag.py for tasks to queue
[2024-05-23T19:29:45.570+0000] {logging_mixin.py:188} INFO - [2024-05-23T19:29:45.568+0000] {dagbag.py:545} INFO - Filling up the DagBag from /home/airflow/.local/lib/python3.12/site-packages/airflow/example_dags/tutorial_dag.py
[2024-05-23T19:29:45.643+0000] {processor.py:840} INFO - DAG(s) 'tutorial_dag' retrieved from /home/airflow/.local/lib/python3.12/site-packages/airflow/example_dags/tutorial_dag.py
[2024-05-23T19:29:46.439+0000] {logging_mixin.py:188} INFO - [2024-05-23T19:29:46.439+0000] {dag.py:3096} INFO - Sync 1 DAGs
[2024-05-23T19:29:46.461+0000] {logging_mixin.py:188} INFO - [2024-05-23T19:29:46.461+0000] {dag.py:3954} INFO - Setting next_dagrun for tutorial_dag to None, run_after=None
[2024-05-23T19:29:46.504+0000] {processor.py:183} INFO - Processing /home/airflow/.local/lib/python3.12/site-packages/airflow/example_dags/tutorial_dag.py took 0.993 seconds
[2024-05-23T19:30:17.405+0000] {processor.py:161} INFO - Started process (PID=436) to work on /home/airflow/.local/lib/python3.12/site-packages/airflow/example_dags/tutorial_dag.py
[2024-05-23T19:30:17.409+0000] {processor.py:830} INFO - Processing file /home/airflow/.local/lib/python3.12/site-packages/airflow/example_dags/tutorial_dag.py for tasks to queue
[2024-05-23T19:30:17.424+0000] {logging_mixin.py:188} INFO - [2024-05-23T19:30:17.421+0000] {dagbag.py:545} INFO - Filling up the DagBag from /home/airflow/.local/lib/python3.12/site-packages/airflow/example_dags/tutorial_dag.py
[2024-05-23T19:30:17.478+0000] {processor.py:840} INFO - DAG(s) 'tutorial_dag' retrieved from /home/airflow/.local/lib/python3.12/site-packages/airflow/example_dags/tutorial_dag.py
[2024-05-23T19:30:17.647+0000] {logging_mixin.py:188} INFO - [2024-05-23T19:30:17.646+0000] {dag.py:3096} INFO - Sync 1 DAGs
[2024-05-23T19:30:17.853+0000] {logging_mixin.py:188} INFO - [2024-05-23T19:30:17.852+0000] {dag.py:3954} INFO - Setting next_dagrun for tutorial_dag to None, run_after=None
[2024-05-23T19:30:18.167+0000] {processor.py:183} INFO - Processing /home/airflow/.local/lib/python3.12/site-packages/airflow/example_dags/tutorial_dag.py took 0.794 seconds
[2024-05-23T19:30:48.918+0000] {processor.py:161} INFO - Started process (PID=698) to work on /home/airflow/.local/lib/python3.12/site-packages/airflow/example_dags/tutorial_dag.py
[2024-05-23T19:30:48.920+0000] {processor.py:830} INFO - Processing file /home/airflow/.local/lib/python3.12/site-packages/airflow/example_dags/tutorial_dag.py for tasks to queue
[2024-05-23T19:30:48.926+0000] {logging_mixin.py:188} INFO - [2024-05-23T19:30:48.925+0000] {dagbag.py:545} INFO - Filling up the DagBag from /home/airflow/.local/lib/python3.12/site-packages/airflow/example_dags/tutorial_dag.py
[2024-05-23T19:30:48.941+0000] {processor.py:840} INFO - DAG(s) 'tutorial_dag' retrieved from /home/airflow/.local/lib/python3.12/site-packages/airflow/example_dags/tutorial_dag.py
[2024-05-23T19:30:48.999+0000] {logging_mixin.py:188} INFO - [2024-05-23T19:30:48.998+0000] {dag.py:3096} INFO - Sync 1 DAGs
[2024-05-23T19:30:49.030+0000] {logging_mixin.py:188} INFO - [2024-05-23T19:30:49.030+0000] {dag.py:3954} INFO - Setting next_dagrun for tutorial_dag to None, run_after=None
[2024-05-23T19:30:49.068+0000] {processor.py:183} INFO - Processing /home/airflow/.local/lib/python3.12/site-packages/airflow/example_dags/tutorial_dag.py took 0.167 seconds
[2024-05-23T19:31:19.241+0000] {processor.py:161} INFO - Started process (PID=960) to work on /home/airflow/.local/lib/python3.12/site-packages/airflow/example_dags/tutorial_dag.py
[2024-05-23T19:31:19.245+0000] {processor.py:830} INFO - Processing file /home/airflow/.local/lib/python3.12/site-packages/airflow/example_dags/tutorial_dag.py for tasks to queue
[2024-05-23T19:31:19.248+0000] {logging_mixin.py:188} INFO - [2024-05-23T19:31:19.247+0000] {dagbag.py:545} INFO - Filling up the DagBag from /home/airflow/.local/lib/python3.12/site-packages/airflow/example_dags/tutorial_dag.py
[2024-05-23T19:31:19.256+0000] {processor.py:840} INFO - DAG(s) 'tutorial_dag' retrieved from /home/airflow/.local/lib/python3.12/site-packages/airflow/example_dags/tutorial_dag.py
[2024-05-23T19:31:19.288+0000] {logging_mixin.py:188} INFO - [2024-05-23T19:31:19.287+0000] {dag.py:3096} INFO - Sync 1 DAGs
[2024-05-23T19:31:19.309+0000] {logging_mixin.py:188} INFO - [2024-05-23T19:31:19.308+0000] {dag.py:3954} INFO - Setting next_dagrun for tutorial_dag to None, run_after=None
[2024-05-23T19:31:19.337+0000] {processor.py:183} INFO - Processing /home/airflow/.local/lib/python3.12/site-packages/airflow/example_dags/tutorial_dag.py took 0.105 seconds
[2024-05-23T19:31:49.559+0000] {processor.py:161} INFO - Started process (PID=1222) to work on /home/airflow/.local/lib/python3.12/site-packages/airflow/example_dags/tutorial_dag.py
[2024-05-23T19:31:49.561+0000] {processor.py:830} INFO - Processing file /home/airflow/.local/lib/python3.12/site-packages/airflow/example_dags/tutorial_dag.py for tasks to queue
[2024-05-23T19:31:49.564+0000] {logging_mixin.py:188} INFO - [2024-05-23T19:31:49.564+0000] {dagbag.py:545} INFO - Filling up the DagBag from /home/airflow/.local/lib/python3.12/site-packages/airflow/example_dags/tutorial_dag.py
[2024-05-23T19:31:49.572+0000] {processor.py:840} INFO - DAG(s) 'tutorial_dag' retrieved from /home/airflow/.local/lib/python3.12/site-packages/airflow/example_dags/tutorial_dag.py
[2024-05-23T19:31:49.602+0000] {logging_mixin.py:188} INFO - [2024-05-23T19:31:49.602+0000] {dag.py:3096} INFO - Sync 1 DAGs
[2024-05-23T19:31:49.623+0000] {logging_mixin.py:188} INFO - [2024-05-23T19:31:49.622+0000] {dag.py:3954} INFO - Setting next_dagrun for tutorial_dag to None, run_after=None
[2024-05-23T19:31:49.650+0000] {processor.py:183} INFO - Processing /home/airflow/.local/lib/python3.12/site-packages/airflow/example_dags/tutorial_dag.py took 0.100 seconds
[2024-05-23T19:32:19.992+0000] {processor.py:161} INFO - Started process (PID=1484) to work on /home/airflow/.local/lib/python3.12/site-packages/airflow/example_dags/tutorial_dag.py
[2024-05-23T19:32:19.994+0000] {processor.py:830} INFO - Processing file /home/airflow/.local/lib/python3.12/site-packages/airflow/example_dags/tutorial_dag.py for tasks to queue
[2024-05-23T19:32:19.996+0000] {logging_mixin.py:188} INFO - [2024-05-23T19:32:19.996+0000] {dagbag.py:545} INFO - Filling up the DagBag from /home/airflow/.local/lib/python3.12/site-packages/airflow/example_dags/tutorial_dag.py
[2024-05-23T19:32:20.004+0000] {processor.py:840} INFO - DAG(s) 'tutorial_dag' retrieved from /home/airflow/.local/lib/python3.12/site-packages/airflow/example_dags/tutorial_dag.py
[2024-05-23T19:32:20.037+0000] {logging_mixin.py:188} INFO - [2024-05-23T19:32:20.036+0000] {dag.py:3096} INFO - Sync 1 DAGs
[2024-05-23T19:32:20.058+0000] {logging_mixin.py:188} INFO - [2024-05-23T19:32:20.058+0000] {dag.py:3954} INFO - Setting next_dagrun for tutorial_dag to None, run_after=None
[2024-05-23T19:32:20.087+0000] {processor.py:183} INFO - Processing /home/airflow/.local/lib/python3.12/site-packages/airflow/example_dags/tutorial_dag.py took 0.104 seconds
[2024-05-23T19:32:50.225+0000] {processor.py:161} INFO - Started process (PID=1746) to work on /home/airflow/.local/lib/python3.12/site-packages/airflow/example_dags/tutorial_dag.py
[2024-05-23T19:32:50.227+0000] {processor.py:830} INFO - Processing file /home/airflow/.local/lib/python3.12/site-packages/airflow/example_dags/tutorial_dag.py for tasks to queue
[2024-05-23T19:32:50.231+0000] {logging_mixin.py:188} INFO - [2024-05-23T19:32:50.230+0000] {dagbag.py:545} INFO - Filling up the DagBag from /home/airflow/.local/lib/python3.12/site-packages/airflow/example_dags/tutorial_dag.py
[2024-05-23T19:32:50.239+0000] {processor.py:840} INFO - DAG(s) 'tutorial_dag' retrieved from /home/airflow/.local/lib/python3.12/site-packages/airflow/example_dags/tutorial_dag.py
[2024-05-23T19:32:50.272+0000] {logging_mixin.py:188} INFO - [2024-05-23T19:32:50.271+0000] {dag.py:3096} INFO - Sync 1 DAGs
[2024-05-23T19:32:50.294+0000] {logging_mixin.py:188} INFO - [2024-05-23T19:32:50.294+0000] {dag.py:3954} INFO - Setting next_dagrun for tutorial_dag to None, run_after=None
[2024-05-23T19:32:50.324+0000] {processor.py:183} INFO - Processing /home/airflow/.local/lib/python3.12/site-packages/airflow/example_dags/tutorial_dag.py took 0.108 seconds
[2024-05-23T19:33:20.752+0000] {processor.py:161} INFO - Started process (PID=2008) to work on /home/airflow/.local/lib/python3.12/site-packages/airflow/example_dags/tutorial_dag.py
[2024-05-23T19:33:20.753+0000] {processor.py:830} INFO - Processing file /home/airflow/.local/lib/python3.12/site-packages/airflow/example_dags/tutorial_dag.py for tasks to queue
[2024-05-23T19:33:20.757+0000] {logging_mixin.py:188} INFO - [2024-05-23T19:33:20.756+0000] {dagbag.py:545} INFO - Filling up the DagBag from /home/airflow/.local/lib/python3.12/site-packages/airflow/example_dags/tutorial_dag.py
[2024-05-23T19:33:20.765+0000] {processor.py:840} INFO - DAG(s) 'tutorial_dag' retrieved from /home/airflow/.local/lib/python3.12/site-packages/airflow/example_dags/tutorial_dag.py
[2024-05-23T19:33:20.800+0000] {logging_mixin.py:188} INFO - [2024-05-23T19:33:20.800+0000] {dag.py:3096} INFO - Sync 1 DAGs
[2024-05-23T19:33:20.823+0000] {logging_mixin.py:188} INFO - [2024-05-23T19:33:20.823+0000] {dag.py:3954} INFO - Setting next_dagrun for tutorial_dag to None, run_after=None
[2024-05-23T19:33:20.856+0000] {processor.py:183} INFO - Processing /home/airflow/.local/lib/python3.12/site-packages/airflow/example_dags/tutorial_dag.py took 0.115 seconds
[2024-05-23T19:33:51.054+0000] {processor.py:161} INFO - Started process (PID=2270) to work on /home/airflow/.local/lib/python3.12/site-packages/airflow/example_dags/tutorial_dag.py
[2024-05-23T19:33:51.056+0000] {processor.py:830} INFO - Processing file /home/airflow/.local/lib/python3.12/site-packages/airflow/example_dags/tutorial_dag.py for tasks to queue
[2024-05-23T19:33:51.059+0000] {logging_mixin.py:188} INFO - [2024-05-23T19:33:51.059+0000] {dagbag.py:545} INFO - Filling up the DagBag from /home/airflow/.local/lib/python3.12/site-packages/airflow/example_dags/tutorial_dag.py
[2024-05-23T19:33:51.068+0000] {processor.py:840} INFO - DAG(s) 'tutorial_dag' retrieved from /home/airflow/.local/lib/python3.12/site-packages/airflow/example_dags/tutorial_dag.py
[2024-05-23T19:33:51.103+0000] {logging_mixin.py:188} INFO - [2024-05-23T19:33:51.102+0000] {dag.py:3096} INFO - Sync 1 DAGs
[2024-05-23T19:33:51.126+0000] {logging_mixin.py:188} INFO - [2024-05-23T19:33:51.126+0000] {dag.py:3954} INFO - Setting next_dagrun for tutorial_dag to None, run_after=None
[2024-05-23T19:33:51.159+0000] {processor.py:183} INFO - Processing /home/airflow/.local/lib/python3.12/site-packages/airflow/example_dags/tutorial_dag.py took 0.116 seconds
[2024-05-23T19:34:21.843+0000] {processor.py:161} INFO - Started process (PID=2531) to work on /home/airflow/.local/lib/python3.12/site-packages/airflow/example_dags/tutorial_dag.py
[2024-05-23T19:34:21.845+0000] {processor.py:830} INFO - Processing file /home/airflow/.local/lib/python3.12/site-packages/airflow/example_dags/tutorial_dag.py for tasks to queue
[2024-05-23T19:34:21.849+0000] {logging_mixin.py:188} INFO - [2024-05-23T19:34:21.849+0000] {dagbag.py:545} INFO - Filling up the DagBag from /home/airflow/.local/lib/python3.12/site-packages/airflow/example_dags/tutorial_dag.py
[2024-05-23T19:34:21.859+0000] {processor.py:840} INFO - DAG(s) 'tutorial_dag' retrieved from /home/airflow/.local/lib/python3.12/site-packages/airflow/example_dags/tutorial_dag.py
[2024-05-23T19:34:21.908+0000] {logging_mixin.py:188} INFO - [2024-05-23T19:34:21.908+0000] {dag.py:3096} INFO - Sync 1 DAGs
[2024-05-23T19:34:21.934+0000] {logging_mixin.py:188} INFO - [2024-05-23T19:34:21.934+0000] {dag.py:3954} INFO - Setting next_dagrun for tutorial_dag to None, run_after=None
[2024-05-23T19:34:22.006+0000] {processor.py:183} INFO - Processing /home/airflow/.local/lib/python3.12/site-packages/airflow/example_dags/tutorial_dag.py took 0.183 seconds
[2024-05-23T19:34:52.251+0000] {processor.py:161} INFO - Started process (PID=2793) to work on /home/airflow/.local/lib/python3.12/site-packages/airflow/example_dags/tutorial_dag.py
[2024-05-23T19:34:52.253+0000] {processor.py:830} INFO - Processing file /home/airflow/.local/lib/python3.12/site-packages/airflow/example_dags/tutorial_dag.py for tasks to queue
[2024-05-23T19:34:52.255+0000] {logging_mixin.py:188} INFO - [2024-05-23T19:34:52.255+0000] {dagbag.py:545} INFO - Filling up the DagBag from /home/airflow/.local/lib/python3.12/site-packages/airflow/example_dags/tutorial_dag.py
[2024-05-23T19:34:52.264+0000] {processor.py:840} INFO - DAG(s) 'tutorial_dag' retrieved from /home/airflow/.local/lib/python3.12/site-packages/airflow/example_dags/tutorial_dag.py
[2024-05-23T19:34:52.296+0000] {logging_mixin.py:188} INFO - [2024-05-23T19:34:52.296+0000] {dag.py:3096} INFO - Sync 1 DAGs
[2024-05-23T19:34:52.320+0000] {logging_mixin.py:188} INFO - [2024-05-23T19:34:52.320+0000] {dag.py:3954} INFO - Setting next_dagrun for tutorial_dag to None, run_after=None
[2024-05-23T19:34:52.357+0000] {processor.py:183} INFO - Processing /home/airflow/.local/lib/python3.12/site-packages/airflow/example_dags/tutorial_dag.py took 0.116 seconds
[2024-05-23T19:35:22.955+0000] {processor.py:161} INFO - Started process (PID=3080) to work on /home/airflow/.local/lib/python3.12/site-packages/airflow/example_dags/tutorial_dag.py
[2024-05-23T19:35:22.961+0000] {processor.py:830} INFO - Processing file /home/airflow/.local/lib/python3.12/site-packages/airflow/example_dags/tutorial_dag.py for tasks to queue
[2024-05-23T19:35:22.965+0000] {logging_mixin.py:188} INFO - [2024-05-23T19:35:22.965+0000] {dagbag.py:545} INFO - Filling up the DagBag from /home/airflow/.local/lib/python3.12/site-packages/airflow/example_dags/tutorial_dag.py
[2024-05-23T19:35:22.974+0000] {processor.py:840} INFO - DAG(s) 'tutorial_dag' retrieved from /home/airflow/.local/lib/python3.12/site-packages/airflow/example_dags/tutorial_dag.py
[2024-05-23T19:35:23.006+0000] {logging_mixin.py:188} INFO - [2024-05-23T19:35:23.006+0000] {dag.py:3096} INFO - Sync 1 DAGs
[2024-05-23T19:35:23.028+0000] {logging_mixin.py:188} INFO - [2024-05-23T19:35:23.028+0000] {dag.py:3954} INFO - Setting next_dagrun for tutorial_dag to None, run_after=None
[2024-05-23T19:35:23.057+0000] {processor.py:183} INFO - Processing /home/airflow/.local/lib/python3.12/site-packages/airflow/example_dags/tutorial_dag.py took 0.119 seconds
[2024-05-23T19:35:53.236+0000] {processor.py:161} INFO - Started process (PID=3342) to work on /home/airflow/.local/lib/python3.12/site-packages/airflow/example_dags/tutorial_dag.py
[2024-05-23T19:35:53.237+0000] {processor.py:830} INFO - Processing file /home/airflow/.local/lib/python3.12/site-packages/airflow/example_dags/tutorial_dag.py for tasks to queue
[2024-05-23T19:35:53.240+0000] {logging_mixin.py:188} INFO - [2024-05-23T19:35:53.240+0000] {dagbag.py:545} INFO - Filling up the DagBag from /home/airflow/.local/lib/python3.12/site-packages/airflow/example_dags/tutorial_dag.py
[2024-05-23T19:35:53.248+0000] {processor.py:840} INFO - DAG(s) 'tutorial_dag' retrieved from /home/airflow/.local/lib/python3.12/site-packages/airflow/example_dags/tutorial_dag.py
[2024-05-23T19:35:53.279+0000] {logging_mixin.py:188} INFO - [2024-05-23T19:35:53.279+0000] {dag.py:3096} INFO - Sync 1 DAGs
[2024-05-23T19:35:53.300+0000] {logging_mixin.py:188} INFO - [2024-05-23T19:35:53.299+0000] {dag.py:3954} INFO - Setting next_dagrun for tutorial_dag to None, run_after=None
[2024-05-23T19:35:53.328+0000] {processor.py:183} INFO - Processing /home/airflow/.local/lib/python3.12/site-packages/airflow/example_dags/tutorial_dag.py took 0.101 seconds
[2024-05-23T19:36:23.614+0000] {processor.py:161} INFO - Started process (PID=3604) to work on /home/airflow/.local/lib/python3.12/site-packages/airflow/example_dags/tutorial_dag.py
[2024-05-23T19:36:23.615+0000] {processor.py:830} INFO - Processing file /home/airflow/.local/lib/python3.12/site-packages/airflow/example_dags/tutorial_dag.py for tasks to queue
[2024-05-23T19:36:23.618+0000] {logging_mixin.py:188} INFO - [2024-05-23T19:36:23.617+0000] {dagbag.py:545} INFO - Filling up the DagBag from /home/airflow/.local/lib/python3.12/site-packages/airflow/example_dags/tutorial_dag.py
[2024-05-23T19:36:23.623+0000] {processor.py:840} INFO - DAG(s) 'tutorial_dag' retrieved from /home/airflow/.local/lib/python3.12/site-packages/airflow/example_dags/tutorial_dag.py
[2024-05-23T19:36:23.655+0000] {logging_mixin.py:188} INFO - [2024-05-23T19:36:23.655+0000] {dag.py:3096} INFO - Sync 1 DAGs
[2024-05-23T19:36:23.672+0000] {logging_mixin.py:188} INFO - [2024-05-23T19:36:23.672+0000] {dag.py:3954} INFO - Setting next_dagrun for tutorial_dag to None, run_after=None
[2024-05-23T19:36:23.699+0000] {processor.py:183} INFO - Processing /home/airflow/.local/lib/python3.12/site-packages/airflow/example_dags/tutorial_dag.py took 0.093 seconds
[2024-05-23T19:36:53.888+0000] {processor.py:161} INFO - Started process (PID=3866) to work on /home/airflow/.local/lib/python3.12/site-packages/airflow/example_dags/tutorial_dag.py
[2024-05-23T19:36:53.890+0000] {processor.py:830} INFO - Processing file /home/airflow/.local/lib/python3.12/site-packages/airflow/example_dags/tutorial_dag.py for tasks to queue
[2024-05-23T19:36:53.893+0000] {logging_mixin.py:188} INFO - [2024-05-23T19:36:53.892+0000] {dagbag.py:545} INFO - Filling up the DagBag from /home/airflow/.local/lib/python3.12/site-packages/airflow/example_dags/tutorial_dag.py
[2024-05-23T19:36:53.901+0000] {processor.py:840} INFO - DAG(s) 'tutorial_dag' retrieved from /home/airflow/.local/lib/python3.12/site-packages/airflow/example_dags/tutorial_dag.py
[2024-05-23T19:36:53.934+0000] {logging_mixin.py:188} INFO - [2024-05-23T19:36:53.934+0000] {dag.py:3096} INFO - Sync 1 DAGs
[2024-05-23T19:36:53.956+0000] {logging_mixin.py:188} INFO - [2024-05-23T19:36:53.956+0000] {dag.py:3954} INFO - Setting next_dagrun for tutorial_dag to None, run_after=None
[2024-05-23T19:36:53.984+0000] {processor.py:183} INFO - Processing /home/airflow/.local/lib/python3.12/site-packages/airflow/example_dags/tutorial_dag.py took 0.105 seconds
[2024-05-23T19:37:24.188+0000] {processor.py:161} INFO - Started process (PID=4128) to work on /home/airflow/.local/lib/python3.12/site-packages/airflow/example_dags/tutorial_dag.py
[2024-05-23T19:37:24.189+0000] {processor.py:830} INFO - Processing file /home/airflow/.local/lib/python3.12/site-packages/airflow/example_dags/tutorial_dag.py for tasks to queue
[2024-05-23T19:37:24.192+0000] {logging_mixin.py:188} INFO - [2024-05-23T19:37:24.192+0000] {dagbag.py:545} INFO - Filling up the DagBag from /home/airflow/.local/lib/python3.12/site-packages/airflow/example_dags/tutorial_dag.py
[2024-05-23T19:37:24.201+0000] {processor.py:840} INFO - DAG(s) 'tutorial_dag' retrieved from /home/airflow/.local/lib/python3.12/site-packages/airflow/example_dags/tutorial_dag.py
[2024-05-23T19:37:24.232+0000] {logging_mixin.py:188} INFO - [2024-05-23T19:37:24.231+0000] {dag.py:3096} INFO - Sync 1 DAGs
[2024-05-23T19:37:24.254+0000] {logging_mixin.py:188} INFO - [2024-05-23T19:37:24.254+0000] {dag.py:3954} INFO - Setting next_dagrun for tutorial_dag to None, run_after=None
[2024-05-23T19:37:24.282+0000] {processor.py:183} INFO - Processing /home/airflow/.local/lib/python3.12/site-packages/airflow/example_dags/tutorial_dag.py took 0.103 seconds
[2024-05-23T19:37:54.529+0000] {processor.py:161} INFO - Started process (PID=4390) to work on /home/airflow/.local/lib/python3.12/site-packages/airflow/example_dags/tutorial_dag.py
[2024-05-23T19:37:54.534+0000] {processor.py:830} INFO - Processing file /home/airflow/.local/lib/python3.12/site-packages/airflow/example_dags/tutorial_dag.py for tasks to queue
[2024-05-23T19:37:54.537+0000] {logging_mixin.py:188} INFO - [2024-05-23T19:37:54.536+0000] {dagbag.py:545} INFO - Filling up the DagBag from /home/airflow/.local/lib/python3.12/site-packages/airflow/example_dags/tutorial_dag.py
[2024-05-23T19:37:54.546+0000] {processor.py:840} INFO - DAG(s) 'tutorial_dag' retrieved from /home/airflow/.local/lib/python3.12/site-packages/airflow/example_dags/tutorial_dag.py
[2024-05-23T19:37:54.580+0000] {logging_mixin.py:188} INFO - [2024-05-23T19:37:54.579+0000] {dag.py:3096} INFO - Sync 1 DAGs
[2024-05-23T19:37:54.600+0000] {logging_mixin.py:188} INFO - [2024-05-23T19:37:54.600+0000] {dag.py:3954} INFO - Setting next_dagrun for tutorial_dag to None, run_after=None
[2024-05-23T19:37:54.628+0000] {processor.py:183} INFO - Processing /home/airflow/.local/lib/python3.12/site-packages/airflow/example_dags/tutorial_dag.py took 0.108 seconds
[2024-05-23T19:38:24.819+0000] {processor.py:161} INFO - Started process (PID=4652) to work on /home/airflow/.local/lib/python3.12/site-packages/airflow/example_dags/tutorial_dag.py
[2024-05-23T19:38:24.821+0000] {processor.py:830} INFO - Processing file /home/airflow/.local/lib/python3.12/site-packages/airflow/example_dags/tutorial_dag.py for tasks to queue
[2024-05-23T19:38:24.827+0000] {logging_mixin.py:188} INFO - [2024-05-23T19:38:24.826+0000] {dagbag.py:545} INFO - Filling up the DagBag from /home/airflow/.local/lib/python3.12/site-packages/airflow/example_dags/tutorial_dag.py
[2024-05-23T19:38:24.835+0000] {processor.py:840} INFO - DAG(s) 'tutorial_dag' retrieved from /home/airflow/.local/lib/python3.12/site-packages/airflow/example_dags/tutorial_dag.py
[2024-05-23T19:38:24.866+0000] {logging_mixin.py:188} INFO - [2024-05-23T19:38:24.866+0000] {dag.py:3096} INFO - Sync 1 DAGs
[2024-05-23T19:38:24.888+0000] {logging_mixin.py:188} INFO - [2024-05-23T19:38:24.887+0000] {dag.py:3954} INFO - Setting next_dagrun for tutorial_dag to None, run_after=None
[2024-05-23T19:38:24.917+0000] {processor.py:183} INFO - Processing /home/airflow/.local/lib/python3.12/site-packages/airflow/example_dags/tutorial_dag.py took 0.106 seconds
[2024-05-23T19:38:55.362+0000] {processor.py:161} INFO - Started process (PID=4914) to work on /home/airflow/.local/lib/python3.12/site-packages/airflow/example_dags/tutorial_dag.py
[2024-05-23T19:38:55.363+0000] {processor.py:830} INFO - Processing file /home/airflow/.local/lib/python3.12/site-packages/airflow/example_dags/tutorial_dag.py for tasks to queue
[2024-05-23T19:38:55.366+0000] {logging_mixin.py:188} INFO - [2024-05-23T19:38:55.366+0000] {dagbag.py:545} INFO - Filling up the DagBag from /home/airflow/.local/lib/python3.12/site-packages/airflow/example_dags/tutorial_dag.py
[2024-05-23T19:38:55.374+0000] {processor.py:840} INFO - DAG(s) 'tutorial_dag' retrieved from /home/airflow/.local/lib/python3.12/site-packages/airflow/example_dags/tutorial_dag.py
[2024-05-23T19:38:55.404+0000] {logging_mixin.py:188} INFO - [2024-05-23T19:38:55.403+0000] {dag.py:3096} INFO - Sync 1 DAGs
[2024-05-23T19:38:55.423+0000] {logging_mixin.py:188} INFO - [2024-05-23T19:38:55.422+0000] {dag.py:3954} INFO - Setting next_dagrun for tutorial_dag to None, run_after=None
[2024-05-23T19:38:55.451+0000] {processor.py:183} INFO - Processing /home/airflow/.local/lib/python3.12/site-packages/airflow/example_dags/tutorial_dag.py took 0.098 seconds
[2024-05-23T19:39:26.045+0000] {processor.py:161} INFO - Started process (PID=5176) to work on /home/airflow/.local/lib/python3.12/site-packages/airflow/example_dags/tutorial_dag.py
[2024-05-23T19:39:26.047+0000] {processor.py:830} INFO - Processing file /home/airflow/.local/lib/python3.12/site-packages/airflow/example_dags/tutorial_dag.py for tasks to queue
[2024-05-23T19:39:26.049+0000] {logging_mixin.py:188} INFO - [2024-05-23T19:39:26.049+0000] {dagbag.py:545} INFO - Filling up the DagBag from /home/airflow/.local/lib/python3.12/site-packages/airflow/example_dags/tutorial_dag.py
[2024-05-23T19:39:26.059+0000] {processor.py:840} INFO - DAG(s) 'tutorial_dag' retrieved from /home/airflow/.local/lib/python3.12/site-packages/airflow/example_dags/tutorial_dag.py
[2024-05-23T19:39:26.088+0000] {logging_mixin.py:188} INFO - [2024-05-23T19:39:26.088+0000] {dag.py:3096} INFO - Sync 1 DAGs
[2024-05-23T19:39:26.108+0000] {logging_mixin.py:188} INFO - [2024-05-23T19:39:26.108+0000] {dag.py:3954} INFO - Setting next_dagrun for tutorial_dag to None, run_after=None
[2024-05-23T19:39:26.136+0000] {processor.py:183} INFO - Processing /home/airflow/.local/lib/python3.12/site-packages/airflow/example_dags/tutorial_dag.py took 0.100 seconds
[2024-05-23T19:39:56.575+0000] {processor.py:161} INFO - Started process (PID=5438) to work on /home/airflow/.local/lib/python3.12/site-packages/airflow/example_dags/tutorial_dag.py
[2024-05-23T19:39:56.577+0000] {processor.py:830} INFO - Processing file /home/airflow/.local/lib/python3.12/site-packages/airflow/example_dags/tutorial_dag.py for tasks to queue
[2024-05-23T19:39:56.580+0000] {logging_mixin.py:188} INFO - [2024-05-23T19:39:56.579+0000] {dagbag.py:545} INFO - Filling up the DagBag from /home/airflow/.local/lib/python3.12/site-packages/airflow/example_dags/tutorial_dag.py
[2024-05-23T19:39:56.587+0000] {processor.py:840} INFO - DAG(s) 'tutorial_dag' retrieved from /home/airflow/.local/lib/python3.12/site-packages/airflow/example_dags/tutorial_dag.py
[2024-05-23T19:39:56.617+0000] {logging_mixin.py:188} INFO - [2024-05-23T19:39:56.617+0000] {dag.py:3096} INFO - Sync 1 DAGs
[2024-05-23T19:39:56.643+0000] {logging_mixin.py:188} INFO - [2024-05-23T19:39:56.642+0000] {dag.py:3954} INFO - Setting next_dagrun for tutorial_dag to None, run_after=None
[2024-05-23T19:39:56.674+0000] {processor.py:183} INFO - Processing /home/airflow/.local/lib/python3.12/site-packages/airflow/example_dags/tutorial_dag.py took 0.108 seconds
[2024-05-23T19:40:27.191+0000] {processor.py:161} INFO - Started process (PID=5700) to work on /home/airflow/.local/lib/python3.12/site-packages/airflow/example_dags/tutorial_dag.py
[2024-05-23T19:40:27.192+0000] {processor.py:830} INFO - Processing file /home/airflow/.local/lib/python3.12/site-packages/airflow/example_dags/tutorial_dag.py for tasks to queue
[2024-05-23T19:40:27.195+0000] {logging_mixin.py:188} INFO - [2024-05-23T19:40:27.194+0000] {dagbag.py:545} INFO - Filling up the DagBag from /home/airflow/.local/lib/python3.12/site-packages/airflow/example_dags/tutorial_dag.py
[2024-05-23T19:40:27.202+0000] {processor.py:840} INFO - DAG(s) 'tutorial_dag' retrieved from /home/airflow/.local/lib/python3.12/site-packages/airflow/example_dags/tutorial_dag.py
[2024-05-23T19:40:27.228+0000] {logging_mixin.py:188} INFO - [2024-05-23T19:40:27.227+0000] {dag.py:3096} INFO - Sync 1 DAGs
[2024-05-23T19:40:27.246+0000] {logging_mixin.py:188} INFO - [2024-05-23T19:40:27.246+0000] {dag.py:3954} INFO - Setting next_dagrun for tutorial_dag to None, run_after=None
[2024-05-23T19:40:27.273+0000] {processor.py:183} INFO - Processing /home/airflow/.local/lib/python3.12/site-packages/airflow/example_dags/tutorial_dag.py took 0.090 seconds
[2024-05-23T19:40:57.468+0000] {processor.py:161} INFO - Started process (PID=5962) to work on /home/airflow/.local/lib/python3.12/site-packages/airflow/example_dags/tutorial_dag.py
[2024-05-23T19:40:57.470+0000] {processor.py:830} INFO - Processing file /home/airflow/.local/lib/python3.12/site-packages/airflow/example_dags/tutorial_dag.py for tasks to queue
[2024-05-23T19:40:57.473+0000] {logging_mixin.py:188} INFO - [2024-05-23T19:40:57.472+0000] {dagbag.py:545} INFO - Filling up the DagBag from /home/airflow/.local/lib/python3.12/site-packages/airflow/example_dags/tutorial_dag.py
[2024-05-23T19:40:57.482+0000] {processor.py:840} INFO - DAG(s) 'tutorial_dag' retrieved from /home/airflow/.local/lib/python3.12/site-packages/airflow/example_dags/tutorial_dag.py
[2024-05-23T19:40:57.513+0000] {logging_mixin.py:188} INFO - [2024-05-23T19:40:57.512+0000] {dag.py:3096} INFO - Sync 1 DAGs
[2024-05-23T19:40:57.532+0000] {logging_mixin.py:188} INFO - [2024-05-23T19:40:57.532+0000] {dag.py:3954} INFO - Setting next_dagrun for tutorial_dag to None, run_after=None
[2024-05-23T19:40:57.561+0000] {processor.py:183} INFO - Processing /home/airflow/.local/lib/python3.12/site-packages/airflow/example_dags/tutorial_dag.py took 0.101 seconds
[2024-05-23T19:41:28.115+0000] {processor.py:161} INFO - Started process (PID=6224) to work on /home/airflow/.local/lib/python3.12/site-packages/airflow/example_dags/tutorial_dag.py
[2024-05-23T19:41:28.117+0000] {processor.py:830} INFO - Processing file /home/airflow/.local/lib/python3.12/site-packages/airflow/example_dags/tutorial_dag.py for tasks to queue
[2024-05-23T19:41:28.120+0000] {logging_mixin.py:188} INFO - [2024-05-23T19:41:28.120+0000] {dagbag.py:545} INFO - Filling up the DagBag from /home/airflow/.local/lib/python3.12/site-packages/airflow/example_dags/tutorial_dag.py
[2024-05-23T19:41:28.129+0000] {processor.py:840} INFO - DAG(s) 'tutorial_dag' retrieved from /home/airflow/.local/lib/python3.12/site-packages/airflow/example_dags/tutorial_dag.py
[2024-05-23T19:41:28.163+0000] {logging_mixin.py:188} INFO - [2024-05-23T19:41:28.163+0000] {dag.py:3096} INFO - Sync 1 DAGs
[2024-05-23T19:41:28.186+0000] {logging_mixin.py:188} INFO - [2024-05-23T19:41:28.185+0000] {dag.py:3954} INFO - Setting next_dagrun for tutorial_dag to None, run_after=None
[2024-05-23T19:41:28.221+0000] {processor.py:183} INFO - Processing /home/airflow/.local/lib/python3.12/site-packages/airflow/example_dags/tutorial_dag.py took 0.114 seconds
[2024-05-23T19:41:58.268+0000] {processor.py:161} INFO - Started process (PID=6485) to work on /home/airflow/.local/lib/python3.12/site-packages/airflow/example_dags/tutorial_dag.py
[2024-05-23T19:41:58.269+0000] {processor.py:830} INFO - Processing file /home/airflow/.local/lib/python3.12/site-packages/airflow/example_dags/tutorial_dag.py for tasks to queue
[2024-05-23T19:41:58.272+0000] {logging_mixin.py:188} INFO - [2024-05-23T19:41:58.271+0000] {dagbag.py:545} INFO - Filling up the DagBag from /home/airflow/.local/lib/python3.12/site-packages/airflow/example_dags/tutorial_dag.py
[2024-05-23T19:41:58.280+0000] {processor.py:840} INFO - DAG(s) 'tutorial_dag' retrieved from /home/airflow/.local/lib/python3.12/site-packages/airflow/example_dags/tutorial_dag.py
[2024-05-23T19:41:58.310+0000] {logging_mixin.py:188} INFO - [2024-05-23T19:41:58.309+0000] {dag.py:3096} INFO - Sync 1 DAGs
[2024-05-23T19:41:58.331+0000] {logging_mixin.py:188} INFO - [2024-05-23T19:41:58.331+0000] {dag.py:3954} INFO - Setting next_dagrun for tutorial_dag to None, run_after=None
[2024-05-23T19:41:58.358+0000] {processor.py:183} INFO - Processing /home/airflow/.local/lib/python3.12/site-packages/airflow/example_dags/tutorial_dag.py took 0.101 seconds
[2024-05-23T19:42:28.875+0000] {processor.py:161} INFO - Started process (PID=6747) to work on /home/airflow/.local/lib/python3.12/site-packages/airflow/example_dags/tutorial_dag.py
[2024-05-23T19:42:28.876+0000] {processor.py:830} INFO - Processing file /home/airflow/.local/lib/python3.12/site-packages/airflow/example_dags/tutorial_dag.py for tasks to queue
[2024-05-23T19:42:28.878+0000] {logging_mixin.py:188} INFO - [2024-05-23T19:42:28.878+0000] {dagbag.py:545} INFO - Filling up the DagBag from /home/airflow/.local/lib/python3.12/site-packages/airflow/example_dags/tutorial_dag.py
[2024-05-23T19:42:28.886+0000] {processor.py:840} INFO - DAG(s) 'tutorial_dag' retrieved from /home/airflow/.local/lib/python3.12/site-packages/airflow/example_dags/tutorial_dag.py
[2024-05-23T19:42:28.913+0000] {logging_mixin.py:188} INFO - [2024-05-23T19:42:28.912+0000] {dag.py:3096} INFO - Sync 1 DAGs
[2024-05-23T19:42:28.931+0000] {logging_mixin.py:188} INFO - [2024-05-23T19:42:28.931+0000] {dag.py:3954} INFO - Setting next_dagrun for tutorial_dag to None, run_after=None
[2024-05-23T19:42:28.957+0000] {processor.py:183} INFO - Processing /home/airflow/.local/lib/python3.12/site-packages/airflow/example_dags/tutorial_dag.py took 0.091 seconds
[2024-05-23T19:42:59.157+0000] {processor.py:161} INFO - Started process (PID=7009) to work on /home/airflow/.local/lib/python3.12/site-packages/airflow/example_dags/tutorial_dag.py
[2024-05-23T19:42:59.159+0000] {processor.py:830} INFO - Processing file /home/airflow/.local/lib/python3.12/site-packages/airflow/example_dags/tutorial_dag.py for tasks to queue
[2024-05-23T19:42:59.162+0000] {logging_mixin.py:188} INFO - [2024-05-23T19:42:59.162+0000] {dagbag.py:545} INFO - Filling up the DagBag from /home/airflow/.local/lib/python3.12/site-packages/airflow/example_dags/tutorial_dag.py
[2024-05-23T19:42:59.171+0000] {processor.py:840} INFO - DAG(s) 'tutorial_dag' retrieved from /home/airflow/.local/lib/python3.12/site-packages/airflow/example_dags/tutorial_dag.py
[2024-05-23T19:42:59.207+0000] {logging_mixin.py:188} INFO - [2024-05-23T19:42:59.207+0000] {dag.py:3096} INFO - Sync 1 DAGs
[2024-05-23T19:42:59.229+0000] {logging_mixin.py:188} INFO - [2024-05-23T19:42:59.229+0000] {dag.py:3954} INFO - Setting next_dagrun for tutorial_dag to None, run_after=None
[2024-05-23T19:42:59.259+0000] {processor.py:183} INFO - Processing /home/airflow/.local/lib/python3.12/site-packages/airflow/example_dags/tutorial_dag.py took 0.110 seconds
[2024-05-23T19:43:29.877+0000] {processor.py:161} INFO - Started process (PID=7265) to work on /home/airflow/.local/lib/python3.12/site-packages/airflow/example_dags/tutorial_dag.py
[2024-05-23T19:43:29.878+0000] {processor.py:830} INFO - Processing file /home/airflow/.local/lib/python3.12/site-packages/airflow/example_dags/tutorial_dag.py for tasks to queue
[2024-05-23T19:43:29.882+0000] {logging_mixin.py:188} INFO - [2024-05-23T19:43:29.881+0000] {dagbag.py:545} INFO - Filling up the DagBag from /home/airflow/.local/lib/python3.12/site-packages/airflow/example_dags/tutorial_dag.py
[2024-05-23T19:43:29.889+0000] {processor.py:840} INFO - DAG(s) 'tutorial_dag' retrieved from /home/airflow/.local/lib/python3.12/site-packages/airflow/example_dags/tutorial_dag.py
[2024-05-23T19:43:29.919+0000] {logging_mixin.py:188} INFO - [2024-05-23T19:43:29.919+0000] {dag.py:3096} INFO - Sync 1 DAGs
[2024-05-23T19:43:29.941+0000] {logging_mixin.py:188} INFO - [2024-05-23T19:43:29.941+0000] {dag.py:3954} INFO - Setting next_dagrun for tutorial_dag to None, run_after=None
[2024-05-23T19:43:29.973+0000] {processor.py:183} INFO - Processing /home/airflow/.local/lib/python3.12/site-packages/airflow/example_dags/tutorial_dag.py took 0.105 seconds
[2024-05-23T19:44:00.494+0000] {processor.py:161} INFO - Started process (PID=7527) to work on /home/airflow/.local/lib/python3.12/site-packages/airflow/example_dags/tutorial_dag.py
[2024-05-23T19:44:00.495+0000] {processor.py:830} INFO - Processing file /home/airflow/.local/lib/python3.12/site-packages/airflow/example_dags/tutorial_dag.py for tasks to queue
[2024-05-23T19:44:00.499+0000] {logging_mixin.py:188} INFO - [2024-05-23T19:44:00.498+0000] {dagbag.py:545} INFO - Filling up the DagBag from /home/airflow/.local/lib/python3.12/site-packages/airflow/example_dags/tutorial_dag.py
[2024-05-23T19:44:00.506+0000] {processor.py:840} INFO - DAG(s) 'tutorial_dag' retrieved from /home/airflow/.local/lib/python3.12/site-packages/airflow/example_dags/tutorial_dag.py
[2024-05-23T19:44:00.536+0000] {logging_mixin.py:188} INFO - [2024-05-23T19:44:00.535+0000] {dag.py:3096} INFO - Sync 1 DAGs
[2024-05-23T19:44:00.555+0000] {logging_mixin.py:188} INFO - [2024-05-23T19:44:00.554+0000] {dag.py:3954} INFO - Setting next_dagrun for tutorial_dag to None, run_after=None
[2024-05-23T19:44:00.583+0000] {processor.py:183} INFO - Processing /home/airflow/.local/lib/python3.12/site-packages/airflow/example_dags/tutorial_dag.py took 0.098 seconds
[2024-05-23T19:44:30.902+0000] {processor.py:161} INFO - Started process (PID=7789) to work on /home/airflow/.local/lib/python3.12/site-packages/airflow/example_dags/tutorial_dag.py
[2024-05-23T19:44:30.903+0000] {processor.py:830} INFO - Processing file /home/airflow/.local/lib/python3.12/site-packages/airflow/example_dags/tutorial_dag.py for tasks to queue
[2024-05-23T19:44:30.906+0000] {logging_mixin.py:188} INFO - [2024-05-23T19:44:30.906+0000] {dagbag.py:545} INFO - Filling up the DagBag from /home/airflow/.local/lib/python3.12/site-packages/airflow/example_dags/tutorial_dag.py
[2024-05-23T19:44:30.914+0000] {processor.py:840} INFO - DAG(s) 'tutorial_dag' retrieved from /home/airflow/.local/lib/python3.12/site-packages/airflow/example_dags/tutorial_dag.py
[2024-05-23T19:44:30.944+0000] {logging_mixin.py:188} INFO - [2024-05-23T19:44:30.944+0000] {dag.py:3096} INFO - Sync 1 DAGs
[2024-05-23T19:44:30.965+0000] {logging_mixin.py:188} INFO - [2024-05-23T19:44:30.964+0000] {dag.py:3954} INFO - Setting next_dagrun for tutorial_dag to None, run_after=None
[2024-05-23T19:44:30.990+0000] {processor.py:183} INFO - Processing /home/airflow/.local/lib/python3.12/site-packages/airflow/example_dags/tutorial_dag.py took 0.097 seconds
[2024-05-23T19:45:01.387+0000] {processor.py:161} INFO - Started process (PID=8051) to work on /home/airflow/.local/lib/python3.12/site-packages/airflow/example_dags/tutorial_dag.py
[2024-05-23T19:45:01.388+0000] {processor.py:830} INFO - Processing file /home/airflow/.local/lib/python3.12/site-packages/airflow/example_dags/tutorial_dag.py for tasks to queue
[2024-05-23T19:45:01.391+0000] {logging_mixin.py:188} INFO - [2024-05-23T19:45:01.390+0000] {dagbag.py:545} INFO - Filling up the DagBag from /home/airflow/.local/lib/python3.12/site-packages/airflow/example_dags/tutorial_dag.py
[2024-05-23T19:45:01.398+0000] {processor.py:840} INFO - DAG(s) 'tutorial_dag' retrieved from /home/airflow/.local/lib/python3.12/site-packages/airflow/example_dags/tutorial_dag.py
[2024-05-23T19:45:01.426+0000] {logging_mixin.py:188} INFO - [2024-05-23T19:45:01.426+0000] {dag.py:3096} INFO - Sync 1 DAGs
[2024-05-23T19:45:01.444+0000] {logging_mixin.py:188} INFO - [2024-05-23T19:45:01.444+0000] {dag.py:3954} INFO - Setting next_dagrun for tutorial_dag to None, run_after=None
[2024-05-23T19:45:01.470+0000] {processor.py:183} INFO - Processing /home/airflow/.local/lib/python3.12/site-packages/airflow/example_dags/tutorial_dag.py took 0.092 seconds
[2024-05-23T19:45:31.901+0000] {processor.py:161} INFO - Started process (PID=8313) to work on /home/airflow/.local/lib/python3.12/site-packages/airflow/example_dags/tutorial_dag.py
[2024-05-23T19:45:31.903+0000] {processor.py:830} INFO - Processing file /home/airflow/.local/lib/python3.12/site-packages/airflow/example_dags/tutorial_dag.py for tasks to queue
[2024-05-23T19:45:31.906+0000] {logging_mixin.py:188} INFO - [2024-05-23T19:45:31.905+0000] {dagbag.py:545} INFO - Filling up the DagBag from /home/airflow/.local/lib/python3.12/site-packages/airflow/example_dags/tutorial_dag.py
[2024-05-23T19:45:31.914+0000] {processor.py:840} INFO - DAG(s) 'tutorial_dag' retrieved from /home/airflow/.local/lib/python3.12/site-packages/airflow/example_dags/tutorial_dag.py
[2024-05-23T19:45:31.943+0000] {logging_mixin.py:188} INFO - [2024-05-23T19:45:31.942+0000] {dag.py:3096} INFO - Sync 1 DAGs
[2024-05-23T19:45:31.960+0000] {logging_mixin.py:188} INFO - [2024-05-23T19:45:31.960+0000] {dag.py:3954} INFO - Setting next_dagrun for tutorial_dag to None, run_after=None
[2024-05-23T19:45:31.984+0000] {processor.py:183} INFO - Processing /home/airflow/.local/lib/python3.12/site-packages/airflow/example_dags/tutorial_dag.py took 0.091 seconds
[2024-05-23T19:46:02.015+0000] {processor.py:161} INFO - Started process (PID=8575) to work on /home/airflow/.local/lib/python3.12/site-packages/airflow/example_dags/tutorial_dag.py
[2024-05-23T19:46:02.016+0000] {processor.py:830} INFO - Processing file /home/airflow/.local/lib/python3.12/site-packages/airflow/example_dags/tutorial_dag.py for tasks to queue
[2024-05-23T19:46:02.019+0000] {logging_mixin.py:188} INFO - [2024-05-23T19:46:02.019+0000] {dagbag.py:545} INFO - Filling up the DagBag from /home/airflow/.local/lib/python3.12/site-packages/airflow/example_dags/tutorial_dag.py
[2024-05-23T19:46:02.026+0000] {processor.py:840} INFO - DAG(s) 'tutorial_dag' retrieved from /home/airflow/.local/lib/python3.12/site-packages/airflow/example_dags/tutorial_dag.py
[2024-05-23T19:46:02.053+0000] {logging_mixin.py:188} INFO - [2024-05-23T19:46:02.053+0000] {dag.py:3096} INFO - Sync 1 DAGs
[2024-05-23T19:46:02.070+0000] {logging_mixin.py:188} INFO - [2024-05-23T19:46:02.070+0000] {dag.py:3954} INFO - Setting next_dagrun for tutorial_dag to None, run_after=None
[2024-05-23T19:46:02.096+0000] {processor.py:183} INFO - Processing /home/airflow/.local/lib/python3.12/site-packages/airflow/example_dags/tutorial_dag.py took 0.089 seconds
[2024-05-23T19:46:32.296+0000] {processor.py:161} INFO - Started process (PID=8837) to work on /home/airflow/.local/lib/python3.12/site-packages/airflow/example_dags/tutorial_dag.py
[2024-05-23T19:46:32.297+0000] {processor.py:830} INFO - Processing file /home/airflow/.local/lib/python3.12/site-packages/airflow/example_dags/tutorial_dag.py for tasks to queue
[2024-05-23T19:46:32.300+0000] {logging_mixin.py:188} INFO - [2024-05-23T19:46:32.300+0000] {dagbag.py:545} INFO - Filling up the DagBag from /home/airflow/.local/lib/python3.12/site-packages/airflow/example_dags/tutorial_dag.py
[2024-05-23T19:46:32.307+0000] {processor.py:840} INFO - DAG(s) 'tutorial_dag' retrieved from /home/airflow/.local/lib/python3.12/site-packages/airflow/example_dags/tutorial_dag.py
[2024-05-23T19:46:32.335+0000] {logging_mixin.py:188} INFO - [2024-05-23T19:46:32.335+0000] {dag.py:3096} INFO - Sync 1 DAGs
[2024-05-23T19:46:32.353+0000] {logging_mixin.py:188} INFO - [2024-05-23T19:46:32.353+0000] {dag.py:3954} INFO - Setting next_dagrun for tutorial_dag to None, run_after=None
[2024-05-23T19:46:32.380+0000] {processor.py:183} INFO - Processing /home/airflow/.local/lib/python3.12/site-packages/airflow/example_dags/tutorial_dag.py took 0.092 seconds
[2024-05-23T19:47:02.654+0000] {processor.py:161} INFO - Started process (PID=9099) to work on /home/airflow/.local/lib/python3.12/site-packages/airflow/example_dags/tutorial_dag.py
[2024-05-23T19:47:02.655+0000] {processor.py:830} INFO - Processing file /home/airflow/.local/lib/python3.12/site-packages/airflow/example_dags/tutorial_dag.py for tasks to queue
[2024-05-23T19:47:02.658+0000] {logging_mixin.py:188} INFO - [2024-05-23T19:47:02.658+0000] {dagbag.py:545} INFO - Filling up the DagBag from /home/airflow/.local/lib/python3.12/site-packages/airflow/example_dags/tutorial_dag.py
[2024-05-23T19:47:02.666+0000] {processor.py:840} INFO - DAG(s) 'tutorial_dag' retrieved from /home/airflow/.local/lib/python3.12/site-packages/airflow/example_dags/tutorial_dag.py
[2024-05-23T19:47:02.694+0000] {logging_mixin.py:188} INFO - [2024-05-23T19:47:02.694+0000] {dag.py:3096} INFO - Sync 1 DAGs
[2024-05-23T19:47:02.712+0000] {logging_mixin.py:188} INFO - [2024-05-23T19:47:02.712+0000] {dag.py:3954} INFO - Setting next_dagrun for tutorial_dag to None, run_after=None
[2024-05-23T19:47:02.738+0000] {processor.py:183} INFO - Processing /home/airflow/.local/lib/python3.12/site-packages/airflow/example_dags/tutorial_dag.py took 0.092 seconds
[2024-05-23T19:47:32.804+0000] {processor.py:161} INFO - Started process (PID=9361) to work on /home/airflow/.local/lib/python3.12/site-packages/airflow/example_dags/tutorial_dag.py
[2024-05-23T19:47:32.805+0000] {processor.py:830} INFO - Processing file /home/airflow/.local/lib/python3.12/site-packages/airflow/example_dags/tutorial_dag.py for tasks to queue
[2024-05-23T19:47:32.808+0000] {logging_mixin.py:188} INFO - [2024-05-23T19:47:32.807+0000] {dagbag.py:545} INFO - Filling up the DagBag from /home/airflow/.local/lib/python3.12/site-packages/airflow/example_dags/tutorial_dag.py
[2024-05-23T19:47:32.814+0000] {processor.py:840} INFO - DAG(s) 'tutorial_dag' retrieved from /home/airflow/.local/lib/python3.12/site-packages/airflow/example_dags/tutorial_dag.py
[2024-05-23T19:47:32.841+0000] {logging_mixin.py:188} INFO - [2024-05-23T19:47:32.840+0000] {dag.py:3096} INFO - Sync 1 DAGs
[2024-05-23T19:47:32.858+0000] {logging_mixin.py:188} INFO - [2024-05-23T19:47:32.857+0000] {dag.py:3954} INFO - Setting next_dagrun for tutorial_dag to None, run_after=None
[2024-05-23T19:47:32.882+0000] {processor.py:183} INFO - Processing /home/airflow/.local/lib/python3.12/site-packages/airflow/example_dags/tutorial_dag.py took 0.085 seconds
[2024-05-23T19:48:02.961+0000] {processor.py:161} INFO - Started process (PID=9623) to work on /home/airflow/.local/lib/python3.12/site-packages/airflow/example_dags/tutorial_dag.py
[2024-05-23T19:48:02.962+0000] {processor.py:830} INFO - Processing file /home/airflow/.local/lib/python3.12/site-packages/airflow/example_dags/tutorial_dag.py for tasks to queue
[2024-05-23T19:48:02.965+0000] {logging_mixin.py:188} INFO - [2024-05-23T19:48:02.965+0000] {dagbag.py:545} INFO - Filling up the DagBag from /home/airflow/.local/lib/python3.12/site-packages/airflow/example_dags/tutorial_dag.py
[2024-05-23T19:48:02.972+0000] {processor.py:840} INFO - DAG(s) 'tutorial_dag' retrieved from /home/airflow/.local/lib/python3.12/site-packages/airflow/example_dags/tutorial_dag.py
[2024-05-23T19:48:02.999+0000] {logging_mixin.py:188} INFO - [2024-05-23T19:48:02.998+0000] {dag.py:3096} INFO - Sync 1 DAGs
[2024-05-23T19:48:03.016+0000] {logging_mixin.py:188} INFO - [2024-05-23T19:48:03.016+0000] {dag.py:3954} INFO - Setting next_dagrun for tutorial_dag to None, run_after=None
[2024-05-23T19:48:03.041+0000] {processor.py:183} INFO - Processing /home/airflow/.local/lib/python3.12/site-packages/airflow/example_dags/tutorial_dag.py took 0.087 seconds
[2024-05-23T19:48:33.475+0000] {processor.py:161} INFO - Started process (PID=9885) to work on /home/airflow/.local/lib/python3.12/site-packages/airflow/example_dags/tutorial_dag.py
[2024-05-23T19:48:33.477+0000] {processor.py:830} INFO - Processing file /home/airflow/.local/lib/python3.12/site-packages/airflow/example_dags/tutorial_dag.py for tasks to queue
[2024-05-23T19:48:33.480+0000] {logging_mixin.py:188} INFO - [2024-05-23T19:48:33.480+0000] {dagbag.py:545} INFO - Filling up the DagBag from /home/airflow/.local/lib/python3.12/site-packages/airflow/example_dags/tutorial_dag.py
[2024-05-23T19:48:33.488+0000] {processor.py:840} INFO - DAG(s) 'tutorial_dag' retrieved from /home/airflow/.local/lib/python3.12/site-packages/airflow/example_dags/tutorial_dag.py
[2024-05-23T19:48:33.517+0000] {logging_mixin.py:188} INFO - [2024-05-23T19:48:33.517+0000] {dag.py:3096} INFO - Sync 1 DAGs
[2024-05-23T19:48:33.538+0000] {logging_mixin.py:188} INFO - [2024-05-23T19:48:33.537+0000] {dag.py:3954} INFO - Setting next_dagrun for tutorial_dag to None, run_after=None
[2024-05-23T19:48:33.564+0000] {processor.py:183} INFO - Processing /home/airflow/.local/lib/python3.12/site-packages/airflow/example_dags/tutorial_dag.py took 0.097 seconds
[2024-05-23T19:49:03.930+0000] {processor.py:161} INFO - Started process (PID=10147) to work on /home/airflow/.local/lib/python3.12/site-packages/airflow/example_dags/tutorial_dag.py
[2024-05-23T19:49:03.932+0000] {processor.py:830} INFO - Processing file /home/airflow/.local/lib/python3.12/site-packages/airflow/example_dags/tutorial_dag.py for tasks to queue
[2024-05-23T19:49:03.935+0000] {logging_mixin.py:188} INFO - [2024-05-23T19:49:03.934+0000] {dagbag.py:545} INFO - Filling up the DagBag from /home/airflow/.local/lib/python3.12/site-packages/airflow/example_dags/tutorial_dag.py
[2024-05-23T19:49:03.943+0000] {processor.py:840} INFO - DAG(s) 'tutorial_dag' retrieved from /home/airflow/.local/lib/python3.12/site-packages/airflow/example_dags/tutorial_dag.py
[2024-05-23T19:49:03.974+0000] {logging_mixin.py:188} INFO - [2024-05-23T19:49:03.973+0000] {dag.py:3096} INFO - Sync 1 DAGs
[2024-05-23T19:49:03.993+0000] {logging_mixin.py:188} INFO - [2024-05-23T19:49:03.993+0000] {dag.py:3954} INFO - Setting next_dagrun for tutorial_dag to None, run_after=None
[2024-05-23T19:49:04.020+0000] {processor.py:183} INFO - Processing /home/airflow/.local/lib/python3.12/site-packages/airflow/example_dags/tutorial_dag.py took 0.098 seconds
[2024-05-23T19:49:34.252+0000] {processor.py:161} INFO - Started process (PID=10409) to work on /home/airflow/.local/lib/python3.12/site-packages/airflow/example_dags/tutorial_dag.py
[2024-05-23T19:49:34.255+0000] {processor.py:830} INFO - Processing file /home/airflow/.local/lib/python3.12/site-packages/airflow/example_dags/tutorial_dag.py for tasks to queue
[2024-05-23T19:49:34.257+0000] {logging_mixin.py:188} INFO - [2024-05-23T19:49:34.257+0000] {dagbag.py:545} INFO - Filling up the DagBag from /home/airflow/.local/lib/python3.12/site-packages/airflow/example_dags/tutorial_dag.py
[2024-05-23T19:49:34.265+0000] {processor.py:840} INFO - DAG(s) 'tutorial_dag' retrieved from /home/airflow/.local/lib/python3.12/site-packages/airflow/example_dags/tutorial_dag.py
[2024-05-23T19:49:34.294+0000] {logging_mixin.py:188} INFO - [2024-05-23T19:49:34.294+0000] {dag.py:3096} INFO - Sync 1 DAGs
[2024-05-23T19:49:34.313+0000] {logging_mixin.py:188} INFO - [2024-05-23T19:49:34.313+0000] {dag.py:3954} INFO - Setting next_dagrun for tutorial_dag to None, run_after=None
[2024-05-23T19:49:34.341+0000] {processor.py:183} INFO - Processing /home/airflow/.local/lib/python3.12/site-packages/airflow/example_dags/tutorial_dag.py took 0.098 seconds
[2024-05-23T19:50:04.739+0000] {processor.py:161} INFO - Started process (PID=10671) to work on /home/airflow/.local/lib/python3.12/site-packages/airflow/example_dags/tutorial_dag.py
[2024-05-23T19:50:04.741+0000] {processor.py:830} INFO - Processing file /home/airflow/.local/lib/python3.12/site-packages/airflow/example_dags/tutorial_dag.py for tasks to queue
[2024-05-23T19:50:04.744+0000] {logging_mixin.py:188} INFO - [2024-05-23T19:50:04.743+0000] {dagbag.py:545} INFO - Filling up the DagBag from /home/airflow/.local/lib/python3.12/site-packages/airflow/example_dags/tutorial_dag.py
[2024-05-23T19:50:04.751+0000] {processor.py:840} INFO - DAG(s) 'tutorial_dag' retrieved from /home/airflow/.local/lib/python3.12/site-packages/airflow/example_dags/tutorial_dag.py
[2024-05-23T19:50:04.781+0000] {logging_mixin.py:188} INFO - [2024-05-23T19:50:04.781+0000] {dag.py:3096} INFO - Sync 1 DAGs
[2024-05-23T19:50:04.801+0000] {logging_mixin.py:188} INFO - [2024-05-23T19:50:04.801+0000] {dag.py:3954} INFO - Setting next_dagrun for tutorial_dag to None, run_after=None
[2024-05-23T19:50:04.827+0000] {processor.py:183} INFO - Processing /home/airflow/.local/lib/python3.12/site-packages/airflow/example_dags/tutorial_dag.py took 0.097 seconds
[2024-05-23T19:50:34.876+0000] {processor.py:161} INFO - Started process (PID=10933) to work on /home/airflow/.local/lib/python3.12/site-packages/airflow/example_dags/tutorial_dag.py
[2024-05-23T19:50:34.878+0000] {processor.py:830} INFO - Processing file /home/airflow/.local/lib/python3.12/site-packages/airflow/example_dags/tutorial_dag.py for tasks to queue
[2024-05-23T19:50:34.880+0000] {logging_mixin.py:188} INFO - [2024-05-23T19:50:34.880+0000] {dagbag.py:545} INFO - Filling up the DagBag from /home/airflow/.local/lib/python3.12/site-packages/airflow/example_dags/tutorial_dag.py
[2024-05-23T19:50:34.888+0000] {processor.py:840} INFO - DAG(s) 'tutorial_dag' retrieved from /home/airflow/.local/lib/python3.12/site-packages/airflow/example_dags/tutorial_dag.py
[2024-05-23T19:50:34.916+0000] {logging_mixin.py:188} INFO - [2024-05-23T19:50:34.916+0000] {dag.py:3096} INFO - Sync 1 DAGs
[2024-05-23T19:50:35.084+0000] {logging_mixin.py:188} INFO - [2024-05-23T19:50:35.084+0000] {dag.py:3954} INFO - Setting next_dagrun for tutorial_dag to None, run_after=None
[2024-05-23T19:50:35.111+0000] {processor.py:183} INFO - Processing /home/airflow/.local/lib/python3.12/site-packages/airflow/example_dags/tutorial_dag.py took 0.244 seconds
[2024-05-23T19:51:05.310+0000] {processor.py:161} INFO - Started process (PID=11195) to work on /home/airflow/.local/lib/python3.12/site-packages/airflow/example_dags/tutorial_dag.py
[2024-05-23T19:51:05.312+0000] {processor.py:830} INFO - Processing file /home/airflow/.local/lib/python3.12/site-packages/airflow/example_dags/tutorial_dag.py for tasks to queue
[2024-05-23T19:51:05.314+0000] {logging_mixin.py:188} INFO - [2024-05-23T19:51:05.314+0000] {dagbag.py:545} INFO - Filling up the DagBag from /home/airflow/.local/lib/python3.12/site-packages/airflow/example_dags/tutorial_dag.py
[2024-05-23T19:51:05.322+0000] {processor.py:840} INFO - DAG(s) 'tutorial_dag' retrieved from /home/airflow/.local/lib/python3.12/site-packages/airflow/example_dags/tutorial_dag.py
[2024-05-23T19:51:05.353+0000] {logging_mixin.py:188} INFO - [2024-05-23T19:51:05.353+0000] {dag.py:3096} INFO - Sync 1 DAGs
[2024-05-23T19:51:05.373+0000] {logging_mixin.py:188} INFO - [2024-05-23T19:51:05.372+0000] {dag.py:3954} INFO - Setting next_dagrun for tutorial_dag to None, run_after=None
[2024-05-23T19:51:05.403+0000] {processor.py:183} INFO - Processing /home/airflow/.local/lib/python3.12/site-packages/airflow/example_dags/tutorial_dag.py took 0.101 seconds
[2024-05-23T19:51:36.166+0000] {processor.py:161} INFO - Started process (PID=11457) to work on /home/airflow/.local/lib/python3.12/site-packages/airflow/example_dags/tutorial_dag.py
[2024-05-23T19:51:36.167+0000] {processor.py:830} INFO - Processing file /home/airflow/.local/lib/python3.12/site-packages/airflow/example_dags/tutorial_dag.py for tasks to queue
[2024-05-23T19:51:36.170+0000] {logging_mixin.py:188} INFO - [2024-05-23T19:51:36.169+0000] {dagbag.py:545} INFO - Filling up the DagBag from /home/airflow/.local/lib/python3.12/site-packages/airflow/example_dags/tutorial_dag.py
[2024-05-23T19:51:36.178+0000] {processor.py:840} INFO - DAG(s) 'tutorial_dag' retrieved from /home/airflow/.local/lib/python3.12/site-packages/airflow/example_dags/tutorial_dag.py
[2024-05-23T19:51:36.209+0000] {logging_mixin.py:188} INFO - [2024-05-23T19:51:36.209+0000] {dag.py:3096} INFO - Sync 1 DAGs
[2024-05-23T19:51:36.229+0000] {logging_mixin.py:188} INFO - [2024-05-23T19:51:36.229+0000] {dag.py:3954} INFO - Setting next_dagrun for tutorial_dag to None, run_after=None
[2024-05-23T19:51:36.260+0000] {processor.py:183} INFO - Processing /home/airflow/.local/lib/python3.12/site-packages/airflow/example_dags/tutorial_dag.py took 0.103 seconds
[2024-05-23T19:52:06.557+0000] {processor.py:161} INFO - Started process (PID=11719) to work on /home/airflow/.local/lib/python3.12/site-packages/airflow/example_dags/tutorial_dag.py
[2024-05-23T19:52:06.559+0000] {processor.py:830} INFO - Processing file /home/airflow/.local/lib/python3.12/site-packages/airflow/example_dags/tutorial_dag.py for tasks to queue
[2024-05-23T19:52:06.561+0000] {logging_mixin.py:188} INFO - [2024-05-23T19:52:06.561+0000] {dagbag.py:545} INFO - Filling up the DagBag from /home/airflow/.local/lib/python3.12/site-packages/airflow/example_dags/tutorial_dag.py
[2024-05-23T19:52:06.569+0000] {processor.py:840} INFO - DAG(s) 'tutorial_dag' retrieved from /home/airflow/.local/lib/python3.12/site-packages/airflow/example_dags/tutorial_dag.py
[2024-05-23T19:52:06.597+0000] {logging_mixin.py:188} INFO - [2024-05-23T19:52:06.597+0000] {dag.py:3096} INFO - Sync 1 DAGs
[2024-05-23T19:52:06.617+0000] {logging_mixin.py:188} INFO - [2024-05-23T19:52:06.617+0000] {dag.py:3954} INFO - Setting next_dagrun for tutorial_dag to None, run_after=None
[2024-05-23T19:52:06.648+0000] {processor.py:183} INFO - Processing /home/airflow/.local/lib/python3.12/site-packages/airflow/example_dags/tutorial_dag.py took 0.100 seconds
[2024-05-23T19:52:36.912+0000] {processor.py:161} INFO - Started process (PID=11981) to work on /home/airflow/.local/lib/python3.12/site-packages/airflow/example_dags/tutorial_dag.py
[2024-05-23T19:52:36.913+0000] {processor.py:830} INFO - Processing file /home/airflow/.local/lib/python3.12/site-packages/airflow/example_dags/tutorial_dag.py for tasks to queue
[2024-05-23T19:52:36.916+0000] {logging_mixin.py:188} INFO - [2024-05-23T19:52:36.916+0000] {dagbag.py:545} INFO - Filling up the DagBag from /home/airflow/.local/lib/python3.12/site-packages/airflow/example_dags/tutorial_dag.py
[2024-05-23T19:52:36.924+0000] {processor.py:840} INFO - DAG(s) 'tutorial_dag' retrieved from /home/airflow/.local/lib/python3.12/site-packages/airflow/example_dags/tutorial_dag.py
[2024-05-23T19:52:36.957+0000] {logging_mixin.py:188} INFO - [2024-05-23T19:52:36.956+0000] {dag.py:3096} INFO - Sync 1 DAGs
[2024-05-23T19:52:36.979+0000] {logging_mixin.py:188} INFO - [2024-05-23T19:52:36.978+0000] {dag.py:3954} INFO - Setting next_dagrun for tutorial_dag to None, run_after=None
[2024-05-23T19:52:37.009+0000] {processor.py:183} INFO - Processing /home/airflow/.local/lib/python3.12/site-packages/airflow/example_dags/tutorial_dag.py took 0.108 seconds
[2024-05-23T19:53:07.316+0000] {processor.py:161} INFO - Started process (PID=12243) to work on /home/airflow/.local/lib/python3.12/site-packages/airflow/example_dags/tutorial_dag.py
[2024-05-23T19:53:07.318+0000] {processor.py:830} INFO - Processing file /home/airflow/.local/lib/python3.12/site-packages/airflow/example_dags/tutorial_dag.py for tasks to queue
[2024-05-23T19:53:07.321+0000] {logging_mixin.py:188} INFO - [2024-05-23T19:53:07.321+0000] {dagbag.py:545} INFO - Filling up the DagBag from /home/airflow/.local/lib/python3.12/site-packages/airflow/example_dags/tutorial_dag.py
[2024-05-23T19:53:07.329+0000] {processor.py:840} INFO - DAG(s) 'tutorial_dag' retrieved from /home/airflow/.local/lib/python3.12/site-packages/airflow/example_dags/tutorial_dag.py
[2024-05-23T19:53:07.358+0000] {logging_mixin.py:188} INFO - [2024-05-23T19:53:07.358+0000] {dag.py:3096} INFO - Sync 1 DAGs
[2024-05-23T19:53:07.378+0000] {logging_mixin.py:188} INFO - [2024-05-23T19:53:07.378+0000] {dag.py:3954} INFO - Setting next_dagrun for tutorial_dag to None, run_after=None
[2024-05-23T19:53:07.406+0000] {processor.py:183} INFO - Processing /home/airflow/.local/lib/python3.12/site-packages/airflow/example_dags/tutorial_dag.py took 0.099 seconds
[2024-05-23T19:53:37.610+0000] {processor.py:161} INFO - Started process (PID=12505) to work on /home/airflow/.local/lib/python3.12/site-packages/airflow/example_dags/tutorial_dag.py
[2024-05-23T19:53:37.611+0000] {processor.py:830} INFO - Processing file /home/airflow/.local/lib/python3.12/site-packages/airflow/example_dags/tutorial_dag.py for tasks to queue
[2024-05-23T19:53:37.614+0000] {logging_mixin.py:188} INFO - [2024-05-23T19:53:37.613+0000] {dagbag.py:545} INFO - Filling up the DagBag from /home/airflow/.local/lib/python3.12/site-packages/airflow/example_dags/tutorial_dag.py
[2024-05-23T19:53:37.621+0000] {processor.py:840} INFO - DAG(s) 'tutorial_dag' retrieved from /home/airflow/.local/lib/python3.12/site-packages/airflow/example_dags/tutorial_dag.py
[2024-05-23T19:53:37.651+0000] {logging_mixin.py:188} INFO - [2024-05-23T19:53:37.650+0000] {dag.py:3096} INFO - Sync 1 DAGs
[2024-05-23T19:53:37.669+0000] {logging_mixin.py:188} INFO - [2024-05-23T19:53:37.669+0000] {dag.py:3954} INFO - Setting next_dagrun for tutorial_dag to None, run_after=None
[2024-05-23T19:53:37.699+0000] {processor.py:183} INFO - Processing /home/airflow/.local/lib/python3.12/site-packages/airflow/example_dags/tutorial_dag.py took 0.099 seconds
[2024-05-23T19:54:08.199+0000] {processor.py:161} INFO - Started process (PID=12767) to work on /home/airflow/.local/lib/python3.12/site-packages/airflow/example_dags/tutorial_dag.py
[2024-05-23T19:54:08.201+0000] {processor.py:830} INFO - Processing file /home/airflow/.local/lib/python3.12/site-packages/airflow/example_dags/tutorial_dag.py for tasks to queue
[2024-05-23T19:54:08.204+0000] {logging_mixin.py:188} INFO - [2024-05-23T19:54:08.203+0000] {dagbag.py:545} INFO - Filling up the DagBag from /home/airflow/.local/lib/python3.12/site-packages/airflow/example_dags/tutorial_dag.py
[2024-05-23T19:54:08.212+0000] {processor.py:840} INFO - DAG(s) 'tutorial_dag' retrieved from /home/airflow/.local/lib/python3.12/site-packages/airflow/example_dags/tutorial_dag.py
[2024-05-23T19:54:08.244+0000] {logging_mixin.py:188} INFO - [2024-05-23T19:54:08.243+0000] {dag.py:3096} INFO - Sync 1 DAGs
[2024-05-23T19:54:08.263+0000] {logging_mixin.py:188} INFO - [2024-05-23T19:54:08.263+0000] {dag.py:3954} INFO - Setting next_dagrun for tutorial_dag to None, run_after=None
[2024-05-23T19:54:08.291+0000] {processor.py:183} INFO - Processing /home/airflow/.local/lib/python3.12/site-packages/airflow/example_dags/tutorial_dag.py took 0.101 seconds
[2024-05-23T19:54:39.124+0000] {processor.py:161} INFO - Started process (PID=13029) to work on /home/airflow/.local/lib/python3.12/site-packages/airflow/example_dags/tutorial_dag.py
[2024-05-23T19:54:39.125+0000] {processor.py:830} INFO - Processing file /home/airflow/.local/lib/python3.12/site-packages/airflow/example_dags/tutorial_dag.py for tasks to queue
[2024-05-23T19:54:39.129+0000] {logging_mixin.py:188} INFO - [2024-05-23T19:54:39.128+0000] {dagbag.py:545} INFO - Filling up the DagBag from /home/airflow/.local/lib/python3.12/site-packages/airflow/example_dags/tutorial_dag.py
[2024-05-23T19:54:39.136+0000] {processor.py:840} INFO - DAG(s) 'tutorial_dag' retrieved from /home/airflow/.local/lib/python3.12/site-packages/airflow/example_dags/tutorial_dag.py
[2024-05-23T19:54:39.165+0000] {logging_mixin.py:188} INFO - [2024-05-23T19:54:39.164+0000] {dag.py:3096} INFO - Sync 1 DAGs
[2024-05-23T19:54:39.184+0000] {logging_mixin.py:188} INFO - [2024-05-23T19:54:39.183+0000] {dag.py:3954} INFO - Setting next_dagrun for tutorial_dag to None, run_after=None
[2024-05-23T19:54:39.212+0000] {processor.py:183} INFO - Processing /home/airflow/.local/lib/python3.12/site-packages/airflow/example_dags/tutorial_dag.py took 0.096 seconds
[2024-05-23T19:55:09.730+0000] {processor.py:161} INFO - Started process (PID=13291) to work on /home/airflow/.local/lib/python3.12/site-packages/airflow/example_dags/tutorial_dag.py
[2024-05-23T19:55:09.732+0000] {processor.py:830} INFO - Processing file /home/airflow/.local/lib/python3.12/site-packages/airflow/example_dags/tutorial_dag.py for tasks to queue
[2024-05-23T19:55:09.735+0000] {logging_mixin.py:188} INFO - [2024-05-23T19:55:09.734+0000] {dagbag.py:545} INFO - Filling up the DagBag from /home/airflow/.local/lib/python3.12/site-packages/airflow/example_dags/tutorial_dag.py
[2024-05-23T19:55:09.742+0000] {processor.py:840} INFO - DAG(s) 'tutorial_dag' retrieved from /home/airflow/.local/lib/python3.12/site-packages/airflow/example_dags/tutorial_dag.py
[2024-05-23T19:55:09.771+0000] {logging_mixin.py:188} INFO - [2024-05-23T19:55:09.771+0000] {dag.py:3096} INFO - Sync 1 DAGs
[2024-05-23T19:55:09.790+0000] {logging_mixin.py:188} INFO - [2024-05-23T19:55:09.790+0000] {dag.py:3954} INFO - Setting next_dagrun for tutorial_dag to None, run_after=None
[2024-05-23T19:55:09.852+0000] {processor.py:183} INFO - Processing /home/airflow/.local/lib/python3.12/site-packages/airflow/example_dags/tutorial_dag.py took 0.130 seconds
[2024-05-23T19:55:40.332+0000] {processor.py:161} INFO - Started process (PID=13553) to work on /home/airflow/.local/lib/python3.12/site-packages/airflow/example_dags/tutorial_dag.py
[2024-05-23T19:55:40.334+0000] {processor.py:830} INFO - Processing file /home/airflow/.local/lib/python3.12/site-packages/airflow/example_dags/tutorial_dag.py for tasks to queue
[2024-05-23T19:55:40.337+0000] {logging_mixin.py:188} INFO - [2024-05-23T19:55:40.336+0000] {dagbag.py:545} INFO - Filling up the DagBag from /home/airflow/.local/lib/python3.12/site-packages/airflow/example_dags/tutorial_dag.py
[2024-05-23T19:55:40.344+0000] {processor.py:840} INFO - DAG(s) 'tutorial_dag' retrieved from /home/airflow/.local/lib/python3.12/site-packages/airflow/example_dags/tutorial_dag.py
[2024-05-23T19:55:40.373+0000] {logging_mixin.py:188} INFO - [2024-05-23T19:55:40.373+0000] {dag.py:3096} INFO - Sync 1 DAGs
[2024-05-23T19:55:40.393+0000] {logging_mixin.py:188} INFO - [2024-05-23T19:55:40.393+0000] {dag.py:3954} INFO - Setting next_dagrun for tutorial_dag to None, run_after=None
[2024-05-23T19:55:40.421+0000] {processor.py:183} INFO - Processing /home/airflow/.local/lib/python3.12/site-packages/airflow/example_dags/tutorial_dag.py took 0.097 seconds
[2024-05-23T19:56:10.809+0000] {processor.py:161} INFO - Started process (PID=13815) to work on /home/airflow/.local/lib/python3.12/site-packages/airflow/example_dags/tutorial_dag.py
[2024-05-23T19:56:10.810+0000] {processor.py:830} INFO - Processing file /home/airflow/.local/lib/python3.12/site-packages/airflow/example_dags/tutorial_dag.py for tasks to queue
[2024-05-23T19:56:10.814+0000] {logging_mixin.py:188} INFO - [2024-05-23T19:56:10.813+0000] {dagbag.py:545} INFO - Filling up the DagBag from /home/airflow/.local/lib/python3.12/site-packages/airflow/example_dags/tutorial_dag.py
[2024-05-23T19:56:10.824+0000] {processor.py:840} INFO - DAG(s) 'tutorial_dag' retrieved from /home/airflow/.local/lib/python3.12/site-packages/airflow/example_dags/tutorial_dag.py
[2024-05-23T19:56:10.858+0000] {logging_mixin.py:188} INFO - [2024-05-23T19:56:10.857+0000] {dag.py:3096} INFO - Sync 1 DAGs
[2024-05-23T19:56:10.877+0000] {logging_mixin.py:188} INFO - [2024-05-23T19:56:10.877+0000] {dag.py:3954} INFO - Setting next_dagrun for tutorial_dag to None, run_after=None
[2024-05-23T19:56:10.905+0000] {processor.py:183} INFO - Processing /home/airflow/.local/lib/python3.12/site-packages/airflow/example_dags/tutorial_dag.py took 0.106 seconds
[2024-05-23T19:56:41.634+0000] {processor.py:161} INFO - Started process (PID=14077) to work on /home/airflow/.local/lib/python3.12/site-packages/airflow/example_dags/tutorial_dag.py
[2024-05-23T19:56:41.635+0000] {processor.py:830} INFO - Processing file /home/airflow/.local/lib/python3.12/site-packages/airflow/example_dags/tutorial_dag.py for tasks to queue
[2024-05-23T19:56:41.638+0000] {logging_mixin.py:188} INFO - [2024-05-23T19:56:41.637+0000] {dagbag.py:545} INFO - Filling up the DagBag from /home/airflow/.local/lib/python3.12/site-packages/airflow/example_dags/tutorial_dag.py
[2024-05-23T19:56:41.645+0000] {processor.py:840} INFO - DAG(s) 'tutorial_dag' retrieved from /home/airflow/.local/lib/python3.12/site-packages/airflow/example_dags/tutorial_dag.py
[2024-05-23T19:56:41.672+0000] {logging_mixin.py:188} INFO - [2024-05-23T19:56:41.672+0000] {dag.py:3096} INFO - Sync 1 DAGs
[2024-05-23T19:56:41.690+0000] {logging_mixin.py:188} INFO - [2024-05-23T19:56:41.689+0000] {dag.py:3954} INFO - Setting next_dagrun for tutorial_dag to None, run_after=None
[2024-05-23T19:56:41.714+0000] {processor.py:183} INFO - Processing /home/airflow/.local/lib/python3.12/site-packages/airflow/example_dags/tutorial_dag.py took 0.088 seconds
[2024-05-23T19:57:12.173+0000] {processor.py:161} INFO - Started process (PID=14339) to work on /home/airflow/.local/lib/python3.12/site-packages/airflow/example_dags/tutorial_dag.py
[2024-05-23T19:57:12.174+0000] {processor.py:830} INFO - Processing file /home/airflow/.local/lib/python3.12/site-packages/airflow/example_dags/tutorial_dag.py for tasks to queue
[2024-05-23T19:57:12.177+0000] {logging_mixin.py:188} INFO - [2024-05-23T19:57:12.176+0000] {dagbag.py:545} INFO - Filling up the DagBag from /home/airflow/.local/lib/python3.12/site-packages/airflow/example_dags/tutorial_dag.py
[2024-05-23T19:57:12.184+0000] {processor.py:840} INFO - DAG(s) 'tutorial_dag' retrieved from /home/airflow/.local/lib/python3.12/site-packages/airflow/example_dags/tutorial_dag.py
[2024-05-23T19:57:12.213+0000] {logging_mixin.py:188} INFO - [2024-05-23T19:57:12.213+0000] {dag.py:3096} INFO - Sync 1 DAGs
[2024-05-23T19:57:12.230+0000] {logging_mixin.py:188} INFO - [2024-05-23T19:57:12.230+0000] {dag.py:3954} INFO - Setting next_dagrun for tutorial_dag to None, run_after=None
[2024-05-23T19:57:12.257+0000] {processor.py:183} INFO - Processing /home/airflow/.local/lib/python3.12/site-packages/airflow/example_dags/tutorial_dag.py took 0.092 seconds
[2024-05-23T19:57:42.860+0000] {processor.py:161} INFO - Started process (PID=14601) to work on /home/airflow/.local/lib/python3.12/site-packages/airflow/example_dags/tutorial_dag.py
[2024-05-23T19:57:42.862+0000] {processor.py:830} INFO - Processing file /home/airflow/.local/lib/python3.12/site-packages/airflow/example_dags/tutorial_dag.py for tasks to queue
[2024-05-23T19:57:42.864+0000] {logging_mixin.py:188} INFO - [2024-05-23T19:57:42.864+0000] {dagbag.py:545} INFO - Filling up the DagBag from /home/airflow/.local/lib/python3.12/site-packages/airflow/example_dags/tutorial_dag.py
[2024-05-23T19:57:42.871+0000] {processor.py:840} INFO - DAG(s) 'tutorial_dag' retrieved from /home/airflow/.local/lib/python3.12/site-packages/airflow/example_dags/tutorial_dag.py
[2024-05-23T19:57:42.899+0000] {logging_mixin.py:188} INFO - [2024-05-23T19:57:42.899+0000] {dag.py:3096} INFO - Sync 1 DAGs
[2024-05-23T19:57:42.916+0000] {logging_mixin.py:188} INFO - [2024-05-23T19:57:42.916+0000] {dag.py:3954} INFO - Setting next_dagrun for tutorial_dag to None, run_after=None
[2024-05-23T19:57:42.940+0000] {processor.py:183} INFO - Processing /home/airflow/.local/lib/python3.12/site-packages/airflow/example_dags/tutorial_dag.py took 0.088 seconds
[2024-05-23T19:58:13.328+0000] {processor.py:161} INFO - Started process (PID=14861) to work on /home/airflow/.local/lib/python3.12/site-packages/airflow/example_dags/tutorial_dag.py
[2024-05-23T19:58:13.330+0000] {processor.py:830} INFO - Processing file /home/airflow/.local/lib/python3.12/site-packages/airflow/example_dags/tutorial_dag.py for tasks to queue
[2024-05-23T19:58:13.332+0000] {logging_mixin.py:188} INFO - [2024-05-23T19:58:13.332+0000] {dagbag.py:545} INFO - Filling up the DagBag from /home/airflow/.local/lib/python3.12/site-packages/airflow/example_dags/tutorial_dag.py
[2024-05-23T19:58:13.339+0000] {processor.py:840} INFO - DAG(s) 'tutorial_dag' retrieved from /home/airflow/.local/lib/python3.12/site-packages/airflow/example_dags/tutorial_dag.py
[2024-05-23T19:58:13.370+0000] {logging_mixin.py:188} INFO - [2024-05-23T19:58:13.369+0000] {dag.py:3096} INFO - Sync 1 DAGs
[2024-05-23T19:58:13.387+0000] {logging_mixin.py:188} INFO - [2024-05-23T19:58:13.387+0000] {dag.py:3954} INFO - Setting next_dagrun for tutorial_dag to None, run_after=None
[2024-05-23T19:58:13.417+0000] {processor.py:183} INFO - Processing /home/airflow/.local/lib/python3.12/site-packages/airflow/example_dags/tutorial_dag.py took 0.096 seconds
[2024-05-23T20:03:40.696+0000] {processor.py:161} INFO - Started process (PID=14940) to work on /home/airflow/.local/lib/python3.12/site-packages/airflow/example_dags/tutorial_dag.py
[2024-05-23T20:03:40.698+0000] {processor.py:830} INFO - Processing file /home/airflow/.local/lib/python3.12/site-packages/airflow/example_dags/tutorial_dag.py for tasks to queue
[2024-05-23T20:03:40.700+0000] {logging_mixin.py:188} INFO - [2024-05-23T20:03:40.699+0000] {dagbag.py:545} INFO - Filling up the DagBag from /home/airflow/.local/lib/python3.12/site-packages/airflow/example_dags/tutorial_dag.py
[2024-05-23T20:03:40.712+0000] {processor.py:840} INFO - DAG(s) 'tutorial_dag' retrieved from /home/airflow/.local/lib/python3.12/site-packages/airflow/example_dags/tutorial_dag.py
[2024-05-23T20:03:40.759+0000] {logging_mixin.py:188} INFO - [2024-05-23T20:03:40.758+0000] {dag.py:3096} INFO - Sync 1 DAGs
[2024-05-23T20:03:40.778+0000] {logging_mixin.py:188} INFO - [2024-05-23T20:03:40.777+0000] {dag.py:3954} INFO - Setting next_dagrun for tutorial_dag to None, run_after=None
[2024-05-23T20:03:40.805+0000] {processor.py:183} INFO - Processing /home/airflow/.local/lib/python3.12/site-packages/airflow/example_dags/tutorial_dag.py took 0.122 seconds
[2024-05-23T20:04:11.605+0000] {processor.py:161} INFO - Started process (PID=15202) to work on /home/airflow/.local/lib/python3.12/site-packages/airflow/example_dags/tutorial_dag.py
[2024-05-23T20:04:11.610+0000] {processor.py:830} INFO - Processing file /home/airflow/.local/lib/python3.12/site-packages/airflow/example_dags/tutorial_dag.py for tasks to queue
[2024-05-23T20:04:11.616+0000] {logging_mixin.py:188} INFO - [2024-05-23T20:04:11.614+0000] {dagbag.py:545} INFO - Filling up the DagBag from /home/airflow/.local/lib/python3.12/site-packages/airflow/example_dags/tutorial_dag.py
[2024-05-23T20:04:11.643+0000] {processor.py:840} INFO - DAG(s) 'tutorial_dag' retrieved from /home/airflow/.local/lib/python3.12/site-packages/airflow/example_dags/tutorial_dag.py
[2024-05-23T20:04:11.750+0000] {logging_mixin.py:188} INFO - [2024-05-23T20:04:11.749+0000] {dag.py:3096} INFO - Sync 1 DAGs
[2024-05-23T20:04:11.819+0000] {logging_mixin.py:188} INFO - [2024-05-23T20:04:11.818+0000] {dag.py:3954} INFO - Setting next_dagrun for tutorial_dag to None, run_after=None
[2024-05-23T20:04:11.946+0000] {processor.py:183} INFO - Processing /home/airflow/.local/lib/python3.12/site-packages/airflow/example_dags/tutorial_dag.py took 0.376 seconds
[2024-05-23T20:08:10.710+0000] {processor.py:161} INFO - Started process (PID=15459) to work on /home/airflow/.local/lib/python3.12/site-packages/airflow/example_dags/tutorial_dag.py
[2024-05-23T20:08:10.718+0000] {processor.py:830} INFO - Processing file /home/airflow/.local/lib/python3.12/site-packages/airflow/example_dags/tutorial_dag.py for tasks to queue
[2024-05-23T20:08:10.732+0000] {logging_mixin.py:188} INFO - [2024-05-23T20:08:10.722+0000] {dagbag.py:545} INFO - Filling up the DagBag from /home/airflow/.local/lib/python3.12/site-packages/airflow/example_dags/tutorial_dag.py
[2024-05-23T20:08:10.769+0000] {processor.py:840} INFO - DAG(s) 'tutorial_dag' retrieved from /home/airflow/.local/lib/python3.12/site-packages/airflow/example_dags/tutorial_dag.py
[2024-05-23T20:08:10.997+0000] {logging_mixin.py:188} INFO - [2024-05-23T20:08:10.991+0000] {dag.py:3096} INFO - Sync 1 DAGs
[2024-05-23T20:08:11.057+0000] {logging_mixin.py:188} INFO - [2024-05-23T20:08:11.057+0000] {dag.py:3954} INFO - Setting next_dagrun for tutorial_dag to None, run_after=None
[2024-05-23T20:08:11.100+0000] {processor.py:183} INFO - Processing /home/airflow/.local/lib/python3.12/site-packages/airflow/example_dags/tutorial_dag.py took 0.448 seconds
[2024-05-23T20:08:41.252+0000] {processor.py:161} INFO - Started process (PID=15721) to work on /home/airflow/.local/lib/python3.12/site-packages/airflow/example_dags/tutorial_dag.py
[2024-05-23T20:08:41.257+0000] {processor.py:830} INFO - Processing file /home/airflow/.local/lib/python3.12/site-packages/airflow/example_dags/tutorial_dag.py for tasks to queue
[2024-05-23T20:08:41.259+0000] {logging_mixin.py:188} INFO - [2024-05-23T20:08:41.259+0000] {dagbag.py:545} INFO - Filling up the DagBag from /home/airflow/.local/lib/python3.12/site-packages/airflow/example_dags/tutorial_dag.py
[2024-05-23T20:08:41.269+0000] {processor.py:840} INFO - DAG(s) 'tutorial_dag' retrieved from /home/airflow/.local/lib/python3.12/site-packages/airflow/example_dags/tutorial_dag.py
[2024-05-23T20:08:41.420+0000] {logging_mixin.py:188} INFO - [2024-05-23T20:08:41.419+0000] {dag.py:3096} INFO - Sync 1 DAGs
[2024-05-23T20:08:41.470+0000] {logging_mixin.py:188} INFO - [2024-05-23T20:08:41.469+0000] {dag.py:3954} INFO - Setting next_dagrun for tutorial_dag to None, run_after=None
[2024-05-23T20:08:41.515+0000] {processor.py:183} INFO - Processing /home/airflow/.local/lib/python3.12/site-packages/airflow/example_dags/tutorial_dag.py took 0.275 seconds
[2024-05-23T20:09:12.109+0000] {processor.py:161} INFO - Started process (PID=15989) to work on /home/airflow/.local/lib/python3.12/site-packages/airflow/example_dags/tutorial_dag.py
[2024-05-23T20:09:12.111+0000] {processor.py:830} INFO - Processing file /home/airflow/.local/lib/python3.12/site-packages/airflow/example_dags/tutorial_dag.py for tasks to queue
[2024-05-23T20:09:12.112+0000] {logging_mixin.py:188} INFO - [2024-05-23T20:09:12.111+0000] {dagbag.py:545} INFO - Filling up the DagBag from /home/airflow/.local/lib/python3.12/site-packages/airflow/example_dags/tutorial_dag.py
[2024-05-23T20:09:12.119+0000] {processor.py:840} INFO - DAG(s) 'tutorial_dag' retrieved from /home/airflow/.local/lib/python3.12/site-packages/airflow/example_dags/tutorial_dag.py
[2024-05-23T20:09:12.151+0000] {logging_mixin.py:188} INFO - [2024-05-23T20:09:12.150+0000] {dag.py:3096} INFO - Sync 1 DAGs
[2024-05-23T20:09:12.168+0000] {logging_mixin.py:188} INFO - [2024-05-23T20:09:12.168+0000] {dag.py:3954} INFO - Setting next_dagrun for tutorial_dag to None, run_after=None
[2024-05-23T20:09:12.192+0000] {processor.py:183} INFO - Processing /home/airflow/.local/lib/python3.12/site-packages/airflow/example_dags/tutorial_dag.py took 0.092 seconds
[2024-05-23T20:09:42.608+0000] {processor.py:161} INFO - Started process (PID=16251) to work on /home/airflow/.local/lib/python3.12/site-packages/airflow/example_dags/tutorial_dag.py
[2024-05-23T20:09:42.610+0000] {processor.py:830} INFO - Processing file /home/airflow/.local/lib/python3.12/site-packages/airflow/example_dags/tutorial_dag.py for tasks to queue
[2024-05-23T20:09:42.611+0000] {logging_mixin.py:188} INFO - [2024-05-23T20:09:42.611+0000] {dagbag.py:545} INFO - Filling up the DagBag from /home/airflow/.local/lib/python3.12/site-packages/airflow/example_dags/tutorial_dag.py
[2024-05-23T20:09:42.619+0000] {processor.py:840} INFO - DAG(s) 'tutorial_dag' retrieved from /home/airflow/.local/lib/python3.12/site-packages/airflow/example_dags/tutorial_dag.py
[2024-05-23T20:09:42.648+0000] {logging_mixin.py:188} INFO - [2024-05-23T20:09:42.648+0000] {dag.py:3096} INFO - Sync 1 DAGs
[2024-05-23T20:09:42.667+0000] {logging_mixin.py:188} INFO - [2024-05-23T20:09:42.666+0000] {dag.py:3954} INFO - Setting next_dagrun for tutorial_dag to None, run_after=None
[2024-05-23T20:09:42.692+0000] {processor.py:183} INFO - Processing /home/airflow/.local/lib/python3.12/site-packages/airflow/example_dags/tutorial_dag.py took 0.092 seconds
[2024-05-23T20:10:13.078+0000] {processor.py:161} INFO - Started process (PID=16513) to work on /home/airflow/.local/lib/python3.12/site-packages/airflow/example_dags/tutorial_dag.py
[2024-05-23T20:10:13.080+0000] {processor.py:830} INFO - Processing file /home/airflow/.local/lib/python3.12/site-packages/airflow/example_dags/tutorial_dag.py for tasks to queue
[2024-05-23T20:10:13.081+0000] {logging_mixin.py:188} INFO - [2024-05-23T20:10:13.081+0000] {dagbag.py:545} INFO - Filling up the DagBag from /home/airflow/.local/lib/python3.12/site-packages/airflow/example_dags/tutorial_dag.py
[2024-05-23T20:10:13.088+0000] {processor.py:840} INFO - DAG(s) 'tutorial_dag' retrieved from /home/airflow/.local/lib/python3.12/site-packages/airflow/example_dags/tutorial_dag.py
[2024-05-23T20:10:13.117+0000] {logging_mixin.py:188} INFO - [2024-05-23T20:10:13.117+0000] {dag.py:3096} INFO - Sync 1 DAGs
[2024-05-23T20:10:13.136+0000] {logging_mixin.py:188} INFO - [2024-05-23T20:10:13.136+0000] {dag.py:3954} INFO - Setting next_dagrun for tutorial_dag to None, run_after=None
[2024-05-23T20:10:13.162+0000] {processor.py:183} INFO - Processing /home/airflow/.local/lib/python3.12/site-packages/airflow/example_dags/tutorial_dag.py took 0.092 seconds
[2024-05-23T20:10:43.225+0000] {processor.py:161} INFO - Started process (PID=16775) to work on /home/airflow/.local/lib/python3.12/site-packages/airflow/example_dags/tutorial_dag.py
[2024-05-23T20:10:43.227+0000] {processor.py:830} INFO - Processing file /home/airflow/.local/lib/python3.12/site-packages/airflow/example_dags/tutorial_dag.py for tasks to queue
[2024-05-23T20:10:43.228+0000] {logging_mixin.py:188} INFO - [2024-05-23T20:10:43.228+0000] {dagbag.py:545} INFO - Filling up the DagBag from /home/airflow/.local/lib/python3.12/site-packages/airflow/example_dags/tutorial_dag.py
[2024-05-23T20:10:43.235+0000] {processor.py:840} INFO - DAG(s) 'tutorial_dag' retrieved from /home/airflow/.local/lib/python3.12/site-packages/airflow/example_dags/tutorial_dag.py
[2024-05-23T20:10:43.263+0000] {logging_mixin.py:188} INFO - [2024-05-23T20:10:43.263+0000] {dag.py:3096} INFO - Sync 1 DAGs
[2024-05-23T20:10:43.282+0000] {logging_mixin.py:188} INFO - [2024-05-23T20:10:43.281+0000] {dag.py:3954} INFO - Setting next_dagrun for tutorial_dag to None, run_after=None
[2024-05-23T20:10:43.307+0000] {processor.py:183} INFO - Processing /home/airflow/.local/lib/python3.12/site-packages/airflow/example_dags/tutorial_dag.py took 0.091 seconds
[2024-05-23T20:11:13.552+0000] {processor.py:161} INFO - Started process (PID=17036) to work on /home/airflow/.local/lib/python3.12/site-packages/airflow/example_dags/tutorial_dag.py
[2024-05-23T20:11:13.553+0000] {processor.py:830} INFO - Processing file /home/airflow/.local/lib/python3.12/site-packages/airflow/example_dags/tutorial_dag.py for tasks to queue
[2024-05-23T20:11:13.555+0000] {logging_mixin.py:188} INFO - [2024-05-23T20:11:13.554+0000] {dagbag.py:545} INFO - Filling up the DagBag from /home/airflow/.local/lib/python3.12/site-packages/airflow/example_dags/tutorial_dag.py
[2024-05-23T20:11:13.561+0000] {processor.py:840} INFO - DAG(s) 'tutorial_dag' retrieved from /home/airflow/.local/lib/python3.12/site-packages/airflow/example_dags/tutorial_dag.py
[2024-05-23T20:11:13.587+0000] {logging_mixin.py:188} INFO - [2024-05-23T20:11:13.587+0000] {dag.py:3096} INFO - Sync 1 DAGs
[2024-05-23T20:11:13.604+0000] {logging_mixin.py:188} INFO - [2024-05-23T20:11:13.604+0000] {dag.py:3954} INFO - Setting next_dagrun for tutorial_dag to None, run_after=None
[2024-05-23T20:11:13.629+0000] {processor.py:183} INFO - Processing /home/airflow/.local/lib/python3.12/site-packages/airflow/example_dags/tutorial_dag.py took 0.085 seconds
[2024-05-23T20:11:44.116+0000] {processor.py:161} INFO - Started process (PID=17298) to work on /home/airflow/.local/lib/python3.12/site-packages/airflow/example_dags/tutorial_dag.py
[2024-05-23T20:11:44.118+0000] {processor.py:830} INFO - Processing file /home/airflow/.local/lib/python3.12/site-packages/airflow/example_dags/tutorial_dag.py for tasks to queue
[2024-05-23T20:11:44.120+0000] {logging_mixin.py:188} INFO - [2024-05-23T20:11:44.119+0000] {dagbag.py:545} INFO - Filling up the DagBag from /home/airflow/.local/lib/python3.12/site-packages/airflow/example_dags/tutorial_dag.py
[2024-05-23T20:11:44.129+0000] {processor.py:840} INFO - DAG(s) 'tutorial_dag' retrieved from /home/airflow/.local/lib/python3.12/site-packages/airflow/example_dags/tutorial_dag.py
[2024-05-23T20:11:44.161+0000] {logging_mixin.py:188} INFO - [2024-05-23T20:11:44.160+0000] {dag.py:3096} INFO - Sync 1 DAGs
[2024-05-23T20:11:44.183+0000] {logging_mixin.py:188} INFO - [2024-05-23T20:11:44.183+0000] {dag.py:3954} INFO - Setting next_dagrun for tutorial_dag to None, run_after=None
[2024-05-23T20:11:44.208+0000] {processor.py:183} INFO - Processing /home/airflow/.local/lib/python3.12/site-packages/airflow/example_dags/tutorial_dag.py took 0.101 seconds
[2024-05-23T20:12:14.366+0000] {processor.py:161} INFO - Started process (PID=17560) to work on /home/airflow/.local/lib/python3.12/site-packages/airflow/example_dags/tutorial_dag.py
[2024-05-23T20:12:14.367+0000] {processor.py:830} INFO - Processing file /home/airflow/.local/lib/python3.12/site-packages/airflow/example_dags/tutorial_dag.py for tasks to queue
[2024-05-23T20:12:14.369+0000] {logging_mixin.py:188} INFO - [2024-05-23T20:12:14.368+0000] {dagbag.py:545} INFO - Filling up the DagBag from /home/airflow/.local/lib/python3.12/site-packages/airflow/example_dags/tutorial_dag.py
[2024-05-23T20:12:14.377+0000] {processor.py:840} INFO - DAG(s) 'tutorial_dag' retrieved from /home/airflow/.local/lib/python3.12/site-packages/airflow/example_dags/tutorial_dag.py
[2024-05-23T20:12:14.463+0000] {logging_mixin.py:188} INFO - [2024-05-23T20:12:14.463+0000] {dag.py:3096} INFO - Sync 1 DAGs
[2024-05-23T20:12:14.509+0000] {logging_mixin.py:188} INFO - [2024-05-23T20:12:14.509+0000] {dag.py:3954} INFO - Setting next_dagrun for tutorial_dag to None, run_after=None
[2024-05-23T20:12:14.544+0000] {processor.py:183} INFO - Processing /home/airflow/.local/lib/python3.12/site-packages/airflow/example_dags/tutorial_dag.py took 0.186 seconds
[2024-05-23T20:12:44.861+0000] {processor.py:161} INFO - Started process (PID=17822) to work on /home/airflow/.local/lib/python3.12/site-packages/airflow/example_dags/tutorial_dag.py
[2024-05-23T20:12:44.863+0000] {processor.py:830} INFO - Processing file /home/airflow/.local/lib/python3.12/site-packages/airflow/example_dags/tutorial_dag.py for tasks to queue
[2024-05-23T20:12:44.865+0000] {logging_mixin.py:188} INFO - [2024-05-23T20:12:44.864+0000] {dagbag.py:545} INFO - Filling up the DagBag from /home/airflow/.local/lib/python3.12/site-packages/airflow/example_dags/tutorial_dag.py
[2024-05-23T20:12:44.871+0000] {processor.py:840} INFO - DAG(s) 'tutorial_dag' retrieved from /home/airflow/.local/lib/python3.12/site-packages/airflow/example_dags/tutorial_dag.py
[2024-05-23T20:12:44.904+0000] {logging_mixin.py:188} INFO - [2024-05-23T20:12:44.904+0000] {dag.py:3096} INFO - Sync 1 DAGs
[2024-05-23T20:12:44.927+0000] {logging_mixin.py:188} INFO - [2024-05-23T20:12:44.926+0000] {dag.py:3954} INFO - Setting next_dagrun for tutorial_dag to None, run_after=None
[2024-05-23T20:12:44.958+0000] {processor.py:183} INFO - Processing /home/airflow/.local/lib/python3.12/site-packages/airflow/example_dags/tutorial_dag.py took 0.106 seconds
[2024-05-23T20:13:15.196+0000] {processor.py:161} INFO - Started process (PID=18084) to work on /home/airflow/.local/lib/python3.12/site-packages/airflow/example_dags/tutorial_dag.py
[2024-05-23T20:13:15.198+0000] {processor.py:830} INFO - Processing file /home/airflow/.local/lib/python3.12/site-packages/airflow/example_dags/tutorial_dag.py for tasks to queue
[2024-05-23T20:13:15.200+0000] {logging_mixin.py:188} INFO - [2024-05-23T20:13:15.199+0000] {dagbag.py:545} INFO - Filling up the DagBag from /home/airflow/.local/lib/python3.12/site-packages/airflow/example_dags/tutorial_dag.py
[2024-05-23T20:13:15.206+0000] {processor.py:840} INFO - DAG(s) 'tutorial_dag' retrieved from /home/airflow/.local/lib/python3.12/site-packages/airflow/example_dags/tutorial_dag.py
[2024-05-23T20:13:15.235+0000] {logging_mixin.py:188} INFO - [2024-05-23T20:13:15.234+0000] {dag.py:3096} INFO - Sync 1 DAGs
[2024-05-23T20:13:15.253+0000] {logging_mixin.py:188} INFO - [2024-05-23T20:13:15.253+0000] {dag.py:3954} INFO - Setting next_dagrun for tutorial_dag to None, run_after=None
[2024-05-23T20:13:15.279+0000] {processor.py:183} INFO - Processing /home/airflow/.local/lib/python3.12/site-packages/airflow/example_dags/tutorial_dag.py took 0.091 seconds
