[2024-05-23T19:29:46.669+0000] {processor.py:161} INFO - Started process (PID=187) to work on /home/airflow/.local/lib/python3.12/site-packages/airflow/example_dags/tutorial_taskflow_api_virtualenv.py
[2024-05-23T19:29:46.671+0000] {processor.py:830} INFO - Processing file /home/airflow/.local/lib/python3.12/site-packages/airflow/example_dags/tutorial_taskflow_api_virtualenv.py for tasks to queue
[2024-05-23T19:29:46.675+0000] {logging_mixin.py:188} INFO - [2024-05-23T19:29:46.674+0000] {dagbag.py:545} INFO - Filling up the DagBag from /home/airflow/.local/lib/python3.12/site-packages/airflow/example_dags/tutorial_taskflow_api_virtualenv.py
[2024-05-23T19:29:46.708+0000] {processor.py:840} INFO - DAG(s) 'tutorial_taskflow_api_virtualenv' retrieved from /home/airflow/.local/lib/python3.12/site-packages/airflow/example_dags/tutorial_taskflow_api_virtualenv.py
[2024-05-23T19:29:46.995+0000] {logging_mixin.py:188} INFO - [2024-05-23T19:29:46.994+0000] {dag.py:3096} INFO - Sync 1 DAGs
[2024-05-23T19:29:47.024+0000] {logging_mixin.py:188} INFO - [2024-05-23T19:29:47.024+0000] {dag.py:3954} INFO - Setting next_dagrun for tutorial_taskflow_api_virtualenv to None, run_after=None
[2024-05-23T19:29:47.073+0000] {processor.py:183} INFO - Processing /home/airflow/.local/lib/python3.12/site-packages/airflow/example_dags/tutorial_taskflow_api_virtualenv.py took 0.415 seconds
[2024-05-23T19:30:18.626+0000] {processor.py:161} INFO - Started process (PID=449) to work on /home/airflow/.local/lib/python3.12/site-packages/airflow/example_dags/tutorial_taskflow_api_virtualenv.py
[2024-05-23T19:30:18.629+0000] {processor.py:830} INFO - Processing file /home/airflow/.local/lib/python3.12/site-packages/airflow/example_dags/tutorial_taskflow_api_virtualenv.py for tasks to queue
[2024-05-23T19:30:18.638+0000] {logging_mixin.py:188} INFO - [2024-05-23T19:30:18.638+0000] {dagbag.py:545} INFO - Filling up the DagBag from /home/airflow/.local/lib/python3.12/site-packages/airflow/example_dags/tutorial_taskflow_api_virtualenv.py
[2024-05-23T19:30:18.713+0000] {processor.py:840} INFO - DAG(s) 'tutorial_taskflow_api_virtualenv' retrieved from /home/airflow/.local/lib/python3.12/site-packages/airflow/example_dags/tutorial_taskflow_api_virtualenv.py
[2024-05-23T19:30:18.899+0000] {logging_mixin.py:188} INFO - [2024-05-23T19:30:18.899+0000] {dag.py:3096} INFO - Sync 1 DAGs
[2024-05-23T19:30:18.937+0000] {logging_mixin.py:188} INFO - [2024-05-23T19:30:18.936+0000] {dag.py:3954} INFO - Setting next_dagrun for tutorial_taskflow_api_virtualenv to None, run_after=None
[2024-05-23T19:30:18.983+0000] {processor.py:183} INFO - Processing /home/airflow/.local/lib/python3.12/site-packages/airflow/example_dags/tutorial_taskflow_api_virtualenv.py took 0.378 seconds
[2024-05-23T19:30:49.198+0000] {processor.py:161} INFO - Started process (PID=711) to work on /home/airflow/.local/lib/python3.12/site-packages/airflow/example_dags/tutorial_taskflow_api_virtualenv.py
[2024-05-23T19:30:49.201+0000] {processor.py:830} INFO - Processing file /home/airflow/.local/lib/python3.12/site-packages/airflow/example_dags/tutorial_taskflow_api_virtualenv.py for tasks to queue
[2024-05-23T19:30:49.204+0000] {logging_mixin.py:188} INFO - [2024-05-23T19:30:49.204+0000] {dagbag.py:545} INFO - Filling up the DagBag from /home/airflow/.local/lib/python3.12/site-packages/airflow/example_dags/tutorial_taskflow_api_virtualenv.py
[2024-05-23T19:30:49.223+0000] {processor.py:840} INFO - DAG(s) 'tutorial_taskflow_api_virtualenv' retrieved from /home/airflow/.local/lib/python3.12/site-packages/airflow/example_dags/tutorial_taskflow_api_virtualenv.py
[2024-05-23T19:30:49.260+0000] {logging_mixin.py:188} INFO - [2024-05-23T19:30:49.260+0000] {dag.py:3096} INFO - Sync 1 DAGs
[2024-05-23T19:30:49.284+0000] {logging_mixin.py:188} INFO - [2024-05-23T19:30:49.284+0000] {dag.py:3954} INFO - Setting next_dagrun for tutorial_taskflow_api_virtualenv to None, run_after=None
[2024-05-23T19:30:49.316+0000] {processor.py:183} INFO - Processing /home/airflow/.local/lib/python3.12/site-packages/airflow/example_dags/tutorial_taskflow_api_virtualenv.py took 0.130 seconds
[2024-05-23T19:31:19.429+0000] {processor.py:161} INFO - Started process (PID=973) to work on /home/airflow/.local/lib/python3.12/site-packages/airflow/example_dags/tutorial_taskflow_api_virtualenv.py
[2024-05-23T19:31:19.431+0000] {processor.py:830} INFO - Processing file /home/airflow/.local/lib/python3.12/site-packages/airflow/example_dags/tutorial_taskflow_api_virtualenv.py for tasks to queue
[2024-05-23T19:31:19.434+0000] {logging_mixin.py:188} INFO - [2024-05-23T19:31:19.433+0000] {dagbag.py:545} INFO - Filling up the DagBag from /home/airflow/.local/lib/python3.12/site-packages/airflow/example_dags/tutorial_taskflow_api_virtualenv.py
[2024-05-23T19:31:19.450+0000] {processor.py:840} INFO - DAG(s) 'tutorial_taskflow_api_virtualenv' retrieved from /home/airflow/.local/lib/python3.12/site-packages/airflow/example_dags/tutorial_taskflow_api_virtualenv.py
[2024-05-23T19:31:19.482+0000] {logging_mixin.py:188} INFO - [2024-05-23T19:31:19.482+0000] {dag.py:3096} INFO - Sync 1 DAGs
[2024-05-23T19:31:19.503+0000] {logging_mixin.py:188} INFO - [2024-05-23T19:31:19.502+0000] {dag.py:3954} INFO - Setting next_dagrun for tutorial_taskflow_api_virtualenv to None, run_after=None
[2024-05-23T19:31:19.531+0000] {processor.py:183} INFO - Processing /home/airflow/.local/lib/python3.12/site-packages/airflow/example_dags/tutorial_taskflow_api_virtualenv.py took 0.111 seconds
[2024-05-23T19:31:49.748+0000] {processor.py:161} INFO - Started process (PID=1235) to work on /home/airflow/.local/lib/python3.12/site-packages/airflow/example_dags/tutorial_taskflow_api_virtualenv.py
[2024-05-23T19:31:49.749+0000] {processor.py:830} INFO - Processing file /home/airflow/.local/lib/python3.12/site-packages/airflow/example_dags/tutorial_taskflow_api_virtualenv.py for tasks to queue
[2024-05-23T19:31:49.752+0000] {logging_mixin.py:188} INFO - [2024-05-23T19:31:49.752+0000] {dagbag.py:545} INFO - Filling up the DagBag from /home/airflow/.local/lib/python3.12/site-packages/airflow/example_dags/tutorial_taskflow_api_virtualenv.py
[2024-05-23T19:31:49.768+0000] {processor.py:840} INFO - DAG(s) 'tutorial_taskflow_api_virtualenv' retrieved from /home/airflow/.local/lib/python3.12/site-packages/airflow/example_dags/tutorial_taskflow_api_virtualenv.py
[2024-05-23T19:31:49.800+0000] {logging_mixin.py:188} INFO - [2024-05-23T19:31:49.800+0000] {dag.py:3096} INFO - Sync 1 DAGs
[2024-05-23T19:31:49.821+0000] {logging_mixin.py:188} INFO - [2024-05-23T19:31:49.821+0000] {dag.py:3954} INFO - Setting next_dagrun for tutorial_taskflow_api_virtualenv to None, run_after=None
[2024-05-23T19:31:49.848+0000] {processor.py:183} INFO - Processing /home/airflow/.local/lib/python3.12/site-packages/airflow/example_dags/tutorial_taskflow_api_virtualenv.py took 0.110 seconds
[2024-05-23T19:32:20.186+0000] {processor.py:161} INFO - Started process (PID=1497) to work on /home/airflow/.local/lib/python3.12/site-packages/airflow/example_dags/tutorial_taskflow_api_virtualenv.py
[2024-05-23T19:32:20.187+0000] {processor.py:830} INFO - Processing file /home/airflow/.local/lib/python3.12/site-packages/airflow/example_dags/tutorial_taskflow_api_virtualenv.py for tasks to queue
[2024-05-23T19:32:20.190+0000] {logging_mixin.py:188} INFO - [2024-05-23T19:32:20.190+0000] {dagbag.py:545} INFO - Filling up the DagBag from /home/airflow/.local/lib/python3.12/site-packages/airflow/example_dags/tutorial_taskflow_api_virtualenv.py
[2024-05-23T19:32:20.207+0000] {processor.py:840} INFO - DAG(s) 'tutorial_taskflow_api_virtualenv' retrieved from /home/airflow/.local/lib/python3.12/site-packages/airflow/example_dags/tutorial_taskflow_api_virtualenv.py
[2024-05-23T19:32:20.238+0000] {logging_mixin.py:188} INFO - [2024-05-23T19:32:20.238+0000] {dag.py:3096} INFO - Sync 1 DAGs
[2024-05-23T19:32:20.259+0000] {logging_mixin.py:188} INFO - [2024-05-23T19:32:20.259+0000] {dag.py:3954} INFO - Setting next_dagrun for tutorial_taskflow_api_virtualenv to None, run_after=None
[2024-05-23T19:32:20.287+0000] {processor.py:183} INFO - Processing /home/airflow/.local/lib/python3.12/site-packages/airflow/example_dags/tutorial_taskflow_api_virtualenv.py took 0.111 seconds
[2024-05-23T19:32:50.428+0000] {processor.py:161} INFO - Started process (PID=1759) to work on /home/airflow/.local/lib/python3.12/site-packages/airflow/example_dags/tutorial_taskflow_api_virtualenv.py
[2024-05-23T19:32:50.430+0000] {processor.py:830} INFO - Processing file /home/airflow/.local/lib/python3.12/site-packages/airflow/example_dags/tutorial_taskflow_api_virtualenv.py for tasks to queue
[2024-05-23T19:32:50.433+0000] {logging_mixin.py:188} INFO - [2024-05-23T19:32:50.433+0000] {dagbag.py:545} INFO - Filling up the DagBag from /home/airflow/.local/lib/python3.12/site-packages/airflow/example_dags/tutorial_taskflow_api_virtualenv.py
[2024-05-23T19:32:50.451+0000] {processor.py:840} INFO - DAG(s) 'tutorial_taskflow_api_virtualenv' retrieved from /home/airflow/.local/lib/python3.12/site-packages/airflow/example_dags/tutorial_taskflow_api_virtualenv.py
[2024-05-23T19:32:50.485+0000] {logging_mixin.py:188} INFO - [2024-05-23T19:32:50.485+0000] {dag.py:3096} INFO - Sync 1 DAGs
[2024-05-23T19:32:50.509+0000] {logging_mixin.py:188} INFO - [2024-05-23T19:32:50.509+0000] {dag.py:3954} INFO - Setting next_dagrun for tutorial_taskflow_api_virtualenv to None, run_after=None
[2024-05-23T19:32:50.539+0000] {processor.py:183} INFO - Processing /home/airflow/.local/lib/python3.12/site-packages/airflow/example_dags/tutorial_taskflow_api_virtualenv.py took 0.121 seconds
[2024-05-23T19:33:20.972+0000] {processor.py:161} INFO - Started process (PID=2021) to work on /home/airflow/.local/lib/python3.12/site-packages/airflow/example_dags/tutorial_taskflow_api_virtualenv.py
[2024-05-23T19:33:20.976+0000] {processor.py:830} INFO - Processing file /home/airflow/.local/lib/python3.12/site-packages/airflow/example_dags/tutorial_taskflow_api_virtualenv.py for tasks to queue
[2024-05-23T19:33:20.983+0000] {logging_mixin.py:188} INFO - [2024-05-23T19:33:20.982+0000] {dagbag.py:545} INFO - Filling up the DagBag from /home/airflow/.local/lib/python3.12/site-packages/airflow/example_dags/tutorial_taskflow_api_virtualenv.py
[2024-05-23T19:33:21.014+0000] {processor.py:840} INFO - DAG(s) 'tutorial_taskflow_api_virtualenv' retrieved from /home/airflow/.local/lib/python3.12/site-packages/airflow/example_dags/tutorial_taskflow_api_virtualenv.py
[2024-05-23T19:33:21.056+0000] {logging_mixin.py:188} INFO - [2024-05-23T19:33:21.055+0000] {dag.py:3096} INFO - Sync 1 DAGs
[2024-05-23T19:33:21.086+0000] {logging_mixin.py:188} INFO - [2024-05-23T19:33:21.086+0000] {dag.py:3954} INFO - Setting next_dagrun for tutorial_taskflow_api_virtualenv to None, run_after=None
[2024-05-23T19:33:21.117+0000] {processor.py:183} INFO - Processing /home/airflow/.local/lib/python3.12/site-packages/airflow/example_dags/tutorial_taskflow_api_virtualenv.py took 0.160 seconds
[2024-05-23T19:33:51.269+0000] {processor.py:161} INFO - Started process (PID=2283) to work on /home/airflow/.local/lib/python3.12/site-packages/airflow/example_dags/tutorial_taskflow_api_virtualenv.py
[2024-05-23T19:33:51.271+0000] {processor.py:830} INFO - Processing file /home/airflow/.local/lib/python3.12/site-packages/airflow/example_dags/tutorial_taskflow_api_virtualenv.py for tasks to queue
[2024-05-23T19:33:51.274+0000] {logging_mixin.py:188} INFO - [2024-05-23T19:33:51.274+0000] {dagbag.py:545} INFO - Filling up the DagBag from /home/airflow/.local/lib/python3.12/site-packages/airflow/example_dags/tutorial_taskflow_api_virtualenv.py
[2024-05-23T19:33:51.291+0000] {processor.py:840} INFO - DAG(s) 'tutorial_taskflow_api_virtualenv' retrieved from /home/airflow/.local/lib/python3.12/site-packages/airflow/example_dags/tutorial_taskflow_api_virtualenv.py
[2024-05-23T19:33:51.325+0000] {logging_mixin.py:188} INFO - [2024-05-23T19:33:51.325+0000] {dag.py:3096} INFO - Sync 1 DAGs
[2024-05-23T19:33:51.348+0000] {logging_mixin.py:188} INFO - [2024-05-23T19:33:51.347+0000] {dag.py:3954} INFO - Setting next_dagrun for tutorial_taskflow_api_virtualenv to None, run_after=None
[2024-05-23T19:33:51.381+0000] {processor.py:183} INFO - Processing /home/airflow/.local/lib/python3.12/site-packages/airflow/example_dags/tutorial_taskflow_api_virtualenv.py took 0.123 seconds
[2024-05-23T19:34:22.142+0000] {processor.py:161} INFO - Started process (PID=2544) to work on /home/airflow/.local/lib/python3.12/site-packages/airflow/example_dags/tutorial_taskflow_api_virtualenv.py
[2024-05-23T19:34:22.144+0000] {processor.py:830} INFO - Processing file /home/airflow/.local/lib/python3.12/site-packages/airflow/example_dags/tutorial_taskflow_api_virtualenv.py for tasks to queue
[2024-05-23T19:34:22.147+0000] {logging_mixin.py:188} INFO - [2024-05-23T19:34:22.147+0000] {dagbag.py:545} INFO - Filling up the DagBag from /home/airflow/.local/lib/python3.12/site-packages/airflow/example_dags/tutorial_taskflow_api_virtualenv.py
[2024-05-23T19:34:22.165+0000] {processor.py:840} INFO - DAG(s) 'tutorial_taskflow_api_virtualenv' retrieved from /home/airflow/.local/lib/python3.12/site-packages/airflow/example_dags/tutorial_taskflow_api_virtualenv.py
[2024-05-23T19:34:22.202+0000] {logging_mixin.py:188} INFO - [2024-05-23T19:34:22.201+0000] {dag.py:3096} INFO - Sync 1 DAGs
[2024-05-23T19:34:22.227+0000] {logging_mixin.py:188} INFO - [2024-05-23T19:34:22.227+0000] {dag.py:3954} INFO - Setting next_dagrun for tutorial_taskflow_api_virtualenv to None, run_after=None
[2024-05-23T19:34:22.257+0000] {processor.py:183} INFO - Processing /home/airflow/.local/lib/python3.12/site-packages/airflow/example_dags/tutorial_taskflow_api_virtualenv.py took 0.125 seconds
[2024-05-23T19:34:52.475+0000] {processor.py:161} INFO - Started process (PID=2806) to work on /home/airflow/.local/lib/python3.12/site-packages/airflow/example_dags/tutorial_taskflow_api_virtualenv.py
[2024-05-23T19:34:52.477+0000] {processor.py:830} INFO - Processing file /home/airflow/.local/lib/python3.12/site-packages/airflow/example_dags/tutorial_taskflow_api_virtualenv.py for tasks to queue
[2024-05-23T19:34:52.480+0000] {logging_mixin.py:188} INFO - [2024-05-23T19:34:52.480+0000] {dagbag.py:545} INFO - Filling up the DagBag from /home/airflow/.local/lib/python3.12/site-packages/airflow/example_dags/tutorial_taskflow_api_virtualenv.py
[2024-05-23T19:34:52.498+0000] {processor.py:840} INFO - DAG(s) 'tutorial_taskflow_api_virtualenv' retrieved from /home/airflow/.local/lib/python3.12/site-packages/airflow/example_dags/tutorial_taskflow_api_virtualenv.py
[2024-05-23T19:34:52.531+0000] {logging_mixin.py:188} INFO - [2024-05-23T19:34:52.531+0000] {dag.py:3096} INFO - Sync 1 DAGs
[2024-05-23T19:34:52.554+0000] {logging_mixin.py:188} INFO - [2024-05-23T19:34:52.553+0000] {dag.py:3954} INFO - Setting next_dagrun for tutorial_taskflow_api_virtualenv to None, run_after=None
[2024-05-23T19:34:52.583+0000] {processor.py:183} INFO - Processing /home/airflow/.local/lib/python3.12/site-packages/airflow/example_dags/tutorial_taskflow_api_virtualenv.py took 0.117 seconds
[2024-05-23T19:35:23.162+0000] {processor.py:161} INFO - Started process (PID=3093) to work on /home/airflow/.local/lib/python3.12/site-packages/airflow/example_dags/tutorial_taskflow_api_virtualenv.py
[2024-05-23T19:35:23.164+0000] {processor.py:830} INFO - Processing file /home/airflow/.local/lib/python3.12/site-packages/airflow/example_dags/tutorial_taskflow_api_virtualenv.py for tasks to queue
[2024-05-23T19:35:23.167+0000] {logging_mixin.py:188} INFO - [2024-05-23T19:35:23.166+0000] {dagbag.py:545} INFO - Filling up the DagBag from /home/airflow/.local/lib/python3.12/site-packages/airflow/example_dags/tutorial_taskflow_api_virtualenv.py
[2024-05-23T19:35:23.184+0000] {processor.py:840} INFO - DAG(s) 'tutorial_taskflow_api_virtualenv' retrieved from /home/airflow/.local/lib/python3.12/site-packages/airflow/example_dags/tutorial_taskflow_api_virtualenv.py
[2024-05-23T19:35:23.228+0000] {logging_mixin.py:188} INFO - [2024-05-23T19:35:23.227+0000] {dag.py:3096} INFO - Sync 1 DAGs
[2024-05-23T19:35:23.250+0000] {logging_mixin.py:188} INFO - [2024-05-23T19:35:23.249+0000] {dag.py:3954} INFO - Setting next_dagrun for tutorial_taskflow_api_virtualenv to None, run_after=None
[2024-05-23T19:35:23.279+0000] {processor.py:183} INFO - Processing /home/airflow/.local/lib/python3.12/site-packages/airflow/example_dags/tutorial_taskflow_api_virtualenv.py took 0.126 seconds
[2024-05-23T19:35:53.435+0000] {processor.py:161} INFO - Started process (PID=3355) to work on /home/airflow/.local/lib/python3.12/site-packages/airflow/example_dags/tutorial_taskflow_api_virtualenv.py
[2024-05-23T19:35:53.436+0000] {processor.py:830} INFO - Processing file /home/airflow/.local/lib/python3.12/site-packages/airflow/example_dags/tutorial_taskflow_api_virtualenv.py for tasks to queue
[2024-05-23T19:35:53.439+0000] {logging_mixin.py:188} INFO - [2024-05-23T19:35:53.439+0000] {dagbag.py:545} INFO - Filling up the DagBag from /home/airflow/.local/lib/python3.12/site-packages/airflow/example_dags/tutorial_taskflow_api_virtualenv.py
[2024-05-23T19:35:53.455+0000] {processor.py:840} INFO - DAG(s) 'tutorial_taskflow_api_virtualenv' retrieved from /home/airflow/.local/lib/python3.12/site-packages/airflow/example_dags/tutorial_taskflow_api_virtualenv.py
[2024-05-23T19:35:53.486+0000] {logging_mixin.py:188} INFO - [2024-05-23T19:35:53.485+0000] {dag.py:3096} INFO - Sync 1 DAGs
[2024-05-23T19:35:53.507+0000] {logging_mixin.py:188} INFO - [2024-05-23T19:35:53.507+0000] {dag.py:3954} INFO - Setting next_dagrun for tutorial_taskflow_api_virtualenv to None, run_after=None
[2024-05-23T19:35:53.535+0000] {processor.py:183} INFO - Processing /home/airflow/.local/lib/python3.12/site-packages/airflow/example_dags/tutorial_taskflow_api_virtualenv.py took 0.109 seconds
[2024-05-23T19:36:23.801+0000] {processor.py:161} INFO - Started process (PID=3617) to work on /home/airflow/.local/lib/python3.12/site-packages/airflow/example_dags/tutorial_taskflow_api_virtualenv.py
[2024-05-23T19:36:23.803+0000] {processor.py:830} INFO - Processing file /home/airflow/.local/lib/python3.12/site-packages/airflow/example_dags/tutorial_taskflow_api_virtualenv.py for tasks to queue
[2024-05-23T19:36:23.807+0000] {logging_mixin.py:188} INFO - [2024-05-23T19:36:23.806+0000] {dagbag.py:545} INFO - Filling up the DagBag from /home/airflow/.local/lib/python3.12/site-packages/airflow/example_dags/tutorial_taskflow_api_virtualenv.py
[2024-05-23T19:36:23.823+0000] {processor.py:840} INFO - DAG(s) 'tutorial_taskflow_api_virtualenv' retrieved from /home/airflow/.local/lib/python3.12/site-packages/airflow/example_dags/tutorial_taskflow_api_virtualenv.py
[2024-05-23T19:36:23.854+0000] {logging_mixin.py:188} INFO - [2024-05-23T19:36:23.854+0000] {dag.py:3096} INFO - Sync 1 DAGs
[2024-05-23T19:36:23.882+0000] {logging_mixin.py:188} INFO - [2024-05-23T19:36:23.882+0000] {dag.py:3954} INFO - Setting next_dagrun for tutorial_taskflow_api_virtualenv to None, run_after=None
[2024-05-23T19:36:23.918+0000] {processor.py:183} INFO - Processing /home/airflow/.local/lib/python3.12/site-packages/airflow/example_dags/tutorial_taskflow_api_virtualenv.py took 0.129 seconds
[2024-05-23T19:36:54.082+0000] {processor.py:161} INFO - Started process (PID=3879) to work on /home/airflow/.local/lib/python3.12/site-packages/airflow/example_dags/tutorial_taskflow_api_virtualenv.py
[2024-05-23T19:36:54.084+0000] {processor.py:830} INFO - Processing file /home/airflow/.local/lib/python3.12/site-packages/airflow/example_dags/tutorial_taskflow_api_virtualenv.py for tasks to queue
[2024-05-23T19:36:54.087+0000] {logging_mixin.py:188} INFO - [2024-05-23T19:36:54.086+0000] {dagbag.py:545} INFO - Filling up the DagBag from /home/airflow/.local/lib/python3.12/site-packages/airflow/example_dags/tutorial_taskflow_api_virtualenv.py
[2024-05-23T19:36:54.103+0000] {processor.py:840} INFO - DAG(s) 'tutorial_taskflow_api_virtualenv' retrieved from /home/airflow/.local/lib/python3.12/site-packages/airflow/example_dags/tutorial_taskflow_api_virtualenv.py
[2024-05-23T19:36:54.134+0000] {logging_mixin.py:188} INFO - [2024-05-23T19:36:54.134+0000] {dag.py:3096} INFO - Sync 1 DAGs
[2024-05-23T19:36:54.155+0000] {logging_mixin.py:188} INFO - [2024-05-23T19:36:54.155+0000] {dag.py:3954} INFO - Setting next_dagrun for tutorial_taskflow_api_virtualenv to None, run_after=None
[2024-05-23T19:36:54.185+0000] {processor.py:183} INFO - Processing /home/airflow/.local/lib/python3.12/site-packages/airflow/example_dags/tutorial_taskflow_api_virtualenv.py took 0.112 seconds
[2024-05-23T19:37:24.383+0000] {processor.py:161} INFO - Started process (PID=4141) to work on /home/airflow/.local/lib/python3.12/site-packages/airflow/example_dags/tutorial_taskflow_api_virtualenv.py
[2024-05-23T19:37:24.385+0000] {processor.py:830} INFO - Processing file /home/airflow/.local/lib/python3.12/site-packages/airflow/example_dags/tutorial_taskflow_api_virtualenv.py for tasks to queue
[2024-05-23T19:37:24.388+0000] {logging_mixin.py:188} INFO - [2024-05-23T19:37:24.388+0000] {dagbag.py:545} INFO - Filling up the DagBag from /home/airflow/.local/lib/python3.12/site-packages/airflow/example_dags/tutorial_taskflow_api_virtualenv.py
[2024-05-23T19:37:24.405+0000] {processor.py:840} INFO - DAG(s) 'tutorial_taskflow_api_virtualenv' retrieved from /home/airflow/.local/lib/python3.12/site-packages/airflow/example_dags/tutorial_taskflow_api_virtualenv.py
[2024-05-23T19:37:24.439+0000] {logging_mixin.py:188} INFO - [2024-05-23T19:37:24.438+0000] {dag.py:3096} INFO - Sync 1 DAGs
[2024-05-23T19:37:24.463+0000] {logging_mixin.py:188} INFO - [2024-05-23T19:37:24.463+0000] {dag.py:3954} INFO - Setting next_dagrun for tutorial_taskflow_api_virtualenv to None, run_after=None
[2024-05-23T19:37:24.494+0000] {processor.py:183} INFO - Processing /home/airflow/.local/lib/python3.12/site-packages/airflow/example_dags/tutorial_taskflow_api_virtualenv.py took 0.121 seconds
[2024-05-23T19:37:54.721+0000] {processor.py:161} INFO - Started process (PID=4403) to work on /home/airflow/.local/lib/python3.12/site-packages/airflow/example_dags/tutorial_taskflow_api_virtualenv.py
[2024-05-23T19:37:54.726+0000] {processor.py:830} INFO - Processing file /home/airflow/.local/lib/python3.12/site-packages/airflow/example_dags/tutorial_taskflow_api_virtualenv.py for tasks to queue
[2024-05-23T19:37:54.730+0000] {logging_mixin.py:188} INFO - [2024-05-23T19:37:54.730+0000] {dagbag.py:545} INFO - Filling up the DagBag from /home/airflow/.local/lib/python3.12/site-packages/airflow/example_dags/tutorial_taskflow_api_virtualenv.py
[2024-05-23T19:37:54.746+0000] {processor.py:840} INFO - DAG(s) 'tutorial_taskflow_api_virtualenv' retrieved from /home/airflow/.local/lib/python3.12/site-packages/airflow/example_dags/tutorial_taskflow_api_virtualenv.py
[2024-05-23T19:37:54.780+0000] {logging_mixin.py:188} INFO - [2024-05-23T19:37:54.779+0000] {dag.py:3096} INFO - Sync 1 DAGs
[2024-05-23T19:37:54.801+0000] {logging_mixin.py:188} INFO - [2024-05-23T19:37:54.800+0000] {dag.py:3954} INFO - Setting next_dagrun for tutorial_taskflow_api_virtualenv to None, run_after=None
[2024-05-23T19:37:54.829+0000] {processor.py:183} INFO - Processing /home/airflow/.local/lib/python3.12/site-packages/airflow/example_dags/tutorial_taskflow_api_virtualenv.py took 0.117 seconds
[2024-05-23T19:38:25.024+0000] {processor.py:161} INFO - Started process (PID=4665) to work on /home/airflow/.local/lib/python3.12/site-packages/airflow/example_dags/tutorial_taskflow_api_virtualenv.py
[2024-05-23T19:38:25.025+0000] {processor.py:830} INFO - Processing file /home/airflow/.local/lib/python3.12/site-packages/airflow/example_dags/tutorial_taskflow_api_virtualenv.py for tasks to queue
[2024-05-23T19:38:25.029+0000] {logging_mixin.py:188} INFO - [2024-05-23T19:38:25.028+0000] {dagbag.py:545} INFO - Filling up the DagBag from /home/airflow/.local/lib/python3.12/site-packages/airflow/example_dags/tutorial_taskflow_api_virtualenv.py
[2024-05-23T19:38:25.045+0000] {processor.py:840} INFO - DAG(s) 'tutorial_taskflow_api_virtualenv' retrieved from /home/airflow/.local/lib/python3.12/site-packages/airflow/example_dags/tutorial_taskflow_api_virtualenv.py
[2024-05-23T19:38:25.075+0000] {logging_mixin.py:188} INFO - [2024-05-23T19:38:25.075+0000] {dag.py:3096} INFO - Sync 1 DAGs
[2024-05-23T19:38:25.100+0000] {logging_mixin.py:188} INFO - [2024-05-23T19:38:25.099+0000] {dag.py:3954} INFO - Setting next_dagrun for tutorial_taskflow_api_virtualenv to None, run_after=None
[2024-05-23T19:38:25.131+0000] {processor.py:183} INFO - Processing /home/airflow/.local/lib/python3.12/site-packages/airflow/example_dags/tutorial_taskflow_api_virtualenv.py took 0.118 seconds
[2024-05-23T19:38:55.552+0000] {processor.py:161} INFO - Started process (PID=4927) to work on /home/airflow/.local/lib/python3.12/site-packages/airflow/example_dags/tutorial_taskflow_api_virtualenv.py
[2024-05-23T19:38:55.553+0000] {processor.py:830} INFO - Processing file /home/airflow/.local/lib/python3.12/site-packages/airflow/example_dags/tutorial_taskflow_api_virtualenv.py for tasks to queue
[2024-05-23T19:38:55.556+0000] {logging_mixin.py:188} INFO - [2024-05-23T19:38:55.555+0000] {dagbag.py:545} INFO - Filling up the DagBag from /home/airflow/.local/lib/python3.12/site-packages/airflow/example_dags/tutorial_taskflow_api_virtualenv.py
[2024-05-23T19:38:55.573+0000] {processor.py:840} INFO - DAG(s) 'tutorial_taskflow_api_virtualenv' retrieved from /home/airflow/.local/lib/python3.12/site-packages/airflow/example_dags/tutorial_taskflow_api_virtualenv.py
[2024-05-23T19:38:55.605+0000] {logging_mixin.py:188} INFO - [2024-05-23T19:38:55.605+0000] {dag.py:3096} INFO - Sync 1 DAGs
[2024-05-23T19:38:55.628+0000] {logging_mixin.py:188} INFO - [2024-05-23T19:38:55.628+0000] {dag.py:3954} INFO - Setting next_dagrun for tutorial_taskflow_api_virtualenv to None, run_after=None
[2024-05-23T19:38:55.655+0000] {processor.py:183} INFO - Processing /home/airflow/.local/lib/python3.12/site-packages/airflow/example_dags/tutorial_taskflow_api_virtualenv.py took 0.113 seconds
[2024-05-23T19:39:26.234+0000] {processor.py:161} INFO - Started process (PID=5189) to work on /home/airflow/.local/lib/python3.12/site-packages/airflow/example_dags/tutorial_taskflow_api_virtualenv.py
[2024-05-23T19:39:26.236+0000] {processor.py:830} INFO - Processing file /home/airflow/.local/lib/python3.12/site-packages/airflow/example_dags/tutorial_taskflow_api_virtualenv.py for tasks to queue
[2024-05-23T19:39:26.238+0000] {logging_mixin.py:188} INFO - [2024-05-23T19:39:26.238+0000] {dagbag.py:545} INFO - Filling up the DagBag from /home/airflow/.local/lib/python3.12/site-packages/airflow/example_dags/tutorial_taskflow_api_virtualenv.py
[2024-05-23T19:39:26.254+0000] {processor.py:840} INFO - DAG(s) 'tutorial_taskflow_api_virtualenv' retrieved from /home/airflow/.local/lib/python3.12/site-packages/airflow/example_dags/tutorial_taskflow_api_virtualenv.py
[2024-05-23T19:39:26.286+0000] {logging_mixin.py:188} INFO - [2024-05-23T19:39:26.286+0000] {dag.py:3096} INFO - Sync 1 DAGs
[2024-05-23T19:39:26.307+0000] {logging_mixin.py:188} INFO - [2024-05-23T19:39:26.307+0000] {dag.py:3954} INFO - Setting next_dagrun for tutorial_taskflow_api_virtualenv to None, run_after=None
[2024-05-23T19:39:26.337+0000] {processor.py:183} INFO - Processing /home/airflow/.local/lib/python3.12/site-packages/airflow/example_dags/tutorial_taskflow_api_virtualenv.py took 0.111 seconds
[2024-05-23T19:39:56.769+0000] {processor.py:161} INFO - Started process (PID=5451) to work on /home/airflow/.local/lib/python3.12/site-packages/airflow/example_dags/tutorial_taskflow_api_virtualenv.py
[2024-05-23T19:39:56.770+0000] {processor.py:830} INFO - Processing file /home/airflow/.local/lib/python3.12/site-packages/airflow/example_dags/tutorial_taskflow_api_virtualenv.py for tasks to queue
[2024-05-23T19:39:56.773+0000] {logging_mixin.py:188} INFO - [2024-05-23T19:39:56.772+0000] {dagbag.py:545} INFO - Filling up the DagBag from /home/airflow/.local/lib/python3.12/site-packages/airflow/example_dags/tutorial_taskflow_api_virtualenv.py
[2024-05-23T19:39:56.789+0000] {processor.py:840} INFO - DAG(s) 'tutorial_taskflow_api_virtualenv' retrieved from /home/airflow/.local/lib/python3.12/site-packages/airflow/example_dags/tutorial_taskflow_api_virtualenv.py
[2024-05-23T19:39:56.820+0000] {logging_mixin.py:188} INFO - [2024-05-23T19:39:56.819+0000] {dag.py:3096} INFO - Sync 1 DAGs
[2024-05-23T19:39:56.840+0000] {logging_mixin.py:188} INFO - [2024-05-23T19:39:56.839+0000] {dag.py:3954} INFO - Setting next_dagrun for tutorial_taskflow_api_virtualenv to None, run_after=None
[2024-05-23T19:39:56.869+0000] {processor.py:183} INFO - Processing /home/airflow/.local/lib/python3.12/site-packages/airflow/example_dags/tutorial_taskflow_api_virtualenv.py took 0.109 seconds
[2024-05-23T19:40:27.359+0000] {processor.py:161} INFO - Started process (PID=5713) to work on /home/airflow/.local/lib/python3.12/site-packages/airflow/example_dags/tutorial_taskflow_api_virtualenv.py
[2024-05-23T19:40:27.361+0000] {processor.py:830} INFO - Processing file /home/airflow/.local/lib/python3.12/site-packages/airflow/example_dags/tutorial_taskflow_api_virtualenv.py for tasks to queue
[2024-05-23T19:40:27.364+0000] {logging_mixin.py:188} INFO - [2024-05-23T19:40:27.363+0000] {dagbag.py:545} INFO - Filling up the DagBag from /home/airflow/.local/lib/python3.12/site-packages/airflow/example_dags/tutorial_taskflow_api_virtualenv.py
[2024-05-23T19:40:27.378+0000] {processor.py:840} INFO - DAG(s) 'tutorial_taskflow_api_virtualenv' retrieved from /home/airflow/.local/lib/python3.12/site-packages/airflow/example_dags/tutorial_taskflow_api_virtualenv.py
[2024-05-23T19:40:27.406+0000] {logging_mixin.py:188} INFO - [2024-05-23T19:40:27.405+0000] {dag.py:3096} INFO - Sync 1 DAGs
[2024-05-23T19:40:27.425+0000] {logging_mixin.py:188} INFO - [2024-05-23T19:40:27.425+0000] {dag.py:3954} INFO - Setting next_dagrun for tutorial_taskflow_api_virtualenv to None, run_after=None
[2024-05-23T19:40:27.449+0000] {processor.py:183} INFO - Processing /home/airflow/.local/lib/python3.12/site-packages/airflow/example_dags/tutorial_taskflow_api_virtualenv.py took 0.098 seconds
[2024-05-23T19:40:57.657+0000] {processor.py:161} INFO - Started process (PID=5975) to work on /home/airflow/.local/lib/python3.12/site-packages/airflow/example_dags/tutorial_taskflow_api_virtualenv.py
[2024-05-23T19:40:57.659+0000] {processor.py:830} INFO - Processing file /home/airflow/.local/lib/python3.12/site-packages/airflow/example_dags/tutorial_taskflow_api_virtualenv.py for tasks to queue
[2024-05-23T19:40:57.662+0000] {logging_mixin.py:188} INFO - [2024-05-23T19:40:57.661+0000] {dagbag.py:545} INFO - Filling up the DagBag from /home/airflow/.local/lib/python3.12/site-packages/airflow/example_dags/tutorial_taskflow_api_virtualenv.py
[2024-05-23T19:40:57.677+0000] {processor.py:840} INFO - DAG(s) 'tutorial_taskflow_api_virtualenv' retrieved from /home/airflow/.local/lib/python3.12/site-packages/airflow/example_dags/tutorial_taskflow_api_virtualenv.py
[2024-05-23T19:40:57.707+0000] {logging_mixin.py:188} INFO - [2024-05-23T19:40:57.707+0000] {dag.py:3096} INFO - Sync 1 DAGs
[2024-05-23T19:40:57.729+0000] {logging_mixin.py:188} INFO - [2024-05-23T19:40:57.729+0000] {dag.py:3954} INFO - Setting next_dagrun for tutorial_taskflow_api_virtualenv to None, run_after=None
[2024-05-23T19:40:57.760+0000] {processor.py:183} INFO - Processing /home/airflow/.local/lib/python3.12/site-packages/airflow/example_dags/tutorial_taskflow_api_virtualenv.py took 0.111 seconds
[2024-05-23T19:41:28.318+0000] {processor.py:161} INFO - Started process (PID=6237) to work on /home/airflow/.local/lib/python3.12/site-packages/airflow/example_dags/tutorial_taskflow_api_virtualenv.py
[2024-05-23T19:41:28.319+0000] {processor.py:830} INFO - Processing file /home/airflow/.local/lib/python3.12/site-packages/airflow/example_dags/tutorial_taskflow_api_virtualenv.py for tasks to queue
[2024-05-23T19:41:28.322+0000] {logging_mixin.py:188} INFO - [2024-05-23T19:41:28.322+0000] {dagbag.py:545} INFO - Filling up the DagBag from /home/airflow/.local/lib/python3.12/site-packages/airflow/example_dags/tutorial_taskflow_api_virtualenv.py
[2024-05-23T19:41:28.338+0000] {processor.py:840} INFO - DAG(s) 'tutorial_taskflow_api_virtualenv' retrieved from /home/airflow/.local/lib/python3.12/site-packages/airflow/example_dags/tutorial_taskflow_api_virtualenv.py
[2024-05-23T19:41:28.369+0000] {logging_mixin.py:188} INFO - [2024-05-23T19:41:28.368+0000] {dag.py:3096} INFO - Sync 1 DAGs
[2024-05-23T19:41:28.390+0000] {logging_mixin.py:188} INFO - [2024-05-23T19:41:28.390+0000] {dag.py:3954} INFO - Setting next_dagrun for tutorial_taskflow_api_virtualenv to None, run_after=None
[2024-05-23T19:41:28.420+0000] {processor.py:183} INFO - Processing /home/airflow/.local/lib/python3.12/site-packages/airflow/example_dags/tutorial_taskflow_api_virtualenv.py took 0.111 seconds
[2024-05-23T19:41:58.602+0000] {processor.py:161} INFO - Started process (PID=6498) to work on /home/airflow/.local/lib/python3.12/site-packages/airflow/example_dags/tutorial_taskflow_api_virtualenv.py
[2024-05-23T19:41:58.604+0000] {processor.py:830} INFO - Processing file /home/airflow/.local/lib/python3.12/site-packages/airflow/example_dags/tutorial_taskflow_api_virtualenv.py for tasks to queue
[2024-05-23T19:41:58.607+0000] {logging_mixin.py:188} INFO - [2024-05-23T19:41:58.606+0000] {dagbag.py:545} INFO - Filling up the DagBag from /home/airflow/.local/lib/python3.12/site-packages/airflow/example_dags/tutorial_taskflow_api_virtualenv.py
[2024-05-23T19:41:58.622+0000] {processor.py:840} INFO - DAG(s) 'tutorial_taskflow_api_virtualenv' retrieved from /home/airflow/.local/lib/python3.12/site-packages/airflow/example_dags/tutorial_taskflow_api_virtualenv.py
[2024-05-23T19:41:58.651+0000] {logging_mixin.py:188} INFO - [2024-05-23T19:41:58.651+0000] {dag.py:3096} INFO - Sync 1 DAGs
[2024-05-23T19:41:58.671+0000] {logging_mixin.py:188} INFO - [2024-05-23T19:41:58.671+0000] {dag.py:3954} INFO - Setting next_dagrun for tutorial_taskflow_api_virtualenv to None, run_after=None
[2024-05-23T19:41:58.723+0000] {processor.py:183} INFO - Processing /home/airflow/.local/lib/python3.12/site-packages/airflow/example_dags/tutorial_taskflow_api_virtualenv.py took 0.131 seconds
[2024-05-23T19:42:29.047+0000] {processor.py:161} INFO - Started process (PID=6760) to work on /home/airflow/.local/lib/python3.12/site-packages/airflow/example_dags/tutorial_taskflow_api_virtualenv.py
[2024-05-23T19:42:29.049+0000] {processor.py:830} INFO - Processing file /home/airflow/.local/lib/python3.12/site-packages/airflow/example_dags/tutorial_taskflow_api_virtualenv.py for tasks to queue
[2024-05-23T19:42:29.051+0000] {logging_mixin.py:188} INFO - [2024-05-23T19:42:29.051+0000] {dagbag.py:545} INFO - Filling up the DagBag from /home/airflow/.local/lib/python3.12/site-packages/airflow/example_dags/tutorial_taskflow_api_virtualenv.py
[2024-05-23T19:42:29.068+0000] {processor.py:840} INFO - DAG(s) 'tutorial_taskflow_api_virtualenv' retrieved from /home/airflow/.local/lib/python3.12/site-packages/airflow/example_dags/tutorial_taskflow_api_virtualenv.py
[2024-05-23T19:42:29.103+0000] {logging_mixin.py:188} INFO - [2024-05-23T19:42:29.102+0000] {dag.py:3096} INFO - Sync 1 DAGs
[2024-05-23T19:42:29.125+0000] {logging_mixin.py:188} INFO - [2024-05-23T19:42:29.125+0000] {dag.py:3954} INFO - Setting next_dagrun for tutorial_taskflow_api_virtualenv to None, run_after=None
[2024-05-23T19:42:29.168+0000] {processor.py:183} INFO - Processing /home/airflow/.local/lib/python3.12/site-packages/airflow/example_dags/tutorial_taskflow_api_virtualenv.py took 0.130 seconds
[2024-05-23T19:42:59.365+0000] {processor.py:161} INFO - Started process (PID=7022) to work on /home/airflow/.local/lib/python3.12/site-packages/airflow/example_dags/tutorial_taskflow_api_virtualenv.py
[2024-05-23T19:42:59.367+0000] {processor.py:830} INFO - Processing file /home/airflow/.local/lib/python3.12/site-packages/airflow/example_dags/tutorial_taskflow_api_virtualenv.py for tasks to queue
[2024-05-23T19:42:59.369+0000] {logging_mixin.py:188} INFO - [2024-05-23T19:42:59.369+0000] {dagbag.py:545} INFO - Filling up the DagBag from /home/airflow/.local/lib/python3.12/site-packages/airflow/example_dags/tutorial_taskflow_api_virtualenv.py
[2024-05-23T19:42:59.384+0000] {processor.py:840} INFO - DAG(s) 'tutorial_taskflow_api_virtualenv' retrieved from /home/airflow/.local/lib/python3.12/site-packages/airflow/example_dags/tutorial_taskflow_api_virtualenv.py
[2024-05-23T19:42:59.413+0000] {logging_mixin.py:188} INFO - [2024-05-23T19:42:59.413+0000] {dag.py:3096} INFO - Sync 1 DAGs
[2024-05-23T19:42:59.433+0000] {logging_mixin.py:188} INFO - [2024-05-23T19:42:59.433+0000] {dag.py:3954} INFO - Setting next_dagrun for tutorial_taskflow_api_virtualenv to None, run_after=None
[2024-05-23T19:42:59.459+0000] {processor.py:183} INFO - Processing /home/airflow/.local/lib/python3.12/site-packages/airflow/example_dags/tutorial_taskflow_api_virtualenv.py took 0.103 seconds
[2024-05-23T19:43:30.070+0000] {processor.py:161} INFO - Started process (PID=7278) to work on /home/airflow/.local/lib/python3.12/site-packages/airflow/example_dags/tutorial_taskflow_api_virtualenv.py
[2024-05-23T19:43:30.072+0000] {processor.py:830} INFO - Processing file /home/airflow/.local/lib/python3.12/site-packages/airflow/example_dags/tutorial_taskflow_api_virtualenv.py for tasks to queue
[2024-05-23T19:43:30.074+0000] {logging_mixin.py:188} INFO - [2024-05-23T19:43:30.074+0000] {dagbag.py:545} INFO - Filling up the DagBag from /home/airflow/.local/lib/python3.12/site-packages/airflow/example_dags/tutorial_taskflow_api_virtualenv.py
[2024-05-23T19:43:30.092+0000] {processor.py:840} INFO - DAG(s) 'tutorial_taskflow_api_virtualenv' retrieved from /home/airflow/.local/lib/python3.12/site-packages/airflow/example_dags/tutorial_taskflow_api_virtualenv.py
[2024-05-23T19:43:30.124+0000] {logging_mixin.py:188} INFO - [2024-05-23T19:43:30.124+0000] {dag.py:3096} INFO - Sync 1 DAGs
[2024-05-23T19:43:30.148+0000] {logging_mixin.py:188} INFO - [2024-05-23T19:43:30.147+0000] {dag.py:3954} INFO - Setting next_dagrun for tutorial_taskflow_api_virtualenv to None, run_after=None
[2024-05-23T19:43:30.183+0000] {processor.py:183} INFO - Processing /home/airflow/.local/lib/python3.12/site-packages/airflow/example_dags/tutorial_taskflow_api_virtualenv.py took 0.123 seconds
[2024-05-23T19:44:00.683+0000] {processor.py:161} INFO - Started process (PID=7540) to work on /home/airflow/.local/lib/python3.12/site-packages/airflow/example_dags/tutorial_taskflow_api_virtualenv.py
[2024-05-23T19:44:00.684+0000] {processor.py:830} INFO - Processing file /home/airflow/.local/lib/python3.12/site-packages/airflow/example_dags/tutorial_taskflow_api_virtualenv.py for tasks to queue
[2024-05-23T19:44:00.687+0000] {logging_mixin.py:188} INFO - [2024-05-23T19:44:00.686+0000] {dagbag.py:545} INFO - Filling up the DagBag from /home/airflow/.local/lib/python3.12/site-packages/airflow/example_dags/tutorial_taskflow_api_virtualenv.py
[2024-05-23T19:44:00.703+0000] {processor.py:840} INFO - DAG(s) 'tutorial_taskflow_api_virtualenv' retrieved from /home/airflow/.local/lib/python3.12/site-packages/airflow/example_dags/tutorial_taskflow_api_virtualenv.py
[2024-05-23T19:44:00.733+0000] {logging_mixin.py:188} INFO - [2024-05-23T19:44:00.733+0000] {dag.py:3096} INFO - Sync 1 DAGs
[2024-05-23T19:44:00.755+0000] {logging_mixin.py:188} INFO - [2024-05-23T19:44:00.754+0000] {dag.py:3954} INFO - Setting next_dagrun for tutorial_taskflow_api_virtualenv to None, run_after=None
[2024-05-23T19:44:00.782+0000] {processor.py:183} INFO - Processing /home/airflow/.local/lib/python3.12/site-packages/airflow/example_dags/tutorial_taskflow_api_virtualenv.py took 0.109 seconds
[2024-05-23T19:44:31.082+0000] {processor.py:161} INFO - Started process (PID=7802) to work on /home/airflow/.local/lib/python3.12/site-packages/airflow/example_dags/tutorial_taskflow_api_virtualenv.py
[2024-05-23T19:44:31.083+0000] {processor.py:830} INFO - Processing file /home/airflow/.local/lib/python3.12/site-packages/airflow/example_dags/tutorial_taskflow_api_virtualenv.py for tasks to queue
[2024-05-23T19:44:31.086+0000] {logging_mixin.py:188} INFO - [2024-05-23T19:44:31.085+0000] {dagbag.py:545} INFO - Filling up the DagBag from /home/airflow/.local/lib/python3.12/site-packages/airflow/example_dags/tutorial_taskflow_api_virtualenv.py
[2024-05-23T19:44:31.102+0000] {processor.py:840} INFO - DAG(s) 'tutorial_taskflow_api_virtualenv' retrieved from /home/airflow/.local/lib/python3.12/site-packages/airflow/example_dags/tutorial_taskflow_api_virtualenv.py
[2024-05-23T19:44:31.131+0000] {logging_mixin.py:188} INFO - [2024-05-23T19:44:31.131+0000] {dag.py:3096} INFO - Sync 1 DAGs
[2024-05-23T19:44:31.151+0000] {logging_mixin.py:188} INFO - [2024-05-23T19:44:31.151+0000] {dag.py:3954} INFO - Setting next_dagrun for tutorial_taskflow_api_virtualenv to None, run_after=None
[2024-05-23T19:44:31.178+0000] {processor.py:183} INFO - Processing /home/airflow/.local/lib/python3.12/site-packages/airflow/example_dags/tutorial_taskflow_api_virtualenv.py took 0.105 seconds
[2024-05-23T19:45:01.556+0000] {processor.py:161} INFO - Started process (PID=8064) to work on /home/airflow/.local/lib/python3.12/site-packages/airflow/example_dags/tutorial_taskflow_api_virtualenv.py
[2024-05-23T19:45:01.557+0000] {processor.py:830} INFO - Processing file /home/airflow/.local/lib/python3.12/site-packages/airflow/example_dags/tutorial_taskflow_api_virtualenv.py for tasks to queue
[2024-05-23T19:45:01.560+0000] {logging_mixin.py:188} INFO - [2024-05-23T19:45:01.560+0000] {dagbag.py:545} INFO - Filling up the DagBag from /home/airflow/.local/lib/python3.12/site-packages/airflow/example_dags/tutorial_taskflow_api_virtualenv.py
[2024-05-23T19:45:01.576+0000] {processor.py:840} INFO - DAG(s) 'tutorial_taskflow_api_virtualenv' retrieved from /home/airflow/.local/lib/python3.12/site-packages/airflow/example_dags/tutorial_taskflow_api_virtualenv.py
[2024-05-23T19:45:01.609+0000] {logging_mixin.py:188} INFO - [2024-05-23T19:45:01.608+0000] {dag.py:3096} INFO - Sync 1 DAGs
[2024-05-23T19:45:01.628+0000] {logging_mixin.py:188} INFO - [2024-05-23T19:45:01.628+0000] {dag.py:3954} INFO - Setting next_dagrun for tutorial_taskflow_api_virtualenv to None, run_after=None
[2024-05-23T19:45:01.656+0000] {processor.py:183} INFO - Processing /home/airflow/.local/lib/python3.12/site-packages/airflow/example_dags/tutorial_taskflow_api_virtualenv.py took 0.108 seconds
[2024-05-23T19:45:32.065+0000] {processor.py:161} INFO - Started process (PID=8326) to work on /home/airflow/.local/lib/python3.12/site-packages/airflow/example_dags/tutorial_taskflow_api_virtualenv.py
[2024-05-23T19:45:32.066+0000] {processor.py:830} INFO - Processing file /home/airflow/.local/lib/python3.12/site-packages/airflow/example_dags/tutorial_taskflow_api_virtualenv.py for tasks to queue
[2024-05-23T19:45:32.069+0000] {logging_mixin.py:188} INFO - [2024-05-23T19:45:32.068+0000] {dagbag.py:545} INFO - Filling up the DagBag from /home/airflow/.local/lib/python3.12/site-packages/airflow/example_dags/tutorial_taskflow_api_virtualenv.py
[2024-05-23T19:45:32.083+0000] {processor.py:840} INFO - DAG(s) 'tutorial_taskflow_api_virtualenv' retrieved from /home/airflow/.local/lib/python3.12/site-packages/airflow/example_dags/tutorial_taskflow_api_virtualenv.py
[2024-05-23T19:45:32.110+0000] {logging_mixin.py:188} INFO - [2024-05-23T19:45:32.110+0000] {dag.py:3096} INFO - Sync 1 DAGs
[2024-05-23T19:45:32.129+0000] {logging_mixin.py:188} INFO - [2024-05-23T19:45:32.128+0000] {dag.py:3954} INFO - Setting next_dagrun for tutorial_taskflow_api_virtualenv to None, run_after=None
[2024-05-23T19:45:32.153+0000] {processor.py:183} INFO - Processing /home/airflow/.local/lib/python3.12/site-packages/airflow/example_dags/tutorial_taskflow_api_virtualenv.py took 0.096 seconds
[2024-05-23T19:46:02.273+0000] {processor.py:161} INFO - Started process (PID=8588) to work on /home/airflow/.local/lib/python3.12/site-packages/airflow/example_dags/tutorial_taskflow_api_virtualenv.py
[2024-05-23T19:46:02.275+0000] {processor.py:830} INFO - Processing file /home/airflow/.local/lib/python3.12/site-packages/airflow/example_dags/tutorial_taskflow_api_virtualenv.py for tasks to queue
[2024-05-23T19:46:02.277+0000] {logging_mixin.py:188} INFO - [2024-05-23T19:46:02.277+0000] {dagbag.py:545} INFO - Filling up the DagBag from /home/airflow/.local/lib/python3.12/site-packages/airflow/example_dags/tutorial_taskflow_api_virtualenv.py
[2024-05-23T19:46:02.291+0000] {processor.py:840} INFO - DAG(s) 'tutorial_taskflow_api_virtualenv' retrieved from /home/airflow/.local/lib/python3.12/site-packages/airflow/example_dags/tutorial_taskflow_api_virtualenv.py
[2024-05-23T19:46:02.319+0000] {logging_mixin.py:188} INFO - [2024-05-23T19:46:02.319+0000] {dag.py:3096} INFO - Sync 1 DAGs
[2024-05-23T19:46:02.336+0000] {logging_mixin.py:188} INFO - [2024-05-23T19:46:02.336+0000] {dag.py:3954} INFO - Setting next_dagrun for tutorial_taskflow_api_virtualenv to None, run_after=None
[2024-05-23T19:46:02.361+0000] {processor.py:183} INFO - Processing /home/airflow/.local/lib/python3.12/site-packages/airflow/example_dags/tutorial_taskflow_api_virtualenv.py took 0.096 seconds
[2024-05-23T19:46:32.460+0000] {processor.py:161} INFO - Started process (PID=8850) to work on /home/airflow/.local/lib/python3.12/site-packages/airflow/example_dags/tutorial_taskflow_api_virtualenv.py
[2024-05-23T19:46:32.461+0000] {processor.py:830} INFO - Processing file /home/airflow/.local/lib/python3.12/site-packages/airflow/example_dags/tutorial_taskflow_api_virtualenv.py for tasks to queue
[2024-05-23T19:46:32.464+0000] {logging_mixin.py:188} INFO - [2024-05-23T19:46:32.463+0000] {dagbag.py:545} INFO - Filling up the DagBag from /home/airflow/.local/lib/python3.12/site-packages/airflow/example_dags/tutorial_taskflow_api_virtualenv.py
[2024-05-23T19:46:32.478+0000] {processor.py:840} INFO - DAG(s) 'tutorial_taskflow_api_virtualenv' retrieved from /home/airflow/.local/lib/python3.12/site-packages/airflow/example_dags/tutorial_taskflow_api_virtualenv.py
[2024-05-23T19:46:32.505+0000] {logging_mixin.py:188} INFO - [2024-05-23T19:46:32.504+0000] {dag.py:3096} INFO - Sync 1 DAGs
[2024-05-23T19:46:32.523+0000] {logging_mixin.py:188} INFO - [2024-05-23T19:46:32.522+0000] {dag.py:3954} INFO - Setting next_dagrun for tutorial_taskflow_api_virtualenv to None, run_after=None
[2024-05-23T19:46:32.547+0000] {processor.py:183} INFO - Processing /home/airflow/.local/lib/python3.12/site-packages/airflow/example_dags/tutorial_taskflow_api_virtualenv.py took 0.095 seconds
[2024-05-23T19:47:02.823+0000] {processor.py:161} INFO - Started process (PID=9112) to work on /home/airflow/.local/lib/python3.12/site-packages/airflow/example_dags/tutorial_taskflow_api_virtualenv.py
[2024-05-23T19:47:02.824+0000] {processor.py:830} INFO - Processing file /home/airflow/.local/lib/python3.12/site-packages/airflow/example_dags/tutorial_taskflow_api_virtualenv.py for tasks to queue
[2024-05-23T19:47:02.827+0000] {logging_mixin.py:188} INFO - [2024-05-23T19:47:02.827+0000] {dagbag.py:545} INFO - Filling up the DagBag from /home/airflow/.local/lib/python3.12/site-packages/airflow/example_dags/tutorial_taskflow_api_virtualenv.py
[2024-05-23T19:47:02.841+0000] {processor.py:840} INFO - DAG(s) 'tutorial_taskflow_api_virtualenv' retrieved from /home/airflow/.local/lib/python3.12/site-packages/airflow/example_dags/tutorial_taskflow_api_virtualenv.py
[2024-05-23T19:47:02.869+0000] {logging_mixin.py:188} INFO - [2024-05-23T19:47:02.869+0000] {dag.py:3096} INFO - Sync 1 DAGs
[2024-05-23T19:47:02.888+0000] {logging_mixin.py:188} INFO - [2024-05-23T19:47:02.888+0000] {dag.py:3954} INFO - Setting next_dagrun for tutorial_taskflow_api_virtualenv to None, run_after=None
[2024-05-23T19:47:02.914+0000] {processor.py:183} INFO - Processing /home/airflow/.local/lib/python3.12/site-packages/airflow/example_dags/tutorial_taskflow_api_virtualenv.py took 0.098 seconds
[2024-05-23T19:47:33.048+0000] {processor.py:161} INFO - Started process (PID=9374) to work on /home/airflow/.local/lib/python3.12/site-packages/airflow/example_dags/tutorial_taskflow_api_virtualenv.py
[2024-05-23T19:47:33.050+0000] {processor.py:830} INFO - Processing file /home/airflow/.local/lib/python3.12/site-packages/airflow/example_dags/tutorial_taskflow_api_virtualenv.py for tasks to queue
[2024-05-23T19:47:33.053+0000] {logging_mixin.py:188} INFO - [2024-05-23T19:47:33.052+0000] {dagbag.py:545} INFO - Filling up the DagBag from /home/airflow/.local/lib/python3.12/site-packages/airflow/example_dags/tutorial_taskflow_api_virtualenv.py
[2024-05-23T19:47:33.067+0000] {processor.py:840} INFO - DAG(s) 'tutorial_taskflow_api_virtualenv' retrieved from /home/airflow/.local/lib/python3.12/site-packages/airflow/example_dags/tutorial_taskflow_api_virtualenv.py
[2024-05-23T19:47:33.093+0000] {logging_mixin.py:188} INFO - [2024-05-23T19:47:33.093+0000] {dag.py:3096} INFO - Sync 1 DAGs
[2024-05-23T19:47:33.112+0000] {logging_mixin.py:188} INFO - [2024-05-23T19:47:33.112+0000] {dag.py:3954} INFO - Setting next_dagrun for tutorial_taskflow_api_virtualenv to None, run_after=None
[2024-05-23T19:47:33.136+0000] {processor.py:183} INFO - Processing /home/airflow/.local/lib/python3.12/site-packages/airflow/example_dags/tutorial_taskflow_api_virtualenv.py took 0.096 seconds
[2024-05-23T19:48:03.356+0000] {processor.py:161} INFO - Started process (PID=9636) to work on /home/airflow/.local/lib/python3.12/site-packages/airflow/example_dags/tutorial_taskflow_api_virtualenv.py
[2024-05-23T19:48:03.357+0000] {processor.py:830} INFO - Processing file /home/airflow/.local/lib/python3.12/site-packages/airflow/example_dags/tutorial_taskflow_api_virtualenv.py for tasks to queue
[2024-05-23T19:48:03.360+0000] {logging_mixin.py:188} INFO - [2024-05-23T19:48:03.360+0000] {dagbag.py:545} INFO - Filling up the DagBag from /home/airflow/.local/lib/python3.12/site-packages/airflow/example_dags/tutorial_taskflow_api_virtualenv.py
[2024-05-23T19:48:03.376+0000] {processor.py:840} INFO - DAG(s) 'tutorial_taskflow_api_virtualenv' retrieved from /home/airflow/.local/lib/python3.12/site-packages/airflow/example_dags/tutorial_taskflow_api_virtualenv.py
[2024-05-23T19:48:03.405+0000] {logging_mixin.py:188} INFO - [2024-05-23T19:48:03.405+0000] {dag.py:3096} INFO - Sync 1 DAGs
[2024-05-23T19:48:03.423+0000] {logging_mixin.py:188} INFO - [2024-05-23T19:48:03.423+0000] {dag.py:3954} INFO - Setting next_dagrun for tutorial_taskflow_api_virtualenv to None, run_after=None
[2024-05-23T19:48:03.448+0000] {processor.py:183} INFO - Processing /home/airflow/.local/lib/python3.12/site-packages/airflow/example_dags/tutorial_taskflow_api_virtualenv.py took 0.101 seconds
[2024-05-23T19:48:33.658+0000] {processor.py:161} INFO - Started process (PID=9898) to work on /home/airflow/.local/lib/python3.12/site-packages/airflow/example_dags/tutorial_taskflow_api_virtualenv.py
[2024-05-23T19:48:33.659+0000] {processor.py:830} INFO - Processing file /home/airflow/.local/lib/python3.12/site-packages/airflow/example_dags/tutorial_taskflow_api_virtualenv.py for tasks to queue
[2024-05-23T19:48:33.662+0000] {logging_mixin.py:188} INFO - [2024-05-23T19:48:33.662+0000] {dagbag.py:545} INFO - Filling up the DagBag from /home/airflow/.local/lib/python3.12/site-packages/airflow/example_dags/tutorial_taskflow_api_virtualenv.py
[2024-05-23T19:48:33.677+0000] {processor.py:840} INFO - DAG(s) 'tutorial_taskflow_api_virtualenv' retrieved from /home/airflow/.local/lib/python3.12/site-packages/airflow/example_dags/tutorial_taskflow_api_virtualenv.py
[2024-05-23T19:48:33.707+0000] {logging_mixin.py:188} INFO - [2024-05-23T19:48:33.707+0000] {dag.py:3096} INFO - Sync 1 DAGs
[2024-05-23T19:48:33.727+0000] {logging_mixin.py:188} INFO - [2024-05-23T19:48:33.727+0000] {dag.py:3954} INFO - Setting next_dagrun for tutorial_taskflow_api_virtualenv to None, run_after=None
[2024-05-23T19:48:33.754+0000] {processor.py:183} INFO - Processing /home/airflow/.local/lib/python3.12/site-packages/airflow/example_dags/tutorial_taskflow_api_virtualenv.py took 0.105 seconds
[2024-05-23T19:49:04.119+0000] {processor.py:161} INFO - Started process (PID=10160) to work on /home/airflow/.local/lib/python3.12/site-packages/airflow/example_dags/tutorial_taskflow_api_virtualenv.py
[2024-05-23T19:49:04.121+0000] {processor.py:830} INFO - Processing file /home/airflow/.local/lib/python3.12/site-packages/airflow/example_dags/tutorial_taskflow_api_virtualenv.py for tasks to queue
[2024-05-23T19:49:04.124+0000] {logging_mixin.py:188} INFO - [2024-05-23T19:49:04.123+0000] {dagbag.py:545} INFO - Filling up the DagBag from /home/airflow/.local/lib/python3.12/site-packages/airflow/example_dags/tutorial_taskflow_api_virtualenv.py
[2024-05-23T19:49:04.139+0000] {processor.py:840} INFO - DAG(s) 'tutorial_taskflow_api_virtualenv' retrieved from /home/airflow/.local/lib/python3.12/site-packages/airflow/example_dags/tutorial_taskflow_api_virtualenv.py
[2024-05-23T19:49:04.167+0000] {logging_mixin.py:188} INFO - [2024-05-23T19:49:04.167+0000] {dag.py:3096} INFO - Sync 1 DAGs
[2024-05-23T19:49:04.188+0000] {logging_mixin.py:188} INFO - [2024-05-23T19:49:04.187+0000] {dag.py:3954} INFO - Setting next_dagrun for tutorial_taskflow_api_virtualenv to None, run_after=None
[2024-05-23T19:49:04.214+0000] {processor.py:183} INFO - Processing /home/airflow/.local/lib/python3.12/site-packages/airflow/example_dags/tutorial_taskflow_api_virtualenv.py took 0.103 seconds
[2024-05-23T19:49:34.430+0000] {processor.py:161} INFO - Started process (PID=10422) to work on /home/airflow/.local/lib/python3.12/site-packages/airflow/example_dags/tutorial_taskflow_api_virtualenv.py
[2024-05-23T19:49:34.432+0000] {processor.py:830} INFO - Processing file /home/airflow/.local/lib/python3.12/site-packages/airflow/example_dags/tutorial_taskflow_api_virtualenv.py for tasks to queue
[2024-05-23T19:49:34.434+0000] {logging_mixin.py:188} INFO - [2024-05-23T19:49:34.434+0000] {dagbag.py:545} INFO - Filling up the DagBag from /home/airflow/.local/lib/python3.12/site-packages/airflow/example_dags/tutorial_taskflow_api_virtualenv.py
[2024-05-23T19:49:34.450+0000] {processor.py:840} INFO - DAG(s) 'tutorial_taskflow_api_virtualenv' retrieved from /home/airflow/.local/lib/python3.12/site-packages/airflow/example_dags/tutorial_taskflow_api_virtualenv.py
[2024-05-23T19:49:34.480+0000] {logging_mixin.py:188} INFO - [2024-05-23T19:49:34.480+0000] {dag.py:3096} INFO - Sync 1 DAGs
[2024-05-23T19:49:34.500+0000] {logging_mixin.py:188} INFO - [2024-05-23T19:49:34.500+0000] {dag.py:3954} INFO - Setting next_dagrun for tutorial_taskflow_api_virtualenv to None, run_after=None
[2024-05-23T19:49:34.528+0000] {processor.py:183} INFO - Processing /home/airflow/.local/lib/python3.12/site-packages/airflow/example_dags/tutorial_taskflow_api_virtualenv.py took 0.107 seconds
[2024-05-23T19:50:04.918+0000] {processor.py:161} INFO - Started process (PID=10684) to work on /home/airflow/.local/lib/python3.12/site-packages/airflow/example_dags/tutorial_taskflow_api_virtualenv.py
[2024-05-23T19:50:04.919+0000] {processor.py:830} INFO - Processing file /home/airflow/.local/lib/python3.12/site-packages/airflow/example_dags/tutorial_taskflow_api_virtualenv.py for tasks to queue
[2024-05-23T19:50:04.923+0000] {logging_mixin.py:188} INFO - [2024-05-23T19:50:04.923+0000] {dagbag.py:545} INFO - Filling up the DagBag from /home/airflow/.local/lib/python3.12/site-packages/airflow/example_dags/tutorial_taskflow_api_virtualenv.py
[2024-05-23T19:50:04.939+0000] {processor.py:840} INFO - DAG(s) 'tutorial_taskflow_api_virtualenv' retrieved from /home/airflow/.local/lib/python3.12/site-packages/airflow/example_dags/tutorial_taskflow_api_virtualenv.py
[2024-05-23T19:50:04.968+0000] {logging_mixin.py:188} INFO - [2024-05-23T19:50:04.967+0000] {dag.py:3096} INFO - Sync 1 DAGs
[2024-05-23T19:50:04.988+0000] {logging_mixin.py:188} INFO - [2024-05-23T19:50:04.987+0000] {dag.py:3954} INFO - Setting next_dagrun for tutorial_taskflow_api_virtualenv to None, run_after=None
[2024-05-23T19:50:05.014+0000] {processor.py:183} INFO - Processing /home/airflow/.local/lib/python3.12/site-packages/airflow/example_dags/tutorial_taskflow_api_virtualenv.py took 0.105 seconds
[2024-05-23T19:50:35.493+0000] {processor.py:161} INFO - Started process (PID=10948) to work on /home/airflow/.local/lib/python3.12/site-packages/airflow/example_dags/tutorial_taskflow_api_virtualenv.py
[2024-05-23T19:50:35.496+0000] {processor.py:830} INFO - Processing file /home/airflow/.local/lib/python3.12/site-packages/airflow/example_dags/tutorial_taskflow_api_virtualenv.py for tasks to queue
[2024-05-23T19:50:35.501+0000] {logging_mixin.py:188} INFO - [2024-05-23T19:50:35.500+0000] {dagbag.py:545} INFO - Filling up the DagBag from /home/airflow/.local/lib/python3.12/site-packages/airflow/example_dags/tutorial_taskflow_api_virtualenv.py
[2024-05-23T19:50:35.520+0000] {processor.py:840} INFO - DAG(s) 'tutorial_taskflow_api_virtualenv' retrieved from /home/airflow/.local/lib/python3.12/site-packages/airflow/example_dags/tutorial_taskflow_api_virtualenv.py
[2024-05-23T19:50:35.558+0000] {logging_mixin.py:188} INFO - [2024-05-23T19:50:35.558+0000] {dag.py:3096} INFO - Sync 1 DAGs
[2024-05-23T19:50:35.744+0000] {logging_mixin.py:188} INFO - [2024-05-23T19:50:35.744+0000] {dag.py:3954} INFO - Setting next_dagrun for tutorial_taskflow_api_virtualenv to None, run_after=None
[2024-05-23T19:50:35.775+0000] {processor.py:183} INFO - Processing /home/airflow/.local/lib/python3.12/site-packages/airflow/example_dags/tutorial_taskflow_api_virtualenv.py took 0.295 seconds
[2024-05-23T19:51:06.485+0000] {processor.py:161} INFO - Started process (PID=11208) to work on /home/airflow/.local/lib/python3.12/site-packages/airflow/example_dags/tutorial_taskflow_api_virtualenv.py
[2024-05-23T19:51:06.486+0000] {processor.py:830} INFO - Processing file /home/airflow/.local/lib/python3.12/site-packages/airflow/example_dags/tutorial_taskflow_api_virtualenv.py for tasks to queue
[2024-05-23T19:51:06.490+0000] {logging_mixin.py:188} INFO - [2024-05-23T19:51:06.489+0000] {dagbag.py:545} INFO - Filling up the DagBag from /home/airflow/.local/lib/python3.12/site-packages/airflow/example_dags/tutorial_taskflow_api_virtualenv.py
[2024-05-23T19:51:06.505+0000] {processor.py:840} INFO - DAG(s) 'tutorial_taskflow_api_virtualenv' retrieved from /home/airflow/.local/lib/python3.12/site-packages/airflow/example_dags/tutorial_taskflow_api_virtualenv.py
[2024-05-23T19:51:06.534+0000] {logging_mixin.py:188} INFO - [2024-05-23T19:51:06.534+0000] {dag.py:3096} INFO - Sync 1 DAGs
[2024-05-23T19:51:06.556+0000] {logging_mixin.py:188} INFO - [2024-05-23T19:51:06.555+0000] {dag.py:3954} INFO - Setting next_dagrun for tutorial_taskflow_api_virtualenv to None, run_after=None
[2024-05-23T19:51:06.583+0000] {processor.py:183} INFO - Processing /home/airflow/.local/lib/python3.12/site-packages/airflow/example_dags/tutorial_taskflow_api_virtualenv.py took 0.107 seconds
[2024-05-23T19:51:37.337+0000] {processor.py:161} INFO - Started process (PID=11470) to work on /home/airflow/.local/lib/python3.12/site-packages/airflow/example_dags/tutorial_taskflow_api_virtualenv.py
[2024-05-23T19:51:37.339+0000] {processor.py:830} INFO - Processing file /home/airflow/.local/lib/python3.12/site-packages/airflow/example_dags/tutorial_taskflow_api_virtualenv.py for tasks to queue
[2024-05-23T19:51:37.342+0000] {logging_mixin.py:188} INFO - [2024-05-23T19:51:37.342+0000] {dagbag.py:545} INFO - Filling up the DagBag from /home/airflow/.local/lib/python3.12/site-packages/airflow/example_dags/tutorial_taskflow_api_virtualenv.py
[2024-05-23T19:51:37.359+0000] {processor.py:840} INFO - DAG(s) 'tutorial_taskflow_api_virtualenv' retrieved from /home/airflow/.local/lib/python3.12/site-packages/airflow/example_dags/tutorial_taskflow_api_virtualenv.py
[2024-05-23T19:51:37.388+0000] {logging_mixin.py:188} INFO - [2024-05-23T19:51:37.388+0000] {dag.py:3096} INFO - Sync 1 DAGs
[2024-05-23T19:51:37.409+0000] {logging_mixin.py:188} INFO - [2024-05-23T19:51:37.409+0000] {dag.py:3954} INFO - Setting next_dagrun for tutorial_taskflow_api_virtualenv to None, run_after=None
[2024-05-23T19:51:37.436+0000] {processor.py:183} INFO - Processing /home/airflow/.local/lib/python3.12/site-packages/airflow/example_dags/tutorial_taskflow_api_virtualenv.py took 0.108 seconds
[2024-05-23T19:52:07.727+0000] {processor.py:161} INFO - Started process (PID=11732) to work on /home/airflow/.local/lib/python3.12/site-packages/airflow/example_dags/tutorial_taskflow_api_virtualenv.py
[2024-05-23T19:52:07.728+0000] {processor.py:830} INFO - Processing file /home/airflow/.local/lib/python3.12/site-packages/airflow/example_dags/tutorial_taskflow_api_virtualenv.py for tasks to queue
[2024-05-23T19:52:07.731+0000] {logging_mixin.py:188} INFO - [2024-05-23T19:52:07.730+0000] {dagbag.py:545} INFO - Filling up the DagBag from /home/airflow/.local/lib/python3.12/site-packages/airflow/example_dags/tutorial_taskflow_api_virtualenv.py
[2024-05-23T19:52:07.748+0000] {processor.py:840} INFO - DAG(s) 'tutorial_taskflow_api_virtualenv' retrieved from /home/airflow/.local/lib/python3.12/site-packages/airflow/example_dags/tutorial_taskflow_api_virtualenv.py
[2024-05-23T19:52:07.778+0000] {logging_mixin.py:188} INFO - [2024-05-23T19:52:07.777+0000] {dag.py:3096} INFO - Sync 1 DAGs
[2024-05-23T19:52:07.799+0000] {logging_mixin.py:188} INFO - [2024-05-23T19:52:07.799+0000] {dag.py:3954} INFO - Setting next_dagrun for tutorial_taskflow_api_virtualenv to None, run_after=None
[2024-05-23T19:52:07.827+0000] {processor.py:183} INFO - Processing /home/airflow/.local/lib/python3.12/site-packages/airflow/example_dags/tutorial_taskflow_api_virtualenv.py took 0.110 seconds
[2024-05-23T19:52:38.089+0000] {processor.py:161} INFO - Started process (PID=11994) to work on /home/airflow/.local/lib/python3.12/site-packages/airflow/example_dags/tutorial_taskflow_api_virtualenv.py
[2024-05-23T19:52:38.091+0000] {processor.py:830} INFO - Processing file /home/airflow/.local/lib/python3.12/site-packages/airflow/example_dags/tutorial_taskflow_api_virtualenv.py for tasks to queue
[2024-05-23T19:52:38.094+0000] {logging_mixin.py:188} INFO - [2024-05-23T19:52:38.093+0000] {dagbag.py:545} INFO - Filling up the DagBag from /home/airflow/.local/lib/python3.12/site-packages/airflow/example_dags/tutorial_taskflow_api_virtualenv.py
[2024-05-23T19:52:38.111+0000] {processor.py:840} INFO - DAG(s) 'tutorial_taskflow_api_virtualenv' retrieved from /home/airflow/.local/lib/python3.12/site-packages/airflow/example_dags/tutorial_taskflow_api_virtualenv.py
[2024-05-23T19:52:38.142+0000] {logging_mixin.py:188} INFO - [2024-05-23T19:52:38.142+0000] {dag.py:3096} INFO - Sync 1 DAGs
[2024-05-23T19:52:38.164+0000] {logging_mixin.py:188} INFO - [2024-05-23T19:52:38.164+0000] {dag.py:3954} INFO - Setting next_dagrun for tutorial_taskflow_api_virtualenv to None, run_after=None
[2024-05-23T19:52:38.192+0000] {processor.py:183} INFO - Processing /home/airflow/.local/lib/python3.12/site-packages/airflow/example_dags/tutorial_taskflow_api_virtualenv.py took 0.113 seconds
[2024-05-23T19:53:08.511+0000] {processor.py:161} INFO - Started process (PID=12256) to work on /home/airflow/.local/lib/python3.12/site-packages/airflow/example_dags/tutorial_taskflow_api_virtualenv.py
[2024-05-23T19:53:08.512+0000] {processor.py:830} INFO - Processing file /home/airflow/.local/lib/python3.12/site-packages/airflow/example_dags/tutorial_taskflow_api_virtualenv.py for tasks to queue
[2024-05-23T19:53:08.515+0000] {logging_mixin.py:188} INFO - [2024-05-23T19:53:08.514+0000] {dagbag.py:545} INFO - Filling up the DagBag from /home/airflow/.local/lib/python3.12/site-packages/airflow/example_dags/tutorial_taskflow_api_virtualenv.py
[2024-05-23T19:53:08.532+0000] {processor.py:840} INFO - DAG(s) 'tutorial_taskflow_api_virtualenv' retrieved from /home/airflow/.local/lib/python3.12/site-packages/airflow/example_dags/tutorial_taskflow_api_virtualenv.py
[2024-05-23T19:53:08.564+0000] {logging_mixin.py:188} INFO - [2024-05-23T19:53:08.564+0000] {dag.py:3096} INFO - Sync 1 DAGs
[2024-05-23T19:53:08.584+0000] {logging_mixin.py:188} INFO - [2024-05-23T19:53:08.583+0000] {dag.py:3954} INFO - Setting next_dagrun for tutorial_taskflow_api_virtualenv to None, run_after=None
[2024-05-23T19:53:08.613+0000] {processor.py:183} INFO - Processing /home/airflow/.local/lib/python3.12/site-packages/airflow/example_dags/tutorial_taskflow_api_virtualenv.py took 0.112 seconds
[2024-05-23T19:53:38.771+0000] {processor.py:161} INFO - Started process (PID=12518) to work on /home/airflow/.local/lib/python3.12/site-packages/airflow/example_dags/tutorial_taskflow_api_virtualenv.py
[2024-05-23T19:53:38.773+0000] {processor.py:830} INFO - Processing file /home/airflow/.local/lib/python3.12/site-packages/airflow/example_dags/tutorial_taskflow_api_virtualenv.py for tasks to queue
[2024-05-23T19:53:38.777+0000] {logging_mixin.py:188} INFO - [2024-05-23T19:53:38.776+0000] {dagbag.py:545} INFO - Filling up the DagBag from /home/airflow/.local/lib/python3.12/site-packages/airflow/example_dags/tutorial_taskflow_api_virtualenv.py
[2024-05-23T19:53:38.794+0000] {processor.py:840} INFO - DAG(s) 'tutorial_taskflow_api_virtualenv' retrieved from /home/airflow/.local/lib/python3.12/site-packages/airflow/example_dags/tutorial_taskflow_api_virtualenv.py
[2024-05-23T19:53:38.823+0000] {logging_mixin.py:188} INFO - [2024-05-23T19:53:38.822+0000] {dag.py:3096} INFO - Sync 1 DAGs
[2024-05-23T19:53:38.842+0000] {logging_mixin.py:188} INFO - [2024-05-23T19:53:38.841+0000] {dag.py:3954} INFO - Setting next_dagrun for tutorial_taskflow_api_virtualenv to None, run_after=None
[2024-05-23T19:53:38.868+0000] {processor.py:183} INFO - Processing /home/airflow/.local/lib/python3.12/site-packages/airflow/example_dags/tutorial_taskflow_api_virtualenv.py took 0.106 seconds
[2024-05-23T19:54:09.382+0000] {processor.py:161} INFO - Started process (PID=12780) to work on /home/airflow/.local/lib/python3.12/site-packages/airflow/example_dags/tutorial_taskflow_api_virtualenv.py
[2024-05-23T19:54:09.384+0000] {processor.py:830} INFO - Processing file /home/airflow/.local/lib/python3.12/site-packages/airflow/example_dags/tutorial_taskflow_api_virtualenv.py for tasks to queue
[2024-05-23T19:54:09.387+0000] {logging_mixin.py:188} INFO - [2024-05-23T19:54:09.387+0000] {dagbag.py:545} INFO - Filling up the DagBag from /home/airflow/.local/lib/python3.12/site-packages/airflow/example_dags/tutorial_taskflow_api_virtualenv.py
[2024-05-23T19:54:09.405+0000] {processor.py:840} INFO - DAG(s) 'tutorial_taskflow_api_virtualenv' retrieved from /home/airflow/.local/lib/python3.12/site-packages/airflow/example_dags/tutorial_taskflow_api_virtualenv.py
[2024-05-23T19:54:09.435+0000] {logging_mixin.py:188} INFO - [2024-05-23T19:54:09.435+0000] {dag.py:3096} INFO - Sync 1 DAGs
[2024-05-23T19:54:09.455+0000] {logging_mixin.py:188} INFO - [2024-05-23T19:54:09.455+0000] {dag.py:3954} INFO - Setting next_dagrun for tutorial_taskflow_api_virtualenv to None, run_after=None
[2024-05-23T19:54:09.483+0000] {processor.py:183} INFO - Processing /home/airflow/.local/lib/python3.12/site-packages/airflow/example_dags/tutorial_taskflow_api_virtualenv.py took 0.111 seconds
[2024-05-23T19:54:40.266+0000] {processor.py:161} INFO - Started process (PID=13042) to work on /home/airflow/.local/lib/python3.12/site-packages/airflow/example_dags/tutorial_taskflow_api_virtualenv.py
[2024-05-23T19:54:40.267+0000] {processor.py:830} INFO - Processing file /home/airflow/.local/lib/python3.12/site-packages/airflow/example_dags/tutorial_taskflow_api_virtualenv.py for tasks to queue
[2024-05-23T19:54:40.270+0000] {logging_mixin.py:188} INFO - [2024-05-23T19:54:40.270+0000] {dagbag.py:545} INFO - Filling up the DagBag from /home/airflow/.local/lib/python3.12/site-packages/airflow/example_dags/tutorial_taskflow_api_virtualenv.py
[2024-05-23T19:54:40.285+0000] {processor.py:840} INFO - DAG(s) 'tutorial_taskflow_api_virtualenv' retrieved from /home/airflow/.local/lib/python3.12/site-packages/airflow/example_dags/tutorial_taskflow_api_virtualenv.py
[2024-05-23T19:54:40.312+0000] {logging_mixin.py:188} INFO - [2024-05-23T19:54:40.312+0000] {dag.py:3096} INFO - Sync 1 DAGs
[2024-05-23T19:54:40.330+0000] {logging_mixin.py:188} INFO - [2024-05-23T19:54:40.330+0000] {dag.py:3954} INFO - Setting next_dagrun for tutorial_taskflow_api_virtualenv to None, run_after=None
[2024-05-23T19:54:40.356+0000] {processor.py:183} INFO - Processing /home/airflow/.local/lib/python3.12/site-packages/airflow/example_dags/tutorial_taskflow_api_virtualenv.py took 0.099 seconds
[2024-05-23T19:55:10.922+0000] {processor.py:161} INFO - Started process (PID=13304) to work on /home/airflow/.local/lib/python3.12/site-packages/airflow/example_dags/tutorial_taskflow_api_virtualenv.py
[2024-05-23T19:55:10.924+0000] {processor.py:830} INFO - Processing file /home/airflow/.local/lib/python3.12/site-packages/airflow/example_dags/tutorial_taskflow_api_virtualenv.py for tasks to queue
[2024-05-23T19:55:10.929+0000] {logging_mixin.py:188} INFO - [2024-05-23T19:55:10.928+0000] {dagbag.py:545} INFO - Filling up the DagBag from /home/airflow/.local/lib/python3.12/site-packages/airflow/example_dags/tutorial_taskflow_api_virtualenv.py
[2024-05-23T19:55:10.947+0000] {processor.py:840} INFO - DAG(s) 'tutorial_taskflow_api_virtualenv' retrieved from /home/airflow/.local/lib/python3.12/site-packages/airflow/example_dags/tutorial_taskflow_api_virtualenv.py
[2024-05-23T19:55:10.978+0000] {logging_mixin.py:188} INFO - [2024-05-23T19:55:10.977+0000] {dag.py:3096} INFO - Sync 1 DAGs
[2024-05-23T19:55:10.999+0000] {logging_mixin.py:188} INFO - [2024-05-23T19:55:10.999+0000] {dag.py:3954} INFO - Setting next_dagrun for tutorial_taskflow_api_virtualenv to None, run_after=None
[2024-05-23T19:55:11.031+0000] {processor.py:183} INFO - Processing /home/airflow/.local/lib/python3.12/site-packages/airflow/example_dags/tutorial_taskflow_api_virtualenv.py took 0.117 seconds
[2024-05-23T19:55:41.503+0000] {processor.py:161} INFO - Started process (PID=13566) to work on /home/airflow/.local/lib/python3.12/site-packages/airflow/example_dags/tutorial_taskflow_api_virtualenv.py
[2024-05-23T19:55:41.505+0000] {processor.py:830} INFO - Processing file /home/airflow/.local/lib/python3.12/site-packages/airflow/example_dags/tutorial_taskflow_api_virtualenv.py for tasks to queue
[2024-05-23T19:55:41.507+0000] {logging_mixin.py:188} INFO - [2024-05-23T19:55:41.507+0000] {dagbag.py:545} INFO - Filling up the DagBag from /home/airflow/.local/lib/python3.12/site-packages/airflow/example_dags/tutorial_taskflow_api_virtualenv.py
[2024-05-23T19:55:41.524+0000] {processor.py:840} INFO - DAG(s) 'tutorial_taskflow_api_virtualenv' retrieved from /home/airflow/.local/lib/python3.12/site-packages/airflow/example_dags/tutorial_taskflow_api_virtualenv.py
[2024-05-23T19:55:41.554+0000] {logging_mixin.py:188} INFO - [2024-05-23T19:55:41.554+0000] {dag.py:3096} INFO - Sync 1 DAGs
[2024-05-23T19:55:41.575+0000] {logging_mixin.py:188} INFO - [2024-05-23T19:55:41.574+0000] {dag.py:3954} INFO - Setting next_dagrun for tutorial_taskflow_api_virtualenv to None, run_after=None
[2024-05-23T19:55:41.602+0000] {processor.py:183} INFO - Processing /home/airflow/.local/lib/python3.12/site-packages/airflow/example_dags/tutorial_taskflow_api_virtualenv.py took 0.108 seconds
[2024-05-23T19:56:11.965+0000] {processor.py:161} INFO - Started process (PID=13828) to work on /home/airflow/.local/lib/python3.12/site-packages/airflow/example_dags/tutorial_taskflow_api_virtualenv.py
[2024-05-23T19:56:11.967+0000] {processor.py:830} INFO - Processing file /home/airflow/.local/lib/python3.12/site-packages/airflow/example_dags/tutorial_taskflow_api_virtualenv.py for tasks to queue
[2024-05-23T19:56:11.969+0000] {logging_mixin.py:188} INFO - [2024-05-23T19:56:11.969+0000] {dagbag.py:545} INFO - Filling up the DagBag from /home/airflow/.local/lib/python3.12/site-packages/airflow/example_dags/tutorial_taskflow_api_virtualenv.py
[2024-05-23T19:56:11.983+0000] {processor.py:840} INFO - DAG(s) 'tutorial_taskflow_api_virtualenv' retrieved from /home/airflow/.local/lib/python3.12/site-packages/airflow/example_dags/tutorial_taskflow_api_virtualenv.py
[2024-05-23T19:56:12.009+0000] {logging_mixin.py:188} INFO - [2024-05-23T19:56:12.008+0000] {dag.py:3096} INFO - Sync 1 DAGs
[2024-05-23T19:56:12.026+0000] {logging_mixin.py:188} INFO - [2024-05-23T19:56:12.026+0000] {dag.py:3954} INFO - Setting next_dagrun for tutorial_taskflow_api_virtualenv to None, run_after=None
[2024-05-23T19:56:12.050+0000] {processor.py:183} INFO - Processing /home/airflow/.local/lib/python3.12/site-packages/airflow/example_dags/tutorial_taskflow_api_virtualenv.py took 0.093 seconds
[2024-05-23T19:56:42.776+0000] {processor.py:161} INFO - Started process (PID=14090) to work on /home/airflow/.local/lib/python3.12/site-packages/airflow/example_dags/tutorial_taskflow_api_virtualenv.py
[2024-05-23T19:56:42.778+0000] {processor.py:830} INFO - Processing file /home/airflow/.local/lib/python3.12/site-packages/airflow/example_dags/tutorial_taskflow_api_virtualenv.py for tasks to queue
[2024-05-23T19:56:42.781+0000] {logging_mixin.py:188} INFO - [2024-05-23T19:56:42.781+0000] {dagbag.py:545} INFO - Filling up the DagBag from /home/airflow/.local/lib/python3.12/site-packages/airflow/example_dags/tutorial_taskflow_api_virtualenv.py
[2024-05-23T19:56:42.796+0000] {processor.py:840} INFO - DAG(s) 'tutorial_taskflow_api_virtualenv' retrieved from /home/airflow/.local/lib/python3.12/site-packages/airflow/example_dags/tutorial_taskflow_api_virtualenv.py
[2024-05-23T19:56:42.822+0000] {logging_mixin.py:188} INFO - [2024-05-23T19:56:42.822+0000] {dag.py:3096} INFO - Sync 1 DAGs
[2024-05-23T19:56:42.840+0000] {logging_mixin.py:188} INFO - [2024-05-23T19:56:42.839+0000] {dag.py:3954} INFO - Setting next_dagrun for tutorial_taskflow_api_virtualenv to None, run_after=None
[2024-05-23T19:56:42.864+0000] {processor.py:183} INFO - Processing /home/airflow/.local/lib/python3.12/site-packages/airflow/example_dags/tutorial_taskflow_api_virtualenv.py took 0.096 seconds
[2024-05-23T19:57:13.322+0000] {processor.py:161} INFO - Started process (PID=14352) to work on /home/airflow/.local/lib/python3.12/site-packages/airflow/example_dags/tutorial_taskflow_api_virtualenv.py
[2024-05-23T19:57:13.323+0000] {processor.py:830} INFO - Processing file /home/airflow/.local/lib/python3.12/site-packages/airflow/example_dags/tutorial_taskflow_api_virtualenv.py for tasks to queue
[2024-05-23T19:57:13.327+0000] {logging_mixin.py:188} INFO - [2024-05-23T19:57:13.327+0000] {dagbag.py:545} INFO - Filling up the DagBag from /home/airflow/.local/lib/python3.12/site-packages/airflow/example_dags/tutorial_taskflow_api_virtualenv.py
[2024-05-23T19:57:13.343+0000] {processor.py:840} INFO - DAG(s) 'tutorial_taskflow_api_virtualenv' retrieved from /home/airflow/.local/lib/python3.12/site-packages/airflow/example_dags/tutorial_taskflow_api_virtualenv.py
[2024-05-23T19:57:13.370+0000] {logging_mixin.py:188} INFO - [2024-05-23T19:57:13.369+0000] {dag.py:3096} INFO - Sync 1 DAGs
[2024-05-23T19:57:13.387+0000] {logging_mixin.py:188} INFO - [2024-05-23T19:57:13.387+0000] {dag.py:3954} INFO - Setting next_dagrun for tutorial_taskflow_api_virtualenv to None, run_after=None
[2024-05-23T19:57:13.413+0000] {processor.py:183} INFO - Processing /home/airflow/.local/lib/python3.12/site-packages/airflow/example_dags/tutorial_taskflow_api_virtualenv.py took 0.100 seconds
[2024-05-23T19:57:44.029+0000] {processor.py:161} INFO - Started process (PID=14614) to work on /home/airflow/.local/lib/python3.12/site-packages/airflow/example_dags/tutorial_taskflow_api_virtualenv.py
[2024-05-23T19:57:44.031+0000] {processor.py:830} INFO - Processing file /home/airflow/.local/lib/python3.12/site-packages/airflow/example_dags/tutorial_taskflow_api_virtualenv.py for tasks to queue
[2024-05-23T19:57:44.033+0000] {logging_mixin.py:188} INFO - [2024-05-23T19:57:44.033+0000] {dagbag.py:545} INFO - Filling up the DagBag from /home/airflow/.local/lib/python3.12/site-packages/airflow/example_dags/tutorial_taskflow_api_virtualenv.py
[2024-05-23T19:57:44.050+0000] {processor.py:840} INFO - DAG(s) 'tutorial_taskflow_api_virtualenv' retrieved from /home/airflow/.local/lib/python3.12/site-packages/airflow/example_dags/tutorial_taskflow_api_virtualenv.py
[2024-05-23T19:57:44.077+0000] {logging_mixin.py:188} INFO - [2024-05-23T19:57:44.076+0000] {dag.py:3096} INFO - Sync 1 DAGs
[2024-05-23T19:57:44.097+0000] {logging_mixin.py:188} INFO - [2024-05-23T19:57:44.096+0000] {dag.py:3954} INFO - Setting next_dagrun for tutorial_taskflow_api_virtualenv to None, run_after=None
[2024-05-23T19:57:44.121+0000] {processor.py:183} INFO - Processing /home/airflow/.local/lib/python3.12/site-packages/airflow/example_dags/tutorial_taskflow_api_virtualenv.py took 0.100 seconds
[2024-05-23T19:58:14.591+0000] {processor.py:161} INFO - Started process (PID=14876) to work on /home/airflow/.local/lib/python3.12/site-packages/airflow/example_dags/tutorial_taskflow_api_virtualenv.py
[2024-05-23T19:58:14.593+0000] {processor.py:830} INFO - Processing file /home/airflow/.local/lib/python3.12/site-packages/airflow/example_dags/tutorial_taskflow_api_virtualenv.py for tasks to queue
[2024-05-23T19:58:14.596+0000] {logging_mixin.py:188} INFO - [2024-05-23T19:58:14.595+0000] {dagbag.py:545} INFO - Filling up the DagBag from /home/airflow/.local/lib/python3.12/site-packages/airflow/example_dags/tutorial_taskflow_api_virtualenv.py
[2024-05-23T19:58:14.611+0000] {processor.py:840} INFO - DAG(s) 'tutorial_taskflow_api_virtualenv' retrieved from /home/airflow/.local/lib/python3.12/site-packages/airflow/example_dags/tutorial_taskflow_api_virtualenv.py
[2024-05-23T19:58:14.638+0000] {logging_mixin.py:188} INFO - [2024-05-23T19:58:14.637+0000] {dag.py:3096} INFO - Sync 1 DAGs
[2024-05-23T19:58:14.657+0000] {logging_mixin.py:188} INFO - [2024-05-23T19:58:14.656+0000] {dag.py:3954} INFO - Setting next_dagrun for tutorial_taskflow_api_virtualenv to None, run_after=None
[2024-05-23T19:58:14.681+0000] {processor.py:183} INFO - Processing /home/airflow/.local/lib/python3.12/site-packages/airflow/example_dags/tutorial_taskflow_api_virtualenv.py took 0.098 seconds
[2024-05-23T20:03:40.912+0000] {processor.py:161} INFO - Started process (PID=14953) to work on /home/airflow/.local/lib/python3.12/site-packages/airflow/example_dags/tutorial_taskflow_api_virtualenv.py
[2024-05-23T20:03:40.914+0000] {processor.py:830} INFO - Processing file /home/airflow/.local/lib/python3.12/site-packages/airflow/example_dags/tutorial_taskflow_api_virtualenv.py for tasks to queue
[2024-05-23T20:03:40.916+0000] {logging_mixin.py:188} INFO - [2024-05-23T20:03:40.916+0000] {dagbag.py:545} INFO - Filling up the DagBag from /home/airflow/.local/lib/python3.12/site-packages/airflow/example_dags/tutorial_taskflow_api_virtualenv.py
[2024-05-23T20:03:40.930+0000] {processor.py:840} INFO - DAG(s) 'tutorial_taskflow_api_virtualenv' retrieved from /home/airflow/.local/lib/python3.12/site-packages/airflow/example_dags/tutorial_taskflow_api_virtualenv.py
[2024-05-23T20:03:40.975+0000] {logging_mixin.py:188} INFO - [2024-05-23T20:03:40.975+0000] {dag.py:3096} INFO - Sync 1 DAGs
[2024-05-23T20:03:40.996+0000] {logging_mixin.py:188} INFO - [2024-05-23T20:03:40.996+0000] {dag.py:3954} INFO - Setting next_dagrun for tutorial_taskflow_api_virtualenv to None, run_after=None
[2024-05-23T20:03:41.025+0000] {processor.py:183} INFO - Processing /home/airflow/.local/lib/python3.12/site-packages/airflow/example_dags/tutorial_taskflow_api_virtualenv.py took 0.121 seconds
[2024-05-23T20:04:12.291+0000] {processor.py:161} INFO - Started process (PID=15215) to work on /home/airflow/.local/lib/python3.12/site-packages/airflow/example_dags/tutorial_taskflow_api_virtualenv.py
[2024-05-23T20:04:12.297+0000] {processor.py:830} INFO - Processing file /home/airflow/.local/lib/python3.12/site-packages/airflow/example_dags/tutorial_taskflow_api_virtualenv.py for tasks to queue
[2024-05-23T20:04:12.303+0000] {logging_mixin.py:188} INFO - [2024-05-23T20:04:12.302+0000] {dagbag.py:545} INFO - Filling up the DagBag from /home/airflow/.local/lib/python3.12/site-packages/airflow/example_dags/tutorial_taskflow_api_virtualenv.py
[2024-05-23T20:04:12.360+0000] {processor.py:840} INFO - DAG(s) 'tutorial_taskflow_api_virtualenv' retrieved from /home/airflow/.local/lib/python3.12/site-packages/airflow/example_dags/tutorial_taskflow_api_virtualenv.py
[2024-05-23T20:04:12.482+0000] {logging_mixin.py:188} INFO - [2024-05-23T20:04:12.481+0000] {dag.py:3096} INFO - Sync 1 DAGs
[2024-05-23T20:04:12.555+0000] {logging_mixin.py:188} INFO - [2024-05-23T20:04:12.555+0000] {dag.py:3954} INFO - Setting next_dagrun for tutorial_taskflow_api_virtualenv to None, run_after=None
[2024-05-23T20:04:12.646+0000] {processor.py:183} INFO - Processing /home/airflow/.local/lib/python3.12/site-packages/airflow/example_dags/tutorial_taskflow_api_virtualenv.py took 0.388 seconds
[2024-05-23T20:08:11.428+0000] {processor.py:161} INFO - Started process (PID=15480) to work on /home/airflow/.local/lib/python3.12/site-packages/airflow/example_dags/tutorial_taskflow_api_virtualenv.py
[2024-05-23T20:08:11.432+0000] {processor.py:830} INFO - Processing file /home/airflow/.local/lib/python3.12/site-packages/airflow/example_dags/tutorial_taskflow_api_virtualenv.py for tasks to queue
[2024-05-23T20:08:11.435+0000] {logging_mixin.py:188} INFO - [2024-05-23T20:08:11.434+0000] {dagbag.py:545} INFO - Filling up the DagBag from /home/airflow/.local/lib/python3.12/site-packages/airflow/example_dags/tutorial_taskflow_api_virtualenv.py
[2024-05-23T20:08:11.471+0000] {processor.py:840} INFO - DAG(s) 'tutorial_taskflow_api_virtualenv' retrieved from /home/airflow/.local/lib/python3.12/site-packages/airflow/example_dags/tutorial_taskflow_api_virtualenv.py
[2024-05-23T20:08:11.505+0000] {logging_mixin.py:188} INFO - [2024-05-23T20:08:11.505+0000] {dag.py:3096} INFO - Sync 1 DAGs
[2024-05-23T20:08:11.554+0000] {logging_mixin.py:188} INFO - [2024-05-23T20:08:11.554+0000] {dag.py:3954} INFO - Setting next_dagrun for tutorial_taskflow_api_virtualenv to None, run_after=None
[2024-05-23T20:08:11.607+0000] {processor.py:183} INFO - Processing /home/airflow/.local/lib/python3.12/site-packages/airflow/example_dags/tutorial_taskflow_api_virtualenv.py took 0.192 seconds
[2024-05-23T20:08:41.934+0000] {processor.py:161} INFO - Started process (PID=15740) to work on /home/airflow/.local/lib/python3.12/site-packages/airflow/example_dags/tutorial_taskflow_api_virtualenv.py
[2024-05-23T20:08:41.936+0000] {processor.py:830} INFO - Processing file /home/airflow/.local/lib/python3.12/site-packages/airflow/example_dags/tutorial_taskflow_api_virtualenv.py for tasks to queue
[2024-05-23T20:08:41.939+0000] {logging_mixin.py:188} INFO - [2024-05-23T20:08:41.938+0000] {dagbag.py:545} INFO - Filling up the DagBag from /home/airflow/.local/lib/python3.12/site-packages/airflow/example_dags/tutorial_taskflow_api_virtualenv.py
[2024-05-23T20:08:41.972+0000] {processor.py:840} INFO - DAG(s) 'tutorial_taskflow_api_virtualenv' retrieved from /home/airflow/.local/lib/python3.12/site-packages/airflow/example_dags/tutorial_taskflow_api_virtualenv.py
[2024-05-23T20:08:42.045+0000] {logging_mixin.py:188} INFO - [2024-05-23T20:08:42.045+0000] {dag.py:3096} INFO - Sync 1 DAGs
[2024-05-23T20:08:42.079+0000] {logging_mixin.py:188} INFO - [2024-05-23T20:08:42.078+0000] {dag.py:3954} INFO - Setting next_dagrun for tutorial_taskflow_api_virtualenv to None, run_after=None
[2024-05-23T20:08:42.104+0000] {processor.py:183} INFO - Processing /home/airflow/.local/lib/python3.12/site-packages/airflow/example_dags/tutorial_taskflow_api_virtualenv.py took 0.186 seconds
[2024-05-23T20:09:12.287+0000] {processor.py:161} INFO - Started process (PID=16002) to work on /home/airflow/.local/lib/python3.12/site-packages/airflow/example_dags/tutorial_taskflow_api_virtualenv.py
[2024-05-23T20:09:12.289+0000] {processor.py:830} INFO - Processing file /home/airflow/.local/lib/python3.12/site-packages/airflow/example_dags/tutorial_taskflow_api_virtualenv.py for tasks to queue
[2024-05-23T20:09:12.290+0000] {logging_mixin.py:188} INFO - [2024-05-23T20:09:12.290+0000] {dagbag.py:545} INFO - Filling up the DagBag from /home/airflow/.local/lib/python3.12/site-packages/airflow/example_dags/tutorial_taskflow_api_virtualenv.py
[2024-05-23T20:09:12.306+0000] {processor.py:840} INFO - DAG(s) 'tutorial_taskflow_api_virtualenv' retrieved from /home/airflow/.local/lib/python3.12/site-packages/airflow/example_dags/tutorial_taskflow_api_virtualenv.py
[2024-05-23T20:09:12.334+0000] {logging_mixin.py:188} INFO - [2024-05-23T20:09:12.334+0000] {dag.py:3096} INFO - Sync 1 DAGs
[2024-05-23T20:09:12.353+0000] {logging_mixin.py:188} INFO - [2024-05-23T20:09:12.353+0000] {dag.py:3954} INFO - Setting next_dagrun for tutorial_taskflow_api_virtualenv to None, run_after=None
[2024-05-23T20:09:12.380+0000] {processor.py:183} INFO - Processing /home/airflow/.local/lib/python3.12/site-packages/airflow/example_dags/tutorial_taskflow_api_virtualenv.py took 0.102 seconds
[2024-05-23T20:09:42.784+0000] {processor.py:161} INFO - Started process (PID=16264) to work on /home/airflow/.local/lib/python3.12/site-packages/airflow/example_dags/tutorial_taskflow_api_virtualenv.py
[2024-05-23T20:09:42.786+0000] {processor.py:830} INFO - Processing file /home/airflow/.local/lib/python3.12/site-packages/airflow/example_dags/tutorial_taskflow_api_virtualenv.py for tasks to queue
[2024-05-23T20:09:42.787+0000] {logging_mixin.py:188} INFO - [2024-05-23T20:09:42.787+0000] {dagbag.py:545} INFO - Filling up the DagBag from /home/airflow/.local/lib/python3.12/site-packages/airflow/example_dags/tutorial_taskflow_api_virtualenv.py
[2024-05-23T20:09:42.801+0000] {processor.py:840} INFO - DAG(s) 'tutorial_taskflow_api_virtualenv' retrieved from /home/airflow/.local/lib/python3.12/site-packages/airflow/example_dags/tutorial_taskflow_api_virtualenv.py
[2024-05-23T20:09:42.829+0000] {logging_mixin.py:188} INFO - [2024-05-23T20:09:42.829+0000] {dag.py:3096} INFO - Sync 1 DAGs
[2024-05-23T20:09:42.848+0000] {logging_mixin.py:188} INFO - [2024-05-23T20:09:42.848+0000] {dag.py:3954} INFO - Setting next_dagrun for tutorial_taskflow_api_virtualenv to None, run_after=None
[2024-05-23T20:09:42.875+0000] {processor.py:183} INFO - Processing /home/airflow/.local/lib/python3.12/site-packages/airflow/example_dags/tutorial_taskflow_api_virtualenv.py took 0.101 seconds
[2024-05-23T20:10:13.257+0000] {processor.py:161} INFO - Started process (PID=16526) to work on /home/airflow/.local/lib/python3.12/site-packages/airflow/example_dags/tutorial_taskflow_api_virtualenv.py
[2024-05-23T20:10:13.259+0000] {processor.py:830} INFO - Processing file /home/airflow/.local/lib/python3.12/site-packages/airflow/example_dags/tutorial_taskflow_api_virtualenv.py for tasks to queue
[2024-05-23T20:10:13.260+0000] {logging_mixin.py:188} INFO - [2024-05-23T20:10:13.260+0000] {dagbag.py:545} INFO - Filling up the DagBag from /home/airflow/.local/lib/python3.12/site-packages/airflow/example_dags/tutorial_taskflow_api_virtualenv.py
[2024-05-23T20:10:13.275+0000] {processor.py:840} INFO - DAG(s) 'tutorial_taskflow_api_virtualenv' retrieved from /home/airflow/.local/lib/python3.12/site-packages/airflow/example_dags/tutorial_taskflow_api_virtualenv.py
[2024-05-23T20:10:13.305+0000] {logging_mixin.py:188} INFO - [2024-05-23T20:10:13.305+0000] {dag.py:3096} INFO - Sync 1 DAGs
[2024-05-23T20:10:13.325+0000] {logging_mixin.py:188} INFO - [2024-05-23T20:10:13.324+0000] {dag.py:3954} INFO - Setting next_dagrun for tutorial_taskflow_api_virtualenv to None, run_after=None
[2024-05-23T20:10:13.353+0000] {processor.py:183} INFO - Processing /home/airflow/.local/lib/python3.12/site-packages/airflow/example_dags/tutorial_taskflow_api_virtualenv.py took 0.105 seconds
[2024-05-23T20:10:43.483+0000] {processor.py:161} INFO - Started process (PID=16788) to work on /home/airflow/.local/lib/python3.12/site-packages/airflow/example_dags/tutorial_taskflow_api_virtualenv.py
[2024-05-23T20:10:43.485+0000] {processor.py:830} INFO - Processing file /home/airflow/.local/lib/python3.12/site-packages/airflow/example_dags/tutorial_taskflow_api_virtualenv.py for tasks to queue
[2024-05-23T20:10:43.487+0000] {logging_mixin.py:188} INFO - [2024-05-23T20:10:43.486+0000] {dagbag.py:545} INFO - Filling up the DagBag from /home/airflow/.local/lib/python3.12/site-packages/airflow/example_dags/tutorial_taskflow_api_virtualenv.py
[2024-05-23T20:10:43.502+0000] {processor.py:840} INFO - DAG(s) 'tutorial_taskflow_api_virtualenv' retrieved from /home/airflow/.local/lib/python3.12/site-packages/airflow/example_dags/tutorial_taskflow_api_virtualenv.py
[2024-05-23T20:10:43.530+0000] {logging_mixin.py:188} INFO - [2024-05-23T20:10:43.529+0000] {dag.py:3096} INFO - Sync 1 DAGs
[2024-05-23T20:10:43.548+0000] {logging_mixin.py:188} INFO - [2024-05-23T20:10:43.547+0000] {dag.py:3954} INFO - Setting next_dagrun for tutorial_taskflow_api_virtualenv to None, run_after=None
[2024-05-23T20:10:43.574+0000] {processor.py:183} INFO - Processing /home/airflow/.local/lib/python3.12/site-packages/airflow/example_dags/tutorial_taskflow_api_virtualenv.py took 0.100 seconds
[2024-05-23T20:11:13.713+0000] {processor.py:161} INFO - Started process (PID=17049) to work on /home/airflow/.local/lib/python3.12/site-packages/airflow/example_dags/tutorial_taskflow_api_virtualenv.py
[2024-05-23T20:11:13.715+0000] {processor.py:830} INFO - Processing file /home/airflow/.local/lib/python3.12/site-packages/airflow/example_dags/tutorial_taskflow_api_virtualenv.py for tasks to queue
[2024-05-23T20:11:13.716+0000] {logging_mixin.py:188} INFO - [2024-05-23T20:11:13.716+0000] {dagbag.py:545} INFO - Filling up the DagBag from /home/airflow/.local/lib/python3.12/site-packages/airflow/example_dags/tutorial_taskflow_api_virtualenv.py
[2024-05-23T20:11:13.729+0000] {processor.py:840} INFO - DAG(s) 'tutorial_taskflow_api_virtualenv' retrieved from /home/airflow/.local/lib/python3.12/site-packages/airflow/example_dags/tutorial_taskflow_api_virtualenv.py
[2024-05-23T20:11:13.756+0000] {logging_mixin.py:188} INFO - [2024-05-23T20:11:13.756+0000] {dag.py:3096} INFO - Sync 1 DAGs
[2024-05-23T20:11:13.773+0000] {logging_mixin.py:188} INFO - [2024-05-23T20:11:13.772+0000] {dag.py:3954} INFO - Setting next_dagrun for tutorial_taskflow_api_virtualenv to None, run_after=None
[2024-05-23T20:11:13.795+0000] {processor.py:183} INFO - Processing /home/airflow/.local/lib/python3.12/site-packages/airflow/example_dags/tutorial_taskflow_api_virtualenv.py took 0.091 seconds
[2024-05-23T20:11:44.297+0000] {processor.py:161} INFO - Started process (PID=17311) to work on /home/airflow/.local/lib/python3.12/site-packages/airflow/example_dags/tutorial_taskflow_api_virtualenv.py
[2024-05-23T20:11:44.298+0000] {processor.py:830} INFO - Processing file /home/airflow/.local/lib/python3.12/site-packages/airflow/example_dags/tutorial_taskflow_api_virtualenv.py for tasks to queue
[2024-05-23T20:11:44.299+0000] {logging_mixin.py:188} INFO - [2024-05-23T20:11:44.299+0000] {dagbag.py:545} INFO - Filling up the DagBag from /home/airflow/.local/lib/python3.12/site-packages/airflow/example_dags/tutorial_taskflow_api_virtualenv.py
[2024-05-23T20:11:44.313+0000] {processor.py:840} INFO - DAG(s) 'tutorial_taskflow_api_virtualenv' retrieved from /home/airflow/.local/lib/python3.12/site-packages/airflow/example_dags/tutorial_taskflow_api_virtualenv.py
[2024-05-23T20:11:44.339+0000] {logging_mixin.py:188} INFO - [2024-05-23T20:11:44.339+0000] {dag.py:3096} INFO - Sync 1 DAGs
[2024-05-23T20:11:44.356+0000] {logging_mixin.py:188} INFO - [2024-05-23T20:11:44.356+0000] {dag.py:3954} INFO - Setting next_dagrun for tutorial_taskflow_api_virtualenv to None, run_after=None
[2024-05-23T20:11:44.380+0000] {processor.py:183} INFO - Processing /home/airflow/.local/lib/python3.12/site-packages/airflow/example_dags/tutorial_taskflow_api_virtualenv.py took 0.092 seconds
[2024-05-23T20:12:14.656+0000] {processor.py:161} INFO - Started process (PID=17573) to work on /home/airflow/.local/lib/python3.12/site-packages/airflow/example_dags/tutorial_taskflow_api_virtualenv.py
[2024-05-23T20:12:14.658+0000] {processor.py:830} INFO - Processing file /home/airflow/.local/lib/python3.12/site-packages/airflow/example_dags/tutorial_taskflow_api_virtualenv.py for tasks to queue
[2024-05-23T20:12:14.660+0000] {logging_mixin.py:188} INFO - [2024-05-23T20:12:14.659+0000] {dagbag.py:545} INFO - Filling up the DagBag from /home/airflow/.local/lib/python3.12/site-packages/airflow/example_dags/tutorial_taskflow_api_virtualenv.py
[2024-05-23T20:12:14.675+0000] {processor.py:840} INFO - DAG(s) 'tutorial_taskflow_api_virtualenv' retrieved from /home/airflow/.local/lib/python3.12/site-packages/airflow/example_dags/tutorial_taskflow_api_virtualenv.py
[2024-05-23T20:12:14.781+0000] {logging_mixin.py:188} INFO - [2024-05-23T20:12:14.780+0000] {dag.py:3096} INFO - Sync 1 DAGs
[2024-05-23T20:12:14.806+0000] {logging_mixin.py:188} INFO - [2024-05-23T20:12:14.806+0000] {dag.py:3954} INFO - Setting next_dagrun for tutorial_taskflow_api_virtualenv to None, run_after=None
[2024-05-23T20:12:14.849+0000] {processor.py:183} INFO - Processing /home/airflow/.local/lib/python3.12/site-packages/airflow/example_dags/tutorial_taskflow_api_virtualenv.py took 0.204 seconds
[2024-05-23T20:12:45.065+0000] {processor.py:161} INFO - Started process (PID=17835) to work on /home/airflow/.local/lib/python3.12/site-packages/airflow/example_dags/tutorial_taskflow_api_virtualenv.py
[2024-05-23T20:12:45.067+0000] {processor.py:830} INFO - Processing file /home/airflow/.local/lib/python3.12/site-packages/airflow/example_dags/tutorial_taskflow_api_virtualenv.py for tasks to queue
[2024-05-23T20:12:45.069+0000] {logging_mixin.py:188} INFO - [2024-05-23T20:12:45.069+0000] {dagbag.py:545} INFO - Filling up the DagBag from /home/airflow/.local/lib/python3.12/site-packages/airflow/example_dags/tutorial_taskflow_api_virtualenv.py
[2024-05-23T20:12:45.089+0000] {processor.py:840} INFO - DAG(s) 'tutorial_taskflow_api_virtualenv' retrieved from /home/airflow/.local/lib/python3.12/site-packages/airflow/example_dags/tutorial_taskflow_api_virtualenv.py
[2024-05-23T20:12:45.129+0000] {logging_mixin.py:188} INFO - [2024-05-23T20:12:45.128+0000] {dag.py:3096} INFO - Sync 1 DAGs
[2024-05-23T20:12:45.150+0000] {logging_mixin.py:188} INFO - [2024-05-23T20:12:45.150+0000] {dag.py:3954} INFO - Setting next_dagrun for tutorial_taskflow_api_virtualenv to None, run_after=None
[2024-05-23T20:12:45.179+0000] {processor.py:183} INFO - Processing /home/airflow/.local/lib/python3.12/site-packages/airflow/example_dags/tutorial_taskflow_api_virtualenv.py took 0.125 seconds
[2024-05-23T20:13:15.437+0000] {processor.py:161} INFO - Started process (PID=18097) to work on /home/airflow/.local/lib/python3.12/site-packages/airflow/example_dags/tutorial_taskflow_api_virtualenv.py
[2024-05-23T20:13:15.439+0000] {processor.py:830} INFO - Processing file /home/airflow/.local/lib/python3.12/site-packages/airflow/example_dags/tutorial_taskflow_api_virtualenv.py for tasks to queue
[2024-05-23T20:13:15.442+0000] {logging_mixin.py:188} INFO - [2024-05-23T20:13:15.441+0000] {dagbag.py:545} INFO - Filling up the DagBag from /home/airflow/.local/lib/python3.12/site-packages/airflow/example_dags/tutorial_taskflow_api_virtualenv.py
[2024-05-23T20:13:15.457+0000] {processor.py:840} INFO - DAG(s) 'tutorial_taskflow_api_virtualenv' retrieved from /home/airflow/.local/lib/python3.12/site-packages/airflow/example_dags/tutorial_taskflow_api_virtualenv.py
[2024-05-23T20:13:15.491+0000] {logging_mixin.py:188} INFO - [2024-05-23T20:13:15.491+0000] {dag.py:3096} INFO - Sync 1 DAGs
[2024-05-23T20:13:15.510+0000] {logging_mixin.py:188} INFO - [2024-05-23T20:13:15.510+0000] {dag.py:3954} INFO - Setting next_dagrun for tutorial_taskflow_api_virtualenv to None, run_after=None
[2024-05-23T20:13:15.537+0000] {processor.py:183} INFO - Processing /home/airflow/.local/lib/python3.12/site-packages/airflow/example_dags/tutorial_taskflow_api_virtualenv.py took 0.110 seconds
