[2024-05-23T19:29:47.139+0000] {processor.py:161} INFO - Started process (PID=197) to work on /home/airflow/.local/lib/python3.12/site-packages/airflow/example_dags/tutorial_taskflow_api.py
[2024-05-23T19:29:47.142+0000] {processor.py:830} INFO - Processing file /home/airflow/.local/lib/python3.12/site-packages/airflow/example_dags/tutorial_taskflow_api.py for tasks to queue
[2024-05-23T19:29:47.146+0000] {logging_mixin.py:188} INFO - [2024-05-23T19:29:47.146+0000] {dagbag.py:545} INFO - Filling up the DagBag from /home/airflow/.local/lib/python3.12/site-packages/airflow/example_dags/tutorial_taskflow_api.py
[2024-05-23T19:29:47.168+0000] {processor.py:840} INFO - DAG(s) 'tutorial_taskflow_api' retrieved from /home/airflow/.local/lib/python3.12/site-packages/airflow/example_dags/tutorial_taskflow_api.py
[2024-05-23T19:29:47.430+0000] {logging_mixin.py:188} INFO - [2024-05-23T19:29:47.429+0000] {dag.py:3096} INFO - Sync 1 DAGs
[2024-05-23T19:29:47.457+0000] {logging_mixin.py:188} INFO - [2024-05-23T19:29:47.456+0000] {dag.py:3954} INFO - Setting next_dagrun for tutorial_taskflow_api to None, run_after=None
[2024-05-23T19:29:47.489+0000] {processor.py:183} INFO - Processing /home/airflow/.local/lib/python3.12/site-packages/airflow/example_dags/tutorial_taskflow_api.py took 0.365 seconds
[2024-05-23T19:30:19.048+0000] {processor.py:161} INFO - Started process (PID=459) to work on /home/airflow/.local/lib/python3.12/site-packages/airflow/example_dags/tutorial_taskflow_api.py
[2024-05-23T19:30:19.050+0000] {processor.py:830} INFO - Processing file /home/airflow/.local/lib/python3.12/site-packages/airflow/example_dags/tutorial_taskflow_api.py for tasks to queue
[2024-05-23T19:30:19.055+0000] {logging_mixin.py:188} INFO - [2024-05-23T19:30:19.054+0000] {dagbag.py:545} INFO - Filling up the DagBag from /home/airflow/.local/lib/python3.12/site-packages/airflow/example_dags/tutorial_taskflow_api.py
[2024-05-23T19:30:19.069+0000] {processor.py:840} INFO - DAG(s) 'tutorial_taskflow_api' retrieved from /home/airflow/.local/lib/python3.12/site-packages/airflow/example_dags/tutorial_taskflow_api.py
[2024-05-23T19:30:19.176+0000] {logging_mixin.py:188} INFO - [2024-05-23T19:30:19.176+0000] {dag.py:3096} INFO - Sync 1 DAGs
[2024-05-23T19:30:19.212+0000] {logging_mixin.py:188} INFO - [2024-05-23T19:30:19.212+0000] {dag.py:3954} INFO - Setting next_dagrun for tutorial_taskflow_api to None, run_after=None
[2024-05-23T19:30:19.266+0000] {processor.py:183} INFO - Processing /home/airflow/.local/lib/python3.12/site-packages/airflow/example_dags/tutorial_taskflow_api.py took 0.232 seconds
[2024-05-23T19:30:49.358+0000] {processor.py:161} INFO - Started process (PID=721) to work on /home/airflow/.local/lib/python3.12/site-packages/airflow/example_dags/tutorial_taskflow_api.py
[2024-05-23T19:30:49.360+0000] {processor.py:830} INFO - Processing file /home/airflow/.local/lib/python3.12/site-packages/airflow/example_dags/tutorial_taskflow_api.py for tasks to queue
[2024-05-23T19:30:49.364+0000] {logging_mixin.py:188} INFO - [2024-05-23T19:30:49.364+0000] {dagbag.py:545} INFO - Filling up the DagBag from /home/airflow/.local/lib/python3.12/site-packages/airflow/example_dags/tutorial_taskflow_api.py
[2024-05-23T19:30:49.375+0000] {processor.py:840} INFO - DAG(s) 'tutorial_taskflow_api' retrieved from /home/airflow/.local/lib/python3.12/site-packages/airflow/example_dags/tutorial_taskflow_api.py
[2024-05-23T19:30:49.412+0000] {logging_mixin.py:188} INFO - [2024-05-23T19:30:49.412+0000] {dag.py:3096} INFO - Sync 1 DAGs
[2024-05-23T19:30:49.437+0000] {logging_mixin.py:188} INFO - [2024-05-23T19:30:49.437+0000] {dag.py:3954} INFO - Setting next_dagrun for tutorial_taskflow_api to None, run_after=None
[2024-05-23T19:30:49.468+0000] {processor.py:183} INFO - Processing /home/airflow/.local/lib/python3.12/site-packages/airflow/example_dags/tutorial_taskflow_api.py took 0.119 seconds
[2024-05-23T19:31:19.570+0000] {processor.py:161} INFO - Started process (PID=983) to work on /home/airflow/.local/lib/python3.12/site-packages/airflow/example_dags/tutorial_taskflow_api.py
[2024-05-23T19:31:19.572+0000] {processor.py:830} INFO - Processing file /home/airflow/.local/lib/python3.12/site-packages/airflow/example_dags/tutorial_taskflow_api.py for tasks to queue
[2024-05-23T19:31:19.575+0000] {logging_mixin.py:188} INFO - [2024-05-23T19:31:19.574+0000] {dagbag.py:545} INFO - Filling up the DagBag from /home/airflow/.local/lib/python3.12/site-packages/airflow/example_dags/tutorial_taskflow_api.py
[2024-05-23T19:31:19.584+0000] {processor.py:840} INFO - DAG(s) 'tutorial_taskflow_api' retrieved from /home/airflow/.local/lib/python3.12/site-packages/airflow/example_dags/tutorial_taskflow_api.py
[2024-05-23T19:31:19.615+0000] {logging_mixin.py:188} INFO - [2024-05-23T19:31:19.615+0000] {dag.py:3096} INFO - Sync 1 DAGs
[2024-05-23T19:31:19.635+0000] {logging_mixin.py:188} INFO - [2024-05-23T19:31:19.635+0000] {dag.py:3954} INFO - Setting next_dagrun for tutorial_taskflow_api to None, run_after=None
[2024-05-23T19:31:19.663+0000] {processor.py:183} INFO - Processing /home/airflow/.local/lib/python3.12/site-packages/airflow/example_dags/tutorial_taskflow_api.py took 0.102 seconds
[2024-05-23T19:31:49.887+0000] {processor.py:161} INFO - Started process (PID=1245) to work on /home/airflow/.local/lib/python3.12/site-packages/airflow/example_dags/tutorial_taskflow_api.py
[2024-05-23T19:31:49.888+0000] {processor.py:830} INFO - Processing file /home/airflow/.local/lib/python3.12/site-packages/airflow/example_dags/tutorial_taskflow_api.py for tasks to queue
[2024-05-23T19:31:49.891+0000] {logging_mixin.py:188} INFO - [2024-05-23T19:31:49.891+0000] {dagbag.py:545} INFO - Filling up the DagBag from /home/airflow/.local/lib/python3.12/site-packages/airflow/example_dags/tutorial_taskflow_api.py
[2024-05-23T19:31:49.901+0000] {processor.py:840} INFO - DAG(s) 'tutorial_taskflow_api' retrieved from /home/airflow/.local/lib/python3.12/site-packages/airflow/example_dags/tutorial_taskflow_api.py
[2024-05-23T19:31:49.931+0000] {logging_mixin.py:188} INFO - [2024-05-23T19:31:49.931+0000] {dag.py:3096} INFO - Sync 1 DAGs
[2024-05-23T19:31:49.951+0000] {logging_mixin.py:188} INFO - [2024-05-23T19:31:49.951+0000] {dag.py:3954} INFO - Setting next_dagrun for tutorial_taskflow_api to None, run_after=None
[2024-05-23T19:31:49.979+0000] {processor.py:183} INFO - Processing /home/airflow/.local/lib/python3.12/site-packages/airflow/example_dags/tutorial_taskflow_api.py took 0.101 seconds
[2024-05-23T19:32:20.328+0000] {processor.py:161} INFO - Started process (PID=1507) to work on /home/airflow/.local/lib/python3.12/site-packages/airflow/example_dags/tutorial_taskflow_api.py
[2024-05-23T19:32:20.330+0000] {processor.py:830} INFO - Processing file /home/airflow/.local/lib/python3.12/site-packages/airflow/example_dags/tutorial_taskflow_api.py for tasks to queue
[2024-05-23T19:32:20.333+0000] {logging_mixin.py:188} INFO - [2024-05-23T19:32:20.333+0000] {dagbag.py:545} INFO - Filling up the DagBag from /home/airflow/.local/lib/python3.12/site-packages/airflow/example_dags/tutorial_taskflow_api.py
[2024-05-23T19:32:20.343+0000] {processor.py:840} INFO - DAG(s) 'tutorial_taskflow_api' retrieved from /home/airflow/.local/lib/python3.12/site-packages/airflow/example_dags/tutorial_taskflow_api.py
[2024-05-23T19:32:20.374+0000] {logging_mixin.py:188} INFO - [2024-05-23T19:32:20.374+0000] {dag.py:3096} INFO - Sync 1 DAGs
[2024-05-23T19:32:20.396+0000] {logging_mixin.py:188} INFO - [2024-05-23T19:32:20.396+0000] {dag.py:3954} INFO - Setting next_dagrun for tutorial_taskflow_api to None, run_after=None
[2024-05-23T19:32:20.424+0000] {processor.py:183} INFO - Processing /home/airflow/.local/lib/python3.12/site-packages/airflow/example_dags/tutorial_taskflow_api.py took 0.105 seconds
[2024-05-23T19:32:50.580+0000] {processor.py:161} INFO - Started process (PID=1769) to work on /home/airflow/.local/lib/python3.12/site-packages/airflow/example_dags/tutorial_taskflow_api.py
[2024-05-23T19:32:50.582+0000] {processor.py:830} INFO - Processing file /home/airflow/.local/lib/python3.12/site-packages/airflow/example_dags/tutorial_taskflow_api.py for tasks to queue
[2024-05-23T19:32:50.585+0000] {logging_mixin.py:188} INFO - [2024-05-23T19:32:50.585+0000] {dagbag.py:545} INFO - Filling up the DagBag from /home/airflow/.local/lib/python3.12/site-packages/airflow/example_dags/tutorial_taskflow_api.py
[2024-05-23T19:32:50.596+0000] {processor.py:840} INFO - DAG(s) 'tutorial_taskflow_api' retrieved from /home/airflow/.local/lib/python3.12/site-packages/airflow/example_dags/tutorial_taskflow_api.py
[2024-05-23T19:32:50.628+0000] {logging_mixin.py:188} INFO - [2024-05-23T19:32:50.628+0000] {dag.py:3096} INFO - Sync 1 DAGs
[2024-05-23T19:32:50.652+0000] {logging_mixin.py:188} INFO - [2024-05-23T19:32:50.651+0000] {dag.py:3954} INFO - Setting next_dagrun for tutorial_taskflow_api to None, run_after=None
[2024-05-23T19:32:50.680+0000] {processor.py:183} INFO - Processing /home/airflow/.local/lib/python3.12/site-packages/airflow/example_dags/tutorial_taskflow_api.py took 0.109 seconds
[2024-05-23T19:33:21.156+0000] {processor.py:161} INFO - Started process (PID=2031) to work on /home/airflow/.local/lib/python3.12/site-packages/airflow/example_dags/tutorial_taskflow_api.py
[2024-05-23T19:33:21.158+0000] {processor.py:830} INFO - Processing file /home/airflow/.local/lib/python3.12/site-packages/airflow/example_dags/tutorial_taskflow_api.py for tasks to queue
[2024-05-23T19:33:21.161+0000] {logging_mixin.py:188} INFO - [2024-05-23T19:33:21.161+0000] {dagbag.py:545} INFO - Filling up the DagBag from /home/airflow/.local/lib/python3.12/site-packages/airflow/example_dags/tutorial_taskflow_api.py
[2024-05-23T19:33:21.172+0000] {processor.py:840} INFO - DAG(s) 'tutorial_taskflow_api' retrieved from /home/airflow/.local/lib/python3.12/site-packages/airflow/example_dags/tutorial_taskflow_api.py
[2024-05-23T19:33:21.204+0000] {logging_mixin.py:188} INFO - [2024-05-23T19:33:21.204+0000] {dag.py:3096} INFO - Sync 1 DAGs
[2024-05-23T19:33:21.236+0000] {logging_mixin.py:188} INFO - [2024-05-23T19:33:21.236+0000] {dag.py:3954} INFO - Setting next_dagrun for tutorial_taskflow_api to None, run_after=None
[2024-05-23T19:33:21.275+0000] {processor.py:183} INFO - Processing /home/airflow/.local/lib/python3.12/site-packages/airflow/example_dags/tutorial_taskflow_api.py took 0.129 seconds
[2024-05-23T19:33:51.421+0000] {processor.py:161} INFO - Started process (PID=2293) to work on /home/airflow/.local/lib/python3.12/site-packages/airflow/example_dags/tutorial_taskflow_api.py
[2024-05-23T19:33:51.423+0000] {processor.py:830} INFO - Processing file /home/airflow/.local/lib/python3.12/site-packages/airflow/example_dags/tutorial_taskflow_api.py for tasks to queue
[2024-05-23T19:33:51.426+0000] {logging_mixin.py:188} INFO - [2024-05-23T19:33:51.425+0000] {dagbag.py:545} INFO - Filling up the DagBag from /home/airflow/.local/lib/python3.12/site-packages/airflow/example_dags/tutorial_taskflow_api.py
[2024-05-23T19:33:51.436+0000] {processor.py:840} INFO - DAG(s) 'tutorial_taskflow_api' retrieved from /home/airflow/.local/lib/python3.12/site-packages/airflow/example_dags/tutorial_taskflow_api.py
[2024-05-23T19:33:51.517+0000] {logging_mixin.py:188} INFO - [2024-05-23T19:33:51.516+0000] {dag.py:3096} INFO - Sync 1 DAGs
[2024-05-23T19:33:51.578+0000] {logging_mixin.py:188} INFO - [2024-05-23T19:33:51.578+0000] {dag.py:3954} INFO - Setting next_dagrun for tutorial_taskflow_api to None, run_after=None
[2024-05-23T19:33:51.636+0000] {processor.py:183} INFO - Processing /home/airflow/.local/lib/python3.12/site-packages/airflow/example_dags/tutorial_taskflow_api.py took 0.224 seconds
[2024-05-23T19:34:22.299+0000] {processor.py:161} INFO - Started process (PID=2554) to work on /home/airflow/.local/lib/python3.12/site-packages/airflow/example_dags/tutorial_taskflow_api.py
[2024-05-23T19:34:22.300+0000] {processor.py:830} INFO - Processing file /home/airflow/.local/lib/python3.12/site-packages/airflow/example_dags/tutorial_taskflow_api.py for tasks to queue
[2024-05-23T19:34:22.303+0000] {logging_mixin.py:188} INFO - [2024-05-23T19:34:22.303+0000] {dagbag.py:545} INFO - Filling up the DagBag from /home/airflow/.local/lib/python3.12/site-packages/airflow/example_dags/tutorial_taskflow_api.py
[2024-05-23T19:34:22.313+0000] {processor.py:840} INFO - DAG(s) 'tutorial_taskflow_api' retrieved from /home/airflow/.local/lib/python3.12/site-packages/airflow/example_dags/tutorial_taskflow_api.py
[2024-05-23T19:34:22.344+0000] {logging_mixin.py:188} INFO - [2024-05-23T19:34:22.344+0000] {dag.py:3096} INFO - Sync 1 DAGs
[2024-05-23T19:34:22.365+0000] {logging_mixin.py:188} INFO - [2024-05-23T19:34:22.365+0000] {dag.py:3954} INFO - Setting next_dagrun for tutorial_taskflow_api to None, run_after=None
[2024-05-23T19:34:22.393+0000] {processor.py:183} INFO - Processing /home/airflow/.local/lib/python3.12/site-packages/airflow/example_dags/tutorial_taskflow_api.py took 0.104 seconds
[2024-05-23T19:34:52.623+0000] {processor.py:161} INFO - Started process (PID=2816) to work on /home/airflow/.local/lib/python3.12/site-packages/airflow/example_dags/tutorial_taskflow_api.py
[2024-05-23T19:34:52.625+0000] {processor.py:830} INFO - Processing file /home/airflow/.local/lib/python3.12/site-packages/airflow/example_dags/tutorial_taskflow_api.py for tasks to queue
[2024-05-23T19:34:52.628+0000] {logging_mixin.py:188} INFO - [2024-05-23T19:34:52.627+0000] {dagbag.py:545} INFO - Filling up the DagBag from /home/airflow/.local/lib/python3.12/site-packages/airflow/example_dags/tutorial_taskflow_api.py
[2024-05-23T19:34:52.638+0000] {processor.py:840} INFO - DAG(s) 'tutorial_taskflow_api' retrieved from /home/airflow/.local/lib/python3.12/site-packages/airflow/example_dags/tutorial_taskflow_api.py
[2024-05-23T19:34:52.670+0000] {logging_mixin.py:188} INFO - [2024-05-23T19:34:52.670+0000] {dag.py:3096} INFO - Sync 1 DAGs
[2024-05-23T19:34:52.692+0000] {logging_mixin.py:188} INFO - [2024-05-23T19:34:52.692+0000] {dag.py:3954} INFO - Setting next_dagrun for tutorial_taskflow_api to None, run_after=None
[2024-05-23T19:34:52.720+0000] {processor.py:183} INFO - Processing /home/airflow/.local/lib/python3.12/site-packages/airflow/example_dags/tutorial_taskflow_api.py took 0.107 seconds
[2024-05-23T19:35:23.317+0000] {processor.py:161} INFO - Started process (PID=3103) to work on /home/airflow/.local/lib/python3.12/site-packages/airflow/example_dags/tutorial_taskflow_api.py
[2024-05-23T19:35:23.319+0000] {processor.py:830} INFO - Processing file /home/airflow/.local/lib/python3.12/site-packages/airflow/example_dags/tutorial_taskflow_api.py for tasks to queue
[2024-05-23T19:35:23.322+0000] {logging_mixin.py:188} INFO - [2024-05-23T19:35:23.321+0000] {dagbag.py:545} INFO - Filling up the DagBag from /home/airflow/.local/lib/python3.12/site-packages/airflow/example_dags/tutorial_taskflow_api.py
[2024-05-23T19:35:23.331+0000] {processor.py:840} INFO - DAG(s) 'tutorial_taskflow_api' retrieved from /home/airflow/.local/lib/python3.12/site-packages/airflow/example_dags/tutorial_taskflow_api.py
[2024-05-23T19:35:23.362+0000] {logging_mixin.py:188} INFO - [2024-05-23T19:35:23.362+0000] {dag.py:3096} INFO - Sync 1 DAGs
[2024-05-23T19:35:23.383+0000] {logging_mixin.py:188} INFO - [2024-05-23T19:35:23.383+0000] {dag.py:3954} INFO - Setting next_dagrun for tutorial_taskflow_api to None, run_after=None
[2024-05-23T19:35:23.414+0000] {processor.py:183} INFO - Processing /home/airflow/.local/lib/python3.12/site-packages/airflow/example_dags/tutorial_taskflow_api.py took 0.105 seconds
[2024-05-23T19:35:53.573+0000] {processor.py:161} INFO - Started process (PID=3365) to work on /home/airflow/.local/lib/python3.12/site-packages/airflow/example_dags/tutorial_taskflow_api.py
[2024-05-23T19:35:53.575+0000] {processor.py:830} INFO - Processing file /home/airflow/.local/lib/python3.12/site-packages/airflow/example_dags/tutorial_taskflow_api.py for tasks to queue
[2024-05-23T19:35:53.578+0000] {logging_mixin.py:188} INFO - [2024-05-23T19:35:53.577+0000] {dagbag.py:545} INFO - Filling up the DagBag from /home/airflow/.local/lib/python3.12/site-packages/airflow/example_dags/tutorial_taskflow_api.py
[2024-05-23T19:35:53.587+0000] {processor.py:840} INFO - DAG(s) 'tutorial_taskflow_api' retrieved from /home/airflow/.local/lib/python3.12/site-packages/airflow/example_dags/tutorial_taskflow_api.py
[2024-05-23T19:35:53.619+0000] {logging_mixin.py:188} INFO - [2024-05-23T19:35:53.618+0000] {dag.py:3096} INFO - Sync 1 DAGs
[2024-05-23T19:35:53.651+0000] {logging_mixin.py:188} INFO - [2024-05-23T19:35:53.650+0000] {dag.py:3954} INFO - Setting next_dagrun for tutorial_taskflow_api to None, run_after=None
[2024-05-23T19:35:53.679+0000] {processor.py:183} INFO - Processing /home/airflow/.local/lib/python3.12/site-packages/airflow/example_dags/tutorial_taskflow_api.py took 0.115 seconds
[2024-05-23T19:36:23.960+0000] {processor.py:161} INFO - Started process (PID=3627) to work on /home/airflow/.local/lib/python3.12/site-packages/airflow/example_dags/tutorial_taskflow_api.py
[2024-05-23T19:36:23.963+0000] {processor.py:830} INFO - Processing file /home/airflow/.local/lib/python3.12/site-packages/airflow/example_dags/tutorial_taskflow_api.py for tasks to queue
[2024-05-23T19:36:23.965+0000] {logging_mixin.py:188} INFO - [2024-05-23T19:36:23.965+0000] {dagbag.py:545} INFO - Filling up the DagBag from /home/airflow/.local/lib/python3.12/site-packages/airflow/example_dags/tutorial_taskflow_api.py
[2024-05-23T19:36:23.974+0000] {processor.py:840} INFO - DAG(s) 'tutorial_taskflow_api' retrieved from /home/airflow/.local/lib/python3.12/site-packages/airflow/example_dags/tutorial_taskflow_api.py
[2024-05-23T19:36:24.008+0000] {logging_mixin.py:188} INFO - [2024-05-23T19:36:24.007+0000] {dag.py:3096} INFO - Sync 1 DAGs
[2024-05-23T19:36:24.030+0000] {logging_mixin.py:188} INFO - [2024-05-23T19:36:24.030+0000] {dag.py:3954} INFO - Setting next_dagrun for tutorial_taskflow_api to None, run_after=None
[2024-05-23T19:36:24.066+0000] {processor.py:183} INFO - Processing /home/airflow/.local/lib/python3.12/site-packages/airflow/example_dags/tutorial_taskflow_api.py took 0.115 seconds
[2024-05-23T19:36:54.227+0000] {processor.py:161} INFO - Started process (PID=3889) to work on /home/airflow/.local/lib/python3.12/site-packages/airflow/example_dags/tutorial_taskflow_api.py
[2024-05-23T19:36:54.228+0000] {processor.py:830} INFO - Processing file /home/airflow/.local/lib/python3.12/site-packages/airflow/example_dags/tutorial_taskflow_api.py for tasks to queue
[2024-05-23T19:36:54.231+0000] {logging_mixin.py:188} INFO - [2024-05-23T19:36:54.231+0000] {dagbag.py:545} INFO - Filling up the DagBag from /home/airflow/.local/lib/python3.12/site-packages/airflow/example_dags/tutorial_taskflow_api.py
[2024-05-23T19:36:54.242+0000] {processor.py:840} INFO - DAG(s) 'tutorial_taskflow_api' retrieved from /home/airflow/.local/lib/python3.12/site-packages/airflow/example_dags/tutorial_taskflow_api.py
[2024-05-23T19:36:54.276+0000] {logging_mixin.py:188} INFO - [2024-05-23T19:36:54.275+0000] {dag.py:3096} INFO - Sync 1 DAGs
[2024-05-23T19:36:54.298+0000] {logging_mixin.py:188} INFO - [2024-05-23T19:36:54.298+0000] {dag.py:3954} INFO - Setting next_dagrun for tutorial_taskflow_api to None, run_after=None
[2024-05-23T19:36:54.327+0000] {processor.py:183} INFO - Processing /home/airflow/.local/lib/python3.12/site-packages/airflow/example_dags/tutorial_taskflow_api.py took 0.111 seconds
[2024-05-23T19:37:24.534+0000] {processor.py:161} INFO - Started process (PID=4151) to work on /home/airflow/.local/lib/python3.12/site-packages/airflow/example_dags/tutorial_taskflow_api.py
[2024-05-23T19:37:24.536+0000] {processor.py:830} INFO - Processing file /home/airflow/.local/lib/python3.12/site-packages/airflow/example_dags/tutorial_taskflow_api.py for tasks to queue
[2024-05-23T19:37:24.539+0000] {logging_mixin.py:188} INFO - [2024-05-23T19:37:24.538+0000] {dagbag.py:545} INFO - Filling up the DagBag from /home/airflow/.local/lib/python3.12/site-packages/airflow/example_dags/tutorial_taskflow_api.py
[2024-05-23T19:37:24.551+0000] {processor.py:840} INFO - DAG(s) 'tutorial_taskflow_api' retrieved from /home/airflow/.local/lib/python3.12/site-packages/airflow/example_dags/tutorial_taskflow_api.py
[2024-05-23T19:37:24.583+0000] {logging_mixin.py:188} INFO - [2024-05-23T19:37:24.583+0000] {dag.py:3096} INFO - Sync 1 DAGs
[2024-05-23T19:37:24.605+0000] {logging_mixin.py:188} INFO - [2024-05-23T19:37:24.605+0000] {dag.py:3954} INFO - Setting next_dagrun for tutorial_taskflow_api to None, run_after=None
[2024-05-23T19:37:24.633+0000] {processor.py:183} INFO - Processing /home/airflow/.local/lib/python3.12/site-packages/airflow/example_dags/tutorial_taskflow_api.py took 0.109 seconds
[2024-05-23T19:37:54.867+0000] {processor.py:161} INFO - Started process (PID=4413) to work on /home/airflow/.local/lib/python3.12/site-packages/airflow/example_dags/tutorial_taskflow_api.py
[2024-05-23T19:37:54.868+0000] {processor.py:830} INFO - Processing file /home/airflow/.local/lib/python3.12/site-packages/airflow/example_dags/tutorial_taskflow_api.py for tasks to queue
[2024-05-23T19:37:54.871+0000] {logging_mixin.py:188} INFO - [2024-05-23T19:37:54.871+0000] {dagbag.py:545} INFO - Filling up the DagBag from /home/airflow/.local/lib/python3.12/site-packages/airflow/example_dags/tutorial_taskflow_api.py
[2024-05-23T19:37:54.881+0000] {processor.py:840} INFO - DAG(s) 'tutorial_taskflow_api' retrieved from /home/airflow/.local/lib/python3.12/site-packages/airflow/example_dags/tutorial_taskflow_api.py
[2024-05-23T19:37:54.910+0000] {logging_mixin.py:188} INFO - [2024-05-23T19:37:54.910+0000] {dag.py:3096} INFO - Sync 1 DAGs
[2024-05-23T19:37:54.932+0000] {logging_mixin.py:188} INFO - [2024-05-23T19:37:54.931+0000] {dag.py:3954} INFO - Setting next_dagrun for tutorial_taskflow_api to None, run_after=None
[2024-05-23T19:37:54.959+0000] {processor.py:183} INFO - Processing /home/airflow/.local/lib/python3.12/site-packages/airflow/example_dags/tutorial_taskflow_api.py took 0.101 seconds
[2024-05-23T19:38:25.174+0000] {processor.py:161} INFO - Started process (PID=4675) to work on /home/airflow/.local/lib/python3.12/site-packages/airflow/example_dags/tutorial_taskflow_api.py
[2024-05-23T19:38:25.176+0000] {processor.py:830} INFO - Processing file /home/airflow/.local/lib/python3.12/site-packages/airflow/example_dags/tutorial_taskflow_api.py for tasks to queue
[2024-05-23T19:38:25.179+0000] {logging_mixin.py:188} INFO - [2024-05-23T19:38:25.178+0000] {dagbag.py:545} INFO - Filling up the DagBag from /home/airflow/.local/lib/python3.12/site-packages/airflow/example_dags/tutorial_taskflow_api.py
[2024-05-23T19:38:25.189+0000] {processor.py:840} INFO - DAG(s) 'tutorial_taskflow_api' retrieved from /home/airflow/.local/lib/python3.12/site-packages/airflow/example_dags/tutorial_taskflow_api.py
[2024-05-23T19:38:25.220+0000] {logging_mixin.py:188} INFO - [2024-05-23T19:38:25.220+0000] {dag.py:3096} INFO - Sync 1 DAGs
[2024-05-23T19:38:25.244+0000] {logging_mixin.py:188} INFO - [2024-05-23T19:38:25.244+0000] {dag.py:3954} INFO - Setting next_dagrun for tutorial_taskflow_api to None, run_after=None
[2024-05-23T19:38:25.274+0000] {processor.py:183} INFO - Processing /home/airflow/.local/lib/python3.12/site-packages/airflow/example_dags/tutorial_taskflow_api.py took 0.110 seconds
[2024-05-23T19:38:55.694+0000] {processor.py:161} INFO - Started process (PID=4937) to work on /home/airflow/.local/lib/python3.12/site-packages/airflow/example_dags/tutorial_taskflow_api.py
[2024-05-23T19:38:55.695+0000] {processor.py:830} INFO - Processing file /home/airflow/.local/lib/python3.12/site-packages/airflow/example_dags/tutorial_taskflow_api.py for tasks to queue
[2024-05-23T19:38:55.698+0000] {logging_mixin.py:188} INFO - [2024-05-23T19:38:55.698+0000] {dagbag.py:545} INFO - Filling up the DagBag from /home/airflow/.local/lib/python3.12/site-packages/airflow/example_dags/tutorial_taskflow_api.py
[2024-05-23T19:38:55.708+0000] {processor.py:840} INFO - DAG(s) 'tutorial_taskflow_api' retrieved from /home/airflow/.local/lib/python3.12/site-packages/airflow/example_dags/tutorial_taskflow_api.py
[2024-05-23T19:38:55.737+0000] {logging_mixin.py:188} INFO - [2024-05-23T19:38:55.737+0000] {dag.py:3096} INFO - Sync 1 DAGs
[2024-05-23T19:38:55.759+0000] {logging_mixin.py:188} INFO - [2024-05-23T19:38:55.759+0000] {dag.py:3954} INFO - Setting next_dagrun for tutorial_taskflow_api to None, run_after=None
[2024-05-23T19:38:55.788+0000] {processor.py:183} INFO - Processing /home/airflow/.local/lib/python3.12/site-packages/airflow/example_dags/tutorial_taskflow_api.py took 0.104 seconds
[2024-05-23T19:39:26.376+0000] {processor.py:161} INFO - Started process (PID=5199) to work on /home/airflow/.local/lib/python3.12/site-packages/airflow/example_dags/tutorial_taskflow_api.py
[2024-05-23T19:39:26.377+0000] {processor.py:830} INFO - Processing file /home/airflow/.local/lib/python3.12/site-packages/airflow/example_dags/tutorial_taskflow_api.py for tasks to queue
[2024-05-23T19:39:26.380+0000] {logging_mixin.py:188} INFO - [2024-05-23T19:39:26.380+0000] {dagbag.py:545} INFO - Filling up the DagBag from /home/airflow/.local/lib/python3.12/site-packages/airflow/example_dags/tutorial_taskflow_api.py
[2024-05-23T19:39:26.390+0000] {processor.py:840} INFO - DAG(s) 'tutorial_taskflow_api' retrieved from /home/airflow/.local/lib/python3.12/site-packages/airflow/example_dags/tutorial_taskflow_api.py
[2024-05-23T19:39:26.424+0000] {logging_mixin.py:188} INFO - [2024-05-23T19:39:26.423+0000] {dag.py:3096} INFO - Sync 1 DAGs
[2024-05-23T19:39:26.450+0000] {logging_mixin.py:188} INFO - [2024-05-23T19:39:26.450+0000] {dag.py:3954} INFO - Setting next_dagrun for tutorial_taskflow_api to None, run_after=None
[2024-05-23T19:39:26.479+0000] {processor.py:183} INFO - Processing /home/airflow/.local/lib/python3.12/site-packages/airflow/example_dags/tutorial_taskflow_api.py took 0.112 seconds
[2024-05-23T19:39:56.907+0000] {processor.py:161} INFO - Started process (PID=5461) to work on /home/airflow/.local/lib/python3.12/site-packages/airflow/example_dags/tutorial_taskflow_api.py
[2024-05-23T19:39:56.909+0000] {processor.py:830} INFO - Processing file /home/airflow/.local/lib/python3.12/site-packages/airflow/example_dags/tutorial_taskflow_api.py for tasks to queue
[2024-05-23T19:39:56.912+0000] {logging_mixin.py:188} INFO - [2024-05-23T19:39:56.911+0000] {dagbag.py:545} INFO - Filling up the DagBag from /home/airflow/.local/lib/python3.12/site-packages/airflow/example_dags/tutorial_taskflow_api.py
[2024-05-23T19:39:56.921+0000] {processor.py:840} INFO - DAG(s) 'tutorial_taskflow_api' retrieved from /home/airflow/.local/lib/python3.12/site-packages/airflow/example_dags/tutorial_taskflow_api.py
[2024-05-23T19:39:56.951+0000] {logging_mixin.py:188} INFO - [2024-05-23T19:39:56.950+0000] {dag.py:3096} INFO - Sync 1 DAGs
[2024-05-23T19:39:56.971+0000] {logging_mixin.py:188} INFO - [2024-05-23T19:39:56.970+0000] {dag.py:3954} INFO - Setting next_dagrun for tutorial_taskflow_api to None, run_after=None
[2024-05-23T19:39:57.000+0000] {processor.py:183} INFO - Processing /home/airflow/.local/lib/python3.12/site-packages/airflow/example_dags/tutorial_taskflow_api.py took 0.102 seconds
[2024-05-23T19:40:27.486+0000] {processor.py:161} INFO - Started process (PID=5723) to work on /home/airflow/.local/lib/python3.12/site-packages/airflow/example_dags/tutorial_taskflow_api.py
[2024-05-23T19:40:27.488+0000] {processor.py:830} INFO - Processing file /home/airflow/.local/lib/python3.12/site-packages/airflow/example_dags/tutorial_taskflow_api.py for tasks to queue
[2024-05-23T19:40:27.490+0000] {logging_mixin.py:188} INFO - [2024-05-23T19:40:27.490+0000] {dagbag.py:545} INFO - Filling up the DagBag from /home/airflow/.local/lib/python3.12/site-packages/airflow/example_dags/tutorial_taskflow_api.py
[2024-05-23T19:40:27.499+0000] {processor.py:840} INFO - DAG(s) 'tutorial_taskflow_api' retrieved from /home/airflow/.local/lib/python3.12/site-packages/airflow/example_dags/tutorial_taskflow_api.py
[2024-05-23T19:40:27.526+0000] {logging_mixin.py:188} INFO - [2024-05-23T19:40:27.526+0000] {dag.py:3096} INFO - Sync 1 DAGs
[2024-05-23T19:40:27.545+0000] {logging_mixin.py:188} INFO - [2024-05-23T19:40:27.545+0000] {dag.py:3954} INFO - Setting next_dagrun for tutorial_taskflow_api to None, run_after=None
[2024-05-23T19:40:27.575+0000] {processor.py:183} INFO - Processing /home/airflow/.local/lib/python3.12/site-packages/airflow/example_dags/tutorial_taskflow_api.py took 0.097 seconds
[2024-05-23T19:40:57.797+0000] {processor.py:161} INFO - Started process (PID=5985) to work on /home/airflow/.local/lib/python3.12/site-packages/airflow/example_dags/tutorial_taskflow_api.py
[2024-05-23T19:40:57.799+0000] {processor.py:830} INFO - Processing file /home/airflow/.local/lib/python3.12/site-packages/airflow/example_dags/tutorial_taskflow_api.py for tasks to queue
[2024-05-23T19:40:57.802+0000] {logging_mixin.py:188} INFO - [2024-05-23T19:40:57.801+0000] {dagbag.py:545} INFO - Filling up the DagBag from /home/airflow/.local/lib/python3.12/site-packages/airflow/example_dags/tutorial_taskflow_api.py
[2024-05-23T19:40:57.812+0000] {processor.py:840} INFO - DAG(s) 'tutorial_taskflow_api' retrieved from /home/airflow/.local/lib/python3.12/site-packages/airflow/example_dags/tutorial_taskflow_api.py
[2024-05-23T19:40:57.843+0000] {logging_mixin.py:188} INFO - [2024-05-23T19:40:57.843+0000] {dag.py:3096} INFO - Sync 1 DAGs
[2024-05-23T19:40:57.863+0000] {logging_mixin.py:188} INFO - [2024-05-23T19:40:57.863+0000] {dag.py:3954} INFO - Setting next_dagrun for tutorial_taskflow_api to None, run_after=None
[2024-05-23T19:40:57.890+0000] {processor.py:183} INFO - Processing /home/airflow/.local/lib/python3.12/site-packages/airflow/example_dags/tutorial_taskflow_api.py took 0.101 seconds
[2024-05-23T19:41:28.462+0000] {processor.py:161} INFO - Started process (PID=6247) to work on /home/airflow/.local/lib/python3.12/site-packages/airflow/example_dags/tutorial_taskflow_api.py
[2024-05-23T19:41:28.464+0000] {processor.py:830} INFO - Processing file /home/airflow/.local/lib/python3.12/site-packages/airflow/example_dags/tutorial_taskflow_api.py for tasks to queue
[2024-05-23T19:41:28.466+0000] {logging_mixin.py:188} INFO - [2024-05-23T19:41:28.466+0000] {dagbag.py:545} INFO - Filling up the DagBag from /home/airflow/.local/lib/python3.12/site-packages/airflow/example_dags/tutorial_taskflow_api.py
[2024-05-23T19:41:28.476+0000] {processor.py:840} INFO - DAG(s) 'tutorial_taskflow_api' retrieved from /home/airflow/.local/lib/python3.12/site-packages/airflow/example_dags/tutorial_taskflow_api.py
[2024-05-23T19:41:28.510+0000] {logging_mixin.py:188} INFO - [2024-05-23T19:41:28.508+0000] {dag.py:3096} INFO - Sync 1 DAGs
[2024-05-23T19:41:28.531+0000] {logging_mixin.py:188} INFO - [2024-05-23T19:41:28.530+0000] {dag.py:3954} INFO - Setting next_dagrun for tutorial_taskflow_api to None, run_after=None
[2024-05-23T19:41:28.558+0000] {processor.py:183} INFO - Processing /home/airflow/.local/lib/python3.12/site-packages/airflow/example_dags/tutorial_taskflow_api.py took 0.106 seconds
[2024-05-23T19:41:58.779+0000] {processor.py:161} INFO - Started process (PID=6508) to work on /home/airflow/.local/lib/python3.12/site-packages/airflow/example_dags/tutorial_taskflow_api.py
[2024-05-23T19:41:58.781+0000] {processor.py:830} INFO - Processing file /home/airflow/.local/lib/python3.12/site-packages/airflow/example_dags/tutorial_taskflow_api.py for tasks to queue
[2024-05-23T19:41:58.783+0000] {logging_mixin.py:188} INFO - [2024-05-23T19:41:58.783+0000] {dagbag.py:545} INFO - Filling up the DagBag from /home/airflow/.local/lib/python3.12/site-packages/airflow/example_dags/tutorial_taskflow_api.py
[2024-05-23T19:41:58.794+0000] {processor.py:840} INFO - DAG(s) 'tutorial_taskflow_api' retrieved from /home/airflow/.local/lib/python3.12/site-packages/airflow/example_dags/tutorial_taskflow_api.py
[2024-05-23T19:41:58.828+0000] {logging_mixin.py:188} INFO - [2024-05-23T19:41:58.828+0000] {dag.py:3096} INFO - Sync 1 DAGs
[2024-05-23T19:41:58.849+0000] {logging_mixin.py:188} INFO - [2024-05-23T19:41:58.849+0000] {dag.py:3954} INFO - Setting next_dagrun for tutorial_taskflow_api to None, run_after=None
[2024-05-23T19:41:58.878+0000] {processor.py:183} INFO - Processing /home/airflow/.local/lib/python3.12/site-packages/airflow/example_dags/tutorial_taskflow_api.py took 0.110 seconds
[2024-05-23T19:42:29.206+0000] {processor.py:161} INFO - Started process (PID=6770) to work on /home/airflow/.local/lib/python3.12/site-packages/airflow/example_dags/tutorial_taskflow_api.py
[2024-05-23T19:42:29.208+0000] {processor.py:830} INFO - Processing file /home/airflow/.local/lib/python3.12/site-packages/airflow/example_dags/tutorial_taskflow_api.py for tasks to queue
[2024-05-23T19:42:29.210+0000] {logging_mixin.py:188} INFO - [2024-05-23T19:42:29.210+0000] {dagbag.py:545} INFO - Filling up the DagBag from /home/airflow/.local/lib/python3.12/site-packages/airflow/example_dags/tutorial_taskflow_api.py
[2024-05-23T19:42:29.219+0000] {processor.py:840} INFO - DAG(s) 'tutorial_taskflow_api' retrieved from /home/airflow/.local/lib/python3.12/site-packages/airflow/example_dags/tutorial_taskflow_api.py
[2024-05-23T19:42:29.248+0000] {logging_mixin.py:188} INFO - [2024-05-23T19:42:29.247+0000] {dag.py:3096} INFO - Sync 1 DAGs
[2024-05-23T19:42:29.266+0000] {logging_mixin.py:188} INFO - [2024-05-23T19:42:29.266+0000] {dag.py:3954} INFO - Setting next_dagrun for tutorial_taskflow_api to None, run_after=None
[2024-05-23T19:42:29.291+0000] {processor.py:183} INFO - Processing /home/airflow/.local/lib/python3.12/site-packages/airflow/example_dags/tutorial_taskflow_api.py took 0.093 seconds
[2024-05-23T19:42:59.495+0000] {processor.py:161} INFO - Started process (PID=7032) to work on /home/airflow/.local/lib/python3.12/site-packages/airflow/example_dags/tutorial_taskflow_api.py
[2024-05-23T19:42:59.497+0000] {processor.py:830} INFO - Processing file /home/airflow/.local/lib/python3.12/site-packages/airflow/example_dags/tutorial_taskflow_api.py for tasks to queue
[2024-05-23T19:42:59.499+0000] {logging_mixin.py:188} INFO - [2024-05-23T19:42:59.499+0000] {dagbag.py:545} INFO - Filling up the DagBag from /home/airflow/.local/lib/python3.12/site-packages/airflow/example_dags/tutorial_taskflow_api.py
[2024-05-23T19:42:59.508+0000] {processor.py:840} INFO - DAG(s) 'tutorial_taskflow_api' retrieved from /home/airflow/.local/lib/python3.12/site-packages/airflow/example_dags/tutorial_taskflow_api.py
[2024-05-23T19:42:59.538+0000] {logging_mixin.py:188} INFO - [2024-05-23T19:42:59.537+0000] {dag.py:3096} INFO - Sync 1 DAGs
[2024-05-23T19:42:59.557+0000] {logging_mixin.py:188} INFO - [2024-05-23T19:42:59.557+0000] {dag.py:3954} INFO - Setting next_dagrun for tutorial_taskflow_api to None, run_after=None
[2024-05-23T19:42:59.584+0000] {processor.py:183} INFO - Processing /home/airflow/.local/lib/python3.12/site-packages/airflow/example_dags/tutorial_taskflow_api.py took 0.098 seconds
[2024-05-23T19:43:30.233+0000] {processor.py:161} INFO - Started process (PID=7288) to work on /home/airflow/.local/lib/python3.12/site-packages/airflow/example_dags/tutorial_taskflow_api.py
[2024-05-23T19:43:30.235+0000] {processor.py:830} INFO - Processing file /home/airflow/.local/lib/python3.12/site-packages/airflow/example_dags/tutorial_taskflow_api.py for tasks to queue
[2024-05-23T19:43:30.240+0000] {logging_mixin.py:188} INFO - [2024-05-23T19:43:30.240+0000] {dagbag.py:545} INFO - Filling up the DagBag from /home/airflow/.local/lib/python3.12/site-packages/airflow/example_dags/tutorial_taskflow_api.py
[2024-05-23T19:43:30.250+0000] {processor.py:840} INFO - DAG(s) 'tutorial_taskflow_api' retrieved from /home/airflow/.local/lib/python3.12/site-packages/airflow/example_dags/tutorial_taskflow_api.py
[2024-05-23T19:43:30.282+0000] {logging_mixin.py:188} INFO - [2024-05-23T19:43:30.282+0000] {dag.py:3096} INFO - Sync 1 DAGs
[2024-05-23T19:43:30.306+0000] {logging_mixin.py:188} INFO - [2024-05-23T19:43:30.306+0000] {dag.py:3954} INFO - Setting next_dagrun for tutorial_taskflow_api to None, run_after=None
[2024-05-23T19:43:30.341+0000] {processor.py:183} INFO - Processing /home/airflow/.local/lib/python3.12/site-packages/airflow/example_dags/tutorial_taskflow_api.py took 0.118 seconds
[2024-05-23T19:44:00.821+0000] {processor.py:161} INFO - Started process (PID=7550) to work on /home/airflow/.local/lib/python3.12/site-packages/airflow/example_dags/tutorial_taskflow_api.py
[2024-05-23T19:44:00.822+0000] {processor.py:830} INFO - Processing file /home/airflow/.local/lib/python3.12/site-packages/airflow/example_dags/tutorial_taskflow_api.py for tasks to queue
[2024-05-23T19:44:00.825+0000] {logging_mixin.py:188} INFO - [2024-05-23T19:44:00.825+0000] {dagbag.py:545} INFO - Filling up the DagBag from /home/airflow/.local/lib/python3.12/site-packages/airflow/example_dags/tutorial_taskflow_api.py
[2024-05-23T19:44:00.835+0000] {processor.py:840} INFO - DAG(s) 'tutorial_taskflow_api' retrieved from /home/airflow/.local/lib/python3.12/site-packages/airflow/example_dags/tutorial_taskflow_api.py
[2024-05-23T19:44:00.865+0000] {logging_mixin.py:188} INFO - [2024-05-23T19:44:00.864+0000] {dag.py:3096} INFO - Sync 1 DAGs
[2024-05-23T19:44:00.887+0000] {logging_mixin.py:188} INFO - [2024-05-23T19:44:00.887+0000] {dag.py:3954} INFO - Setting next_dagrun for tutorial_taskflow_api to None, run_after=None
[2024-05-23T19:44:00.914+0000] {processor.py:183} INFO - Processing /home/airflow/.local/lib/python3.12/site-packages/airflow/example_dags/tutorial_taskflow_api.py took 0.103 seconds
[2024-05-23T19:44:31.216+0000] {processor.py:161} INFO - Started process (PID=7812) to work on /home/airflow/.local/lib/python3.12/site-packages/airflow/example_dags/tutorial_taskflow_api.py
[2024-05-23T19:44:31.218+0000] {processor.py:830} INFO - Processing file /home/airflow/.local/lib/python3.12/site-packages/airflow/example_dags/tutorial_taskflow_api.py for tasks to queue
[2024-05-23T19:44:31.221+0000] {logging_mixin.py:188} INFO - [2024-05-23T19:44:31.220+0000] {dagbag.py:545} INFO - Filling up the DagBag from /home/airflow/.local/lib/python3.12/site-packages/airflow/example_dags/tutorial_taskflow_api.py
[2024-05-23T19:44:31.231+0000] {processor.py:840} INFO - DAG(s) 'tutorial_taskflow_api' retrieved from /home/airflow/.local/lib/python3.12/site-packages/airflow/example_dags/tutorial_taskflow_api.py
[2024-05-23T19:44:31.261+0000] {logging_mixin.py:188} INFO - [2024-05-23T19:44:31.261+0000] {dag.py:3096} INFO - Sync 1 DAGs
[2024-05-23T19:44:31.282+0000] {logging_mixin.py:188} INFO - [2024-05-23T19:44:31.282+0000] {dag.py:3954} INFO - Setting next_dagrun for tutorial_taskflow_api to None, run_after=None
[2024-05-23T19:44:31.311+0000] {processor.py:183} INFO - Processing /home/airflow/.local/lib/python3.12/site-packages/airflow/example_dags/tutorial_taskflow_api.py took 0.104 seconds
[2024-05-23T19:45:01.689+0000] {processor.py:161} INFO - Started process (PID=8074) to work on /home/airflow/.local/lib/python3.12/site-packages/airflow/example_dags/tutorial_taskflow_api.py
[2024-05-23T19:45:01.692+0000] {processor.py:830} INFO - Processing file /home/airflow/.local/lib/python3.12/site-packages/airflow/example_dags/tutorial_taskflow_api.py for tasks to queue
[2024-05-23T19:45:01.694+0000] {logging_mixin.py:188} INFO - [2024-05-23T19:45:01.694+0000] {dagbag.py:545} INFO - Filling up the DagBag from /home/airflow/.local/lib/python3.12/site-packages/airflow/example_dags/tutorial_taskflow_api.py
[2024-05-23T19:45:01.703+0000] {processor.py:840} INFO - DAG(s) 'tutorial_taskflow_api' retrieved from /home/airflow/.local/lib/python3.12/site-packages/airflow/example_dags/tutorial_taskflow_api.py
[2024-05-23T19:45:01.729+0000] {logging_mixin.py:188} INFO - [2024-05-23T19:45:01.729+0000] {dag.py:3096} INFO - Sync 1 DAGs
[2024-05-23T19:45:01.747+0000] {logging_mixin.py:188} INFO - [2024-05-23T19:45:01.747+0000] {dag.py:3954} INFO - Setting next_dagrun for tutorial_taskflow_api to None, run_after=None
[2024-05-23T19:45:01.772+0000] {processor.py:183} INFO - Processing /home/airflow/.local/lib/python3.12/site-packages/airflow/example_dags/tutorial_taskflow_api.py took 0.091 seconds
[2024-05-23T19:45:32.188+0000] {processor.py:161} INFO - Started process (PID=8336) to work on /home/airflow/.local/lib/python3.12/site-packages/airflow/example_dags/tutorial_taskflow_api.py
[2024-05-23T19:45:32.189+0000] {processor.py:830} INFO - Processing file /home/airflow/.local/lib/python3.12/site-packages/airflow/example_dags/tutorial_taskflow_api.py for tasks to queue
[2024-05-23T19:45:32.192+0000] {logging_mixin.py:188} INFO - [2024-05-23T19:45:32.192+0000] {dagbag.py:545} INFO - Filling up the DagBag from /home/airflow/.local/lib/python3.12/site-packages/airflow/example_dags/tutorial_taskflow_api.py
[2024-05-23T19:45:32.201+0000] {processor.py:840} INFO - DAG(s) 'tutorial_taskflow_api' retrieved from /home/airflow/.local/lib/python3.12/site-packages/airflow/example_dags/tutorial_taskflow_api.py
[2024-05-23T19:45:32.227+0000] {logging_mixin.py:188} INFO - [2024-05-23T19:45:32.227+0000] {dag.py:3096} INFO - Sync 1 DAGs
[2024-05-23T19:45:32.245+0000] {logging_mixin.py:188} INFO - [2024-05-23T19:45:32.245+0000] {dag.py:3954} INFO - Setting next_dagrun for tutorial_taskflow_api to None, run_after=None
[2024-05-23T19:45:32.268+0000] {processor.py:183} INFO - Processing /home/airflow/.local/lib/python3.12/site-packages/airflow/example_dags/tutorial_taskflow_api.py took 0.089 seconds
[2024-05-23T19:46:02.513+0000] {processor.py:161} INFO - Started process (PID=8600) to work on /home/airflow/.local/lib/python3.12/site-packages/airflow/example_dags/tutorial_taskflow_api.py
[2024-05-23T19:46:02.515+0000] {processor.py:830} INFO - Processing file /home/airflow/.local/lib/python3.12/site-packages/airflow/example_dags/tutorial_taskflow_api.py for tasks to queue
[2024-05-23T19:46:02.517+0000] {logging_mixin.py:188} INFO - [2024-05-23T19:46:02.517+0000] {dagbag.py:545} INFO - Filling up the DagBag from /home/airflow/.local/lib/python3.12/site-packages/airflow/example_dags/tutorial_taskflow_api.py
[2024-05-23T19:46:02.525+0000] {processor.py:840} INFO - DAG(s) 'tutorial_taskflow_api' retrieved from /home/airflow/.local/lib/python3.12/site-packages/airflow/example_dags/tutorial_taskflow_api.py
[2024-05-23T19:46:02.552+0000] {logging_mixin.py:188} INFO - [2024-05-23T19:46:02.552+0000] {dag.py:3096} INFO - Sync 1 DAGs
[2024-05-23T19:46:02.569+0000] {logging_mixin.py:188} INFO - [2024-05-23T19:46:02.569+0000] {dag.py:3954} INFO - Setting next_dagrun for tutorial_taskflow_api to None, run_after=None
[2024-05-23T19:46:02.593+0000] {processor.py:183} INFO - Processing /home/airflow/.local/lib/python3.12/site-packages/airflow/example_dags/tutorial_taskflow_api.py took 0.088 seconds
[2024-05-23T19:46:32.659+0000] {processor.py:161} INFO - Started process (PID=8862) to work on /home/airflow/.local/lib/python3.12/site-packages/airflow/example_dags/tutorial_taskflow_api.py
[2024-05-23T19:46:32.661+0000] {processor.py:830} INFO - Processing file /home/airflow/.local/lib/python3.12/site-packages/airflow/example_dags/tutorial_taskflow_api.py for tasks to queue
[2024-05-23T19:46:32.663+0000] {logging_mixin.py:188} INFO - [2024-05-23T19:46:32.663+0000] {dagbag.py:545} INFO - Filling up the DagBag from /home/airflow/.local/lib/python3.12/site-packages/airflow/example_dags/tutorial_taskflow_api.py
[2024-05-23T19:46:32.672+0000] {processor.py:840} INFO - DAG(s) 'tutorial_taskflow_api' retrieved from /home/airflow/.local/lib/python3.12/site-packages/airflow/example_dags/tutorial_taskflow_api.py
[2024-05-23T19:46:32.699+0000] {logging_mixin.py:188} INFO - [2024-05-23T19:46:32.698+0000] {dag.py:3096} INFO - Sync 1 DAGs
[2024-05-23T19:46:32.717+0000] {logging_mixin.py:188} INFO - [2024-05-23T19:46:32.717+0000] {dag.py:3954} INFO - Setting next_dagrun for tutorial_taskflow_api to None, run_after=None
[2024-05-23T19:46:32.742+0000] {processor.py:183} INFO - Processing /home/airflow/.local/lib/python3.12/site-packages/airflow/example_dags/tutorial_taskflow_api.py took 0.091 seconds
[2024-05-23T19:47:02.949+0000] {processor.py:161} INFO - Started process (PID=9122) to work on /home/airflow/.local/lib/python3.12/site-packages/airflow/example_dags/tutorial_taskflow_api.py
[2024-05-23T19:47:02.950+0000] {processor.py:830} INFO - Processing file /home/airflow/.local/lib/python3.12/site-packages/airflow/example_dags/tutorial_taskflow_api.py for tasks to queue
[2024-05-23T19:47:02.953+0000] {logging_mixin.py:188} INFO - [2024-05-23T19:47:02.952+0000] {dagbag.py:545} INFO - Filling up the DagBag from /home/airflow/.local/lib/python3.12/site-packages/airflow/example_dags/tutorial_taskflow_api.py
[2024-05-23T19:47:02.962+0000] {processor.py:840} INFO - DAG(s) 'tutorial_taskflow_api' retrieved from /home/airflow/.local/lib/python3.12/site-packages/airflow/example_dags/tutorial_taskflow_api.py
[2024-05-23T19:47:02.993+0000] {logging_mixin.py:188} INFO - [2024-05-23T19:47:02.992+0000] {dag.py:3096} INFO - Sync 1 DAGs
[2024-05-23T19:47:03.012+0000] {logging_mixin.py:188} INFO - [2024-05-23T19:47:03.012+0000] {dag.py:3954} INFO - Setting next_dagrun for tutorial_taskflow_api to None, run_after=None
[2024-05-23T19:47:03.036+0000] {processor.py:183} INFO - Processing /home/airflow/.local/lib/python3.12/site-packages/airflow/example_dags/tutorial_taskflow_api.py took 0.097 seconds
[2024-05-23T19:47:33.171+0000] {processor.py:161} INFO - Started process (PID=9384) to work on /home/airflow/.local/lib/python3.12/site-packages/airflow/example_dags/tutorial_taskflow_api.py
[2024-05-23T19:47:33.172+0000] {processor.py:830} INFO - Processing file /home/airflow/.local/lib/python3.12/site-packages/airflow/example_dags/tutorial_taskflow_api.py for tasks to queue
[2024-05-23T19:47:33.175+0000] {logging_mixin.py:188} INFO - [2024-05-23T19:47:33.174+0000] {dagbag.py:545} INFO - Filling up the DagBag from /home/airflow/.local/lib/python3.12/site-packages/airflow/example_dags/tutorial_taskflow_api.py
[2024-05-23T19:47:33.183+0000] {processor.py:840} INFO - DAG(s) 'tutorial_taskflow_api' retrieved from /home/airflow/.local/lib/python3.12/site-packages/airflow/example_dags/tutorial_taskflow_api.py
[2024-05-23T19:47:33.208+0000] {logging_mixin.py:188} INFO - [2024-05-23T19:47:33.207+0000] {dag.py:3096} INFO - Sync 1 DAGs
[2024-05-23T19:47:33.225+0000] {logging_mixin.py:188} INFO - [2024-05-23T19:47:33.225+0000] {dag.py:3954} INFO - Setting next_dagrun for tutorial_taskflow_api to None, run_after=None
[2024-05-23T19:47:33.249+0000] {processor.py:183} INFO - Processing /home/airflow/.local/lib/python3.12/site-packages/airflow/example_dags/tutorial_taskflow_api.py took 0.087 seconds
[2024-05-23T19:48:03.482+0000] {processor.py:161} INFO - Started process (PID=9646) to work on /home/airflow/.local/lib/python3.12/site-packages/airflow/example_dags/tutorial_taskflow_api.py
[2024-05-23T19:48:03.484+0000] {processor.py:830} INFO - Processing file /home/airflow/.local/lib/python3.12/site-packages/airflow/example_dags/tutorial_taskflow_api.py for tasks to queue
[2024-05-23T19:48:03.486+0000] {logging_mixin.py:188} INFO - [2024-05-23T19:48:03.486+0000] {dagbag.py:545} INFO - Filling up the DagBag from /home/airflow/.local/lib/python3.12/site-packages/airflow/example_dags/tutorial_taskflow_api.py
[2024-05-23T19:48:03.495+0000] {processor.py:840} INFO - DAG(s) 'tutorial_taskflow_api' retrieved from /home/airflow/.local/lib/python3.12/site-packages/airflow/example_dags/tutorial_taskflow_api.py
[2024-05-23T19:48:03.522+0000] {logging_mixin.py:188} INFO - [2024-05-23T19:48:03.522+0000] {dag.py:3096} INFO - Sync 1 DAGs
[2024-05-23T19:48:03.541+0000] {logging_mixin.py:188} INFO - [2024-05-23T19:48:03.540+0000] {dag.py:3954} INFO - Setting next_dagrun for tutorial_taskflow_api to None, run_after=None
[2024-05-23T19:48:03.568+0000] {processor.py:183} INFO - Processing /home/airflow/.local/lib/python3.12/site-packages/airflow/example_dags/tutorial_taskflow_api.py took 0.094 seconds
[2024-05-23T19:48:33.789+0000] {processor.py:161} INFO - Started process (PID=9908) to work on /home/airflow/.local/lib/python3.12/site-packages/airflow/example_dags/tutorial_taskflow_api.py
[2024-05-23T19:48:33.791+0000] {processor.py:830} INFO - Processing file /home/airflow/.local/lib/python3.12/site-packages/airflow/example_dags/tutorial_taskflow_api.py for tasks to queue
[2024-05-23T19:48:33.794+0000] {logging_mixin.py:188} INFO - [2024-05-23T19:48:33.793+0000] {dagbag.py:545} INFO - Filling up the DagBag from /home/airflow/.local/lib/python3.12/site-packages/airflow/example_dags/tutorial_taskflow_api.py
[2024-05-23T19:48:33.804+0000] {processor.py:840} INFO - DAG(s) 'tutorial_taskflow_api' retrieved from /home/airflow/.local/lib/python3.12/site-packages/airflow/example_dags/tutorial_taskflow_api.py
[2024-05-23T19:48:33.833+0000] {logging_mixin.py:188} INFO - [2024-05-23T19:48:33.833+0000] {dag.py:3096} INFO - Sync 1 DAGs
[2024-05-23T19:48:33.856+0000] {logging_mixin.py:188} INFO - [2024-05-23T19:48:33.856+0000] {dag.py:3954} INFO - Setting next_dagrun for tutorial_taskflow_api to None, run_after=None
[2024-05-23T19:48:33.883+0000] {processor.py:183} INFO - Processing /home/airflow/.local/lib/python3.12/site-packages/airflow/example_dags/tutorial_taskflow_api.py took 0.102 seconds
[2024-05-23T19:49:04.251+0000] {processor.py:161} INFO - Started process (PID=10170) to work on /home/airflow/.local/lib/python3.12/site-packages/airflow/example_dags/tutorial_taskflow_api.py
[2024-05-23T19:49:04.253+0000] {processor.py:830} INFO - Processing file /home/airflow/.local/lib/python3.12/site-packages/airflow/example_dags/tutorial_taskflow_api.py for tasks to queue
[2024-05-23T19:49:04.257+0000] {logging_mixin.py:188} INFO - [2024-05-23T19:49:04.256+0000] {dagbag.py:545} INFO - Filling up the DagBag from /home/airflow/.local/lib/python3.12/site-packages/airflow/example_dags/tutorial_taskflow_api.py
[2024-05-23T19:49:04.266+0000] {processor.py:840} INFO - DAG(s) 'tutorial_taskflow_api' retrieved from /home/airflow/.local/lib/python3.12/site-packages/airflow/example_dags/tutorial_taskflow_api.py
[2024-05-23T19:49:04.295+0000] {logging_mixin.py:188} INFO - [2024-05-23T19:49:04.295+0000] {dag.py:3096} INFO - Sync 1 DAGs
[2024-05-23T19:49:04.315+0000] {logging_mixin.py:188} INFO - [2024-05-23T19:49:04.314+0000] {dag.py:3954} INFO - Setting next_dagrun for tutorial_taskflow_api to None, run_after=None
[2024-05-23T19:49:04.340+0000] {processor.py:183} INFO - Processing /home/airflow/.local/lib/python3.12/site-packages/airflow/example_dags/tutorial_taskflow_api.py took 0.098 seconds
[2024-05-23T19:49:34.566+0000] {processor.py:161} INFO - Started process (PID=10432) to work on /home/airflow/.local/lib/python3.12/site-packages/airflow/example_dags/tutorial_taskflow_api.py
[2024-05-23T19:49:34.567+0000] {processor.py:830} INFO - Processing file /home/airflow/.local/lib/python3.12/site-packages/airflow/example_dags/tutorial_taskflow_api.py for tasks to queue
[2024-05-23T19:49:34.570+0000] {logging_mixin.py:188} INFO - [2024-05-23T19:49:34.570+0000] {dagbag.py:545} INFO - Filling up the DagBag from /home/airflow/.local/lib/python3.12/site-packages/airflow/example_dags/tutorial_taskflow_api.py
[2024-05-23T19:49:34.580+0000] {processor.py:840} INFO - DAG(s) 'tutorial_taskflow_api' retrieved from /home/airflow/.local/lib/python3.12/site-packages/airflow/example_dags/tutorial_taskflow_api.py
[2024-05-23T19:49:34.610+0000] {logging_mixin.py:188} INFO - [2024-05-23T19:49:34.609+0000] {dag.py:3096} INFO - Sync 1 DAGs
[2024-05-23T19:49:34.630+0000] {logging_mixin.py:188} INFO - [2024-05-23T19:49:34.630+0000] {dag.py:3954} INFO - Setting next_dagrun for tutorial_taskflow_api to None, run_after=None
[2024-05-23T19:49:34.658+0000] {processor.py:183} INFO - Processing /home/airflow/.local/lib/python3.12/site-packages/airflow/example_dags/tutorial_taskflow_api.py took 0.100 seconds
[2024-05-23T19:50:05.054+0000] {processor.py:161} INFO - Started process (PID=10694) to work on /home/airflow/.local/lib/python3.12/site-packages/airflow/example_dags/tutorial_taskflow_api.py
[2024-05-23T19:50:05.056+0000] {processor.py:830} INFO - Processing file /home/airflow/.local/lib/python3.12/site-packages/airflow/example_dags/tutorial_taskflow_api.py for tasks to queue
[2024-05-23T19:50:05.058+0000] {logging_mixin.py:188} INFO - [2024-05-23T19:50:05.058+0000] {dagbag.py:545} INFO - Filling up the DagBag from /home/airflow/.local/lib/python3.12/site-packages/airflow/example_dags/tutorial_taskflow_api.py
[2024-05-23T19:50:05.067+0000] {processor.py:840} INFO - DAG(s) 'tutorial_taskflow_api' retrieved from /home/airflow/.local/lib/python3.12/site-packages/airflow/example_dags/tutorial_taskflow_api.py
[2024-05-23T19:50:05.096+0000] {logging_mixin.py:188} INFO - [2024-05-23T19:50:05.096+0000] {dag.py:3096} INFO - Sync 1 DAGs
[2024-05-23T19:50:05.116+0000] {logging_mixin.py:188} INFO - [2024-05-23T19:50:05.116+0000] {dag.py:3954} INFO - Setting next_dagrun for tutorial_taskflow_api to None, run_after=None
[2024-05-23T19:50:05.141+0000] {processor.py:183} INFO - Processing /home/airflow/.local/lib/python3.12/site-packages/airflow/example_dags/tutorial_taskflow_api.py took 0.096 seconds
[2024-05-23T19:50:35.821+0000] {processor.py:161} INFO - Started process (PID=10958) to work on /home/airflow/.local/lib/python3.12/site-packages/airflow/example_dags/tutorial_taskflow_api.py
[2024-05-23T19:50:35.823+0000] {processor.py:830} INFO - Processing file /home/airflow/.local/lib/python3.12/site-packages/airflow/example_dags/tutorial_taskflow_api.py for tasks to queue
[2024-05-23T19:50:35.825+0000] {logging_mixin.py:188} INFO - [2024-05-23T19:50:35.825+0000] {dagbag.py:545} INFO - Filling up the DagBag from /home/airflow/.local/lib/python3.12/site-packages/airflow/example_dags/tutorial_taskflow_api.py
[2024-05-23T19:50:35.834+0000] {processor.py:840} INFO - DAG(s) 'tutorial_taskflow_api' retrieved from /home/airflow/.local/lib/python3.12/site-packages/airflow/example_dags/tutorial_taskflow_api.py
[2024-05-23T19:50:35.869+0000] {logging_mixin.py:188} INFO - [2024-05-23T19:50:35.868+0000] {dag.py:3096} INFO - Sync 1 DAGs
[2024-05-23T19:50:36.045+0000] {logging_mixin.py:188} INFO - [2024-05-23T19:50:36.045+0000] {dag.py:3954} INFO - Setting next_dagrun for tutorial_taskflow_api to None, run_after=None
[2024-05-23T19:50:36.070+0000] {processor.py:183} INFO - Processing /home/airflow/.local/lib/python3.12/site-packages/airflow/example_dags/tutorial_taskflow_api.py took 0.259 seconds
[2024-05-23T19:51:06.629+0000] {processor.py:161} INFO - Started process (PID=11218) to work on /home/airflow/.local/lib/python3.12/site-packages/airflow/example_dags/tutorial_taskflow_api.py
[2024-05-23T19:51:06.631+0000] {processor.py:830} INFO - Processing file /home/airflow/.local/lib/python3.12/site-packages/airflow/example_dags/tutorial_taskflow_api.py for tasks to queue
[2024-05-23T19:51:06.635+0000] {logging_mixin.py:188} INFO - [2024-05-23T19:51:06.634+0000] {dagbag.py:545} INFO - Filling up the DagBag from /home/airflow/.local/lib/python3.12/site-packages/airflow/example_dags/tutorial_taskflow_api.py
[2024-05-23T19:51:06.648+0000] {processor.py:840} INFO - DAG(s) 'tutorial_taskflow_api' retrieved from /home/airflow/.local/lib/python3.12/site-packages/airflow/example_dags/tutorial_taskflow_api.py
[2024-05-23T19:51:06.680+0000] {logging_mixin.py:188} INFO - [2024-05-23T19:51:06.680+0000] {dag.py:3096} INFO - Sync 1 DAGs
[2024-05-23T19:51:06.700+0000] {logging_mixin.py:188} INFO - [2024-05-23T19:51:06.700+0000] {dag.py:3954} INFO - Setting next_dagrun for tutorial_taskflow_api to None, run_after=None
[2024-05-23T19:51:06.729+0000] {processor.py:183} INFO - Processing /home/airflow/.local/lib/python3.12/site-packages/airflow/example_dags/tutorial_taskflow_api.py took 0.112 seconds
[2024-05-23T19:51:37.477+0000] {processor.py:161} INFO - Started process (PID=11480) to work on /home/airflow/.local/lib/python3.12/site-packages/airflow/example_dags/tutorial_taskflow_api.py
[2024-05-23T19:51:37.481+0000] {processor.py:830} INFO - Processing file /home/airflow/.local/lib/python3.12/site-packages/airflow/example_dags/tutorial_taskflow_api.py for tasks to queue
[2024-05-23T19:51:37.484+0000] {logging_mixin.py:188} INFO - [2024-05-23T19:51:37.484+0000] {dagbag.py:545} INFO - Filling up the DagBag from /home/airflow/.local/lib/python3.12/site-packages/airflow/example_dags/tutorial_taskflow_api.py
[2024-05-23T19:51:37.496+0000] {processor.py:840} INFO - DAG(s) 'tutorial_taskflow_api' retrieved from /home/airflow/.local/lib/python3.12/site-packages/airflow/example_dags/tutorial_taskflow_api.py
[2024-05-23T19:51:37.527+0000] {logging_mixin.py:188} INFO - [2024-05-23T19:51:37.526+0000] {dag.py:3096} INFO - Sync 1 DAGs
[2024-05-23T19:51:37.548+0000] {logging_mixin.py:188} INFO - [2024-05-23T19:51:37.547+0000] {dag.py:3954} INFO - Setting next_dagrun for tutorial_taskflow_api to None, run_after=None
[2024-05-23T19:51:37.575+0000] {processor.py:183} INFO - Processing /home/airflow/.local/lib/python3.12/site-packages/airflow/example_dags/tutorial_taskflow_api.py took 0.109 seconds
[2024-05-23T19:52:07.868+0000] {processor.py:161} INFO - Started process (PID=11742) to work on /home/airflow/.local/lib/python3.12/site-packages/airflow/example_dags/tutorial_taskflow_api.py
[2024-05-23T19:52:07.870+0000] {processor.py:830} INFO - Processing file /home/airflow/.local/lib/python3.12/site-packages/airflow/example_dags/tutorial_taskflow_api.py for tasks to queue
[2024-05-23T19:52:07.873+0000] {logging_mixin.py:188} INFO - [2024-05-23T19:52:07.873+0000] {dagbag.py:545} INFO - Filling up the DagBag from /home/airflow/.local/lib/python3.12/site-packages/airflow/example_dags/tutorial_taskflow_api.py
[2024-05-23T19:52:07.883+0000] {processor.py:840} INFO - DAG(s) 'tutorial_taskflow_api' retrieved from /home/airflow/.local/lib/python3.12/site-packages/airflow/example_dags/tutorial_taskflow_api.py
[2024-05-23T19:52:07.913+0000] {logging_mixin.py:188} INFO - [2024-05-23T19:52:07.913+0000] {dag.py:3096} INFO - Sync 1 DAGs
[2024-05-23T19:52:07.933+0000] {logging_mixin.py:188} INFO - [2024-05-23T19:52:07.932+0000] {dag.py:3954} INFO - Setting next_dagrun for tutorial_taskflow_api to None, run_after=None
[2024-05-23T19:52:07.960+0000] {processor.py:183} INFO - Processing /home/airflow/.local/lib/python3.12/site-packages/airflow/example_dags/tutorial_taskflow_api.py took 0.102 seconds
[2024-05-23T19:52:38.231+0000] {processor.py:161} INFO - Started process (PID=12004) to work on /home/airflow/.local/lib/python3.12/site-packages/airflow/example_dags/tutorial_taskflow_api.py
[2024-05-23T19:52:38.233+0000] {processor.py:830} INFO - Processing file /home/airflow/.local/lib/python3.12/site-packages/airflow/example_dags/tutorial_taskflow_api.py for tasks to queue
[2024-05-23T19:52:38.236+0000] {logging_mixin.py:188} INFO - [2024-05-23T19:52:38.236+0000] {dagbag.py:545} INFO - Filling up the DagBag from /home/airflow/.local/lib/python3.12/site-packages/airflow/example_dags/tutorial_taskflow_api.py
[2024-05-23T19:52:38.247+0000] {processor.py:840} INFO - DAG(s) 'tutorial_taskflow_api' retrieved from /home/airflow/.local/lib/python3.12/site-packages/airflow/example_dags/tutorial_taskflow_api.py
[2024-05-23T19:52:38.277+0000] {logging_mixin.py:188} INFO - [2024-05-23T19:52:38.277+0000] {dag.py:3096} INFO - Sync 1 DAGs
[2024-05-23T19:52:38.300+0000] {logging_mixin.py:188} INFO - [2024-05-23T19:52:38.299+0000] {dag.py:3954} INFO - Setting next_dagrun for tutorial_taskflow_api to None, run_after=None
[2024-05-23T19:52:38.331+0000] {processor.py:183} INFO - Processing /home/airflow/.local/lib/python3.12/site-packages/airflow/example_dags/tutorial_taskflow_api.py took 0.110 seconds
[2024-05-23T19:53:08.652+0000] {processor.py:161} INFO - Started process (PID=12266) to work on /home/airflow/.local/lib/python3.12/site-packages/airflow/example_dags/tutorial_taskflow_api.py
[2024-05-23T19:53:08.654+0000] {processor.py:830} INFO - Processing file /home/airflow/.local/lib/python3.12/site-packages/airflow/example_dags/tutorial_taskflow_api.py for tasks to queue
[2024-05-23T19:53:08.656+0000] {logging_mixin.py:188} INFO - [2024-05-23T19:53:08.656+0000] {dagbag.py:545} INFO - Filling up the DagBag from /home/airflow/.local/lib/python3.12/site-packages/airflow/example_dags/tutorial_taskflow_api.py
[2024-05-23T19:53:08.666+0000] {processor.py:840} INFO - DAG(s) 'tutorial_taskflow_api' retrieved from /home/airflow/.local/lib/python3.12/site-packages/airflow/example_dags/tutorial_taskflow_api.py
[2024-05-23T19:53:08.696+0000] {logging_mixin.py:188} INFO - [2024-05-23T19:53:08.696+0000] {dag.py:3096} INFO - Sync 1 DAGs
[2024-05-23T19:53:08.718+0000] {logging_mixin.py:188} INFO - [2024-05-23T19:53:08.718+0000] {dag.py:3954} INFO - Setting next_dagrun for tutorial_taskflow_api to None, run_after=None
[2024-05-23T19:53:08.747+0000] {processor.py:183} INFO - Processing /home/airflow/.local/lib/python3.12/site-packages/airflow/example_dags/tutorial_taskflow_api.py took 0.104 seconds
[2024-05-23T19:53:38.909+0000] {processor.py:161} INFO - Started process (PID=12528) to work on /home/airflow/.local/lib/python3.12/site-packages/airflow/example_dags/tutorial_taskflow_api.py
[2024-05-23T19:53:38.911+0000] {processor.py:830} INFO - Processing file /home/airflow/.local/lib/python3.12/site-packages/airflow/example_dags/tutorial_taskflow_api.py for tasks to queue
[2024-05-23T19:53:38.914+0000] {logging_mixin.py:188} INFO - [2024-05-23T19:53:38.913+0000] {dagbag.py:545} INFO - Filling up the DagBag from /home/airflow/.local/lib/python3.12/site-packages/airflow/example_dags/tutorial_taskflow_api.py
[2024-05-23T19:53:38.923+0000] {processor.py:840} INFO - DAG(s) 'tutorial_taskflow_api' retrieved from /home/airflow/.local/lib/python3.12/site-packages/airflow/example_dags/tutorial_taskflow_api.py
[2024-05-23T19:53:38.953+0000] {logging_mixin.py:188} INFO - [2024-05-23T19:53:38.952+0000] {dag.py:3096} INFO - Sync 1 DAGs
[2024-05-23T19:53:38.972+0000] {logging_mixin.py:188} INFO - [2024-05-23T19:53:38.971+0000] {dag.py:3954} INFO - Setting next_dagrun for tutorial_taskflow_api to None, run_after=None
[2024-05-23T19:53:38.999+0000] {processor.py:183} INFO - Processing /home/airflow/.local/lib/python3.12/site-packages/airflow/example_dags/tutorial_taskflow_api.py took 0.100 seconds
[2024-05-23T19:54:09.520+0000] {processor.py:161} INFO - Started process (PID=12790) to work on /home/airflow/.local/lib/python3.12/site-packages/airflow/example_dags/tutorial_taskflow_api.py
[2024-05-23T19:54:09.522+0000] {processor.py:830} INFO - Processing file /home/airflow/.local/lib/python3.12/site-packages/airflow/example_dags/tutorial_taskflow_api.py for tasks to queue
[2024-05-23T19:54:09.525+0000] {logging_mixin.py:188} INFO - [2024-05-23T19:54:09.524+0000] {dagbag.py:545} INFO - Filling up the DagBag from /home/airflow/.local/lib/python3.12/site-packages/airflow/example_dags/tutorial_taskflow_api.py
[2024-05-23T19:54:09.534+0000] {processor.py:840} INFO - DAG(s) 'tutorial_taskflow_api' retrieved from /home/airflow/.local/lib/python3.12/site-packages/airflow/example_dags/tutorial_taskflow_api.py
[2024-05-23T19:54:09.563+0000] {logging_mixin.py:188} INFO - [2024-05-23T19:54:09.563+0000] {dag.py:3096} INFO - Sync 1 DAGs
[2024-05-23T19:54:09.582+0000] {logging_mixin.py:188} INFO - [2024-05-23T19:54:09.582+0000] {dag.py:3954} INFO - Setting next_dagrun for tutorial_taskflow_api to None, run_after=None
[2024-05-23T19:54:09.611+0000] {processor.py:183} INFO - Processing /home/airflow/.local/lib/python3.12/site-packages/airflow/example_dags/tutorial_taskflow_api.py took 0.100 seconds
[2024-05-23T19:54:40.392+0000] {processor.py:161} INFO - Started process (PID=13052) to work on /home/airflow/.local/lib/python3.12/site-packages/airflow/example_dags/tutorial_taskflow_api.py
[2024-05-23T19:54:40.394+0000] {processor.py:830} INFO - Processing file /home/airflow/.local/lib/python3.12/site-packages/airflow/example_dags/tutorial_taskflow_api.py for tasks to queue
[2024-05-23T19:54:40.397+0000] {logging_mixin.py:188} INFO - [2024-05-23T19:54:40.396+0000] {dagbag.py:545} INFO - Filling up the DagBag from /home/airflow/.local/lib/python3.12/site-packages/airflow/example_dags/tutorial_taskflow_api.py
[2024-05-23T19:54:40.407+0000] {processor.py:840} INFO - DAG(s) 'tutorial_taskflow_api' retrieved from /home/airflow/.local/lib/python3.12/site-packages/airflow/example_dags/tutorial_taskflow_api.py
[2024-05-23T19:54:40.435+0000] {logging_mixin.py:188} INFO - [2024-05-23T19:54:40.435+0000] {dag.py:3096} INFO - Sync 1 DAGs
[2024-05-23T19:54:40.455+0000] {logging_mixin.py:188} INFO - [2024-05-23T19:54:40.454+0000] {dag.py:3954} INFO - Setting next_dagrun for tutorial_taskflow_api to None, run_after=None
[2024-05-23T19:54:40.481+0000] {processor.py:183} INFO - Processing /home/airflow/.local/lib/python3.12/site-packages/airflow/example_dags/tutorial_taskflow_api.py took 0.098 seconds
[2024-05-23T19:55:11.070+0000] {processor.py:161} INFO - Started process (PID=13314) to work on /home/airflow/.local/lib/python3.12/site-packages/airflow/example_dags/tutorial_taskflow_api.py
[2024-05-23T19:55:11.072+0000] {processor.py:830} INFO - Processing file /home/airflow/.local/lib/python3.12/site-packages/airflow/example_dags/tutorial_taskflow_api.py for tasks to queue
[2024-05-23T19:55:11.075+0000] {logging_mixin.py:188} INFO - [2024-05-23T19:55:11.074+0000] {dagbag.py:545} INFO - Filling up the DagBag from /home/airflow/.local/lib/python3.12/site-packages/airflow/example_dags/tutorial_taskflow_api.py
[2024-05-23T19:55:11.085+0000] {processor.py:840} INFO - DAG(s) 'tutorial_taskflow_api' retrieved from /home/airflow/.local/lib/python3.12/site-packages/airflow/example_dags/tutorial_taskflow_api.py
[2024-05-23T19:55:11.114+0000] {logging_mixin.py:188} INFO - [2024-05-23T19:55:11.114+0000] {dag.py:3096} INFO - Sync 1 DAGs
[2024-05-23T19:55:11.135+0000] {logging_mixin.py:188} INFO - [2024-05-23T19:55:11.135+0000] {dag.py:3954} INFO - Setting next_dagrun for tutorial_taskflow_api to None, run_after=None
[2024-05-23T19:55:11.163+0000] {processor.py:183} INFO - Processing /home/airflow/.local/lib/python3.12/site-packages/airflow/example_dags/tutorial_taskflow_api.py took 0.103 seconds
[2024-05-23T19:55:41.640+0000] {processor.py:161} INFO - Started process (PID=13576) to work on /home/airflow/.local/lib/python3.12/site-packages/airflow/example_dags/tutorial_taskflow_api.py
[2024-05-23T19:55:41.642+0000] {processor.py:830} INFO - Processing file /home/airflow/.local/lib/python3.12/site-packages/airflow/example_dags/tutorial_taskflow_api.py for tasks to queue
[2024-05-23T19:55:41.646+0000] {logging_mixin.py:188} INFO - [2024-05-23T19:55:41.646+0000] {dagbag.py:545} INFO - Filling up the DagBag from /home/airflow/.local/lib/python3.12/site-packages/airflow/example_dags/tutorial_taskflow_api.py
[2024-05-23T19:55:41.655+0000] {processor.py:840} INFO - DAG(s) 'tutorial_taskflow_api' retrieved from /home/airflow/.local/lib/python3.12/site-packages/airflow/example_dags/tutorial_taskflow_api.py
[2024-05-23T19:55:41.684+0000] {logging_mixin.py:188} INFO - [2024-05-23T19:55:41.684+0000] {dag.py:3096} INFO - Sync 1 DAGs
[2024-05-23T19:55:41.704+0000] {logging_mixin.py:188} INFO - [2024-05-23T19:55:41.703+0000] {dag.py:3954} INFO - Setting next_dagrun for tutorial_taskflow_api to None, run_after=None
[2024-05-23T19:55:41.731+0000] {processor.py:183} INFO - Processing /home/airflow/.local/lib/python3.12/site-packages/airflow/example_dags/tutorial_taskflow_api.py took 0.100 seconds
[2024-05-23T19:56:12.085+0000] {processor.py:161} INFO - Started process (PID=13838) to work on /home/airflow/.local/lib/python3.12/site-packages/airflow/example_dags/tutorial_taskflow_api.py
[2024-05-23T19:56:12.086+0000] {processor.py:830} INFO - Processing file /home/airflow/.local/lib/python3.12/site-packages/airflow/example_dags/tutorial_taskflow_api.py for tasks to queue
[2024-05-23T19:56:12.089+0000] {logging_mixin.py:188} INFO - [2024-05-23T19:56:12.088+0000] {dagbag.py:545} INFO - Filling up the DagBag from /home/airflow/.local/lib/python3.12/site-packages/airflow/example_dags/tutorial_taskflow_api.py
[2024-05-23T19:56:12.097+0000] {processor.py:840} INFO - DAG(s) 'tutorial_taskflow_api' retrieved from /home/airflow/.local/lib/python3.12/site-packages/airflow/example_dags/tutorial_taskflow_api.py
[2024-05-23T19:56:12.122+0000] {logging_mixin.py:188} INFO - [2024-05-23T19:56:12.122+0000] {dag.py:3096} INFO - Sync 1 DAGs
[2024-05-23T19:56:12.140+0000] {logging_mixin.py:188} INFO - [2024-05-23T19:56:12.139+0000] {dag.py:3954} INFO - Setting next_dagrun for tutorial_taskflow_api to None, run_after=None
[2024-05-23T19:56:12.163+0000] {processor.py:183} INFO - Processing /home/airflow/.local/lib/python3.12/site-packages/airflow/example_dags/tutorial_taskflow_api.py took 0.087 seconds
[2024-05-23T19:56:42.897+0000] {processor.py:161} INFO - Started process (PID=14100) to work on /home/airflow/.local/lib/python3.12/site-packages/airflow/example_dags/tutorial_taskflow_api.py
[2024-05-23T19:56:42.899+0000] {processor.py:830} INFO - Processing file /home/airflow/.local/lib/python3.12/site-packages/airflow/example_dags/tutorial_taskflow_api.py for tasks to queue
[2024-05-23T19:56:42.902+0000] {logging_mixin.py:188} INFO - [2024-05-23T19:56:42.901+0000] {dagbag.py:545} INFO - Filling up the DagBag from /home/airflow/.local/lib/python3.12/site-packages/airflow/example_dags/tutorial_taskflow_api.py
[2024-05-23T19:56:42.910+0000] {processor.py:840} INFO - DAG(s) 'tutorial_taskflow_api' retrieved from /home/airflow/.local/lib/python3.12/site-packages/airflow/example_dags/tutorial_taskflow_api.py
[2024-05-23T19:56:42.937+0000] {logging_mixin.py:188} INFO - [2024-05-23T19:56:42.936+0000] {dag.py:3096} INFO - Sync 1 DAGs
[2024-05-23T19:56:42.954+0000] {logging_mixin.py:188} INFO - [2024-05-23T19:56:42.954+0000] {dag.py:3954} INFO - Setting next_dagrun for tutorial_taskflow_api to None, run_after=None
[2024-05-23T19:56:42.977+0000] {processor.py:183} INFO - Processing /home/airflow/.local/lib/python3.12/site-packages/airflow/example_dags/tutorial_taskflow_api.py took 0.088 seconds
[2024-05-23T19:57:13.450+0000] {processor.py:161} INFO - Started process (PID=14362) to work on /home/airflow/.local/lib/python3.12/site-packages/airflow/example_dags/tutorial_taskflow_api.py
[2024-05-23T19:57:13.451+0000] {processor.py:830} INFO - Processing file /home/airflow/.local/lib/python3.12/site-packages/airflow/example_dags/tutorial_taskflow_api.py for tasks to queue
[2024-05-23T19:57:13.454+0000] {logging_mixin.py:188} INFO - [2024-05-23T19:57:13.453+0000] {dagbag.py:545} INFO - Filling up the DagBag from /home/airflow/.local/lib/python3.12/site-packages/airflow/example_dags/tutorial_taskflow_api.py
[2024-05-23T19:57:13.462+0000] {processor.py:840} INFO - DAG(s) 'tutorial_taskflow_api' retrieved from /home/airflow/.local/lib/python3.12/site-packages/airflow/example_dags/tutorial_taskflow_api.py
[2024-05-23T19:57:13.490+0000] {logging_mixin.py:188} INFO - [2024-05-23T19:57:13.489+0000] {dag.py:3096} INFO - Sync 1 DAGs
[2024-05-23T19:57:13.508+0000] {logging_mixin.py:188} INFO - [2024-05-23T19:57:13.508+0000] {dag.py:3954} INFO - Setting next_dagrun for tutorial_taskflow_api to None, run_after=None
[2024-05-23T19:57:13.530+0000] {processor.py:183} INFO - Processing /home/airflow/.local/lib/python3.12/site-packages/airflow/example_dags/tutorial_taskflow_api.py took 0.090 seconds
[2024-05-23T19:57:44.158+0000] {processor.py:161} INFO - Started process (PID=14624) to work on /home/airflow/.local/lib/python3.12/site-packages/airflow/example_dags/tutorial_taskflow_api.py
[2024-05-23T19:57:44.159+0000] {processor.py:830} INFO - Processing file /home/airflow/.local/lib/python3.12/site-packages/airflow/example_dags/tutorial_taskflow_api.py for tasks to queue
[2024-05-23T19:57:44.162+0000] {logging_mixin.py:188} INFO - [2024-05-23T19:57:44.161+0000] {dagbag.py:545} INFO - Filling up the DagBag from /home/airflow/.local/lib/python3.12/site-packages/airflow/example_dags/tutorial_taskflow_api.py
[2024-05-23T19:57:44.170+0000] {processor.py:840} INFO - DAG(s) 'tutorial_taskflow_api' retrieved from /home/airflow/.local/lib/python3.12/site-packages/airflow/example_dags/tutorial_taskflow_api.py
[2024-05-23T19:57:44.199+0000] {logging_mixin.py:188} INFO - [2024-05-23T19:57:44.198+0000] {dag.py:3096} INFO - Sync 1 DAGs
[2024-05-23T19:57:44.216+0000] {logging_mixin.py:188} INFO - [2024-05-23T19:57:44.216+0000] {dag.py:3954} INFO - Setting next_dagrun for tutorial_taskflow_api to None, run_after=None
[2024-05-23T19:57:44.242+0000] {processor.py:183} INFO - Processing /home/airflow/.local/lib/python3.12/site-packages/airflow/example_dags/tutorial_taskflow_api.py took 0.093 seconds
[2024-05-23T19:58:14.716+0000] {processor.py:161} INFO - Started process (PID=14886) to work on /home/airflow/.local/lib/python3.12/site-packages/airflow/example_dags/tutorial_taskflow_api.py
[2024-05-23T19:58:14.718+0000] {processor.py:830} INFO - Processing file /home/airflow/.local/lib/python3.12/site-packages/airflow/example_dags/tutorial_taskflow_api.py for tasks to queue
[2024-05-23T19:58:14.720+0000] {logging_mixin.py:188} INFO - [2024-05-23T19:58:14.720+0000] {dagbag.py:545} INFO - Filling up the DagBag from /home/airflow/.local/lib/python3.12/site-packages/airflow/example_dags/tutorial_taskflow_api.py
[2024-05-23T19:58:14.729+0000] {processor.py:840} INFO - DAG(s) 'tutorial_taskflow_api' retrieved from /home/airflow/.local/lib/python3.12/site-packages/airflow/example_dags/tutorial_taskflow_api.py
[2024-05-23T19:58:14.755+0000] {logging_mixin.py:188} INFO - [2024-05-23T19:58:14.754+0000] {dag.py:3096} INFO - Sync 1 DAGs
[2024-05-23T19:58:14.773+0000] {logging_mixin.py:188} INFO - [2024-05-23T19:58:14.773+0000] {dag.py:3954} INFO - Setting next_dagrun for tutorial_taskflow_api to None, run_after=None
[2024-05-23T19:58:14.797+0000] {processor.py:183} INFO - Processing /home/airflow/.local/lib/python3.12/site-packages/airflow/example_dags/tutorial_taskflow_api.py took 0.089 seconds
[2024-05-23T20:03:41.063+0000] {processor.py:161} INFO - Started process (PID=14963) to work on /home/airflow/.local/lib/python3.12/site-packages/airflow/example_dags/tutorial_taskflow_api.py
[2024-05-23T20:03:41.065+0000] {processor.py:830} INFO - Processing file /home/airflow/.local/lib/python3.12/site-packages/airflow/example_dags/tutorial_taskflow_api.py for tasks to queue
[2024-05-23T20:03:41.066+0000] {logging_mixin.py:188} INFO - [2024-05-23T20:03:41.066+0000] {dagbag.py:545} INFO - Filling up the DagBag from /home/airflow/.local/lib/python3.12/site-packages/airflow/example_dags/tutorial_taskflow_api.py
[2024-05-23T20:03:41.075+0000] {processor.py:840} INFO - DAG(s) 'tutorial_taskflow_api' retrieved from /home/airflow/.local/lib/python3.12/site-packages/airflow/example_dags/tutorial_taskflow_api.py
[2024-05-23T20:03:41.119+0000] {logging_mixin.py:188} INFO - [2024-05-23T20:03:41.119+0000] {dag.py:3096} INFO - Sync 1 DAGs
[2024-05-23T20:03:41.138+0000] {logging_mixin.py:188} INFO - [2024-05-23T20:03:41.138+0000] {dag.py:3954} INFO - Setting next_dagrun for tutorial_taskflow_api to None, run_after=None
[2024-05-23T20:03:41.169+0000] {processor.py:183} INFO - Processing /home/airflow/.local/lib/python3.12/site-packages/airflow/example_dags/tutorial_taskflow_api.py took 0.115 seconds
[2024-05-23T20:04:12.784+0000] {processor.py:161} INFO - Started process (PID=15225) to work on /home/airflow/.local/lib/python3.12/site-packages/airflow/example_dags/tutorial_taskflow_api.py
[2024-05-23T20:04:12.814+0000] {processor.py:830} INFO - Processing file /home/airflow/.local/lib/python3.12/site-packages/airflow/example_dags/tutorial_taskflow_api.py for tasks to queue
[2024-05-23T20:04:12.833+0000] {logging_mixin.py:188} INFO - [2024-05-23T20:04:12.831+0000] {dagbag.py:545} INFO - Filling up the DagBag from /home/airflow/.local/lib/python3.12/site-packages/airflow/example_dags/tutorial_taskflow_api.py
[2024-05-23T20:04:12.872+0000] {processor.py:840} INFO - DAG(s) 'tutorial_taskflow_api' retrieved from /home/airflow/.local/lib/python3.12/site-packages/airflow/example_dags/tutorial_taskflow_api.py
[2024-05-23T20:04:12.985+0000] {logging_mixin.py:188} INFO - [2024-05-23T20:04:12.984+0000] {dag.py:3096} INFO - Sync 1 DAGs
[2024-05-23T20:04:13.064+0000] {logging_mixin.py:188} INFO - [2024-05-23T20:04:13.063+0000] {dag.py:3954} INFO - Setting next_dagrun for tutorial_taskflow_api to None, run_after=None
[2024-05-23T20:04:13.153+0000] {processor.py:183} INFO - Processing /home/airflow/.local/lib/python3.12/site-packages/airflow/example_dags/tutorial_taskflow_api.py took 0.401 seconds
[2024-05-23T20:08:11.708+0000] {processor.py:161} INFO - Started process (PID=15488) to work on /home/airflow/.local/lib/python3.12/site-packages/airflow/example_dags/tutorial_taskflow_api.py
[2024-05-23T20:08:11.710+0000] {processor.py:830} INFO - Processing file /home/airflow/.local/lib/python3.12/site-packages/airflow/example_dags/tutorial_taskflow_api.py for tasks to queue
[2024-05-23T20:08:11.712+0000] {logging_mixin.py:188} INFO - [2024-05-23T20:08:11.712+0000] {dagbag.py:545} INFO - Filling up the DagBag from /home/airflow/.local/lib/python3.12/site-packages/airflow/example_dags/tutorial_taskflow_api.py
[2024-05-23T20:08:11.727+0000] {processor.py:840} INFO - DAG(s) 'tutorial_taskflow_api' retrieved from /home/airflow/.local/lib/python3.12/site-packages/airflow/example_dags/tutorial_taskflow_api.py
[2024-05-23T20:08:11.773+0000] {logging_mixin.py:188} INFO - [2024-05-23T20:08:11.772+0000] {dag.py:3096} INFO - Sync 1 DAGs
[2024-05-23T20:08:11.803+0000] {logging_mixin.py:188} INFO - [2024-05-23T20:08:11.802+0000] {dag.py:3954} INFO - Setting next_dagrun for tutorial_taskflow_api to None, run_after=None
[2024-05-23T20:08:11.831+0000] {processor.py:183} INFO - Processing /home/airflow/.local/lib/python3.12/site-packages/airflow/example_dags/tutorial_taskflow_api.py took 0.138 seconds
[2024-05-23T20:08:42.151+0000] {processor.py:161} INFO - Started process (PID=15750) to work on /home/airflow/.local/lib/python3.12/site-packages/airflow/example_dags/tutorial_taskflow_api.py
[2024-05-23T20:08:42.153+0000] {processor.py:830} INFO - Processing file /home/airflow/.local/lib/python3.12/site-packages/airflow/example_dags/tutorial_taskflow_api.py for tasks to queue
[2024-05-23T20:08:42.154+0000] {logging_mixin.py:188} INFO - [2024-05-23T20:08:42.154+0000] {dagbag.py:545} INFO - Filling up the DagBag from /home/airflow/.local/lib/python3.12/site-packages/airflow/example_dags/tutorial_taskflow_api.py
[2024-05-23T20:08:42.167+0000] {processor.py:840} INFO - DAG(s) 'tutorial_taskflow_api' retrieved from /home/airflow/.local/lib/python3.12/site-packages/airflow/example_dags/tutorial_taskflow_api.py
[2024-05-23T20:08:42.204+0000] {logging_mixin.py:188} INFO - [2024-05-23T20:08:42.204+0000] {dag.py:3096} INFO - Sync 1 DAGs
[2024-05-23T20:08:42.225+0000] {logging_mixin.py:188} INFO - [2024-05-23T20:08:42.225+0000] {dag.py:3954} INFO - Setting next_dagrun for tutorial_taskflow_api to None, run_after=None
[2024-05-23T20:08:42.251+0000] {processor.py:183} INFO - Processing /home/airflow/.local/lib/python3.12/site-packages/airflow/example_dags/tutorial_taskflow_api.py took 0.112 seconds
[2024-05-23T20:09:12.418+0000] {processor.py:161} INFO - Started process (PID=16012) to work on /home/airflow/.local/lib/python3.12/site-packages/airflow/example_dags/tutorial_taskflow_api.py
[2024-05-23T20:09:12.419+0000] {processor.py:830} INFO - Processing file /home/airflow/.local/lib/python3.12/site-packages/airflow/example_dags/tutorial_taskflow_api.py for tasks to queue
[2024-05-23T20:09:12.421+0000] {logging_mixin.py:188} INFO - [2024-05-23T20:09:12.421+0000] {dagbag.py:545} INFO - Filling up the DagBag from /home/airflow/.local/lib/python3.12/site-packages/airflow/example_dags/tutorial_taskflow_api.py
[2024-05-23T20:09:12.430+0000] {processor.py:840} INFO - DAG(s) 'tutorial_taskflow_api' retrieved from /home/airflow/.local/lib/python3.12/site-packages/airflow/example_dags/tutorial_taskflow_api.py
[2024-05-23T20:09:12.459+0000] {logging_mixin.py:188} INFO - [2024-05-23T20:09:12.459+0000] {dag.py:3096} INFO - Sync 1 DAGs
[2024-05-23T20:09:12.476+0000] {logging_mixin.py:188} INFO - [2024-05-23T20:09:12.476+0000] {dag.py:3954} INFO - Setting next_dagrun for tutorial_taskflow_api to None, run_after=None
[2024-05-23T20:09:12.502+0000] {processor.py:183} INFO - Processing /home/airflow/.local/lib/python3.12/site-packages/airflow/example_dags/tutorial_taskflow_api.py took 0.093 seconds
[2024-05-23T20:09:42.918+0000] {processor.py:161} INFO - Started process (PID=16274) to work on /home/airflow/.local/lib/python3.12/site-packages/airflow/example_dags/tutorial_taskflow_api.py
[2024-05-23T20:09:42.920+0000] {processor.py:830} INFO - Processing file /home/airflow/.local/lib/python3.12/site-packages/airflow/example_dags/tutorial_taskflow_api.py for tasks to queue
[2024-05-23T20:09:42.922+0000] {logging_mixin.py:188} INFO - [2024-05-23T20:09:42.921+0000] {dagbag.py:545} INFO - Filling up the DagBag from /home/airflow/.local/lib/python3.12/site-packages/airflow/example_dags/tutorial_taskflow_api.py
[2024-05-23T20:09:42.931+0000] {processor.py:840} INFO - DAG(s) 'tutorial_taskflow_api' retrieved from /home/airflow/.local/lib/python3.12/site-packages/airflow/example_dags/tutorial_taskflow_api.py
[2024-05-23T20:09:42.979+0000] {logging_mixin.py:188} INFO - [2024-05-23T20:09:42.979+0000] {dag.py:3096} INFO - Sync 1 DAGs
[2024-05-23T20:09:43.002+0000] {logging_mixin.py:188} INFO - [2024-05-23T20:09:43.001+0000] {dag.py:3954} INFO - Setting next_dagrun for tutorial_taskflow_api to None, run_after=None
[2024-05-23T20:09:43.041+0000] {processor.py:183} INFO - Processing /home/airflow/.local/lib/python3.12/site-packages/airflow/example_dags/tutorial_taskflow_api.py took 0.133 seconds
[2024-05-23T20:10:13.393+0000] {processor.py:161} INFO - Started process (PID=16536) to work on /home/airflow/.local/lib/python3.12/site-packages/airflow/example_dags/tutorial_taskflow_api.py
[2024-05-23T20:10:13.394+0000] {processor.py:830} INFO - Processing file /home/airflow/.local/lib/python3.12/site-packages/airflow/example_dags/tutorial_taskflow_api.py for tasks to queue
[2024-05-23T20:10:13.396+0000] {logging_mixin.py:188} INFO - [2024-05-23T20:10:13.395+0000] {dagbag.py:545} INFO - Filling up the DagBag from /home/airflow/.local/lib/python3.12/site-packages/airflow/example_dags/tutorial_taskflow_api.py
[2024-05-23T20:10:13.405+0000] {processor.py:840} INFO - DAG(s) 'tutorial_taskflow_api' retrieved from /home/airflow/.local/lib/python3.12/site-packages/airflow/example_dags/tutorial_taskflow_api.py
[2024-05-23T20:10:13.436+0000] {logging_mixin.py:188} INFO - [2024-05-23T20:10:13.435+0000] {dag.py:3096} INFO - Sync 1 DAGs
[2024-05-23T20:10:13.456+0000] {logging_mixin.py:188} INFO - [2024-05-23T20:10:13.456+0000] {dag.py:3954} INFO - Setting next_dagrun for tutorial_taskflow_api to None, run_after=None
[2024-05-23T20:10:13.482+0000] {processor.py:183} INFO - Processing /home/airflow/.local/lib/python3.12/site-packages/airflow/example_dags/tutorial_taskflow_api.py took 0.098 seconds
[2024-05-23T20:10:43.614+0000] {processor.py:161} INFO - Started process (PID=16798) to work on /home/airflow/.local/lib/python3.12/site-packages/airflow/example_dags/tutorial_taskflow_api.py
[2024-05-23T20:10:43.615+0000] {processor.py:830} INFO - Processing file /home/airflow/.local/lib/python3.12/site-packages/airflow/example_dags/tutorial_taskflow_api.py for tasks to queue
[2024-05-23T20:10:43.617+0000] {logging_mixin.py:188} INFO - [2024-05-23T20:10:43.616+0000] {dagbag.py:545} INFO - Filling up the DagBag from /home/airflow/.local/lib/python3.12/site-packages/airflow/example_dags/tutorial_taskflow_api.py
[2024-05-23T20:10:43.626+0000] {processor.py:840} INFO - DAG(s) 'tutorial_taskflow_api' retrieved from /home/airflow/.local/lib/python3.12/site-packages/airflow/example_dags/tutorial_taskflow_api.py
[2024-05-23T20:10:43.656+0000] {logging_mixin.py:188} INFO - [2024-05-23T20:10:43.656+0000] {dag.py:3096} INFO - Sync 1 DAGs
[2024-05-23T20:10:43.674+0000] {logging_mixin.py:188} INFO - [2024-05-23T20:10:43.674+0000] {dag.py:3954} INFO - Setting next_dagrun for tutorial_taskflow_api to None, run_after=None
[2024-05-23T20:10:43.700+0000] {processor.py:183} INFO - Processing /home/airflow/.local/lib/python3.12/site-packages/airflow/example_dags/tutorial_taskflow_api.py took 0.095 seconds
[2024-05-23T20:11:13.831+0000] {processor.py:161} INFO - Started process (PID=17059) to work on /home/airflow/.local/lib/python3.12/site-packages/airflow/example_dags/tutorial_taskflow_api.py
[2024-05-23T20:11:13.832+0000] {processor.py:830} INFO - Processing file /home/airflow/.local/lib/python3.12/site-packages/airflow/example_dags/tutorial_taskflow_api.py for tasks to queue
[2024-05-23T20:11:13.834+0000] {logging_mixin.py:188} INFO - [2024-05-23T20:11:13.833+0000] {dagbag.py:545} INFO - Filling up the DagBag from /home/airflow/.local/lib/python3.12/site-packages/airflow/example_dags/tutorial_taskflow_api.py
[2024-05-23T20:11:13.841+0000] {processor.py:840} INFO - DAG(s) 'tutorial_taskflow_api' retrieved from /home/airflow/.local/lib/python3.12/site-packages/airflow/example_dags/tutorial_taskflow_api.py
[2024-05-23T20:11:13.868+0000] {logging_mixin.py:188} INFO - [2024-05-23T20:11:13.868+0000] {dag.py:3096} INFO - Sync 1 DAGs
[2024-05-23T20:11:13.885+0000] {logging_mixin.py:188} INFO - [2024-05-23T20:11:13.884+0000] {dag.py:3954} INFO - Setting next_dagrun for tutorial_taskflow_api to None, run_after=None
[2024-05-23T20:11:13.909+0000] {processor.py:183} INFO - Processing /home/airflow/.local/lib/python3.12/site-packages/airflow/example_dags/tutorial_taskflow_api.py took 0.086 seconds
[2024-05-23T20:11:44.416+0000] {processor.py:161} INFO - Started process (PID=17321) to work on /home/airflow/.local/lib/python3.12/site-packages/airflow/example_dags/tutorial_taskflow_api.py
[2024-05-23T20:11:44.418+0000] {processor.py:830} INFO - Processing file /home/airflow/.local/lib/python3.12/site-packages/airflow/example_dags/tutorial_taskflow_api.py for tasks to queue
[2024-05-23T20:11:44.419+0000] {logging_mixin.py:188} INFO - [2024-05-23T20:11:44.419+0000] {dagbag.py:545} INFO - Filling up the DagBag from /home/airflow/.local/lib/python3.12/site-packages/airflow/example_dags/tutorial_taskflow_api.py
[2024-05-23T20:11:44.426+0000] {processor.py:840} INFO - DAG(s) 'tutorial_taskflow_api' retrieved from /home/airflow/.local/lib/python3.12/site-packages/airflow/example_dags/tutorial_taskflow_api.py
[2024-05-23T20:11:44.450+0000] {logging_mixin.py:188} INFO - [2024-05-23T20:11:44.449+0000] {dag.py:3096} INFO - Sync 1 DAGs
[2024-05-23T20:11:44.466+0000] {logging_mixin.py:188} INFO - [2024-05-23T20:11:44.466+0000] {dag.py:3954} INFO - Setting next_dagrun for tutorial_taskflow_api to None, run_after=None
[2024-05-23T20:11:44.489+0000] {processor.py:183} INFO - Processing /home/airflow/.local/lib/python3.12/site-packages/airflow/example_dags/tutorial_taskflow_api.py took 0.080 seconds
[2024-05-23T20:12:14.899+0000] {processor.py:161} INFO - Started process (PID=17583) to work on /home/airflow/.local/lib/python3.12/site-packages/airflow/example_dags/tutorial_taskflow_api.py
[2024-05-23T20:12:14.901+0000] {processor.py:830} INFO - Processing file /home/airflow/.local/lib/python3.12/site-packages/airflow/example_dags/tutorial_taskflow_api.py for tasks to queue
[2024-05-23T20:12:14.903+0000] {logging_mixin.py:188} INFO - [2024-05-23T20:12:14.902+0000] {dagbag.py:545} INFO - Filling up the DagBag from /home/airflow/.local/lib/python3.12/site-packages/airflow/example_dags/tutorial_taskflow_api.py
[2024-05-23T20:12:14.914+0000] {processor.py:840} INFO - DAG(s) 'tutorial_taskflow_api' retrieved from /home/airflow/.local/lib/python3.12/site-packages/airflow/example_dags/tutorial_taskflow_api.py
[2024-05-23T20:12:14.957+0000] {logging_mixin.py:188} INFO - [2024-05-23T20:12:14.956+0000] {dag.py:3096} INFO - Sync 1 DAGs
[2024-05-23T20:12:14.976+0000] {logging_mixin.py:188} INFO - [2024-05-23T20:12:14.976+0000] {dag.py:3954} INFO - Setting next_dagrun for tutorial_taskflow_api to None, run_after=None
[2024-05-23T20:12:15.003+0000] {processor.py:183} INFO - Processing /home/airflow/.local/lib/python3.12/site-packages/airflow/example_dags/tutorial_taskflow_api.py took 0.115 seconds
[2024-05-23T20:12:45.226+0000] {processor.py:161} INFO - Started process (PID=17845) to work on /home/airflow/.local/lib/python3.12/site-packages/airflow/example_dags/tutorial_taskflow_api.py
[2024-05-23T20:12:45.228+0000] {processor.py:830} INFO - Processing file /home/airflow/.local/lib/python3.12/site-packages/airflow/example_dags/tutorial_taskflow_api.py for tasks to queue
[2024-05-23T20:12:45.230+0000] {logging_mixin.py:188} INFO - [2024-05-23T20:12:45.229+0000] {dagbag.py:545} INFO - Filling up the DagBag from /home/airflow/.local/lib/python3.12/site-packages/airflow/example_dags/tutorial_taskflow_api.py
[2024-05-23T20:12:45.240+0000] {processor.py:840} INFO - DAG(s) 'tutorial_taskflow_api' retrieved from /home/airflow/.local/lib/python3.12/site-packages/airflow/example_dags/tutorial_taskflow_api.py
[2024-05-23T20:12:45.301+0000] {logging_mixin.py:188} INFO - [2024-05-23T20:12:45.301+0000] {dag.py:3096} INFO - Sync 1 DAGs
[2024-05-23T20:12:45.332+0000] {logging_mixin.py:188} INFO - [2024-05-23T20:12:45.331+0000] {dag.py:3954} INFO - Setting next_dagrun for tutorial_taskflow_api to None, run_after=None
[2024-05-23T20:12:45.384+0000] {processor.py:183} INFO - Processing /home/airflow/.local/lib/python3.12/site-packages/airflow/example_dags/tutorial_taskflow_api.py took 0.168 seconds
[2024-05-23T20:13:15.577+0000] {processor.py:161} INFO - Started process (PID=18107) to work on /home/airflow/.local/lib/python3.12/site-packages/airflow/example_dags/tutorial_taskflow_api.py
[2024-05-23T20:13:15.579+0000] {processor.py:830} INFO - Processing file /home/airflow/.local/lib/python3.12/site-packages/airflow/example_dags/tutorial_taskflow_api.py for tasks to queue
[2024-05-23T20:13:15.580+0000] {logging_mixin.py:188} INFO - [2024-05-23T20:13:15.580+0000] {dagbag.py:545} INFO - Filling up the DagBag from /home/airflow/.local/lib/python3.12/site-packages/airflow/example_dags/tutorial_taskflow_api.py
[2024-05-23T20:13:15.594+0000] {processor.py:840} INFO - DAG(s) 'tutorial_taskflow_api' retrieved from /home/airflow/.local/lib/python3.12/site-packages/airflow/example_dags/tutorial_taskflow_api.py
[2024-05-23T20:13:15.628+0000] {logging_mixin.py:188} INFO - [2024-05-23T20:13:15.628+0000] {dag.py:3096} INFO - Sync 1 DAGs
[2024-05-23T20:13:15.647+0000] {logging_mixin.py:188} INFO - [2024-05-23T20:13:15.646+0000] {dag.py:3954} INFO - Setting next_dagrun for tutorial_taskflow_api to None, run_after=None
[2024-05-23T20:13:15.675+0000] {processor.py:183} INFO - Processing /home/airflow/.local/lib/python3.12/site-packages/airflow/example_dags/tutorial_taskflow_api.py took 0.106 seconds
