[2024-05-23T19:34:55.519+0000] {local_task_job_runner.py:120} INFO - ::group::Pre task execution logs
[2024-05-23T19:34:55.569+0000] {taskinstance.py:2076} INFO - Dependencies all met for dep_context=non-requeueable deps ti=<TaskInstance: example_bash_operator.this_will_skip scheduled__2024-05-22T00:00:00+00:00 [queued]>
[2024-05-23T19:34:55.581+0000] {taskinstance.py:2076} INFO - Dependencies all met for dep_context=requeueable deps ti=<TaskInstance: example_bash_operator.this_will_skip scheduled__2024-05-22T00:00:00+00:00 [queued]>
[2024-05-23T19:34:55.583+0000] {taskinstance.py:2306} INFO - Starting attempt 1 of 1
[2024-05-23T19:34:55.611+0000] {taskinstance.py:2330} INFO - Executing <Task(BashOperator): this_will_skip> on 2024-05-22 00:00:00+00:00
[2024-05-23T19:34:55.633+0000] {standard_task_runner.py:90} INFO - Running: ['***', 'tasks', 'run', 'example_bash_operator', 'this_will_skip', 'scheduled__2024-05-22T00:00:00+00:00', '--job-id', '6', '--raw', '--subdir', '/home/***/.local/lib/python3.12/site-packages/***/example_dags/example_bash_operator.py', '--cfg-path', '/tmp/tmp409iy_rq']
[2024-05-23T19:34:55.650+0000] {standard_task_runner.py:91} INFO - Job 6: Subtask this_will_skip
[2024-05-23T19:34:55.650+0000] {logging_mixin.py:188} WARNING - /home/***/.local/lib/python3.12/site-packages/***/task/task_runner/standard_task_runner.py:61 DeprecationWarning: This process (pid=2826) is multi-threaded, use of fork() may lead to deadlocks in the child.
[2024-05-23T19:34:55.652+0000] {standard_task_runner.py:63} INFO - Started process 2876 to run task
[2024-05-23T19:34:55.833+0000] {task_command.py:426} INFO - Running <TaskInstance: example_bash_operator.this_will_skip scheduled__2024-05-22T00:00:00+00:00 [running]> on host 6cc58c71d48e
[2024-05-23T19:34:56.004+0000] {taskinstance.py:2648} INFO - Exporting env vars: AIRFLOW_CTX_DAG_OWNER='***' AIRFLOW_CTX_DAG_ID='example_bash_operator' AIRFLOW_CTX_TASK_ID='this_will_skip' AIRFLOW_CTX_EXECUTION_DATE='2024-05-22T00:00:00+00:00' AIRFLOW_CTX_TRY_NUMBER='1' AIRFLOW_CTX_DAG_RUN_ID='scheduled__2024-05-22T00:00:00+00:00'
[2024-05-23T19:34:56.010+0000] {taskinstance.py:430} INFO - ::endgroup::
[2024-05-23T19:34:56.012+0000] {subprocess.py:63} INFO - Tmp dir root location: /tmp
[2024-05-23T19:34:56.014+0000] {subprocess.py:75} INFO - Running command: ['/usr/bin/bash', '-c', 'echo "hello world"; exit 99;']
[2024-05-23T19:34:56.029+0000] {subprocess.py:86} INFO - Output:
[2024-05-23T19:34:56.032+0000] {subprocess.py:93} INFO - hello world
[2024-05-23T19:34:56.034+0000] {subprocess.py:97} INFO - Command exited with return code 99
[2024-05-23T19:34:56.035+0000] {taskinstance.py:441} INFO - ::group::Post task execution logs
[2024-05-23T19:34:56.036+0000] {taskinstance.py:2506} INFO - Bash command returned exit code 99. Skipping.
[2024-05-23T19:34:56.052+0000] {taskinstance.py:1206} INFO - Marking task as SKIPPED. dag_id=example_bash_operator, task_id=this_will_skip, run_id=scheduled__2024-05-22T00:00:00+00:00, execution_date=20240522T000000, start_date=20240523T193455, end_date=20240523T193456
[2024-05-23T19:34:56.086+0000] {local_task_job_runner.py:240} INFO - Task exited with return code 0
[2024-05-23T19:34:56.122+0000] {taskinstance.py:3498} INFO - 0 downstream tasks scheduled from follow-on schedule check
[2024-05-23T19:34:56.128+0000] {local_task_job_runner.py:222} INFO - ::endgroup::
