[2024-05-23T22:39:28.117+0000] {local_task_job_runner.py:120} INFO - ::group::Pre task execution logs
[2024-05-23T22:39:28.164+0000] {taskinstance.py:2076} INFO - Dependencies all met for dep_context=non-requeueable deps ti=<TaskInstance: our_first_dag.first_task manual__2024-05-23T22:34:33.966555+00:00 [queued]>
[2024-05-23T22:39:28.176+0000] {taskinstance.py:2076} INFO - Dependencies all met for dep_context=requeueable deps ti=<TaskInstance: our_first_dag.first_task manual__2024-05-23T22:34:33.966555+00:00 [queued]>
[2024-05-23T22:39:28.177+0000] {taskinstance.py:2306} INFO - Starting attempt 3 of 6
[2024-05-23T22:39:28.196+0000] {taskinstance.py:2330} INFO - Executing <Task(BashOperator): first_task> on 2024-05-23 22:34:33.966555+00:00
[2024-05-23T22:39:28.204+0000] {standard_task_runner.py:90} INFO - Running: ['***', 'tasks', 'run', 'our_first_dag', 'first_task', 'manual__2024-05-23T22:34:33.966555+00:00', '--job-id', '5', '--raw', '--subdir', 'DAGS_FOLDER/our_first_dag.py', '--cfg-path', '/tmp/tmpik9omd8r']
[2024-05-23T22:39:28.207+0000] {standard_task_runner.py:91} INFO - Job 5: Subtask first_task
[2024-05-23T22:39:28.209+0000] {logging_mixin.py:188} WARNING - /home/***/.local/lib/python3.12/site-packages/***/task/task_runner/standard_task_runner.py:61 DeprecationWarning: This process (pid=3166) is multi-threaded, use of fork() may lead to deadlocks in the child.
[2024-05-23T22:39:28.211+0000] {standard_task_runner.py:63} INFO - Started process 3167 to run task
[2024-05-23T22:39:28.272+0000] {task_command.py:426} INFO - Running <TaskInstance: our_first_dag.first_task manual__2024-05-23T22:34:33.966555+00:00 [running]> on host f2da7c0581b5
[2024-05-23T22:39:28.388+0000] {taskinstance.py:2648} INFO - Exporting env vars: AIRFLOW_CTX_DAG_OWNER='coder2j' AIRFLOW_CTX_DAG_ID='our_first_dag' AIRFLOW_CTX_TASK_ID='first_task' AIRFLOW_CTX_EXECUTION_DATE='2024-05-23T22:34:33.966555+00:00' AIRFLOW_CTX_TRY_NUMBER='3' AIRFLOW_CTX_DAG_RUN_ID='manual__2024-05-23T22:34:33.966555+00:00'
[2024-05-23T22:39:28.390+0000] {taskinstance.py:430} INFO - ::endgroup::
[2024-05-23T22:39:28.412+0000] {subprocess.py:63} INFO - Tmp dir root location: /tmp
[2024-05-23T22:39:28.413+0000] {subprocess.py:75} INFO - Running command: ['/usr/bin/bash', '-c', "echo 'Hey, this is the first task'"]
[2024-05-23T22:39:28.422+0000] {subprocess.py:86} INFO - Output:
[2024-05-23T22:39:28.424+0000] {subprocess.py:93} INFO - Hey, this is the first task
[2024-05-23T22:39:28.425+0000] {subprocess.py:97} INFO - Command exited with return code 0
[2024-05-23T22:39:28.426+0000] {taskinstance.py:441} INFO - ::group::Post task execution logs
[2024-05-23T22:39:28.458+0000] {taskinstance.py:1206} INFO - Marking task as SUCCESS. dag_id=our_first_dag, task_id=first_task, run_id=manual__2024-05-23T22:34:33.966555+00:00, execution_date=20240523T223433, start_date=20240523T223928, end_date=20240523T223928
[2024-05-23T22:39:28.517+0000] {local_task_job_runner.py:240} INFO - Task exited with return code 0
[2024-05-23T22:39:28.540+0000] {taskinstance.py:3498} INFO - 0 downstream tasks scheduled from follow-on schedule check
[2024-05-23T22:39:28.542+0000] {local_task_job_runner.py:222} INFO - ::endgroup::
