[2024-05-23T22:41:32.711+0000] {local_task_job_runner.py:120} INFO - ::group::Pre task execution logs
[2024-05-23T22:41:32.759+0000] {taskinstance.py:2076} INFO - Dependencies all met for dep_context=non-requeueable deps ti=<TaskInstance: our_first_dag.first_task manual__2024-05-23T22:41:32.170563+00:00 [queued]>
[2024-05-23T22:41:32.772+0000] {taskinstance.py:2076} INFO - Dependencies all met for dep_context=requeueable deps ti=<TaskInstance: our_first_dag.first_task manual__2024-05-23T22:41:32.170563+00:00 [queued]>
[2024-05-23T22:41:32.773+0000] {taskinstance.py:2306} INFO - Starting attempt 1 of 6
[2024-05-23T22:41:32.794+0000] {taskinstance.py:2330} INFO - Executing <Task(BashOperator): first_task> on 2024-05-23 22:41:32.170563+00:00
[2024-05-23T22:41:32.802+0000] {standard_task_runner.py:90} INFO - Running: ['***', 'tasks', 'run', 'our_first_dag', 'first_task', 'manual__2024-05-23T22:41:32.170563+00:00', '--job-id', '6', '--raw', '--subdir', 'DAGS_FOLDER/our_first_dag.py', '--cfg-path', '/tmp/tmp1_2z3wt0']
[2024-05-23T22:41:32.806+0000] {standard_task_runner.py:91} INFO - Job 6: Subtask first_task
[2024-05-23T22:41:32.808+0000] {logging_mixin.py:188} WARNING - /home/***/.local/lib/python3.12/site-packages/***/task/task_runner/standard_task_runner.py:61 DeprecationWarning: This process (pid=3217) is multi-threaded, use of fork() may lead to deadlocks in the child.
[2024-05-23T22:41:32.809+0000] {standard_task_runner.py:63} INFO - Started process 3218 to run task
[2024-05-23T22:41:32.871+0000] {task_command.py:426} INFO - Running <TaskInstance: our_first_dag.first_task manual__2024-05-23T22:41:32.170563+00:00 [running]> on host f2da7c0581b5
[2024-05-23T22:41:33.027+0000] {taskinstance.py:2648} INFO - Exporting env vars: AIRFLOW_CTX_DAG_OWNER='coder2j' AIRFLOW_CTX_DAG_ID='our_first_dag' AIRFLOW_CTX_TASK_ID='first_task' AIRFLOW_CTX_EXECUTION_DATE='2024-05-23T22:41:32.170563+00:00' AIRFLOW_CTX_TRY_NUMBER='1' AIRFLOW_CTX_DAG_RUN_ID='manual__2024-05-23T22:41:32.170563+00:00'
[2024-05-23T22:41:33.029+0000] {taskinstance.py:430} INFO - ::endgroup::
[2024-05-23T22:41:33.064+0000] {subprocess.py:63} INFO - Tmp dir root location: /tmp
[2024-05-23T22:41:33.066+0000] {subprocess.py:75} INFO - Running command: ['/usr/bin/bash', '-c', "echo 'Hey, this is the first task'"]
[2024-05-23T22:41:33.076+0000] {subprocess.py:86} INFO - Output:
[2024-05-23T22:41:33.081+0000] {subprocess.py:93} INFO - Hey, this is the first task
[2024-05-23T22:41:33.082+0000] {subprocess.py:97} INFO - Command exited with return code 0
[2024-05-23T22:41:33.083+0000] {taskinstance.py:441} INFO - ::group::Post task execution logs
[2024-05-23T22:41:33.116+0000] {taskinstance.py:1206} INFO - Marking task as SUCCESS. dag_id=our_first_dag, task_id=first_task, run_id=manual__2024-05-23T22:41:32.170563+00:00, execution_date=20240523T224132, start_date=20240523T224132, end_date=20240523T224133
[2024-05-23T22:41:33.157+0000] {local_task_job_runner.py:240} INFO - Task exited with return code 0
[2024-05-23T22:41:33.180+0000] {taskinstance.py:3498} INFO - 0 downstream tasks scheduled from follow-on schedule check
[2024-05-23T22:41:33.185+0000] {local_task_job_runner.py:222} INFO - ::endgroup::
