[2024-05-23T19:34:55.488+0000] {local_task_job_runner.py:120} INFO - ::group::Pre task execution logs
[2024-05-23T19:34:55.540+0000] {taskinstance.py:2076} INFO - Dependencies all met for dep_context=non-requeueable deps ti=<TaskInstance: example_bash_operator.runme_2 scheduled__2024-05-22T00:00:00+00:00 [queued]>
[2024-05-23T19:34:55.554+0000] {taskinstance.py:2076} INFO - Dependencies all met for dep_context=requeueable deps ti=<TaskInstance: example_bash_operator.runme_2 scheduled__2024-05-22T00:00:00+00:00 [queued]>
[2024-05-23T19:34:55.558+0000] {taskinstance.py:2306} INFO - Starting attempt 1 of 1
[2024-05-23T19:34:55.577+0000] {taskinstance.py:2330} INFO - Executing <Task(BashOperator): runme_2> on 2024-05-22 00:00:00+00:00
[2024-05-23T19:34:55.593+0000] {standard_task_runner.py:90} INFO - Running: ['***', 'tasks', 'run', 'example_bash_operator', 'runme_2', 'scheduled__2024-05-22T00:00:00+00:00', '--job-id', '4', '--raw', '--subdir', '/home/***/.local/lib/python3.12/site-packages/***/example_dags/example_bash_operator.py', '--cfg-path', '/tmp/tmp847h11jb']
[2024-05-23T19:34:55.605+0000] {logging_mixin.py:188} WARNING - /home/***/.local/lib/python3.12/site-packages/***/task/task_runner/standard_task_runner.py:61 DeprecationWarning: This process (pid=2824) is multi-threaded, use of fork() may lead to deadlocks in the child.
[2024-05-23T19:34:55.609+0000] {standard_task_runner.py:91} INFO - Job 4: Subtask runme_2
[2024-05-23T19:34:55.610+0000] {standard_task_runner.py:63} INFO - Started process 2873 to run task
[2024-05-23T19:34:55.808+0000] {task_command.py:426} INFO - Running <TaskInstance: example_bash_operator.runme_2 scheduled__2024-05-22T00:00:00+00:00 [running]> on host 6cc58c71d48e
[2024-05-23T19:34:55.981+0000] {taskinstance.py:2648} INFO - Exporting env vars: AIRFLOW_CTX_DAG_OWNER='***' AIRFLOW_CTX_DAG_ID='example_bash_operator' AIRFLOW_CTX_TASK_ID='runme_2' AIRFLOW_CTX_EXECUTION_DATE='2024-05-22T00:00:00+00:00' AIRFLOW_CTX_TRY_NUMBER='1' AIRFLOW_CTX_DAG_RUN_ID='scheduled__2024-05-22T00:00:00+00:00'
[2024-05-23T19:34:55.986+0000] {taskinstance.py:430} INFO - ::endgroup::
[2024-05-23T19:34:55.989+0000] {subprocess.py:63} INFO - Tmp dir root location: /tmp
[2024-05-23T19:34:55.992+0000] {subprocess.py:75} INFO - Running command: ['/usr/bin/bash', '-c', 'echo "example_bash_operator__runme_2__20240522" && sleep 1']
[2024-05-23T19:34:56.009+0000] {subprocess.py:86} INFO - Output:
[2024-05-23T19:34:56.013+0000] {subprocess.py:93} INFO - example_bash_operator__runme_2__20240522
[2024-05-23T19:34:57.018+0000] {subprocess.py:97} INFO - Command exited with return code 0
[2024-05-23T19:34:57.019+0000] {taskinstance.py:441} INFO - ::group::Post task execution logs
[2024-05-23T19:34:57.053+0000] {taskinstance.py:1206} INFO - Marking task as SUCCESS. dag_id=example_bash_operator, task_id=runme_2, run_id=scheduled__2024-05-22T00:00:00+00:00, execution_date=20240522T000000, start_date=20240523T193455, end_date=20240523T193457
[2024-05-23T19:34:57.111+0000] {local_task_job_runner.py:240} INFO - Task exited with return code 0
[2024-05-23T19:34:57.126+0000] {local_task_job_runner.py:222} INFO - ::endgroup::
