[2024-05-23T19:34:55.505+0000] {local_task_job_runner.py:120} INFO - ::group::Pre task execution logs
[2024-05-23T19:34:55.564+0000] {taskinstance.py:2076} INFO - Dependencies all met for dep_context=non-requeueable deps ti=<TaskInstance: example_bash_operator.runme_1 scheduled__2024-05-22T00:00:00+00:00 [queued]>
[2024-05-23T19:34:55.578+0000] {taskinstance.py:2076} INFO - Dependencies all met for dep_context=requeueable deps ti=<TaskInstance: example_bash_operator.runme_1 scheduled__2024-05-22T00:00:00+00:00 [queued]>
[2024-05-23T19:34:55.581+0000] {taskinstance.py:2306} INFO - Starting attempt 1 of 1
[2024-05-23T19:34:55.610+0000] {taskinstance.py:2330} INFO - Executing <Task(BashOperator): runme_1> on 2024-05-22 00:00:00+00:00
[2024-05-23T19:34:55.632+0000] {logging_mixin.py:188} WARNING - /home/***/.local/lib/python3.12/site-packages/***/task/task_runner/standard_task_runner.py:61 DeprecationWarning: This process (pid=2823) is multi-threaded, use of fork() may lead to deadlocks in the child.
[2024-05-23T19:34:55.623+0000] {standard_task_runner.py:90} INFO - Running: ['***', 'tasks', 'run', 'example_bash_operator', 'runme_1', 'scheduled__2024-05-22T00:00:00+00:00', '--job-id', '5', '--raw', '--subdir', '/home/***/.local/lib/python3.12/site-packages/***/example_dags/example_bash_operator.py', '--cfg-path', '/tmp/tmpif25fymu']
[2024-05-23T19:34:55.636+0000] {standard_task_runner.py:63} INFO - Started process 2875 to run task
[2024-05-23T19:34:55.638+0000] {standard_task_runner.py:91} INFO - Job 5: Subtask runme_1
[2024-05-23T19:34:55.823+0000] {task_command.py:426} INFO - Running <TaskInstance: example_bash_operator.runme_1 scheduled__2024-05-22T00:00:00+00:00 [running]> on host 6cc58c71d48e
[2024-05-23T19:34:55.998+0000] {taskinstance.py:2648} INFO - Exporting env vars: AIRFLOW_CTX_DAG_OWNER='***' AIRFLOW_CTX_DAG_ID='example_bash_operator' AIRFLOW_CTX_TASK_ID='runme_1' AIRFLOW_CTX_EXECUTION_DATE='2024-05-22T00:00:00+00:00' AIRFLOW_CTX_TRY_NUMBER='1' AIRFLOW_CTX_DAG_RUN_ID='scheduled__2024-05-22T00:00:00+00:00'
[2024-05-23T19:34:56.002+0000] {taskinstance.py:430} INFO - ::endgroup::
[2024-05-23T19:34:56.004+0000] {subprocess.py:63} INFO - Tmp dir root location: /tmp
[2024-05-23T19:34:56.006+0000] {subprocess.py:75} INFO - Running command: ['/usr/bin/bash', '-c', 'echo "example_bash_operator__runme_1__20240522" && sleep 1']
[2024-05-23T19:34:56.022+0000] {subprocess.py:86} INFO - Output:
[2024-05-23T19:34:56.026+0000] {subprocess.py:93} INFO - example_bash_operator__runme_1__20240522
[2024-05-23T19:34:57.029+0000] {subprocess.py:97} INFO - Command exited with return code 0
[2024-05-23T19:34:57.030+0000] {taskinstance.py:441} INFO - ::group::Post task execution logs
[2024-05-23T19:34:57.068+0000] {taskinstance.py:1206} INFO - Marking task as SUCCESS. dag_id=example_bash_operator, task_id=runme_1, run_id=scheduled__2024-05-22T00:00:00+00:00, execution_date=20240522T000000, start_date=20240523T193455, end_date=20240523T193457
[2024-05-23T19:34:57.097+0000] {local_task_job_runner.py:240} INFO - Task exited with return code 0
[2024-05-23T19:34:57.130+0000] {taskinstance.py:3498} INFO - 1 downstream tasks scheduled from follow-on schedule check
[2024-05-23T19:34:57.133+0000] {local_task_job_runner.py:222} INFO - ::endgroup::
