[2024-05-23T22:47:02.100+0000] {local_task_job_runner.py:120} INFO - ::group::Pre task execution logs
[2024-05-23T22:47:02.152+0000] {taskinstance.py:2076} INFO - Dependencies all met for dep_context=non-requeueable deps ti=<TaskInstance: our_first_dag.first_task manual__2024-05-23T22:47:01.029917+00:00 [queued]>
[2024-05-23T22:47:02.166+0000] {taskinstance.py:2076} INFO - Dependencies all met for dep_context=requeueable deps ti=<TaskInstance: our_first_dag.first_task manual__2024-05-23T22:47:01.029917+00:00 [queued]>
[2024-05-23T22:47:02.167+0000] {taskinstance.py:2306} INFO - Starting attempt 1 of 6
[2024-05-23T22:47:02.187+0000] {taskinstance.py:2330} INFO - Executing <Task(BashOperator): first_task> on 2024-05-23 22:47:01.029917+00:00
[2024-05-23T22:47:02.195+0000] {standard_task_runner.py:90} INFO - Running: ['***', 'tasks', 'run', 'our_first_dag', 'first_task', 'manual__2024-05-23T22:47:01.029917+00:00', '--job-id', '7', '--raw', '--subdir', 'DAGS_FOLDER/our_first_dag.py', '--cfg-path', '/tmp/tmp5h9vknq_']
[2024-05-23T22:47:02.198+0000] {standard_task_runner.py:91} INFO - Job 7: Subtask first_task
[2024-05-23T22:47:02.200+0000] {logging_mixin.py:188} WARNING - /home/***/.local/lib/python3.12/site-packages/***/task/task_runner/standard_task_runner.py:61 DeprecationWarning: This process (pid=3341) is multi-threaded, use of fork() may lead to deadlocks in the child.
[2024-05-23T22:47:02.201+0000] {standard_task_runner.py:63} INFO - Started process 3342 to run task
[2024-05-23T22:47:02.262+0000] {task_command.py:426} INFO - Running <TaskInstance: our_first_dag.first_task manual__2024-05-23T22:47:01.029917+00:00 [running]> on host f2da7c0581b5
[2024-05-23T22:47:02.381+0000] {taskinstance.py:2648} INFO - Exporting env vars: AIRFLOW_CTX_DAG_OWNER='coder2j' AIRFLOW_CTX_DAG_ID='our_first_dag' AIRFLOW_CTX_TASK_ID='first_task' AIRFLOW_CTX_EXECUTION_DATE='2024-05-23T22:47:01.029917+00:00' AIRFLOW_CTX_TRY_NUMBER='1' AIRFLOW_CTX_DAG_RUN_ID='manual__2024-05-23T22:47:01.029917+00:00'
[2024-05-23T22:47:02.382+0000] {taskinstance.py:430} INFO - ::endgroup::
[2024-05-23T22:47:02.404+0000] {subprocess.py:63} INFO - Tmp dir root location: /tmp
[2024-05-23T22:47:02.405+0000] {subprocess.py:75} INFO - Running command: ['/usr/bin/bash', '-c', "echo 'Hey, this is the first task'"]
[2024-05-23T22:47:02.417+0000] {subprocess.py:86} INFO - Output:
[2024-05-23T22:47:02.421+0000] {subprocess.py:93} INFO - Hey, this is the first task
[2024-05-23T22:47:02.423+0000] {subprocess.py:97} INFO - Command exited with return code 0
[2024-05-23T22:47:02.424+0000] {taskinstance.py:441} INFO - ::group::Post task execution logs
[2024-05-23T22:47:02.461+0000] {taskinstance.py:1206} INFO - Marking task as SUCCESS. dag_id=our_first_dag, task_id=first_task, run_id=manual__2024-05-23T22:47:01.029917+00:00, execution_date=20240523T224701, start_date=20240523T224702, end_date=20240523T224702
[2024-05-23T22:47:02.508+0000] {local_task_job_runner.py:240} INFO - Task exited with return code 0
[2024-05-23T22:47:02.533+0000] {taskinstance.py:3498} INFO - 0 downstream tasks scheduled from follow-on schedule check
[2024-05-23T22:47:02.535+0000] {local_task_job_runner.py:222} INFO - ::endgroup::
