[2024-05-24T13:26:23.774+0000] {processor.py:161} INFO - Started process (PID=5515) to work on /opt/airflow/dags/dag_with_taskflow_api.py
[2024-05-24T13:26:23.776+0000] {processor.py:830} INFO - Processing file /opt/airflow/dags/dag_with_taskflow_api.py for tasks to queue
[2024-05-24T13:26:23.778+0000] {logging_mixin.py:188} INFO - [2024-05-24T13:26:23.777+0000] {dagbag.py:545} INFO - Filling up the DagBag from /opt/airflow/dags/dag_with_taskflow_api.py
[2024-05-24T13:26:23.792+0000] {processor.py:840} INFO - DAG(s) 'dag_with_taskflow_api_v02' retrieved from /opt/airflow/dags/dag_with_taskflow_api.py
[2024-05-24T13:26:23.973+0000] {logging_mixin.py:188} INFO - [2024-05-24T13:26:23.971+0000] {override.py:1829} INFO - Created Permission View: can read on DAG:dag_with_taskflow_api_v02
[2024-05-24T13:26:23.987+0000] {logging_mixin.py:188} INFO - [2024-05-24T13:26:23.986+0000] {override.py:1829} INFO - Created Permission View: can edit on DAG:dag_with_taskflow_api_v02
[2024-05-24T13:26:23.995+0000] {logging_mixin.py:188} INFO - [2024-05-24T13:26:23.995+0000] {override.py:1829} INFO - Created Permission View: can delete on DAG:dag_with_taskflow_api_v02
[2024-05-24T13:26:23.996+0000] {logging_mixin.py:188} INFO - [2024-05-24T13:26:23.996+0000] {dag.py:3096} INFO - Sync 1 DAGs
[2024-05-24T13:26:24.012+0000] {logging_mixin.py:188} INFO - [2024-05-24T13:26:24.012+0000] {dag.py:3118} INFO - Creating ORM DAG for dag_with_taskflow_api_v02
[2024-05-24T13:26:24.025+0000] {logging_mixin.py:188} INFO - [2024-05-24T13:26:24.025+0000] {dag.py:3954} INFO - Setting next_dagrun for dag_with_taskflow_api_v02 to 2021-10-26 00:00:00+00:00, run_after=2021-10-27 00:00:00+00:00
[2024-05-24T13:26:24.048+0000] {processor.py:183} INFO - Processing /opt/airflow/dags/dag_with_taskflow_api.py took 0.282 seconds
[2024-05-24T13:26:54.130+0000] {processor.py:161} INFO - Started process (PID=5535) to work on /opt/airflow/dags/dag_with_taskflow_api.py
[2024-05-24T13:26:54.131+0000] {processor.py:830} INFO - Processing file /opt/airflow/dags/dag_with_taskflow_api.py for tasks to queue
[2024-05-24T13:26:54.133+0000] {logging_mixin.py:188} INFO - [2024-05-24T13:26:54.132+0000] {dagbag.py:545} INFO - Filling up the DagBag from /opt/airflow/dags/dag_with_taskflow_api.py
[2024-05-24T13:26:54.145+0000] {processor.py:840} INFO - DAG(s) 'dag_with_taskflow_api_v02' retrieved from /opt/airflow/dags/dag_with_taskflow_api.py
[2024-05-24T13:26:54.185+0000] {logging_mixin.py:188} INFO - [2024-05-24T13:26:54.185+0000] {dag.py:3096} INFO - Sync 1 DAGs
[2024-05-24T13:26:54.214+0000] {logging_mixin.py:188} INFO - [2024-05-24T13:26:54.214+0000] {dag.py:3954} INFO - Setting next_dagrun for dag_with_taskflow_api_v02 to 2021-10-26 00:00:00+00:00, run_after=2021-10-27 00:00:00+00:00
[2024-05-24T13:26:54.239+0000] {processor.py:183} INFO - Processing /opt/airflow/dags/dag_with_taskflow_api.py took 0.118 seconds
[2024-05-24T13:27:24.499+0000] {processor.py:161} INFO - Started process (PID=5556) to work on /opt/airflow/dags/dag_with_taskflow_api.py
[2024-05-24T13:27:24.502+0000] {processor.py:830} INFO - Processing file /opt/airflow/dags/dag_with_taskflow_api.py for tasks to queue
[2024-05-24T13:27:24.504+0000] {logging_mixin.py:188} INFO - [2024-05-24T13:27:24.503+0000] {dagbag.py:545} INFO - Filling up the DagBag from /opt/airflow/dags/dag_with_taskflow_api.py
[2024-05-24T13:27:24.516+0000] {processor.py:840} INFO - DAG(s) 'dag_with_taskflow_api_v02' retrieved from /opt/airflow/dags/dag_with_taskflow_api.py
[2024-05-24T13:27:24.557+0000] {logging_mixin.py:188} INFO - [2024-05-24T13:27:24.557+0000] {dag.py:3096} INFO - Sync 1 DAGs
[2024-05-24T13:27:24.584+0000] {logging_mixin.py:188} INFO - [2024-05-24T13:27:24.584+0000] {dag.py:3954} INFO - Setting next_dagrun for dag_with_taskflow_api_v02 to 2021-10-26 00:00:00+00:00, run_after=2021-10-27 00:00:00+00:00
[2024-05-24T13:27:24.609+0000] {processor.py:183} INFO - Processing /opt/airflow/dags/dag_with_taskflow_api.py took 0.118 seconds
[2024-05-24T13:27:54.845+0000] {processor.py:161} INFO - Started process (PID=5577) to work on /opt/airflow/dags/dag_with_taskflow_api.py
[2024-05-24T13:27:54.847+0000] {processor.py:830} INFO - Processing file /opt/airflow/dags/dag_with_taskflow_api.py for tasks to queue
[2024-05-24T13:27:54.849+0000] {logging_mixin.py:188} INFO - [2024-05-24T13:27:54.848+0000] {dagbag.py:545} INFO - Filling up the DagBag from /opt/airflow/dags/dag_with_taskflow_api.py
[2024-05-24T13:27:54.862+0000] {processor.py:840} INFO - DAG(s) 'dag_with_taskflow_api_v02' retrieved from /opt/airflow/dags/dag_with_taskflow_api.py
[2024-05-24T13:27:54.905+0000] {logging_mixin.py:188} INFO - [2024-05-24T13:27:54.905+0000] {dag.py:3096} INFO - Sync 1 DAGs
[2024-05-24T13:27:54.938+0000] {logging_mixin.py:188} INFO - [2024-05-24T13:27:54.937+0000] {dag.py:3954} INFO - Setting next_dagrun for dag_with_taskflow_api_v02 to 2021-10-26 00:00:00+00:00, run_after=2021-10-27 00:00:00+00:00
[2024-05-24T13:27:54.962+0000] {processor.py:183} INFO - Processing /opt/airflow/dags/dag_with_taskflow_api.py took 0.126 seconds
[2024-05-24T13:28:25.184+0000] {processor.py:161} INFO - Started process (PID=5598) to work on /opt/airflow/dags/dag_with_taskflow_api.py
[2024-05-24T13:28:25.187+0000] {processor.py:830} INFO - Processing file /opt/airflow/dags/dag_with_taskflow_api.py for tasks to queue
[2024-05-24T13:28:25.188+0000] {logging_mixin.py:188} INFO - [2024-05-24T13:28:25.188+0000] {dagbag.py:545} INFO - Filling up the DagBag from /opt/airflow/dags/dag_with_taskflow_api.py
[2024-05-24T13:28:25.200+0000] {processor.py:840} INFO - DAG(s) 'dag_with_taskflow_api_v02' retrieved from /opt/airflow/dags/dag_with_taskflow_api.py
[2024-05-24T13:28:25.242+0000] {logging_mixin.py:188} INFO - [2024-05-24T13:28:25.241+0000] {dag.py:3096} INFO - Sync 1 DAGs
[2024-05-24T13:28:25.271+0000] {logging_mixin.py:188} INFO - [2024-05-24T13:28:25.270+0000] {dag.py:3954} INFO - Setting next_dagrun for dag_with_taskflow_api_v02 to 2021-10-26 00:00:00+00:00, run_after=2021-10-27 00:00:00+00:00
[2024-05-24T13:28:25.296+0000] {processor.py:183} INFO - Processing /opt/airflow/dags/dag_with_taskflow_api.py took 0.121 seconds
[2024-05-24T13:28:55.522+0000] {processor.py:161} INFO - Started process (PID=5619) to work on /opt/airflow/dags/dag_with_taskflow_api.py
[2024-05-24T13:28:55.524+0000] {processor.py:830} INFO - Processing file /opt/airflow/dags/dag_with_taskflow_api.py for tasks to queue
[2024-05-24T13:28:55.525+0000] {logging_mixin.py:188} INFO - [2024-05-24T13:28:55.525+0000] {dagbag.py:545} INFO - Filling up the DagBag from /opt/airflow/dags/dag_with_taskflow_api.py
[2024-05-24T13:28:55.538+0000] {processor.py:840} INFO - DAG(s) 'dag_with_taskflow_api_v02' retrieved from /opt/airflow/dags/dag_with_taskflow_api.py
[2024-05-24T13:28:55.577+0000] {logging_mixin.py:188} INFO - [2024-05-24T13:28:55.577+0000] {dag.py:3096} INFO - Sync 1 DAGs
[2024-05-24T13:28:55.607+0000] {logging_mixin.py:188} INFO - [2024-05-24T13:28:55.607+0000] {dag.py:3954} INFO - Setting next_dagrun for dag_with_taskflow_api_v02 to 2021-10-26 00:00:00+00:00, run_after=2021-10-27 00:00:00+00:00
[2024-05-24T13:28:55.631+0000] {processor.py:183} INFO - Processing /opt/airflow/dags/dag_with_taskflow_api.py took 0.118 seconds
[2024-05-24T13:29:25.910+0000] {processor.py:161} INFO - Started process (PID=5640) to work on /opt/airflow/dags/dag_with_taskflow_api.py
[2024-05-24T13:29:25.911+0000] {processor.py:830} INFO - Processing file /opt/airflow/dags/dag_with_taskflow_api.py for tasks to queue
[2024-05-24T13:29:25.913+0000] {logging_mixin.py:188} INFO - [2024-05-24T13:29:25.912+0000] {dagbag.py:545} INFO - Filling up the DagBag from /opt/airflow/dags/dag_with_taskflow_api.py
[2024-05-24T13:29:25.925+0000] {processor.py:840} INFO - DAG(s) 'dag_with_taskflow_api_v02' retrieved from /opt/airflow/dags/dag_with_taskflow_api.py
[2024-05-24T13:29:25.965+0000] {logging_mixin.py:188} INFO - [2024-05-24T13:29:25.965+0000] {dag.py:3096} INFO - Sync 1 DAGs
[2024-05-24T13:29:25.994+0000] {logging_mixin.py:188} INFO - [2024-05-24T13:29:25.994+0000] {dag.py:3954} INFO - Setting next_dagrun for dag_with_taskflow_api_v02 to 2021-10-26 00:00:00+00:00, run_after=2021-10-27 00:00:00+00:00
[2024-05-24T13:29:26.017+0000] {processor.py:183} INFO - Processing /opt/airflow/dags/dag_with_taskflow_api.py took 0.116 seconds
[2024-05-24T13:29:56.418+0000] {processor.py:161} INFO - Started process (PID=5661) to work on /opt/airflow/dags/dag_with_taskflow_api.py
[2024-05-24T13:29:56.420+0000] {processor.py:830} INFO - Processing file /opt/airflow/dags/dag_with_taskflow_api.py for tasks to queue
[2024-05-24T13:29:56.421+0000] {logging_mixin.py:188} INFO - [2024-05-24T13:29:56.420+0000] {dagbag.py:545} INFO - Filling up the DagBag from /opt/airflow/dags/dag_with_taskflow_api.py
[2024-05-24T13:29:56.433+0000] {processor.py:840} INFO - DAG(s) 'dag_with_taskflow_api_v02' retrieved from /opt/airflow/dags/dag_with_taskflow_api.py
[2024-05-24T13:29:56.472+0000] {logging_mixin.py:188} INFO - [2024-05-24T13:29:56.472+0000] {dag.py:3096} INFO - Sync 1 DAGs
[2024-05-24T13:29:56.505+0000] {logging_mixin.py:188} INFO - [2024-05-24T13:29:56.505+0000] {dag.py:3954} INFO - Setting next_dagrun for dag_with_taskflow_api_v02 to 2021-10-26 00:00:00+00:00, run_after=2021-10-27 00:00:00+00:00
[2024-05-24T13:29:56.530+0000] {processor.py:183} INFO - Processing /opt/airflow/dags/dag_with_taskflow_api.py took 0.120 seconds
